-----Simulation Parameters-----
Iteration Length: 200
Iteration Qty: 1000.0
Learning Rate: 0.1
Discount Factor: 0.9
Decay: 0.15
Max View Distance: 10.0

-----SIMULATION STEPS------
Steps | Exploration Rate | QMatrix Size | Crashes | Victories | Distance Moved | Speed
1 99.85 0 0 0 0.62164116 0.015563965
2 99.7 0 0 0 0.93475723 0.04667282
3 99.549995 0 0 0 1.8692017 0.031108856
4 99.399994 0 0 0 2.4909973 0.031108856
5 99.24999 0 0 0 3.1128027 0.03206743
6 99.09999 0 0 0 3.7536192 0.046672918
7 98.94999 0 0 0 4.68822 0.046672918
8 98.79999 0 0 0 5.622821 0.046672918
9 98.64999 0 0 0 6.5572743 0.03198462
10 98.499985 0 0 0 7.1964664 0.031879805
11 98.34998 0 0 0 7.8344526 0.015572961
12 98.19998 0 0 0 8.1479225 0.031776138
13 98.04998 0 0 0 8.781374 0.03166943
14 97.89998 0 0 0 9.414362 0.046637733
15 97.74998 0 0 0 10.348806 0.031108785
16 97.599976 0 0 0 10.9704485 0.015629206
17 97.449974 0 0 0 11.285161 0.015625294
18 97.29997 0 0 0 11.600032 0.031572264
19 97.14997 0 0 0 12.231512 0.046620112
20 96.99997 0 0 0 13.162298 0.046620376
21 96.84997 1 1 0 14.0962 0.03206743
22 96.69997 1 1 0 14.737216 0.04667288
23 96.549965 1 1 0 15.671506 0.01556594
24 96.39996 1 1 0 15.984475 0.031989153
25 96.24996 1 1 0 16.62518 0.015572483
26 96.09996 1 1 0 16.938173 0.03447866
27 95.94996 1 1 0 17.625393 0.03111686
28 95.79996 1 1 0 18.247194 0.031736154
29 95.649956 1 1 0 18.880274 0.015602123
30 95.499954 1 1 0 19.19339 0.04665581
31 95.34995 1 1 0 20.12799 0.04665581
32 95.19995 1 1 0 21.062435 0.031103259
33 95.04995 1 1 0 21.684237 0.031615555
34 94.89995 2 1 0 22.317316 0.015637305
35 94.74995 3 1 0 22.630281 0.031537395
36 94.599945 3 1 0 23.263361 0.015670944
37 94.44994 3 1 0 23.576475 0.04663918
38 94.29994 3 1 0 24.506952 0.015670944
39 94.14994 3 1 0 24.819916 0.03144158
40 93.99994 3 1 0 25.446932 0.031312816
41 93.84994 3 1 0 26.072489 0.033152353
42 93.699936 3 1 0 26.732525 0.031102097
43 93.549934 3 1 0 27.350357 0.015921745
44 93.39993 3 1 0 27.670942 0.030970478
45 93.24993 3 1 0 28.289839 0.046518713
46 93.09993 3 1 0 29.220625 0.046520323
47 92.94993 3 1 0 30.151257 0.031100264
48 92.79993 3 1 0 30.773066 0.032220043
49 92.649925 3 1 0 31.413717 0.016315635
50 92.49992 3 1 0 31.741781 0.01623762
51 92.34992 3 1 0 32.069843 0.0161995
52 92.19992 3 1 0 32.398052 0.031121595
53 92.04992 4 1 0 33.01603 0.030580455
54 91.89992 4 1 0 33.62638 0.030364612
55 91.749916 4 1 0 34.23674 0.031105224
56 91.599915 4 1 0 34.8622 0.016515216
57 91.44991 5 1 0 35.19271 0.031113066
58 91.29991 5 1 0 35.818314 0.030260071
59 91.14991 6 1 0 36.42564 0.016654385
60 90.99991 6 1 0 36.75513 0.046351273
61 90.84991 7 1 0 37.678066 0.023708887
62 90.699905 7 1 0 38.152107 0.03112221
63 90.549904 7 1 0 38.777866 0.0463156
64 90.3999 7 1 2 39.707222 0.031108879
65 90.2499 7 1 2 40.33284 0.032058194
66 90.0999 7 1 2 40.973545 0.015567342
67 89.9499 7 1 2 41.286514 0.031957056
68 89.7999 7 1 2 41.92722 0.015556869
69 89.649895 7 1 2 42.24019 0.031879805
70 89.49989 7 1 2 42.881207 0.046654742
71 89.34989 7 1 2 43.81947 0.031776138
72 89.19989 7 1 2 44.45255 0.015594251
73 89.04989 7 1 2 44.76551 0.031119168
74 88.89989 8 1 2 45.391277 0.046655465
75 88.749886 9 1 2 46.329536 0.031119667
76 88.599884 9 1 2 46.955303 0.046655633
77 88.44988 9 1 2 47.893566 0.031646643
78 88.29988 9 1 2 48.526802 0.03110946
79 88.14988 9 1 2 49.152416 0.031533364
80 87.99988 9 1 2 49.785656 0.031403374
81 87.84988 9 1 2 50.41891 0.03327722
82 87.699875 10 1 2 51.080647 0.046552908
83 87.54987 10 1 2 52.011127 0.01591753
84 87.39987 10 1 2 52.33171 0.030973868
85 87.24987 10 1 2 52.94969 0.03080179
86 87.09987 10 1 2 53.567673 0.031112505
87 86.94987 10 1 2 54.185654 0.031112505
88 86.799866 10 1 2 54.80363 0.030633023
89 86.649864 10 1 2 55.413914 0.02355977
90 86.49986 10 1 2 55.886936 0.023543203
91 86.34986 10 1 2 56.360027 0.030522376
92 86.19986 10 1 2 56.97038 0.030305631
93 86.04986 10 1 2 57.580727 0.030054877
94 85.89986 10 1 2 58.18087 0.031117503
95 85.749855 10 1 2 58.806465 0.029806806
96 85.59985 10 1 2 59.400837 0.031127725
97 85.44985 10 1 2 60.018745 0.023868484
98 85.29985 10 1 2 60.491844 0.031094087
99 85.14985 10 1 2 61.117455 0.031128777
100 84.99985 10 1 2 61.74292 0.017020615
101 84.849846 10 1 4 62.06891 0.04667286
102 84.699844 10 1 4 62.999695 0.04667286
103 84.54984 10 1 4 63.930363 0.03477651
104 84.39984 11 1 4 64.62643 0.015571267
105 84.24984 11 1 4 64.94686 0.015570695
106 84.09984 11 1 4 65.26745 0.031110354
107 83.94984 11 1 4 65.89307 0.031920567
108 83.799835 11 1 4 66.53393 0.031112809
109 83.64983 11 1 4 67.15946 0.023334857
110 83.49983 11 2 4 67.633644 0.04667282
111 83.34983 12 2 4 68.56428 0.031108856
112 83.19983 13 2 4 69.18989 0.031108856
113 83.04983 13 2 4 69.8155 0.031108856
114 82.899826 13 2 4 70.44126 0.04667282
115 82.749825 14 2 4 71.3719 0.03206743
116 82.59982 14 2 4 72.0128 0.034947295
117 82.44982 14 2 4 72.71467 0.031109564
118 82.29982 14 2 4 73.34028 0.031109564
119 82.14982 14 2 4 73.96604 0.046673816
120 81.99982 14 2 4 74.89668 0.032058824
121 81.849815 14 2 4 75.537384 0.015563976
122 81.699814 14 2 4 75.84273 0.032062806
123 81.54981 14 2 4 76.48374 0.04667296
124 81.39981 14 2 4 77.41438 0.031952552
125 81.24981 14 2 4 78.0554 0.046654407
126 81.09981 14 2 4 78.98606 0.03430913
127 80.94981 14 2 4 79.672676 0.031545494
128 80.799805 14 2 4 80.29829 0.031415068
129 80.6498 14 2 4 80.92405 0.04662248
130 80.4998 14 2 4 81.85468 0.031096965
131 80.3498 15 2 4 82.48029 0.031096965
132 80.1998 15 2 4 83.1059 0.031234173
133 80.0498 15 2 4 83.73167 0.046588425
134 79.899796 15 2 4 84.66235 0.036603704
135 79.749794 15 2 4 85.3944 0.035947934
136 79.59979 15 2 4 86.11137 0.015584567
137 79.44979 15 2 4 86.43195 0.031093739
138 79.29979 15 2 4 87.0576 0.03523023
139 79.14979 15 2 4 87.759315 0.015565648
140 78.99979 15 2 4 88.07975 0.015565648
141 78.849785 15 2 4 88.400345 0.03208451
142 78.69978 15 2 4 89.04121 0.031128077
143 78.54978 15 2 4 89.66697 0.046653785
144 78.39978 15 2 4 90.59764 0.03487892
145 78.24978 15 2 4 91.29176 0.015539356
146 78.09978 15 2 4 91.61239 0.03478186
147 77.949776 15 2 4 92.29929 0.034769055
148 77.799774 15 2 6 93.00786 0.015564257
149 77.64977 15 2 6 93.313194 0.031109441
150 77.49977 15 2 6 93.93884 0.034785625
151 77.34977 15 2 6 94.64072 0.032075875
152 77.19977 15 2 6 95.28162 0.034787048
153 77.04977 15 2 6 95.98042 0.031115616
154 76.899765 15 2 6 96.60603 0.031115616
155 76.74976 15 2 6 97.2318 0.046663888
156 76.59976 15 2 6 98.16243 0.031115616
157 76.44976 15 2 6 98.78804 0.031115616
158 76.29976 15 2 6 99.41369 0.034784228
159 76.14976 15 2 6 100.11351 0.032065526
160 75.999756 15 2 6 100.754524 0.046670217
161 75.849754 15 2 6 101.68531 0.046670217
162 75.69975 15 2 6 102.615944 0.031119667
163 75.54975 15 2 6 103.24171 0.046670217
164 75.39975 16 3 6 104.173935 0.015563965
165 75.24975 16 3 6 104.47927 0.031108856
166 75.09975 16 3 6 105.10489 0.032062806
167 74.949745 16 3 6 105.74575 0.03110933
168 74.79974 16 3 6 106.37137 0.03198462
169 74.64974 16 3 6 107.01208 0.015573124
170 74.49974 16 3 6 107.332664 0.03111075
171 74.34974 16 3 6 107.95831 0.035092913
172 74.19974 16 3 6 108.66018 0.031108879
173 74.049736 16 3 6 109.28563 0.015563976
174 73.899734 16 3 6 109.591 0.03478504
175 73.74973 16 3 6 110.2839 0.031111948
176 73.59973 16 3 6 110.909355 0.015546576
177 73.44973 17 3 6 111.22998 0.03478866
178 73.29973 17 3 6 111.92141 0.023335887
179 73.14973 17 3 6 112.39443 0.023336424
180 72.999725 17 3 6 112.867455 0.023336424
181 72.849724 17 3 6 113.34048 0.023336424
182 72.69972 17 3 6 113.81342 0.01555108
183 72.54972 17 3 6 114.13416 0.046672847
184 72.39972 17 3 6 115.0648 0.031102704
185 72.24972 17 3 6 115.690254 0.01555108
186 72.09972 18 4 6 116.011086 0.031108856
187 71.949715 18 4 6 116.636696 0.031108856
188 71.79971 18 4 6 117.26246 0.04667282
189 71.64971 18 4 6 118.19293 0.015563965
190 71.49971 18 4 6 118.498276 0.03206743
191 71.34971 18 4 6 119.13914 0.03110933
192 71.19971 18 4 6 119.7649 0.046672918
193 71.049706 18 4 6 120.69554 0.03198462
194 70.899704 18 4 6 121.33625 0.015555419
195 70.7497 18 4 6 121.656845 0.031884227
196 70.5997 18 4 6 122.29771 0.031114118
197 70.4497 18 4 6 122.923325 0.03178477
198 70.2997 18 4 6 123.564186 0.031118684
199 70.1497 18 4 6 124.18972 0.023347147
200 69.999695 18 5 6 124.66469 0.023326874
201 69.84969 18 5 6 125.12254 0.03206743
202 69.69969 18 5 6 125.76356 0.04667288
203 69.54969 18 5 6 126.69419 0.03110933
204 69.39969 18 5 6 127.31981 0.031989153
205 69.24969 18 5 6 127.96067 0.03111075
206 69.099686 18 5 6 128.57199 0.03188866
207 68.949684 18 5 6 129.21286 0.031807672
208 68.79968 18 5 6 129.85371 0.031117298
209 68.64968 18 6 6 130.46396 0.015563965
210 68.49968 18 6 6 130.76921 0.023326874
211 68.34968 18 6 6 131.22697 0.023326874
212 68.19968 18 6 6 131.68466 0.015563965
213 68.049675 18 6 6 131.98999 0.031108856
214 67.89967 18 6 6 132.60039 0.034785025
215 67.74967 18 6 6 133.30226 0.03206021
216 67.59967 18 6 6 133.94328 0.046673585
217 67.44967 18 6 6 134.889 0.015564257
218 67.29967 18 6 6 135.19438 0.034785625
219 67.149666 18 6 6 135.89626 0.032063734
220 66.999664 18 6 6 136.53728 0.0466761
221 66.84966 18 6 6 137.4832 0.034787532
222 66.69966 18 6 6 138.18498 0.023334365
223 66.54966 18 6 6 138.64267 0.015550051
224 66.39966 18 6 6 138.948 0.031119168
225 66.24966 18 6 6 139.55827 0.023334365
226 66.099655 18 6 6 140.01604 0.023334857
227 65.94965 18 6 6 140.4738 0.023334857
228 65.79965 18 6 6 140.93156 0.023334857
229 65.64965 18 6 6 141.38933 0.023334857
230 65.49965 18 6 6 141.84709 0.023334857
231 65.34965 18 6 6 142.30495 0.03206899
232 65.199646 18 6 6 142.94582 0.031094369
233 65.049644 18 7 6 143.58775 0.031108856
234 64.89964 18 7 6 144.19815 0.034785025
235 64.74964 18 7 6 144.90002 0.032073833
236 64.59964 18 7 6 145.54092 0.034776952
237 64.44964 18 7 6 146.24283 0.03478105
238 64.29964 18 7 6 146.94461 0.023335887
239 64.149635 18 7 6 147.40247 0.032065984
240 63.999634 18 7 6 148.04324 0.023332557
241 63.849632 18 7 6 148.50108 0.031116432
242 63.69963 18 7 6 149.11128 0.015548682
243 63.54963 18 7 6 149.41653 0.023332557
244 63.399628 18 7 6 149.87439 0.032070313
245 63.249626 18 7 6 150.51509 0.015546576
246 63.099625 18 7 6 150.82042 0.031112509
247 62.949623 18 7 6 151.4307 0.023329688
248 62.79962 18 7 6 151.88846 0.023329688
249 62.64962 18 7 6 152.34622 0.023329688
250 62.49962 18 8 6 152.80783 0.04667282
251 62.349617 18 8 6 153.75388 0.04667282
252 62.199615 18 8 6 154.69992 0.04667282
253 62.049614 18 8 6 155.64597 0.04667282
254 61.899612 18 8 6 156.59189 0.034776494
255 61.74961 18 8 6 157.29376 0.0320699
256 61.59961 18 8 6 157.93463 0.0320773
257 61.449608 18 8 6 158.57565 0.04667282
258 61.299606 18 9 6 159.52682 0.031108856
259 61.149605 18 9 6 160.13722 0.034785025
260 60.999603 18 9 6 160.83913 0.034787048
261 60.8496 18 9 6 161.54083 0.015548682
262 60.6996 18 9 6 161.84618 0.03207534
263 60.5496 18 9 6 162.48708 0.03478105
264 60.399597 18 9 6 163.1891 0.046672307
265 60.249596 18 9 6 164.13515 0.046672307
266 60.099594 18 9 6 165.08087 0.01555108
267 59.949593 18 9 6 165.38625 0.034781322
268 59.79959 18 9 6 166.0881 0.031116037
269 59.64959 18 9 6 166.69846 0.031116037
270 59.499588 18 9 6 167.30882 0.03207179
271 59.349586 18 9 6 167.94984 0.046661537
272 59.199585 18 9 6 168.89574 0.032062892
273 59.049583 18 9 6 169.53676 0.046669714
274 58.899582 18 9 6 170.4828 0.046670217
275 58.74958 19 9 6 171.42853 0.01556962
276 58.59958 20 10 6 171.7344 0.03206743
277 58.449577 20 10 6 172.3753 0.03492168
278 58.299576 20 10 6 173.07721 0.034785625
279 58.149574 20 10 6 173.77908 0.032067295
280 57.999573 20 10 6 174.41998 0.034778707
281 57.84957 20 10 6 175.12201 0.046665538
282 57.69957 20 10 6 176.06789 0.03111686
283 57.54957 20 10 6 176.6784 0.046665538
284 57.399567 20 10 6 177.6243 0.03207534
285 57.249565 20 10 6 178.26515 0.031112809
286 57.099564 20 10 6 178.87567 0.046659674
287 56.949562 20 10 6 179.82156 0.032062363
288 56.79956 20 11 6 180.4636 0.032058194
289 56.64956 20 11 6 181.1043 0.015566956
290 56.499557 20 11 6 181.40962 0.031109441
291 56.349556 20 11 6 182.01982 0.015566595
292 56.199554 20 11 6 182.32515 0.031109441
293 56.049553 20 11 6 182.93535 0.015566595
294 55.89955 20 11 6 183.24068 0.031109441
295 55.74955 20 11 6 183.8512 0.046672918
296 55.59955 20 11 6 184.79707 0.031109441
297 55.449547 20 11 6 185.4076 0.046672918
298 55.299545 20 12 6 186.35545 0.031108856
299 55.149544 20 12 6 186.9658 0.031108856
300 54.999542 20 12 6 187.57617 0.03206743
301 54.84954 20 12 6 188.21704 0.031989153
302 54.69954 20 12 6 188.85806 0.046673138
303 54.549538 20 12 6 189.80399 0.035092913
304 54.399536 20 12 6 190.50584 0.031108864
305 54.249535 20 12 6 191.11604 0.015563965
306 54.099533 20 12 6 191.42139 0.032072064
307 53.94953 20 12 6 192.06224 0.03110933
308 53.79953 20 12 6 192.6726 0.03198462
309 53.64953 20 12 6 193.31346 0.031111194
310 53.499527 20 12 6 193.92381 0.031111194
311 53.349525 20 12 6 194.53401 0.015556132
312 53.199524 20 12 6 194.83934 0.031111194
313 53.049522 20 12 6 195.44969 0.031111194
314 52.89952 20 12 6 196.06004 0.031111194
315 52.74952 20 12 6 196.67041 0.031884227
316 52.599518 20 12 6 197.31126 0.031115225
317 52.449516 20 12 6 197.92178 0.046654873
318 52.299515 20 13 6 198.86812 0.034785025
319 52.149513 20 13 6 199.56999 0.032073833
320 51.99951 20 13 6 200.21101 0.046673384
321 51.84951 20 13 6 201.1569 0.03206784
322 51.69951 20 13 6 201.7976 0.015564011
323 51.549507 20 13 6 202.10295 0.032062806
324 51.399506 20 13 6 202.7438 0.031109564
325 51.249504 20 13 6 203.35408 0.023328401
326 51.099503 20 13 6 203.81192 0.031109564
327 50.9495 20 13 6 204.42244 0.04667296
328 50.7995 20 13 6 205.36833 0.031957056
329 50.649498 20 13 6 206.00911 0.023332985
330 50.499496 20 14 6 206.47014 0.034776494
331 50.349495 20 14 6 207.17204 0.034787048
332 50.199493 20 14 6 207.87395 0.034784228
333 50.04949 20 14 6 208.57585 0.034794442
334 49.89949 20 14 6 209.27776 0.034783684
335 49.74949 20 14 6 209.97966 0.03478636
336 49.599487 20 14 6 210.68156 0.034774795
337 49.449486 20 14 6 211.38342 0.031104995
338 49.299484 21 14 6 211.99377 0.031104995
339 49.149483 21 14 6 212.60405 0.023338132
340 48.99948 21 15 6 213.06259 0.031108856
341 48.84948 21 15 6 213.67294 0.031108856
342 48.69948 21 15 6 214.2833 0.031108856
343 48.549477 21 15 6 214.89381 0.04667282
344 48.399475 22 15 6 215.8397 0.03206743
345 48.249474 22 15 6 216.48058 0.03198462
346 48.099472 22 15 6 217.12143 0.031110968
347 47.94947 22 15 6 217.73183 0.03511856
348 47.79947 22 15 6 218.43373 0.03478504
349 47.649467 22 15 6 219.13564 0.034779772
350 47.499466 22 15 6 219.83754 0.034780167
351 47.349464 22 15 6 220.53941 0.032061037
352 47.199463 22 15 6 221.18044 0.046660256
353 47.04946 22 15 6 222.12636 0.0347785
354 46.89946 22 15 6 222.82826 0.034774058
355 46.74946 22 15 6 223.53017 0.03478755
356 46.599457 22 15 6 224.2322 0.046667162
357 46.449455 22 15 6 225.17809 0.03207598
358 46.299454 22 15 6 225.8191 0.046656135
359 46.149452 22 15 6 226.76483 0.01556518
360 45.99945 22 15 6 227.07033 0.046656135
361 45.84945 22 15 6 228.01622 0.032064386
362 45.699448 22 15 6 228.65724 0.046662915
363 45.549446 22 15 6 229.60312 0.031108996
364 45.399445 22 15 6 230.21332 0.015553922
365 45.249443 22 15 6 230.5185 0.015553922
366 45.09944 22 15 6 230.82387 0.03478969
367 44.94944 22 15 6 231.52557 0.015545114
368 44.79944 22 15 6 231.83092 0.032065112
369 44.649437 22 15 6 232.47182 0.034790225
370 44.499435 22 15 6 233.17372 0.034771964
371 44.349434 22 15 6 233.87563 0.034792215
372 44.199432 22 15 6 234.57753 0.034791443
373 44.04943 22 15 6 235.27956 0.04667918
374 43.89943 22 15 6 236.22548 0.034800414
375 43.749428 22 15 6 236.91693 0.034794077
376 43.599426 22 15 6 237.60258 0.015573124
377 43.449425 22 15 6 237.90796 0.03478504
378 43.299423 22 15 8 238.60556 0.031108856
379 43.14942 22 15 8 239.21591 0.031108856
380 42.99942 22 15 8 239.82631 0.034776494
381 42.84942 22 15 8 240.52834 0.0466761
382 42.699417 22 15 8 241.47438 0.0466761
383 42.549416 22 15 8 242.4203 0.034787532
384 42.399414 22 15 8 243.12221 0.034787163
385 42.249413 22 15 8 243.82407 0.031112995
386 42.09941 22 15 8 244.43446 0.034793746
387 41.94941 22 16 8 245.13329 0.03483621
388 41.799408 22 16 8 245.83519 0.03477785
389 41.649406 22 16 8 246.5371 0.034791548
390 41.499405 22 16 8 247.2388 0.015552203
391 41.349403 22 16 8 247.54417 0.034775782
392 41.1994 22 16 8 248.24608 0.034789667
393 41.0494 22 16 8 248.94795 0.03206827
394 40.8994 22 16 8 249.58885 0.034786742
395 40.749397 22 16 8 250.29088 0.046657257
396 40.599396 22 17 8 251.23776 0.015563965
397 40.449394 22 17 8 251.5431 0.03206743
398 40.299393 22 17 8 252.18398 0.031989153
399 40.14939 22 17 8 252.82475 0.023330647
400 39.99939 22 17 8 253.28252 0.023330647
401 39.84939 22 17 8 253.7402 0.015571863
402 39.699387 22 17 8 254.04538 0.015571267
403 39.549385 22 17 8 254.35063 0.023330312
404 39.399384 22 17 8 254.8084 0.023329994
405 39.249382 22 17 8 255.26624 0.031110354
406 39.09938 22 17 8 255.87651 0.023329994
407 38.94938 22 17 8 256.35657 0.023329994
408 38.799377 22 17 8 256.84485 0.023329688
409 38.649376 22 17 8 257.33313 0.023329688
410 38.499374 22 17 8 257.82132 0.015570146
411 38.349373 22 17 8 258.1266 0.0233294
412 38.19937 22 17 8 258.61493 0.031925038
413 38.04937 22 17 8 259.22534 0.03522154
414 37.89937 22 17 8 259.9135 0.031108879
415 37.749367 22 17 8 260.52402 0.046672825
416 37.599365 22 17 8 261.43942 0.03481916
417 37.449364 22 17 8 262.1108 0.03478866
418 37.299362 22 17 8 262.7822 0.034785103
419 37.14936 22 17 8 263.45358 0.034774058
420 36.99936 22 17 8 264.1251 0.046679832
421 36.849358 22 17 8 265.0405 0.03479309
422 36.699356 22 17 8 265.71188 0.034797195
423 36.549355 22 18 8 266.3862 0.023327816
424 36.399353 22 18 8 266.87448 0.023327816
425 36.24935 22 18 8 267.36298 0.04667288
426 36.09935 22 18 8 268.2783 0.023327816
427 35.94935 22 18 8 268.76657 0.023327816
428 35.799347 22 18 8 269.25485 0.023327816
429 35.649345 22 18 8 269.74323 0.03492168
430 35.499344 22 18 8 270.41473 0.046673816
431 35.349342 22 18 8 271.33014 0.0347772
432 35.19934 22 18 8 272.00153 0.03477433
433 35.04934 22 18 8 272.67273 0.015552799
434 34.899338 22 18 8 272.9781 0.034777116
435 34.749336 22 18 8 273.64948 0.03477858
436 34.599335 22 18 8 274.32086 0.034777116
437 34.449333 22 18 8 274.99225 0.034787886
438 34.29933 22 18 8 275.66376 0.046657793
439 34.14933 22 18 8 276.57907 0.023338132
440 33.99933 22 19 8 277.07065 0.03206743
441 33.849327 22 19 8 277.7008 0.01556594
442 33.699326 22 19 8 278.00613 0.03110923
443 33.549324 22 19 8 278.61652 0.03492168
444 33.399323 22 19 8 279.2879 0.034785625
445 33.24932 22 19 8 279.9591 0.015547184
446 33.09932 22 19 8 280.26447 0.034781765
447 32.949318 22 19 8 280.93585 0.034791805
448 32.799316 22 19 8 281.6072 0.031116826
449 32.649315 22 19 8 282.21756 0.031116826
450 32.499313 22 19 8 282.82794 0.034789667
451 32.34931 22 19 8 283.49933 0.034782283
452 32.19931 22 20 8 284.17282 0.035049997
453 32.04931 22 20 8 284.84412 0.023326881
454 31.89931 22 20 8 285.3326 0.04667286
455 31.74931 22 20 8 286.24792 0.023326904
456 31.59931 22 20 8 286.7361 0.015563976
457 31.44931 22 20 8 287.0416 0.04667286
458 31.29931 22 20 8 287.9569 0.023326904
459 31.149311 22 20 8 288.44525 0.031108879
460 30.999311 22 20 8 289.05554 0.023326904
461 30.849312 22 20 8 289.54388 0.031108879
462 30.699312 22 20 8 290.15417 0.023326904
463 30.549313 22 20 8 290.64267 0.04667288
464 30.399313 22 20 8 291.5579 0.015563976
465 30.249313 22 20 8 291.86316 0.023326904
466 30.099314 22 20 8 292.35144 0.023326904
467 29.949314 22 20 8 292.83972 0.023326904
468 29.799314 22 20 8 293.32806 0.03110891
469 29.649315 22 20 8 293.93826 0.015563976
470 29.499315 22 20 8 294.24374 0.04667288
471 29.349316 22 20 8 295.15912 0.03110891
472 29.199316 22 20 8 295.76962 0.046653844
473 29.049316 22 20 8 296.68494 0.023346016
474 28.899317 22 20 8 297.17322 0.023346016
475 28.749317 22 20 8 297.6615 0.023346016
476 28.599318 22 20 8 298.14978 0.023346016
477 28.449318 22 20 8 298.63806 0.023346016
478 28.299318 22 20 8 299.12643 0.032067537
479 28.149319 22 20 8 299.79764 0.015569119
480 27.99932 22 21 8 300.10297 0.023326874
481 27.84932 22 21 8 300.59125 0.023326874
482 27.69932 22 21 8 301.07953 0.023326874
483 27.54932 22 21 8 301.5678 0.023326874
484 27.39932 22 21 8 302.0561 0.023326874
485 27.249321 22 21 8 302.54443 0.031108856
486 27.099321 22 21 8 303.15472 0.023326874
487 26.949322 22 21 8 303.643 0.023326874
488 26.799322 22 21 8 304.1313 0.023326874
489 26.649323 22 21 8 304.61978 0.04667282
490 26.499323 22 21 8 305.5353 0.04667282
491 26.349323 22 21 8 306.45084 0.04667282
492 26.199324 22 21 8 307.36615 0.023326874
493 26.049324 22 21 8 307.85443 0.023326874
494 25.899324 22 21 8 308.3428 0.03206743
495 25.749325 22 21 8 308.9682 0.015567751
496 25.599325 22 21 8 309.27356 0.03498151
497 25.449326 22 21 8 309.94485 0.023327654
498 25.299326 22 21 8 310.43314 0.023327654
499 25.149326 22 22 8 310.9216 0.034785025
500 24.999327 22 22 8 311.593 0.034787048
501 24.849327 22 22 8 312.26434 0.031116018
502 24.699327 22 22 8 312.8747 0.032065295
503 24.549328 22 22 8 313.48508 0.03478931
504 24.399328 22 22 8 314.15646 0.03478938
505 24.249329 22 22 8 314.82785 0.034786217
506 24.099329 22 22 8 315.49924 0.032062545
507 23.94933 22 22 8 316.17062 0.034785945
508 23.79933 22 22 8 316.842 0.03478619
509 23.64933 22 22 8 317.5134 0.03477433
510 23.49933 22 22 8 318.1846 0.015552799
511 23.34933 22 22 8 318.48987 0.023339346
512 23.199331 22 23 8 318.9798 0.034785025
513 23.049332 23 23 8 319.65118 0.03508427
514 22.899332 23 23 8 320.32257 0.034776494
515 22.749332 23 23 8 320.99393 0.03111075
516 22.599333 23 23 8 321.6043 0.034778707
517 22.449333 23 23 8 322.27567 0.03111686
518 22.299334 23 23 8 322.88605 0.034776818
519 22.149334 23 23 8 323.55725 0.015564911
520 21.999334 23 24 8 323.86295 0.034785025
521 21.849335 23 24 8 324.53433 0.034778517
522 21.699335 23 24 8 325.20572 0.034776494
523 21.549335 23 24 8 325.8771 0.03447024
524 21.399336 23 24 8 326.5485 0.034148384
525 21.249336 23 24 8 327.21988 0.03383708
526 21.099337 23 24 8 327.89127 0.03349309
527 20.949337 23 24 8 328.56265 0.033160258
528 20.799337 23 24 8 329.23404 0.032786984
529 20.649338 23 24 8 329.90546 0.036973942
530 20.499338 23 24 8 330.63788 0.036655508
531 20.349339 23 24 8 331.3703 0.036305375
532 20.199339 23 24 8 332.10272 0.035938982
533 20.04934 23 24 8 332.83524 0.04665581
534 19.89934 23 24 8 333.7506 0.031103259
535 19.74934 23 24 8 334.36102 0.035583608
536 19.59934 23 24 8 335.09344 0.035161536
537 19.44934 23 24 8 335.77258 0.03206287
538 19.299341 23 25 8 336.43317 0.03474239
539 19.149342 23 25 8 337.10455 0.03443631
540 18.999342 23 25 8 337.77594 0.03414009
541 18.849342 23 25 8 338.44736 0.035721973
542 18.699343 23 25 8 339.17978 0.035411045
543 18.549343 23 25 8 339.91217 0.035092913
544 18.399343 23 25 8 340.58356 0.034776494
545 18.249344 23 25 8 341.25494 0.034779213
546 18.099344 23 25 8 341.92633 0.034787163
547 17.949345 23 25 8 342.5977 0.032076284
548 17.799345 23 25 8 343.20807 0.034784835
549 17.649345 23 25 8 343.87943 0.032077186
550 17.499346 23 25 8 344.4898 0.034787048
551 17.349346 23 26 8 345.16153 0.046673946
552 17.199347 23 26 8 346.0769 0.031109698
553 17.049347 23 26 8 346.68726 0.031109698
554 16.899347 23 26 8 347.2976 0.031109698
555 16.749348 23 26 8 347.9081 0.046674084
556 16.599348 23 26 8 348.8235 0.031109698
557 16.449348 23 26 8 349.43384 0.031109698
558 16.299349 23 26 8 350.0442 0.031109698
559 16.14935 23 27 8 350.65683 0.031108856
560 15.99935 23 27 8 351.26718 0.031108856
561 15.84935 23 27 8 351.87753 0.031108856
562 15.69935 23 27 8 352.48804 0.04667282
563 15.549351 23 27 8 353.40344 0.034785025
564 15.399351 23 27 8 354.07483 0.034444712
565 15.2493515 23 27 8 354.74603 0.015584206
566 15.099352 23 27 8 355.0514 0.03414009
567 14.949352 23 27 8 355.72278 0.033778116
568 14.799353 23 27 8 356.39417 0.03341834
569 14.649353 23 27 8 357.06555 0.033035584
570 14.499353 23 27 8 357.7369 0.031119682
571 14.349354 23 27 8 358.34726 0.031119682
572 14.199354 23 27 8 358.9576 0.031119682
573 14.049355 23 27 8 359.56796 0.031119682
574 13.899355 23 27 8 360.1783 0.031119682
575 13.749355 23 27 8 360.78867 0.031119682
576 13.599356 23 27 8 361.39902 0.030919481
577 13.449356 23 27 8 362.00937 0.031102775
578 13.299356 23 27 8 362.61972 0.031120198
579 13.149357 23 27 8 363.23 0.023491852
580 12.999357 23 27 8 363.7183 0.023484072
581 12.849358 23 27 8 364.20667 0.032481473
582 12.699358 23 27 8 364.87802 0.03191755
583 12.549358 23 27 8 365.48837 0.031324524
584 12.399359 23 27 8 366.09872 0.030723875
585 12.249359 23 27 8 366.70908 0.030088482
586 12.0993595 23 27 8 367.31943 0.029455077
587 11.94936 23 27 8 367.92975 0.028782997
588 11.79936 23 27 8 368.47906 0.028085506
589 11.649361 23 27 8 369.02838 0.027394233
590 11.499361 23 27 8 369.5777 0.026674364
591 11.349361 23 27 8 370.12698 0.025969075
592 11.199362 23 27 8 370.61526 0.025234532
593 11.049362 23 27 8 371.10355 0.024484534
594 10.899363 23 27 8 371.5919 0.031108717
595 10.749363 23 27 8 372.20218 0.023788521
596 10.599363 23 27 8 372.69046 0.02299466
597 10.449364 23 27 8 373.15155 0.022264896
598 10.299364 23 27 8 373.5788 0.02153052
599 10.149364 23 27 8 374.00604 0.020828325
600 9.999365 23 27 8 374.4333 0.020161541
601 9.849365 23 27 8 374.8605 0.019532228
602 9.699366 23 27 8 375.2267 0.018938974
603 9.549366 23 27 10 375.6512 0.034853313
604 9.399366 23 27 10 376.3226 0.03478603
605 9.249367 23 27 10 376.99396 0.031109003
606 9.099367 23 27 10 377.6043 0.031109003
607 8.949368 23 27 10 378.2145 0.015564538
608 8.799368 23 27 10 378.51984 0.031109003
609 8.649368 23 27 10 379.1302 0.031109003
610 8.499369 23 27 10 379.74054 0.031109003
611 8.349369 23 27 10 380.35092 0.034708306
612 8.199369 23 27 10 381.0223 0.034368504
613 8.04937 23 27 10 381.6937 0.03401346
614 7.8993697 23 27 10 382.36505 0.031114493
615 7.7493696 23 27 10 382.9754 0.031114493
616 7.5993695 23 27 10 383.58575 0.031114493
617 7.4493694 23 27 10 384.1961 0.031114493
618 7.2993693 23 27 10 384.80646 0.031114493
619 7.1493692 23 27 10 385.4168 0.031114493
620 6.999369 23 27 10 386.02716 0.031114493
621 6.849369 23 27 10 386.6375 0.031114493
622 6.699369 23 27 10 387.24786 0.031114493
623 6.549369 23 27 10 387.85815 0.023358949
624 6.399369 23 27 10 388.34644 0.023357693
625 6.2493687 23 28 10 388.83545 0.034785025
626 6.0993686 23 28 10 389.50684 0.034504194
627 5.9493685 23 28 10 390.17825 0.03536784
628 5.7993684 23 28 10 390.91064 0.03505863
629 5.6493683 23 28 10 391.58203 0.034785062
630 5.499368 23 28 10 392.2534 0.031110546
631 5.349368 23 28 10 392.86374 0.031110546
632 5.199368 23 28 10 393.4741 0.031110546
633 5.049368 23 28 10 394.08444 0.031110546
634 4.899368 23 28 10 394.6948 0.031110546
635 4.7493677 23 28 10 395.30515 0.031110546
636 4.5993676 23 28 10 395.9155 0.031110354
637 4.4493675 23 29 10 396.5306 0.034785025
638 4.2993674 23 29 10 397.202 0.03508427
639 4.1493673 23 29 10 397.87338 0.034785025
640 3.9993672 23 29 10 398.54477 0.03508427
641 3.8493671 23 29 10 399.21616 0.034785025
642 3.699367 23 29 10 399.88754 0.03508427
643 3.549367 23 29 10 400.55893 0.03477651
644 3.3993669 23 29 10 401.23032 0.035092913
645 3.2493668 23 29 10 401.9017 0.03477651
646 3.0993667 23 30 10 402.57648 0.034947295
647 2.9493666 23 30 10 403.24786 0.0347854
648 2.7993665 23 30 10 403.91925 0.03478931
649 2.6493664 23 30 10 404.5906 0.031120174
650 2.4993663 23 30 10 405.20096 0.031120174
651 2.3493662 23 30 10 405.8113 0.031120174
652 2.199366 23 30 10 406.42166 0.031120174
653 2.049366 23 30 10 407.032 0.031120174
654 1.899366 23 30 10 407.64236 0.031120174
655 1.749366 23 30 10 408.25272 0.031120174
656 1.5993661 23 30 10 408.86307 0.031120174
657 1.4493661 23 30 10 409.47345 0.03478938
658 1.2993661 23 30 10 410.14484 0.03478009
659 1.1493661 23 30 10 410.81622 0.034787297
660 0.99936616 23 30 10 411.4876 0.034785375
661 0.8493662 23 30 10 412.159 0.034777373
662 0.6993662 23 30 10 412.83038 0.034785375
663 0.54936624 23 30 10 413.50177 0.034776907
664 0.39936623 23 30 10 414.17316 0.03478457
665 0.24936622 23 30 10 414.84454 0.0347924
666 0.09936622 23 30 10 415.51593 0.034777027
667 -0.050633788 23 31 10 416.1881 0.03488749
668 -0.2006338 23 31 10 416.8595 0.0347772
669 -0.3506338 23 31 10 417.53088 0.034781765
670 -0.50063384 23 31 10 418.20227 0.034790568
671 -0.6506338 23 31 10 418.87366 0.034778368
672 -0.8006338 23 31 10 419.54504 0.034788083
673 -0.95063376 23 31 10 420.21643 0.034794442
674 -1.1006337 23 31 10 420.88782 0.03479573
675 -1.2506337 23 31 10 421.55917 0.03111372
676 -1.4006337 23 31 10 422.16953 0.03111372
677 -1.5506337 23 31 10 422.77988 0.03111372
678 -1.7006336 23 31 10 423.39023 0.03111372
679 -1.8506336 23 31 10 424.00052 0.023336198
680 -2.0006337 23 31 10 424.4888 0.023336198
681 -2.1506338 23 31 10 424.97708 0.023336198
682 -2.300634 23 31 10 425.46545 0.03477795
683 -2.450634 24 31 10 426.13684 0.034782577
684 -2.600634 24 31 10 426.80823 0.03478619
685 -2.7506342 24 31 10 427.4796 0.03478147
686 -2.9006343 24 31 10 428.151 0.034785025
687 -3.0506344 24 31 10 428.8224 0.034291986
688 -3.2006345 24 31 10 429.49377 0.03380351
689 -3.3506346 24 31 10 430.16516 0.03328517
690 -3.5006347 24 31 10 430.83655 0.03272112
691 -3.6506348 24 31 10 431.5079 0.032154918
692 -3.8006349 24 31 10 432.11826 0.031545054
693 -3.950635 24 31 10 432.7286 0.03094228
694 -4.100635 24 31 10 433.33896 0.030262189
695 -4.250635 24 31 10 433.9493 0.029619964
696 -4.4006352 24 31 10 434.55963 0.028909296
697 -4.5506353 24 31 10 435.10895 0.028203392
698 -4.7006354 24 31 10 435.65826 0.027498947
699 -4.8506355 24 31 10 436.20755 0.024743546
700 -5.0006356 24 31 10 436.69583 0.024668656
701 -5.1506357 24 31 10 437.1841 0.024596494
702 -5.300636 24 31 10 437.6724 0.024519721
703 -5.450636 24 31 10 438.16068 0.024446117
704 -5.600636 24 31 10 438.64896 0.024404293
705 -5.750636 24 31 10 439.13724 0.02433747
706 -5.900636 24 31 10 439.62552 0.024267381
707 -6.0506363 24 31 10 440.1138 0.024194721
708 -6.2006364 24 31 10 440.60208 0.024126263
709 -6.3506365 24 31 10 441.09036 0.024056256
710 -6.5006366 24 31 10 441.57864 0.023991019
711 -6.6506367 24 31 10 442.06693 0.023925336
712 -6.800637 24 31 12 442.5552 0.023326881
713 -6.950637 24 31 12 443.0435 0.023326881
714 -7.100637 24 31 12 443.53177 0.023326881
715 -7.250637 24 31 12 444.02005 0.023326881
716 -7.400637 24 31 12 444.50833 0.023326881
717 -7.5506372 24 31 12 444.9966 0.023326881
718 -7.7006373 24 31 12 445.485 0.03478504
719 -7.8506374 24 31 12 446.15637 0.034787532
720 -8.000637 24 31 12 446.82776 0.03478613
721 -8.150637 24 31 12 447.49915 0.03478143
722 -8.300636 24 31 12 448.17053 0.03478176
723 -8.450636 24 31 12 448.84192 0.034779627
724 -8.600636 24 31 12 449.5133 0.034789875
725 -8.750635 24 31 12 450.1847 0.03477994
726 -8.900635 24 31 12 450.85608 0.034784228
727 -9.050634 24 31 12 451.52747 0.034789056
728 -9.200634 24 31 12 452.19876 0.023331746
729 -9.350634 24 32 12 452.68906 0.034776494
730 -9.500633 24 32 12 453.36044 0.034787048
731 -9.650633 24 32 12 454.03183 0.034776065
732 -9.800632 24 32 12 454.70322 0.034786467
733 -9.950632 24 32 12 455.37457 0.031120097
734 -10.100632 24 32 12 455.98492 0.031120097
735 -10.250631 24 32 12 456.59528 0.031120097
736 -10.400631 24 32 12 457.20563 0.031120097
737 -10.550631 24 32 12 457.816 0.034793325
738 -10.70063 24 32 12 458.4874 0.034784835
739 -10.85063 24 33 12 459.16208 0.035049997
740 -11.000629 24 33 12 459.83347 0.03478504
741 -11.150629 24 33 12 460.50485 0.034787532
742 -11.300629 24 33 12 461.17624 0.034785736
743 -11.450628 24 33 12 461.84763 0.034779005
744 -11.600628 24 33 12 462.519 0.034785025
745 -11.7506275 24 33 12 463.1904 0.034444712
746 -11.900627 24 33 12 463.8618 0.034106344
747 -12.050627 24 33 12 464.53317 0.033744574
748 -12.200626 24 33 12 465.20456 0.033385016
749 -12.350626 24 33 12 465.87595 0.033002496
750 -12.500626 24 33 12 466.54733 0.032597348
751 -12.650625 24 33 12 467.21875 0.037185807
752 -12.800625 24 33 12 467.95117 0.036814496
753 -12.950624 24 33 12 468.6836 0.036445234
754 -13.100624 24 33 12 469.41602 0.036043283
755 -13.250624 24 33 12 470.14844 0.03561817
756 -13.400623 24 33 12 470.88086 0.035187196
757 -13.550623 24 33 12 471.5603 0.03477662
758 -13.700623 24 33 12 472.2317 0.03480058
759 -13.850622 24 33 12 472.90308 0.034801293
760 -14.000622 24 33 12 473.57446 0.03479991
761 -14.150621 24 34 12 474.2479 0.03463172
762 -14.300621 24 34 12 474.91928 0.034334633
763 -14.450621 24 34 12 475.59067 0.03401346
764 -14.60062 24 34 12 476.26205 0.033711057
765 -14.75062 24 34 12 476.93344 0.033385016
766 -14.9006195 24 34 12 477.60486 0.036436114
767 -15.050619 24 34 12 478.33728 0.03612191
768 -15.200619 24 34 12 479.0697 0.03579126
769 -15.350618 24 34 12 479.80212 0.035462458
770 -15.500618 24 34 12 480.53452 0.03511856
771 -15.650618 24 34 12 481.2059 0.03477653
772 -15.800617 24 34 12 481.8773 0.034780387
773 -15.950617 24 34 12 482.54868 0.034790568
774 -16.100616 24 34 12 483.22003 0.031118438
775 -16.250616 24 34 12 483.8304 0.03479147
776 -16.400616 24 34 12 484.5018 0.034781087
777 -16.550615 24 35 12 485.17764 0.03505863
778 -16.700615 24 35 12 485.84903 0.03478504
779 -16.850615 24 35 12 486.52042 0.034787532
780 -17.000614 24 35 12 487.1918 0.03477701
781 -17.150614 24 35 12 487.8632 0.03477994
782 -17.300613 24 35 12 488.53455 0.031103622
783 -17.450613 24 35 12 489.1449 0.031103622
784 -17.600613 24 35 12 489.75525 0.031103622
785 -17.750612 24 35 12 490.3656 0.031103622
786 -17.900612 24 35 12 490.97598 0.034787886
787 -18.050611 24 35 12 491.64737 0.034795273
788 -18.200611 24 36 12 492.31888 0.03504138
789 -18.35061 24 36 12 492.99026 0.03477653
790 -18.50061 24 36 12 493.66165 0.034779213
791 -18.65061 24 36 12 494.33304 0.03478613
792 -18.80061 24 36 12 495.0044 0.031108785
793 -18.95061 24 36 12 495.61475 0.031108785
794 -19.100609 24 36 12 496.22513 0.034789056
795 -19.250608 24 36 12 496.8965 0.034776818
796 -19.400608 24 36 12 497.5679 0.03478678
797 -19.550608 24 36 12 498.2393 0.034853313
798 -19.700607 24 36 12 498.91068 0.034787048
799 -19.850607 24 36 12 499.58206 0.03477801
800 -20.000607 24 36 12 500.25345 0.03478457
801 -20.150606 24 36 12 500.92484 0.034790296
802 -20.300606 24 36 12 501.5962 0.031102125
803 -20.450605 24 36 12 502.20654 0.031102125
804 -20.600605 24 36 12 502.8169 0.031102125
805 -20.750605 24 36 12 503.42725 0.031102125
806 -20.900604 24 36 12 504.03763 0.034786284
807 -21.050604 24 36 12 504.709 0.034777407
808 -21.200603 24 37 12 505.3811 0.03464867
809 -21.350603 24 37 12 506.0525 0.034351368
810 -21.500603 24 37 12 506.72388 0.03404716
811 -21.650602 24 37 12 507.39526 0.03373644
812 -21.800602 24 37 12 508.06668 0.036103897
813 -21.950602 24 37 12 508.7991 0.03579126
814 -22.100601 24 37 12 509.53152 0.035471234
815 -22.2506 24 37 12 510.26395 0.03515287
816 -22.4006 24 37 12 510.94022 0.034802083
817 -22.5506 24 37 12 511.6116 0.034787532
818 -22.7006 24 37 12 512.3087 0.034779064
819 -22.8506 24 37 12 513.0411 0.031112995
820 -23.000599 24 37 12 513.6514 0.031112995
821 -23.150599 24 37 12 514.26184 0.034777027
822 -23.300598 24 38 12 514.9961 0.0349131
823 -23.450598 24 38 12 515.7285 0.034785625
824 -23.600597 24 38 12 516.46094 0.034772802
825 -23.750597 24 38 12 517.19336 0.034781322
826 -23.900597 24 38 12 517.9258 0.034786217
827 -24.050596 24 38 12 518.65814 0.031110048
828 -24.200596 24 38 12 519.2685 0.031110048
829 -24.350595 24 38 12 519.8788 0.02333778
830 -24.500595 24 38 12 520.36707 0.02333778
831 -24.650595 24 38 12 520.85535 0.02333778
832 -24.800594 24 38 12 521.34375 0.03478678
833 -24.950594 24 38 12 522.0762 0.0347754
834 -25.100594 24 38 12 522.8086 0.034786742
835 -25.250593 24 38 12 523.541 0.03478678
836 -25.400593 24 38 12 524.27344 0.03488749
837 -25.550592 24 38 12 525.00586 0.034787048
838 -25.700592 24 38 12 525.7383 0.034788247
839 -25.850592 24 38 12 526.4707 0.034772266
840 -26.000591 24 38 12 527.2031 0.03478214
841 -26.15059 24 38 12 527.93555 0.0347782
842 -26.30059 24 38 12 528.66797 0.034781657
843 -26.45059 24 38 12 529.4004 0.034786217
844 -26.60059 24 38 12 530.1328 0.0347924
845 -26.75059 24 38 12 530.8651 0.023326531
846 -26.900589 24 39 12 531.35486 0.034785025
847 -27.050589 24 39 12 532.0873 0.03447866
848 -27.200588 24 39 12 532.8197 0.034182165
849 -27.350588 24 39 12 533.5521 0.033878855
850 -27.500587 24 39 12 534.2845 0.033551842
851 -27.650587 24 39 12 534.89484 0.033226654
852 -27.800587 24 39 12 535.5052 0.032885946
853 -27.950586 24 39 12 536.11554 0.03253939
854 -28.100586 24 39 12 536.7259 0.032187466
855 -28.250586 24 39 12 537.33624 0.03182048
856 -28.400585 24 39 12 537.9466 0.031104226
857 -28.550585 24 39 12 538.55695 0.031104226
858 -28.700584 24 39 12 539.1673 0.031104226
859 -28.850584 24 39 12 539.7776 0.023600161
860 -29.000584 24 39 12 540.26587 0.023589406
861 -29.150583 24 39 12 540.75415 0.023594026
862 -29.300583 24 39 12 541.24243 0.023583593
863 -29.450583 24 39 12 541.7307 0.023573294
864 -29.600582 24 39 12 542.21906 0.0316987
865 -29.750582 24 39 12 542.8294 0.031221502
866 -29.900581 24 39 12 543.43976 0.030748554
867 -30.050581 24 39 12 544.0501 0.030255508
868 -30.20058 24 39 12 544.66046 0.02974302
869 -30.35058 24 39 12 545.2708 0.029236045
870 -30.50058 24 39 12 545.88116 0.028728956
871 -30.65058 24 39 12 546.4915 0.028186457
872 -30.80058 24 39 12 547.10187 0.027614594
873 -30.950579 24 39 12 547.60675 0.027081858
874 -31.100578 24 39 12 548.09503 0.02652096
875 -31.250578 24 39 12 548.5833 0.025969075
876 -31.400578 24 39 12 549.0716 0.025385514
877 -31.550577 24 39 12 549.5599 0.024809085
878 -31.700577 24 39 12 550.04816 0.024248073
879 -31.850576 24 39 12 550.53644 0.023696648
880 -32.000576 24 39 12 551.0247 0.023121417
881 -32.150578 24 39 12 551.513 0.026347555
882 -32.30058 24 39 12 552.0013 0.0262325
883 -32.45058 24 39 12 552.48956 0.026090834
884 -32.600582 24 39 12 552.97784 0.02595368
885 -32.750584 24 39 12 553.4661 0.025843075
886 -32.900585 24 39 12 553.9544 0.025695667
887 -33.050587 24 39 12 554.4427 0.024477905
888 -33.20059 24 39 12 554.93097 0.023610456
889 -33.35059 24 39 12 555.41925 0.022772698
890 -33.50059 24 39 12 555.90753 0.021934742
891 -33.650593 24 39 12 556.39575 0.02113591
892 -33.800594 24 39 12 556.76196 0.020380206
893 -33.950596 24 39 12 557.1282 0.019669823
894 -34.100597 24 39 14 557.5834 0.03458061
895 -34.2506 24 39 14 558.3158 0.034241453
896 -34.4006 24 39 14 559.0482 0.033904273
897 -34.550602 24 39 14 559.7806 0.033551842
898 -34.700603 24 39 14 560.3909 0.033193443
899 -34.850605 24 39 14 561.0013 0.03281217
900 -35.000607 24 39 14 561.61163 0.032433465
901 -35.150608 24 39 14 562.222 0.032032397
902 -35.30061 24 39 14 562.83234 0.031616643
903 -35.45061 24 39 14 563.4427 0.031196697
904 -35.600613 24 39 14 564.05304 0.031117456
905 -35.750614 24 39 14 564.6634 0.031117456
906 -35.900616 24 39 14 565.27374 0.031117456
907 -36.050617 24 39 14 565.88403 0.023725946
908 -36.20062 24 39 14 566.3723 0.023708887
909 -36.35062 24 39 14 566.8606 0.023687895
910 -36.50062 24 39 14 567.3489 0.023671364
911 -36.650623 24 39 14 567.83716 0.023688318
912 -36.800625 24 39 14 568.3255 0.03111882
913 -36.950626 24 39 14 568.93585 0.03054175
914 -37.100628 24 39 14 569.5462 0.029970856
915 -37.25063 24 39 14 570.15656 0.029393975
916 -37.40063 24 39 14 570.7669 0.028788943
917 -37.550632 24 39 14 571.37726 0.028144382
918 -37.700634 24 39 14 571.98755 0.027546136
919 -37.850636 24 39 14 572.4758 0.02688491
920 -38.000637 24 39 14 572.9641 0.026225321
921 -38.15064 24 39 14 573.4524 0.02557888
922 -38.30064 24 39 14 573.9407 0.024946611
923 -38.45064 24 39 14 574.42896 0.024288839
924 -38.600643 24 39 14 574.91724 0.023613099
925 -38.750645 24 39 14 575.4055 0.022990419
926 -38.900646 24 39 14 575.8938 0.022349862
927 -39.050648 24 39 14 576.3821 0.021730963
928 -39.20065 24 39 14 576.8703 0.02113591
929 -39.35065 24 39 14 577.2365 0.020565119
930 -39.500652 24 39 14 577.6027 0.019981515
931 -39.650654 24 39 14 577.96893 0.01946319
932 -39.800655 24 39 14 578.33514 0.018971715
933 -39.950657 24 39 14 578.70135 0.018544687
934 -40.10066 24 39 14 579.0677 0.02880046
935 -40.25066 24 39 14 579.67804 0.028487029
936 -40.40066 24 39 16 580.2221 0.03477653
937 -40.550663 24 39 16 580.9545 0.034787048
938 -40.700665 24 39 16 581.68695 0.0347924
939 -40.850666 24 39 16 582.4194 0.034775782
940 -41.000668 24 39 16 583.1518 0.034780435
941 -41.15067 24 39 16 583.8842 0.034792572
942 -41.30067 24 39 16 584.61664 0.034791883
943 -41.450672 24 39 16 585.34906 0.034786377
944 -41.600674 24 39 16 586.0815 0.03471681
945 -41.750675 24 39 16 586.8139 0.03441079
946 -41.900677 24 39 16 587.5463 0.03408088
947 -42.05068 24 39 16 588.27875 0.033744574
948 -42.20068 24 39 16 589.0111 0.033393018
949 -42.35068 24 39 16 589.62146 0.033035584
950 -42.500683 24 39 16 590.2318 0.03266306
951 -42.650684 24 39 16 590.84216 0.032285262
952 -42.800686 24 39 16 591.4525 0.031910148
953 -42.950687 24 39 16 592.06287 0.031495288
954 -43.10069 24 39 16 592.6732 0.031094048
955 -43.25069 24 39 16 593.28357 0.031111808
956 -43.400692 24 39 16 593.8939 0.031111808
957 -43.550694 24 39 16 594.5043 0.031111808
958 -43.700695 24 39 16 595.1146 0.031111808
959 -43.850697 24 39 16 595.7249 0.023733404
960 -44.000698 24 39 16 596.2132 0.023730246
961 -44.1507 24 39 16 596.7015 0.02371313
962 -44.3007 24 39 16 597.18976 0.023692064
963 -44.450703 24 39 16 597.67804 0.023671364
964 -44.600704 24 39 16 598.1664 0.031019758
965 -44.750706 24 39 16 598.77673 0.03047896
966 -44.900707 24 39 16 599.3871 0.02990241
967 -45.05071 24 39 16 599.99744 0.029290713
968 -45.20071 24 39 16 600.6078 0.028686777
969 -45.35071 24 39 16 601.21814 0.028079929
970 -45.500713 24 39 16 601.8284 0.027446553
971 -45.650715 24 39 16 602.3167 0.02678187
972 -45.800716 24 39 16 602.805 0.026165847
973 -45.950718 24 39 16 603.2933 0.02548406
974 -46.10072 24 39 16 603.78156 0.024853682
975 -46.25072 24 39 16 604.26984 0.024198
976 -46.400723 24 39 16 604.7581 0.023521869
977 -46.550724 24 39 16 605.2464 0.022902207
978 -46.700726 24 39 16 605.7347 0.022264896
979 -46.850727 24 39 16 606.22296 0.021649515
980 -47.00073 24 39 16 606.7112 0.021058174
981 -47.15073 24 39 16 607.0774 0.020453261
982 -47.30073 24 39 16 607.4436 0.019912025
983 -47.450733 24 39 16 607.8098 0.01939826
984 -47.600735 24 39 16 608.176 0.018908935
985 -47.750736 24 39 16 608.54224 0.018448558
986 -47.900738 24 39 16 608.90845 0.018052438
987 -48.05074 24 39 16 609.2748 0.029129153
988 -48.20074 24 39 18 609.81476 0.03477653
989 -48.350742 24 39 18 610.5472 0.034779213
990 -48.500744 24 39 18 611.2796 0.034794264
991 -48.650745 24 39 18 612.012 0.03477994
992 -48.800747 24 39 18 612.74445 0.034785736
993 -48.95075 24 39 18 613.47687 0.034787234
994 -49.10075 24 39 18 614.2093 0.034776494
995 -49.25075 24 39 18 614.9417 0.03443631
996 -49.400753 24 39 18 615.67413 0.034072615
997 -49.550755 24 39 18 616.40656 0.033711057
998 -49.700756 24 39 18 617.12305 0.033351712
999 -49.850758 24 39 18 617.7334 0.032961592
1000 -50.00076 24 39 18 618.34375 0.032564525
1001 -50.15076 24 39 18 618.9541 0.032154918

----QMATRIX: [Sensed Threat] > ACTION == UTILITY------
[1.0,0.0,0.0,0.0,0.0,0.0,0.0,0.0] > ACTION_BACK == -0.0026673977
[0.0,0.0,0.0,0.0,0.0,0.0,0.0,0.0] > ACTION_BACK == -0.016318435
[0.0,0.0,0.0,0.0,1.0,0.0,0.0,0.0] > ACTION_NONE == -0.112126455
[0.0,0.0,0.0,0.0,0.0,0.0,0.0,1.0] > ACTION_RIGHT == -0.15363997
[0.0,0.0,0.0,0.0,0.0,0.0,0.0,0.0] > ACTION_RIGHT == -0.007838606
[0.0,0.0,0.0,1.0,0.0,0.0,0.0,0.0] > ACTION_NONE == -0.11167268
[0.0,0.0,0.0,0.0,1.0,0.0,0.0,0.0] > ACTION_LEFT == -0.08486498
[0.0,0.0,0.0,0.0,0.0,1.0,0.0,0.0] > ACTION_BACK == -0.14652775
[0.0,0.0,1.0,0.0,0.0,0.0,0.0,0.0] > ACTION_NONE == -0.091610506
[0.0,0.0,0.0,1.0,0.0,0.0,0.0,0.0] > ACTION_LEFT == -0.049047615
[0.0,0.0,0.0,0.0,0.0,1.0,0.0,0.0] > ACTION_NONE == -0.14392841
[0.0,0.0,0.0,0.0,1.0,0.0,0.0,0.0] > ACTION_BACK == -0.16856416
[0.0,0.0,1.0,0.0,0.0,0.0,0.0,0.0] > ACTION_RIGHT == -0.17100021
[0.0,0.0,0.0,1.0,0.0,0.0,0.0,0.0] > ACTION_BACK == -0.07123479
[0.0,0.0,0.0,1.0,0.0,0.0,0.0,0.0] > ACTION_RIGHT == -0.048578702
[0.0,0.0,1.0,0.0,0.0,0.0,0.0,0.0] > ACTION_BACK == -0.096178606
[0.0,0.0,0.0,1.0,1.0,0.0,0.0,0.0] > ACTION_RIGHT == -1.6570503E-4
[0.0,1.0,0.0,0.0,0.0,0.0,0.0,0.0] > ACTION_BACK == -0.09233735
[0.0,0.0,0.0,0.0,0.0,1.0,0.0,0.0] > ACTION_RIGHT == -0.11781937
[0.0,0.0,0.0,0.0,0.0,0.0,0.0,0.0] > ACTION_LEFT == -0.0093280515
[0.0,0.0,0.0,0.0,0.0,0.0,1.0,0.0] > ACTION_RIGHT == -0.35536993
[0.0,0.0,0.0,0.0,0.0,0.0,1.0,0.0] > ACTION_BACK == -0.34159124
[0.0,0.0,0.0,0.0,1.0,0.0,0.0,0.0] > ACTION_RIGHT == -0.14728148
[0.0,0.0,0.0,0.0,0.0,0.0,0.0,0.0] > ACTION_NONE == -0.009285128
