
----QMATRIX: [Sensed Threat] > ACTION == UTILITY------
eration Qty: 1000.0
Learning Rate: 0.1
Discount Factor: 0.9
Decay: 0.15
Max View Distance: 10.0

-----SIMULATION STEPS------
Steps | Exploration Rate | QMatrix Size | Crashes | Victories | Distance Moved | Speed
1 99.85 0 0 0 0.62164116 0.015563965
2 99.7 0 0 0 0.9346105 0.03206743
3 99.549995 0 0 0 1.5752115 0.04667288
4 99.399994 0 0 0 2.5098124 0.046672918
5 99.24999 0 0 0 3.444266 0.03198462
6 99.09999 0 0 0 4.083962 0.031110968
7 98.94999 0 0 0 4.705766 0.03188866
8 98.79999 0 0 0 5.344112 0.031113774
9 98.64999 0 0 0 5.9659142 0.031807672
10 98.499985 0 0 0 6.6002626 0.01558696
11 98.34998 0 0 0 6.9140215 0.015584206
12 98.19998 0 0 0 7.228091 0.046655152
13 98.04998 0 0 0 8.162692 0.046655152
14 97.89998 0 0 0 9.0971365 0.03111821
15 97.74998 0 0 0 9.718932 0.03111821
16 97.599976 0 0 0 10.340734 0.031704843
17 97.449974 0 0 0 10.973939 0.03157635
18 97.29997 0 0 0 11.605111 0.015659157
19 97.14997 0 0 0 11.916009 0.01565236
20 96.99997 0 0 0 12.228425 0.01562682
21 96.84997 0 0 0 12.543446 0.046657257
22 96.69997 0 0 0 13.474232 0.04661935
23 96.549965 0 0 0 14.404868 0.03147209
24 96.39996 0 0 0 15.036194 0.031128146
25 96.24996 0 0 0 15.654175 0.031128146
26 96.09996 0 0 0 16.272005 0.015696412
27 95.94996 0 0 0 16.588932 0.04662153
28 95.79996 0 0 0 17.519564 0.031294122
29 95.649956 0 0 0 18.141357 0.031111335
30 95.499954 0 0 0 18.759495 0.04658761
31 95.34995 0 0 0 19.690125 0.03111863
32 95.19995 0 0 0 20.308262 0.046588838
33 95.04995 0 0 0 21.238892 0.031127673
34 94.89995 0 0 0 21.856874 0.030984104
35 94.74995 0 0 0 22.475601 0.016041074
36 94.599945 0 0 0 22.799849 0.015955117
37 94.44994 0 0 0 23.120432 0.030919481
38 94.29994 0 0 0 23.73857 0.046449937
39 94.14994 0 0 0 24.6692 0.031120852
40 93.99994 0 0 2 25.291006 0.03206743
41 93.84994 0 0 2 25.932022 0.04667288
42 93.699936 0 0 2 26.866623 0.04667288
43 93.549934 0 0 2 27.801224 0.046672918
44 93.39993 0 0 2 28.735514 0.015566256
45 93.24993 0 0 2 29.04863 0.046672918
46 93.09993 0 0 2 29.98292 0.015566595
47 92.94993 0 0 2 30.295889 0.03198462
48 92.79993 0 0 2 30.936594 0.015555419
49 92.649925 0 0 2 31.249563 0.031884227
50 92.49992 0 0 2 31.887705 0.031114474
51 92.34992 0 0 2 32.51247 0.015569632
52 92.19992 0 0 2 32.825436 0.03178477
53 92.04992 0 0 2 33.458675 0.031677816
54 91.89992 0 0 2 34.091755 0.015619602
55 91.749916 0 0 2 34.40472 0.03158045
56 91.599915 0 0 2 35.037956 0.03147209
57 91.44991 0 0 2 35.663567 0.031105401
58 91.29991 0 0 2 36.289177 0.03134674
59 91.14991 0 0 2 36.914635 0.015741022
60 90.99991 0 0 2 37.23507 0.01572863
61 90.84991 0 0 2 37.555653 0.03109393
62 90.699905 0 0 2 38.17379 0.04662248
63 90.549904 0 0 2 39.10442 0.031096965
64 90.3999 0 0 2 39.722424 0.033234596
65 90.2499 0 0 2 40.383537 0.04655385
66 90.0999 0 0 2 41.314323 0.04655531
67 89.9499 0 0 2 42.24511 0.046518713
68 89.7999 0 0 2 43.17559 0.015997233
69 89.649895 0 0 2 43.49619 0.032458566
70 89.49989 0 0 2 44.141586 0.046417076
71 89.34989 0 0 2 45.07207 0.016352786
72 89.19989 0 0 2 45.40028 0.031118788
73 89.04989 0 0 2 46.018257 0.030415984
74 88.89989 0 0 2 46.628605 0.030151948
75 88.749886 0 0 2 47.230377 0.030597819
76 88.599884 0 0 2 47.83733 0.029251074
77 88.44988 0 0 2 48.417473 0.045807004
78 88.29988 0 0 2 49.3326 0.028150009
79 88.14988 0 0 4 49.91391 0.031109003
80 87.99988 0 0 4 50.539673 0.04667286
81 87.84988 0 0 4 51.47015 0.015564712
82 87.699875 0 0 4 51.78311 0.031109003
83 87.54987 0 0 4 52.40873 0.032025907
84 87.39987 0 0 4 53.0496 0.031925038
85 87.24987 0 0 4 53.690617 0.04665431
86 87.09987 0 0 4 54.629032 0.04665431
87 86.94987 0 0 4 55.567448 0.046654407
88 86.799866 0 0 4 56.50555 0.01556268
89 86.649864 0 0 4 56.818516 0.031839292
90 86.49986 0 0 4 57.45191 0.04665501
91 86.34986 0 0 4 58.39017 0.03171331
92 86.19986 0 0 4 59.02341 0.031607293
93 86.04986 0 0 4 59.656647 0.031112265
94 85.89986 0 0 4 60.282257 0.031112265
95 85.749855 0 0 4 60.907867 0.03148004
96 85.59985 0 0 4 61.533478 0.03135442
97 85.44985 0 0 4 62.160324 0.031226741
98 85.29985 0 0 4 62.779858 0.04658801
99 85.14985 0 0 4 63.710644 0.046588838
100 84.99985 0 0 4 64.64113 0.015853038
101 84.849846 0 0 4 64.96187 0.046588838
102 84.699844 0 0 4 65.89235 0.015853038
103 84.54984 0 0 4 66.21294 0.03111863
104 84.39984 0 0 4 66.83855 0.031049386
105 84.24984 0 0 4 67.46417 0.03253939
106 84.09984 0 0 4 68.10938 0.031100739
107 83.94984 0 0 4 68.735146 0.046452504
108 83.799835 0 0 4 69.66578 0.031120852
109 83.64983 0 0 4 70.29154 0.046417076
110 83.49983 0 0 4 71.222176 0.031108623
111 83.34983 0 0 4 71.84778 0.030303033
112 83.19983 0 0 4 72.45499 0.031107072
113 83.04983 0 0 4 73.08045 0.016639963
114 82.899826 0 0 4 73.416275 0.030159278
115 82.749825 0 0 4 74.011536 0.04621361
116 82.59982 0 0 6 74.94202 0.015563976
117 82.44982 0 0 6 75.24736 0.032062806
118 82.29982 0 0 6 75.888374 0.046672918
119 82.14982 0 0 6 76.818855 0.015566595
120 81.99982 0 0 6 77.13945 0.03198462
121 81.849815 0 0 6 77.78016 0.015573124
122 81.699814 0 0 6 78.1009 0.046673138
123 81.54981 0 0 6 79.03154 0.03188866
124 81.39981 0 0 6 79.6724 0.031113774
125 81.24981 0 0 6 80.29804 0.034275282
126 81.09981 1 1 6 80.98507 0.032058194
127 80.94981 1 1 6 81.62608 0.046672918
128 80.799805 1 1 6 82.556725 0.031961568
129 80.6498 1 1 6 83.19759 0.031884227
130 80.4998 1 1 6 83.8383 0.015566512
131 80.3498 1 1 6 84.15904 0.04665451
132 80.1998 1 1 6 85.089676 0.031113774
133 80.0498 2 1 6 85.71513 0.015566512
134 79.899796 2 1 6 86.03557 0.015565519
135 79.749794 2 1 6 86.35608 0.023335887
136 79.59979 2 1 6 86.82921 0.03430913
137 79.44979 2 1 6 87.51567 0.015607124
138 79.29979 2 1 6 87.83626 0.031634174
139 79.14979 2 1 6 88.46189 0.033778116
140 78.99979 2 1 6 89.133095 0.015715279
141 78.849785 2 1 6 89.43845 0.03341834
142 78.69978 2 1 6 90.10997 0.04658761
143 78.54978 3 2 6 91.04521 0.031108864
144 78.39978 3 2 6 91.670975 0.04667282
145 78.24978 3 2 6 92.60161 0.031108864
146 78.09978 3 2 6 93.22722 0.031108864
147 77.949776 3 2 6 93.85283 0.031108864
148 77.799774 3 2 6 94.47829 0.015563976
149 77.64977 3 2 6 94.78363 0.032062806
150 77.49977 4 2 6 95.42434 0.015566956
151 77.34977 5 2 6 95.74508 0.046672918
152 77.19977 5 2 6 96.675865 0.046672918
153 77.04977 5 2 6 97.60665 0.046672918
154 76.899765 5 2 6 98.537285 0.031109564
155 76.74976 5 2 6 99.162926 0.034606162
156 76.59976 5 2 6 99.84955 0.03174468
157 76.44976 5 2 6 100.48538 0.031102704
158 76.29976 5 2 6 101.111145 0.04665581
159 76.14976 5 2 6 102.04193 0.04665599
160 75.999756 5 2 6 102.972565 0.031607293
161 75.849754 5 2 6 103.59833 0.046619594
162 75.69975 5 2 6 104.52896 0.031116037
163 75.54975 5 2 6 105.15457 0.03146418
164 75.39975 5 2 6 105.78018 0.031091964
165 75.24975 5 2 6 106.405945 0.04662248
166 75.09975 5 2 6 107.33658 0.031271584
167 74.949745 5 2 6 107.96234 0.046588425
168 74.79974 5 2 6 108.89282 0.015849195
169 74.64974 5 2 6 109.21356 0.046588425
170 74.49974 5 2 6 110.144196 0.031125031
171 74.34974 5 2 6 110.76996 0.046551563
172 74.19974 5 2 6 111.70061 0.03270566
173 74.049736 5 2 6 112.34704 0.04641639
174 73.899734 5 2 6 113.27767 0.031431112
175 73.74973 5 2 6 113.90121 0.016996134
176 73.59973 5 2 6 114.23704 0.03060465
177 73.44973 5 2 6 114.84357 0.045944225
178 73.29973 5 2 8 115.76072 0.031108856
179 73.14973 5 2 8 116.38634 0.032062806
180 72.999725 5 2 8 117.0272 0.03110933
181 72.849724 5 2 8 117.65296 0.046672918
182 72.69972 5 2 8 118.58344 0.015566256
183 72.54972 5 2 8 118.90403 0.03110933
184 72.39972 5 2 8 119.52964 0.03110933
185 72.24972 5 2 8 120.1551 0.015566256
186 72.09972 5 2 8 120.475685 0.03110933
187 71.949715 5 2 8 121.101295 0.03110933
188 71.79971 5 2 8 121.72706 0.046672918
189 71.64971 5 2 8 122.657845 0.046672918
190 71.49971 5 2 8 123.588486 0.03198462
191 71.34971 5 2 8 124.22935 0.031111434
192 71.19971 5 2 8 124.85499 0.03441079
193 71.049706 5 2 8 125.54163 0.033979777
194 70.899704 5 2 8 126.22156 0.033543777
195 70.7497 5 2 8 126.893074 0.046586826
196 70.5997 5 2 8 127.82371 0.031126885
197 70.4497 5 2 8 128.4382 0.015868636
198 70.2997 5 2 8 128.74353 0.031035416
199 70.1497 5 2 8 129.35388 0.031106465
200 69.999695 5 2 8 129.96423 0.031104995
201 69.84969 5 2 8 130.57475 0.04655482
202 69.69969 5 2 8 131.52063 0.030855525
203 69.54969 5 2 8 132.13084 0.01605607
204 69.39969 5 2 8 132.46667 0.031093527
205 69.24969 5 2 8 133.0772 0.046520874
206 69.099686 5 2 8 134.02307 0.03110544
207 68.949684 5 2 8 134.63344 0.03216242
208 68.79968 5 2 8 135.27429 0.030254949
209 68.64968 5 2 8 135.88464 0.030007802
210 68.49968 5 2 8 136.495 0.029800817
211 68.34968 5 2 8 137.09793 0.029525487
212 68.19968 5 2 8 137.67793 0.04597638
213 68.049675 5 2 8 138.59329 0.029074026
214 67.89967 5 2 8 139.17302 0.018145462
215 67.74967 5 2 8 139.53935 0.031114485
216 67.59967 5 2 8 140.1497 0.031110775
217 67.44967 5 2 10 140.76006 0.031108856
218 67.29967 5 2 10 141.37057 0.04667282
219 67.149666 5 2 10 142.3165 0.034785025
220 66.999664 5 2 10 143.0182 0.015572483
221 66.84966 5 2 10 143.32358 0.03447866
222 66.69966 5 2 10 144.0159 0.015578975
223 66.54966 5 2 10 144.32108 0.015577726
224 66.39966 5 2 10 144.62625 0.0155765
225 66.24966 5 2 10 144.93175 0.046654873
226 66.099655 5 2 10 145.87766 0.034182165
227 65.94965 5 2 10 146.54903 0.031545494
228 65.79965 5 2 10 147.18991 0.033644084
229 65.64965 5 2 10 147.86127 0.031114988
230 65.49965 5 2 10 148.47162 0.031114988
231 65.34965 5 2 10 149.082 0.033259884
232 65.199646 5 2 10 149.75337 0.032845147
233 65.049644 5 2 10 150.39424 0.032408364
234 64.89964 5 2 10 151.03496 0.016139235
235 64.74964 5 2 10 151.3708 0.032064866
236 64.59964 5 2 10 152.01152 0.016297309
237 64.44964 5 2 10 152.34735 0.030421512
238 64.29964 5 2 10 152.95772 0.031463187
239 64.149635 5 2 10 153.58098 0.030956244
240 63.999634 5 2 10 154.1912 0.016852587
241 63.849632 5 2 10 154.52702 0.030597819
242 63.69963 5 2 10 155.13737 0.030075302
243 63.54963 5 2 10 155.74771 0.02950998
244 63.399628 5 2 10 156.32755 0.02894549
245 63.249626 6 3 10 156.95885 0.04667301
246 63.099625 6 3 10 157.90489 0.04667301
247 62.949623 6 3 10 158.85078 0.03194806
248 62.79962 6 3 10 159.49165 0.031852435
249 62.64962 6 3 10 160.13254 0.034215968
250 62.49962 6 3 10 160.80392 0.033878855
251 62.349617 6 3 10 161.47513 0.015680784
252 62.199615 6 3 10 161.78049 0.033577193
253 62.049614 6 3 10 162.45187 0.03320137
254 61.899612 6 3 10 163.1234 0.046570633
255 61.74961 6 3 10 164.06929 0.03277922
256 61.59961 6 3 10 164.71031 0.046519246
257 61.449608 6 3 10 165.6562 0.032310333
258 61.299606 6 3 10 166.29721 0.046451204
259 61.149605 6 3 10 167.2126 0.03178817
260 60.999603 6 3 10 167.85347 0.03131736
261 60.8496 7 4 10 168.52092 0.015570146
262 60.6996 7 4 10 168.8261 0.015570146
263 60.5496 7 4 10 169.13142 0.031110171
264 60.399597 7 4 10 169.74194 0.04667301
265 60.249596 7 4 10 170.68787 0.034512624
266 60.099594 7 4 10 171.38382 0.015575296
267 59.949593 7 4 10 171.68918 0.034207646
268 59.79959 7 4 10 172.36038 0.01561775
269 59.64959 7 4 10 172.66574 0.033904273
270 59.499588 8 4 10 173.33694 0.015678288
271 59.349586 8 4 10 173.6423 0.033577193
272 59.199585 8 4 10 174.31367 0.03122304
273 59.049583 8 4 10 174.92876 0.033010345
274 58.899582 9 4 10 175.60004 0.023454309
275 58.74958 9 4 10 176.05789 0.032655343
276 58.59958 9 4 10 176.69876 0.032245096
277 58.449577 9 4 10 177.33977 0.046452504
278 58.299576 9 4 10 178.2553 0.046434775
279 58.149574 10 4 10 179.1706 0.023576712
280 57.999573 10 4 10 179.62859 0.04643545
281 57.84957 10 4 10 180.55106 0.031129222
282 57.69957 10 4 10 181.16142 0.03155956
283 57.54957 10 4 10 181.78755 0.031019758
284 57.399567 10 4 10 182.39777 0.016829226
285 57.249565 11 5 10 182.71664 0.03207671
286 57.099564 11 5 10 183.35754 0.03467424
287 56.949562 11 5 10 184.05942 0.031848043
288 56.79956 11 5 10 184.70044 0.046654873
289 56.64956 11 5 10 185.64616 0.015575296
290 56.499557 12 5 10 185.95142 0.023339977
291 56.349556 12 5 10 186.40929 0.034215968
292 56.199554 12 5 10 187.08064 0.031105598
293 56.049553 12 5 10 187.69101 0.03157635
294 55.89955 12 5 10 188.3319 0.033702936
295 55.74955 13 5 10 189.00317 0.023393685
296 55.59955 13 5 10 189.46101 0.031111015
297 55.449547 13 5 10 190.07121 0.015723784
298 55.299545 13 5 10 190.37654 0.031108156
299 55.149544 13 5 10 190.98692 0.033385016
300 54.999542 13 5 10 191.65813 0.015808364
301 54.84954 14 5 10 191.96338 0.023412399
302 54.69954 14 6 10 192.42236 0.034785025
303 54.549538 14 6 10 193.12422 0.031110546
304 54.399536 14 6 10 193.73462 0.034504194
305 54.249535 14 6 10 194.42908 0.034173857
306 54.099533 14 6 10 195.10045 0.031572264
307 53.94953 15 6 10 195.74123 0.023355233
308 53.79953 15 6 10 196.19907 0.031112265
309 53.64953 15 6 10 196.80959 0.04663842
310 53.499527 15 6 10 197.7555 0.033685677
311 53.349525 16 6 10 198.4267 0.015710717
312 53.199524 16 6 10 198.73203 0.031110048
313 53.049522 16 6 10 199.3424 0.033359703
314 52.89952 17 7 10 200.01413 0.034546606
315 52.74952 17 7 10 200.71484 0.031780448
316 52.599518 17 7 10 201.35573 0.03409807
317 52.449516 17 7 10 202.02711 0.033778116
318 52.299515 17 7 10 202.6985 0.03345168
319 52.149513 17 7 10 203.36986 0.031104458
320 51.99951 18 7 10 203.98021 0.031104458
321 51.84951 19 7 10 204.59048 0.023399072
322 51.69951 19 7 10 205.04832 0.031103354
323 51.549507 19 7 10 205.65868 0.031103354
324 51.399506 19 7 10 206.26903 0.031103354
325 51.249504 19 7 10 206.87938 0.031189634
326 51.099503 19 7 10 207.48973 0.031116152
327 50.9495 19 7 10 208.10011 0.032944202
328 50.7995 19 7 10 208.74562 0.032524068
329 50.649498 20 7 10 209.38664 0.04648562
330 50.499496 21 7 10 210.33252 0.031119753
331 50.349495 21 7 10 210.94289 0.03199995
332 50.199493 21 7 10 211.5836 0.016321778
333 50.04949 21 7 10 211.91943 0.030410506
334 49.89949 21 7 10 212.52965 0.016390651
335 49.74949 21 7 10 212.86565 0.04638178
336 49.599487 21 7 10 213.81154 0.03136704
337 49.449486 21 7 10 214.42511 0.030787066
338 49.299484 21 7 10 215.03561 0.046145167
339 49.149483 21 7 10 215.95099 0.030019784
340 48.99948 21 7 10 216.5612 0.017512463
341 48.84948 21 7 10 216.89702 0.029619964
342 48.69948 21 7 10 217.47685 0.028951516
343 48.549477 21 7 10 218.05685 0.045673843
344 48.399475 21 7 10 218.97223 0.031117387
345 48.249474 21 7 10 219.58255 0.027878627
346 48.099472 21 7 10 220.13188 0.02811717
347 47.94947 21 7 10 220.7002 0.026669597
348 47.79947 21 7 10 221.22775 0.025819048
349 47.649467 21 7 10 221.74654 0.024950247
350 47.499466 22 7 10 222.23502 0.044086274
351 47.349464 23 7 10 223.11984 0.026370928
352 47.199463 23 7 10 223.63861 0.02286226
353 47.04946 23 7 10 224.09636 0.021935878
354 46.89946 24 8 10 224.63896 0.03458061
355 46.74946 25 8 10 225.34099 0.04665451
356 46.599457 25 8 10 226.28691 0.034275282
357 46.449455 26 8 10 226.96007 0.03397155
358 46.299454 26 8 10 227.63142 0.031115258
359 46.149452 26 8 10 228.24178 0.031115258
360 45.99945 26 8 10 228.85197 0.015659157
361 45.84945 26 8 10 229.15733 0.03367756
362 45.699448 26 8 10 229.82869 0.031112976
363 45.549446 26 8 10 230.43907 0.033318434
364 45.399445 26 8 10 231.11046 0.032936376
365 45.249443 26 8 10 231.75552 0.03253939
366 45.09944 26 8 10 232.39638 0.030663962
367 44.94944 26 8 10 233.00688 0.046468996
368 44.79944 27 8 10 233.92218 0.023545817
369 44.649437 27 8 10 234.38002 0.030528143
370 44.499435 27 8 10 234.99052 0.046436135
371 44.349434 27 8 10 235.90591 0.031577196
372 44.199432 27 8 10 236.54677 0.031076323
373 44.04943 27 8 10 237.15712 0.030591002
374 43.89943 27 8 10 237.76747 0.031112265
375 43.749428 28 8 10 238.37782 0.031112265
376 43.599426 29 8 10 238.98817 0.030068727
377 43.449425 29 8 10 239.59839 0.017429534
378 43.299423 29 8 10 239.93408 0.017310247
379 43.14942 29 8 10 240.26991 0.029908912
380 42.99942 30 8 10 240.87204 0.029290713
381 42.84942 31 9 10 241.4811 0.03199825
382 42.699417 31 9 10 242.12212 0.04667307
383 42.549416 31 9 10 243.06816 0.04667307
384 42.399414 31 9 10 244.01408 0.034504194
385 42.249413 31 9 10 244.70831 0.034173857
386 42.09941 32 9 10 245.37968 0.031568192
387 41.94941 32 9 10 246.02057 0.03367756
388 41.799408 32 9 10 246.6921 0.046603415
389 41.649406 32 9 10 247.63797 0.031114988
390 41.499405 32 9 10 248.24835 0.03328517
391 41.349403 32 9 10 248.91974 0.03287814
392 41.1994 33 9 10 249.56111 0.04653675
393 41.0494 34 9 10 250.50699 0.030804997
394 40.8994 34 9 10 251.11734 0.030691985
395 40.749397 34 9 10 251.7277 0.03197495
396 40.599396 35 9 10 252.3685 0.023604594
397 40.449394 35 9 10 252.85686 0.031577196
398 40.299393 36 10 10 253.50188 0.031108864
399 40.14939 36 10 10 254.11227 0.034776494
400 39.99939 36 10 10 254.81398 0.015573124
401 39.84939 36 10 10 255.11935 0.03447024
402 39.699387 36 10 10 255.81178 0.031116432
403 39.549385 37 10 10 256.42218 0.034165557
404 39.399384 37 10 10 257.0937 0.04663752
405 39.249382 37 10 10 258.0091 0.033811674
406 39.09938 37 10 10 258.68048 0.03345971
407 38.94938 37 10 10 259.35187 0.033101834
408 38.799377 37 10 10 260.02325 0.03272112
409 38.649376 38 10 10 260.69455 0.02348356
410 38.499374 38 10 10 261.18304 0.046519246
411 38.349373 38 10 10 262.09845 0.032310333
412 38.19937 38 10 10 262.7698 0.030525254
413 38.04937 38 10 10 263.3803 0.046436135
414 37.89937 38 10 10 264.2957 0.031577196
415 37.749367 38 10 10 264.90604 0.030128201
416 37.599365 38 10 10 265.51654 0.046299905
417 37.449364 38 10 10 266.43207 0.046284337
418 37.299362 38 10 10 267.34744 0.030591002
419 37.14936 39 10 10 267.9578 0.02956856
420 36.99936 39 10 10 268.56808 0.023935858
421 36.849358 39 10 10 269.05643 0.031105857
422 36.699356 39 10 10 269.66678 0.029853558
423 36.549355 39 10 10 270.27713 0.029229866
424 36.399353 40 10 10 270.8469 0.03111645
425 36.24935 40 10 10 271.45724 0.03111645
426 36.09935 40 10 10 272.0676 0.028862571
427 35.94935 41 10 10 272.63388 0.031119099
428 35.799347 41 11 10 273.25098 0.034785025
429 35.649345 41 11 10 273.92236 0.03447866
430 35.499344 42 11 10 274.59366 0.023341289
431 35.349342 42 11 10 275.08194 0.023341289
432 35.19934 42 11 10 275.57043 0.046654873
433 35.04934 43 11 10 276.48575 0.023341965
434 34.899338 43 11 10 276.97412 0.034182165
435 34.749336 43 11 10 277.64548 0.031568192
436 34.599335 43 11 10 278.25568 0.015654603
437 34.449333 43 11 10 278.56104 0.033702936
438 34.29933 43 11 10 279.2324 0.031286564
439 34.14933 43 11 10 279.84277 0.033134993
440 33.99933 43 11 10 280.51416 0.032746293
441 33.849327 44 11 10 281.18546 0.02348356
442 33.699326 44 11 10 281.6738 0.030779792
443 33.549324 44 11 10 282.28418 0.03216242
444 33.399323 45 11 10 282.943 0.031110652
445 33.24932 45 11 10 283.55334 0.03173095
446 33.09932 46 11 10 284.16364 0.023629617
447 32.949318 46 11 10 284.65192 0.023633227
448 32.799316 46 11 10 285.14026 0.030260071
449 32.649315 46 11 10 285.75055 0.023664441
450 32.499313 46 12 10 286.2424 0.031108864
451 32.34931 47 12 10 286.8527 0.023326881
452 32.19931 47 12 10 287.34097 0.023326881
453 32.04931 47 12 10 287.82925 0.023326881
454 31.89931 47 12 10 288.31763 0.032072064
455 31.74931 48 12 10 288.954 0.04667288
456 31.59931 48 12 10 289.86942 0.03464019
457 31.44931 48 12 10 290.54077 0.031807672
458 31.29931 49 12 10 291.15106 0.023344832
459 31.149311 49 12 10 291.63934 0.023344094
460 30.999311 49 12 10 292.12753 0.015581544
461 30.849312 49 12 10 292.4329 0.034165557
462 30.699312 50 12 10 293.1044 0.046637952
463 30.549313 50 12 10 294.0197 0.023370694
464 30.399313 50 12 10 294.5082 0.046637952
465 30.249313 50 12 10 295.4236 0.03373644
466 30.099314 51 12 10 296.0949 0.023396978
467 29.949314 51 12 10 296.5834 0.046603415
468 29.799314 51 12 10 297.49878 0.031114988
469 29.649315 51 12 10 298.10916 0.03327722
470 29.499315 51 12 10 298.78055 0.03277147
471 29.349316 51 12 10 299.45193 0.032227576
472 29.199316 51 12 10 300.11005 0.031673774
473 29.049316 51 12 10 300.7204 0.03111882
474 28.899317 51 12 10 301.3306 0.016806025
475 28.749317 52 12 10 301.63586 0.023747593
476 28.599318 52 12 10 302.1242 0.031114843
477 28.449318 52 12 10 302.73456 0.030773235
478 28.299318 53 12 10 303.3449 0.031103127
479 28.149319 53 12 10 303.95526 0.030088482
480 27.99932 53 12 10 304.5656 0.031117387
481 27.84932 53 12 10 305.17596 0.029351685
482 27.69932 53 12 10 305.76227 0.045776907
483 27.54932 54 12 10 306.67764 0.031127468
484 27.39932 54 12 10 307.28796 0.028186457
485 27.249321 54 12 10 307.83725 0.02458894
486 27.099321 54 12 10 308.32553 0.024525626
487 26.949322 54 12 10 308.81384 0.027772803
488 26.799322 54 12 10 309.36316 0.026669597
489 26.649323 54 12 10 309.91248 0.027386557
490 26.499323 54 12 10 310.46198 0.044491723
491 26.349323 55 12 12 311.3581 0.046672825
492 26.199324 56 12 12 312.27332 0.015564011
493 26.049324 57 12 12 312.57867 0.034767974
494 25.899324 57 12 12 313.25006 0.034444712
495 25.749325 57 12 12 313.92142 0.031117298
496 25.599325 57 12 12 314.5318 0.03414009
497 25.449326 57 12 12 315.203 0.015629206
498 25.299326 57 12 12 315.50836 0.033819843
499 25.149326 57 12 12 316.17975 0.033477012
500 24.999327 57 12 12 316.85126 0.04658645
501 24.849327 57 12 12 317.76663 0.031107845
502 24.699327 58 12 12 318.37692 0.02340469
503 24.549328 58 12 12 318.8653 0.033093948
504 24.399328 59 12 12 319.5366 0.023442555
505 24.249329 59 12 12 320.02496 0.03272112
506 24.099329 60 12 12 320.69632 0.031110872
507 23.94933 60 12 12 321.3067 0.032285262
508 23.79933 61 12 12 321.97806 0.03184544
509 23.64933 61 12 12 322.5884 0.031374216
510 23.49933 61 12 12 323.19876 0.030892836
511 23.34933 61 12 12 323.8091 0.030416278
512 23.199331 62 12 12 324.41946 0.031099517
513 23.049332 62 12 12 325.02982 0.031099517
514 22.899332 62 12 12 325.64017 0.031099517
515 22.749332 62 12 12 326.25067 0.046077255
516 22.599333 62 12 12 327.16605 0.029687837
517 22.449333 63 12 12 327.7764 0.031096036
518 22.299334 64 12 12 328.3867 0.02407253
519 22.149334 64 12 12 328.87503 0.02916131
520 21.999334 64 13 12 329.49005 0.03464019
521 21.849335 64 13 12 330.16144 0.034342997
522 21.699335 64 13 12 330.83282 0.034038905
523 21.549335 64 13 12 331.5042 0.033711057
524 21.399336 65 13 12 332.17557 0.031108156
525 21.249336 65 13 12 332.78592 0.031108156
526 21.099337 65 13 12 333.3962 0.023385713
527 20.949337 65 13 12 333.8847 0.046621844
528 20.799337 65 13 12 334.8001 0.033377018
529 20.649338 65 13 12 335.4713 0.015797695
530 20.499338 66 13 12 335.77664 0.03111016
531 20.349339 66 13 12 336.38702 0.03304345
532 20.199339 66 13 12 337.05853 0.04655385
533 20.04934 66 13 12 337.97385 0.023461543
534 19.89934 66 13 12 338.46234 0.046554327
535 19.74934 66 13 12 339.37775 0.032556854
536 19.59934 66 13 12 340.04913 0.032089885
537 19.44934 67 13 12 340.69318 0.023580145
538 19.299341 67 13 12 341.18152 0.031118788
539 19.149342 68 13 12 341.79202 0.046417076
540 18.999342 69 13 12 342.70755 0.04641918
541 18.849342 69 13 12 343.62292 0.03142392
542 18.699343 69 13 12 344.23343 0.04628171
543 18.549343 69 13 12 345.1488 0.030660795
544 18.399343 69 13 12 345.75916 0.030019784
545 18.249344 69 13 12 346.3695 0.029345443
546 18.099344 69 13 12 346.95752 0.031100733
547 17.949345 69 13 12 347.56784 0.028674979
548 17.799345 70 13 12 348.1172 0.031108662
549 17.649345 70 13 12 348.72742 0.018510127
550 17.499346 70 13 12 349.0939 0.04570907
551 17.349346 71 13 12 350.00922 0.024375705
552 17.199347 71 13 12 350.49753 0.028138764
553 17.049347 72 13 12 351.04688 0.031097293
554 16.899347 72 13 12 351.65723 0.031097293
555 16.749348 72 13 12 352.26755 0.027190765
556 16.599348 72 13 12 352.81683 0.026065132
557 16.449348 72 13 12 353.30515 0.027099906
558 16.299349 72 13 12 353.85446 0.02682329
559 16.14935 73 13 14 354.41837 0.023326904
560 15.99935 73 13 14 354.90665 0.023326904
561 15.84935 73 13 14 355.39502 0.034750905
562 15.69935 73 13 14 356.0664 0.034444712
563 15.549351 74 13 14 356.73776 0.031117298
564 15.399351 74 13 14 357.3481 0.031117298
565 15.2493515 74 13 14 357.9585 0.03414009
566 15.099352 75 13 14 358.62988 0.03380351
567 14.949352 76 13 14 359.30127 0.03345168
568 14.799353 76 13 14 359.97266 0.033093948
569 14.649353 76 13 14 360.64404 0.03272112
570 14.499353 76 13 14 361.31543 0.032342985
571 14.349354 77 13 14 361.98694 0.046468996
572 14.199354 77 13 14 362.90225 0.023542624
573 14.049355 77 13 14 363.3906 0.031910148
574 13.899355 78 13 14 364.0009 0.023592979
575 13.749355 78 13 14 364.48923 0.03152741
576 13.599356 79 13 14 365.09958 0.031112434
577 13.449356 79 13 14 365.70987 0.02365766
578 13.299356 79 13 14 366.1982 0.031157723
579 13.149357 80 13 14 366.8085 0.023737794
580 12.999357 80 13 14 367.29678 0.02373456
581 12.849358 80 13 14 367.78506 0.023717387
582 12.699358 80 13 14 368.2734 0.03110195
583 12.549358 80 13 14 368.88376 0.03088588
584 12.399359 80 13 14 369.4941 0.030311292
585 12.249359 80 13 14 370.10446 0.029736592
586 12.0993595 80 13 14 370.7148 0.02912076
587 11.94936 80 13 14 371.27463 0.028513432
588 11.79936 80 13 14 371.82397 0.031117387
589 11.649361 80 13 14 372.4343 0.027873151
590 11.499361 81 13 14 372.98358 0.024596494
591 11.349361 81 13 14 373.4719 0.027399434
592 11.199362 82 13 14 374.0212 0.026679143
593 11.049362 82 13 14 374.5705 0.025018314
594 10.899363 82 13 14 375.0588 0.026216332
595 10.749363 83 13 14 375.57608 0.025172522
596 10.599363 83 13 14 376.06436 0.025723627
597 10.449364 84 13 14 376.55286 0.044458102
598 10.299364 84 13 14 377.44165 0.024244944
599 10.149364 85 13 14 377.92996 0.025995316
600 9.999365 85 13 14 378.441 0.0258533
601 9.849365 85 13 14 378.93753 0.025668554
602 9.699366 85 13 14 379.4258 0.025494175
603 9.549366 85 13 14 379.9141 0.025140744
604 9.399366 86 13 16 380.449 0.031109065
605 9.249367 86 13 16 381.05936 0.031109065
606 9.099367 86 13 16 381.66965 0.023327256
607 8.949368 86 13 16 382.15793 0.023327256
608 8.799368 86 13 16 382.64627 0.032021333
609 8.649368 86 13 16 383.25656 0.023329688
610 8.499369 86 13 16 383.74475 0.01556962
611 8.349369 86 13 16 384.05002 0.0233294
612 8.199369 86 13 16 384.53836 0.031925038
613 8.04937 86 13 16 385.14886 0.04665431
614 7.8993697 86 13 16 386.06427 0.034351368
615 7.7493696 87 13 16 386.73557 0.02335309
616 7.5993695 87 13 16 387.22394 0.034005217
617 7.4493694 87 13 16 387.89532 0.033610627
618 7.2993693 87 13 16 388.5667 0.03320137
619 7.1493692 87 13 16 389.2381 0.032786984
620 6.999369 88 14 16 389.91153 0.023327256
621 6.849369 88 14 16 390.3998 0.023327256
622 6.699369 88 14 16 390.88818 0.03469981
623 6.549369 88 14 16 391.55957 0.034385268
624 6.399369 89 14 16 392.23093 0.031118684
625 6.2493687 89 14 16 392.84122 0.023347147
626 6.0993686 89 14 16 393.3296 0.03408088
627 5.9493685 89 14 16 394.00098 0.033744574
628 5.7993684 89 14 16 394.67236 0.033393018
629 5.6493683 90 14 16 395.34366 0.023410449
630 5.499368 90 14 16 395.83194 0.023406595
631 5.349368 90 15 16 396.32037 0.023326874
632 5.199368 90 15 16 396.80875 0.034785025
633 5.049368 91 15 16 397.48004 0.023330647
634 4.899368 91 15 16 397.9684 0.03447866
635 4.7493677 91 15 16 398.6397 0.023341965
636 4.5993676 91 15 16 399.12808 0.034173857
637 4.4493675 91 15 16 399.79947 0.033845253
638 4.2993674 91 15 16 400.47086 0.03351843
639 4.1493673 92 15 16 401.14215 0.023391794
640 3.9993672 92 15 16 401.63043 0.023390012
641 3.8493671 92 15 16 402.1187 0.023388248
642 3.699367 92 15 16 402.607 0.023403758
643 3.549367 92 15 16 403.09528 0.02340204
644 3.3993669 92 15 16 403.58365 0.03326784
645 3.2493668 92 15 16 404.25504 0.03287814
646 3.0993667 92 15 16 404.92633 0.023460055
647 2.9493666 92 15 16 405.4146 0.023454998
648 2.7993665 92 15 16 405.90298 0.032531727
649 2.6493664 92 15 16 406.57437 0.032097362
650 2.4993663 92 15 16 407.2234 0.046417076
651 2.3493662 92 15 16 408.13876 0.031552304
652 2.199366 93 15 16 408.7491 0.031114861
653 2.049366 93 15 16 409.3594 0.0236803
654 1.899366 93 15 16 409.84775 0.031132938
655 1.749366 94 15 16 410.45804 0.023736957
656 1.5993661 94 15 16 410.94638 0.030667655
657 1.4493661 94 15 16 411.55673 0.030130874
658 1.2993661 95 15 16 412.16702 0.023974523
659 1.1493661 95 15 16 412.65536 0.02963271
660 0.99936616 96 15 16 413.26566 0.024090318
661 0.8493662 96 15 16 413.754 0.029175283
662 0.6993662 96 16 16 414.38754 0.023329128
663 0.54936624 96 16 16 414.87582 0.023328869
664 0.39936623 96 16 16 415.3642 0.034572154
665 0.24936622 96 16 16 416.03558 0.03424979
666 0.09936622 96 16 16 416.70688 0.02335587
667 -0.050633788 96 16 16 417.19525 0.033946116
668 -0.2006338 96 16 16 417.86655 0.023362802
669 -0.3506338 96 16 16 418.35483 0.023362802
670 -0.50063384 96 16 16 418.8431 0.023361502
671 -0.6506338 96 16 16 419.33148 0.033652186
672 -0.8006338 96 16 16 420.00287 0.033293135
673 -0.95063376 97 16 16 420.67422 0.03111863
674 -1.1006337 97 16 16 421.28452 0.02342648
675 -1.2506337 97 16 16 421.7729 0.032944202
676 -1.4006337 97 16 16 422.44427 0.032531727
677 -1.5506337 97 16 16 423.11566 0.03212239
678 -1.7006336 98 16 16 423.76898 0.02355977
679 -1.8506336 98 16 16 424.25726 0.02356857
680 -2.0006337 98 16 16 424.7456 0.03178817
681 -2.1506338 98 16 16 425.3559 0.023629492
682 -2.300634 98 16 16 425.84418 0.023614708
683 -2.450634 98 16 16 426.33246 0.023600161
684 -2.600634 98 16 16 426.8208 0.031495288
685 -2.7506342 99 16 16 427.43115 0.031005729
686 -2.9006343 99 16 16 428.0415 0.030472197
687 -3.0506344 99 16 16 428.65186 0.029908912
688 -3.2006345 99 16 16 429.2622 0.029351685
689 -3.3506346 99 16 16 429.8603 0.028788943
690 -3.5006347 99 16 16 430.4096 0.028197736
691 -3.6506348 99 16 16 430.95892 0.027609264
692 -3.8006349 99 16 16 431.5082 0.024653196
693 -3.950635 99 16 16 431.9965 0.024604056
694 -4.100635 99 16 16 432.48477 0.024556676
695 -4.250635 99 16 16 432.97305 0.024503788
696 -4.4006352 99 16 16 433.46133 0.024460092
697 -4.5506353 99 16 16 433.94968 0.03111302
698 -4.7006354 99 16 16 434.55997 0.024375705
699 -4.8506355 99 16 16 435.04825 0.024322046
700 -5.0006356 99 16 16 435.53653 0.02427086
701 -5.1506357 99 16 16 436.0248 0.024222163
702 -5.300636 99 16 16 436.5131 0.02416975
703 -5.450636 99 16 16 437.0014 0.028957555
704 -5.600636 99 16 16 437.55072 0.027873151
705 -5.750636 99 16 16 438.10004 0.026777027
706 -5.900636 100 16 16 438.64932 0.025133066
707 -6.0506363 100 16 16 439.1376 0.026028007
708 -6.2006364 101 16 16 439.6259 0.02542741
709 -6.3506365 101 16 18 440.11417 0.023326874
710 -6.5006366 101 16 18 440.60245 0.023326874
711 -6.6506367 101 16 18 441.09073 0.023326874
712 -6.800637 101 16 18 441.579 0.023326874
713 -6.950637 101 16 18 442.0673 0.023326874
714 -7.100637 101 16 18 442.55557 0.023326874
715 -7.250637 101 16 18 443.04385 0.023326874
716 -7.400637 101 16 18 443.53214 0.023326874
717 -7.5506372 101 16 18 444.02042 0.023326874
718 -7.7006373 101 16 18 444.5088 0.034785025
719 -7.8506374 101 16 18 445.18018 0.034444712
720 -8.000637 101 16 18 445.85156 0.03409807
721 -8.150637 101 16 18 446.52295 0.03373644
722 -8.300636 101 16 18 447.19434 0.033351712
723 -8.450636 101 16 18 447.86563 0.023420352
724 -8.600636 101 16 18 448.3539 0.023416346
725 -8.750635 101 16 18 448.8422 0.023412399
726 -8.900635 101 16 18 449.33047 0.023410449
727 -9.050634 101 16 18 449.81882 0.031107845
728 -9.200634 101 16 18 450.42917 0.031107845
729 -9.350634 101 16 18 451.03946 0.023406595
730 -9.500633 101 16 18 451.52774 0.023402803
731 -9.650633 101 16 18 452.01602 0.023399072
732 -9.800632 101 16 18 452.5043 0.023395402
733 -9.950632 101 16 18 452.99258 0.023410784
734 -10.100632 101 16 18 453.48096 0.03321872
735 -10.250631 101 16 18 454.15234 0.032670785
736 -10.400631 101 16 18 454.8237 0.03214742
737 -10.550631 101 16 18 455.43405 0.031552304
738 -10.70063 101 16 18 456.0444 0.030956244
739 -10.85063 102 16 18 456.65475 0.031102419
740 -11.000629 102 16 18 457.2651 0.030360412
741 -11.150629 102 16 18 457.87546 0.029681435
742 -11.300629 102 16 18 458.48578 0.029005831
743 -11.450628 102 16 18 459.0351 0.028293252
744 -11.600628 103 16 18 459.58438 0.024496535
745 -11.7506275 103 17 18 460.07755 0.031108864
746 -11.900627 103 17 18 460.6879 0.031108864
747 -12.050627 103 17 18 461.29825 0.031108864
748 -12.200626 103 17 18 461.9086 0.031108864
749 -12.350626 103 17 18 462.51895 0.031108864
750 -12.500626 103 17 18 463.1293 0.031108864
751 -12.650625 103 17 18 463.7397 0.034785025
752 -12.800625 104 17 18 464.41098 0.023331365
753 -12.950624 104 17 18 464.89926 0.023331
754 -13.100624 104 17 18 465.38754 0.023331
755 -13.250624 104 17 18 465.87582 0.023331
756 -13.400623 104 17 18 466.3641 0.023331
757 -13.550623 104 17 18 466.85248 0.03447024
758 -13.700623 104 17 18 467.52386 0.03408088
759 -13.850622 104 17 18 468.19525 0.033685677
760 -14.000622 104 17 18 468.86664 0.03328517
761 -14.150621 105 17 18 469.53793 0.023437
762 -14.300621 105 17 18 470.0262 0.023430642
763 -14.450621 105 17 18 470.5146 0.03291116
764 -14.60062 105 17 18 471.18597 0.03246619
765 -14.75062 105 17 18 471.85733 0.03197495
766 -14.9006195 105 17 18 472.46768 0.03148806
767 -15.050619 106 18 18 473.0967 0.023326999
768 -15.200619 106 18 18 473.585 0.023326999
769 -15.350618 106 18 18 474.07327 0.023326999
770 -15.500618 106 18 18 474.56155 0.02332707
771 -15.650618 106 18 18 475.04984 0.02332707
772 -15.800617 106 18 18 475.5382 0.03471681
773 -15.950617 106 18 18 476.2096 0.0344024
774 -16.100616 106 18 18 476.88098 0.034072615
775 -16.250616 107 18 18 477.55228 0.023352833
776 -16.400616 107 18 18 478.04056 0.023370694
777 -16.550615 107 18 18 478.5289 0.031110141
778 -16.700615 107 18 18 479.13928 0.03375272
779 -16.850615 108 18 18 479.81058 0.023387274
780 -17.000614 108 18 18 480.29886 0.023384163
781 -17.150614 108 18 18 480.78714 0.023382632
782 -17.300613 108 18 18 481.27542 0.023381114
783 -17.450613 108 18 18 481.7637 0.023378126
784 -17.600613 108 18 18 482.25208 0.033485048
785 -17.750612 108 18 18 482.92346 0.03306083
786 -17.900612 108 18 18 483.59476 0.023456704
787 -18.050611 108 18 18 484.08313 0.03264764
788 -18.200611 108 18 18 484.75452 0.03216242
789 -18.35061 108 18 18 485.40936 0.031114697
790 -18.50061 108 18 18 486.0197 0.031116737
791 -18.65061 108 18 18 486.63007 0.031673774
792 -18.80061 108 18 18 487.24042 0.031132938
793 -18.95061 108 18 18 487.8507 0.023741426
794 -19.100609 108 18 18 488.339 0.023751967
795 -19.250608 108 18 18 488.82727 0.023730246
796 -19.400608 108 18 18 489.31555 0.02370466
797 -19.550608 108 18 18 489.8039 0.03094228
798 -19.700607 108 18 18 490.41418 0.023801642
799 -19.850607 108 18 18 490.90247 0.023805482
800 -20.000607 108 18 18 491.3908 0.03048573
801 -20.150606 109 18 18 492.00116 0.02974302
802 -20.300606 109 18 18 492.61148 0.029011894
803 -20.450605 109 18 18 493.16077 0.024310667
804 -20.600605 109 18 18 493.64905 0.024267381
805 -20.750605 109 18 18 494.13736 0.028621068
806 -20.900604 110 18 18 494.68665 0.024460092
807 -21.050604 110 18 18 495.17493 0.024390455
808 -21.200603 110 18 18 495.66324 0.028192092
809 -21.350603 110 18 18 496.21255 0.027185688
810 -21.500603 110 18 18 496.76187 0.026124306
811 -21.650602 110 18 18 497.25934 0.025088334
812 -21.800602 111 18 18 497.74762 0.025723318
813 -21.950602 111 18 18 498.2359 0.025534462
814 -22.100601 111 18 18 498.72418 0.025380667
815 -22.2506 111 18 20 499.21255 0.03477651
816 -22.4006 112 18 20 499.88385 0.023329994
817 -22.5506 112 18 20 500.37222 0.034512624
818 -22.7006 112 18 20 501.0436 0.034207646
819 -22.8506 112 18 20 501.715 0.033878855
820 -23.000599 112 18 20 502.38635 0.031118438
821 -23.150599 112 18 20 502.99673 0.033551842
822 -23.300598 112 18 20 503.66812 0.03321872
823 -23.450598 112 18 20 504.33942 0.023434864
824 -23.600597 112 18 20 504.8277 0.023430642
825 -23.750597 112 18 20 505.31598 0.023428554
826 -23.900597 112 18 20 505.80426 0.023424422
827 -24.050596 112 18 20 506.29254 0.023420352
828 -24.200596 112 18 20 506.78082 0.02341834
829 -24.350595 112 18 20 507.2691 0.023414364
830 -24.500595 112 18 20 507.7574 0.023410449
831 -24.650595 112 18 20 508.24567 0.023406595
832 -24.800594 112 18 20 508.73404 0.033093948
833 -24.950594 113 18 20 509.40533 0.02344956
834 -25.100594 113 18 20 509.89362 0.023444876
835 -25.250593 113 18 20 510.3819 0.023437962
836 -25.400593 113 18 20 510.87027 0.03275404
837 -25.550592 113 18 20 511.54166 0.03226019
838 -25.700592 114 18 20 512.19366 0.03110665
839 -25.850592 114 18 20 512.804 0.03174562
840 -26.000591 114 18 20 513.41437 0.031203805
841 -26.15059 114 18 20 514.0247 0.030660795
842 -26.30059 114 18 20 514.6351 0.030081887
843 -26.45059 114 18 20 515.24536 0.023991019
844 -26.60059 114 18 20 515.73364 0.023952723
845 -26.75059 114 18 20 516.222 0.029730175
846 -26.900589 115 18 20 516.8323 0.024078446
847 -27.050589 115 18 20 517.3206 0.029187601
848 -27.200588 116 18 20 517.9309 0.024228582
849 -27.350588 116 18 20 518.4192 0.024200998
850 -27.500587 116 18 20 518.9075 0.024132693
851 -27.650587 116 18 20 519.39575 0.02410823
852 -27.800587 116 18 20 519.88403 0.024079474
853 -27.950586 116 18 20 520.3724 0.029339213
854 -28.100586 116 18 20 520.9827 0.028411813
855 -28.250586 116 18 20 521.593 0.027498947
856 -28.400585 116 18 20 522.0813 0.026525645
857 -28.550585 116 18 20 522.5696 0.025574807
858 -28.700584 116 18 20 523.05786 0.02550926
859 -28.850584 116 18 20 523.54614 0.02537133
860 -29.000584 116 18 20 524.0344 0.02519954
861 -29.150583 116 18 20 524.5227 0.025823282
862 -29.300583 117 18 20 525.011 0.025547909
863 -29.450583 117 18 22 525.49927 0.023326904
864 -29.600582 117 18 22 525.98755 0.023326904
865 -29.750582 117 18 22 526.4758 0.023326904
866 -29.900581 117 18 22 526.96423 0.034785062
867 -30.050581 118 18 22 527.69653 0.023329994
868 -30.20058 118 18 22 528.1848 0.023329688
869 -30.35058 118 18 22 528.6732 0.034512624
870 -30.50058 118 18 22 529.40564 0.034182165
871 -30.65058 118 18 22 530.13806 0.033845253
872 -30.80058 118 18 22 530.8704 0.033485048
873 -30.950579 118 18 22 531.4808 0.03312709
874 -31.100578 118 18 22 532.09106 0.023433428
875 -31.250578 118 18 22 532.57935 0.023428958
876 -31.400578 118 18 22 533.0676 0.023424549
877 -31.550577 118 18 22 533.5559 0.0234202
878 -31.700577 118 18 22 534.0442 0.023434864
879 -31.850576 118 18 22 534.5325 0.023430642
880 -32.000576 118 18 22 535.02075 0.02342648
881 -32.150578 118 18 22 535.5091 0.032944202
882 -32.30058 118 18 22 536.11945 0.03249895
883 -32.45058 118 18 22 536.72974 0.023527352
884 -32.600582 118 18 22 537.218 0.023518374
885 -32.750584 118 18 22 537.7063 0.023506613
886 -32.900585 118 18 22 538.19464 0.03216242
887 -33.050587 118 18 22 538.805 0.031659182
888 -33.20059 118 18 22 539.41534 0.031125873
889 -33.35059 118 18 22 540.0257 0.031109208
890 -33.50059 118 18 22 540.63605 0.030548556
891 -33.650593 118 18 22 541.2464 0.029964318
892 -33.800594 118 18 22 541.85675 0.029345443
893 -33.950596 119 18 22 542.46704 0.024175972
894 -34.100597 119 18 22 542.9554 0.028849056
895 -34.2506 119 18 22 543.56573 0.028192092
896 -34.4006 120 18 22 544.176 0.024518333
897 -34.550602 120 18 22 544.6643 0.024474338
898 -34.700603 120 18 22 545.1526 0.024389643
899 -34.850605 120 18 22 545.6409 0.028079929
900 -35.000607 121 18 22 546.2512 0.024566362
901 -35.150608 121 19 22 546.7438 0.034785062
902 -35.30061 121 19 22 547.4761 0.023329688
903 -35.45061 121 19 22 547.96436 0.023329688
904 -35.600613 121 19 22 548.45264 0.023329688
905 -35.750614 121 19 22 548.9409 0.0233294
906 -35.900616 121 19 22 549.4292 0.0233294
907 -36.050617 121 19 22 549.9175 0.0233294
908 -36.20062 121 19 22 550.40576 0.0233294
909 -36.35062 121 19 22 550.89404 0.023329128
910 -36.50062 121 20 22 551.3859 0.031108856
911 -36.650623 121 20 22 551.9963 0.031108856
912 -36.800625 121 20 22 552.6066 0.031108856
913 -36.950626 121 20 22 553.2169 0.023326874
914 -37.100628 121 20 22 553.7052 0.023326874
915 -37.25063 121 20 22 554.1936 0.034785025
916 -37.40063 121 20 22 554.926 0.03447024
917 -37.550632 121 20 22 555.65845 0.034131806
918 -37.700634 121 20 22 556.39087 0.033778116
919 -37.850636 121 20 22 557.1232 0.031106306
920 -38.000637 121 20 22 557.7336 0.03341834
921 -38.15064 122 20 22 558.3439 0.023408514
922 -38.30064 122 20 22 558.8322 0.0330687
923 -38.45064 123 20 22 559.4425 0.023447212
924 -38.600643 123 20 22 559.9308 0.023440251
925 -38.750645 123 20 22 560.41907 0.023435688
926 -38.900646 123 20 22 560.9074 0.03275404
927 -39.050648 124 20 22 561.5177 0.023486245
928 -39.20065 124 20 22 562.006 0.023480887
929 -39.35065 124 20 22 562.49426 0.023472961
930 -39.500652 124 20 22 562.98254 0.02346517
931 -39.650654 124 21 22 563.4762 0.034785025
932 -39.800655 124 21 22 564.2085 0.023330312
933 -39.950657 124 21 22 564.69684 0.031110546
934 -40.10066 124 21 22 565.30725 0.034504194
935 -40.25066 125 21 22 566.0397 0.034173857
936 -40.40066 125 21 22 566.7721 0.033845253
937 -40.550663 126 21 22 567.5044 0.02337234
938 -40.700665 126 21 22 567.9927 0.023370929
939 -40.850666 126 21 22 568.48096 0.023369536
940 -41.000668 126 21 22 568.96924 0.023368157
941 -41.15067 126 21 22 569.4575 0.023366794
942 -41.30067 126 21 22 569.9459 0.033602547
943 -41.450672 127 21 22 570.61945 0.023386497
944 -41.600674 127 21 22 571.1078 0.033234596
945 -41.750675 127 22 22 571.79956 0.023328401
946 -41.900677 127 22 22 572.28796 0.03458061
947 -42.05068 128 22 22 573.02026 0.023336979
948 -42.20068 128 22 22 573.50867 0.034300778
949 -42.35068 128 22 22 574.24097 0.02335309
950 -42.500683 128 22 22 574.72925 0.02335309
951 -42.650684 128 22 22 575.2175 0.023352195
952 -42.800686 128 22 22 575.70593 0.034005217
953 -42.950687 128 22 22 576.43835 0.033669453
954 -43.10069 128 22 22 577.1426 0.023395324
955 -43.25069 128 22 22 577.6309 0.033326406
956 -43.400692 128 22 22 578.2412 0.02342238
957 -43.550694 128 22 22 578.7295 0.02341834
958 -43.700695 128 22 22 579.2178 0.023414364
959 -43.850697 128 22 22 579.70605 0.023410449
960 -44.000698 128 22 22 580.19434 0.023408514
961 -44.1507 128 22 22 580.6826 0.02340469
962 -44.3007 128 22 22 581.1709 0.02340093
963 -44.450703 128 22 22 581.6592 0.023397228
964 -44.600704 128 22 22 582.14746 0.023393588
965 -44.750706 128 22 22 582.63574 0.023390012
966 -44.900707 128 22 22 583.124 0.023388248
967 -45.05071 128 22 22 583.61237 0.031117046
968 -45.20071 128 22 22 584.2227 0.033234596
969 -45.35071 128 22 22 584.833 0.023435688
970 -45.500713 128 22 22 585.3213 0.023431186
971 -45.650715 128 22 22 585.8096 0.023424549
972 -45.800716 128 22 22 586.29785 0.0234202
973 -45.950718 128 22 22 586.7862 0.03289555
974 -46.10072 128 22 22 587.39655 0.032285262
975 -46.25072 128 22 22 588.0069 0.031673774
976 -46.400723 128 22 22 588.61725 0.031019758
977 -46.550724 128 22 22 589.2276 0.030367127
978 -46.700726 128 22 22 589.83795 0.02967504
979 -46.850727 129 22 22 590.44824 0.02412024
980 -47.00073 129 22 22 590.9365 0.02406074
981 -47.15073 129 22 22 591.4248 0.02403899
982 -47.30073 129 22 22 591.9131 0.02401879
983 -47.450733 129 22 22 592.40137 0.023958152
984 -47.600735 129 22 22 592.8897 0.029736592
985 -47.750736 129 22 22 593.5 0.024138836
986 -47.900738 129 22 22 593.9883 0.024096277
987 -48.05074 129 22 22 594.4766 0.029229866
988 -48.20074 129 22 22 595.087 0.028138764
989 -48.350742 129 22 22 595.69727 0.027030056
990 -48.500744 129 22 22 596.18555 0.025873238
991 -48.650745 130 22 22 596.6738 0.025475046
992 -48.800747 130 22 22 597.1621 0.025293522
993 -48.95075 130 22 24 597.65045 0.031108864
994 -49.10075 130 22 24 598.2608 0.031108864
995 -49.25075 130 22 24 598.87115 0.031108864
996 -49.400753 130 22 24 599.4815 0.031108864
997 -49.550755 130 22 24 600.0919 0.034785025
998 -49.700756 130 22 24 600.82434 0.03447024
999 -49.850758 130 22 24 601.55676 0.03414009
1000 -50.00076 130 22 24 602.2892 0.03380351
1001 -50.15076 130 22 24 603.02155 0.03345168

----QMATRIX: [Sensed Threat] > ACTION == UTILITY------
[0.0,1.0,1.0,0.0,1.0,0.0,0.0,0.0] > ACTION_BACK == -7.217147E-4
[1.0,1.0,0.0,0.0,0.0,0.0,1.0,0.0] > ACTION_BACK == -0.05975946
[0.0,1.0,0.0,0.0,0.0,1.0,1.0,1.0] > ACTION_BACK == -0.0074773408
[1.0,1.0,1.0,0.0,0.0,0.0,0.0,0.0] > ACTION_NONE == -0.107859425
[0.0,1.0,1.0,0.0,0.0,1.0,1.0,0.0] > ACTION_BACK == -0.08106475
[0.0,1.0,1.0,0.0,0.0,1.0,0.0,0.0] > ACTION_BACK == -7.9458905E-4
[0.0,1.0,0.0,0.0,1.0,0.0,0.0,1.0] > ACTION_BACK == -0.006626514
[0.0,1.0,0.0,1.0,0.0,1.0,0.0,0.0] > ACTION_BACK == -6.314629E-7
[0.0,1.0,1.0,0.0,1.0,0.0,1.0,0.0] > ACTION_BACK == -0.0072172005
[0.0,0.0,0.0,0.0,0.0,0.0,1.0,0.0] > ACTION_BACK == -6.288431E-4
[0.0,1.0,0.0,0.0,0.0,0.0,0.0,1.0] > ACTION_BACK == -1.06029154E-4
[0.0,0.0,0.0,1.0,0.0,0.0,0.0,0.0] > ACTION_RIGHT == -8.0999994E-4
[0.0,0.0,0.0,1.0,0.0,0.0,1.0,0.0] > ACTION_BACK == -5.9049E-7
[0.0,1.0,0.0,0.0,1.0,0.0,0.0,0.0] > ACTION_BACK == -9.653557E-8
[1.0,1.0,0.0,1.0,0.0,0.0,1.0,1.0] > ACTION_BACK == -6.314629E-7
[0.0,1.0,0.0,0.0,2.0,0.0,0.0,0.0] > ACTION_BACK == -8.0999994E-4
[0.0,1.0,1.0,0.0,0.0,1.0,1.0,1.0] > ACTION_BACK == -0.09059586
[0.0,0.0,0.0,0.0,0.0,0.0,0.0,0.0] > ACTION_NONE == -3.0664338E-5
[0.0,1.0,0.0,0.0,1.0,1.0,0.0,0.0] > ACTION_RIGHT == -4.687787E-9
[0.0,1.0,1.0,0.0,0.0,0.0,1.0,0.0] > ACTION_BACK == -1.1586534E-5
[0.0,1.0,0.0,1.0,0.0,0.0,1.0,1.0] > ACTION_BACK == -0.008909999
[0.0,1.0,0.0,1.0,0.0,0.0,0.0,1.0] > ACTION_BACK == -0.08820951
[1.0,1.0,0.0,0.0,1.0,0.0,1.0,0.0] > ACTION_BACK == -8.100478E-4
[0.0,1.0,1.0,1.0,0.0,0.0,1.0,0.0] > ACTION_BACK == -1.0996044E-6
[0.0,1.0,0.0,0.0,1.0,1.0,1.0,0.0] > ACTION_BACK == -1.231258E-4
[1.0,1.0,0.0,2.0,0.0,1.0,1.0,0.0] > ACTION_BACK == -4.687787E-9
[0.0,1.0,0.0,0.0,0.0,0.0,1.0,1.0] > ACTION_BACK == -0.09735561
[0.0,1.0,0.0,0.0,0.0,1.0,0.0,0.0] > ACTION_BACK == -7.449556E-5
[0.0,1.0,0.0,0.0,0.0,0.0,0.0,0.0] > ACTION_RIGHT == -7.3299883E-4
[0.0,0.0,1.0,0.0,0.0,1.0,0.0,0.0] > ACTION_RIGHT == -0.0081057735
[0.0,1.0,0.0,1.0,0.0,1.0,1.0,1.0] > ACTION_BACK == -6.620049E-5
[0.0,0.0,1.0,0.0,0.0,0.0,1.0,0.0] > ACTION_BACK == -0.0022799354
[0.0,1.0,0.0,0.0,0.0,0.0,1.0,0.0] > ACTION_BACK == -0.00811507
[0.0,1.0,0.0,0.0,1.0,1.0,1.0,1.0] > ACTION_BACK == -0.08100705
[0.0,0.0,0.0,1.0,0.0,0.0,0.0,0.0] > ACTION_BACK == -5.5017248E-5
[1.0,1.0,1.0,0.0,0.0,0.0,1.0,1.0] > ACTION_RIGHT == -0.09081
[0.0,0.0,1.0,0.0,0.0,1.0,1.0,0.0] > ACTION_RIGHT == -6.5609997E-6
[1.0,0.0,0.0,0.0,0.0,1.0,0.0,0.0] > ACTION_NONE == -4.782969E-9
[1.0,1.0,0.0,0.0,0.0,0.0,1.0,1.0] > ACTION_BACK == -0.0073475996
[0.0,1.0,0.0,0.0,0.0,1.0,1.0,0.0] > ACTION_BACK == -2.6083435E-4
[0.0,0.0,1.0,0.0,1.0,1.0,1.0,0.0] > ACTION_BACK == -8.171085E-9
[1.0,1.0,1.0,0.0,0.0,0.0,1.0,0.0] > ACTION_BACK == -0.007794345
[0.0,0.0,0.0,0.0,0.0,0.0,0.0,0.0] > ACTION_RIGHT == -5.7873916E-7
[0.0,0.0,1.0,0.0,0.0,0.0,1.0,1.0] > ACTION_BACK == -6.0175225E-5
[0.0,0.0,1.0,0.0,1.0,1.0,0.0,0.0] > ACTION_BACK == -6.499605E-6
[1.0,0.0,0.0,1.0,1.0,0.0,0.0,0.0] > ACTION_BACK == -3.8707176E-10
[1.0,1.0,1.0,0.0,0.0,0.0,0.0,0.0] > ACTION_BACK == -0.09081
[1.0,0.0,0.0,0.0,0.0,1.0,1.0,0.0] > ACTION_BACK == -4.219008E-10
[0.0,1.0,0.0,1.0,0.0,1.0,1.0,0.0] > ACTION_BACK == -8.100468E-4
[0.0,0.0,0.0,0.0,1.0,1.0,0.0,0.0] > ACTION_BACK == -8.0999994E-4
[1.0,1.0,0.0,0.0,0.0,0.0,0.0,0.0] > ACTION_BACK == -4.782969E-9
[0.0,1.0,0.0,0.0,0.0,0.0,0.0,0.0] > ACTION_BACK == -7.7379285E-4
[1.0,1.0,0.0,0.0,1.0,0.0,1.0,1.0] > ACTION_RIGHT == -0.0090
[0.0,0.0,1.0,0.0,0.0,0.0,0.0,0.0] > ACTION_RIGHT == -1.3027425E-4
[1.0,0.0,0.0,0.0,0.0,0.0,1.0,0.0] > ACTION_BACK == -6.1816325E-5
[1.0,1.0,1.0,0.0,0.0,1.0,1.0,0.0] > ACTION_BACK == -8.0189994E-4
[0.0,0.0,1.0,0.0,0.0,0.0,0.0,0.0] > ACTION_BACK == -9.9718265E-5
[1.0,1.0,0.0,0.0,1.0,0.0,1.0,1.0] > ACTION_BACK == -0.14768806
[0.0,1.0,0.0,1.0,0.0,0.0,0.0,0.0] > ACTION_BACK == -0.008028641
[0.0,0.0,1.0,1.0,0.0,0.0,0.0,0.0] > ACTION_RIGHT == -5.07941E-7
[1.0,1.0,0.0,0.0,0.0,0.0,0.0,0.0] > ACTION_RIGHT == -7.2899995E-5
[1.0,0.0,1.0,0.0,1.0,0.0,1.0,0.0] > ACTION_BACK == -9.079032E-8
[0.0,0.0,1.0,0.0,0.0,0.0,1.0,0.0] > ACTION_RIGHT == -6.862153E-4
[1.0,1.0,1.0,0.0,2.0,0.0,1.0,1.0] > ACTION_NONE == -0.0090
[1.0,0.0,1.0,0.0,0.0,0.0,1.0,0.0] > ACTION_RIGHT == -7.1449285E-5
[0.0,1.0,1.0,0.0,1.0,0.0,0.0,0.0] > ACTION_RIGHT == -6.4304775E-5
[1.0,1.0,0.0,0.0,0.0,0.0,1.0,0.0] > ACTION_RIGHT == -5.2086524E-8
[0.0,1.0,1.0,0.0,0.0,0.0,1.0,1.0] > ACTION_BACK == -0.0013851527
[1.0,1.0,0.0,0.0,0.0,1.0,1.0,0.0] > ACTION_BACK == -9.417816E-8
[0.0,0.0,0.0,0.0,0.0,0.0,0.0,0.0] > ACTION_BACK == -6.5609997E-6
[0.0,1.0,0.0,1.0,0.0,0.0,1.0,0.0] > ACTION_BACK == -0.16217151
[1.0,0.0,1.0,0.0,0.0,0.0,1.0,0.0] > ACTION_BACK == -0.1011369
[0.0,0.0,1.0,0.0,1.0,0.0,1.0,1.0] > ACTION_RIGHT == -4.954208E-8
[0.0,1.0,0.0,0.0,0.0,1.0,0.0,1.0] > ACTION_RIGHT == -8.159048E-4
[0.0,0.0,0.0,0.0,0.0,1.0,1.0,1.0] > ACTION_RIGHT == -5.261265E-8
[0.0,0.0,1.0,0.0,0.0,1.0,1.0,0.0] > ACTION_BACK == -0.09000059
[0.0,0.0,0.0,0.0,1.0,0.0,1.0,1.0] > ACTION_BACK == -7.217147E-4
[1.0,1.0,2.0,0.0,0.0,1.0,0.0,1.0] > ACTION_BACK == -0.0090
[1.0,0.0,1.0,0.0,0.0,0.0,1.0,1.0] > ACTION_NONE == -0.013857957
[1.0,1.0,1.0,0.0,1.0,0.0,1.0,1.0] > ACTION_BACK == -0.098009996
[0.0,0.0,0.0,0.0,1.0,0.0,0.0,0.0] > ACTION_RIGHT == -5.903202E-4
[0.0,0.0,1.0,0.0,1.0,0.0,0.0,0.0] > ACTION_RIGHT == -5.504676E-7
[0.0,1.0,1.0,1.0,0.0,1.0,0.0,1.0] > ACTION_RIGHT == -0.01679049
[0.0,1.0,1.0,0.0,1.0,0.0,1.0,1.0] > ACTION_BACK == -0.0090
[0.0,0.0,0.0,0.0,0.0,1.0,0.0,0.0] > ACTION_RIGHT == -6.373342E-6
[1.0,1.0,1.0,0.0,0.0,1.0,1.0,1.0] > ACTION_BACK == -0.008225846
[0.0,0.0,1.0,0.0,0.0,0.0,0.0,1.0] > ACTION_BACK == -6.1235E-4
[1.0,0.0,0.0,0.0,0.0,1.0,0.0,0.0] > ACTION_BACK == -0.009000048
[1.0,1.0,0.0,1.0,0.0,1.0,0.0,1.0] > ACTION_BACK == -0.096561015
[1.0,0.0,1.0,0.0,0.0,0.0,0.0,0.0] > ACTION_BACK == -6.284686E-6
[1.0,0.0,1.0,0.0,0.0,1.0,0.0,0.0] > ACTION_BACK == -5.3144102E-8
[0.0,1.0,0.0,0.0,1.0,0.0,1.0,0.0] > ACTION_NONE == -7.3530326E-5
[1.0,0.0,0.0,0.0,0.0,1.0,1.0,1.0] > ACTION_BACK == -1.1722998E-6
[1.0,0.0,0.0,0.0,1.0,0.0,1.0,1.0] > ACTION_BACK == -7.290043E-4
[1.0,0.0,1.0,0.0,0.0,1.0,1.0,0.0] > ACTION_BACK == -0.008100478
[0.0,0.0,1.0,0.0,1.0,1.0,1.0,1.0] > ACTION_BACK == -0.008100048
[1.0,1.0,1.0,0.0,0.0,0.0,1.0,1.0] > ACTION_BACK == -0.0981
[1.0,0.0,0.0,0.0,0.0,0.0,0.0,0.0] > ACTION_BACK == -5.397821E-6
[0.0,1.0,0.0,0.0,0.0,0.0,1.0,0.0] > ACTION_RIGHT == -1.1866157E-5
[1.0,0.0,0.0,1.0,0.0,0.0,0.0,0.0] > ACTION_BACK == -1.1544518E-5
[1.0,1.0,1.0,0.0,0.0,1.0,0.0,1.0] > ACTION_BACK == -4.9439106E-9
[1.0,0.0,1.0,0.0,2.0,0.0,1.0,0.0] > ACTION_BACK == -5.261266E-8
[1.0,1.0,0.0,0.0,0.0,1.0,0.0,1.0] > ACTION_BACK == -1.3999801E-4
[1.0,1.0,0.0,1.0,0.0,1.0,0.0,0.0] > ACTION_NONE == -7.2170995E-5
[1.0,1.0,0.0,0.0,1.0,0.0,0.0,1.0] > ACTION_BACK == -7.9244474E-4
[0.0,0.0,1.0,0.0,0.0,1.0,1.0,1.0] > ACTION_BACK == -6.4147695E-5
[1.0,1.0,1.0,0.0,0.0,1.0,0.0,0.0] > ACTION_BACK == -8.660756E-4
[1.0,0.0,0.0,1.0,0.0,0.0,0.0,1.0] > ACTION_BACK == -5.681915E-6
[1.0,1.0,0.0,0.0,1.0,1.0,0.0,1.0] > ACTION_BACK == -6.620049E-5
[1.0,0.0,0.0,1.0,0.0,1.0,1.0,1.0] > ACTION_BACK == -5.845854E-6
[1.0,0.0,1.0,0.0,1.0,1.0,0.0,1.0] > ACTION_BACK == -0.008100048
[1.0,1.0,0.0,0.0,0.0,0.0,0.0,1.0] > ACTION_BACK == -6.4954406E-4
[0.0,1.0,0.0,0.0,0.0,1.0,0.0,1.0] > ACTION_BACK == -0.0046767513
[0.0,1.0,0.0,0.0,0.0,1.0,1.0,0.0] > ACTION_RIGHT == -7.7958386E-5
[0.0,1.0,0.0,0.0,1.0,0.0,1.0,0.0] > ACTION_BACK == -0.1
[1.0,1.0,0.0,1.0,0.0,0.0,0.0,1.0] > ACTION_BACK == -0.100707345
[0.0,1.0,0.0,1.0,0.0,1.0,0.0,1.0] > ACTION_BACK == -0.07362245
[1.0,0.0,0.0,0.0,0.0,0.0,0.0,1.0] > ACTION_BACK == -1.0959398E-6
[1.0,1.0,0.0,0.0,0.0,1.0,1.0,1.0] > ACTION_BACK == -0.0012511705
[0.0,1.0,1.0,0.0,1.0,1.0,0.0,1.0] > ACTION_BACK == -4.3046722E-10
[1.0,0.0,1.0,0.0,0.0,1.0,1.0,1.0] > ACTION_BACK == -1.1731947E-5
[1.0,0.0,2.0,0.0,0.0,0.0,0.0,0.0] > ACTION_BACK == -1.1518113E-5
[0.0,1.0,0.0,0.0,0.0,0.0,0.0,0.0] > ACTION_NONE == -0.0090
[0.0,0.0,0.0,0.0,1.0,0.0,1.0,0.0] > ACTION_NONE == -0.0064959577
[0.0,0.0,0.0,0.0,0.0,1.0,1.0,0.0] > ACTION_NONE == -8.9063695E-7
[0.0,0.0,0.0,0.0,0.0,1.0,1.0,1.0] > ACTION_BACK == -4.6877866E-9
[0.0,1.0,1.0,0.0,0.0,0.0,0.0,1.0] > ACTION_BACK == -7.145589E-5
[1.0,1.0,0.0,0.0,0.0,1.0,0.0,0.0] > ACTION_BACK == -6.944348E-4
[1.0,0.0,1.0,0.0,0.0,0.0,0.0,1.0] > ACTION_BACK == -6.4304354E-6
[0.0,1.0,0.0,0.0,1.0,1.0,0.0,1.0] > ACTION_BACK == -0.0073556113
