-----Simulation Parameters-----
Iteration Length: 200
Iteration Qty: 1000.0
Learning Rate: 0.1
Discount Factor: 0.9
Decay: 0.15
Max View Distance: 10.0

-----SIMULATION STEPS------
Steps | Exploration Rate | QMatrix Size | Crashes | Victories | Distance Moved | Speed
1 99.85 0 0 0 0.62164116 0.015563965
2 99.7 0 0 0 0.93460083 0.031108856
3 99.549995 0 0 0 1.5563965 0.031108856
4 99.399994 0 0 0 2.178202 0.03206743
5 99.24999 0 0 0 2.8188813 0.031989153
6 99.09999 0 0 0 3.4586785 0.03188866
7 98.94999 0 0 0 4.097333 0.015565519
8 98.79999 0 0 0 4.4102993 0.031812012
9 98.64999 0 0 0 5.045123 0.046655152
10 98.499985 0 0 0 5.9795675 0.031117748
11 98.34998 0 0 0 6.6013694 0.03170907
12 98.19998 0 0 0 7.2348046 0.015608837
13 98.04998 0 0 0 7.5487175 0.031103259
14 97.89998 0 0 0 8.17036 0.015605434
15 97.74998 0 0 0 8.485226 0.031102704
16 97.599976 0 0 0 9.107027 0.03163832
17 97.449974 0 0 0 9.739414 0.046638183
18 97.29997 0 0 0 10.673703 0.015641492
19 97.14997 0 0 0 10.988016 0.031110141
20 96.99997 0 0 0 11.609658 0.015635246
21 96.84997 1 1 0 11.923345 0.03206743
22 96.69997 1 1 0 12.564214 0.031993695
23 96.549965 1 1 0 13.204192 0.031916104
24 96.39996 1 1 0 13.843152 0.031820726
25 96.24996 1 1 0 14.477804 0.031116018
26 96.09996 1 1 0 15.099606 0.03174468
27 95.94996 1 1 0 15.732869 0.03401346
28 95.79996 1 1 0 16.412409 0.03147209
29 95.649956 1 1 0 17.041111 0.031376958
30 95.499954 1 1 0 17.666721 0.031282805
31 95.34995 1 1 0 18.292175 0.015763575
32 95.19995 1 1 0 18.605135 0.03110226
33 95.04995 1 1 0 19.22693 0.03110226
34 94.89995 1 1 0 19.848726 0.03110226
35 94.74995 1 1 0 20.470524 0.031193292
36 94.599945 1 1 0 21.09356 0.031093925
37 94.44994 1 1 0 21.715355 0.030977268
38 94.29994 1 1 0 22.334747 0.031112451
39 94.14994 1 1 0 22.960358 0.031112451
40 93.99994 1 1 0 23.58612 0.04653675
41 93.84994 1 1 0 24.5166 0.015955117
42 93.699936 1 1 0 24.837034 0.015923562
43 93.549934 1 1 0 25.157618 0.031104995
44 93.39993 1 1 0 25.775616 0.03258966
45 93.24993 1 1 0 26.423376 0.016117942
46 93.09993 1 1 0 26.747929 0.04648503
47 92.94993 1 1 0 27.67856 0.031117925
48 92.79993 1 1 0 28.300207 0.016117942
49 92.649925 1 1 0 28.624615 0.032154918
50 92.49992 1 1 0 29.261469 0.030308245
51 92.34992 1 1 0 29.868475 0.016506711
52 92.19992 1 1 0 30.196493 0.046348132
53 92.04992 1 1 0 31.1195 0.031076323
54 91.89992 2 2 0 31.761612 0.03110923
55 91.749916 2 2 0 32.385918 0.04667288
56 91.599915 2 2 0 33.31655 0.03110923
57 91.44991 2 2 0 33.942005 0.015565648
58 91.29991 2 2 0 34.254974 0.031993695
59 91.14991 2 2 0 34.89568 0.015571863
60 90.99991 2 2 0 35.208485 0.015571863
61 90.84991 2 2 0 35.521454 0.031916104
62 90.699905 2 2 0 36.162346 0.034334633
63 90.549904 2 2 0 36.84896 0.031102704
64 90.3999 2 2 0 37.474415 0.015602123
65 90.2499 2 2 0 37.78722 0.015598905
66 90.0999 2 2 0 38.10018 0.031120174
67 89.9499 2 2 0 38.725636 0.01559578
68 89.7999 2 2 0 39.038597 0.031119667
69 89.649895 2 2 0 39.66421 0.031673618
70 89.49989 2 2 0 40.297447 0.031107476
71 89.34989 2 2 0 40.9229 0.015623374
72 89.19989 2 2 0 41.23602 0.04663752
73 89.04989 2 2 0 42.17428 0.031107476
74 88.89989 3 2 0 42.799732 0.015623374
75 88.749886 3 3 0 43.11283 0.03206743
76 88.599884 3 3 0 43.753845 0.04667288
77 88.44988 3 3 0 44.68448 0.03110933
78 88.29988 3 3 0 45.31024 0.04667288
79 88.14988 3 3 0 46.240875 0.03110933
80 87.99988 3 3 0 46.866486 0.03110933
81 87.84988 3 3 0 47.49194 0.015566256
82 87.699875 3 3 0 47.80491 0.031989153
83 87.54987 3 3 0 48.445778 0.03188866
84 87.39987 3 3 0 49.08664 0.031113774
85 87.24987 3 3 0 49.71225 0.031113774
86 87.09987 3 3 0 50.337864 0.03178477
87 86.94987 3 3 0 50.9711 0.031118684
88 86.799866 3 3 0 51.596554 0.015588372
89 86.649864 3 3 0 51.909542 0.034106344
90 86.49986 3 3 0 52.588375 0.01565014
91 86.34986 3 3 0 52.90149 0.04663842
92 86.19986 4 3 0 53.832275 0.046638668
93 86.04986 5 3 0 54.76291 0.03144552
94 85.89986 5 3 0 55.39009 0.046621844
95 85.749855 5 3 0 56.320724 0.031286564
96 85.59985 5 3 0 56.943676 0.046586826
97 85.44985 6 3 0 57.874157 0.015797695
98 85.29985 6 3 0 58.19474 0.031156393
99 85.14985 6 3 0 58.812572 0.015868636
100 84.99985 6 3 0 59.133156 0.031038893
101 84.849846 6 3 0 59.751137 0.030865338
102 84.699844 6 3 0 60.369274 0.04648387
103 84.54984 6 3 0 61.29976 0.016102191
104 84.39984 6 3 0 61.625835 0.032212514
105 84.24984 6 3 0 62.26506 0.046383977
106 84.09984 7 4 0 63.190727 0.04667282
107 83.94984 7 4 0 64.1212 0.015563965
108 83.799835 7 4 0 64.426544 0.032062806
109 83.64983 7 4 0 65.06725 0.015566256
110 83.49983 7 4 0 65.38784 0.03110933
111 83.34983 7 4 0 66.01349 0.03463172
112 83.19983 7 4 0 66.70129 0.031812012
113 83.04983 7 4 0 67.3423 0.046655152
114 82.899826 7 4 0 68.272964 0.034114625
115 82.749825 7 4 0 68.95943 0.015637305
116 82.59982 7 4 0 69.28004 0.033778116
117 82.44982 7 4 0 69.95124 0.015709722
118 82.29982 7 4 0 70.25642 0.01569888
119 82.14982 7 4 0 70.561905 0.046620943
120 81.99982 7 4 0 71.49238 0.01569888
121 81.849815 7 4 0 71.797554 0.015690988
122 81.699814 7 4 0 72.10291 0.03351843
123 81.54981 8 4 0 72.77429 0.033093948
124 81.39981 9 4 0 73.43025 0.01589055
125 81.24981 9 4 0 73.750854 0.03272112
126 81.09981 9 4 0 74.406975 0.03225264
127 80.94981 9 4 0 75.04799 0.046434104
128 80.799805 9 4 0 75.97862 0.031116737
129 80.6498 10 4 0 76.604385 0.046417076
130 80.4998 10 4 0 77.534874 0.016303413
131 80.3498 10 4 0 77.870705 0.030415984
132 80.1998 10 4 0 78.48091 0.01638429
133 80.0498 11 4 0 78.81581 0.016315635
134 79.899796 11 4 0 79.151505 0.016249401
135 79.749794 11 4 0 79.487495 0.046452504
136 79.59979 11 4 0 80.417984 0.016249401
137 79.44979 11 4 0 80.753975 0.046452504
138 79.29979 11 4 0 81.68476 0.046417076
139 79.14979 12 4 0 82.61532 0.023611711
140 78.99979 12 4 0 83.08841 0.030364612
141 78.849785 12 5 0 83.705475 0.046672836
142 78.69978 12 5 0 84.635956 0.015564257
143 78.54978 12 5 0 84.95039 0.015564257
144 78.39978 12 5 0 85.25558 0.015564257
145 78.24978 12 5 0 85.567856 0.015564257
146 78.09978 12 5 0 85.87319 0.03110891
147 77.949776 12 5 0 86.49884 0.03471681
148 77.799774 12 5 0 87.1912 0.031111686
149 77.64977 12 5 0 87.81682 0.031852435
150 77.49977 12 5 0 88.45771 0.034233127
151 77.34977 12 5 0 89.14435 0.033870667
152 77.19977 12 5 0 89.81555 0.015688403
153 77.04977 12 5 0 90.12089 0.031403374
154 76.899765 12 5 0 90.74634 0.015723784
155 76.74976 12 5 0 91.05151 0.015715279
156 76.59976 13 5 0 91.357 0.04662153
157 76.44976 14 5 0 92.287476 0.015715279
158 76.29976 14 5 0 92.592834 0.03341834
159 76.14976 15 5 0 93.2642 0.031112524
160 75.999756 15 5 0 93.88981 0.031101014
161 75.849754 16 5 0 94.51542 0.031109985
162 75.69975 17 5 0 95.14103 0.031109985
163 75.54975 17 5 0 95.76664 0.030984104
164 75.39975 17 5 0 96.39225 0.030858785
165 75.24975 18 5 0 97.01771 0.016026268
166 75.09975 19 5 0 97.3383 0.032342985
167 74.949745 19 5 0 97.97901 0.016227715
168 74.79974 20 5 0 98.29975 0.046450567
169 74.64974 20 5 0 99.23023 0.016227715
170 74.49974 20 5 0 99.55082 0.031129075
171 74.34974 20 5 0 100.17628 0.016171796
172 74.19974 20 5 0 100.49671 0.01611267
173 74.049736 20 5 0 100.81731 0.03216242
174 73.899734 20 5 0 101.45817 0.031480845
175 73.74973 20 5 0 102.08376 0.029907646
176 73.59973 21 5 0 102.678856 0.02971326
177 73.44973 22 6 0 103.27713 0.04667282
178 73.29973 22 6 0 104.20792 0.04667282
179 73.14973 22 6 0 105.13855 0.031108864
180 72.999725 22 6 0 105.76431 0.04667282
181 72.849724 22 6 0 106.69495 0.031108864
182 72.69972 22 6 0 107.320564 0.032062806
183 72.54972 22 6 0 107.96127 0.015566956
184 72.39972 22 6 0 108.28171 0.015566595
185 72.24972 22 6 0 108.6023 0.03198462
186 72.09972 22 6 0 109.24317 0.031879805
187 71.949715 22 6 0 109.88404 0.031780448
188 71.79971 22 6 0 110.5249 0.031119168
189 71.64971 22 6 0 111.15051 0.031119168
190 71.49971 23 6 0 111.77615 0.034064353
191 71.34971 23 6 0 112.45917 0.03144552
192 71.19971 24 6 0 113.0847 0.023382632
193 71.049706 24 6 0 113.5578 0.031105401
194 70.899704 24 6 0 114.18343 0.03345168
195 70.7497 24 6 0 114.8548 0.03111372
196 70.5997 25 6 0 115.480255 0.015804786
197 70.4497 25 6 0 115.80086 0.033035584
198 70.2997 25 6 0 116.45682 0.015956257
199 70.1497 25 6 0 116.77742 0.032597348
200 69.999695 25 6 0 117.42554 0.046486218
201 69.84969 26 6 0 118.35602 0.016155424
202 69.69969 27 6 0 118.6766 0.030630024
203 69.54969 27 6 0 119.28696 0.031108646
204 69.39969 27 6 0 119.912575 0.03173828
205 69.24969 27 6 0 120.54893 0.04631478
206 69.099686 27 6 0 121.479416 0.016618468
207 68.949684 28 6 0 121.8151 0.016506711
208 68.79968 28 6 0 122.13936 0.02362204
209 68.64968 28 6 0 122.61246 0.031374216
210 68.49968 29 7 0 123.24487 0.046672825
211 68.34968 29 7 0 124.17566 0.046672825
212 68.19968 29 7 0 125.106445 0.046672825
213 68.049675 29 7 0 126.03709 0.032035083
214 67.89967 29 7 0 126.67795 0.031109698
215 67.74967 29 7 0 127.30359 0.034572154
216 67.59967 29 7 0 127.99005 0.015571829
217 67.44967 29 7 0 128.29588 0.034241453
218 67.29967 29 7 0 128.96724 0.031105598
219 67.149666 29 7 0 129.57762 0.033878855
220 66.999664 30 7 0 130.2489 0.02337376
221 66.84966 30 7 0 130.70676 0.031384703
222 66.69966 31 7 0 131.34764 0.033326406
223 66.54966 31 7 0 132.019 0.03111863
224 66.39966 32 7 0 132.62935 0.031068133
225 66.24966 32 7 0 133.23962 0.023442555
226 66.099655 32 7 0 133.69739 0.023435688
227 65.94965 32 7 0 134.15523 0.030984104
228 65.79965 32 7 0 134.76558 0.031109435
229 65.64965 32 7 0 135.37585 0.023468914
230 65.49965 32 7 0 135.83362 0.023461543
231 65.34965 32 7 0 136.29146 0.030916145
232 65.199646 33 7 0 136.90173 0.023464674
233 65.049644 33 7 0 137.35974 0.046519246
234 64.89964 34 7 0 138.30548 0.016006825
235 64.74964 34 7 0 138.64148 0.046519246
236 64.59964 34 7 0 139.58736 0.031093527
237 64.44964 34 7 0 140.19772 0.032285262
238 64.29964 35 7 0 140.8385 0.023587056
239 64.149635 35 7 0 141.29626 0.023569891
240 63.999634 35 7 0 141.7541 0.030464819
241 63.849632 35 7 0 142.36446 0.031117555
242 63.69963 36 7 0 142.97481 0.031117555
243 63.54963 36 7 0 143.58517 0.03135988
244 63.399628 36 7 0 144.19672 0.030416278
245 63.249626 36 7 0 144.80705 0.029400231
246 63.099625 36 7 0 145.38705 0.045707673
247 62.949623 36 7 0 146.30241 0.028498603
248 62.79962 36 7 0 146.87233 0.028191542
249 62.64962 36 7 0 147.45004 0.031094002
250 62.49962 36 7 0 148.09087 0.026618414
251 62.349617 36 7 2 148.6847 0.04667296
252 62.199615 36 7 2 149.63062 0.03458061
253 62.049614 36 7 2 150.33264 0.04665451
254 61.899612 36 7 2 151.27852 0.031113774
255 61.74961 36 7 2 151.88889 0.031807672
256 61.59961 36 7 2 152.52975 0.03171331
257 61.449608 36 7 2 153.17064 0.033979777
258 61.299606 36 7 2 153.84184 0.015654603
259 61.149605 36 7 2 154.1472 0.033685677
260 60.999603 36 7 2 154.81859 0.033359703
261 60.8496 36 7 2 155.48997 0.033027727
262 60.6996 36 7 2 156.16135 0.0326805
263 60.5496 36 7 2 156.8022 0.030748306
264 60.399597 36 7 2 157.41257 0.03212988
265 60.249596 36 7 2 158.05344 0.031755887
266 60.099594 36 7 2 158.69444 0.046384726
267 59.949593 36 7 2 159.60968 0.016442241
268 59.79959 36 7 2 159.94553 0.031374216
269 59.64959 36 7 2 160.56073 0.030956244
270 59.499588 36 7 2 161.17108 0.031114725
271 59.349586 36 7 2 161.78142 0.029829822
272 59.199585 36 7 2 162.36127 0.030304601
273 59.049583 37 7 2 162.97162 0.031109042
274 58.899582 38 7 2 163.58195 0.029476041
275 58.74958 38 7 2 164.16167 0.01734791
276 58.59958 38 7 2 164.49748 0.02943175
277 58.449577 38 7 2 165.07733 0.031127416
278 58.299576 39 7 2 165.68762 0.023980008
279 58.149574 39 8 2 166.17648 0.03206743
280 57.999573 39 8 2 166.81738 0.03464019
281 57.84957 39 8 2 167.51909 0.01556268
282 57.69957 39 8 2 167.82443 0.031839292
283 57.54957 39 8 2 168.46529 0.031115616
284 57.399567 39 8 2 169.07565 0.03174468
285 57.249565 39 8 2 169.71654 0.034030657
286 57.099564 39 8 2 170.38792 0.033685677
287 56.949562 39 8 2 171.05928 0.031111015
288 56.79956 39 8 2 171.66965 0.031286564
289 56.64956 40 8 2 172.3076 0.033160258
290 56.499557 41 8 2 172.97897 0.03277922
291 56.349556 41 8 2 173.61983 0.03080179
292 56.199554 41 8 2 174.23018 0.030688906
293 56.049553 41 8 2 174.84055 0.031982385
294 55.89955 41 8 2 175.48141 0.031577196
295 55.74955 41 8 2 176.12227 0.030130608
296 55.59955 42 8 2 176.73254 0.023702357
297 55.449547 42 8 2 177.19025 0.01658672
298 55.299545 43 8 2 177.52608 0.03111002
299 55.149544 43 8 2 178.13643 0.03111002
300 54.999542 43 8 2 178.74678 0.03111002
301 54.84954 43 8 2 179.357 0.016535524
302 54.69954 44 8 2 179.69283 0.031093437
303 54.549538 44 8 2 180.30318 0.031093437
304 54.399536 44 8 2 180.91347 0.023633428
305 54.249535 44 8 2 181.40196 0.046385486
306 54.099533 44 8 2 182.31734 0.031182515
307 53.94953 44 8 2 182.92755 0.016798329
308 53.79953 44 8 2 183.26338 0.030716991
309 53.64953 44 8 2 183.87372 0.029570276
310 53.499527 44 8 2 184.45355 0.029387636
311 53.349525 44 8 2 185.03326 0.01754039
312 53.199524 44 8 2 185.36896 0.01736363
313 53.049522 45 8 2 185.70473 0.023888962
314 52.89952 45 9 2 186.18861 0.04667282
315 52.74952 45 9 2 187.13454 0.034785025
316 52.599518 45 9 2 187.83644 0.03447866
317 52.449516 45 9 2 188.52994 0.034173857
318 52.299515 45 9 2 189.20132 0.033845253
319 52.149513 45 9 2 189.87271 0.03351843
320 51.99951 45 9 2 190.5441 0.033185527
321 51.84951 45 9 2 191.21547 0.03281995
322 51.69951 46 9 2 191.85632 0.031115515
323 51.549507 47 9 2 192.4666 0.023462605
324 51.399506 47 9 2 192.92444 0.031112451
325 51.249504 47 9 2 193.5348 0.03249895
326 51.099503 47 9 2 194.17567 0.032097362
327 50.9495 47 9 2 194.81653 0.031114697
328 50.7995 47 9 2 195.42703 0.04643545
329 50.649498 48 9 2 196.34233 0.023583593
330 50.499496 48 9 2 196.8001 0.023573294
331 50.349495 48 9 2 197.25786 0.02356313
332 50.199493 48 9 2 197.7157 0.031108646
333 50.04949 48 9 2 198.32605 0.031108646
334 49.89949 48 9 2 198.93657 0.046453834
335 49.74949 49 9 2 199.88261 0.04641777
336 49.599487 49 9 2 200.82835 0.01632794
337 49.449486 49 9 2 201.16418 0.030410506
338 49.299484 50 9 2 201.77448 0.023610787
339 49.149483 50 9 2 202.26283 0.03142392
340 48.99948 50 9 2 202.87823 0.031117456
341 48.84948 50 9 2 203.48859 0.030773235
342 48.69948 50 9 2 204.09909 0.046148203
343 48.549477 50 9 2 205.01447 0.029840613
344 48.399475 51 9 2 205.59903 0.04587421
345 48.249474 52 10 2 206.51793 0.034750905
346 48.099472 52 10 2 207.21983 0.034444712
347 47.94947 52 10 2 207.91028 0.03414009
348 47.79947 52 10 2 208.58167 0.033819843
349 47.649467 52 10 2 209.25305 0.033510383
350 47.499466 52 10 2 209.92444 0.033160258
351 47.349464 53 10 2 210.59596 0.046570633
352 47.199463 54 10 2 211.54184 0.030984104
353 47.04946 54 10 2 212.15219 0.031104995
354 46.89946 54 10 2 212.76247 0.023459116
355 46.74946 54 10 2 213.22032 0.032622494
356 46.599457 54 10 2 213.86118 0.031117562
357 46.449455 54 10 2 214.47154 0.032220043
358 46.299454 55 10 2 215.1124 0.03047609
359 46.149452 55 10 2 215.7229 0.046418473
360 45.99945 56 10 2 216.63821 0.023589406
361 45.84945 56 10 2 217.1265 0.023597533
362 45.699448 56 10 2 217.6121 0.030367313
363 45.549446 56 10 2 218.22232 0.016403431
364 45.399445 57 10 2 218.55809 0.023611711
365 45.249443 57 10 2 219.04637 0.023601055
366 45.09944 57 10 2 219.53464 0.023583593
367 44.94944 57 10 2 219.99248 0.03041324
368 44.79944 57 10 2 220.60298 0.046384726
369 44.649437 57 10 2 221.51822 0.016461909
370 44.499435 57 10 2 221.85399 0.02359967
371 44.349434 57 10 2 222.34233 0.030308245
372 44.199432 58 10 2 222.95255 0.016515216
373 44.04943 58 10 2 223.28831 0.023618275
374 43.89943 58 10 2 223.7766 0.02359599
375 43.749428 58 10 2 224.2651 0.046382505
376 43.599426 59 10 2 225.19943 0.03130307
377 43.449425 59 10 2 225.80978 0.031120291
378 43.299423 60 11 2 226.42253 0.034776494
379 43.14942 60 11 2 227.1244 0.031911653
380 42.99942 60 11 2 227.7653 0.034334633
381 42.84942 60 11 2 228.44386 0.03401346
382 42.699417 61 11 2 229.11514 0.023355233
383 42.549416 61 11 2 229.5729 0.023354026
384 42.399414 61 11 2 230.03091 0.04663842
385 42.249413 62 11 2 230.97682 0.033702936
386 42.09941 62 11 2 231.64818 0.031111015
387 41.94941 62 11 2 232.25838 0.015723784
388 41.799408 62 11 2 232.56372 0.031312816
389 41.649406 62 11 2 233.2045 0.023391794
390 41.499405 62 11 2 233.66219 0.015741022
391 41.349403 62 11 2 233.96754 0.033251937
392 41.1994 62 11 2 234.6389 0.031035416
393 41.0494 63 11 2 235.24925 0.031121114
394 40.8994 63 11 2 235.85953 0.023451926
395 40.749397 63 11 2 236.31729 0.023447212
396 40.599396 63 11 2 236.77505 0.023442555
397 40.449394 63 11 2 237.23282 0.023435688
398 40.299393 63 11 2 237.69058 0.023431186
399 40.14939 63 11 2 238.14842 0.03110732
400 39.99939 64 11 2 238.7587 0.023426743
401 39.84939 64 11 2 239.21646 0.0234202
402 39.699387 64 11 2 239.67447 0.046589267
403 39.549385 64 11 2 240.62027 0.023426743
404 39.399384 64 11 2 241.07803 0.0234202
405 39.249382 64 11 2 241.53587 0.031121157
406 39.09938 65 11 2 242.14622 0.031042378
407 38.94938 65 11 2 242.75674 0.04655482
408 38.799377 66 11 2 243.70264 0.032458566
409 38.649376 66 11 2 244.34349 0.031112667
410 38.499374 67 11 2 244.95384 0.031112667
411 38.349373 67 11 2 245.56406 0.016225921
412 38.19937 67 11 2 245.89989 0.031094931
413 38.04937 67 11 2 246.51025 0.031902753
414 37.89937 67 11 2 247.15111 0.030949257
415 37.749367 67 11 2 247.76146 0.029915424
416 37.599365 67 11 2 248.35701 0.028990777
417 37.449364 67 11 2 248.93674 0.018208388
418 37.299362 67 11 2 249.30322 0.045842472
419 37.14936 67 11 2 250.21858 0.028298942
420 36.99936 67 11 2 250.77939 0.045232676
421 36.849358 67 11 4 251.69493 0.046672825
422 36.699356 67 11 4 252.64085 0.03474239
423 36.549355 67 11 4 253.34276 0.03447024
424 36.399353 67 11 4 254.03595 0.015577726
425 36.24935 67 11 4 254.34131 0.034199335
426 36.09935 67 11 4 255.01283 0.046637308
427 35.94935 67 11 4 255.95874 0.033878855
428 35.799347 68 11 4 256.63004 0.023368157
429 35.649345 68 11 4 257.11838 0.031415068
430 35.499344 68 11 4 257.72876 0.03341834
431 35.349342 68 11 4 258.40015 0.0330687
432 35.19934 68 11 4 259.07166 0.046552908
433 35.04934 68 11 4 259.98703 0.031116854
434 34.899338 68 11 4 260.59723 0.015886392
435 34.749336 68 11 4 260.9025 0.023437962
436 34.599335 68 11 4 261.39084 0.031111335
437 34.449333 68 11 4 262.00122 0.03275404
438 34.29933 68 11 4 262.6726 0.03235057
439 34.14933 69 11 4 263.3439 0.023526896
440 33.99933 69 11 4 263.8321 0.016139235
441 33.849327 70 11 4 264.13736 0.023518374
442 33.699326 70 11 4 264.62555 0.016081482
443 33.549324 70 11 4 264.93082 0.023495099
444 33.399323 70 11 4 265.41916 0.031117562
445 33.24932 70 11 4 266.02945 0.023505485
446 33.09932 70 11 4 266.51773 0.02349715
447 32.949318 70 11 4 267.006 0.023470068
448 32.799316 70 11 4 267.49435 0.031124985
449 32.649315 70 11 4 268.10486 0.046519782
450 32.499313 70 11 4 269.02017 0.023478277
451 32.34931 70 11 4 269.50845 0.023470068
452 32.19931 70 11 4 269.99673 0.02349712
453 32.04931 70 11 4 270.48502 0.023489244
454 31.89931 70 11 4 270.97336 0.031113978
455 31.74931 71 11 4 271.58365 0.023478959
456 31.59931 71 11 4 272.072 0.031109435
457 31.44931 71 11 4 272.68237 0.032531727
458 31.29931 71 11 4 273.35388 0.046453163
459 31.149311 71 11 4 274.26926 0.030367313
460 30.999311 71 12 4 274.8799 0.023326943
461 30.849312 71 12 4 275.3682 0.023326943
462 30.699312 71 12 4 275.85648 0.023326943
463 30.549313 71 12 4 276.34476 0.023326943
464 30.399313 71 12 4 276.8331 0.031108879
465 30.249313 72 12 4 277.4434 0.023326943
466 30.099314 72 12 4 277.93176 0.032058194
467 29.949314 73 12 4 278.5456 0.03458061
468 29.799314 73 12 4 279.21695 0.031114474
469 29.649315 73 12 4 279.82733 0.034241453
470 29.499315 74 12 4 280.49863 0.023359796
471 29.349316 74 12 4 280.9869 0.023358792
472 29.199316 74 12 4 281.4751 0.015612333
473 29.049316 74 12 4 281.78036 0.023356829
474 28.899317 74 12 4 282.2687 0.031103827
475 28.749317 74 12 4 282.8789 0.015607124
476 28.599318 74 12 4 283.18427 0.03397155
477 28.449318 74 12 4 283.85556 0.023369536
478 28.299318 74 12 4 284.34384 0.023366794
479 28.149319 74 12 4 284.83218 0.03143765
480 27.99932 74 12 4 285.44254 0.031312816
481 27.84932 74 12 4 286.0529 0.031103354
482 27.69932 74 12 4 286.6631 0.015760286
483 27.54932 74 12 4 286.9684 0.031119151
484 27.39932 74 12 4 287.57877 0.03110011
485 27.249321 74 12 4 288.18906 0.023409005
486 27.099321 74 12 4 288.67755 0.04658536
487 26.949322 74 12 4 289.59293 0.03121201
488 26.799322 74 12 4 290.2033 0.03285294
489 26.649323 74 12 4 290.8747 0.032227576
490 26.499323 75 12 4 291.53287 0.030367313
491 26.349323 75 12 4 292.14316 0.023629617
492 26.199324 75 12 4 292.6315 0.03135988
493 26.049324 75 12 4 293.2418 0.023736957
494 25.899324 75 12 4 293.73013 0.030716991
495 25.749325 75 12 4 294.34048 0.029520513
496 25.599325 75 13 4 294.95114 0.023327256
497 25.449326 75 13 4 295.43942 0.023327256
498 25.299326 75 13 4 295.9277 0.023327256
499 25.149326 75 13 4 296.41605 0.032021333
500 24.999327 76 13 4 297.0264 0.031110171
501 24.849327 76 13 4 297.6369 0.04667301
502 24.699327 76 13 4 298.55228 0.031925038
503 24.549328 76 13 4 299.16278 0.046654407
504 24.399328 76 13 4 300.0781 0.023334857
505 24.249329 76 13 4 300.56638 0.023334857
506 24.099329 76 13 4 301.05466 0.023334365
507 23.94933 76 13 4 301.543 0.031112509
508 23.79933 77 13 4 302.15335 0.031112509
509 23.64933 77 13 4 302.76385 0.04665431
510 23.49933 77 13 4 303.67908 0.01556268
511 23.34933 77 13 4 303.98444 0.034342997
512 23.199331 77 13 4 304.65582 0.033912476
513 23.049332 78 13 4 305.32712 0.023378126
514 22.899332 78 13 4 305.81546 0.031103622
515 22.749332 78 13 4 306.4258 0.031103622
516 22.599333 78 13 4 307.03616 0.031122675
517 22.449333 78 13 4 307.64645 0.023376657
518 22.299334 78 13 4 308.13464 0.015669504
519 22.149334 78 13 4 308.44 0.033551842
520 21.999334 78 13 4 309.11136 0.03111372
521 21.849335 78 13 4 309.72156 0.015801229
522 21.699335 79 13 4 310.0269 0.031108996
523 21.549335 79 13 4 310.63718 0.023425573
524 21.399336 79 13 4 311.12567 0.04658645
525 21.249336 79 13 4 312.041 0.023393426
526 21.099337 79 13 4 312.52933 0.031156393
527 20.949337 79 13 4 313.13968 0.031097831
528 20.799337 79 13 4 313.75003 0.031096434
529 20.649338 79 13 4 314.36038 0.031096434
530 20.499338 79 14 4 314.97186 0.034785025
531 20.349339 79 14 4 315.64307 0.015571863
532 20.199339 79 14 4 315.94843 0.034504194
533 20.04934 79 14 4 316.61993 0.046654873
534 19.89934 79 14 4 317.5353 0.031740412
535 19.74934 79 14 4 318.1457 0.034005217
536 19.59934 79 14 4 318.81708 0.033669453
537 19.44934 79 14 4 319.48846 0.033318434
538 19.299341 79 14 4 320.15982 0.031116152
539 19.149342 79 14 4 320.7701 0.02342238
540 18.999342 79 14 4 321.2584 0.02341834
541 18.849342 79 14 4 321.74677 0.033002496
542 18.699343 79 14 4 322.41827 0.046554327
543 18.549343 80 14 4 323.3336 0.023466442
544 18.399343 80 14 4 323.82187 0.023461543
545 18.249344 80 14 4 324.31015 0.023456704
546 18.099344 80 14 4 324.79843 0.02344956
547 17.949345 80 14 4 325.28677 0.031116854
548 17.799345 80 14 4 325.89713 0.031116854
549 17.649345 80 14 4 326.50748 0.031116854
550 17.499346 80 14 4 327.11777 0.023444876
551 17.349346 80 14 4 327.6061 0.030973868
552 17.199347 80 14 4 328.21646 0.031117063
553 17.049347 80 14 4 328.82697 0.0465182
554 16.899347 80 14 4 329.74228 0.023464674
555 16.749348 80 14 4 330.23056 0.023491852
556 16.599348 80 14 4 330.71893 0.03246619
557 16.449348 80 14 4 331.3903 0.031795524
558 16.299349 80 14 4 332.00064 0.031125873
559 16.14935 80 14 4 332.611 0.03042302
560 15.99935 80 14 4 333.22134 0.029681435
561 15.84935 80 14 4 333.83167 0.028903274
562 15.69935 81 14 4 334.381 0.031102909
563 15.549351 81 15 4 334.99252 0.034785025
564 15.399351 81 15 4 335.6639 0.03447866
565 15.2493515 81 15 4 336.3353 0.034173857
566 15.099352 81 15 4 337.00665 0.031106213
567 14.949352 81 15 4 337.61703 0.033870667
568 14.799353 81 15 4 338.28842 0.03351843
569 14.649353 81 15 4 338.9598 0.033193443
570 14.499353 81 15 4 339.63116 0.031104697
571 14.349354 81 15 4 340.24152 0.031104697
572 14.199354 81 15 4 340.85202 0.046570633
573 14.049355 81 15 4 341.76743 0.03277922
574 13.899355 82 15 4 342.4388 0.03237566
575 13.749355 83 15 4 343.1101 0.023539534
576 13.599356 83 15 4 343.59848 0.03200739
577 13.449356 83 15 4 344.21667 0.023587056
578 13.299356 83 15 4 344.70496 0.023576712
579 13.149357 83 15 4 345.19324 0.02356313
580 12.999357 83 15 4 345.68158 0.031110652
581 12.849358 83 15 4 346.29187 0.02357188
582 12.699358 83 15 4 346.7802 0.03178817
583 12.549358 83 15 4 347.3905 0.02362582
584 12.399359 83 15 4 347.87885 0.031117555
585 12.249359 83 15 4 348.4892 0.031117555
586 12.0993595 83 15 4 349.0997 0.046385486
587 11.94936 83 15 4 350.015 0.023644947
588 11.79936 83 15 4 350.5032 0.016448777
589 11.649361 83 15 4 350.80847 0.023626128
590 11.499361 83 15 4 351.29675 0.023608144
591 11.349361 83 15 4 351.7851 0.03155956
592 11.199362 83 15 4 352.39545 0.03088588
593 11.049362 83 15 4 353.0058 0.030144103
594 10.899363 83 15 4 353.61615 0.029251074
595 10.749363 84 15 4 354.22647 0.029011894
596 10.599363 84 16 4 354.80844 0.03464019
597 10.449364 84 16 4 355.47983 0.034342997
598 10.299364 84 16 4 356.1512 0.034038905
599 10.149364 84 16 4 356.8226 0.033719186
600 9.999365 84 16 4 357.494 0.033393018
601 9.849365 84 16 4 358.16537 0.0330687
602 9.699366 84 16 4 358.83676 0.03272112
603 9.549366 84 16 4 359.50806 0.02347823
604 9.399366 84 16 4 359.99634 0.023472961
605 9.249367 84 16 4 360.48468 0.031117063
606 9.099367 84 16 4 361.09503 0.031118626
607 8.949368 84 16 4 361.7054 0.032433465
608 8.799368 85 16 4 362.3767 0.023524344
609 8.649368 85 16 4 362.865 0.023518374
610 8.499369 85 16 4 363.35327 0.023509532
611 8.349369 85 16 4 363.84164 0.032154918
612 8.199369 85 16 4 364.4994 0.03173095
613 8.04937 85 16 4 365.10968 0.02362582
614 7.8993697 85 16 4 365.59796 0.023629492
615 7.7493696 85 16 4 366.0863 0.031110838
616 7.5993695 85 16 4 366.69666 0.031399064
617 7.4493694 85 16 4 367.307 0.030892836
618 7.2993693 85 16 4 367.9173 0.023800815
619 7.1493692 85 16 4 368.40558 0.023777684
620 6.999369 85 16 4 368.89392 0.03111196
621 6.849369 85 16 4 369.5042 0.023750404
622 6.699369 85 16 4 369.99255 0.030647099
623 6.549369 85 17 4 370.65262 0.031109843
624 6.399369 86 17 4 371.26297 0.031109843
625 6.2493687 86 17 4 371.87332 0.031110002
626 6.0993686 86 17 4 372.4837 0.034546606
627 5.9493685 86 17 4 373.1551 0.034233127
628 5.7993684 86 17 4 373.82648 0.033904273
629 5.6493683 86 17 4 374.49786 0.033551842
630 5.499368 86 17 4 375.16925 0.03321872
631 5.349368 86 17 4 375.8406 0.031103406
632 5.199368 86 17 4 376.45096 0.031103406
633 5.049368 86 17 4 377.06125 0.023437
634 4.899368 86 17 4 377.54953 0.023432747
635 4.7493677 86 17 4 378.0378 0.023428554
636 4.5993676 86 17 4 378.5261 0.023424422
637 4.4493675 86 17 4 379.01437 0.02342238
638 4.2993674 86 17 4 379.50266 0.02341834
639 4.1493673 86 17 4 379.99094 0.023414364
640 3.9993672 86 17 4 380.47922 0.023410449
641 3.8493671 86 17 4 380.96756 0.031107845
642 3.699367 86 17 4 381.5779 0.031107845
643 3.549367 86 17 4 382.18826 0.031107845
644 3.3993669 86 17 4 382.7986 0.031107845
645 3.2493668 86 17 4 383.4089 0.023425573
646 3.0993667 86 17 4 383.89725 0.031163631
647 2.9493666 86 17 4 384.5076 0.031125031
648 2.7993665 86 17 4 385.11795 0.031125031
649 2.6493664 86 17 4 385.72824 0.023422364
650 2.4993663 86 17 4 386.2166 0.03285294
651 2.3493662 86 17 4 386.888 0.032227576
652 2.199366 86 17 4 387.539 0.023594026
653 2.049366 86 17 4 388.02734 0.031623933
654 1.899366 86 17 4 388.63763 0.02368374
655 1.749366 86 17 4 389.12598 0.031012738
656 1.5993661 86 17 4 389.73627 0.023816055
657 1.4493661 86 18 4 390.22586 0.034785025
658 1.2993661 86 18 4 390.89725 0.034504194
659 1.1493661 86 18 4 391.56863 0.034199335
660 0.99936616 86 18 4 392.24002 0.033878855
661 0.8493662 86 18 4 392.9114 0.033551842
662 0.6993662 86 18 4 393.5828 0.033226654
663 0.54936624 86 18 4 394.25418 0.032903347
664 0.39936623 86 18 4 394.92557 0.032556854
665 0.24936622 86 18 4 395.59692 0.031101977
666 0.09936622 86 18 4 396.20728 0.031120975
667 -0.050633788 86 18 4 396.81766 0.032194987
668 -0.2006338 87 18 4 397.48795 0.023555478
669 -0.3506338 87 18 4 397.97623 0.023545817
670 -0.50063384 87 18 4 398.4645 0.02353629
671 -0.6506338 87 18 4 398.9528 0.023526896
672 -0.8006338 87 18 4 399.44113 0.03197495
673 -0.95063376 87 18 4 400.05148 0.031552304
674 -1.1006337 87 18 4 400.66177 0.023668382
675 -1.2506337 87 18 4 401.15005 0.023652699
676 -1.4006337 87 18 4 401.6384 0.03111237
677 -1.5506337 87 18 4 402.24875 0.031221502
678 -1.7006336 87 18 4 402.85904 0.02373456
679 -1.8506336 87 18 4 403.34738 0.030787066
680 -2.0006337 87 18 4 403.95773 0.0311111
681 -2.1506338 87 18 4 404.56802 0.023796864
682 -2.300634 87 18 4 405.05637 0.031099545
683 -2.450634 87 19 4 405.66806 0.034776494
684 -2.600634 87 19 4 406.33945 0.03447866
685 -2.7506342 87 19 4 407.01083 0.034182165
686 -2.9006343 87 19 4 407.68222 0.033878855
687 -3.0506344 87 19 4 408.3536 0.033551842
688 -3.2006345 87 19 4 409.025 0.033226654
689 -3.3506346 87 19 4 409.69638 0.03287814
690 -3.5006347 87 19 4 410.36777 0.032531727
691 -3.6506348 87 19 4 411.03906 0.023495099
692 -3.8006349 87 19 4 411.5274 0.031119261
693 -3.950635 87 19 4 412.13776 0.031117562
694 -4.100635 87 19 4 412.74805 0.023489429
695 -4.250635 87 19 4 413.23633 0.023499914
696 -4.4006352 87 19 4 413.7246 0.0234944
697 -4.5506353 87 19 4 414.2129 0.023486245
698 -4.7006354 87 19 4 414.70117 0.023480887
699 -4.8506355 87 19 4 415.18945 0.023472961
700 -5.0006356 87 19 4 415.67783 0.032433465
701 -5.1506357 87 19 4 416.34918 0.031982385
702 -5.300636 87 19 4 416.95953 0.03111452
703 -5.450636 87 19 4 417.56982 0.023601055
704 -5.600636 87 19 4 418.05817 0.03158446
705 -5.750636 87 19 4 418.66846 0.023676313
706 -5.900636 87 19 4 419.15674 0.0236566
707 -6.0506363 87 19 4 419.64508 0.031196697
708 -6.2006364 87 19 4 420.25537 0.023756355
709 -6.3506365 87 19 4 420.7437 0.030766336
710 -6.5006366 87 20 4 421.38257 0.03464867
711 -6.6506367 87 20 4 422.05396 0.034342997
712 -6.800637 87 20 4 422.72534 0.03404716
713 -6.950637 87 20 4 423.39673 0.03373644
714 -7.100637 87 20 4 424.0681 0.03341834
715 -7.250637 87 20 4 424.7395 0.03307658
716 -7.400637 87 20 4 425.4109 0.032746293
717 -7.5506372 87 20 4 426.08218 0.023475587
718 -7.7006373 87 20 4 426.57047 0.023470348
719 -7.8506374 87 20 4 427.0588 0.031117063
720 -8.000637 87 20 4 427.66916 0.031117063
721 -8.150637 87 20 4 428.27945 0.02346517
722 -8.300636 87 20 4 428.76773 0.023460055
723 -8.450636 87 20 4 429.256 0.023454998
724 -8.600636 87 20 4 429.7443 0.023466442
725 -8.750635 87 20 4 430.23257 0.023461543
726 -8.900635 87 20 4 430.72086 0.023456704
727 -9.050634 87 20 4 431.20923 0.03264764
728 -9.200634 87 20 4 431.88052 0.023492256
729 -9.350634 87 20 4 432.36887 0.03111587
730 -9.500633 87 20 4 432.97922 0.03111587
731 -9.650633 87 20 4 433.5895 0.023505485
732 -9.800632 87 20 4 434.0778 0.023478277
733 -9.950632 87 20 4 434.56607 0.023467366
734 -10.100632 87 20 4 435.05435 0.02349712
735 -10.250631 87 20 4 435.54272 0.032408364
736 -10.400631 87 20 4 436.21402 0.02356462
737 -10.550631 87 20 4 436.7023 0.023551956
738 -10.70063 87 20 4 437.19058 0.023539534
739 -10.85063 87 20 4 437.67886 0.023524344
740 -11.000629 87 20 4 438.1672 0.032097362
741 -11.150629 87 20 4 438.7775 0.023626128
742 -11.300629 87 20 4 439.26584 0.031495288
743 -11.450628 87 20 4 439.87613 0.02372166
744 -11.600628 87 20 4 440.36447 0.030892836
745 -11.7506275 87 20 4 440.97482 0.030088482
746 -11.900627 87 21 4 441.602 0.034708306
747 -12.050627 87 21 4 442.27338 0.03441079
748 -12.200626 87 21 4 442.94476 0.034106344
749 -12.350626 87 21 4 443.61615 0.03380351
750 -12.500626 87 21 4 444.28754 0.033477012
751 -12.650625 87 21 4 444.95892 0.033134993
752 -12.800625 87 21 4 445.6303 0.03281217
753 -12.950624 87 21 4 446.3017 0.03246619
754 -13.100624 87 21 4 446.97305 0.03111072
755 -13.250624 87 21 4 447.5834 0.03111072
756 -13.400623 87 21 4 448.1937 0.023512466
757 -13.550623 87 21 4 448.68198 0.023506613
758 -13.700623 87 21 4 449.17026 0.023497956
759 -13.850622 87 21 4 449.65854 0.023492256
760 -14.000622 87 21 4 450.14682 0.02350269
761 -14.150621 87 21 4 450.6352 0.032277703
762 -14.300621 87 21 4 451.30655 0.03185281
763 -14.450621 87 21 4 451.91684 0.02361105
764 -14.60062 87 21 4 452.40512 0.02359656
765 -14.75062 87 21 4 452.89346 0.031116668
766 -14.9006195 87 21 4 453.50375 0.023604594
767 -15.050619 87 21 4 453.9921 0.031577196
768 -15.200619 87 21 4 454.6024 0.0236803
769 -15.350618 87 21 4 455.09067 0.02366051
770 -15.500618 87 21 4 455.579 0.031196697
771 -15.650618 87 21 4 456.1893 0.023760756
772 -15.800617 87 21 4 456.67764 0.030723875
773 -15.950617 87 22 4 457.31995 0.03464019
774 -16.100616 87 22 4 457.99133 0.034342997
775 -16.250616 87 22 4 458.66272 0.034038905
776 -16.400616 87 22 4 459.3341 0.033719186
777 -16.550615 87 22 4 460.0055 0.033393018
778 -16.700615 87 22 4 460.67688 0.0330687
779 -16.850615 87 22 4 461.34827 0.03272112
780 -17.000614 87 22 4 462.01962 0.031104371
781 -17.150614 87 22 4 462.62997 0.031104371
782 -17.300613 87 22 4 463.24033 0.031104371
783 -17.450613 87 22 4 463.85068 0.031104371
784 -17.600613 87 22 4 464.46097 0.02347823
785 -17.750612 87 22 4 464.94925 0.023470348
786 -17.900612 87 22 4 465.43753 0.02346517
787 -18.050611 87 22 4 465.9258 0.023460055
788 -18.200611 87 22 4 466.4141 0.023452492
789 -18.35061 87 22 4 466.90247 0.032556854
790 -18.50061 87 22 4 467.57385 0.032097362
791 -18.65061 87 22 4 468.22177 0.031120852
792 -18.80061 87 22 4 468.83206 0.023573294
793 -18.95061 87 22 4 469.3204 0.0316987
794 -19.100609 87 22 4 469.9307 0.023644947
795 -19.250608 87 22 4 470.41898 0.023629617
796 -19.400608 87 22 4 470.90732 0.03131736
797 -19.550608 87 22 4 471.5176 0.02372166
798 -19.700607 87 22 4 472.0059 0.023700448
799 -19.850607 87 22 4 472.49423 0.030949257
800 -20.000607 87 23 4 473.11685 0.03471681
801 -20.150606 87 23 4 473.78824 0.03443631
802 -20.300606 87 23 4 474.45963 0.034131806
803 -20.450605 87 23 4 475.131 0.033811674
804 -20.600605 87 23 4 475.8024 0.03349309
805 -20.750605 87 23 4 476.4738 0.033168174
806 -20.900604 87 23 4 477.14517 0.03281995
807 -21.050604 87 23 4 477.81656 0.03247383
808 -21.200603 87 23 4 478.48785 0.023506613
809 -21.350603 87 23 4 478.97614 0.023500826
810 -21.500603 87 23 4 479.46442 0.023492256
811 -21.650602 87 23 4 479.9527 0.023486618
812 -21.800602 87 23 4 480.44098 0.023499914
813 -21.950602 87 23 4 480.92926 0.02349167
814 -22.100601 87 23 4 481.41754 0.023486245
815 -22.2506 87 23 4 481.9059 0.03236807
816 -22.4006 87 23 4 482.57727 0.03194254
817 -22.5506 87 23 4 483.18762 0.03151294
818 -22.7006 87 23 4 483.7979 0.023661649
819 -22.8506 87 23 4 484.2862 0.023664441
820 -23.000599 87 23 4 484.77454 0.031117046
821 -23.150599 87 23 4 485.3849 0.0311896
822 -23.300598 87 23 4 485.99518 0.023747593
823 -23.450598 87 23 4 486.48346 0.023725946
824 -23.600597 87 23 4 486.97174 0.023708887
825 -23.750597 87 23 4 487.46008 0.030899802
826 -23.900597 87 23 4 488.07037 0.023814866
827 -24.050596 87 23 4 488.55872 0.030429767
828 -24.200596 87 24 4 489.22913 0.034504194
829 -24.350595 87 24 4 489.9005 0.034207646
830 -24.500595 87 24 4 490.5719 0.033904273
831 -24.650595 87 24 4 491.2433 0.033577193
832 -24.800594 87 24 4 491.91467 0.033251937
833 -24.950594 87 24 4 492.58606 0.03291116
834 -25.100594 87 24 4 493.25745 0.032564525
835 -25.250593 87 24 4 493.9288 0.031117562
836 -25.400593 87 24 4 494.5391 0.023489429
837 -25.550592 87 24 4 495.02737 0.023499914
838 -25.700592 87 24 4 495.51566 0.0234944
839 -25.850592 87 24 4 496.00394 0.02348895
840 -26.000591 87 24 4 496.49222 0.023480887
841 -26.15059 87 24 4 496.9805 0.023475587
842 -26.30059 87 24 4 497.46887 0.032433465
843 -26.45059 87 24 4 498.14023 0.03200739
844 -26.60059 87 24 4 498.75058 0.031577196
845 -26.75059 87 24 4 499.36087 0.023664441
846 -26.900589 87 24 4 499.84915 0.023648815
847 -27.050589 87 24 4 500.3375 0.031110048
848 -27.200588 87 24 4 500.94785 0.031246312
849 -27.350588 87 24 4 501.5582 0.030766336
850 -27.500587 87 24 4 502.1685 0.023811236
851 -27.650587 87 24 4 502.65677 0.023824304
852 -27.800587 87 24 4 503.14505 0.02379616
853 -27.950586 87 24 4 503.6334 0.03048573
854 -28.100586 87 25 4 504.27005 0.03467424
855 -28.250586 87 25 4 504.94144 0.034368504
856 -28.400585 87 25 4 505.61282 0.034072615
857 -28.550585 87 25 4 506.2842 0.033744574
858 -28.700584 87 25 4 506.9556 0.033426356
859 -28.850584 87 25 4 507.62698 0.033101834
860 -29.000584 87 25 4 508.29837 0.03275404
861 -29.150583 87 25 4 508.96967 0.023472961
862 -29.300583 87 25 4 509.45795 0.02346517
863 -29.450583 87 25 4 509.94623 0.023460055
864 -29.600582 87 25 4 510.4345 0.023454998
865 -29.750582 87 25 4 510.9228 0.023468914
866 -29.900581 87 25 4 511.41107 0.023463985
867 -30.050581 87 25 4 511.89935 0.023459116
868 -30.20058 87 25 4 512.38763 0.023454309
869 -30.35058 87 25 4 512.8759 0.02344956
870 -30.50058 87 25 4 513.3642 0.023444876
871 -30.65058 87 25 4 513.8525 0.023437962
872 -30.80058 87 25 4 514.3408 0.032746293
873 -30.950579 87 25 4 514.9511 0.02349167
874 -31.100578 87 25 4 515.43945 0.031107599
875 -31.250578 87 25 4 516.04974 0.02348356
876 -31.400578 87 25 4 516.538 0.02347823
877 -31.550577 87 25 4 517.0263 0.023489244
878 -31.700577 87 25 4 517.5146 0.023481505
879 -31.850576 87 25 4 518.00287 0.023473905
880 -32.000576 87 25 4 518.4912 0.03253939
881 -32.150578 87 25 4 519.10156 0.031121595
882 -32.30058 87 25 4 519.71185 0.023533413
883 -32.45058 87 25 4 520.20013 0.023521353
884 -32.600582 87 25 4 520.6884 0.023509532
885 -32.750584 87 25 4 521.17676 0.03216242
886 -32.900585 87 25 4 521.78705 0.023608144
887 -33.050587 87 25 4 522.2754 0.031594835
888 -33.20059 87 25 4 522.8857 0.023700448
889 -33.35059 87 25 4 523.374 0.030956244
890 -33.50059 87 25 4 523.9844 0.030150734
891 -33.650593 87 26 4 524.596 0.03464019
892 -33.800594 87 26 4 525.3284 0.034342997
893 -33.950596 87 26 4 526.06085 0.034038905
894 -34.100597 87 26 4 526.7933 0.033719186
895 -34.2506 87 26 4 527.52563 0.03341033
896 -34.4006 87 26 4 528.136 0.0330687
897 -34.550602 87 26 4 528.74634 0.03272112
898 -34.700603 87 26 4 529.3567 0.031102775
899 -34.850605 87 26 4 529.967 0.023475587
900 -35.000607 87 26 4 530.45526 0.023470348
901 -35.150608 87 26 4 530.94354 0.02346517
902 -35.30061 87 26 4 531.4318 0.023460055
903 -35.45061 87 26 4 531.9201 0.023454998
904 -35.600613 87 26 4 532.4084 0.023468914
905 -35.750614 87 26 4 532.89667 0.023461543
906 -35.900616 87 26 4 533.38495 0.023456704
907 -36.050617 87 26 4 533.8732 0.023451926
908 -36.20062 87 26 4 534.3616 0.03266306
909 -36.35062 87 26 4 534.9719 0.032220043
910 -36.50062 87 26 4 535.5823 0.03110665
911 -36.650623 87 26 4 536.19257 0.023565276
912 -36.800625 87 26 4 536.6809 0.03182048
913 -36.950626 87 26 4 537.2912 0.023614524
914 -37.100628 87 26 4 537.7795 0.02359967
915 -37.25063 87 26 4 538.2678 0.031431112
916 -37.40063 87 26 4 538.8781 0.023687895
917 -37.550632 87 26 4 539.3664 0.023667267
918 -37.700634 87 26 4 539.85474 0.031062247
919 -37.850636 87 26 4 540.465 0.023782281
920 -38.000637 87 26 4 540.9533 0.023754913
921 -38.15064 87 26 4 541.4416 0.023765173
922 -38.30064 87 26 4 541.9299 0.02373456
923 -38.45064 87 26 4 542.41815 0.023708887
924 -38.600643 87 26 4 542.9065 0.030906776
925 -38.750645 87 26 4 543.5168 0.023830602
926 -38.900646 87 26 4 544.00507 0.023824304
927 -39.050648 87 26 4 544.49335 0.023786893
928 -39.20065 87 27 4 544.98334 0.034785025
929 -39.35065 87 27 4 545.71576 0.034504194
930 -39.500652 87 27 4 546.4482 0.034199335
931 -39.650654 87 27 4 547.1806 0.033878855
932 -39.800655 87 27 4 547.91296 0.033551842
933 -39.950657 87 27 4 548.5233 0.033226654
934 -40.10066 87 27 4 549.13367 0.032885946
935 -40.25066 87 27 4 549.744 0.03253939
936 -40.40066 87 27 4 550.3543 0.023495099
937 -40.550663 87 27 4 550.8426 0.023489429
938 -40.700665 87 27 4 551.3309 0.02350269
939 -40.850666 87 27 4 551.81915 0.0234944
940 -41.000668 87 27 4 552.30743 0.02348895
941 -41.15067 87 27 4 552.7957 0.02348356
942 -41.30067 87 27 4 553.284 0.023475587
943 -41.450672 87 27 4 553.77234 0.032415975
944 -41.600674 87 27 4 554.3827 0.03199995
945 -41.750675 87 27 4 554.99304 0.031552304
946 -41.900677 87 27 4 555.60333 0.023668382
947 -42.05068 87 27 4 556.0916 0.023652699
948 -42.20068 87 27 4 556.5799 0.023637254
949 -42.35068 87 27 4 557.06824 0.03130307
950 -42.500683 87 27 4 557.6786 0.030787066
951 -42.650684 87 27 4 558.2889 0.0237921
952 -42.800686 87 27 4 558.77716 0.023805482
953 -42.950687 87 27 4 559.26544 0.023777684
954 -43.10069 87 27 4 559.7538 0.03054175
955 -43.25069 87 28 4 560.36615 0.034682732
956 -43.400692 87 28 4 561.0986 0.0344024
957 -43.550694 87 28 4 561.831 0.03408088
958 -43.700695 87 28 4 562.5634 0.033778116
959 -43.850697 87 28 4 563.2958 0.03345168
960 -44.000698 87 28 4 563.9061 0.03312709
961 -44.1507 87 28 4 564.5165 0.03277922
962 -44.3007 87 28 4 565.12683 0.032433465
963 -44.450703 87 28 4 565.7372 0.031112505
964 -44.600704 87 28 4 566.3475 0.023518374
965 -44.750706 87 28 4 566.83575 0.023509532
966 -44.900707 87 28 4 567.32404 0.023503713
967 -45.05071 87 28 4 567.8123 0.023495099
968 -45.20071 87 28 4 568.3006 0.023489429
969 -45.35071 87 28 4 568.7889 0.023499914
970 -45.500713 87 28 4 569.2772 0.032285262
971 -45.650715 87 28 4 569.8876 0.031860195
972 -45.800716 87 28 4 570.49786 0.023603776
973 -45.950718 87 28 4 570.98615 0.023592979
974 -46.10072 87 28 4 571.4745 0.03111452
975 -46.25072 87 28 4 572.0848 0.023601055
976 -46.400723 87 28 4 572.5731 0.03158446
977 -46.550724 87 28 4 573.1834 0.02367234
978 -46.700726 87 28 4 573.6717 0.0236566
979 -46.850727 87 28 4 574.16003 0.031239204
980 -47.00073 87 28 4 574.7703 0.023751967
981 -47.15073 87 28 4 575.2586 0.023730246
982 -47.30073 87 28 4 575.74695 0.030836465
983 -47.450733 87 29 4 576.3584 0.03464019
984 -47.600735 87 29 4 577.0908 0.034342997
985 -47.750736 87 29 4 577.82324 0.034038905
986 -47.900738 87 29 4 578.55566 0.033719186
987 -48.05074 87 29 4 579.288 0.033393018
988 -48.20074 87 29 4 579.8984 0.0330687
989 -48.350742 87 29 4 580.5087 0.03272112
990 -48.500744 87 29 4 581.119 0.02347823
991 -48.650745 87 29 4 581.6073 0.023472961
992 -48.800747 87 29 4 582.0956 0.02346517
993 -48.95075 87 29 4 582.58386 0.023460055
994 -49.10075 87 29 4 583.07214 0.023454998
995 -49.25075 87 29 4 583.5604 0.023468914
996 -49.400753 87 29 4 584.0487 0.023463985
997 -49.550755 87 29 4 584.537 0.023459116
998 -49.700756 87 29 4 585.02527 0.023454309
999 -49.850758 87 29 4 585.51355 0.023447212
1000 -50.00076 87 29 4 586.00183 0.023442555
1001 -50.15076 87 29 4 586.4902 0.03272112

----QMATRIX: [Sensed Threat] > ACTION == UTILITY------
[1.0,1.0,1.0,0.0,1.0,0.0,1.0,0.0] > ACTION_BACK == -0.04619182
[0.0,1.0,1.0,1.0,1.0,0.0,1.0,1.0] > ACTION_BACK == -0.0012883842
[1.0,1.0,0.0,1.0,1.0,1.0,1.0,0.0] > ACTION_BACK == -2.8490587E-4
[0.0,1.0,0.0,1.0,0.0,0.0,0.0,0.0] > ACTION_BACK == -2.050996E-6
[0.0,0.0,1.0,0.0,0.0,0.0,0.0,0.0] > ACTION_BACK == -1.8575E-7
[1.0,1.0,1.0,0.0,0.0,1.0,1.0,0.0] > ACTION_BACK == -0.10724876
[0.0,1.0,1.0,0.0,0.0,1.0,0.0,1.0] > ACTION_BACK == -0.0030357752
[0.0,1.0,0.0,1.0,1.0,0.0,1.0,0.0] > ACTION_RIGHT == -0.0015389998
[1.0,1.0,1.0,0.0,0.0,1.0,0.0,1.0] > ACTION_BACK == -0.0094610555
[0.0,1.0,0.0,1.0,0.0,1.0,0.0,0.0] > ACTION_RIGHT == -3.6963452E-6
[0.0,1.0,1.0,0.0,0.0,1.0,1.0,1.0] > ACTION_NONE == -0.0015163928
[1.0,1.0,1.0,0.0,0.0,0.0,1.0,1.0] > ACTION_NONE == -0.103242196
[0.0,1.0,1.0,1.0,0.0,1.0,0.0,1.0] > ACTION_BACK == -0.0090
[0.0,1.0,1.0,0.0,0.0,0.0,1.0,0.0] > ACTION_NONE == -0.171
[0.0,0.0,1.0,1.0,0.0,0.0,0.0,0.0] > ACTION_NONE == -7.770922E-8
[1.0,1.0,1.0,0.0,1.0,1.0,0.0,1.0] > ACTION_BACK == -0.0013439051
[0.0,1.0,0.0,1.0,0.0,1.0,1.0,0.0] > ACTION_BACK == -9.399136E-5
[0.0,1.0,1.0,1.0,1.0,1.0,1.0,1.0] > ACTION_NONE == -6.8207516E-4
[1.0,1.0,0.0,1.0,0.0,1.0,1.0,0.0] > ACTION_BACK == -1.1219311E-6
[1.0,1.0,1.0,1.0,1.0,1.0,0.0,1.0] > ACTION_BACK == -1.3478703E-4
[0.0,1.0,0.0,1.0,0.0,1.0,1.0,0.0] > ACTION_NONE == -7.048985E-5
[0.0,1.0,1.0,0.0,0.0,1.0,1.0,1.0] > ACTION_RIGHT == -8.0999994E-4
[1.0,1.0,1.0,1.0,0.0,1.0,0.0,1.0] > ACTION_RIGHT == -7.139108E-5
[0.0,1.0,0.0,1.0,1.0,1.0,1.0,1.0] > ACTION_BACK == -7.819518E-5
[0.0,1.0,1.0,0.0,1.0,0.0,1.0,1.0] > ACTION_BACK == -0.0011543866
[0.0,0.0,1.0,0.0,0.0,0.0,0.0,0.0] > ACTION_RIGHT == -1.2332658E-9
[1.0,1.0,1.0,1.0,1.0,1.0,1.0,1.0] > ACTION_NONE == -0.035516083
[1.0,1.0,1.0,0.0,0.0,1.0,0.0,1.0] > ACTION_RIGHT == -8.0999994E-4
[0.0,0.0,1.0,0.0,0.0,0.0,0.0,0.0] > ACTION_NONE == -4.172946E-9
[0.0,1.0,0.0,1.0,0.0,1.0,0.0,0.0] > ACTION_BACK == -1.7799981E-5
[1.0,0.0,0.0,1.0,1.0,0.0,1.0,0.0] > ACTION_BACK == -9.804928E-4
[0.0,0.0,1.0,0.0,1.0,1.0,1.0,0.0] > ACTION_BACK == -1.1114867E-5
[1.0,1.0,1.0,0.0,0.0,0.0,1.0,0.0] > ACTION_BACK == -0.171
[0.0,1.0,1.0,0.0,1.0,0.0,1.0,0.0] > ACTION_RIGHT == -1.28726815E-5
[1.0,0.0,1.0,0.0,1.0,0.0,1.0,0.0] > ACTION_BACK == -0.0195916
[0.0,0.0,1.0,1.0,0.0,0.0,0.0,0.0] > ACTION_RIGHT == -4.459883E-8
[1.0,1.0,1.0,1.0,0.0,1.0,1.0,0.0] > ACTION_RIGHT == -6.5609997E-6
[1.0,1.0,0.0,1.0,1.0,0.0,1.0,1.0] > ACTION_RIGHT == -3.8106475E-4
[1.0,1.0,1.0,1.0,0.0,1.0,0.0,1.0] > ACTION_BACK == -0.0013210115
[0.0,1.0,1.0,0.0,0.0,1.0,1.0,0.0] > ACTION_BACK == -0.09000004
[1.0,1.0,1.0,0.0,0.0,1.0,1.0,1.0] > ACTION_BACK == -0.13431312
[1.0,1.0,1.0,1.0,1.0,0.0,1.0,0.0] > ACTION_BACK == -1.1501173E-4
[1.0,1.0,1.0,1.0,1.0,0.0,1.0,1.0] > ACTION_NONE == -2.4971625E-5
[0.0,1.0,1.0,1.0,0.0,1.0,1.0,0.0] > ACTION_BACK == -2.8848799E-5
[0.0,1.0,0.0,1.0,1.0,0.0,1.0,1.0] > ACTION_BACK == -6.607374E-5
[0.0,1.0,1.0,0.0,0.0,0.0,1.0,1.0] > ACTION_RIGHT == -0.099
[1.0,1.0,0.0,1.0,1.0,1.0,1.0,1.0] > ACTION_NONE == -7.1449285E-5
[1.0,1.0,1.0,1.0,0.0,1.0,0.0,1.0] > ACTION_NONE == -7.4004807E-4
[1.0,1.0,1.0,1.0,0.0,1.0,1.0,1.0] > ACTION_BACK == -1.1680728E-5
[0.0,1.0,0.0,1.0,1.0,1.0,1.0,0.0] > ACTION_NONE == -5.358799E-4
[0.0,1.0,0.0,1.0,1.0,1.0,1.0,0.0] > ACTION_BACK == -0.0013247441
[1.0,1.0,0.0,1.0,1.0,1.0,1.0,1.0] > ACTION_BACK == -0.19035877
[1.0,0.0,1.0,0.0,1.0,1.0,1.0,0.0] > ACTION_BACK == -0.009113166
[0.0,1.0,1.0,0.0,1.0,0.0,1.0,1.0] > ACTION_RIGHT == -0.1
[0.0,1.0,1.0,1.0,0.0,1.0,1.0,1.0] > ACTION_BACK == -1.09713736E-4
[0.0,1.0,1.0,0.0,1.0,1.0,0.0,1.0] > ACTION_BACK == -0.0036112082
[1.0,1.0,1.0,1.0,0.0,1.0,1.0,1.0] > ACTION_NONE == -6.5609997E-6
[0.0,1.0,0.0,1.0,0.0,0.0,1.0,0.0] > ACTION_BACK == -5.3144102E-8
[0.0,1.0,0.0,1.0,1.0,0.0,1.0,1.0] > ACTION_NONE == -4.841837E-5
[1.0,1.0,1.0,1.0,1.0,1.0,1.0,1.0] > ACTION_BACK == -3.0829525E-4
[0.0,1.0,1.0,0.0,0.0,1.0,1.0,0.0] > ACTION_NONE == -1.8306437E-5
[0.0,1.0,0.0,1.0,0.0,0.0,0.0,0.0] > ACTION_RIGHT == -7.7436783E-7
[0.0,1.0,1.0,0.0,1.0,1.0,1.0,0.0] > ACTION_BACK == -0.0028931575
[1.0,1.0,0.0,1.0,1.0,0.0,1.0,0.0] > ACTION_BACK == -0.15973225
[0.0,0.0,1.0,0.0,1.0,0.0,1.0,0.0] > ACTION_RIGHT == -0.008103459
[1.0,1.0,1.0,1.0,1.0,1.0,1.0,1.0] > ACTION_RIGHT == -0.017099999
[0.0,1.0,1.0,1.0,1.0,1.0,1.0,1.0] > ACTION_BACK == -0.014668943
[0.0,1.0,1.0,1.0,1.0,1.0,0.0,1.0] > ACTION_BACK == -1.4780545E-4
[1.0,1.0,1.0,0.0,1.0,0.0,1.0,0.0] > ACTION_RIGHT == -1.3717271E-4
[1.0,1.0,1.0,0.0,0.0,0.0,1.0,1.0] > ACTION_BACK == -0.15449162
[1.0,1.0,1.0,0.0,1.0,1.0,0.0,0.0] > ACTION_BACK == -1.6480574E-6
[0.0,1.0,1.0,1.0,1.0,0.0,1.0,1.0] > ACTION_NONE == -0.0152426595
[0.0,1.0,0.0,1.0,1.0,0.0,1.0,0.0] > ACTION_BACK == -7.2861294E-4
[0.0,0.0,1.0,1.0,0.0,0.0,0.0,0.0] > ACTION_BACK == -4.360017E-7
[1.0,1.0,0.0,1.0,1.0,0.0,1.0,1.0] > ACTION_BACK == -1.2761929E-4
[0.0,1.0,1.0,0.0,1.0,1.0,1.0,1.0] > ACTION_BACK == -6.865384E-4
[1.0,1.0,0.0,1.0,1.0,0.0,1.0,0.0] > ACTION_RIGHT == -5.5463443E-4
[1.0,1.0,1.0,1.0,0.0,1.0,1.0,0.0] > ACTION_BACK == -5.9686838E-5
[0.0,0.0,1.0,0.0,1.0,0.0,1.0,0.0] > ACTION_BACK == -3.8699824E-10
[1.0,1.0,0.0,1.0,1.0,0.0,1.0,0.0] > ACTION_NONE == -0.09005168
[0.0,1.0,1.0,0.0,1.0,0.0,1.0,0.0] > ACTION_BACK == -5.4959895E-4
[1.0,1.0,0.0,1.0,1.0,1.0,1.0,1.0] > ACTION_RIGHT == -1.0943958E-6
[0.0,1.0,1.0,0.0,0.0,1.0,1.0,1.0] > ACTION_BACK == -0.104818985
[1.0,1.0,0.0,1.0,0.0,1.0,1.0,0.0] > ACTION_NONE == -5.787393E-7
[1.0,1.0,1.0,0.0,0.0,1.0,1.0,1.0] > ACTION_RIGHT == -0.0090
[1.0,1.0,1.0,1.0,1.0,0.0,1.0,1.0] > ACTION_BACK == -0.15236743
[1.0,0.0,0.0,1.0,0.0,1.0,1.0,0.0] > ACTION_BACK == -0.0072289174
