-----Simulation Parameters-----
Iteration Length: 200
Iteration Qty: 1000.0
Learning Rate: 0.1
Discount Factor: 0.9
Decay: 0.15
Max View Distance: 10.0

-----SIMULATION STEPS------
Steps | Exploration Rate | QMatrix Size | Crashes | Victories | Distance Moved | Speed
1 -0.15 17 0 0 0.62179565 0.031108856
2 -0.3 17 0 0 1.2435913 0.031108856
3 -0.45000002 17 0 0 1.865387 0.031108856
4 -0.6 17 0 0 2.4871826 0.031108856
5 -0.75 17 0 0 3.1089783 0.031108856
6 -0.9 17 0 0 3.730774 0.031108856
7 -1.05 17 0 0 4.3525696 0.031108856
8 -1.1999999 17 0 0 4.974365 0.031108856
9 -1.3499999 17 0 0 5.596161 0.031108856
10 -1.4999999 17 0 0 6.2179565 0.031108856
11 -1.6499999 17 0 0 6.839752 0.031108856
12 -1.7999998 17 0 0 7.461548 0.031108856
13 -1.9499998 17 0 0 8.0833435 0.031108856
14 -2.1 17 0 0 8.705139 0.031108856
15 -2.25 17 0 0 9.326935 0.031108856
16 -2.4 17 0 0 9.94873 0.031108856
17 -2.5500002 17 0 0 10.570563 0.034785025
18 -2.7000003 17 0 0 11.2633095 0.034334633
19 -2.8500004 17 0 0 11.948674 0.023361852
20 -3.0000005 17 0 0 12.414069 0.02334177
21 -3.1500006 17 0 0 12.879462 0.02334075
22 -3.3000007 17 0 0 13.344855 0.023339745
23 -3.4500008 17 0 0 13.810248 0.023338756
24 -3.6000009 17 0 0 14.275641 0.02333778
25 -3.750001 17 0 0 14.7410345 0.02333588
26 -3.900001 17 0 0 15.206428 0.02333495
27 -4.050001 17 0 0 15.671821 0.023334038
28 -4.2000012 17 0 0 16.137215 0.02333226
29 -4.3500013 17 0 0 16.602608 0.023331394
30 -4.5000014 17 0 0 17.068 0.023330545
31 -4.6500015 17 0 0 17.533394 0.023329712
32 -4.8000016 17 0 0 17.998787 0.023328893
33 -4.9500017 17 0 0 18.46418 0.023327302
34 -5.100002 17 0 0 18.929684 0.03412353
35 -5.250002 17 0 0 19.608765 0.031094931
36 -5.400002 17 0 0 20.226768 0.033293135
37 -5.550002 17 0 0 20.886467 0.031123377
38 -5.700002 17 0 0 21.508263 0.031123377
39 -5.8500023 17 0 0 22.130058 0.031123377
40 -6.0000024 17 0 0 22.751854 0.031121781
41 -6.1500025 17 0 0 23.37365 0.031121781
42 -6.3000026 17 0 0 23.995445 0.031121781
43 -6.4500027 17 0 0 24.61724 0.031120198
44 -6.600003 17 0 1 25.239037 0.031108856
45 -6.750003 17 0 1 25.860832 0.031108856
46 -6.900003 17 0 1 26.482628 0.031108856
47 -7.050003 17 0 1 27.104424 0.031108856
48 -7.200003 17 0 1 27.72622 0.031108856
49 -7.3500032 17 0 1 28.348015 0.031108856
50 -7.5000033 17 0 1 28.96981 0.031108856
51 -7.6500034 17 0 1 29.591606 0.031108856
52 -7.8000035 17 0 1 30.213402 0.031108856
53 -7.9500036 17 0 1 30.835197 0.031108856
54 -8.100003 17 0 1 31.456993 0.031108856
55 -8.250003 17 0 1 32.07927 0.031108856
56 -8.4000025 17 0 1 32.70488 0.031108856
57 -8.550002 17 0 1 33.33049 0.031108856
58 -8.700002 17 0 1 33.9561 0.031108856
59 -8.850001 17 0 1 34.58171 0.031108856
60 -9.000001 17 0 1 35.20732 0.031108856
61 -9.150001 17 0 1 35.83293 0.031108856
62 -9.3 17 0 1 36.45854 0.031108856
63 -9.45 17 0 1 37.084152 0.031108856
64 -9.599999 17 0 1 37.709797 0.034785025
65 -9.749999 17 0 1 38.404068 0.03431749
66 -9.899999 17 0 1 39.089485 0.02334386
67 -10.049998 17 0 1 39.55488 0.023342807
68 -10.199998 17 0 1 40.02027 0.02334177
69 -10.3499975 17 0 1 40.485664 0.023339745
70 -10.499997 17 0 1 40.951057 0.023338756
71 -10.649997 17 0 1 41.41645 0.02333778
72 -10.799996 17 0 1 41.881844 0.023336822
73 -10.949996 17 0 1 42.347237 0.02333588
74 -11.099996 17 0 1 42.81263 0.023334038
75 -11.249995 17 0 1 43.278023 0.023333142
76 -11.399995 17 0 1 43.743416 0.02333226
77 -11.549994 17 0 1 44.20881 0.023330545
78 -11.699994 17 0 1 44.674202 0.023329712
79 -11.849994 17 0 1 45.139595 0.023328893
80 -11.999993 17 0 1 45.60499 0.023328088
81 -12.149993 17 0 1 46.07049 0.03408916
82 -12.299993 17 0 1 46.74814 0.031095942
83 -12.449992 17 0 1 47.36612 0.031095942
84 -12.599992 17 0 1 47.9841 0.031094931
85 -12.749991 17 0 1 48.60208 0.031094931
86 -12.899991 17 0 1 49.220062 0.031094931
87 -13.049991 17 0 1 49.838043 0.03109393
88 -13.19999 17 0 1 50.456024 0.03109393
89 -13.34999 17 0 1 51.074005 0.03109393
90 -13.4999895 17 0 1 51.691986 0.03109393
91 -13.649989 17 0 2 52.317215 0.031108856
92 -13.799989 17 0 2 52.942825 0.031108856
93 -13.949988 17 0 2 53.568436 0.031108856
94 -14.099988 17 0 2 54.194046 0.031108856
95 -14.249988 17 0 2 54.819656 0.031108856
96 -14.399987 17 0 2 55.445267 0.031108856
97 -14.549987 17 0 2 56.070877 0.031108856
98 -14.699986 17 0 2 56.696487 0.031108856
99 -14.849986 17 0 2 57.322098 0.031108856
100 -14.999986 17 0 2 57.94771 0.031108856
101 -15.149985 17 0 2 58.57332 0.031108856
102 -15.299985 17 0 2 59.19893 0.031108856
103 -15.449985 17 0 2 59.82454 0.031108856
104 -15.599984 17 0 2 60.45015 0.031108856
105 -15.749984 17 0 2 61.07576 0.031108856
106 -15.899983 17 0 2 61.70137 0.031108856
107 -16.049984 17 0 2 62.327015 0.034785025
108 -16.199984 17 0 2 63.021286 0.034334633
109 -16.349983 17 0 2 63.706886 0.023361852
110 -16.499983 17 0 2 64.17511 0.02334177
111 -16.649982 17 0 2 64.64813 0.02334075
112 -16.799982 17 0 2 65.121155 0.023339745
113 -16.949982 17 0 2 65.59418 0.023338756
114 -17.099981 17 0 2 66.0672 0.02333778
115 -17.24998 17 0 2 66.54022 0.02333588
116 -17.39998 17 0 2 67.013245 0.02333495
117 -17.54998 17 0 2 67.48627 0.023334038
118 -17.69998 17 0 2 67.95929 0.02333226
119 -17.84998 17 0 2 68.43231 0.023331394
120 -17.999979 17 0 2 68.905334 0.023330545
121 -18.149979 17 0 2 69.37836 0.023329712
122 -18.299978 17 0 2 69.85138 0.023328893
123 -18.449978 17 0 2 70.3244 0.023327302
124 -18.599977 17 0 2 70.797424 0.023326531
125 -18.749977 17 0 2 71.27055 0.034131806
126 -18.899977 17 0 2 71.955315 0.031094931
127 -19.049976 17 0 2 72.580925 0.031094931
128 -19.199976 17 0 2 73.206535 0.031094931
129 -19.349976 17 0 2 73.832146 0.03109393
130 -19.499975 17 0 2 74.457756 0.03109393
131 -19.649975 17 0 2 75.08337 0.03109393
132 -19.799974 17 0 2 75.70898 0.03109393
133 -19.949974 17 0 2 76.33459 0.03109393
134 -20.099974 17 0 3 76.9602 0.031108856
135 -20.249973 17 0 3 77.58581 0.031108856
136 -20.399973 17 0 3 78.21142 0.031108856
137 -20.549973 17 0 3 78.83703 0.031108856
138 -20.699972 17 0 3 79.46264 0.031108856
139 -20.849972 17 0 3 80.08825 0.031108856
140 -20.999971 17 0 3 80.71386 0.031108856
141 -21.149971 17 0 3 81.33947 0.031108856
142 -21.29997 17 0 3 81.96508 0.031108856
143 -21.44997 17 0 3 82.59069 0.031108856
144 -21.59997 17 0 3 83.2163 0.031108856
145 -21.74997 17 0 3 83.84191 0.031108856
146 -21.89997 17 0 3 84.46752 0.031108856
147 -22.049969 17 0 3 85.09313 0.031108856
148 -22.199968 17 0 3 85.71874 0.031108856
149 -22.349968 17 0 3 86.34435 0.031108856
150 -22.499968 17 0 3 86.96996 0.031108856
151 -22.649967 17 0 3 87.59557 0.031108856
152 -22.799967 17 0 3 88.22118 0.031108856
153 -22.949966 17 0 3 88.846794 0.031108856
154 -23.099966 17 0 3 89.472404 0.031108856
155 -23.249966 17 0 3 90.098015 0.031108856
156 -23.399965 17 0 3 90.723625 0.031108856
157 -23.549965 17 0 3 91.34927 0.034785025
158 -23.699965 17 0 3 92.04207 0.034334633
159 -23.849964 17 0 3 92.72861 0.023361852
160 -23.999964 17 0 3 93.20163 0.02334177
161 -24.149963 17 0 3 93.67465 0.02334075
162 -24.299963 17 0 3 94.147675 0.023339745
163 -24.449963 17 0 3 94.6207 0.023338756
164 -24.599962 17 0 3 95.09372 0.023336822
165 -24.749962 17 0 3 95.56674 0.02333588
166 -24.899961 17 0 3 96.039764 0.02333495
167 -25.049961 17 0 3 96.51279 0.023334038
168 -25.19996 17 0 3 96.98581 0.02333226
169 -25.34996 17 0 3 97.45883 0.023331394
170 -25.49996 17 0 3 97.931854 0.023330545
171 -25.64996 17 0 3 98.40488 0.023329712
172 -25.79996 17 0 3 98.8779 0.023328893
173 -25.949959 17 0 3 99.35092 0.023327302
174 -26.099958 17 0 3 99.823944 0.023326531
175 -26.249958 17 0 3 100.29707 0.034131806
176 -26.399958 17 0 3 100.98192 0.031094931
177 -26.549957 17 0 3 101.60753 0.031094931
178 -26.699957 17 0 3 102.23314 0.03109393
179 -26.849957 17 0 3 102.85875 0.03109393
180 -26.999956 17 0 3 103.48436 0.03109393
181 -27.149956 17 0 3 104.10997 0.03109393
182 -27.299955 17 0 3 104.73558 0.03109393
183 -27.449955 17 0 3 105.36119 0.03109393
184 -27.599955 17 0 4 105.9868 0.031108856
185 -27.749954 17 0 4 106.61241 0.031108856
186 -27.899954 17 0 4 107.23802 0.031108856
187 -28.049953 17 0 4 107.86363 0.031108856
188 -28.199953 17 0 4 108.48924 0.031108856
189 -28.349953 17 0 4 109.11485 0.031108856
190 -28.499952 17 0 4 109.74046 0.031108856
191 -28.649952 17 0 4 110.36607 0.031108856
192 -28.799952 17 0 4 110.991684 0.031108856
193 -28.949951 17 0 4 111.617294 0.031108856
194 -29.09995 17 0 4 112.242905 0.031108856
195 -29.24995 17 0 4 112.868515 0.031108856
196 -29.39995 17 0 4 113.494125 0.031108856
197 -29.54995 17 0 4 114.119736 0.031108856
198 -29.69995 17 0 4 114.745346 0.031108856
199 -29.849949 17 0 4 115.37096 0.031108856
200 -29.999949 17 0 4 115.99657 0.031108856
201 -30.149948 17 0 4 116.62218 0.031108856
202 -30.299948 17 0 4 117.24779 0.031108856
203 -30.449947 17 0 4 117.8734 0.031108856
204 -30.599947 17 0 4 118.49901 0.031108856
205 -30.749947 17 0 4 119.12462 0.031108856
206 -30.899946 17 0 4 119.75023 0.031108856
207 -31.049946 17 0 4 120.37588 0.034785025
208 -31.199945 17 0 4 121.06869 0.034334633
209 -31.349945 17 0 4 121.755226 0.023361852
210 -31.499945 17 0 4 122.22825 0.02334177
211 -31.649944 17 0 4 122.70127 0.023339745
212 -31.799944 17 0 4 123.17429 0.023338756
213 -31.949944 17 0 4 123.647316 0.02333778
214 -32.099945 17 0 4 124.12034 0.023336822
215 -32.249947 17 0 4 124.59336 0.02333588
216 -32.39995 17 0 4 125.06638 0.02333495
217 -32.54995 17 0 4 125.539406 0.023334038
218 -32.69995 17 0 4 126.01243 0.02333226
219 -32.849953 17 0 4 126.48545 0.023331394
220 -32.999954 17 0 4 126.95847 0.023330545
221 -33.149956 17 0 4 127.431496 0.023329712
222 -33.299957 17 0 4 127.90452 0.023328088
223 -33.44996 17 0 4 128.36536 0.023327302
224 -33.59996 17 0 4 128.82312 0.023326531
225 -33.74996 17 0 4 129.28099 0.034131806
226 -33.899963 17 0 4 129.95235 0.031094931
227 -34.049965 17 0 4 130.5627 0.03109393
228 -34.199966 17 0 4 131.17305 0.03109393
229 -34.349968 17 0 4 131.7834 0.03109393
230 -34.49997 17 0 4 132.39375 0.03109393
231 -34.64997 17 0 4 133.0041 0.03109393
232 -34.799973 17 0 4 133.61446 0.03109393
233 -34.949974 17 0 4 134.22481 0.03109393
234 -35.099976 17 0 5 134.83516 0.031108856
235 -35.249977 17 0 5 135.44551 0.031108856
236 -35.39998 17 0 5 136.05586 0.031108856
237 -35.54998 17 0 5 136.66621 0.031108856
238 -35.69998 17 0 5 137.27657 0.031108856
239 -35.849983 17 0 5 137.88692 0.031108856
240 -35.999985 17 0 5 138.49727 0.031108856
241 -36.149986 17 0 5 139.10762 0.031108856
242 -36.299988 17 0 5 139.71797 0.031108856
243 -36.44999 17 0 5 140.32832 0.031108856
244 -36.59999 17 0 5 140.93867 0.031108856
245 -36.749992 17 0 5 141.54903 0.031108856
246 -36.899994 17 0 5 142.15938 0.031108856
247 -37.049995 17 0 5 142.76973 0.031108856
248 -37.199997 17 0 5 143.38008 0.031108856
249 -37.35 17 0 5 143.99043 0.031108856
250 -37.5 17 0 5 144.60078 0.031108856
251 -37.65 17 0 5 145.21114 0.031108856
252 -37.800003 17 0 5 145.82149 0.031108856
253 -37.950005 17 0 5 146.43184 0.031108856
254 -38.100006 17 0 5 147.04224 0.034785025
255 -38.250008 17 0 5 147.74414 0.034334633
256 -38.40001 17 0 5 148.41992 0.023361852
257 -38.55001 17 0 5 148.87769 0.02334177
258 -38.700012 17 0 5 149.33545 0.02334075
259 -38.850014 17 0 5 149.79321 0.023339745
260 -39.000015 17 0 5 150.25098 0.023338756
261 -39.150017 17 0 5 150.70874 0.02333778
262 -39.30002 17 0 5 151.1665 0.02333588
263 -39.45002 17 0 5 151.62427 0.02333495
264 -39.60002 17 0 5 152.08203 0.023334038
265 -39.750023 17 0 5 152.5398 0.02333226
266 -39.900024 17 0 5 152.99756 0.023331394
267 -40.050026 17 0 5 153.45532 0.023330545
268 -40.200027 17 0 5 153.91309 0.023329712
269 -40.35003 17 0 5 154.37085 0.023328893
270 -40.50003 17 0 5 154.82861 0.023327302
271 -40.650032 17 0 5 155.28638 0.023326531
272 -40.800034 17 0 5 155.74425 0.034131806
273 -40.950035 17 0 5 156.4156 0.031094931
274 -41.100037 17 0 5 157.02596 0.031094931
275 -41.25004 17 0 5 157.6363 0.031094931
276 -41.40004 17 0 5 158.24666 0.03109393
277 -41.55004 17 0 5 158.85701 0.03109393
278 -41.700043 17 0 5 159.46736 0.03109393
279 -41.850044 17 0 5 160.07771 0.03109393
280 -42.000046 17 0 5 160.68806 0.03109393
281 -42.150047 17 0 6 161.29842 0.031108856
282 -42.30005 17 0 6 161.90877 0.031108856
283 -42.45005 17 0 6 162.51912 0.031108856
284 -42.60005 17 0 6 163.12947 0.031108856
285 -42.750053 17 0 6 163.73982 0.031108856
286 -42.900055 17 0 6 164.35017 0.031108856
287 -43.050056 17 0 6 164.96053 0.031108856
288 -43.200058 17 0 6 165.57088 0.031108856
289 -43.35006 17 0 6 166.18123 0.031108856
290 -43.50006 17 0 6 166.79158 0.031108856
291 -43.650063 17 0 6 167.40193 0.031108856
292 -43.800064 17 0 6 168.01228 0.031108856
293 -43.950066 17 0 6 168.62263 0.031108856
294 -44.100067 17 0 6 169.23299 0.031108856
295 -44.25007 17 0 6 169.84334 0.031108856
296 -44.40007 17 0 6 170.45369 0.031108856
297 -44.55007 17 0 6 171.06404 0.031108856
298 -44.700073 17 0 6 171.67444 0.034785025
299 -44.850075 17 0 6 172.37634 0.034334633
300 -45.000076 17 0 6 173.05173 0.023362901
301 -45.150078 17 0 6 173.50949 0.023342807
302 -45.30008 17 0 6 173.96725 0.02334075
303 -45.45008 17 0 6 174.42502 0.023339745
304 -45.600082 17 0 6 174.88278 0.023338756
305 -45.750084 17 0 6 175.34055 0.02333778
306 -45.900085 17 0 6 175.79831 0.023336822
307 -46.050087 17 0 6 176.25607 0.02333588
308 -46.20009 17 0 6 176.71384 0.023334038
309 -46.35009 17 0 6 177.1716 0.023333142
310 -46.50009 17 0 6 177.62936 0.023331394
311 -46.650093 17 0 6 178.08713 0.023330545
312 -46.800095 17 0 6 178.54489 0.023329712
313 -46.950096 17 0 6 179.00266 0.023328893
314 -47.100098 17 0 6 179.46042 0.023328088
315 -47.2501 17 0 6 179.91829 0.03408916
316 -47.4001 17 0 6 180.58965 0.031095942
317 -47.550102 17 0 6 181.2 0.031094931
318 -47.700104 17 0 6 181.81035 0.031094931
319 -47.850105 17 0 6 182.4207 0.031094931
320 -48.000107 17 0 6 183.03105 0.03109393
321 -48.15011 17 0 6 183.6414 0.03109393
322 -48.30011 17 0 6 184.25175 0.03109393
323 -48.45011 17 0 6 184.8621 0.03109393
324 -48.600113 17 0 6 185.47246 0.03109393
325 -48.750114 17 0 7 186.08281 0.031108856
326 -48.900116 17 0 7 186.69316 0.031108856
327 -49.050117 17 0 7 187.30351 0.031108856
328 -49.20012 17 0 7 187.91386 0.031108856
329 -49.35012 17 0 7 188.52422 0.031108856
330 -49.500122 17 0 7 189.13457 0.031108856
331 -49.650124 17 0 7 189.74492 0.031108856
332 -49.800125 17 0 7 190.35527 0.031108856
333 -49.950127 17 0 7 190.96562 0.031108856
334 -50.10013 17 0 7 191.57597 0.031108856
335 -50.25013 17 0 7 192.18633 0.031108856
336 -50.40013 17 0 7 192.79668 0.031108856
337 -50.550133 17 0 7 193.40703 0.031108856
338 -50.700134 17 0 7 194.01743 0.034785025
339 -50.850136 17 0 7 194.71933 0.034334633
340 -51.000137 17 0 7 195.39493 0.023362901
341 -51.15014 17 0 7 195.85269 0.02334177
342 -51.30014 17 0 7 196.31046 0.02334075
343 -51.45014 17 0 7 196.76822 0.023339745
344 -51.600143 17 0 7 197.22598 0.023338756
345 -51.750145 17 0 7 197.68375 0.02333778
346 -51.900146 17 0 7 198.14151 0.023336822
347 -52.050148 17 0 7 198.59927 0.02333495
348 -52.20015 17 0 7 199.05704 0.023334038
349 -52.35015 17 0 7 199.5148 0.023333142
350 -52.500153 17 0 7 199.97256 0.023331394
351 -52.650154 17 0 7 200.43033 0.023330545
352 -52.800156 17 0 7 200.88809 0.023329712
353 -52.950157 17 0 7 201.34586 0.023328893
354 -53.10016 17 0 7 201.80362 0.023328088
355 -53.25016 17 0 7 202.26149 0.03408916
356 -53.40016 17 0 7 202.93285 0.031094931
357 -53.550163 17 0 7 203.54323 0.033293135
358 -53.700165 17 0 7 204.21458 0.031124985
359 -53.850166 17 0 7 204.82494 0.031124985
360 -54.000168 17 0 7 205.43529 0.031123377
361 -54.15017 17 0 7 206.04564 0.031123377
362 -54.30017 17 0 7 206.65599 0.031123377
363 -54.450172 17 0 7 207.26634 0.031121781
364 -54.600174 17 0 7 207.8767 0.031121781
365 -54.750175 17 0 8 208.48705 0.031108856
366 -54.900177 17 0 8 209.0974 0.031108856
367 -55.05018 17 0 8 209.70775 0.031108856
368 -55.20018 17 0 8 210.3181 0.031108856
369 -55.35018 17 0 8 210.92845 0.031108856
370 -55.500183 17 0 8 211.5388 0.031108856
371 -55.650185 17 0 8 212.14915 0.031108856
372 -55.800186 17 0 8 212.7595 0.031108856
373 -55.950188 17 0 8 213.36986 0.031108856
374 -56.10019 17 0 8 213.98021 0.031108856
375 -56.25019 17 0 8 214.59056 0.031108856
376 -56.400192 17 0 8 215.20091 0.031108856
377 -56.550194 17 0 8 215.81131 0.034785025
378 -56.700195 17 0 8 216.51321 0.03430913
379 -56.850197 17 0 8 217.18835 0.02334386
380 -57.0002 17 0 8 217.64612 0.023342807
381 -57.1502 17 0 8 218.10388 0.02334177
382 -57.3002 17 0 8 218.56165 0.02334075
383 -57.450203 17 0 8 219.01941 0.023338756
384 -57.600204 17 0 8 219.47717 0.02333778
385 -57.750206 17 0 8 219.93494 0.023336822
386 -57.900208 17 0 8 220.3927 0.02333588
387 -58.05021 17 0 8 220.85046 0.02333495
388 -58.20021 17 0 8 221.30823 0.023333142
389 -58.350212 17 0 8 221.76599 0.02333226
390 -58.500214 17 0 8 222.22375 0.023330545
391 -58.650215 17 0 8 222.68152 0.023329712
392 -58.800217 17 0 8 223.13928 0.023328893
393 -58.95022 17 0 8 223.59705 0.023328088
394 -59.10022 17 0 8 224.05492 0.03408916
395 -59.25022 17 0 8 224.72627 0.031095942
396 -59.400223 17 0 8 225.33662 0.031095942
397 -59.550224 17 0 8 225.94698 0.031095942
398 -59.700226 17 0 8 226.55733 0.031094931
399 -59.850227 17 0 8 227.16768 0.031094931
400 -60.00023 17 0 8 227.77803 0.031094931
401 -60.15023 17 0 8 228.38838 0.03109393
402 -60.300232 17 0 8 228.99873 0.03109393
403 -60.450233 17 0 9 229.60909 0.031108856
404 -60.600235 17 0 9 230.21944 0.031108856
405 -60.750237 17 0 9 230.82979 0.031108856
406 -60.900238 17 0 9 231.44014 0.031108856
407 -61.05024 17 0 9 232.05049 0.031108856
408 -61.20024 17 0 9 232.66084 0.031108856
409 -61.350243 17 0 9 233.2712 0.031108856
410 -61.500244 17 0 9 233.88155 0.031108856
411 -61.650246 17 0 9 234.4919 0.031108856
412 -61.800247 17 0 9 235.10225 0.031108856
413 -61.95025 17 0 9 235.7126 0.031108856
414 -62.10025 17 0 9 236.32295 0.031108856
415 -62.25025 17 0 9 236.9333 0.031108856
416 -62.400253 17 0 9 237.54366 0.031108856
417 -62.550255 17 0 9 238.154 0.031108856
418 -62.700256 17 0 9 238.76436 0.031108856
419 -62.850258 17 0 9 239.37471 0.031108856
420 -63.00026 17 0 9 239.9851 0.034785025
421 -63.15026 17 0 9 240.68701 0.034334633
422 -63.300262 17 0 9 241.36261 0.023362901
423 -63.450264 17 0 9 241.82037 0.02334177
424 -63.600266 17 0 9 242.27814 0.02334075
425 -63.750267 17 0 9 242.7359 0.023339745
426 -63.90027 17 0 9 243.19366 0.023338756
427 -64.05027 17 0 9 243.65143 0.02333778
428 -64.20027 17 0 9 244.10919 0.023336822
429 -64.35027 17 0 9 244.56696 0.02333495
430 -64.500275 17 0 9 245.02472 0.023334038
431 -64.650276 17 0 9 245.48248 0.023333142
432 -64.80028 17 0 9 245.94025 0.023331394
433 -64.95028 17 0 9 246.39801 0.023330545
434 -65.10028 17 0 9 246.85577 0.023329712
435 -65.25028 17 0 9 247.31354 0.023328893
436 -65.40028 17 0 9 247.7713 0.023328088
437 -65.550285 17 0 9 248.22917 0.03408916
438 -65.70029 17 0 9 248.90053 0.031094931
439 -65.85029 17 0 9 249.51091 0.033293135
440 -66.00029 17 0 9 250.18227 0.031124985
441 -66.15029 17 0 9 250.79262 0.031124985
442 -66.30029 17 0 9 251.40297 0.031123377
443 -66.450294 17 0 9 252.01332 0.031123377
444 -66.600296 17 0 9 252.62367 0.031123377
445 -66.7503 17 0 9 253.23402 0.031121781
446 -66.9003 17 0 9 253.84438 0.031121781
447 -67.0503 17 0 10 254.45473 0.031108856
448 -67.2003 17 0 10 255.06508 0.031108856
449 -67.3503 17 0 10 255.67543 0.031108856
450 -67.500305 17 0 10 256.2858 0.031108856
451 -67.65031 17 0 10 256.89615 0.031108856
452 -67.80031 17 0 10 257.5065 0.031108856
453 -67.95031 17 0 10 258.11685 0.031108856
454 -68.10031 17 0 10 258.7272 0.031108856
455 -68.25031 17 0 10 259.33755 0.031108856
456 -68.400314 17 0 10 259.9479 0.031108856
457 -68.550316 17 0 10 260.55826 0.031108856
458 -68.70032 17 0 10 261.1686 0.031108856
459 -68.85032 17 0 10 261.77896 0.031108856
460 -69.00032 17 0 10 262.3893 0.031108856
461 -69.15032 17 0 10 262.99966 0.031108856
462 -69.30032 17 0 10 263.61005 0.034785025
463 -69.450325 17 0 10 264.28143 0.034334633
464 -69.60033 17 0 10 264.95273 0.023362901
465 -69.75033 17 0 10 265.441 0.023342807
466 -69.90033 17 0 10 265.9293 0.02334075
467 -70.05033 17 0 10 266.41757 0.023339745
468 -70.20033 17 0 10 266.90585 0.023338756
469 -70.350334 17 0 10 267.39413 0.02333778
470 -70.500336 17 0 10 267.88242 0.023336822
471 -70.65034 17 0 10 268.3707 0.02333588
472 -70.80034 17 0 10 268.85898 0.023334038
473 -70.95034 17 0 10 269.34726 0.023333142
474 -71.10034 17 0 10 269.83554 0.023331394
475 -71.25034 17 0 10 270.32382 0.023330545
476 -71.400345 17 0 10 270.8121 0.023329712
477 -71.55035 17 0 10 271.30038 0.023328893
478 -71.70035 17 0 10 271.78867 0.023328088
479 -71.85035 17 0 10 272.27704 0.03408916
480 -72.00035 17 0 10 272.9484 0.031095942
481 -72.15035 17 0 10 273.55875 0.031094931
482 -72.300354 17 0 10 274.1691 0.031094931
483 -72.450356 17 0 10 274.77945 0.031094931
484 -72.60036 17 0 10 275.3898 0.03109393
485 -72.75036 17 0 10 276.00015 0.03109393
486 -72.90036 17 0 10 276.6105 0.03109393
487 -73.05036 17 0 10 277.22086 0.03109393
488 -73.20036 17 0 10 277.8312 0.03109393
489 -73.350365 17 0 11 278.44156 0.031108856
490 -73.50037 17 0 11 279.0519 0.031108856
491 -73.65037 17 0 11 279.66226 0.031108856
492 -73.80037 17 0 11 280.2726 0.031108856
493 -73.95037 17 0 11 280.88297 0.031108856
494 -74.10037 17 0 11 281.49332 0.031108856
495 -74.250374 17 0 11 282.10367 0.031108856
496 -74.400375 17 0 11 282.71402 0.031108856
497 -74.55038 17 0 11 283.32437 0.031108856
498 -74.70038 17 0 11 283.93472 0.031108856
499 -74.85038 17 0 11 284.54507 0.031108856
500 -75.00038 17 0 11 285.15543 0.031108856
501 -75.15038 17 0 11 285.76578 0.031108856
502 -75.300385 17 0 11 286.37613 0.031108856
503 -75.450386 17 0 11 286.98648 0.031108856
504 -75.60039 17 0 11 287.59683 0.031108856
505 -75.75039 17 0 11 288.20718 0.031108856
506 -75.90039 17 0 11 288.81754 0.031108856
507 -76.05039 17 0 11 289.4279 0.031108856
508 -76.20039 17 0 11 290.03827 0.034785025
509 -76.350395 17 0 11 290.70966 0.034334633
510 -76.5004 17 0 11 291.38095 0.023361852
511 -76.6504 17 0 11 291.86923 0.02334075
512 -76.8004 17 0 11 292.3575 0.023339745
513 -76.9504 17 0 11 292.8458 0.023338756
514 -77.1004 17 0 11 293.33408 0.02333778
515 -77.250404 17 0 11 293.82236 0.023336822
516 -77.400406 17 0 11 294.31064 0.02333588
517 -77.55041 17 0 11 294.79892 0.02333495
518 -77.70041 17 0 11 295.2872 0.023333142
519 -77.85041 17 0 11 295.77548 0.02333226
520 -78.00041 17 0 11 296.26376 0.023331394
521 -78.15041 17 0 11 296.75204 0.023330545
522 -78.300415 17 0 11 297.24033 0.023329712
523 -78.45042 17 0 11 297.7286 0.023328088
524 -78.60042 17 0 11 298.2169 0.023327302
525 -78.75042 17 0 11 298.70517 0.023326531
526 -78.90042 17 0 11 299.19354 0.03414009
527 -79.05042 17 0 11 299.8649 0.03109393
528 -79.200424 17 0 11 300.47525 0.03109393
529 -79.350426 17 0 11 301.0856 0.03109393
530 -79.50043 17 0 11 301.69595 0.03109393
531 -79.65043 17 0 11 302.3063 0.03109393
532 -79.80043 17 0 11 302.91666 0.03109393
533 -79.95043 17 0 11 303.527 0.03109393
534 -80.10043 17 0 11 304.13736 0.03109393
535 -80.250435 17 0 11 304.7477 0.03109393
536 -80.40044 17 0 12 305.35806 0.031108856
537 -80.55044 17 0 12 305.9684 0.031108856
538 -80.70044 17 0 12 306.57877 0.031108856
539 -80.85044 17 0 12 307.18912 0.031108856
540 -81.00044 17 0 12 307.79947 0.031108856
541 -81.150444 17 0 12 308.40982 0.031108856
542 -81.300446 17 0 12 309.02017 0.031108856
543 -81.45045 17 0 12 309.63052 0.031108856
544 -81.60045 17 0 12 310.24088 0.031108856
545 -81.75045 17 0 12 310.85123 0.031108856
546 -81.90045 17 0 12 311.46158 0.031108856
547 -82.05045 17 0 12 312.07193 0.031108856
548 -82.200455 17 0 12 312.68228 0.031108856
549 -82.35046 17 0 12 313.29263 0.031108856
550 -82.50046 17 0 12 313.90298 0.031108856
551 -82.65046 17 0 12 314.51334 0.031108856
552 -82.80046 17 0 12 315.12372 0.034785025
553 -82.95046 17 0 12 315.7951 0.034334633
554 -83.100464 17 0 12 316.4664 0.023361852
555 -83.250465 17 0 12 316.95468 0.02334177
556 -83.40047 17 0 12 317.44296 0.02334075
557 -83.55047 17 0 12 317.93124 0.023339745
558 -83.70047 17 0 12 318.41953 0.023338756
559 -83.85047 17 0 12 318.9078 0.02333778
560 -84.00047 17 0 12 319.3961 0.02333588
561 -84.150475 17 0 12 319.88437 0.02333495
562 -84.300476 17 0 12 320.37265 0.023334038
563 -84.45048 17 0 12 320.86093 0.02333226
564 -84.60048 17 0 12 321.3492 0.023331394
565 -84.75048 17 0 12 321.8375 0.023330545
566 -84.90048 17 0 12 322.32578 0.023329712
567 -85.05048 17 0 12 322.81406 0.023328893
568 -85.200485 17 0 12 323.30234 0.023327302
569 -85.35049 17 0 12 323.7907 0.03412353
570 -85.50049 17 0 12 324.46207 0.031094931
571 -85.65049 17 0 12 325.07245 0.033293135
572 -85.80049 17 0 12 325.7438 0.031123377
573 -85.95049 17 0 12 326.35416 0.031123377
574 -86.100494 17 0 12 326.9645 0.031123377
575 -86.250496 17 0 12 327.57486 0.031121781
576 -86.4005 17 0 12 328.1852 0.031121781
577 -86.5505 17 0 12 328.79556 0.031120198
578 -86.7005 17 0 12 329.4059 0.031120198
579 -86.8505 17 0 13 330.01627 0.031108856
580 -87.0005 17 0 13 330.62662 0.031108856
581 -87.150505 17 0 13 331.23697 0.031108856
582 -87.30051 17 0 13 331.84732 0.031108856
583 -87.45051 17 0 13 332.45767 0.031108856
584 -87.60051 17 0 13 333.06802 0.031108856
585 -87.75051 17 0 13 333.67838 0.031108856
586 -87.90051 17 0 13 334.28873 0.031108856
587 -88.050514 17 0 13 334.89908 0.031108856
588 -88.200516 17 0 13 335.50943 0.031108856
589 -88.35052 17 0 13 336.11978 0.031108856
590 -88.50052 17 0 13 336.73013 0.031108856
591 -88.65052 17 0 13 337.34048 0.031108856
592 -88.80052 17 0 13 337.95084 0.031108856
593 -88.95052 17 0 13 338.5612 0.031108856
594 -89.100525 17 0 13 339.17154 0.031108856
595 -89.25053 17 0 13 339.7819 0.031108856
596 -89.40053 17 0 13 340.39224 0.031108856
597 -89.55053 17 0 13 341.00262 0.034785025
598 -89.70053 17 0 13 341.674 0.034334633
599 -89.85053 17 0 13 342.3453 0.023361852
600 -90.000534 17 0 13 342.8336 0.02334177
601 -90.150536 17 0 13 343.32187 0.02334075
602 -90.30054 17 0 13 343.81015 0.023339745
603 -90.45054 17 0 13 344.29843 0.023338756
604 -90.60054 17 0 13 344.7867 0.02333778
605 -90.75054 17 0 13 345.275 0.02333588
606 -90.90054 17 0 13 345.76328 0.02333495
607 -91.050545 17 0 13 346.25156 0.023334038
608 -91.20055 17 0 13 346.73984 0.02333226
609 -91.35055 17 0 13 347.22812 0.023331394
610 -91.50055 17 0 13 347.7164 0.023330545
611 -91.65055 17 0 13 348.20468 0.023329712
612 -91.80055 17 0 13 348.69296 0.023328893
613 -91.950554 17 0 13 349.18124 0.023327302
614 -92.100555 17 0 13 349.66953 0.023326531
615 -92.25056 17 0 13 350.1579 0.034131806
616 -92.40056 17 0 13 350.82925 0.031094931
617 -92.55056 17 0 13 351.4396 0.031094931
618 -92.70056 17 0 13 352.04996 0.031094931
619 -92.85056 17 0 13 352.6603 0.03109393
620 -93.000565 17 0 13 353.27066 0.03109393
621 -93.150566 17 0 13 353.881 0.03109393
622 -93.30057 17 0 13 354.49136 0.03109393
623 -93.45057 17 0 13 355.1017 0.03109393
624 -93.60057 17 0 14 355.71207 0.031108856
625 -93.75057 17 0 14 356.32242 0.031108856
626 -93.90057 17 0 14 356.93277 0.031108856
627 -94.050575 17 0 14 357.54312 0.031108856
628 -94.20058 17 0 14 358.15347 0.031108856
629 -94.35058 17 0 14 358.76382 0.031108856
630 -94.50058 17 0 14 359.37418 0.031108856
631 -94.65058 17 0 14 359.98453 0.031108856
632 -94.80058 17 0 14 360.59488 0.031108856
633 -94.950584 17 0 14 361.20523 0.031108856
634 -95.100586 17 0 14 361.81558 0.031108856
635 -95.25059 17 0 14 362.42593 0.031108856
636 -95.40059 17 0 14 363.0363 0.031108856
637 -95.55059 17 0 14 363.64664 0.031108856
638 -95.70059 17 0 14 364.257 0.031108856
639 -95.85059 17 0 14 364.86734 0.031108856
640 -96.000595 17 0 14 365.4777 0.031108856
641 -96.1506 17 0 14 366.08807 0.034785025
642 -96.3006 17 0 14 366.75946 0.034334633
643 -96.4506 17 0 14 367.43076 0.023362901
644 -96.6006 17 0 14 367.91904 0.023342807
645 -96.7506 17 0 14 368.40732 0.02334075
646 -96.900604 17 0 14 368.8956 0.023339745
647 -97.050606 17 0 14 369.38388 0.023338756
648 -97.20061 17 0 14 369.87216 0.02333778
649 -97.35061 17 0 14 370.36044 0.023336822
650 -97.50061 17 0 14 370.84872 0.02333588
651 -97.65061 17 0 14 371.337 0.023334038
652 -97.80061 17 0 14 371.8253 0.023333142
653 -97.950615 17 0 14 372.31357 0.02333226
654 -98.10062 17 0 14 372.80185 0.023330545
655 -98.25062 17 0 14 373.29013 0.023329712
656 -98.40062 17 0 14 373.7784 0.023328893
657 -98.55062 17 0 14 374.2667 0.023328088
658 -98.70062 17 0 14 374.75507 0.03408916
659 -98.850624 17 0 14 375.42642 0.031095942
660 -99.000626 17 0 14 376.03677 0.031094931
661 -99.15063 17 0 14 376.64713 0.031094931
662 -99.30063 17 0 14 377.25748 0.031094931
663 -99.45063 17 0 14 377.86783 0.03109393
664 -99.60063 17 0 14 378.47818 0.03109393
665 -99.75063 17 0 14 379.08853 0.03109393
666 -99.900635 17 0 14 379.69888 0.03109393
667 -100.05064 17 0 14 380.30923 0.03109393
668 -100.20064 17 0 15 380.9196 0.031108856
669 -100.35064 17 0 15 381.52994 0.031108856
670 -100.50064 17 0 15 382.1403 0.031108856
671 -100.65064 17 0 15 382.75064 0.031108856
672 -100.800644 17 0 15 383.361 0.031108856
673 -100.950645 17 0 15 383.97134 0.031108856
674 -101.10065 17 0 15 384.5817 0.031108856
675 -101.25065 17 0 15 385.19205 0.031108856
676 -101.40065 17 0 15 385.8024 0.031108856
677 -101.55065 17 0 15 386.41275 0.031108856
678 -101.70065 17 0 15 387.0231 0.031108856
679 -101.850655 17 0 15 387.63348 0.034785025
680 -102.000656 17 0 15 388.30487 0.034334633
681 -102.15066 17 0 15 388.97617 0.023361852
682 -102.30066 17 0 15 389.46445 0.02334075
683 -102.45066 17 0 15 389.95273 0.023339745
684 -102.60066 17 0 15 390.441 0.023338756
685 -102.75066 17 0 15 390.9293 0.02333778
686 -102.900665 17 0 15 391.41757 0.023336822
687 -103.05067 17 0 15 391.90585 0.02333588
688 -103.20067 17 0 15 392.39413 0.02333495
689 -103.35067 17 0 15 392.88242 0.023334038
690 -103.50067 17 0 15 393.3707 0.02333226
691 -103.65067 17 0 15 393.85898 0.023331394
692 -103.800674 17 0 15 394.34726 0.023330545
693 -103.950676 17 0 15 394.83554 0.023329712
694 -104.10068 17 0 15 395.32382 0.023328088
695 -104.25068 17 0 15 395.8121 0.023327302
696 -104.40068 17 0 15 396.30038 0.023326531
697 -104.55068 17 0 15 396.78876 0.03414009
698 -104.70068 17 0 15 397.4601 0.031094931
699 -104.850685 17 0 15 398.07047 0.03109393
700 -105.00069 17 0 15 398.68082 0.03109393
701 -105.15069 17 0 15 399.29117 0.03109393
702 -105.30069 17 0 15 399.90152 0.03109393
703 -105.45069 17 0 15 400.51187 0.03109393
704 -105.60069 17 0 15 401.12222 0.03109393
705 -105.750694 17 0 15 401.73257 0.03109393
706 -105.900696 17 0 16 402.34293 0.031108856
707 -106.0507 17 0 16 402.95328 0.031108856
708 -106.2007 17 0 16 403.56363 0.031108856
709 -106.3507 17 0 16 404.17398 0.031108856
710 -106.5007 17 0 16 404.78433 0.031108856
711 -106.6507 17 0 16 405.39468 0.031108856
712 -106.800705 17 0 16 406.00504 0.031108856
713 -106.95071 17 0 16 406.6154 0.031108856
714 -107.10071 17 0 16 407.22574 0.031108856
715 -107.25071 17 0 16 407.8361 0.031108856
716 -107.40071 17 0 16 408.44644 0.031108856
717 -107.55071 17 0 16 409.0568 0.031108856
718 -107.700714 17 0 16 409.66714 0.031108856
719 -107.850716 17 0 16 410.2775 0.031108856
720 -108.00072 17 0 16 410.88788 0.034785025
721 -108.15072 17 0 16 411.55927 0.034334633
722 -108.30072 17 0 16 412.23056 0.023362901
723 -108.45072 17 0 16 412.71884 0.023342807
724 -108.60072 17 0 16 413.20712 0.02334075
725 -108.750725 17 0 16 413.6954 0.023339745
726 -108.90073 17 0 16 414.1837 0.023338756
727 -109.05073 17 0 16 414.67197 0.02333778
728 -109.20073 17 0 16 415.16025 0.023336822
729 -109.35073 17 0 16 415.64853 0.02333588
730 -109.50073 17 0 16 416.1368 0.023334038
731 -109.650734 17 0 16 416.6251 0.023333142
732 -109.800735 17 0 16 417.11337 0.023331394
733 -109.95074 17 0 16 417.60165 0.023330545
734 -110.10074 17 0 16 418.08994 0.023329712
735 -110.25074 17 0 16 418.57822 0.023328893
736 -110.40074 17 0 16 419.0665 0.023328088
737 -110.55074 17 0 16 419.55487 0.03408916
738 -110.700745 17 0 16 420.22623 0.031095942
739 -110.850746 17 0 16 420.83658 0.031094931
740 -111.00075 17 0 16 421.44693 0.031094931
741 -111.15075 17 0 16 422.05728 0.031094931
742 -111.30075 17 0 16 422.66763 0.03109393
743 -111.45075 17 0 16 423.27798 0.03109393
744 -111.60075 17 0 16 423.88834 0.03109393
745 -111.750755 17 0 16 424.4987 0.03109393
746 -111.90076 17 0 16 425.10904 0.03109393
747 -112.05076 17 0 17 425.7194 0.031108856
748 -112.20076 17 0 17 426.32974 0.031108856
749 -112.35076 17 0 17 426.9401 0.031108856
750 -112.50076 17 0 17 427.55045 0.031108856
751 -112.650764 17 0 17 428.1608 0.031108856
752 -112.800766 17 0 17 428.77115 0.031108856
753 -112.95077 17 0 17 429.3815 0.031108856
754 -113.10077 17 0 17 429.99185 0.031108856
755 -113.25077 17 0 17 430.6022 0.031108856
756 -113.40077 17 0 17 431.21255 0.031108856
757 -113.55077 17 0 17 431.8229 0.031108856
758 -113.700775 17 0 17 432.43326 0.031108856
759 -113.85078 17 0 17 433.0436 0.031108856
760 -114.00078 17 0 17 433.65396 0.031108856
761 -114.15078 17 0 17 434.2643 0.031108856
762 -114.30078 17 0 17 434.87466 0.031108856
763 -114.45078 17 0 17 435.48505 0.034785025
764 -114.600784 17 0 17 436.15643 0.034334633
765 -114.750786 17 0 17 436.82773 0.023361852
766 -114.90079 17 0 17 437.316 0.02334177
767 -115.05079 17 0 17 437.8043 0.02334075
768 -115.20079 17 0 17 438.29257 0.023339745
769 -115.35079 17 0 17 438.78085 0.023338756
770 -115.50079 17 0 17 439.26913 0.023336822
771 -115.650795 17 0 17 439.75742 0.02333588
772 -115.8008 17 0 17 440.2457 0.02333495
773 -115.9508 17 0 17 440.73398 0.023334038
774 -116.1008 17 0 17 441.22226 0.02333226
775 -116.2508 17 0 17 441.71054 0.023331394
776 -116.4008 17 0 17 442.19882 0.023330545
777 -116.550804 17 0 17 442.6871 0.023329712
778 -116.700806 17 0 17 443.17538 0.023328893
779 -116.85081 17 0 17 443.66367 0.023327302
780 -117.00081 17 0 17 444.15195 0.023326531
781 -117.15081 17 0 17 444.64032 0.034131806
782 -117.30081 17 0 17 445.31168 0.031094931
783 -117.45081 17 0 17 445.92203 0.031094931
784 -117.600815 17 0 17 446.53238 0.03109393
785 -117.75082 17 0 17 447.14273 0.03109393
786 -117.90082 17 0 17 447.75308 0.03109393
787 -118.05082 17 0 17 448.36343 0.03109393
788 -118.20082 17 0 17 448.9738 0.03109393
789 -118.35082 17 0 17 449.58414 0.03109393
790 -118.500824 17 0 18 450.1945 0.031108856
791 -118.650826 17 0 18 450.80484 0.031108856
792 -118.80083 17 0 18 451.4152 0.031108856
793 -118.95083 17 0 18 452.02554 0.031108856
794 -119.10083 17 0 18 452.6359 0.031108856
795 -119.25083 17 0 18 453.24625 0.031108856
796 -119.40083 17 0 18 453.8566 0.031108856
797 -119.550835 17 0 18 454.46695 0.031108856
798 -119.700836 17 0 18 455.0773 0.031108856
799 -119.85084 17 0 18 455.68765 0.031108856
800 -120.00084 17 0 18 456.298 0.031108856
801 -120.15084 17 0 18 456.90836 0.031108856
802 -120.30084 17 0 18 457.5187 0.031108856
803 -120.45084 17 0 18 458.12906 0.031108856
804 -120.600845 17 0 18 458.7394 0.031108856
805 -120.75085 17 0 18 459.34976 0.031108856
806 -120.90085 17 0 18 459.9601 0.031108856
807 -121.05085 17 0 18 460.57047 0.031108856
808 -121.20085 17 0 18 461.18085 0.034785025
809 -121.35085 17 0 18 461.85223 0.034334633
810 -121.500854 17 0 18 462.52353 0.023361852
811 -121.650856 17 0 18 463.0118 0.02334075
812 -121.80086 17 0 18 463.5001 0.023339745
813 -121.95086 17 0 18 463.98837 0.023338756
814 -122.10086 17 0 18 464.47665 0.02333778
815 -122.25086 17 0 18 464.96494 0.023336822
816 -122.40086 17 0 18 465.45322 0.02333588
817 -122.550865 17 0 18 465.9415 0.02333495
818 -122.70087 17 0 18 466.42978 0.023333142
819 -122.85087 17 0 18 466.91806 0.02333226
820 -123.00087 17 0 18 467.40634 0.023331394
821 -123.15087 17 0 18 467.89462 0.023330545
822 -123.30087 17 0 18 468.3829 0.023329712
823 -123.450874 17 0 18 468.8712 0.023328088
824 -123.600876 17 0 18 469.35947 0.023327302
825 -123.75088 17 0 18 469.84775 0.023326531
826 -123.90088 17 0 18 470.33612 0.03414009
827 -124.05088 17 0 18 471.00748 0.03109393
828 -124.20088 17 0 18 471.61783 0.03109393
829 -124.35088 17 0 18 472.22818 0.03109393
830 -124.500885 17 0 18 472.83853 0.03109393
831 -124.65089 17 0 18 473.44888 0.03109393
832 -124.80089 17 0 18 474.05923 0.03109393
833 -124.95089 17 0 18 474.6696 0.03109393
834 -125.10089 17 0 18 475.27994 0.03109393
835 -125.25089 17 0 18 475.8903 0.03109393
836 -125.400894 17 0 19 476.50064 0.031108856
837 -125.550896 17 0 19 477.111 0.031108856
838 -125.7009 17 0 19 477.72134 0.031108856
839 -125.8509 17 0 19 478.3317 0.031108856
840 -126.0009 17 0 19 478.94205 0.031108856
841 -126.1509 17 0 19 479.5524 0.031108856
842 -126.3009 17 0 19 480.16275 0.031108856
843 -126.450905 17 0 19 480.7731 0.031108856
844 -126.60091 17 0 19 481.38345 0.031108856
845 -126.75091 17 0 19 481.9938 0.031108856
846 -126.90091 17 0 19 482.60416 0.031108856
847 -127.05091 17 0 19 483.21454 0.034785025
848 -127.20091 17 0 19 483.88593 0.034334633
849 -127.350914 17 0 19 484.55722 0.023361852
850 -127.500916 17 0 19 485.0455 0.02334177
851 -127.65092 17 0 19 485.53378 0.023339745
852 -127.80092 17 0 19 486.02206 0.023338756
853 -127.95092 17 0 19 486.51035 0.02333778
854 -128.10092 17 0 19 486.99863 0.023336822
855 -128.25092 17 0 19 487.4869 0.02333588
856 -128.40091 17 0 19 487.9752 0.02333495
857 -128.5509 17 0 19 488.46347 0.023334038
858 -128.7009 17 0 19 488.95175 0.02333226
859 -128.85089 17 0 19 489.44003 0.023331394
860 -129.00089 17 0 19 489.9283 0.023330545
861 -129.15088 17 0 19 490.4166 0.023329712
862 -129.30087 17 0 19 490.90488 0.023328088
863 -129.45087 17 0 19 491.39316 0.023327302
864 -129.60086 17 0 19 491.88144 0.023326531
865 -129.75085 17 0 19 492.3698 0.034131806
866 -129.90085 17 0 19 493.04117 0.031094931
867 -130.05084 17 0 19 493.65152 0.03109393
868 -130.20084 17 0 19 494.26187 0.03109393
869 -130.35083 17 0 19 494.87222 0.03109393
870 -130.50082 17 0 19 495.48257 0.03109393
871 -130.65082 17 0 19 496.09293 0.03109393
872 -130.80081 17 0 19 496.70328 0.03109393
873 -130.9508 17 0 19 497.31363 0.03109393
874 -131.1008 17 0 20 497.92398 0.031108856
875 -131.2508 17 0 20 498.53433 0.031108856
876 -131.40079 17 0 20 499.14468 0.031108856
877 -131.55078 17 0 20 499.75504 0.031108856
878 -131.70078 17 0 20 500.3654 0.031108856
879 -131.85077 17 0 20 500.97574 0.031108856
880 -132.00076 17 0 20 501.5861 0.031108856
881 -132.15076 17 0 20 502.19644 0.031108856
882 -132.30075 17 0 20 502.8068 0.031108856
883 -132.45074 17 0 20 503.41714 0.031108856
884 -132.60074 17 0 20 504.0275 0.031108856
885 -132.75073 17 0 20 504.63785 0.031108856
886 -132.90073 17 0 20 505.2482 0.031108856
887 -133.05072 17 0 20 505.85855 0.031108856
888 -133.20071 17 0 20 506.4689 0.031108856
889 -133.35071 17 0 20 507.07925 0.031108856
890 -133.5007 17 0 20 507.6896 0.031108856
891 -133.6507 17 0 20 508.29996 0.031108856
892 -133.80069 17 0 20 508.91034 0.034785025
893 -133.95068 17 0 20 509.58173 0.034334633
894 -134.10068 17 0 20 510.25302 0.023360815
895 -134.25067 17 0 20 510.7413 0.023359796
896 -134.40067 17 0 20 511.22958 0.023339745
897 -134.55066 17 0 20 511.71786 0.023338756
898 -134.70065 17 0 20 512.2061 0.02333778
899 -134.85065 17 0 20 512.6944 0.023336822
900 -135.00064 17 0 20 513.1827 0.02333588
901 -135.15063 17 0 20 513.67096 0.02333495
902 -135.30063 17 0 20 514.15924 0.023333142
903 -135.45062 17 0 20 514.6475 0.02333226
904 -135.60062 17 0 20 515.1358 0.023331394
905 -135.75061 17 0 20 515.6241 0.023330545
906 -135.9006 17 0 20 516.11237 0.023328893
907 -136.0506 17 0 20 516.60065 0.023328088
908 -136.20059 17 0 20 517.0889 0.023327302
909 -136.35059 17 0 20 517.5772 0.023326531
910 -136.50058 17 0 20 518.0656 0.03414009
911 -136.65057 17 0 20 518.798 0.03109393
912 -136.80057 17 0 20 519.4083 0.03109393
913 -136.95056 17 0 20 520.0187 0.03109393
914 -137.10056 17 0 20 520.629 0.03109393
915 -137.25055 17 0 20 521.2394 0.03109393
916 -137.40054 17 0 20 521.84973 0.03109393
917 -137.55054 17 0 20 522.4601 0.03109393
918 -137.70053 17 0 20 523.07043 0.03109393
919 -137.85052 17 0 20 523.6808 0.03109393
920 -138.00052 17 0 21 524.29114 0.031108856
921 -138.15051 17 0 21 524.9015 0.031108856
922 -138.3005 17 0 21 525.51184 0.031108856
923 -138.4505 17 0 21 526.1222 0.031108856
924 -138.6005 17 0 21 526.73254 0.031108856
925 -138.75049 17 0 21 527.3429 0.031108856
926 -138.90048 17 0 21 527.95325 0.031108856
927 -139.05048 17 0 21 528.5636 0.031108856
928 -139.20047 17 0 21 529.17395 0.031108856
929 -139.35046 17 0 21 529.7843 0.031108856
930 -139.50046 17 0 21 530.39465 0.031108856
931 -139.65045 17 0 21 531.005 0.031108856
932 -139.80045 17 0 21 531.61536 0.031108856
933 -139.95044 17 0 21 532.2257 0.031108856
934 -140.10043 17 0 21 532.83606 0.031108856
935 -140.25043 17 0 21 533.4464 0.031108856
936 -140.40042 17 0 21 534.05676 0.031108856
937 -140.55042 17 0 21 534.6671 0.031108856
938 -140.70041 17 0 21 535.2775 0.034785025
939 -140.8504 17 0 21 536.00995 0.034334633
940 -141.0004 17 0 21 536.74225 0.023362901
941 -141.15039 17 0 21 537.2305 0.023342807
942 -141.30038 17 0 21 537.7188 0.02334075
943 -141.45038 17 0 21 538.2071 0.023339745
944 -141.60037 17 0 21 538.6954 0.023338756
945 -141.75037 17 0 21 539.18365 0.02333778
946 -141.90036 17 0 21 539.67194 0.023336822
947 -142.05035 17 0 21 540.1602 0.02333588
948 -142.20035 17 0 21 540.6485 0.023334038
949 -142.35034 17 0 21 541.1368 0.023333142
950 -142.50034 17 0 21 541.62506 0.023331394
951 -142.65033 17 0 21 542.11334 0.023330545
952 -142.80032 17 0 21 542.6016 0.023329712
953 -142.95032 17 0 21 543.0899 0.023328893
954 -143.10031 17 0 21 543.5782 0.023328088
955 -143.2503 17 0 21 544.0666 0.03408916
956 -143.4003 17 0 21 544.7831 0.031095942
957 -143.5503 17 0 21 545.39343 0.031094931
958 -143.70029 17 0 21 546.0038 0.031094931
959 -143.85028 17 0 21 546.61414 0.031094931
960 -144.00027 17 0 21 547.2245 0.03109393
961 -144.15027 17 0 21 547.83484 0.03109393
962 -144.30026 17 0 21 548.4452 0.03109393
963 -144.45026 17 0 21 549.05554 0.03109393
964 -144.60025 17 0 21 549.6659 0.03109393
965 -144.75024 17 0 22 550.27625 0.031108856
966 -144.90024 17 0 22 550.8866 0.031108856
967 -145.05023 17 0 22 551.49695 0.031108856
968 -145.20023 17 0 22 552.1073 0.031108856
969 -145.35022 17 0 22 552.71765 0.031108856
970 -145.50021 17 0 22 553.328 0.031108856
971 -145.6502 17 0 22 553.93835 0.031108856
972 -145.8002 17 0 22 554.5487 0.031108856
973 -145.9502 17 0 22 555.15906 0.031108856
974 -146.10019 17 0 22 555.7694 0.031108856
975 -146.25018 17 0 22 556.37976 0.031108856
976 -146.40018 17 0 22 556.9901 0.031108856
977 -146.55017 17 0 22 557.60046 0.031108856
978 -146.70016 17 0 22 558.2108 0.031108856
979 -146.85016 17 0 22 558.82117 0.031108856
980 -147.00015 17 0 22 559.4315 0.031108856
981 -147.15015 17 0 22 560.0419 0.031108856
982 -147.30014 17 0 22 560.6522 0.031108856
983 -147.45013 17 0 22 561.26263 0.034785025
984 -147.60013 17 0 22 561.99506 0.034334633
985 -147.75012 17 0 22 562.72736 0.023362901
986 -147.90012 17 0 22 563.21564 0.023342807
987 -148.05011 17 0 22 563.7039 0.02334075
988 -148.2001 17 0 22 564.1922 0.023339745
989 -148.3501 17 0 22 564.6805 0.023338756
990 -148.50009 17 0 22 565.16876 0.02333778
991 -148.65009 17 0 22 565.65704 0.023336822
992 -148.80008 17 0 22 566.1453 0.02333588
993 -148.95007 17 0 22 566.6336 0.023334038
994 -149.10007 17 0 22 567.1219 0.023333142
995 -149.25006 17 0 22 567.61017 0.023331394
996 -149.40005 17 0 22 568.09845 0.023330545
997 -149.55005 17 0 22 568.58673 0.023329712
998 -149.70004 17 0 22 569.075 0.023328893
999 -149.85004 17 0 22 569.5633 0.023328088
1000 -150.00003 17 0 22 570.0517 0.03408916
1001 -150.15002 17 0 22 570.76825 0.031095942

----QMATRIX: [Sensed Threat] > ACTION == UTILITY------
[0.0,0.0,1.0,0.0,0.0,0.0,0.0,0.0] > ACTION_RIGHT == -0.08001209
[0.0,0.0,0.0,0.0,0.0,0.0,0.0,0.0] > ACTION_LEFT == -4.806257E-8
[0.0,0.0,0.0,1.0,0.0,0.0,0.0,0.0] > ACTION_RIGHT == -0.08178853
[0.0,0.0,0.0,1.0,0.0,0.0,0.0,0.0] > ACTION_NONE == -0.09910057
[0.0,0.0,1.0,0.0,0.0,0.0,0.0,0.0] > ACTION_NONE == -0.14790682
[0.0,0.0,0.0,0.0,1.0,0.0,0.0,0.0] > ACTION_RIGHT == -0.06985489
[0.0,1.0,0.0,0.0,0.0,0.0,0.0,0.0] > ACTION_RIGHT == -0.09
[0.0,1.0,0.0,0.0,0.0,0.0,0.0,0.0] > ACTION_BACK == -0.078633
[0.0,0.0,0.0,1.0,0.0,0.0,0.0,0.0] > ACTION_BACK == -0.082648255
[0.0,0.0,0.0,0.0,0.0,0.0,0.0,0.0] > ACTION_BACK == -3.802467E-4
[0.0,0.0,0.0,1.0,1.0,0.0,0.0,0.0] > ACTION_RIGHT == -0.0720368
[1.0,0.0,0.0,0.0,0.0,0.0,0.0,0.0] > ACTION_RIGHT == -4.3256314E-9
[0.0,1.0,0.0,0.0,0.0,0.0,0.0,0.0] > ACTION_NONE == -0.10173088
[0.0,0.0,1.0,0.0,0.0,0.0,0.0,0.0] > ACTION_BACK == -0.05634437
[0.0,0.0,0.0,0.0,0.0,0.0,0.0,0.0] > ACTION_RIGHT == -0.006146278
[0.0,0.0,0.0,0.0,0.0,0.0,0.0,0.0] > ACTION_NONE == -0.004428942
[1.0,0.0,0.0,0.0,0.0,0.0,0.0,0.0] > ACTION_BACK == -4.3231896E-8
