-----Simulation Parameters-----
Iteration Length: 200
Iteration Qty: 1000.0
Learning Rate: 0.1
Discount Factor: 0.9
Decay: 0.15
Max View Distance: 10.0

-----SIMULATION STEPS------
Steps | Exploration Rate | QMatrix Size | Crashes | Victories | Distance Moved | Speed
1 -0.15 22 0 0 0.62179565 0.031108856
2 -0.3 22 0 0 1.2435913 0.031108856
3 -0.45000002 22 0 0 1.865387 0.031108856
4 -0.6 22 0 0 2.4871826 0.031108856
5 -0.75 22 0 0 3.1089783 0.031108856
6 -0.9 22 0 0 3.730774 0.031108856
7 -1.05 22 0 0 4.3525696 0.031108856
8 -1.1999999 22 0 0 4.974365 0.031108856
9 -1.3499999 22 0 0 5.596161 0.031108856
10 -1.4999999 22 0 0 6.2179565 0.031108856
11 -1.6499999 22 0 0 6.839752 0.031108856
12 -1.7999998 22 0 0 7.461548 0.031108856
13 -1.9499998 22 0 0 8.0833435 0.031108856
14 -2.1 22 0 0 8.705139 0.031108856
15 -2.25 22 0 0 9.326935 0.031108856
16 -2.4 22 0 0 9.94873 0.031108856
17 -2.5500002 22 0 0 10.570563 0.034785025
18 -2.7000003 22 0 0 11.2633095 0.034334633
19 -2.8500004 22 0 0 11.948779 0.033845253
20 -3.0000005 22 0 0 12.6223545 0.033351712
21 -3.1500006 22 0 0 13.283927 0.032837365
22 -3.3000007 22 0 0 13.939764 0.032285262
23 -3.4500008 22 0 0 14.585581 0.03173095
24 -3.6000009 22 0 0 15.219466 0.03114001
25 -3.750001 22 0 0 15.841243 0.03054175
26 -3.900001 22 0 0 16.45115 0.029908912
27 -4.050001 22 0 0 17.047709 0.02928451
28 -4.2000012 22 0 0 17.628101 0.028621068
29 -4.3500013 22 0 0 18.195543 0.027926138
30 -4.5000014 22 0 0 18.751652 0.027242823
31 -4.6500015 22 0 0 19.29367 0.026530342
32 -4.8000016 22 0 0 19.820147 0.031120097
33 -4.9500017 22 0 0 20.441889 0.025827529
34 -5.100002 22 0 0 20.95595 0.03112288
35 -5.250002 22 0 0 21.577684 0.025092067
36 -5.400002 22 0 0 22.073961 0.031121315
37 -5.550002 22 0 0 22.699572 0.031121315
38 -5.700002 22 0 0 23.325182 0.031121315
39 -5.8500023 22 0 0 23.950792 0.031114819
40 -6.0000024 22 0 0 24.576403 0.031114819
41 -6.1500025 22 0 0 25.202013 0.031114819
42 -6.3000026 22 0 1 25.825802 0.031108856
43 -6.4500027 22 0 1 26.447598 0.031108856
44 -6.600003 22 0 1 27.069393 0.031108856
45 -6.750003 22 0 1 27.691189 0.031108856
46 -6.900003 22 0 1 28.312984 0.031108856
47 -7.050003 22 0 1 28.93478 0.031108856
48 -7.200003 22 0 1 29.556576 0.031108856
49 -7.3500032 22 0 1 30.178371 0.031108856
50 -7.5000033 22 0 1 30.800167 0.031108856
51 -7.6500034 22 0 1 31.421963 0.031108856
52 -7.8000035 22 0 1 32.04402 0.031108856
53 -7.9500036 22 0 1 32.669632 0.031108856
54 -8.100003 22 0 1 33.295242 0.031108856
55 -8.250003 22 0 1 33.920887 0.034785025
56 -8.4000025 22 0 1 34.615158 0.034334633
57 -8.550002 22 0 1 35.300983 0.033870667
58 -8.700002 22 0 1 35.97422 0.033359703
59 -8.850001 22 0 1 36.637825 0.03285294
60 -9.000001 22 0 1 37.29395 0.032335408
61 -9.150001 22 0 1 37.939304 0.03178083
62 -9.3 22 0 1 38.57254 0.0311896
63 -9.45 22 0 1 39.196007 0.030597819
64 -9.599999 22 0 1 39.806355 0.029970856
65 -9.749999 22 0 1 40.40458 0.029339213
66 -9.899999 22 0 1 40.98876 0.028680872
67 -10.049998 22 0 1 41.555668 0.028026767
68 -10.199998 22 0 1 42.11261 0.027341986
69 -10.3499975 22 0 1 42.657124 0.026627898
70 -10.499997 22 0 1 43.18555 0.0311288
71 -10.649997 22 0 1 43.803482 0.025923282
72 -10.799996 22 0 1 44.31929 0.031129079
73 -10.949996 22 0 1 44.937214 0.025189511
74 -11.099996 22 0 1 45.435482 0.031118413
75 -11.249995 22 0 1 46.061024 0.024386397
76 -11.399995 22 0 1 46.54674 0.031119894
77 -11.549994 22 0 1 47.17235 0.031119894
78 -11.699994 22 0 1 47.797962 0.031119894
79 -11.849994 22 0 1 48.423573 0.03112683
80 -11.999993 22 0 1 49.049183 0.03112683
81 -12.149993 22 0 2 49.67479 0.031108856
82 -12.299993 22 0 2 50.3004 0.031108856
83 -12.449992 22 0 2 50.92601 0.031108856
84 -12.599992 22 0 2 51.55162 0.031108856
85 -12.749991 22 0 2 52.17723 0.031108856
86 -12.899991 22 0 2 52.80284 0.031108856
87 -13.049991 22 0 2 53.42845 0.031108856
88 -13.19999 22 0 2 54.05406 0.031108856
89 -13.34999 22 0 2 54.679672 0.031108856
90 -13.4999895 22 0 2 55.305283 0.031108856
91 -13.649989 22 0 2 55.930893 0.031108856
92 -13.799989 22 0 2 56.556503 0.031108856
93 -13.949988 22 0 2 57.182114 0.031108856
94 -14.099988 22 0 2 57.807724 0.031108856
95 -14.249988 22 0 2 58.433334 0.031108856
96 -14.399987 22 0 2 59.058945 0.031108856
97 -14.549987 22 0 2 59.684555 0.031108856
98 -14.699986 22 0 2 60.310165 0.031108856
99 -14.849986 22 0 2 60.935776 0.031108856
100 -14.999986 22 0 2 61.561386 0.031108856
101 -15.149985 22 0 2 62.186996 0.031108856
102 -15.299985 22 0 2 62.812607 0.031108856
103 -15.449985 22 0 2 63.43825 0.034785025
104 -15.599984 22 0 2 64.13107 0.034334633
105 -15.749984 22 0 2 64.81771 0.033870667
106 -15.899983 22 0 2 65.4891 0.0333677
107 -16.049984 22 0 2 66.14992 0.03285294
108 -16.199984 22 0 2 66.80604 0.032342985
109 -16.349983 22 0 2 67.44691 0.03178817
110 -16.499983 22 0 2 68.08587 0.031196697
111 -16.649982 22 0 2 68.71147 0.03060465
112 -16.799982 22 0 2 69.321815 0.030019784
113 -16.949982 22 0 2 69.91691 0.029393975
114 -17.099981 22 0 2 70.50563 0.028734878
115 -17.24998 22 0 2 71.07379 0.028079929
116 -17.39998 22 0 2 71.62965 0.027394233
117 -17.54998 22 0 2 72.178955 0.026679143
118 -17.69998 22 0 2 72.7093 0.031112265
119 -17.84998 22 0 2 73.334854 0.026014898
120 -17.999979 22 0 2 73.85371 0.031105278
121 -18.149979 22 0 2 74.479256 0.02524223
122 -18.299978 22 0 2 74.98286 0.031099172
123 -18.449978 22 0 2 75.6084 0.024477905
124 -18.599977 22 0 2 76.0948 0.031127818
125 -18.749977 22 0 2 76.72041 0.031127818
126 -18.899977 22 0 2 77.34602 0.03112094
127 -19.049976 22 0 2 77.971634 0.03112094
128 -19.199976 22 0 2 78.597244 0.03112094
129 -19.349976 22 0 3 79.222855 0.031108856
130 -19.499975 22 0 3 79.848465 0.031108856
131 -19.649975 22 0 3 80.474075 0.031108856
132 -19.799974 22 0 3 81.099686 0.031108856
133 -19.949974 22 0 3 81.725296 0.031108856
134 -20.099974 22 0 3 82.35091 0.031108856
135 -20.249973 22 0 3 82.97652 0.031108856
136 -20.399973 22 0 3 83.60213 0.031108856
137 -20.549973 22 0 3 84.22774 0.031108856
138 -20.699972 22 0 3 84.85335 0.031108856
139 -20.849972 22 0 3 85.47896 0.031108856
140 -20.999971 22 0 3 86.10457 0.031108856
141 -21.149971 22 0 3 86.73018 0.031108856
142 -21.29997 22 0 3 87.35579 0.031108856
143 -21.44997 22 0 3 87.9814 0.031108856
144 -21.59997 22 0 3 88.60705 0.034785025
145 -21.74997 22 0 3 89.29974 0.03431749
146 -21.89997 22 0 3 89.98638 0.033828024
147 -22.049969 22 0 3 90.65777 0.033343732
148 -22.199968 22 0 3 91.31718 0.032794755
149 -22.349968 22 0 3 91.97111 0.032270156
150 -22.499968 22 0 3 92.61198 0.031681083
151 -22.649967 22 0 3 93.247955 0.031083375
152 -22.799967 22 0 3 93.87356 0.03048573
153 -22.949966 22 0 3 94.480255 0.029853558
154 -23.099966 22 0 3 95.07534 0.029181438
155 -23.249966 22 0 3 95.65517 0.028519243
156 -23.399965 22 0 3 96.21974 0.027825681
157 -23.549965 22 0 3 96.76985 0.027138785
158 -23.699965 22 0 3 97.30707 0.031103985
159 -23.849964 22 0 3 97.93263 0.026423711
160 -23.999964 22 0 3 98.45592 0.03109231
161 -24.149963 22 0 3 99.081474 0.025673931
162 -24.299963 22 0 3 99.58961 0.03111765
163 -24.449963 22 0 3 100.21522 0.03111765
164 -24.599962 22 0 3 100.84083 0.031111494
165 -24.749962 22 0 3 101.46644 0.031111494
166 -24.899961 22 0 3 102.09205 0.031111494
167 -25.049961 22 0 3 102.71766 0.031105347
168 -25.19996 22 0 4 103.34327 0.031108856
169 -25.34996 22 0 4 103.96888 0.031108856
170 -25.49996 22 0 4 104.59449 0.031108856
171 -25.64996 22 0 4 105.2201 0.031108856
172 -25.79996 22 0 4 105.84571 0.031108856
173 -25.949959 22 0 4 106.47132 0.031108856
174 -26.099958 22 0 4 107.09693 0.031108856
175 -26.249958 22 0 4 107.72254 0.031108856
176 -26.399958 22 0 4 108.34815 0.031108856
177 -26.549957 22 0 4 108.97376 0.031108856
178 -26.699957 22 0 4 109.59937 0.031108856
179 -26.849957 22 0 4 110.22498 0.031108856
180 -26.999956 22 0 4 110.85063 0.034785025
181 -27.149956 22 0 4 111.54343 0.034334633
182 -27.299955 22 0 4 112.230064 0.033845253
183 -27.449955 22 0 4 112.90145 0.033359703
184 -27.599955 22 0 4 113.561714 0.032845147
185 -27.749954 22 0 4 114.21692 0.032292824
186 -27.899954 22 0 4 114.85779 0.03173828
187 -28.049953 22 0 4 115.49556 0.031182515
188 -28.199953 22 0 4 116.12116 0.030548556
189 -28.349953 22 0 4 116.73151 0.029957792
190 -28.499952 22 0 4 117.3266 0.029290713
191 -28.649952 22 0 4 117.91243 0.028632808
192 -28.799952 22 0 4 118.477005 0.027979193
193 -28.949951 22 0 4 119.03057 0.027289813
194 -29.09995 22 0 4 119.57728 0.026576731
195 -29.24995 22 0 4 120.1049 0.031103382
196 -29.39995 22 0 4 120.73045 0.025877519
197 -29.54995 22 0 4 121.249306 0.031104833
198 -29.69995 22 0 4 121.874855 0.025140744
199 -29.849949 22 0 4 122.37696 0.031101862
200 -29.999949 22 0 4 123.00257 0.031101862
201 -30.149948 22 0 4 123.62818 0.031108335
202 -30.299948 22 0 4 124.25379 0.031108335
203 -30.449947 22 0 4 124.8794 0.031114819
204 -30.599947 22 0 4 125.50501 0.031114819
205 -30.749947 22 0 5 126.13062 0.031108856
206 -30.899946 22 0 5 126.75623 0.031108856
207 -31.049946 22 0 5 127.38184 0.031108856
208 -31.199945 22 0 5 128.00728 0.031108856
209 -31.349945 22 0 5 128.61763 0.031108856
210 -31.499945 22 0 5 129.22798 0.031108856
211 -31.649944 22 0 5 129.83833 0.031108856
212 -31.799944 22 0 5 130.44868 0.031108856
213 -31.949944 22 0 5 131.05904 0.031108856
214 -32.099945 22 0 5 131.66939 0.031108856
215 -32.249947 22 0 5 132.27974 0.031108856
216 -32.39995 22 0 5 132.89009 0.031108856
217 -32.54995 22 0 5 133.50044 0.031108856
218 -32.69995 22 0 5 134.1108 0.031108856
219 -32.849953 22 0 5 134.72115 0.031108856
220 -32.999954 22 0 5 135.3315 0.031108856
221 -33.149956 22 0 5 135.94185 0.031108856
222 -33.299957 22 0 5 136.55225 0.034785025
223 -33.44996 22 0 5 137.25415 0.03431749
224 -33.59996 22 0 5 137.92957 0.033828024
225 -33.74996 22 0 5 138.60095 0.033343732
226 -33.899963 22 0 5 139.27234 0.032794755
227 -34.049965 22 0 5 139.92668 0.032277703
228 -34.199966 22 0 5 140.56755 0.031681083
229 -34.349968 22 0 5 141.2084 0.03111882
230 -34.49997 22 0 5 141.81876 0.03048573
231 -34.64997 22 0 5 142.42911 0.029853558
232 -34.799973 22 0 5 143.02016 0.029187601
233 -34.949974 22 0 5 143.59999 0.028525067
234 -35.099976 22 0 5 144.17981 0.027862238
235 -35.249977 22 0 5 144.72913 0.027138785
236 -35.39998 22 0 5 145.27847 0.031103985
237 -35.54998 22 0 5 145.88878 0.026428344
238 -35.69998 22 0 5 146.40762 0.031128723
239 -35.849983 22 0 5 147.01793 0.025678076
240 -35.999985 22 0 5 147.53677 0.031111494
241 -36.149986 22 0 5 148.14713 0.031111494
242 -36.299988 22 0 5 148.75748 0.031105347
243 -36.44999 22 0 5 149.36783 0.031105347
244 -36.59999 22 0 5 149.97818 0.031105347
245 -36.749992 22 0 5 150.58853 0.031105347
246 -36.899994 22 0 5 151.19888 0.031105347
247 -37.049995 22 0 6 151.80923 0.031108856
248 -37.199997 22 0 6 152.41959 0.031108856
249 -37.35 22 0 6 153.02994 0.031108856
250 -37.5 22 0 6 153.64029 0.031108856
251 -37.65 22 0 6 154.25064 0.031108856
252 -37.800003 22 0 6 154.861 0.031108856
253 -37.950005 22 0 6 155.47134 0.031108856
254 -38.100006 22 0 6 156.0817 0.031108856
255 -38.250008 22 0 6 156.69205 0.031108856
256 -38.40001 22 0 6 157.3024 0.031108856
257 -38.55001 22 0 6 157.91275 0.031108856
258 -38.700012 22 0 6 158.52315 0.034785025
259 -38.850014 22 0 6 159.22505 0.034334633
260 -39.000015 22 0 6 159.90106 0.03385344
261 -39.150017 22 0 6 160.57245 0.033359703
262 -39.30002 22 0 6 161.24384 0.032845147
263 -39.45002 22 0 6 161.9129 0.032292824
264 -39.60002 22 0 6 162.55377 0.03173828
265 -39.750023 22 0 6 163.19463 0.031182515
266 -39.900024 22 0 6 163.80498 0.030591002
267 -40.050026 22 0 6 164.41533 0.029957792
268 -40.200027 22 0 6 165.02379 0.02929693
269 -40.35003 22 0 6 165.60362 0.028674979
270 -40.50003 22 0 6 166.18344 0.027979193
271 -40.650032 22 0 6 166.73276 0.027294952
272 -40.800034 22 0 6 167.28207 0.026618414
273 -40.950035 22 0 6 167.80443 0.031103382
274 -41.100037 22 0 6 168.41473 0.025877519
275 -41.25004 22 0 6 168.93358 0.031104833
276 -41.40004 22 0 6 169.54388 0.025144527
277 -41.55004 22 0 6 170.03703 0.031101862
278 -41.700043 22 0 6 170.64738 0.031101862
279 -41.850044 22 0 6 171.25774 0.031101862
280 -42.000046 22 0 6 171.86809 0.031108335
281 -42.150047 22 0 6 172.47844 0.031108335
282 -42.30005 22 0 6 173.08879 0.031114819
283 -42.45005 22 0 7 173.69914 0.031108856
284 -42.60005 22 0 7 174.3095 0.031108856
285 -42.750053 22 0 7 174.91985 0.031108856
286 -42.900055 22 0 7 175.5302 0.031108856
287 -43.050056 22 0 7 176.14055 0.031108856
288 -43.200058 22 0 7 176.7509 0.031108856
289 -43.35006 22 0 7 177.36125 0.031108856
290 -43.50006 22 0 7 177.9716 0.031108856
291 -43.650063 22 0 7 178.58195 0.031108856
292 -43.800064 22 0 7 179.1923 0.031108856
293 -43.950066 22 0 7 179.80266 0.031108856
294 -44.100067 22 0 7 180.41301 0.031108856
295 -44.25007 22 0 7 181.02336 0.031108856
296 -44.40007 22 0 7 181.63371 0.031108856
297 -44.55007 22 0 7 182.24406 0.031108856
298 -44.700073 22 0 7 182.85442 0.031108856
299 -44.850075 22 0 7 183.46477 0.031108856
300 -45.000076 22 0 7 184.07512 0.031108856
301 -45.150078 22 0 7 184.68547 0.031108856
302 -45.30008 22 0 7 185.29582 0.031108856
303 -45.45008 22 0 7 185.90617 0.031108856
304 -45.600082 22 0 7 186.51653 0.031108856
305 -45.750084 22 0 7 187.12688 0.031108856
306 -45.900085 22 0 7 187.73727 0.034785025
307 -46.050087 22 0 7 188.43918 0.034334633
308 -46.20009 22 0 7 189.11513 0.033845253
309 -46.35009 22 0 7 189.78651 0.033359703
310 -46.50009 22 0 7 190.4579 0.032845147
311 -46.650093 22 0 7 191.12564 0.032292824
312 -46.800095 22 0 7 191.76651 0.03173828
313 -46.950096 22 0 7 192.40736 0.031182515
314 -47.100098 22 0 7 193.01772 0.030548556
315 -47.2501 22 0 7 193.62807 0.029957792
316 -47.4001 22 0 7 194.23494 0.029290713
317 -47.550102 22 0 7 194.81477 0.028632808
318 -47.700104 22 0 7 195.39459 0.027979193
319 -47.850105 22 0 7 195.94391 0.027289813
320 -48.000107 22 0 7 196.49323 0.026576731
321 -48.15011 22 0 7 197.01373 0.031108944
322 -48.30011 22 0 7 197.62404 0.025877519
323 -48.45011 22 0 7 198.14288 0.031104833
324 -48.600113 22 0 7 198.75319 0.025140744
325 -48.750114 22 0 7 199.24536 0.031101862
326 -48.900116 22 0 7 199.85571 0.031108335
327 -49.050117 22 0 7 200.46606 0.031108335
328 -49.20012 22 0 7 201.07642 0.031108335
329 -49.35012 22 0 7 201.68677 0.031114819
330 -49.500122 22 0 7 202.29712 0.031114819
331 -49.650124 22 0 8 202.90747 0.031108856
332 -49.800125 22 0 8 203.51782 0.031108856
333 -49.950127 22 0 8 204.12817 0.031108856
334 -50.10013 22 0 8 204.73853 0.031108856
335 -50.25013 22 0 8 205.34888 0.031108856
336 -50.40013 22 0 8 205.95923 0.031108856
337 -50.550133 22 0 8 206.56958 0.031108856
338 -50.700134 22 0 8 207.17993 0.031108856
339 -50.850136 22 0 8 207.79028 0.031108856
340 -51.000137 22 0 8 208.40063 0.031108856
341 -51.15014 22 0 8 209.01099 0.031108856
342 -51.30014 22 0 8 209.62134 0.031108856
343 -51.45014 22 0 8 210.23169 0.031108856
344 -51.600143 22 0 8 210.84209 0.034785025
345 -51.750145 22 0 8 211.54399 0.034334633
346 -51.900146 22 0 8 212.22028 0.033870667
347 -52.050148 22 0 8 212.89166 0.0333677
348 -52.20015 22 0 8 213.56305 0.03285294
349 -52.35015 22 0 8 214.23404 0.032335408
350 -52.500153 22 0 8 214.87491 0.03178817
351 -52.650154 22 0 8 215.51576 0.031196697
352 -52.800156 22 0 8 216.12611 0.03060465
353 -52.950157 22 0 8 216.73647 0.030013232
354 -53.10016 22 0 8 217.3468 0.029351685
355 -53.25016 22 0 8 217.92664 0.028728956
356 -53.40016 22 0 8 218.50645 0.028037876
357 -53.550163 22 0 8 219.05577 0.02738905
358 -53.700165 22 0 8 219.60509 0.026679143
359 -53.850166 22 0 8 220.13693 0.031117767
360 -54.000168 22 0 8 220.74724 0.025973411
361 -54.15017 22 0 8 221.2661 0.031111212
362 -54.30017 22 0 8 221.9058 0.025238374
363 -54.450172 22 0 8 222.40799 0.031105576
364 -54.600174 22 0 8 223.01828 0.024437036
365 -54.750175 22 0 8 223.50662 0.031099143
366 -54.900177 22 0 8 224.11697 0.031099143
367 -55.05018 22 0 8 224.72733 0.031099143
368 -55.20018 22 0 8 225.33768 0.031099143
369 -55.35018 22 0 8 225.94803 0.031099143
370 -55.500183 22 0 9 226.55838 0.031108856
371 -55.650185 22 0 9 227.16873 0.031108856
372 -55.800186 22 0 9 227.77908 0.031108856
373 -55.950188 22 0 9 228.38943 0.031108856
374 -56.10019 22 0 9 228.99979 0.031108856
375 -56.25019 22 0 9 229.61014 0.031108856
376 -56.400192 22 0 9 230.22049 0.031108856
377 -56.550194 22 0 9 230.83084 0.031108856
378 -56.700195 22 0 9 231.4412 0.031108856
379 -56.850197 22 0 9 232.05154 0.031108856
380 -57.0002 22 0 9 232.6619 0.031108856
381 -57.1502 22 0 9 233.27225 0.031108856
382 -57.3002 22 0 9 233.8826 0.031108856
383 -57.450203 22 0 9 234.493 0.034785025
384 -57.600204 22 0 9 235.1949 0.034334633
385 -57.750206 22 0 9 235.87065 0.033845253
386 -57.900208 22 0 9 236.54204 0.033351712
387 -58.05021 22 0 9 237.21342 0.032837365
388 -58.20021 22 0 9 237.87642 0.032285262
389 -58.350212 22 0 9 238.51729 0.03173095
390 -58.500214 22 0 9 239.15814 0.031132938
391 -58.650215 22 0 9 239.7685 0.03054175
392 -58.800217 22 0 9 240.37885 0.029908912
393 -58.95022 22 0 9 240.98003 0.029278316
394 -59.10022 22 0 9 241.55986 0.028621068
395 -59.25022 22 0 9 242.13968 0.027926138
396 -59.400223 22 0 9 242.689 0.027237713
397 -59.550224 22 0 9 243.23834 0.031114632
398 -59.700226 22 0 9 243.84865 0.026525645
399 -59.850227 22 0 9 244.3675 0.031100458
400 -60.00023 22 0 9 244.9778 0.025777623
401 -60.15023 22 0 9 245.49664 0.031117016
402 -60.300232 22 0 9 246.10693 0.024995001
403 -60.450233 22 0 9 246.59528 0.031102043
404 -60.600235 22 0 9 247.20563 0.031102043
405 -60.750237 22 0 9 247.81598 0.031108646
406 -60.900238 22 0 9 248.45152 0.031108646
407 -61.05024 22 0 9 249.08824 0.031108646
408 -61.20024 22 0 10 249.71129 0.031108856
409 -61.350243 22 0 10 250.32164 0.031108856
410 -61.500244 22 0 10 250.93199 0.031108856
411 -61.650246 22 0 10 251.54234 0.031108856
412 -61.800247 22 0 10 252.1527 0.031108856
413 -61.95025 22 0 10 252.76305 0.031108856
414 -62.10025 22 0 10 253.3734 0.031108856
415 -62.25025 22 0 10 253.98375 0.031108856
416 -62.400253 22 0 10 254.5941 0.031108856
417 -62.550255 22 0 10 255.20445 0.031108856
418 -62.700256 22 0 10 255.8148 0.031108856
419 -62.850258 22 0 10 256.42517 0.031108856
420 -63.00026 22 0 10 257.03552 0.031108856
421 -63.15026 22 0 10 257.6459 0.034785025
422 -63.300262 22 0 10 258.3173 0.034334633
423 -63.450264 22 0 10 258.98868 0.033870667
424 -63.600266 22 0 10 259.66006 0.033359703
425 -63.750267 22 0 10 260.33145 0.032845147
426 -63.90027 22 0 10 261.00284 0.032335408
427 -64.05027 22 0 10 261.6742 0.03174562
428 -64.20027 22 0 10 262.28455 0.0311896
429 -64.35027 22 0 10 262.8949 0.030591002
430 -64.500275 22 0 10 263.50525 0.029964318
431 -64.650276 22 0 10 264.1156 0.029339213
432 -64.80028 22 0 10 264.6968 0.028680872
433 -64.95028 22 0 10 265.24612 0.027984725
434 -65.10028 22 0 10 265.79544 0.027336832
435 -65.25028 22 0 10 266.34476 0.02662315
436 -65.40028 22 0 10 266.8941 0.031097831
437 -65.550285 22 0 10 267.5044 0.025923282
438 -65.70029 22 0 10 267.99274 0.031092854
439 -65.85029 22 0 10 268.60303 0.025185708
440 -66.00029 22 0 10 269.09137 0.031124849
441 -66.15029 22 0 10 269.70172 0.031124849
442 -66.30029 22 0 10 270.31207 0.031131295
443 -66.450294 22 0 10 270.92242 0.031095399
444 -66.600296 22 0 10 271.53278 0.031095399
445 -66.7503 22 0 10 272.14313 0.031095399
446 -66.9003 22 0 11 272.75348 0.031108856
447 -67.0503 22 0 11 273.36383 0.031108856
448 -67.2003 22 0 11 273.97418 0.031108856
449 -67.3503 22 0 11 274.58453 0.031108856
450 -67.500305 22 0 11 275.1949 0.031108856
451 -67.65031 22 0 11 275.80524 0.031108856
452 -67.80031 22 0 11 276.4156 0.031108856
453 -67.95031 22 0 11 277.02594 0.031108856
454 -68.10031 22 0 11 277.6363 0.031108856
455 -68.25031 22 0 11 278.24664 0.031108856
456 -68.400314 22 0 11 278.857 0.031108856
457 -68.550316 22 0 11 279.46735 0.031108856
458 -68.70032 22 0 11 280.07773 0.034785025
459 -68.85032 22 0 11 280.7491 0.034334633
460 -69.00032 22 0 11 281.4205 0.033845253
461 -69.15032 22 0 11 282.0919 0.033351712
462 -69.30032 22 0 11 282.76328 0.032837365
463 -69.450325 22 0 11 283.43466 0.032285262
464 -69.60033 22 0 11 284.10602 0.03173095
465 -69.75033 22 0 11 284.71637 0.031132938
466 -69.90033 22 0 11 285.32672 0.03054175
467 -70.05033 22 0 11 285.93707 0.029908912
468 -70.20033 22 0 11 286.54742 0.029278316
469 -70.350334 22 0 11 287.12042 0.028621068
470 -70.500336 22 0 11 287.66974 0.027926138
471 -70.65034 22 0 11 288.21906 0.027237713
472 -70.80034 22 0 11 288.7684 0.031114632
473 -70.95034 22 0 11 289.37872 0.026525645
474 -71.10034 22 0 11 289.92807 0.031100458
475 -71.25034 22 0 11 290.53836 0.025773412
476 -71.400345 22 0 11 291.0267 0.031117016
477 -71.55035 22 0 11 291.637 0.024995001
478 -71.70035 22 0 11 292.12534 0.031102043
479 -71.85035 22 0 11 292.7357 0.031108646
480 -72.00035 22 0 11 293.34604 0.031108646
481 -72.15035 22 0 11 293.9564 0.031108646
482 -72.300354 22 0 11 294.56674 0.031108646
483 -72.450356 22 0 12 295.1771 0.031108856
484 -72.60036 22 0 12 295.78745 0.031108856
485 -72.75036 22 0 12 296.3978 0.031108856
486 -72.90036 22 0 12 297.00815 0.031108856
487 -73.05036 22 0 12 297.6185 0.031108856
488 -73.20036 22 0 12 298.22885 0.031108856
489 -73.350365 22 0 12 298.8392 0.031108856
490 -73.50037 22 0 12 299.44955 0.031108856
491 -73.65037 22 0 12 300.0599 0.031108856
492 -73.80037 22 0 12 300.67026 0.031108856
493 -73.95037 22 0 12 301.2806 0.031108856
494 -74.10037 22 0 12 301.89096 0.031108856
495 -74.250374 22 0 12 302.5013 0.031108856
496 -74.400375 22 0 12 303.11166 0.031108856
497 -74.55038 22 0 12 303.72202 0.031108856
498 -74.70038 22 0 12 304.33237 0.031108856
499 -74.85038 22 0 12 304.94272 0.031108856
500 -75.00038 22 0 12 305.55307 0.031108856
501 -75.15038 22 0 12 306.16342 0.031108856
502 -75.300385 22 0 12 306.77377 0.031108856
503 -75.450386 22 0 12 307.38412 0.031108856
504 -75.60039 22 0 12 307.9945 0.034785025
505 -75.75039 22 0 12 308.6659 0.034334633
506 -75.90039 22 0 12 309.33728 0.033870667
507 -76.05039 22 0 12 310.00867 0.033359703
508 -76.20039 22 0 12 310.68005 0.03285294
509 -76.350395 22 0 12 311.35144 0.032335408
510 -76.5004 22 0 12 312.0228 0.03178083
511 -76.6504 22 0 12 312.63315 0.0311896
512 -76.8004 22 0 12 313.2435 0.030597819
513 -76.9504 22 0 12 313.85385 0.029964318
514 -77.1004 22 0 12 314.4642 0.029339213
515 -77.250404 22 0 12 315.04742 0.028680872
516 -77.400406 22 0 12 315.59674 0.028026767
517 -77.55041 22 0 12 316.14606 0.027341986
518 -77.70041 22 0 12 316.69537 0.026627898
519 -77.85041 22 0 12 317.24472 0.031092292
520 -78.00041 22 0 12 317.855 0.025923282
521 -78.15041 22 0 12 318.34335 0.031129079
522 -78.300415 22 0 12 318.95364 0.025189511
523 -78.45042 22 0 12 319.442 0.031124849
524 -78.60042 22 0 12 320.05228 0.024386397
525 -78.75042 22 0 12 320.54062 0.031119894
526 -78.90042 22 0 12 321.15097 0.031119894
527 -79.05042 22 0 12 321.76132 0.03112683
528 -79.200424 22 0 12 322.37167 0.03112683
529 -79.350426 22 0 12 322.98203 0.03109826
530 -79.50043 22 0 13 323.59238 0.031108856
531 -79.65043 22 0 13 324.20273 0.031108856
532 -79.80043 22 0 13 324.81308 0.031108856
533 -79.95043 22 0 13 325.42343 0.031108856
534 -80.10043 22 0 13 326.03378 0.031108856
535 -80.250435 22 0 13 326.64413 0.031108856
536 -80.40044 22 0 13 327.2545 0.031108856
537 -80.55044 22 0 13 327.86484 0.031108856
538 -80.70044 22 0 13 328.4752 0.031108856
539 -80.85044 22 0 13 329.08554 0.031108856
540 -81.00044 22 0 13 329.6959 0.031108856
541 -81.150444 22 0 13 330.30624 0.031108856
542 -81.300446 22 0 13 330.9166 0.031108856
543 -81.45045 22 0 13 331.52695 0.031108856
544 -81.60045 22 0 13 332.1373 0.031108856
545 -81.75045 22 0 13 332.74765 0.031108856
546 -81.90045 22 0 13 333.35803 0.034785025
547 -82.05045 22 0 13 334.02942 0.034334633
548 -82.200455 22 0 13 334.7008 0.033845253
549 -82.35046 22 0 13 335.3722 0.033351712
550 -82.50046 22 0 13 336.04358 0.032845147
551 -82.65046 22 0 13 336.71497 0.032292824
552 -82.80046 22 0 13 337.38632 0.03173095
553 -82.95046 22 0 13 337.99667 0.03114001
554 -83.100464 22 0 13 338.60703 0.030548556
555 -83.250465 22 0 13 339.21738 0.029915424
556 -83.40047 22 0 13 339.82773 0.02928451
557 -83.55047 22 0 13 340.4027 0.028626932
558 -83.70047 22 0 13 340.95203 0.02793164
559 -83.85047 22 0 13 341.50134 0.027247941
560 -84.00047 22 0 13 342.05066 0.026567312
561 -84.150475 22 0 13 342.6 0.031114517
562 -84.300476 22 0 13 343.2103 0.025868969
563 -84.45048 22 0 13 343.69864 0.031116854
564 -84.60048 22 0 13 344.30893 0.025095817
565 -84.75048 22 0 13 344.79727 0.031114819
566 -84.90048 22 0 13 345.40762 0.031114819
567 -85.05048 22 0 13 346.01797 0.031114819
568 -85.200485 22 0 13 346.62833 0.031114819
569 -85.35049 22 0 13 347.23868 0.031114819
570 -85.50049 22 0 13 347.84903 0.031114819
571 -85.65049 22 0 14 348.45938 0.031108856
572 -85.80049 22 0 14 349.06973 0.031108856
573 -85.95049 22 0 14 349.68008 0.031108856
574 -86.100494 22 0 14 350.29044 0.031108856
575 -86.250496 22 0 14 350.9008 0.031108856
576 -86.4005 22 0 14 351.51114 0.031108856
577 -86.5505 22 0 14 352.1215 0.031108856
578 -86.7005 22 0 14 352.73184 0.031108856
579 -86.8505 22 0 14 353.3422 0.031108856
580 -87.0005 22 0 14 353.95255 0.031108856
581 -87.150505 22 0 14 354.5629 0.031108856
582 -87.30051 22 0 14 355.17325 0.031108856
583 -87.45051 22 0 14 355.7836 0.031108856
584 -87.60051 22 0 14 356.39395 0.031108856
585 -87.75051 22 0 14 357.0043 0.031108856
586 -87.90051 22 0 14 357.61465 0.031108856
587 -88.050514 22 0 14 358.225 0.031108856
588 -88.200516 22 0 14 358.83536 0.031108856
589 -88.35052 22 0 14 359.4457 0.031108856
590 -88.50052 22 0 14 360.05606 0.031108856
591 -88.65052 22 0 14 360.6664 0.031108856
592 -88.80052 22 0 14 361.2768 0.034785025
593 -88.95052 22 0 14 361.94818 0.034334633
594 -89.100525 22 0 14 362.61957 0.033870667
595 -89.25053 22 0 14 363.29095 0.033359703
596 -89.40053 22 0 14 363.96234 0.03285294
597 -89.55053 22 0 14 364.63373 0.032335408
598 -89.70053 22 0 14 365.30508 0.03178083
599 -89.85053 22 0 14 365.91544 0.031196697
600 -90.000534 22 0 14 366.5258 0.03060465
601 -90.150536 22 0 14 367.13614 0.029977404
602 -90.30054 22 0 14 367.7465 0.029345443
603 -90.45054 22 0 14 368.33682 0.028686777
604 -90.60054 22 0 14 368.88614 0.028032316
605 -90.75054 22 0 14 369.43546 0.027347155
606 -90.90054 22 0 14 369.98477 0.026674364
607 -91.050545 22 0 14 370.53412 0.031117767
608 -91.20055 22 0 14 371.1444 0.025969075
609 -91.35055 22 0 14 371.63275 0.031117158
610 -91.50055 22 0 14 372.24304 0.025234532
611 -91.65055 22 0 14 372.73138 0.031105576
612 -91.80055 22 0 14 373.34167 0.024433753
613 -91.950554 22 0 14 373.83002 0.031106051
614 -92.100555 22 0 14 374.44037 0.031106051
615 -92.25056 22 0 14 375.05072 0.031106051
616 -92.40056 22 0 14 375.66107 0.031106051
617 -92.55056 22 0 14 376.27142 0.031106051
618 -92.70056 22 0 15 376.88177 0.031108856
619 -92.85056 22 0 15 377.49213 0.031108856
620 -93.000565 22 0 15 378.10248 0.031108856
621 -93.150566 22 0 15 378.71283 0.031108856
622 -93.30057 22 0 15 379.32318 0.031108856
623 -93.45057 22 0 15 379.93353 0.031108856
624 -93.60057 22 0 15 380.54388 0.031108856
625 -93.75057 22 0 15 381.15424 0.031108856
626 -93.90057 22 0 15 381.7646 0.031108856
627 -94.050575 22 0 15 382.37494 0.031108856
628 -94.20058 22 0 15 382.9853 0.031108856
629 -94.35058 22 0 15 383.59564 0.031108856
630 -94.50058 22 0 15 384.206 0.031108856
631 -94.65058 22 0 15 384.81635 0.031108856
632 -94.80058 22 0 15 385.4267 0.031108856
633 -94.950584 22 0 15 386.03705 0.031108856
634 -95.100586 22 0 15 386.6474 0.031108856
635 -95.25059 22 0 15 387.25775 0.031108856
636 -95.40059 22 0 15 387.8681 0.031108856
637 -95.55059 22 0 15 388.4785 0.034785025
638 -95.70059 22 0 15 389.14987 0.034334633
639 -95.85059 22 0 15 389.82126 0.033870667
640 -96.000595 22 0 15 390.49265 0.033359703
641 -96.1506 22 0 15 391.16403 0.03285294
642 -96.3006 22 0 15 391.83542 0.032335408
643 -96.4506 22 0 15 392.50677 0.03178083
644 -96.6006 22 0 15 393.11713 0.0311896
645 -96.7506 22 0 15 393.72748 0.030597819
646 -96.900604 22 0 15 394.33783 0.029970856
647 -97.050606 22 0 15 394.94818 0.029345443
648 -97.20061 22 0 15 395.53644 0.028686777
649 -97.35061 22 0 15 396.08575 0.028032316
650 -97.50061 22 0 15 396.63507 0.027347155
651 -97.65061 22 0 15 397.1844 0.026669597
652 -97.80061 22 0 15 397.73373 0.031123277
653 -97.950615 22 0 15 398.34402 0.025969075
654 -98.10062 22 0 15 398.83237 0.031117158
655 -98.25062 22 0 15 399.44266 0.025197165
656 -98.40062 22 0 15 399.931 0.03111199
657 -98.55062 22 0 15 400.5413 0.024430485
658 -98.70062 22 0 15 401.02963 0.031106051
659 -98.850624 22 0 15 401.63998 0.031112965
660 -99.000626 22 0 15 402.25034 0.031112965
661 -99.15063 22 0 15 402.8607 0.031112965
662 -99.30063 22 0 15 403.47104 0.031112965
663 -99.45063 22 0 16 404.0814 0.031108856
664 -99.60063 22 0 16 404.69174 0.031108856
665 -99.75063 22 0 16 405.3021 0.031108856
666 -99.900635 22 0 16 405.91245 0.031108856
667 -100.05064 22 0 16 406.5228 0.031108856
668 -100.20064 22 0 16 407.13315 0.031108856
669 -100.35064 22 0 16 407.7435 0.031108856
670 -100.50064 22 0 16 408.35385 0.031108856
671 -100.65064 22 0 16 408.9642 0.031108856
672 -100.800644 22 0 16 409.57455 0.031108856
673 -100.950645 22 0 16 410.1849 0.031108856
674 -101.10065 22 0 16 410.79526 0.031108856
675 -101.25065 22 0 16 411.4056 0.031108856
676 -101.40065 22 0 16 412.016 0.034785025
677 -101.55065 22 0 16 412.68738 0.034334633
678 -101.70065 22 0 16 413.35876 0.033845253
679 -101.850655 22 0 16 414.03015 0.033351712
680 -102.000656 22 0 16 414.70154 0.032837365
681 -102.15066 22 0 16 415.37292 0.032285262
682 -102.30066 22 0 16 416.04428 0.03172363
683 -102.45066 22 0 16 416.65463 0.031132938
684 -102.60066 22 0 16 417.26498 0.030534955
685 -102.75066 22 0 16 417.87534 0.02990241
686 -102.900665 22 0 16 418.4857 0.029242236
687 -103.05067 22 0 16 419.05753 0.028578907
688 -103.20067 22 0 16 419.60684 0.027920645
689 -103.35067 22 0 16 420.15616 0.027232617
690 -103.50067 22 0 16 420.7055 0.031119818
691 -103.65067 22 0 16 421.31583 0.02652096
692 -103.800674 22 0 16 421.86517 0.03110609
693 -103.950676 22 0 16 422.47546 0.025769211
694 -104.10068 22 0 16 422.9638 0.031123115
695 -104.25068 22 0 16 423.5741 0.024950247
696 -104.40068 22 0 16 424.06244 0.031108646
697 -104.55068 22 0 16 424.6728 0.031108646
698 -104.70068 22 0 16 425.28314 0.031108646
699 -104.850685 22 0 16 425.8935 0.031108646
700 -105.00069 22 0 16 426.50385 0.031108646
701 -105.15069 22 0 17 427.1142 0.031108856
702 -105.30069 22 0 17 427.72455 0.031108856
703 -105.45069 22 0 17 428.3349 0.031108856
704 -105.60069 22 0 17 428.94525 0.031108856
705 -105.750694 22 0 17 429.5556 0.031108856
706 -105.900696 22 0 17 430.16595 0.031108856
707 -106.0507 22 0 17 430.7763 0.031108856
708 -106.2007 22 0 17 431.38666 0.031108856
709 -106.3507 22 0 17 431.997 0.031108856
710 -106.5007 22 0 17 432.60736 0.031108856
711 -106.6507 22 0 17 433.2177 0.031108856
712 -106.800705 22 0 17 433.82806 0.031108856
713 -106.95071 22 0 17 434.43842 0.031108856
714 -107.10071 22 0 17 435.04877 0.031108856
715 -107.25071 22 0 17 435.65912 0.031108856
716 -107.40071 22 0 17 436.2695 0.034785025
717 -107.55071 22 0 17 436.9409 0.034334633
718 -107.700714 22 0 17 437.61227 0.033845253
719 -107.850716 22 0 17 438.28366 0.033351712
720 -108.00072 22 0 17 438.95505 0.032837365
721 -108.15072 22 0 17 439.62643 0.032277703
722 -108.30072 22 0 17 440.2978 0.03172363
723 -108.45072 22 0 17 440.90814 0.031125873
724 -108.60072 22 0 17 441.5185 0.030528167
725 -108.750725 22 0 17 442.12885 0.029895918
726 -108.90073 22 0 17 442.7392 0.029229866
727 -109.05073 22 0 17 443.30902 0.028573055
728 -109.20073 22 0 17 443.85834 0.027878627
729 -109.35073 22 0 17 444.40765 0.027190765
730 -109.50073 22 0 17 444.957 0.031125015
731 -109.650734 22 0 17 445.56732 0.026479302
732 -109.800735 22 0 17 446.11667 0.031111734
733 -109.95074 22 0 17 446.72696 0.025727807
734 -110.10074 22 0 17 447.2153 0.031099211
735 -110.25074 22 0 17 447.8256 0.024909163
736 -110.40074 22 0 17 448.31393 0.03112188
737 -110.55074 22 0 17 448.9243 0.03112188
738 -110.700745 22 0 17 449.53464 0.031115258
739 -110.850746 22 0 17 450.145 0.031115258
740 -111.00075 22 0 17 450.75534 0.031108646
741 -111.15075 22 0 18 451.3657 0.031108856
742 -111.30075 22 0 18 451.97604 0.031108856
743 -111.45075 22 0 18 452.5864 0.031108856
744 -111.60075 22 0 18 453.19675 0.031108856
745 -111.750755 22 0 18 453.8071 0.031108856
746 -111.90076 22 0 18 454.41745 0.031108856
747 -112.05076 22 0 18 455.0278 0.031108856
748 -112.20076 22 0 18 455.63815 0.031108856
749 -112.35076 22 0 18 456.2485 0.031108856
750 -112.50076 22 0 18 456.85886 0.031108856
751 -112.650764 22 0 18 457.4692 0.031108856
752 -112.800766 22 0 18 458.07956 0.031108856
753 -112.95077 22 0 18 458.6899 0.031108856
754 -113.10077 22 0 18 459.30026 0.031108856
755 -113.25077 22 0 18 459.9106 0.031108856
756 -113.40077 22 0 18 460.52097 0.031108856
757 -113.55077 22 0 18 461.13132 0.031108856
758 -113.700775 22 0 18 461.74167 0.031108856
759 -113.85078 22 0 18 462.35202 0.031108856
760 -114.00078 22 0 18 462.96237 0.031108856
761 -114.15078 22 0 18 463.57272 0.031108856
762 -114.30078 22 0 18 464.1831 0.034785025
763 -114.45078 22 0 18 464.8545 0.034334633
764 -114.600784 22 0 18 465.52588 0.03385344
765 -114.750786 22 0 18 466.19727 0.033359703
766 -114.90079 22 0 18 466.86865 0.032845147
767 -115.05079 22 0 18 467.54004 0.032292824
768 -115.20079 22 0 18 468.2114 0.03173828
769 -115.35079 22 0 18 468.82175 0.031182515
770 -115.50079 22 0 18 469.4321 0.030591002
771 -115.650795 22 0 18 470.04245 0.029957792
772 -115.8008 22 0 18 470.6528 0.02929693
773 -115.9508 22 0 18 471.23093 0.028674979
774 -116.1008 22 0 18 471.78024 0.027979193
775 -116.2508 22 0 18 472.32956 0.027294952
776 -116.4008 22 0 18 472.87888 0.026618414
777 -116.550804 22 0 18 473.42822 0.031103382
778 -116.700806 22 0 18 474.0385 0.025877519
779 -116.85081 22 0 18 474.52686 0.031104833
780 -117.00081 22 0 18 475.13715 0.025144527
781 -117.15081 22 0 18 475.6255 0.031101862
782 -117.30081 22 0 18 476.23584 0.031101862
783 -117.45081 22 0 18 476.8462 0.031101862
784 -117.600815 22 0 18 477.45654 0.031108335
785 -117.75082 22 0 18 478.0669 0.031108335
786 -117.90082 22 0 18 478.67725 0.031114819
787 -118.05082 22 0 19 479.2876 0.031108856
788 -118.20082 22 0 19 479.89795 0.031108856
789 -118.35082 22 0 19 480.5083 0.031108856
790 -118.500824 22 0 19 481.11865 0.031108856
791 -118.650826 22 0 19 481.729 0.031108856
792 -118.80083 22 0 19 482.33936 0.031108856
793 -118.95083 22 0 19 482.9497 0.031108856
794 -119.10083 22 0 19 483.56006 0.031108856
795 -119.25083 22 0 19 484.1704 0.031108856
796 -119.40083 22 0 19 484.78076 0.031108856
797 -119.550835 22 0 19 485.3911 0.031108856
798 -119.700836 22 0 19 486.00146 0.031108856
799 -119.85084 22 0 19 486.61182 0.031108856
800 -120.00084 22 0 19 487.22217 0.031108856
801 -120.15084 22 0 19 487.83252 0.031108856
802 -120.30084 22 0 19 488.44287 0.031108856
803 -120.45084 22 0 19 489.05322 0.031108856
804 -120.600845 22 0 19 489.6636 0.034785025
805 -120.75085 22 0 19 490.335 0.034334633
806 -120.90085 22 0 19 491.00638 0.033845253
807 -121.05085 22 0 19 491.67776 0.033351712
808 -121.20085 22 0 19 492.34915 0.032829594
809 -121.35085 22 0 19 493.02054 0.032277703
810 -121.500854 22 0 19 493.6919 0.031681083
811 -121.650856 22 0 19 494.30225 0.03111882
812 -121.80086 22 0 19 494.9126 0.03048573
813 -121.95086 22 0 19 495.52295 0.029853558
814 -122.10086 22 0 19 496.1333 0.0292237
815 -122.25086 22 0 19 496.70096 0.028561391
816 -122.40086 22 0 19 497.25027 0.027867688
817 -122.550865 22 0 19 497.7996 0.027143843
818 -122.70087 22 0 19 498.34894 0.031098751
819 -122.85087 22 0 19 498.95926 0.026469985
820 -123.00087 22 0 19 499.5086 0.03112305
821 -123.15087 22 0 19 500.1189 0.025682235
822 -123.30087 22 0 19 500.60724 0.031111494
823 -123.450874 22 0 19 501.21753 0.024901917
824 -123.600876 22 0 19 501.70587 0.031099405
825 -123.75088 22 0 19 502.31622 0.031092754
826 -123.90088 22 0 19 502.92657 0.031128515
827 -124.05088 22 0 19 503.53693 0.031128515
828 -124.20088 22 0 19 504.14728 0.03112188
829 -124.35088 22 0 20 504.75763 0.031108856
830 -124.500885 22 0 20 505.36798 0.031108856
831 -124.65089 22 0 20 505.97833 0.031108856
832 -124.80089 22 0 20 506.58868 0.031108856
833 -124.95089 22 0 20 507.19904 0.031108856
834 -125.10089 22 0 20 507.8094 0.031108856
835 -125.25089 22 0 20 508.41974 0.031108856
836 -125.400894 22 0 20 509.0301 0.031108856
837 -125.550896 22 0 20 509.64044 0.031108856
838 -125.7009 22 0 20 510.2508 0.031108856
839 -125.8509 22 0 20 510.86115 0.031108856
840 -126.0009 22 0 20 511.4715 0.031108856
841 -126.1509 22 0 20 512.08185 0.031108856
842 -126.3009 22 0 20 512.6922 0.031108856
843 -126.450905 22 0 20 513.30255 0.031108856
844 -126.60091 22 0 20 513.9129 0.031108856
845 -126.75091 22 0 20 514.52325 0.031108856
846 -126.90091 22 0 20 515.1336 0.031108856
847 -127.05091 22 0 20 515.744 0.034785025
848 -127.20091 22 0 20 516.47644 0.034334633
849 -127.350914 22 0 20 517.20886 0.033845253
850 -127.500916 22 0 20 517.9312 0.033351712
851 -127.65092 22 0 20 518.54156 0.032837365
852 -127.80092 22 0 20 519.1519 0.032285262
853 -127.95092 22 0 20 519.76227 0.03172363
854 -128.10092 22 0 20 520.3726 0.031132938
855 -128.25092 22 0 20 520.983 0.030534955
856 -128.40091 22 0 20 521.5933 0.02990241
857 -128.5509 22 0 20 522.2037 0.029242236
858 -128.7009 22 0 20 522.814 0.028578907
859 -128.85089 22 0 20 523.4244 0.027920645
860 -129.00089 22 0 20 524.03467 0.027195856
861 -129.15088 22 0 20 524.523 0.031119818
862 -129.30087 22 0 20 525.1333 0.02652096
863 -129.45087 22 0 20 525.62164 0.03110609
864 -129.60086 22 0 20 526.23193 0.025769211
865 -129.75085 22 0 20 526.7203 0.031123115
866 -129.90085 22 0 20 527.33057 0.024950247
867 -130.05084 22 0 20 527.8189 0.031115258
868 -130.20084 22 0 20 528.42926 0.031108646
869 -130.35083 22 0 20 529.0396 0.031108646
870 -130.50082 22 0 20 529.64996 0.031108646
871 -130.65082 22 0 20 530.2603 0.031108646
872 -130.80081 22 0 21 530.87067 0.031108856
873 -130.9508 22 0 21 531.481 0.031108856
874 -131.1008 22 0 21 532.0914 0.031108856
875 -131.2508 22 0 21 532.7017 0.031108856
876 -131.40079 22 0 21 533.3121 0.031108856
877 -131.55078 22 0 21 533.9224 0.031108856
878 -131.70078 22 0 21 534.5328 0.031108856
879 -131.85077 22 0 21 535.1431 0.031108856
880 -132.00076 22 0 21 535.7535 0.031108856
881 -132.15076 22 0 21 536.36383 0.031108856
882 -132.30075 22 0 21 536.9742 0.031108856
883 -132.45074 22 0 21 537.58453 0.031108856
884 -132.60074 22 0 21 538.1949 0.031108856
885 -132.75073 22 0 21 538.80524 0.031108856
886 -132.90073 22 0 21 539.4156 0.031108856
887 -133.05072 22 0 21 540.02594 0.031108856
888 -133.20071 22 0 21 540.6363 0.031108856
889 -133.35071 22 0 21 541.24664 0.031108856
890 -133.5007 22 0 21 541.857 0.031108856
891 -133.6507 22 0 21 542.46735 0.031108856
892 -133.80069 22 0 21 543.07776 0.034785025
893 -133.95068 22 0 21 543.8102 0.03431749
894 -134.10068 22 0 21 544.5426 0.033828024
895 -134.25067 22 0 21 545.2619 0.033343732
896 -134.40067 22 0 21 545.87225 0.032794755
897 -134.55066 22 0 21 546.4826 0.032270156
898 -134.70065 22 0 21 547.09296 0.031681083
899 -134.85065 22 0 21 547.7033 0.031083375
900 -135.00064 22 0 21 548.31366 0.03048573
901 -135.15063 22 0 21 548.924 0.029853558
902 -135.30063 22 0 21 549.53436 0.029181438
903 -135.45062 22 0 21 550.1447 0.028519243
904 -135.60062 22 0 21 550.75507 0.027825681
905 -135.75061 22 0 21 551.3637 0.027138785
906 -135.9006 22 0 21 551.85205 0.031103985
907 -136.0506 22 0 21 552.46234 0.026423711
908 -136.20059 22 0 21 552.9507 0.03109231
909 -136.35059 22 0 21 553.561 0.025673931
910 -136.50058 22 0 21 554.0493 0.03111765
911 -136.65057 22 0 21 554.65967 0.03111765
912 -136.80057 22 0 21 555.27 0.031111494
913 -136.95056 22 0 21 555.8804 0.031111494
914 -137.10056 22 0 21 556.4907 0.031105347
915 -137.25055 22 0 21 557.1011 0.031105347
916 -137.40054 22 0 22 557.7114 0.031108856
917 -137.55054 22 0 22 558.3218 0.031108856
918 -137.70053 22 0 22 558.9321 0.031108856
919 -137.85052 22 0 22 559.5425 0.031108856
920 -138.00052 22 0 22 560.15283 0.031108856
921 -138.15051 22 0 22 560.7632 0.031108856
922 -138.3005 22 0 22 561.37354 0.031108856
923 -138.4505 22 0 22 561.9839 0.031108856
924 -138.6005 22 0 22 562.59424 0.031108856
925 -138.75049 22 0 22 563.2046 0.031108856
926 -138.90048 22 0 22 563.81494 0.031108856
927 -139.05048 22 0 22 564.4253 0.031108856
928 -139.20047 22 0 22 565.03564 0.031108856
929 -139.35046 22 0 22 565.646 0.031108856
930 -139.50046 22 0 22 566.25635 0.031108856
931 -139.65045 22 0 22 566.8667 0.031108856
932 -139.80045 22 0 22 567.47705 0.031108856
933 -139.95044 22 0 22 568.08746 0.034785025
934 -140.10043 22 0 22 568.8199 0.034334633
935 -140.25043 22 0 22 569.5523 0.033845253
936 -140.40042 22 0 22 570.27563 0.033351712
937 -140.55042 22 0 22 570.886 0.032837365
938 -140.70041 22 0 22 571.49634 0.032285262
939 -140.8504 22 0 22 572.1067 0.03173095
940 -141.0004 22 0 22 572.71704 0.031132938
941 -141.15039 22 0 22 573.3274 0.03054175
942 -141.30038 22 0 22 573.93774 0.029908912
943 -141.45038 22 0 22 574.5481 0.02928451
944 -141.60037 22 0 22 575.15845 0.028621068
945 -141.75037 22 0 22 575.7688 0.027926138
946 -141.90036 22 0 22 576.3791 0.027242823
947 -142.05035 22 0 22 576.86743 0.031114632
948 -142.20035 22 0 22 577.4777 0.026525645
949 -142.35034 22 0 22 577.96606 0.031094838
950 -142.50034 22 0 22 578.57635 0.025777623
951 -142.65033 22 0 22 579.0647 0.031117016
952 -142.80032 22 0 22 579.675 0.024995001
953 -142.95032 22 0 22 580.1633 0.031102043
954 -143.10031 22 0 22 580.7737 0.031102043
955 -143.2503 22 0 22 581.38403 0.031108646
956 -143.4003 22 0 22 581.9944 0.031108646
957 -143.5503 22 0 22 582.60474 0.031108646
958 -143.70029 22 0 23 583.2151 0.031108856
959 -143.85028 22 0 23 583.82544 0.031108856
960 -144.00027 22 0 23 584.4358 0.031108856
961 -144.15027 22 0 23 585.04614 0.031108856
962 -144.30026 22 0 23 585.6565 0.031108856
963 -144.45026 22 0 23 586.26685 0.031108856
964 -144.60025 22 0 23 586.8772 0.031108856
965 -144.75024 22 0 23 587.48755 0.031108856
966 -144.90024 22 0 23 588.0979 0.031108856
967 -145.05023 22 0 23 588.70825 0.031108856
968 -145.20023 22 0 23 589.3186 0.031108856
969 -145.35022 22 0 23 589.92896 0.031108856
970 -145.50021 22 0 23 590.5393 0.031108856
971 -145.6502 22 0 23 591.14966 0.031108856
972 -145.8002 22 0 23 591.76 0.031108856
973 -145.9502 22 0 23 592.37036 0.031108856
974 -146.10019 22 0 23 592.9808 0.034785025
975 -146.25018 22 0 23 593.7132 0.034334633
976 -146.40018 22 0 23 594.4456 0.033870667
977 -146.55017 22 0 23 595.17487 0.0333677
978 -146.70016 22 0 23 595.7852 0.03285294
979 -146.85016 22 0 23 596.39557 0.032342985
980 -147.00015 22 0 23 597.0059 0.03178817
981 -147.15015 22 0 23 597.6163 0.031196697
982 -147.30014 22 0 23 598.2266 0.03060465
983 -147.45013 22 0 23 598.837 0.030019784
984 -147.60013 22 0 23 599.4473 0.029393975
985 -147.75012 22 0 23 600.0577 0.028734878
986 -147.90012 22 0 23 600.668 0.028079929
987 -148.05011 22 0 23 601.2783 0.027394233
988 -148.2001 22 0 23 601.7666 0.026679143
989 -148.3501 22 0 23 602.25494 0.031112265
990 -148.50009 22 0 23 602.86523 0.026014898
991 -148.65009 22 0 23 603.3536 0.031105278
992 -148.80008 22 0 23 603.96387 0.02524223
993 -148.95007 22 0 23 604.4522 0.031099172
994 -149.10007 22 0 23 605.0625 0.024477905
995 -149.25006 22 0 23 605.55084 0.031127818
996 -149.40005 22 0 23 606.1612 0.031127818
997 -149.55005 22 0 23 606.77155 0.031127818
998 -149.70004 22 0 23 607.3819 0.03112094
999 -149.85004 22 0 23 607.99225 0.03112094
1000 -150.00003 22 0 24 608.6026 0.031108856
1001 -150.15002 22 0 24 609.21295 0.031108856

----QMATRIX: [Sensed Threat] > ACTION == UTILITY------
[0.0,1.0,0.0,0.0,0.0,0.0,0.0,0.0] > ACTION_RIGHT == -9.956959E-8
[0.0,0.0,0.0,0.0,0.0,1.0,0.0,0.0] > ACTION_BACK == -0.0073082806
[0.0,0.0,1.0,0.0,0.0,0.0,0.0,0.0] > ACTION_NONE == -0.09000014
[1.0,0.0,0.0,0.0,0.0,0.0,0.0,0.0] > ACTION_BACK == -5.6747695E-7
[0.0,0.0,0.0,0.0,1.0,0.0,0.0,0.0] > ACTION_RIGHT == -6.4304354E-6
[0.0,0.0,0.0,0.0,0.0,0.0,0.0,0.0] > ACTION_RIGHT == -1.4040222E-6
[0.0,0.0,0.0,1.0,0.0,0.0,0.0,0.0] > ACTION_BACK == -0.006461197
[0.0,0.0,1.0,0.0,0.0,0.0,0.0,0.0] > ACTION_BACK == -4.11288E-8
[0.0,0.0,0.0,0.0,0.0,0.0,1.0,0.0] > ACTION_RIGHT == -0.0088209
[0.0,0.0,0.0,1.0,1.0,0.0,0.0,0.0] > ACTION_RIGHT == -4.2506257E-10
[0.0,0.0,0.0,0.0,0.0,0.0,0.0,1.0] > ACTION_BACK == -6.5609997E-6
[0.0,0.0,0.0,0.0,0.0,0.0,0.0,0.0] > ACTION_BACK == -1.5262998E-6
[0.0,0.0,0.0,0.0,0.0,0.0,0.0,0.0] > ACTION_NONE == -5.380504E-7
[0.0,0.0,0.0,0.0,0.0,1.0,0.0,0.0] > ACTION_RIGHT == -0.0013776151
[0.0,0.0,0.0,0.0,0.0,1.0,0.0,0.0] > ACTION_NONE == -0.090692215
[0.0,1.0,0.0,0.0,0.0,0.0,0.0,0.0] > ACTION_BACK == -0.0052337204
[0.0,0.0,0.0,0.0,1.0,0.0,0.0,0.0] > ACTION_BACK == -2.4684841E-5
[1.0,0.0,0.0,0.0,0.0,0.0,0.0,0.0] > ACTION_RIGHT == -2.4757554E-7
[0.0,0.0,0.0,1.0,0.0,0.0,0.0,0.0] > ACTION_RIGHT == -4.7229176E-9
[0.0,0.0,0.0,0.0,1.0,0.0,0.0,0.0] > ACTION_NONE == -6.618873E-5
[0.0,0.0,0.0,0.0,0.0,0.0,1.0,0.0] > ACTION_BACK == -0.13999908
[0.0,0.0,1.0,0.0,0.0,0.0,0.0,0.0] > ACTION_RIGHT == -2.3359881E-8
