-----Simulation Parameters-----
Iteration Length: 200
Iteration Qty: 1000.0
Learning Rate: 0.1
Discount Factor: 0.9
Decay: 0.15
Max View Distance: 10.0

-----SIMULATION STEPS------
Steps | Exploration Rate | QMatrix Size | Crashes | Victories | Distance Moved | Speed
1 99.85 0 0 0 0.62242794 0.04666567
2 99.7 0 0 0 1.5556269 0.046668053
3 99.549995 0 0 0 2.4891279 0.03206743
4 99.399994 0 0 0 3.1298976 0.031109143
5 99.24999 0 0 0 3.7515378 0.015555597
6 99.09999 0 0 0 4.0626 0.032007508
7 98.94999 0 0 0 4.7023716 0.031110002
8 98.79999 0 0 0 5.324012 0.015559584
9 98.64999 0 0 0 5.635221 0.046663474
10 98.499985 0 0 0 6.5677676 0.03193879
11 98.34998 0 0 0 7.2065654 0.015566399
12 98.19998 0 0 0 7.5176263 0.03187053
13 98.04998 0 0 0 8.154517 0.015576036
14 97.89998 0 0 0 8.465415 0.015576036
15 97.74998 0 0 0 8.776313 0.015575043
16 97.599976 0 0 0 9.087366 0.03111312
17 97.449974 0 0 0 9.709162 0.03111312
18 97.29997 0 0 0 10.330802 0.015574074
19 97.14997 0 0 0 10.641855 0.03111312
20 96.99997 0 0 0 11.263495 0.015573128
21 96.84997 0 0 0 11.574393 0.015572204
22 96.69997 0 0 0 11.885454 0.03183001
23 96.549965 0 0 0 12.522117 0.03174468
24 96.39996 0 0 0 13.155356 0.031660125
25 96.24996 0 0 0 13.788438 0.031106213
26 96.09996 0 0 0 14.41008 0.015619602
27 95.94996 0 0 0 14.724946 0.031105598
28 95.79996 0 0 0 15.346898 0.046637308
29 95.649956 0 0 0 16.281189 0.015619602
30 95.499954 0 0 0 16.594154 0.03157635
31 95.34995 0 0 0 17.227388 0.031112995
32 95.19995 0 0 0 17.849184 0.031112995
33 95.04995 0 0 0 18.471134 0.046638668
34 94.89995 0 0 0 19.401766 0.031114493
35 94.74995 0 0 0 20.023561 0.031114493
36 94.599945 0 0 0 20.64536 0.03146813
37 94.44994 0 0 0 21.273293 0.04662153
38 94.29994 0 0 0 22.20377 0.015715279
39 94.14994 0 0 0 22.516884 0.04662153
40 93.99994 0 0 0 23.447361 0.015715279
41 93.84994 0 0 0 23.760475 0.04662153
42 93.699936 0 0 0 24.690952 0.015715279
43 93.549934 0 0 0 25.003757 0.015701557
44 93.39993 0 0 0 25.316717 0.03110275
45 93.24993 0 0 0 25.938358 0.015690988
46 93.09993 0 0 0 26.25134 0.033543777
47 92.94993 0 0 0 26.918032 0.03287814
48 92.79993 0 0 0 27.57137 0.030688906
49 92.649925 0 0 0 28.185534 0.030497795
50 92.49992 0 0 0 28.795883 0.03028935
51 92.34992 0 0 0 29.399082 0.031117298
52 92.19992 0 0 0 30.020866 0.030099757
53 92.04992 0 0 0 30.61964 0.016795112
54 91.89992 0 0 0 30.951815 0.04628085
55 91.749916 0 0 0 31.874815 0.030597819
56 91.599915 0 0 0 32.4825 0.0174204
57 91.44991 0 0 0 32.826588 0.029520513
58 91.29991 0 0 0 33.41405 0.02929693
59 91.14991 0 0 0 33.99295 0.018444564
60 90.99991 0 0 0 34.361 0.045772888
61 90.84991 0 0 0 35.273502 0.031099984
62 90.699905 0 0 0 35.891453 0.027979193
63 90.549904 0 0 0 36.441547 0.027617335
64 90.3999 0 0 0 36.991035 0.04456118
65 90.2499 1 1 2 37.881413 0.032069743
66 90.0999 1 1 2 38.52228 0.032007508
67 89.9499 1 1 2 39.16315 0.03194792
68 89.7999 1 1 2 39.80402 0.031884227
69 89.649895 1 1 2 40.44061 0.015573128
70 89.49989 1 1 2 40.75357 0.031112809
71 89.34989 1 1 2 41.379333 0.04665917
72 89.19989 1 1 2 42.30997 0.031821005
73 89.04989 1 1 2 42.943237 0.034207646
74 88.89989 1 1 2 43.62581 0.031112794
75 88.749886 1 1 2 44.251263 0.015605434
76 88.599884 1 1 2 44.564224 0.031112237
77 88.44988 1 1 2 45.18968 0.015603767
78 88.29988 1 1 2 45.502644 0.03163832
79 88.14988 1 1 2 46.136032 0.04664705
80 87.99988 1 1 2 47.06651 0.015625294
81 87.84988 1 1 2 47.379475 0.031558875
82 87.699875 1 1 2 48.012554 0.015647944
83 87.54987 1 1 2 48.32536 0.015643619
84 87.39987 1 1 2 48.638474 0.046638183
85 87.24987 1 1 2 49.56911 0.03149336
86 87.09987 1 1 2 50.2025 0.046629913
87 86.94987 1 1 2 51.133286 0.046630193
88 86.799866 1 1 2 52.06407 0.046620943
89 86.649864 1 1 2 52.994858 0.046621233
90 86.49986 1 1 2 53.92549 0.03134674
91 86.34986 1 1 2 54.5511 0.031116012
92 86.19986 1 1 2 55.176556 0.015725588
93 86.04986 1 1 2 55.48967 0.046603743
94 85.89986 1 1 2 56.420147 0.015725588
95 85.749855 1 1 2 56.73311 0.031279054
96 85.59985 1 1 2 57.35887 0.046586826
97 85.44985 1 1 2 58.2895 0.031130465
98 85.29985 1 1 2 58.907482 0.03100974
99 85.14985 1 1 2 59.52548 0.032564525
100 84.99985 1 1 2 60.174118 0.046486218
101 84.849846 1 1 2 61.104904 0.046468377
102 84.699844 1 1 2 62.035534 0.031115832
103 84.54984 1 1 2 62.653526 0.031860195
104 84.39984 1 1 2 63.287132 0.03127825
105 84.24984 1 1 2 63.911484 0.029882286
106 84.09984 1 1 2 64.506744 0.04617932
107 83.94984 1 1 2 65.43753 0.046147183
108 83.799835 1 1 2 66.35887 0.0171794
109 83.64983 1 1 2 66.70216 0.01702805
110 83.49983 1 1 2 67.03799 0.029756993
111 83.34983 1 1 2 67.63308 0.029988773
112 83.19983 1 1 2 68.22833 0.045909803
113 83.04983 1 1 2 69.14369 0.028946213
114 82.899826 1 1 2 69.72355 0.031106628
115 82.749825 1 1 2 70.34916 0.031110775
116 82.59982 1 1 2 70.97475 0.028698247
117 82.44982 1 1 2 71.5546 0.03109201
118 82.29982 1 1 2 72.180214 0.031129079
119 82.14982 1 1 2 72.80597 0.04550435
120 81.99982 1 1 2 73.716805 0.019357098
121 81.849815 2 1 2 74.098274 0.018598283
122 81.699814 2 1 2 74.46484 0.028788943
123 81.54981 2 1 2 75.03018 0.019588359
124 81.39981 2 1 2 75.41475 0.018499168
125 81.24981 2 1 2 75.78011 0.029162487
126 81.09981 3 2 4 76.376976 0.034725346
127 80.94981 3 2 4 77.072136 0.0155611625
128 80.799805 4 2 4 77.37731 0.0155611625
129 80.6498 4 2 4 77.68249 0.0155611625
130 80.4998 4 2 4 77.98766 0.015560613
131 80.3498 4 2 4 78.293 0.031110171
132 80.1998 4 2 4 78.91861 0.031110171
133 80.0498 4 2 4 79.54425 0.034521177
134 79.899796 4 2 4 80.23087 0.031798385
135 79.749794 4 2 4 80.871735 0.031111667
136 79.59979 4 2 4 81.49735 0.031731505
137 79.44979 4 2 4 82.13638 0.031660125
138 79.29979 4 2 4 82.762146 0.046646845
139 79.14979 4 2 4 83.69262 0.015615921
140 78.99979 4 2 4 83.99798 0.033904273
141 78.849785 5 2 4 84.66942 0.038864393
142 78.69978 5 2 4 85.44739 0.015663803
143 78.54978 6 2 4 85.76782 0.015659157
144 78.39978 6 2 4 86.08826 0.015654603
145 78.24978 6 2 4 86.408844 0.031476058
146 78.09978 6 2 4 87.0343 0.015680784
147 77.949776 6 2 4 87.35489 0.03110891
148 77.799774 7 2 4 87.98065 0.046629913
149 77.64977 8 2 4 88.91144 0.046630193
150 77.49977 8 2 4 89.84192 0.015676389
151 77.34977 8 2 4 90.147606 0.015678288
152 77.19977 8 2 4 90.45294 0.031118438
153 77.04977 8 2 4 91.07839 0.01567337
154 76.899765 8 2 4 91.38373 0.031116826
155 76.74976 8 2 4 92.00934 0.031116826
156 76.59976 8 2 4 92.63495 0.03143765
157 76.44976 9 2 4 93.26056 0.031107225
158 76.29976 9 2 4 93.886246 0.038868986
159 76.14976 10 2 4 94.66452 0.046621844
160 75.999756 10 2 4 95.59499 0.015720926
161 75.849754 10 2 4 95.90033 0.031108156
162 75.69975 10 2 4 96.52594 0.031108156
163 75.54975 11 2 4 97.15139 0.01571249
164 75.39975 11 2 4 97.456726 0.031105401
165 75.24975 11 2 4 98.08249 0.04662153
166 75.09975 11 2 4 99.01312 0.03132041
167 74.949745 11 2 4 99.63873 0.031189634
168 74.79974 12 2 4 100.26434 0.031038893
169 74.64974 12 2 4 100.89011 0.04653575
170 74.49974 13 2 4 101.82074 0.031113978
171 74.34974 14 2 4 102.44634 0.030836731
172 74.19974 14 2 4 103.056694 0.030663962
173 74.049736 14 2 4 103.6669 0.016198153
174 73.899734 14 2 4 103.98749 0.03110633
175 73.74973 14 2 4 104.61325 0.046468996
176 73.59973 14 2 4 105.54388 0.030473255
177 73.44973 14 2 4 106.154236 0.031115305
178 73.29973 14 2 4 106.77985 0.031115305
179 73.14973 14 2 4 107.40546 0.03136704
180 72.999725 15 2 4 108.03054 0.02971326
181 72.849724 15 2 4 108.6258 0.046080485
182 72.69972 15 2 4 109.54741 0.029351685
183 72.54972 16 2 4 110.13161 0.028578602
184 72.39972 16 2 4 110.71143 0.028267067
185 72.24972 16 2 4 111.27618 0.045168836
186 72.09972 16 2 4 112.176254 0.025624325
187 71.949715 17 2 4 112.67701 0.043015663
188 71.79971 17 2 4 113.531555 0.02751706
189 71.64971 17 2 6 114.08467 0.032062806
190 71.49971 18 2 6 114.72554 0.032005195
191 71.34971 19 2 6 115.36641 0.031943426
192 71.19971 19 2 6 116.00711 0.015564949
193 71.049706 19 2 6 116.31252 0.03888712
194 70.899704 20 2 6 117.090645 0.031111194
195 70.7497 20 2 6 117.716255 0.031111194
196 70.5997 20 2 6 118.34202 0.046663675
197 70.4497 20 2 6 119.27266 0.031879805
198 70.2997 21 2 6 119.91353 0.031812012
199 70.1497 21 2 6 120.5544 0.03174468
200 69.999695 21 2 6 121.19517 0.031110132
201 69.84969 22 2 6 121.82078 0.031110132
202 69.69969 23 2 6 122.44639 0.031673618
203 69.54969 24 2 6 123.072 0.031114528
204 69.39969 24 2 6 123.69745 0.015612333
205 69.24969 24 2 6 124.002815 0.033921085
206 69.099686 24 2 6 124.67454 0.031116037
207 68.949684 24 2 6 125.30015 0.031116037
208 68.79968 24 2 6 125.92576 0.03144552
209 68.64968 24 2 6 126.55137 0.03136376
210 68.49968 24 2 6 127.177 0.03330977
211 68.34968 24 2 6 127.84571 0.04658801
212 68.19968 24 2 6 128.78891 0.015819235
213 68.049675 24 2 6 129.09409 0.015804786
214 67.89967 24 2 6 129.39948 0.036454365
215 67.74967 24 2 6 130.13184 0.031109096
216 67.59967 24 2 6 130.7422 0.03131661
217 67.44967 24 2 6 131.38309 0.033193443
218 67.29967 24 2 6 132.05444 0.03110732
219 67.149666 24 2 6 132.6648 0.031108646
220 66.999664 24 2 6 133.27515 0.031006297
221 66.84966 24 2 6 133.88551 0.032572202
222 66.69966 24 2 6 134.52638 0.03212988
223 66.54966 24 2 6 135.16739 0.046436135
224 66.39966 24 2 6 136.08276 0.030361924
225 66.24966 24 2 6 136.69313 0.03131736
226 66.099655 24 3 6 137.32411 0.034708306
227 65.94965 25 3 6 138.02605 0.03888686
228 65.79965 25 3 6 138.79251 0.034487218
229 65.64965 26 3 6 139.49437 0.031109707
230 65.49965 27 3 6 140.10472 0.031109707
231 65.34965 27 3 6 140.71509 0.03178509
232 65.199646 27 3 6 141.35579 0.015586302
233 65.049644 28 3 6 141.66115 0.03415268
234 64.89964 28 3 6 142.3325 0.031109761
235 64.74964 28 3 6 142.94302 0.046646845
236 64.59964 28 3 6 143.88893 0.03388747
237 64.44964 29 3 6 144.5603 0.03144158
238 64.29964 29 3 6 145.20119 0.033485048
239 64.149635 29 3 6 145.87271 0.04660443
240 63.999634 29 3 6 146.81859 0.03111178
241 63.849632 29 3 6 147.42894 0.03111178
242 63.69963 29 3 6 148.03914 0.015750553
243 63.54963 29 3 6 148.34447 0.031219352
244 63.399628 29 3 6 148.95499 0.046587214
245 63.249626 29 3 6 149.90086 0.031112524
246 63.099625 29 3 6 150.51138 0.04658761
247 62.949623 29 3 6 151.45726 0.031097464
248 62.79962 29 3 6 152.06746 0.015864704
249 62.64962 29 3 6 152.37285 0.036629606
250 62.49962 29 3 6 153.10521 0.031119151
251 62.349617 29 3 6 153.71559 0.033193443
252 62.199615 30 3 6 154.38712 0.046570633
253 62.049614 30 3 6 155.33284 0.01587259
254 61.899612 30 3 6 155.63817 0.031013194
255 61.74961 30 3 6 156.24837 0.015903147
256 61.59961 30 3 6 156.55354 0.01588226
257 61.449608 30 3 6 156.85889 0.032746293
258 61.299606 30 3 6 157.49959 0.016020479
259 61.149605 30 3 6 157.80508 0.046519246
260 60.999603 30 3 6 158.75096 0.031110872
261 60.8496 30 3 6 159.36116 0.016020479
262 60.6996 30 3 6 159.66649 0.031102775
263 60.5496 30 3 6 160.27684 0.031102775
264 60.399597 30 3 6 160.88719 0.031102775
265 60.249596 30 3 6 161.49739 0.015987461
266 60.099594 30 3 6 161.80273 0.032491308
267 59.949593 30 3 6 162.44345 0.016171796
268 59.79959 30 3 6 162.7793 0.032032397
269 59.64959 30 3 6 163.42015 0.031110838
270 59.499588 30 3 6 164.03036 0.01637163
271 59.349586 30 3 6 164.36606 0.016315414
272 59.199585 30 3 6 164.7019 0.03172363
273 59.049583 30 3 6 165.34276 0.031103294
274 58.899582 30 3 6 165.95311 0.031012738
275 58.74958 31 3 6 166.56346 0.031119887
276 58.59958 31 3 6 167.17397 0.046163216
277 58.449577 32 3 6 168.08934 0.031127725
278 58.299576 33 3 6 168.69977 0.038564984
279 58.149574 34 3 6 169.46263 0.031118672
280 57.999573 34 3 6 170.07297 0.029433299
281 57.84957 34 3 6 170.6528 0.029181438
282 57.69957 34 3 6 171.23253 0.018499168
283 57.54957 34 3 6 171.59886 0.031120406
284 57.399567 34 3 6 172.20929 0.03833985
285 57.249565 35 3 6 172.97203 0.01831437
286 57.099564 35 3 6 173.33835 0.029074026
287 56.949562 35 3 6 173.91808 0.018422816
288 56.79956 35 3 6 174.2844 0.029054128
289 56.64956 35 3 6 174.8513 0.026618414
290 56.499557 35 3 6 175.3712 0.026708119
291 56.349556 35 3 8 175.94649 0.034689136
292 56.199554 35 3 8 176.64851 0.0466636
293 56.049553 35 3 8 177.59444 0.034461685
294 55.89955 36 3 8 178.2963 0.031110076
295 55.74955 36 3 8 178.90668 0.03422884
296 55.59955 37 3 8 179.57806 0.03398408
297 55.449547 37 3 8 180.24945 0.033740263
298 55.299545 37 3 8 180.92097 0.046620943
299 55.149544 37 3 8 181.86702 0.046621233
300 54.999542 38 3 8 182.8129 0.031114927
301 54.84954 39 3 8 183.42342 0.04662153
302 54.69954 39 3 8 184.36914 0.015697539
303 54.549538 39 3 8 184.6745 0.033435006
304 54.399536 39 3 8 185.34586 0.031189634
305 54.249535 39 3 8 185.95624 0.033002496
306 54.099533 39 3 8 186.62761 0.032696944
307 53.94953 39 4 8 187.28038 0.015555177
308 53.79953 39 4 8 187.58572 0.03202359
309 53.64953 39 4 8 188.22658 0.031111948
310 53.499527 39 4 8 188.83678 0.015557808
311 53.349525 40 4 8 189.14227 0.046663422
312 53.199524 40 4 8 190.088 0.015557808
313 53.049522 40 4 8 190.39334 0.031966202
314 52.89952 40 4 8 191.03424 0.03447024
315 52.74952 40 4 8 191.73595 0.015581349
316 52.599518 40 4 8 192.04129 0.031776138
317 52.449516 40 4 8 192.68217 0.034106344
318 52.299515 40 4 8 193.35356 0.03385387
319 52.149513 40 4 8 194.02509 0.046629645
320 51.99951 40 4 8 194.97096 0.03110891
321 51.84951 40 4 8 195.58139 0.03886584
322 51.69951 41 4 8 196.34425 0.031109734
323 51.549507 41 4 8 196.9546 0.031109734
324 51.399506 42 4 8 197.56497 0.03141116
325 51.249504 42 4 8 198.206 0.046621844
326 51.099503 42 4 8 199.15193 0.036139328
327 50.9495 42 4 8 199.8843 0.031112995
328 50.7995 42 4 8 200.49464 0.031112995
329 50.649498 42 4 8 201.10516 0.046638668
330 50.499496 42 4 8 202.05089 0.015654603
331 50.349495 42 4 8 202.35623 0.031476058
332 50.199493 42 4 8 202.99693 0.015685841
333 50.04949 42 4 8 203.30226 0.031119261
334 49.89949 42 4 8 203.91261 0.031119261
335 49.74949 42 4 8 204.52296 0.031119261
336 49.599487 42 4 8 205.13333 0.03140726
337 49.449486 42 4 8 205.77422 0.033326406
338 49.299484 42 4 8 206.44557 0.03111863
339 49.149483 42 4 8 207.05592 0.03111863
340 48.99948 42 4 8 207.66628 0.031117387
341 48.84948 42 4 8 208.27663 0.031117387
342 48.69948 42 4 8 208.88698 0.031117387
343 48.549477 42 4 8 209.49733 0.031117387
344 48.399475 42 4 8 210.10753 0.015819235
345 48.249474 42 4 8 210.41289 0.033002496
346 48.099472 42 4 8 211.08128 0.04653726
347 47.94947 42 4 8 212.02716 0.031104371
348 47.79947 42 4 8 212.63736 0.015996788
349 47.649467 42 4 8 212.94286 0.04653726
350 47.499466 42 4 8 213.8889 0.046519782
351 47.349464 42 4 8 214.83478 0.03111587
352 47.199463 42 4 8 215.4453 0.04650237
353 47.04946 42 4 8 216.39119 0.032097362
354 46.89946 43 4 8 217.0319 0.016430864
355 46.74946 43 4 8 217.36775 0.031480845
356 46.599457 43 4 8 217.98419 0.04624985
357 46.449455 43 4 8 218.89964 0.038581
358 46.299454 44 4 8 219.66252 0.03110616
359 46.149452 45 4 8 220.30353 0.046148203
360 45.99945 45 4 8 221.21889 0.02963271
361 45.84945 46 4 8 221.79872 0.028197736
362 45.699448 46 4 8 222.3525 0.026679143
363 45.549446 46 4 8 222.87779 0.025140744
364 45.399445 46 4 8 223.36847 0.023567427
365 45.249443 46 4 8 223.82623 0.022058485
366 45.09944 46 4 8 224.25749 0.025329849
367 44.94944 46 4 8 224.75145 0.0433472
368 44.79944 46 4 10 225.63815 0.034738123
369 44.649437 47 4 10 226.34006 0.0345169
370 44.499435 47 4 10 227.04208 0.04665928
371 44.349434 48 4 10 227.98781 0.015577052
372 44.199432 48 4 10 228.29318 0.034292206
373 44.04943 48 4 10 228.96785 0.015597501
374 43.89943 49 5 10 229.2758 0.034787156
375 43.749428 49 5 10 229.9777 0.034998626
376 43.599426 49 5 10 230.67973 0.04666567
377 43.449425 49 5 10 231.62566 0.03478929
378 43.299423 50 5 10 232.32756 0.035011493
379 43.14942 50 5 10 233.02942 0.031108856
380 42.99942 50 5 10 233.63982 0.03477223
381 42.84942 51 5 10 234.34172 0.034533888
382 42.699417 51 5 10 235.04358 0.031109005
383 42.549416 51 5 10 235.65395 0.032335117
384 42.399414 52 5 10 236.2948 0.031111686
385 42.249413 52 5 10 236.9052 0.03441079
386 42.09941 52 5 10 237.59352 0.015591058
387 41.94941 53 5 10 237.8989 0.035402287
388 41.799408 53 5 10 238.60075 0.031111194
389 41.649406 53 5 10 239.21115 0.03442775
390 41.499405 54 5 10 239.90085 0.032411598
391 41.349403 55 5 10 240.54172 0.032330208
392 41.1994 56 5 10 241.18274 0.046663675
393 41.0494 56 5 10 242.12866 0.035127215
394 40.8994 57 5 10 242.83037 0.015554532
395 40.749397 57 5 10 243.13571 0.03208596
396 40.599396 57 5 10 243.77661 0.0349131
397 40.449394 57 5 10 244.47864 0.04667296
398 40.299393 57 5 10 245.42456 0.034990117
399 40.14939 57 5 10 246.12646 0.03492168
400 39.99939 57 5 10 246.82834 0.03218391
401 39.84939 57 5 10 247.46924 0.034750905
402 39.699387 58 5 10 248.17114 0.034368504
403 39.549385 59 5 10 248.85068 0.031102704
404 39.399384 60 5 10 249.46107 0.035583608
405 39.249382 60 5 10 250.16278 0.015558413
406 39.09938 60 5 10 250.46815 0.035161536
407 38.94938 60 5 10 251.17006 0.03471681
408 38.799377 60 5 10 251.87177 0.015568569
409 38.649376 60 5 10 252.17714 0.034275282
410 38.499374 60 5 10 252.8499 0.035747726
411 38.349373 60 5 10 253.55176 0.03111344
412 38.19937 60 5 10 254.16211 0.03111344
413 38.04937 60 5 10 254.77231 0.015565519
414 37.89937 60 5 10 255.07768 0.03430913
415 37.749367 60 5 10 255.75226 0.03579126
416 37.599365 60 5 10 256.47385 0.031112809
417 37.449364 60 5 10 257.08405 0.01556178
418 37.299362 60 5 10 257.3894 0.034368504
419 37.14936 60 5 10 258.06082 0.035834838
420 36.99936 60 5 10 258.79324 0.035161536
421 36.849358 60 5 10 259.46887 0.03889189
422 36.699356 60 5 10 260.26224 0.031111434
423 36.549355 60 5 10 260.87262 0.034419186
424 36.399353 60 5 10 261.544 0.033543777
425 36.24935 60 5 10 262.2154 0.032581985
426 36.09935 60 5 10 262.8868 0.037758663
427 35.94935 61 5 10 263.6192 0.03264764
428 35.799347 61 5 10 264.28992 0.03142392
429 35.649345 62 5 10 264.90027 0.030088482
430 35.499344 62 5 10 265.51065 0.034960657
431 35.349342 62 5 10 266.1821 0.039416734
432 35.19934 62 5 10 266.97562 0.046349686
433 35.04934 62 5 10 267.891 0.031095611
434 34.899338 62 5 10 268.50134 0.031095611
435 34.749336 62 5 12 269.1117 0.03111124
436 34.599335 62 5 12 269.72205 0.03111124
437 34.449333 62 5 12 270.33243 0.032069743
438 34.29933 62 5 12 270.96808 0.015555597
439 34.14933 62 5 12 271.27356 0.04666809
440 33.99933 62 5 12 272.18896 0.03466997
441 33.849327 62 5 12 272.86035 0.03443203
442 33.699326 62 5 12 273.5317 0.031111252
443 33.549324 63 5 12 274.14215 0.038884465
444 33.399323 63 5 12 274.93552 0.031106483
445 33.24932 64 5 12 275.54587 0.031106483
446 33.09932 64 5 12 276.15622 0.031106483
447 32.949318 64 5 12 276.76672 0.04665501
448 32.799316 64 5 12 277.68195 0.015587243
449 32.649315 65 5 12 277.9873 0.034173857
450 32.499313 65 5 12 278.65875 0.03887888
451 32.34931 65 5 12 279.45215 0.03388747
452 32.19931 66 5 12 280.12354 0.033577193
453 32.04931 66 5 12 280.79492 0.033268552
454 31.89931 66 5 12 281.46643 0.046578478
455 31.74931 66 5 12 282.38196 0.046579305
456 31.59931 66 5 12 283.29733 0.031103406
457 31.44931 66 5 12 283.90778 0.038826983
458 31.29931 67 5 12 284.70114 0.031104697
459 31.149311 67 5 12 285.31158 0.03882854
460 30.999311 67 5 12 286.10495 0.03100974
461 30.849312 67 5 12 286.71533 0.032597348
462 30.699312 67 5 12 287.38672 0.032194987
463 30.549313 67 5 12 288.05295 0.046434104
464 30.399313 67 5 12 288.96832 0.031114697
465 30.249313 67 5 12 289.57867 0.031114697
466 30.099314 67 5 12 290.18903 0.031691395
467 29.949314 68 5 12 290.79953 0.046349686
468 29.799314 68 5 12 291.7149 0.031112434
469 29.649315 68 5 12 292.32526 0.031112434
470 29.499315 68 5 12 292.93576 0.046333835
471 29.349316 69 5 12 293.85114 0.030029023
472 29.199316 69 5 12 294.4615 0.030629292
473 29.049316 69 6 12 295.0822 0.032051254
474 28.899317 69 6 12 295.69858 0.034638055
475 28.749317 70 6 12 296.37 0.03514862
476 28.599318 70 6 12 297.09082 0.03110923
477 28.449318 70 6 12 297.7012 0.03464019
478 28.299318 71 6 12 298.37262 0.03515287
479 28.149319 71 6 12 299.09872 0.038886238
480 27.99932 71 6 12 299.89212 0.03464019
481 27.84932 71 6 12 300.5635 0.034398116
482 27.69932 72 6 12 301.23502 0.046655152
483 27.54932 72 6 12 302.15042 0.034123212
484 27.39932 73 6 12 302.82178 0.031572264
485 27.249321 73 6 12 303.4322 0.03580859
486 27.099321 73 6 12 304.16464 0.038877174
487 26.949322 73 6 12 304.95816 0.046646275
488 26.799322 74 6 12 305.8737 0.046646275
489 26.649323 74 6 12 306.7891 0.033954725
490 26.499323 75 6 12 307.4605 0.03588689
491 26.349323 75 6 12 308.1929 0.033962946
492 26.199324 76 6 12 308.86435 0.038864393
493 26.049324 77 6 12 309.6577 0.031116037
494 25.899324 77 6 12 310.26807 0.03144552
495 25.749325 78 6 12 310.87848 0.03606909
496 25.599325 78 6 12 311.61093 0.038880017
497 25.449326 78 6 12 312.40433 0.03380351
498 25.299326 79 6 12 313.07553 0.015706979
499 25.149326 79 6 12 313.38092 0.03606909
500 24.999327 79 6 12 314.11343 0.04663752
501 24.849327 80 6 12 315.0289 0.038880017
502 24.699327 81 6 12 315.82236 0.038880017
503 24.549328 81 6 12 316.61572 0.031537395
504 24.399328 81 6 12 317.22617 0.03886584
505 24.249329 81 6 12 318.01938 0.015680784
506 24.099329 82 6 12 318.32474 0.03358527
507 23.94933 82 6 12 318.99615 0.036410246
508 23.79933 82 6 12 319.7286 0.038864866
509 23.64933 82 6 12 320.52203 0.035938982
510 23.49933 82 6 12 321.2545 0.038875174
511 23.34933 82 6 12 322.04788 0.03414009
512 23.199331 83 6 12 322.71927 0.033510383
513 23.049332 84 6 12 323.39072 0.03882854
514 22.899332 85 6 12 324.18417 0.03883013
515 22.749332 85 6 12 324.97757 0.03272112
516 22.599333 86 6 12 325.649 0.037426557
517 22.449333 86 6 12 326.3814 0.036673903
518 22.299334 86 6 12 327.11392 0.046619594
519 22.149334 86 6 12 328.02933 0.033610627
520 21.999334 86 6 12 328.70068 0.031110937
521 21.849335 87 6 12 329.3111 0.036903445
522 21.699335 87 6 12 330.04352 0.035739727
523 21.549335 87 6 12 330.7753 0.034419186
524 21.399336 88 6 12 331.4467 0.032903347
525 21.249336 88 6 12 332.1093 0.046351273
526 21.099337 88 6 12 333.0247 0.031101014
527 20.949337 88 6 12 333.63507 0.034120116
528 20.799337 88 6 12 334.3065 0.03728476
529 20.649338 89 6 14 335.03888 0.034572154
530 20.499338 89 6 14 335.71024 0.031110127
531 20.349339 89 6 14 336.3206 0.031112509
532 20.199339 89 6 14 336.93097 0.03435157
533 20.04934 90 6 14 337.60236 0.034118917
534 19.89934 90 6 14 338.27386 0.046646845
535 19.74934 91 6 14 339.18924 0.03111098
536 19.59934 91 6 14 339.79962 0.03386205
537 19.44934 92 6 14 340.47098 0.03142832
538 19.299341 92 6 14 341.08136 0.033468362
539 19.149342 92 6 14 341.75275 0.03320137
540 18.999342 92 6 14 342.42413 0.032927677
541 18.849342 92 7 14 343.09552 0.03472321
542 18.699343 92 7 14 343.76688 0.031110354
543 18.549343 92 7 14 344.37726 0.034502055
544 18.399343 92 7 14 345.04865 0.034275282
545 18.249344 92 7 14 345.72003 0.034038905
546 18.099344 93 7 14 346.39142 0.0337992
547 17.949345 93 7 14 347.0628 0.03355616
548 17.799345 93 7 14 347.7342 0.033314098
549 17.649345 93 7 14 348.40558 0.033056483
550 17.499346 93 8 14 349.07697 0.034708306
551 17.349346 94 8 14 349.74835 0.035077892
552 17.199347 94 8 14 350.4198 0.038888495
553 17.049347 94 8 14 351.2132 0.034708306
554 16.899347 95 8 14 351.8844 0.015562331
555 16.749348 95 8 14 352.18976 0.034482937
556 16.599348 95 8 14 352.86118 0.035316203
557 16.449348 95 8 14 353.59357 0.03507577
558 16.299349 95 8 14 354.26495 0.034827683
559 16.14935 95 8 14 354.93634 0.03458061
560 15.99935 96 8 14 355.60773 0.03432606
561 15.84935 96 8 14 356.27914 0.035488483
562 15.69935 96 8 14 357.01154 0.03432606
563 15.549351 96 8 14 357.68295 0.03549727
564 15.399351 96 8 14 358.41534 0.034334633
565 15.2493515 96 8 14 359.08676 0.035505734
566 15.099352 96 8 14 359.81915 0.034342997
567 14.949352 96 8 14 360.49057 0.035505734
568 14.799353 96 8 14 361.22296 0.034342997
569 14.649353 96 8 14 361.89438 0.03552299
570 14.499353 96 8 14 362.62677 0.03435157
571 14.349354 96 8 14 363.29797 0.015605285
572 14.199354 96 8 14 363.60315 0.015602255
573 14.049355 96 8 14 363.90854 0.035496946
574 13.899355 96 8 14 364.6409 0.031111686
575 13.749355 96 8 14 365.2513 0.035161536
576 13.599356 97 8 14 365.93134 0.034810618
577 13.449356 97 8 14 366.60272 0.034444712
578 13.299356 97 8 14 367.27414 0.035471234
579 13.149357 97 8 14 368.00653 0.03447024
580 12.999357 97 8 14 368.67795 0.035480015
581 12.849358 97 8 14 369.41034 0.03447024
582 12.699358 98 8 14 370.08176 0.035505734
583 12.549358 98 8 14 370.81415 0.03447866
584 12.399359 98 8 14 371.48557 0.035505734
585 12.249359 98 8 14 372.21796 0.034504194
586 12.0993595 98 8 14 372.88937 0.03551453
587 11.94936 98 8 14 373.62177 0.034512624
588 11.79936 98 8 14 374.29315 0.034005217
589 11.649361 98 8 14 374.96436 0.015693596
590 11.499361 98 8 14 375.2697 0.03351843
591 11.349361 98 8 14 375.94113 0.03652441
592 11.199362 98 8 14 376.67355 0.03597373
593 11.049362 98 8 14 377.40594 0.034165557
594 10.899363 98 8 14 378.07736 0.0360085
595 10.749363 98 8 14 378.80975 0.034182165
596 10.599363 98 8 14 379.48117 0.036043283
597 10.449364 98 8 14 380.21353 0.031115225
598 10.299364 98 8 14 380.82388 0.031115225
599 10.149364 98 8 14 381.43423 0.031096153
600 9.999365 98 8 14 382.0446 0.031096153
601 9.849365 98 8 14 382.65494 0.031096153
602 9.699366 98 8 14 383.2653 0.031096546
603 9.549366 98 8 14 383.8755 0.015594334
604 9.399366 98 8 14 384.18085 0.034258615
605 9.249367 98 8 14 384.85223 0.033027727
606 9.099367 99 8 14 385.52365 0.037658755
607 8.949368 99 8 14 386.25607 0.036357086
608 8.799368 99 8 14 386.98846 0.034802083
609 8.649368 99 8 14 387.65985 0.03291116
610 8.499369 99 8 14 388.31207 0.030667655
611 8.349369 99 8 14 388.9224 0.028138764
612 8.199369 99 8 16 389.47314 0.03478929
613 8.04937 99 8 16 390.14453 0.0349965
614 7.8993697 100 8 16 390.81592 0.03479142
615 7.7493696 100 8 16 391.4873 0.03456788
616 7.5993695 101 8 16 392.1587 0.034330346
617 7.4493694 102 8 16 392.8301 0.03545399
618 7.2993693 102 8 16 393.56253 0.035217293
619 7.1493692 102 8 16 394.29492 0.03498151
620 6.999369 102 8 16 394.9663 0.034827683
621 6.849369 102 8 16 395.6377 0.03217916
622 6.699369 102 8 16 396.30908 0.034708306
623 6.549369 102 8 16 396.98053 0.038882352
624 6.399369 102 8 16 397.77396 0.03511856
625 6.2493687 102 8 16 398.4472 0.034708306
626 6.0993686 102 8 16 399.1184 0.015564949
627 5.9493685 102 8 16 399.4238 0.03511856
628 5.7993684 102 8 16 400.09674 0.034725346
629 5.6493683 102 8 16 400.76816 0.035127215
630 5.499368 102 8 16 401.44235 0.034733858
631 5.349368 102 8 16 402.11377 0.035135712
632 5.199368 102 8 16 402.78918 0.03474239
633 5.049368 102 8 16 403.4606 0.035144374
634 4.899368 102 8 16 404.1372 0.03474239
635 4.7493677 102 8 16 404.80862 0.03515287
636 4.5993676 102 8 16 405.48642 0.034750905
637 4.4493675 102 8 16 406.15784 0.035161536
638 4.2993674 102 8 16 406.8368 0.034767974
639 4.1493673 102 8 16 407.5082 0.035161536
640 3.9993672 102 8 16 408.18826 0.034776494
641 3.8493671 102 8 16 408.85968 0.035187196
642 3.699367 102 8 16 409.54086 0.034785025
643 3.549367 102 8 16 410.21228 0.035187196
644 3.3993669 102 8 16 410.89456 0.034802083
645 3.2493668 102 8 16 411.56598 0.035195872
646 3.0993667 102 8 16 412.24936 0.034810618
647 2.9493666 102 8 16 412.92078 0.03522154
648 2.7993665 102 8 16 413.6053 0.03481916
649 2.6493664 102 8 16 414.2767 0.03523023
650 2.4993663 102 8 16 414.96237 0.03484476
651 2.3493662 102 8 16 415.6338 0.0352559
652 2.199366 102 8 16 416.32065 0.03487892
653 2.049366 102 8 16 416.99207 0.035273317
654 1.899366 102 8 16 417.71436 0.03488749
655 1.749366 102 8 16 418.38577 0.035299
656 1.5993661 102 8 16 419.10623 0.03492168
657 1.4493661 102 8 16 419.77765 0.03533341
658 1.2993661 102 8 16 420.49622 0.03495589
659 1.1493661 102 8 16 421.16763 0.035376586
660 0.99936616 102 8 16 421.86984 0.035015747
661 0.8493662 102 8 16 422.54126 0.03543675
662 0.6993662 102 8 16 423.27365 0.03507564
663 0.54936624 102 8 16 423.94507 0.035505734
664 0.39936623 102 8 16 424.6767 0.03515287
665 0.24936622 102 8 16 425.3496 0.035583608
666 0.09936622 102 8 16 426.0763 0.034326278
667 -0.050633788 102 8 16 426.74768 0.032845147
668 -0.2006338 102 8 16 427.41122 0.031196697
669 -0.3506338 102 8 16 428.02158 0.029351685
670 -0.50063384 102 8 16 428.58582 0.027352337
671 -0.6506338 102 8 16 429.1351 0.025279587
672 -0.8006338 102 8 16 429.62338 0.023123642
673 -0.95063376 102 8 18 430.10822 0.03474239
674 -1.1006337 102 8 18 430.7796 0.03504362
675 -1.2506337 102 8 18 431.451 0.03474239
676 -1.4006337 102 8 18 432.12238 0.035045747
677 -1.5506337 102 8 18 432.79376 0.034755174
678 -1.7006336 102 8 18 433.46515 0.035045747
679 -1.8506336 102 8 18 434.13654 0.034755174
680 -2.0006337 102 8 18 434.80792 0.035049997
681 -2.1506338 102 8 18 435.4793 0.03475944
682 -2.300634 102 8 18 436.1507 0.03505863
683 -2.450634 102 8 18 436.82208 0.03475944
684 -2.600634 102 8 18 437.49347 0.03505863
685 -2.7506342 102 8 18 438.16486 0.034767963
686 -2.9006343 102 8 18 438.83624 0.035067134
687 -3.0506344 102 8 18 439.50763 0.034776494
688 -3.2006345 102 8 18 440.17902 0.035067134
689 -3.3506346 102 8 18 440.8504 0.034776494
690 -3.5006347 102 8 18 441.5218 0.03507577
691 -3.6506348 102 8 18 442.19318 0.034793556
692 -3.8006349 102 8 18 442.86456 0.03508427
693 -3.950635 102 8 18 443.53595 0.034793556
694 -4.100635 102 8 18 444.20734 0.035092913
695 -4.250635 102 8 18 444.87872 0.034810618
696 -4.4006352 102 8 18 445.5501 0.035092913
697 -4.5506353 102 8 18 446.2215 0.034810618
698 -4.7006354 102 8 18 446.89288 0.035109915
699 -4.8506355 102 8 18 447.56427 0.03481916
700 -5.0006356 102 8 18 448.2357 0.03511856
701 -5.1506357 102 8 18 448.90726 0.03481916
702 -5.300636 102 8 18 449.57867 0.035127215
703 -5.450636 102 8 18 450.25192 0.03484476
704 -5.600636 102 8 18 450.92334 0.035127215
705 -5.750636 102 8 18 451.59827 0.034853313
706 -5.900636 102 8 18 452.26968 0.03515287
707 -6.0506363 102 8 18 452.94626 0.03487036
708 -6.2006364 102 8 18 453.61768 0.035161536
709 -6.3506365 102 8 18 454.2959 0.03487892
710 -6.5006366 102 8 18 454.96732 0.035187196
711 -6.6506367 102 8 18 455.64716 0.0349131
712 -6.800637 102 8 18 456.31857 0.035195872
713 -6.950637 102 8 18 457.0 0.03492168
714 -7.100637 102 8 18 457.67142 0.03523023
715 -7.250637 102 8 18 458.35446 0.034947295
716 -7.400637 102 8 18 459.02588 0.0352559
717 -7.5506372 102 8 18 459.74124 0.03498151
718 -7.7006373 102 8 18 460.41266 0.035299
719 -7.8506374 102 8 18 461.12665 0.035024364
720 -8.000637 102 8 18 461.79807 0.03533341
721 -8.150637 102 8 18 462.48593 0.03507564
722 -8.300636 102 8 18 463.15735 0.035376586
723 -8.450636 102 8 18 463.8468 0.03514421
724 -8.600636 102 8 18 464.51923 0.035445523
725 -8.750635 102 8 18 465.24713 0.03522154
726 -8.900635 102 8 18 465.92368 0.033996984
727 -9.050634 102 8 18 466.59506 0.03260504
728 -9.200634 102 8 18 467.25284 0.031069279
729 -9.350634 102 8 18 467.8632 0.029393975
730 -9.500633 102 8 18 468.4305 0.02755141
731 -9.650633 102 8 18 468.9798 0.025624325
732 -9.800632 102 8 18 469.46808 0.023656199
733 -9.950632 102 8 18 469.95352 0.021771898
734 -10.100632 102 8 20 470.4196 0.034721076
735 -10.250631 102 8 20 471.09097 0.03506288
736 -10.400631 102 8 20 471.76236 0.03472321
737 -10.550631 102 8 20 472.43375 0.035067134
738 -10.70063 102 8 20 473.10513 0.034725346
739 -10.85063 102 8 20 473.77652 0.035067134
740 -11.000629 102 8 20 474.4479 0.034733858
741 -11.150629 102 8 20 475.1193 0.03507577
742 -11.300629 102 8 20 475.79068 0.034738123
743 -11.450628 102 8 20 476.46207 0.03507577
744 -11.600628 102 8 20 477.13345 0.03474239
745 -11.7506275 102 8 20 477.80484 0.03508427
746 -11.900627 102 8 20 478.47623 0.03474239
747 -12.050627 102 8 20 479.1476 0.035092913
748 -12.200626 102 8 20 479.819 0.034750905
749 -12.350626 102 8 20 480.4904 0.035092913
750 -12.500626 102 8 20 481.16177 0.03475944
751 -12.650625 102 8 20 481.83316 0.035101414
752 -12.800625 102 8 20 482.50455 0.03475944
753 -12.950624 102 8 20 483.17593 0.03511006
754 -13.100624 102 8 20 483.84732 0.034767963
755 -13.250624 102 8 20 484.51874 0.03511856
756 -13.400623 102 8 20 485.19022 0.034776494
757 -13.550623 102 8 20 485.86163 0.03511856
758 -13.700623 102 8 20 486.53452 0.034785025
759 -13.850622 102 8 20 487.20593 0.035127215
760 -14.000622 102 8 20 487.88025 0.034785025
761 -14.150621 102 8 20 488.55167 0.03515287
762 -14.300621 102 8 20 489.2274 0.034810618
763 -14.450621 102 8 20 489.8988 0.03515287
764 -14.60062 102 8 20 490.57593 0.034810618
765 -14.75062 102 8 20 491.24734 0.035161536
766 -14.9006195 102 8 20 491.92587 0.03481916
767 -15.050619 102 8 20 492.5973 0.035187196
768 -15.200619 102 8 20 493.27722 0.03484476
769 -15.350618 102 8 20 493.94864 0.035195872
770 -15.500618 102 8 20 494.62997 0.034853313
771 -15.650618 102 8 20 495.3014 0.03522154
772 -15.800617 102 8 20 495.98413 0.03487892
773 -15.950617 102 8 20 496.65555 0.03523023
774 -16.100616 102 8 20 497.3397 0.034904525
775 -16.250616 102 8 20 498.0111 0.0352559
776 -16.400616 102 8 20 498.7175 0.03492168
777 -16.550615 102 8 20 499.38892 0.035290286
778 -16.700615 102 8 20 500.10645 0.03495589
779 -16.850615 102 8 20 500.77786 0.03532468
780 -17.000614 102 8 20 501.49374 0.034990117
781 -17.150614 102 8 20 502.16516 0.03536784
782 -17.300613 102 8 20 502.85486 0.035032988
783 -17.450613 102 8 20 503.52628 0.035427988
784 -17.600613 102 8 20 504.21732 0.035101563
785 -17.750612 102 8 20 504.88873 0.035496946
786 -17.900612 102 8 20 505.6177 0.03521286
787 -18.050611 102 8 20 506.29318 0.035583608
788 -18.200611 102 8 20 507.01752 0.03530772
789 -18.35061 102 8 20 507.69736 0.035721973
790 -18.50061 102 8 20 508.41693 0.035496946
791 -18.65061 102 8 20 509.12326 0.035947934
792 -18.80061 102 8 20 509.83795 0.03579126
793 -18.95061 102 8 20 510.5422 0.033109732
794 -19.100609 102 8 22 511.2136 0.034657214
795 -19.250608 102 8 22 511.88498 0.03443417
796 -19.400608 102 8 22 512.60693 0.034211937
797 -19.550608 102 8 22 513.33936 0.03557056
798 -19.700607 102 8 22 514.0718 0.038884226
799 -19.850607 102 8 22 514.8042 0.038884226
800 -20.000607 102 8 22 515.5366 0.034207646
801 -20.150606 103 8 22 516.26904 0.033954725
802 -20.300606 103 8 22 517.00146 0.035825927
803 -20.450605 103 8 22 517.7339 0.03887783
804 -20.600605 104 8 22 518.4663 0.03887783
805 -20.750605 104 8 22 519.1987 0.033946116
806 -20.900604 105 8 22 519.93115 0.03887301
807 -21.050604 105 8 22 520.6636 0.033660818
808 -21.200603 106 8 22 521.31146 0.03336836
809 -21.350603 106 8 22 521.9218 0.0330687
810 -21.500603 106 8 22 522.53217 0.032762755
811 -21.650602 106 9 22 523.15094 0.034793556
812 -21.800602 106 9 22 523.88336 0.03498151
813 -21.950602 107 9 22 524.6157 0.031111248
814 -22.100601 107 9 22 525.2261 0.031108864
815 -22.2506 107 9 22 525.8364 0.031108864
816 -22.4006 107 9 22 526.4468 0.031108864
817 -22.5506 107 9 22 527.0571 0.031108864
818 -22.7006 107 9 22 527.6675 0.031108864
819 -22.8506 107 9 22 528.27783 0.031108864
820 -23.000599 107 9 22 528.8882 0.031108864
821 -23.150599 107 9 22 529.49854 0.031108864
822 -23.300598 107 9 22 530.1089 0.031108864
823 -23.450598 107 9 22 530.71924 0.031108864
824 -23.600597 107 9 22 531.3296 0.031108864
825 -23.750597 107 9 22 531.93994 0.031108864
826 -23.900597 107 9 22 532.5503 0.031108864
827 -24.050596 107 9 22 533.16064 0.031108864
828 -24.200596 107 9 22 533.771 0.031108864
829 -24.350595 107 9 22 534.38135 0.031108864
830 -24.500595 107 9 22 534.9917 0.031108864
831 -24.650595 107 9 22 535.60205 0.031108879
832 -24.800594 107 9 22 536.2124 0.031108879
833 -24.950594 107 9 22 536.82275 0.031108879
834 -25.100594 107 9 22 537.4331 0.031108879
835 -25.250593 107 9 22 538.04346 0.031108879
836 -25.400593 107 9 22 538.6538 0.031108879
837 -25.550592 107 9 22 539.26416 0.031108879
838 -25.700592 107 9 22 539.8745 0.031108879
839 -25.850592 107 9 22 540.48486 0.031108879
840 -26.000591 107 9 22 541.0952 0.031108879
841 -26.15059 107 9 22 541.70557 0.031108879
842 -26.30059 107 9 22 542.3159 0.031108879
843 -26.45059 107 9 22 542.9263 0.031108879
844 -26.60059 107 9 22 543.5366 0.031108879
845 -26.75059 107 9 22 544.147 0.031108879
846 -26.900589 107 9 22 544.7573 0.031108879
847 -27.050589 107 9 22 545.3677 0.031108879
848 -27.200588 107 9 22 545.978 0.031108879
849 -27.350588 107 9 22 546.5884 0.03110891
850 -27.500587 107 9 22 547.1987 0.03110891
851 -27.650587 107 9 22 547.8091 0.03110891
852 -27.800587 107 9 22 548.41943 0.03110891
853 -27.950586 107 9 22 549.0298 0.03110891
854 -28.100586 107 9 22 549.64014 0.03110891
855 -28.250586 107 9 22 550.2505 0.03110891
856 -28.400585 107 9 22 550.86084 0.03110891
857 -28.550585 107 9 22 551.4712 0.03110895
858 -28.700584 107 9 22 552.0816 0.03889088
859 -28.850584 107 9 22 552.814 0.034725383
860 -29.000584 107 9 22 553.54645 0.03380351
861 -29.150583 108 9 22 554.2085 0.032794755
862 -29.300583 108 9 22 554.81885 0.03173095
863 -29.450583 108 9 22 555.4292 0.030591002
864 -29.600582 108 9 22 556.03955 0.029345443
865 -29.750582 108 9 22 556.6499 0.028037876
866 -29.900581 108 9 22 557.2544 0.026679143
867 -30.050581 108 9 22 557.7427 0.02529122
868 -30.20058 108 9 22 558.23096 0.023883691
869 -30.35058 108 9 22 558.71924 0.02251965
870 -30.50058 108 9 22 559.2075 0.021213869
871 -30.65058 108 9 22 559.5814 0.019981515
872 -30.80058 108 9 22 559.9479 0.045407288
873 -30.950579 108 9 24 560.8023 0.03484476
874 -31.100578 109 9 24 561.5347 0.03888868
875 -31.250578 109 9 24 562.26715 0.034623176
876 -31.400578 110 9 24 562.9996 0.038887423
877 -31.550577 111 9 24 563.732 0.034398116
878 -31.700577 111 9 24 564.4644 0.03415697
879 -31.850576 111 9 24 565.19684 0.033912476
880 -32.000576 111 9 24 565.92926 0.033660818
881 -32.150578 111 9 24 566.65784 0.03340167
882 -32.30058 111 9 24 567.2682 0.033143673
883 -32.45058 111 9 24 567.87854 0.03287814
884 -32.600582 111 10 24 568.5787 0.034621038
885 -32.750584 111 10 24 569.3111 0.03516366
886 -32.900585 111 10 24 570.0435 0.034623176
887 -33.050587 111 10 24 570.77594 0.034398116
888 -33.20059 111 10 24 571.50836 0.035389297
889 -33.35059 111 10 24 572.2408 0.035161536
890 -33.50059 111 10 24 572.9732 0.034925938
891 -33.650593 111 10 24 573.7056 0.034891747
892 -33.800594 111 10 24 574.43805 0.03463592
893 -33.950596 111 10 24 575.1705 0.03438545
894 -34.100597 111 10 24 575.9029 0.03543675
895 -34.2506 111 10 24 576.6353 0.03517003
896 -34.4006 111 10 24 577.36774 0.0349131
897 -34.550602 111 10 24 578.10016 0.034930192
898 -34.700603 111 10 24 578.8326 0.034657214
899 -34.850605 111 10 24 579.565 0.034368504
900 -35.000607 111 10 24 580.2974 0.035480015
901 -35.150608 111 10 24 581.02985 0.035187196
902 -35.30061 111 10 24 581.76227 0.03488749
903 -35.45061 111 10 24 582.4947 0.03498151
904 -35.600613 111 10 24 583.2271 0.03467424
905 -35.750614 111 10 24 583.95953 0.034342997
906 -35.900616 111 10 24 584.69196 0.035540253
907 -36.050617 111 10 24 585.4244 0.03520456
908 -36.20062 111 10 24 586.1568 0.034853313
909 -36.35062 111 10 24 586.8892 0.03505863
910 -36.50062 111 10 24 587.62164 0.03487892
911 -36.650623 111 10 24 588.35406 0.03505863
912 -36.800625 111 10 24 589.0865 0.03487892
913 -36.950626 111 10 24 589.8189 0.03508427
914 -37.100628 111 10 24 590.55133 0.03488749
915 -37.25063 111 10 24 591.28375 0.035092913
916 -37.40063 111 10 24 592.0162 0.0349131
917 -37.550632 111 10 24 592.7486 0.035092913
918 -37.700634 111 10 24 593.481 0.03492168
919 -37.850636 111 10 24 594.21344 0.034444712
920 -38.000637 111 10 24 594.94586 0.0339379
921 -38.15064 111 10 24 595.6783 0.036112897
922 -38.30064 111 10 24 596.4107 0.033946116
923 -38.45064 111 10 24 597.1431 0.03612191
924 -38.600643 111 10 24 597.87555 0.033979777
925 -38.750645 111 10 24 598.608 0.036156755
926 -38.900646 111 10 24 599.3404 0.034005217
927 -39.050648 111 10 24 600.07275 0.033326406
928 -39.20065 111 10 24 600.68317 0.03682375
929 -39.35065 111 10 24 601.4155 0.033359703
930 -39.500652 112 10 24 602.02594 0.03688489
931 -39.650654 112 10 24 602.7583 0.03341033
932 -39.800655 112 10 24 603.36865 0.03251642
933 -39.950657 112 10 24 603.97906 0.03774909
934 -40.10066 112 10 24 604.7114 0.032581985
935 -40.25066 112 10 24 605.32184 0.03873635
936 -40.40066 112 10 24 606.05426 0.03796318
937 -40.550663 112 10 24 606.7867 0.03680525
938 -40.700665 112 10 24 607.5191 0.03543675
939 -40.850666 113 10 24 608.2515 0.03887963
940 -41.000668 113 10 24 608.98395 0.03375272
941 -41.15067 114 10 24 609.6157 0.031495288
942 -41.30067 114 10 24 610.2261 0.028843071
943 -41.450672 114 10 26 610.8365 0.034827683
944 -41.600674 114 10 26 611.5689 0.034958016
945 -41.750675 114 10 26 612.3013 0.031111294
946 -41.900677 114 10 26 612.9117 0.034725346
947 -42.05068 115 10 26 613.6441 0.034499917
948 -42.20068 115 10 26 614.3765 0.034262657
949 -42.35068 115 10 26 615.10895 0.03552299
950 -42.500683 115 10 26 615.8414 0.035286043
951 -42.650684 115 10 26 616.5738 0.035045747
952 -42.800686 115 10 26 617.3062 0.034793556
953 -42.950687 115 10 26 618.03864 0.035024364
954 -43.10069 115 10 26 618.771 0.031108864
955 -43.25069 115 10 26 619.3814 0.03475944
956 -43.400692 115 10 26 620.11383 0.034487218
957 -43.550694 115 10 26 620.84625 0.034207646
958 -43.700695 115 10 26 621.5787 0.033929292
959 -43.850697 115 10 26 622.3111 0.035895318
960 -44.000698 115 10 26 623.04346 0.031113358
961 -44.1507 115 10 26 623.6539 0.03887817
962 -44.3007 116 10 26 624.3863 0.03887817
963 -44.450703 116 10 26 625.1187 0.038878523
964 -44.600704 116 10 26 625.85114 0.038878523
965 -44.750706 116 10 26 626.58356 0.038878523
966 -44.900707 116 10 26 627.316 0.03887888
967 -45.05071 116 10 26 628.0484 0.033878855
968 -45.20071 117 10 26 628.78076 0.033510383
969 -45.35071 117 10 26 629.3912 0.036375273
970 -45.500713 117 10 26 630.12354 0.031101892
971 -45.650715 117 10 26 630.7339 0.031101892
972 -45.800716 117 10 26 631.34424 0.03110275
973 -45.950718 117 10 26 631.9546 0.03110275
974 -46.10072 117 10 26 632.56494 0.03110275
975 -46.25072 117 10 26 633.1753 0.03110275
976 -46.400723 117 10 26 633.78564 0.03110275
977 -46.550724 117 10 26 634.396 0.03110275
978 -46.700726 117 10 26 635.00635 0.03110275
979 -46.850727 117 10 26 635.6167 0.03110275
980 -47.00073 117 10 26 636.22705 0.031103622
981 -47.15073 117 10 26 636.83746 0.036034305
982 -47.30073 117 10 26 637.5699 0.035471234
983 -47.450733 117 10 26 638.30225 0.031109065
984 -47.600735 117 10 26 638.91266 0.034682732
985 -47.750736 118 10 26 639.6451 0.035540253
986 -47.900738 118 10 26 640.37744 0.03110895
987 -48.05074 118 10 26 640.98785 0.03471681
988 -48.20074 118 10 26 641.7203 0.03560934
989 -48.350742 118 10 26 642.45264 0.031127937
990 -48.500744 118 10 26 643.06305 0.034750905
991 -48.650745 119 10 26 643.7955 0.035721973
992 -48.800747 119 10 26 644.52783 0.031127984
993 -48.95075 119 10 26 645.13824 0.03481916
994 -49.10075 120 10 26 645.87067 0.035869535
995 -49.25075 120 10 26 646.6031 0.038871992
996 -49.400753 120 10 26 647.3355 0.034947295
997 -49.550755 120 10 26 648.0679 0.033301104
998 -49.700756 121 10 26 648.6783 0.03873635
999 -49.850758 122 10 26 649.4107 0.038063645
1000 -50.00076 122 10 26 650.1431 0.03380351
1001 -50.15076 122 10 28 650.8152 0.034704037

----QMATRIX: [Sensed Threat] > ACTION == UTILITY------
[0.0,0.0,1.0,1.0,0.0,1.0,1.0,0.0] > ACTION_BACK == -3.8151352E-8
[0.0,0.0,0.0,0.0,0.0,0.0,0.0,0.0] > ACTION_BACK == -0.076975055
[0.0,0.0,0.0,1.0,1.0,0.0,1.0,1.0] > ACTION_BACK == -5.6722223E-7
[0.0,0.0,1.0,0.0,0.0,0.0,0.0,0.0] > ACTION_LEFT == -4.2141646E-10
[0.0,0.0,0.0,1.0,0.0,0.0,0.0,0.0] > ACTION_BACK == -4.2314787E-4
[0.0,0.0,1.0,1.0,0.0,0.0,0.0,0.0] > ACTION_BACK == -0.0022877387
[0.0,0.0,0.0,0.0,1.0,1.0,0.0,0.0] > ACTION_BACK == -4.4629896E-8
[0.0,0.0,0.0,1.0,1.0,1.0,0.0,0.0] > ACTION_RIGHT == -3.7546E-8
[0.0,0.0,1.0,0.0,0.0,0.0,0.0,0.0] > ACTION_BACK == -2.107032E-9
[0.0,0.0,1.0,1.0,1.0,0.0,0.0,0.0] > ACTION_LEFT == -3.8732054E-8
[0.0,0.0,0.0,0.0,1.0,0.0,1.0,1.0] > ACTION_LEFT == -0.0081
[0.0,1.0,0.0,1.0,0.0,0.0,0.0,0.0] > ACTION_BACK == -0.081000134
[0.0,1.0,1.0,1.0,1.0,1.0,1.0,1.0] > ACTION_BACK == -3.3123088E-10
[0.0,0.0,0.0,1.0,1.0,1.0,0.0,0.0] > ACTION_BACK == -9.851108E-8
[0.0,0.0,1.0,1.0,0.0,0.0,1.0,0.0] > ACTION_RIGHT == -3.7315164E-9
[0.0,0.0,1.0,1.0,0.0,0.0,0.0,0.0] > ACTION_RIGHT == -6.1540475E-9
[0.0,0.0,0.0,0.0,0.0,0.0,1.0,1.0] > ACTION_RIGHT == -4.5945003E-9
[0.0,0.0,0.0,0.0,1.0,1.0,0.0,0.0] > ACTION_RIGHT == -1.2120893E-8
[0.0,0.0,1.0,0.0,1.0,0.0,1.0,1.0] > ACTION_BACK == -0.0090
[0.0,0.0,0.0,0.0,1.0,0.0,0.0,0.0] > ACTION_LEFT == -1.733115E-8
[0.0,0.0,1.0,1.0,1.0,1.0,1.0,0.0] > ACTION_LEFT == -4.9032103E-9
[0.0,0.0,0.0,0.0,1.0,0.0,1.0,1.0] > ACTION_BACK == -0.008100004
[0.0,1.0,1.0,1.0,1.0,0.0,0.0,0.0] > ACTION_BACK == -4.333613E-9
[0.0,0.0,0.0,1.0,1.0,1.0,1.0,0.0] > ACTION_BACK == -5.1468223E-6
[0.0,1.0,1.0,1.0,0.0,1.0,0.0,0.0] > ACTION_RIGHT == -5.762867E-10
[0.0,0.0,0.0,0.0,1.0,0.0,0.0,0.0] > ACTION_RIGHT == -1.0673101E-8
[0.0,0.0,1.0,1.0,1.0,1.0,1.0,0.0] > ACTION_RIGHT == -3.0719452E-10
[0.0,1.0,0.0,0.0,0.0,0.0,0.0,0.0] > ACTION_BACK == -2.8238174E-8
[0.0,0.0,0.0,0.0,1.0,0.0,0.0,0.0] > ACTION_BACK == -3.486696E-8
[0.0,0.0,0.0,0.0,1.0,1.0,1.0,0.0] > ACTION_LEFT == -2.6971787E-8
[0.0,0.0,1.0,1.0,1.0,1.0,1.0,0.0] > ACTION_BACK == -2.4855635E-11
[0.0,0.0,0.0,0.0,0.0,1.0,1.0,0.0] > ACTION_BACK == -4.654541E-9
[0.0,0.0,1.0,1.0,0.0,1.0,0.0,0.0] > ACTION_RIGHT == -3.717054E-8
[0.0,0.0,0.0,1.0,0.0,1.0,0.0,0.0] > ACTION_RIGHT == -7.3050734E-9
[0.0,1.0,0.0,1.0,0.0,0.0,2.0,0.0] > ACTION_RIGHT == -8.0999994E-4
[1.0,0.0,0.0,1.0,1.0,0.0,1.0,0.0] > ACTION_BACK == -4.654541E-9
[0.0,0.0,0.0,1.0,0.0,1.0,1.0,0.0] > ACTION_BACK == -3.8151352E-8
[0.0,1.0,1.0,1.0,0.0,0.0,0.0,0.0] > ACTION_BACK == -1.9044194E-8
[0.0,0.0,1.0,1.0,1.0,0.0,0.0,0.0] > ACTION_RIGHT == -8.817468E-9
[0.0,0.0,1.0,0.0,0.0,0.0,0.0,0.0] > ACTION_RIGHT == -4.8656505E-9
[0.0,0.0,0.0,1.0,1.0,1.0,0.0,1.0] > ACTION_NONE == -5.3879488E-9
[0.0,0.0,0.0,0.0,0.0,0.0,0.0,1.0] > ACTION_BACK == -0.009797669
[0.0,1.0,0.0,1.0,1.0,1.0,0.0,1.0] > ACTION_BACK == -3.8151352E-8
[0.0,1.0,0.0,1.0,1.0,1.0,0.0,0.0] > ACTION_RIGHT == -1.0680579E-9
[0.0,0.0,0.0,1.0,0.0,0.0,0.0,0.0] > ACTION_LEFT == -4.8977274E-8
[0.0,0.0,1.0,1.0,1.0,0.0,1.0,0.0] > ACTION_LEFT == -3.7167884E-9
[0.0,1.0,1.0,1.0,0.0,1.0,1.0,0.0] > ACTION_RIGHT == -2.4855635E-11
[0.0,0.0,0.0,1.0,0.0,1.0,1.0,1.0] > ACTION_BACK == -3.8151352E-8
[0.0,0.0,0.0,0.0,0.0,0.0,0.0,0.0] > ACTION_LEFT == -1.3608203E-6
[0.0,0.0,0.0,0.0,0.0,0.0,1.0,0.0] > ACTION_LEFT == -8.1004587E-4
[1.0,0.0,1.0,1.0,1.0,1.0,1.0,1.0] > ACTION_BACK == -4.1913464E-9
[0.0,0.0,0.0,0.0,1.0,1.0,0.0,1.0] > ACTION_BACK == -3.8151352E-8
[0.0,0.0,1.0,0.0,1.0,1.0,0.0,0.0] > ACTION_RIGHT == -3.2452338E-8
[0.0,1.0,1.0,0.0,0.0,1.0,0.0,0.0] > ACTION_LEFT == -5.6910904E-10
[0.0,0.0,0.0,1.0,1.0,1.0,0.0,0.0] > ACTION_LEFT == -8.5123155E-8
[0.0,0.0,0.0,0.0,1.0,0.0,1.0,0.0] > ACTION_LEFT == -2.8134597E-9
[1.0,0.0,0.0,1.0,1.0,1.0,1.0,1.0] > ACTION_BACK == -4.5231903E-9
[0.0,1.0,0.0,1.0,0.0,0.0,0.0,0.0] > ACTION_LEFT == -1.1028345E-8
[0.0,0.0,0.0,0.0,0.0,0.0,1.0,1.0] > ACTION_LEFT == -0.09
[0.0,0.0,0.0,0.0,1.0,1.0,0.0,0.0] > ACTION_LEFT == -1.1576031E-8
[0.0,0.0,1.0,1.0,0.0,0.0,0.0,0.0] > ACTION_LEFT == -5.806094E-8
[0.0,0.0,0.0,1.0,1.0,0.0,1.0,0.0] > ACTION_LEFT == -4.5639194E-8
[0.0,1.0,0.0,0.0,0.0,0.0,0.0,0.0] > ACTION_LEFT == -4.900401E-9
[1.0,0.0,1.0,0.0,0.0,0.0,0.0,0.0] > ACTION_BACK == -2.5414357E-9
[0.0,0.0,0.0,0.0,0.0,0.0,0.0,0.0] > ACTION_RIGHT == -3.1375748E-7
[0.0,0.0,0.0,1.0,1.0,1.0,1.0,1.0] > ACTION_BACK == -1.8547544E-4
[0.0,0.0,0.0,0.0,0.0,1.0,0.0,0.0] > ACTION_BACK == -3.854547E-8
[0.0,0.0,0.0,1.0,1.0,1.0,0.0,1.0] > ACTION_BACK == -7.230432E-8
[0.0,0.0,0.0,1.0,1.0,1.0,1.0,0.0] > ACTION_LEFT == -5.0976637E-6
[0.0,1.0,1.0,1.0,1.0,0.0,0.0,0.0] > ACTION_LEFT == -2.4855635E-11
[0.0,1.0,1.0,1.0,1.0,0.0,1.0,0.0] > ACTION_LEFT == -2.6336935E-10
[1.0,0.0,1.0,1.0,0.0,0.0,0.0,0.0] > ACTION_BACK == -3.4132726E-9
[0.0,1.0,1.0,1.0,1.0,1.0,0.0,0.0] > ACTION_RIGHT == -1.1129428E-9
[0.0,0.0,0.0,1.0,0.0,0.0,0.0,0.0] > ACTION_RIGHT == -1.4517674E-7
[0.0,0.0,1.0,1.0,1.0,1.0,0.0,0.0] > ACTION_BACK == -7.340802E-8
[0.0,0.0,0.0,0.0,1.0,1.0,1.0,1.0] > ACTION_BACK == -7.205797E-8
[0.0,0.0,0.0,1.0,0.0,1.0,1.0,0.0] > ACTION_LEFT == -3.4336218E-9
[0.0,1.0,1.0,1.0,0.0,0.0,0.0,0.0] > ACTION_LEFT == -9.160182E-9
[1.0,0.0,1.0,1.0,0.0,0.0,0.0,0.0] > ACTION_RIGHT == -0.008100004
[0.0,1.0,1.0,0.0,0.0,0.0,0.0,0.0] > ACTION_LEFT == -2.5414357E-9
[0.0,0.0,0.0,1.0,1.0,0.0,0.0,0.0] > ACTION_LEFT == -1.0847325E-7
[0.0,0.0,1.0,1.0,1.0,1.0,1.0,1.0] > ACTION_BACK == -3.792525E-8
[1.0,0.0,0.0,1.0,0.0,0.0,0.0,0.0] > ACTION_BACK == -3.8151352E-8
[0.0,1.0,0.0,0.0,1.0,1.0,0.0,0.0] > ACTION_RIGHT == -1.8963289E-10
[0.0,1.0,0.0,1.0,1.0,1.0,1.0,1.0] > ACTION_LEFT == -6.077385E-11
[0.0,0.0,0.0,1.0,1.0,1.0,1.0,1.0] > ACTION_NONE == -3.7532254E-6
[0.0,0.0,0.0,0.0,1.0,0.0,1.0,0.0] > ACTION_NONE == -3.0902597E-10
[0.0,0.0,0.0,1.0,0.0,1.0,1.0,1.0] > ACTION_LEFT == -3.4132726E-9
[0.0,0.0,0.0,1.0,1.0,1.0,0.0,0.0] > ACTION_NONE == -6.2285217E-9
[0.0,0.0,0.0,1.0,1.0,1.0,1.0,0.0] > ACTION_NONE == -3.0123144E-7
[0.0,0.0,1.0,1.0,0.0,1.0,0.0,1.0] > ACTION_BACK == -1.8963289E-10
[0.0,1.0,0.0,1.0,1.0,0.0,1.0,0.0] > ACTION_RIGHT == -8.0999994E-4
[0.0,0.0,0.0,0.0,1.0,1.0,1.0,0.0] > ACTION_NONE == -6.6640716E-8
[1.0,0.0,0.0,1.0,1.0,1.0,0.0,1.0] > ACTION_BACK == -3.8151352E-8
[0.0,0.0,0.0,0.0,0.0,0.0,0.0,1.0] > ACTION_LEFT == -7.299776E-4
[0.0,0.0,0.0,0.0,1.0,0.0,0.0,1.0] > ACTION_LEFT == -4.5945003E-9
[0.0,0.0,0.0,1.0,0.0,0.0,0.0,0.0] > ACTION_NONE == -5.012001E-7
[0.0,1.0,0.0,1.0,1.0,1.0,1.0,1.0] > ACTION_NONE == -6.7526496E-10
[0.0,0.0,1.0,1.0,1.0,1.0,0.0,0.0] > ACTION_LEFT == -5.9482868E-9
[0.0,0.0,0.0,0.0,1.0,1.0,1.0,1.0] > ACTION_LEFT == -6.1990227E-7
[0.0,0.0,0.0,1.0,1.0,1.0,0.0,1.0] > ACTION_LEFT == -3.3779028E-7
[0.0,0.0,0.0,1.0,0.0,1.0,1.0,0.0] > ACTION_NONE == -3.0902597E-10
[0.0,0.0,0.0,1.0,1.0,1.0,1.0,1.0] > ACTION_LEFT == -5.767421E-5
[0.0,0.0,0.0,0.0,0.0,1.0,0.0,0.0] > ACTION_LEFT == -3.902442E-8
[0.0,0.0,1.0,1.0,1.0,1.0,0.0,1.0] > ACTION_BACK == -2.8238174E-8
[0.0,0.0,0.0,1.0,1.0,0.0,1.0,0.0] > ACTION_NONE == -6.6459194E-9
[0.0,0.0,0.0,1.0,0.0,1.0,0.0,1.0] > ACTION_LEFT == -2.5414357E-9
[0.0,0.0,1.0,1.0,0.0,0.0,0.0,0.0] > ACTION_NONE == -4.1363833E-7
[0.0,1.0,1.0,1.0,1.0,1.0,1.0,0.0] > ACTION_BACK == -3.8151352E-8
[1.0,1.0,0.0,0.0,0.0,0.0,0.0,0.0] > ACTION_NONE == -0.0090
[0.0,0.0,0.0,0.0,0.0,0.0,1.0,0.0] > ACTION_BACK == -4.981772E-7
[1.0,1.0,0.0,1.0,1.0,0.0,1.0,0.0] > ACTION_BACK == -7.2900037E-4
[0.0,1.0,0.0,1.0,1.0,1.0,1.0,0.0] > ACTION_BACK == -5.5386423E-10
[0.0,1.0,0.0,1.0,1.0,0.0,0.0,0.0] > ACTION_NONE == -4.1672333E-8
[0.0,0.0,0.0,0.0,1.0,1.0,1.0,0.0] > ACTION_BACK == -5.4865137E-7
[0.0,1.0,1.0,1.0,1.0,0.0,1.0,0.0] > ACTION_BACK == -6.0873764E-9
[0.0,1.0,0.0,0.0,0.0,0.0,1.0,0.0] > ACTION_BACK == -2.8238174E-8
[0.0,0.0,0.0,1.0,1.0,1.0,0.0,1.0] > ACTION_RIGHT == -3.7546E-8
[0.0,0.0,0.0,0.0,1.0,0.0,1.0,0.0] > ACTION_BACK == -2.7896335E-10
[0.0,0.0,0.0,1.0,1.0,0.0,1.0,0.0] > ACTION_BACK == -7.205797E-8
[1.0,0.0,0.0,0.0,0.0,0.0,0.0,0.0] > ACTION_LEFT == -7.7242184E-8
[0.0,0.0,0.0,0.0,0.0,0.0,0.0,0.0] > ACTION_NONE == -1.8867802E-5
