-----Simulation Parameters-----
Iteration Length: 200
Iteration Qty: 1000.0
Learning Rate: 0.1
Discount Factor: 0.9
Decay: 0.15
Max View Distance: 10.0

-----SIMULATION STEPS------
Steps | Exploration Rate | QMatrix Size | Crashes | Victories | Distance Moved | Speed
1 -0.15 130 0 0 1.066924 0.055561278
2 -0.3 130 0 0 2.1776528 0.057487942
3 -0.45000002 130 0 0 3.287572 0.055549625
4 -0.6 130 0 0 4.3981385 0.055563767
5 -0.75 130 0 0 5.5082164 0.05555809
6 -0.9 130 0 0 6.619202 0.055553433
7 -1.05 130 0 0 7.72918 0.055551738
8 -1.1999999 130 0 0 8.640893 0.04555108
9 -1.3499999 130 0 0 9.552606 0.04557982
10 -1.4999999 130 0 0 10.464318 0.05398639
11 -1.6499999 130 0 0 11.37603 0.05558997
12 -1.7999998 130 0 0 12.287743 0.05401396
13 -1.9499998 130 0 0 13.199455 0.05558918
14 -2.1 130 0 0 14.111168 0.04555108
15 -2.25 130 0 0 15.022881 0.05611349
16 -2.4 130 0 0 15.934593 0.04555108
17 -2.5500002 130 0 0 16.846306 0.0555707
18 -2.7000003 130 0 0 17.758018 0.05303556
19 -2.8500004 130 0 0 18.669731 0.04555108
20 -3.0000005 130 0 0 19.581444 0.04555108
21 -3.1500006 130 0 0 20.493156 0.04555108
22 -3.3000007 130 0 0 21.40487 0.04555108
23 -3.4500008 130 0 0 22.316582 0.04555108
24 -3.6000009 130 0 0 23.228294 0.04555108
25 -3.750001 130 0 0 24.140007 0.04555108
26 -3.900001 130 0 0 25.05172 0.04555108
27 -4.050001 130 0 0 25.963533 0.055556897
28 -4.2000012 130 0 0 27.073652 0.04554851
29 -4.3500013 130 0 0 27.982866 0.045556687
30 -4.5000014 130 0 0 29.096655 0.0455475
31 -4.6500015 130 0 0 30.004656 0.04557982
32 -4.8000016 130 0 0 31.116251 0.05539613
33 -4.9500017 130 0 0 32.225548 0.055192355
34 -5.100002 130 0 0 33.32418 0.05498011
35 -5.250002 130 0 0 34.422813 0.054779813
36 -5.400002 130 0 0 35.521442 0.061093327
37 -5.550002 130 0 0 36.610023 0.054365326
38 -5.700002 130 0 0 37.693398 0.05411508
39 -5.8500023 130 0 0 38.776768 0.05391339
40 -6.0000024 130 0 0 39.852512 0.05366806
41 -6.1500025 130 0 0 40.92407 0.045633487
42 -6.3000026 130 0 0 41.839672 0.053433765
43 -6.4500027 130 0 0 42.907784 0.05318525
44 -6.600003 130 0 0 43.96827 0.05293997
45 -6.750003 130 0 0 45.028683 0.045725875
46 -6.900003 130 0 0 45.94421 0.045560006
47 -7.050003 130 0 0 46.859806 0.052713156
48 -7.200003 130 0 0 47.91149 0.052429125
49 -7.3500032 130 0 0 48.956654 0.04579242
50 -7.5000033 130 0 0 49.87218 0.0555398
51 -7.6500034 130 0 0 50.78771 0.05667974
52 -7.8000035 130 0 0 51.703236 0.055085976
53 -7.9500036 130 0 0 52.618763 0.045753364
54 -8.100003 130 0 0 53.53429 0.045742482
55 -8.250003 130 0 0 54.449883 0.056013945
56 -8.4000025 130 0 0 55.495106 0.051981393
57 -8.550002 130 0 0 56.5327 0.045565948
58 -8.700002 130 0 0 57.562664 0.05556935
59 -8.850001 130 0 0 58.58146 0.050770584
60 -9.000001 130 0 0 59.59515 0.050329518
61 -9.150001 130 0 0 60.59765 0.04616748
62 -9.3 130 0 0 61.528435 0.04555932
63 -9.45 130 0 0 62.459217 0.046159428
64 -9.599999 130 0 0 63.382374 0.04611488
65 -9.749999 130 0 0 64.30805 0.046071075
66 -9.899999 130 0 0 65.23884 0.045549084
67 -10.049998 130 0 0 66.168785 0.0455784
68 -10.199998 130 0 0 67.2369 0.05329371
69 -10.3499975 130 0 0 68.30499 0.045567047
70 -10.499997 130 0 0 69.30436 0.049705975
71 -10.649997 130 0 0 70.29184 0.06086899
72 -10.799996 130 0 1 71.28455 0.055523716
73 -10.949996 130 0 1 72.398445 0.05538696
74 -11.099996 130 0 1 73.5074 0.05524056
75 -11.249995 130 0 1 74.60603 0.055085976
76 -11.399995 130 0 1 75.704666 0.05494159
77 -11.549994 130 0 1 76.8033 0.05478902
78 -11.699994 130 1 1 77.90729 0.054314177
79 -11.849994 130 1 1 79.02118 0.05555528
80 -11.999993 130 1 1 80.13507 0.055555828
81 -12.149993 130 1 1 81.24896 0.05556191
82 -12.299993 130 1 1 82.362854 0.05556019
83 -12.449992 130 1 1 83.476746 0.055555075
84 -12.599992 130 1 1 84.59064 0.055564623
85 -12.749991 130 1 1 85.70453 0.05555326
86 -12.899991 130 1 1 86.81842 0.060904007
87 -13.049991 130 1 1 87.93231 0.055552762
88 -13.19999 130 1 1 89.0462 0.055554684
89 -13.34999 130 1 1 90.160095 0.055558052
90 -13.4999895 130 1 1 91.27389 0.045521665
91 -13.649989 130 1 1 92.189415 0.045563698
92 -13.799989 130 1 1 93.10504 0.05556287
93 -13.949988 130 1 1 94.21893 0.0555572
94 -14.099988 130 1 1 95.332825 0.055553373
95 -14.249988 130 1 1 96.44672 0.055551387
96 -14.399987 130 1 1 97.56051 0.045553874
97 -14.549987 130 1 1 98.476036 0.045553874
98 -14.699986 130 1 1 99.39156 0.045553874
99 -14.849986 130 1 1 100.30709 0.045553874
100 -14.999986 130 1 1 101.22262 0.0555774
101 -15.149985 130 1 1 102.138145 0.045553874
102 -15.299985 130 1 1 103.05367 0.05722974
103 -15.449985 130 1 1 103.9692 0.045553874
104 -15.599984 130 1 1 104.88473 0.045553874
105 -15.749984 130 1 1 105.800354 0.05555124
106 -15.899983 130 1 1 106.914246 0.055549078
107 -16.049984 130 1 1 108.02218 0.055549774
108 -16.199984 130 1 1 109.13607 0.05540665
109 -16.349983 130 1 1 110.249954 0.05518206
110 -16.499983 130 1 1 111.34859 0.054923188
111 -16.649982 130 1 1 112.44722 0.054693833
112 -16.799982 130 1 1 113.545845 0.05443065
113 -16.949982 130 1 1 114.62922 0.045550615
114 -17.099981 130 2 1 115.72912 0.05555935
115 -17.24998 130 2 1 116.84301 0.055558994
116 -17.39998 130 2 1 117.9569 0.054960843
117 -17.54998 130 2 1 119.07079 0.054018594
118 -17.69998 130 2 1 120.184685 0.055550937
119 -17.84998 130 2 1 121.29858 0.05555957
120 -17.999979 130 2 1 122.41247 0.05554717
121 -18.149979 130 2 1 123.52636 0.055558156
122 -18.299978 130 2 1 124.64025 0.0555574
123 -18.449978 130 2 1 125.75414 0.05555809
124 -18.599977 130 2 1 126.868034 0.055551212
125 -18.749977 130 2 1 127.98183 0.058743738
126 -18.899977 130 2 1 128.89735 0.045558732
127 -19.049976 130 2 1 129.81288 0.045567047
128 -19.199976 130 2 1 130.72841 0.045554228
129 -19.349976 130 2 1 131.64394 0.045554228
130 -19.499975 130 2 1 132.55956 0.055545755
131 -19.649975 130 2 1 133.65819 0.05555676
132 -19.799974 130 2 1 134.75673 0.045552716
133 -19.949974 130 2 1 135.67235 0.055551544
134 -20.099974 130 2 1 136.77098 0.055566326
135 -20.249973 130 2 1 137.86952 0.045556687
136 -20.399973 130 2 1 138.78505 0.045621306
137 -20.549973 130 2 1 139.70058 0.056183785
138 -20.699972 130 2 1 140.6161 0.045556687
139 -20.849972 130 2 1 141.53163 0.045556687
140 -20.999971 130 2 1 142.44716 0.056430332
141 -21.149971 130 2 1 143.36269 0.05495164
142 -21.29997 130 2 1 144.27821 0.04555747
143 -21.44997 130 2 1 145.19374 0.04555747
144 -21.59997 130 2 1 146.10927 0.04555747
145 -21.74997 130 2 1 147.0248 0.04555747
146 -21.89997 130 2 1 147.94041 0.05554663
147 -22.049969 130 2 1 149.03896 0.04555108
148 -22.199968 130 2 1 149.95448 0.05139411
149 -22.349968 130 2 1 150.87001 0.0550086
150 -22.499968 130 2 1 151.78563 0.055556897
151 -22.649967 130 2 1 152.88417 0.045547884
152 -22.799967 130 2 1 153.79979 0.055534773
153 -22.949966 130 2 1 154.89833 0.0455549
154 -23.099966 130 2 1 155.81395 0.05539613
155 -23.249966 130 2 1 156.91258 0.045542963
156 -23.399965 130 2 1 158.01112 0.055570606
157 -23.549965 130 2 1 158.92674 0.054779813
158 -23.699965 130 2 1 160.02538 0.05444968
159 -23.849964 130 2 1 161.12401 0.054105926
160 -23.999964 130 2 1 162.20221 0.045542963
161 -24.149963 130 2 1 163.27032 0.05336298
162 -24.299963 130 2 1 164.33844 0.052993063
163 -24.449963 130 2 1 165.40654 0.052548226
164 -24.599962 130 2 1 166.44414 0.04555108
165 -24.749962 130 3 1 167.53348 0.055552386
166 -24.899961 130 3 1 168.63211 0.05555256
167 -25.049961 130 3 1 169.73074 0.055556897
168 -25.19996 130 3 1 170.82938 0.055560645
169 -25.34996 130 3 1 171.92801 0.05554619
170 -25.49996 130 3 1 173.02664 0.055535506
171 -25.64996 130 3 1 174.12527 0.055519417
172 -25.79996 130 3 1 175.2239 0.05556406
173 -25.949959 130 3 1 176.32254 0.055554952
174 -26.099958 130 3 1 177.42117 0.05828308
175 -26.249958 130 3 1 178.5198 0.055559006
176 -26.399958 130 3 1 179.61835 0.055560187
177 -26.549957 130 3 1 180.53397 0.055563208
178 -26.699957 130 3 1 181.6326 0.055556845
179 -26.849957 130 3 1 182.73123 0.055552326
180 -26.999956 130 3 1 183.82986 0.055561237
181 -27.149956 130 3 1 184.9285 0.055560187
182 -27.299955 130 3 1 186.02713 0.051723473
183 -27.449955 130 3 1 187.12576 0.055552643
184 -27.599955 130 3 1 188.2244 0.05555732
185 -27.749954 130 3 1 189.32303 0.05540665
186 -27.899954 130 3 1 190.42166 0.055221036
187 -28.049953 130 3 1 191.5203 0.055018716
188 -28.199953 130 3 1 192.61893 0.054808125
189 -28.349953 130 3 1 193.71756 0.05460931
190 -28.499952 130 3 1 194.8162 0.054402694
191 -28.649952 130 4 1 195.93314 0.055562906
192 -28.799952 130 4 1 197.03177 0.05556274
193 -28.949951 130 4 1 198.1304 0.05554984
194 -29.09995 130 4 1 199.22903 0.05554756
195 -29.24995 130 4 1 200.32767 0.055555273
196 -29.39995 130 4 1 201.4263 0.05556409
197 -29.54995 130 4 1 202.52493 0.055551905
198 -29.69995 130 4 1 203.62357 0.055550102
199 -29.849949 130 4 1 204.7221 0.045559052
200 -29.999949 130 4 1 205.63773 0.055549745
201 -30.149948 130 4 1 206.73636 0.055550836
202 -30.299948 130 5 1 207.84799 0.055549618
203 -30.449947 130 5 1 208.94662 0.055549428
204 -30.599947 130 5 1 210.04526 0.055550326
205 -30.749947 130 5 1 211.14389 0.055552315
206 -30.899946 130 5 1 212.24252 0.05555986
207 -31.049946 130 5 1 213.34116 0.055546224
208 -31.199945 130 5 1 214.4397 0.04555963
209 -31.349945 130 5 1 215.35522 0.04555963
210 -31.499945 130 5 1 216.27075 0.055562794
211 -31.649944 130 5 1 217.18628 0.04555963
212 -31.799944 130 5 1 218.1018 0.04555963
213 -31.949944 130 5 1 219.01743 0.05554717
214 -32.099945 130 5 1 220.11606 0.05556308
215 -32.249947 130 5 1 221.2146 0.04554953
216 -32.39995 130 5 1 222.13022 0.05556254
217 -32.54995 130 5 1 223.22876 0.045553703
218 -32.69995 130 5 1 224.14429 0.045553703
219 -32.849953 130 5 1 225.0599 0.054836456
220 -32.999954 130 5 1 226.15854 0.055559006
221 -33.149956 130 5 1 227.25717 0.055551015
222 -33.299957 130 5 1 228.3558 0.060872734
223 -33.44996 130 5 1 229.45444 0.055546947
224 -33.59996 130 5 1 230.55307 0.055551387
225 -33.74996 130 5 1 231.6517 0.05144399
226 -33.899963 130 5 1 232.75034 0.055549078
227 -34.049965 130 5 1 233.84897 0.05555595
228 -34.199966 130 5 1 234.9476 0.055435523
229 -34.349968 130 5 1 236.04623 0.059120767
230 -34.49997 130 5 1 237.14487 0.054990206
231 -34.64997 130 5 1 238.2435 0.05476994
232 -34.799973 130 5 1 239.34213 0.05456187
233 -34.949974 130 5 1 240.44077 0.054309554
234 -35.099976 130 6 1 241.54958 0.05555492
235 -35.249977 130 6 1 242.64821 0.055554554
236 -35.39998 130 6 1 243.74684 0.05555528
237 -35.54998 130 6 1 244.84547 0.05555783
238 -35.69998 130 6 1 245.9441 0.056347832
239 -35.849983 130 6 1 247.04274 0.05555064
240 -35.999985 130 6 1 248.14137 0.055560358
241 -36.149986 130 6 1 249.24 0.055558156
242 -36.299988 130 6 1 250.33864 0.05554842
243 -36.44999 130 6 1 251.43718 0.04555779
244 -36.59999 130 6 1 252.3528 0.055578724
245 -36.749992 130 6 1 253.45134 0.045564957
246 -36.899994 130 6 1 254.36687 0.045564957
247 -37.049995 130 6 1 255.28249 0.055560227
248 -37.199997 130 6 1 256.38113 0.05558861
249 -37.35 130 6 1 257.47977 0.05555676
250 -37.5 130 6 1 258.5783 0.045552716
251 -37.65 130 6 1 259.49384 0.045552716
252 -37.800003 130 6 1 260.40936 0.045552716
253 -37.950005 130 6 1 261.3249 0.045552716
254 -38.100006 130 6 1 262.24042 0.045552716
255 -38.250008 130 6 1 263.15594 0.045552716
256 -38.40001 130 6 1 264.07147 0.04555747
257 -38.55001 130 6 1 264.987 0.045552716
258 -38.700012 130 6 1 265.90253 0.045552716
259 -38.850014 130 6 1 266.81805 0.05370403
260 -39.000015 130 6 1 267.73358 0.045552716
261 -39.150017 130 6 1 268.6491 0.045552716
262 -39.30002 130 6 1 269.56464 0.045571774
263 -39.45002 130 6 1 270.48016 0.045571774
264 -39.60002 130 6 1 271.3957 0.045571774
265 -39.750023 130 6 1 272.31122 0.05545525
266 -39.900024 130 6 1 273.22675 0.05557888
267 -40.050026 130 6 1 274.14236 0.04559195
268 -40.200027 130 6 1 275.241 0.055556256
269 -40.35003 130 6 1 276.33963 0.055539962
270 -40.50003 130 6 1 277.43817 0.045548778
271 -40.650032 130 6 1 278.3537 0.045548778
272 -40.800034 130 6 1 279.26923 0.055691916
273 -40.950035 130 6 1 280.18484 0.055532873
274 -41.100037 130 6 1 281.28348 0.055541676
275 -41.25004 130 6 1 282.3821 0.05518206
276 -41.40004 130 6 1 283.48074 0.054893177
277 -41.55004 130 6 1 284.57928 0.045592334
278 -41.700043 130 6 1 285.4949 0.05456187
279 -41.850044 130 6 1 286.59354 0.054225974
280 -42.000046 130 6 1 287.69217 0.053858474
281 -42.150047 130 6 1 288.7908 0.051363155
282 -42.30005 130 6 1 289.8894 0.053070225
283 -42.45005 130 6 1 290.927 0.05269797
284 -42.60005 130 6 1 291.9646 0.05225914
285 -42.750053 130 7 1 293.04263 0.0555532
286 -42.900055 130 7 1 294.14127 0.056614436
287 -43.050056 130 7 1 295.2399 0.055554286
288 -43.200058 130 7 1 296.33853 0.055556465
289 -43.35006 130 7 1 297.43716 0.055564195
290 -43.50006 130 7 1 298.5358 0.055550773
291 -43.650063 130 7 1 299.63443 0.05556086
292 -43.800064 130 7 1 300.73306 0.055559073
293 -43.950066 130 7 1 301.8317 0.055558734
294 -44.100067 130 7 1 302.93033 0.06088862
295 -44.25007 130 7 1 304.02896 0.055553373
296 -44.40007 130 7 1 305.1275 0.0455509
297 -44.55007 130 7 1 306.04303 0.06088056
298 -44.700073 130 7 1 306.95856 0.0455509
299 -44.850075 130 7 1 307.87418 0.05555736
300 -45.000076 130 7 1 308.9728 0.055550754
301 -45.150078 130 7 1 310.07135 0.045550283
302 -45.30008 130 7 1 310.98688 0.0555379
303 -45.45008 130 7 1 311.9024 0.055533987
304 -45.600082 130 7 1 312.81793 0.045550283
305 -45.750084 130 7 1 313.73346 0.05745015
306 -45.900085 130 7 1 314.649 0.045550283
307 -46.050087 130 7 1 315.5645 0.045550283
308 -46.20009 130 7 1 316.48004 0.045550283
309 -46.35009 130 7 1 317.39557 0.045550283
310 -46.50009 130 7 1 318.3111 0.045550283
311 -46.650093 130 7 1 319.22662 0.045550283
312 -46.800095 130 7 1 320.14215 0.045550283
313 -46.950096 130 7 1 321.05768 0.04554285
314 -47.100098 130 7 1 321.9732 0.05360498
315 -47.2501 130 7 1 322.88873 0.045567047
316 -47.4001 130 7 1 323.80426 0.045555215
317 -47.550102 130 7 1 324.7198 0.045568183
318 -47.700104 130 7 1 325.6354 0.055552326
319 -47.850105 130 7 1 326.73395 0.04555913
320 -48.000107 130 7 1 327.64957 0.055569574
321 -48.15011 130 7 1 328.7481 0.045551572
322 -48.30011 130 7 1 329.66364 0.05139411
323 -48.45011 130 7 1 330.57925 0.05556804
324 -48.600113 130 7 1 331.6779 0.055534773
325 -48.750114 130 7 1 332.77643 0.045548778
326 -48.900116 130 7 1 333.69196 0.045548778
327 -49.050117 130 7 1 334.60757 0.05539613
328 -49.20012 130 7 1 335.7062 0.055057406
329 -49.35012 130 7 1 336.80484 0.054723237
330 -49.500122 130 7 1 337.90347 0.05850756
331 -49.650124 130 7 1 339.0021 0.05586328
332 -49.800125 130 7 1 340.10065 0.045634124
333 -49.950127 130 7 1 341.01617 0.04562775
334 -50.10013 130 7 1 341.9318 0.053713888
335 -50.25013 130 7 1 343.0304 0.055546355
336 -50.40013 130 8 1 344.083 0.05556025
337 -50.550133 130 8 1 345.18164 0.055559713
338 -50.700134 130 8 1 346.28027 0.05160049
339 -50.850136 130 8 1 347.3789 0.0555482
340 -51.000137 130 8 1 348.47754 0.055066597
341 -51.15014 130 8 1 349.57617 0.055555075
342 -51.30014 130 8 1 350.6748 0.055551413
343 -51.45014 130 8 1 351.77344 0.05154087
344 -51.600143 130 8 1 352.87207 0.055561267
345 -51.750145 130 8 1 353.9707 0.055552762
346 -51.900146 130 8 1 355.06934 0.055554684
347 -52.050148 130 8 1 356.16797 0.055558052
348 -52.20015 130 8 1 357.2665 0.045563698
349 -52.35015 130 8 1 358.18204 0.045563698
350 -52.500153 130 8 1 359.09756 0.05529925
351 -52.650154 130 8 1 360.0131 0.045563698
352 -52.800156 130 8 1 360.92862 0.045563698
353 -52.950157 130 8 1 361.84415 0.045563698
354 -53.10016 130 8 1 362.75967 0.045563698
355 -53.25016 130 8 1 363.6752 0.045563698
356 -53.40016 130 8 1 364.59073 0.045563698
357 -53.550163 130 8 1 365.50626 0.045563698
358 -53.700165 130 8 1 366.42178 0.045562215
359 -53.850166 130 8 1 367.3373 0.058435384
360 -54.000168 130 8 1 368.25284 0.045562215
361 -54.15017 130 8 1 369.16837 0.045562215
362 -54.30017 130 8 1 370.0839 0.045562215
363 -54.450172 130 8 1 370.99942 0.045560006
364 -54.600174 130 8 1 371.91495 0.045543153
365 -54.750175 130 8 1 372.83047 0.045543153
366 -54.900177 130 8 1 373.746 0.051509574
367 -55.05018 130 8 1 374.66153 0.045543153
368 -55.20018 130 8 1 375.57706 0.045543153
369 -55.35018 130 8 1 376.49258 0.05552711
370 -55.500183 130 8 1 377.4081 0.0455417
371 -55.650185 130 8 1 378.32364 0.0455417
372 -55.800186 130 8 1 379.23917 0.0455417
373 -55.950188 130 8 1 380.1547 0.0455417
374 -56.10019 130 8 1 381.0703 0.055562794
375 -56.25019 130 8 1 382.16895 0.055565093
376 -56.400192 130 8 1 383.26758 0.055548806
377 -56.550194 130 8 1 384.3662 0.055549078
378 -56.700195 130 8 1 385.46475 0.05397274
379 -56.850197 130 8 1 386.38037 0.055575006
380 -57.0002 130 8 1 387.479 0.055202674
381 -57.1502 130 8 1 388.57755 0.045568183
382 -57.3002 130 8 1 389.49316 0.04555747
383 -57.450203 130 8 1 390.5918 0.054515336
384 -57.600204 130 8 1 391.69043 0.054161288
385 -57.750206 130 8 1 392.78906 0.053740095
386 -57.900208 130 8 1 393.88766 0.055567518
387 -58.05021 130 8 1 394.9252 0.04570797
388 -58.20021 130 9 1 395.84207 0.05555676
389 -58.350212 130 9 1 396.9407 0.055556037
390 -58.500214 130 9 1 398.03934 0.055556398
391 -58.650215 130 9 1 399.13797 0.05134432
392 -58.800217 130 9 1 400.2366 0.05647171
393 -58.95022 130 9 1 401.33524 0.055559546
394 -59.10022 130 9 1 402.43387 0.05555568
395 -59.25022 130 9 1 403.5325 0.05558861
396 -59.400223 130 9 1 404.63113 0.05557941
397 -59.550224 130 9 1 405.72977 0.05555646
398 -59.700226 130 9 1 406.8284 0.05556719
399 -59.850227 130 9 1 407.92703 0.051550284
400 -60.00023 130 9 1 409.02557 0.045563698
401 -60.15023 130 9 1 409.9411 0.045563698
402 -60.300232 130 9 1 410.85663 0.045563698
403 -60.450233 130 9 1 411.77216 0.045563698
404 -60.600235 130 9 1 412.68768 0.045563698
405 -60.750237 130 9 1 413.6032 0.045563698
406 -60.900238 130 9 1 414.51874 0.045563698
407 -61.05024 130 9 1 415.43427 0.045563698
408 -61.20024 130 9 1 416.3498 0.045563698
409 -61.350243 130 9 1 417.2654 0.05556287
410 -61.500244 130 9 1 418.36395 0.045552716
411 -61.650246 130 9 1 419.27948 0.045552716
412 -61.800247 130 9 1 420.195 0.045552716
413 -61.95025 130 9 1 421.11053 0.055529255
414 -62.10025 130 9 1 422.02606 0.045571268
415 -62.25025 130 9 1 422.9416 0.045571774
416 -62.400253 130 9 1 423.85712 0.045571774
417 -62.550255 130 9 1 424.77264 0.055549078
418 -62.700256 130 9 1 425.68817 0.045571774
419 -62.850258 130 9 1 426.6037 0.045571774
420 -63.00026 130 9 1 427.51923 0.055576526
421 -63.15026 130 9 1 428.43475 0.045571774
422 -63.300262 130 9 1 429.35037 0.055563416
423 -63.450264 130 9 1 430.449 0.055567816
424 -63.600266 130 9 1 431.54764 0.055539962
425 -63.750267 130 9 1 432.64627 0.0555417
426 -63.90027 130 9 1 433.7448 0.045547742
427 -64.05027 130 9 1 434.66043 0.055474997
428 -64.20027 130 9 1 435.75906 0.055192355
429 -64.35027 130 9 1 436.8577 0.045550186
430 -64.500275 130 9 1 437.95633 0.056142975
431 -64.650276 130 9 1 439.05487 0.055527173
432 -64.80028 130 9 1 439.9705 0.054244537
433 -64.95028 130 9 1 441.06912 0.055558886
434 -65.10028 130 9 1 442.16776 0.055549707
435 -65.25028 130 9 1 443.26636 0.05313172
436 -65.40028 130 9 1 444.30396 0.05761285
437 -65.550285 130 9 1 445.34155 0.05231803
438 -65.70029 130 10 1 446.39966 0.055550493
439 -65.85029 130 10 1 447.4983 0.05555012
440 -66.00029 130 10 1 448.59692 0.05555084
441 -66.15029 130 10 1 449.69556 0.055557102
442 -66.30029 130 10 1 450.7942 0.055555552
443 -66.450294 130 10 1 451.89282 0.05555064
444 -66.600296 130 10 1 452.99146 0.055560358
445 -66.7503 130 10 1 454.0901 0.05554919
446 -66.9003 130 10 1 455.18872 0.055561267
447 -67.0503 130 10 1 456.28735 0.05556176
448 -67.2003 130 10 1 457.386 0.055563696
449 -67.3503 130 10 1 458.48462 0.055545755
450 -67.500305 130 10 1 459.58316 0.04554694
451 -67.65031 130 10 1 460.4987 0.045563698
452 -67.80031 130 10 1 461.4142 0.055578724
453 -67.95031 130 10 1 462.32974 0.045563698
454 -68.10031 130 10 1 463.24527 0.045562215
455 -68.25031 130 10 1 464.1608 0.045562215
456 -68.400314 130 10 1 465.07632 0.045562215
457 -68.550316 130 10 1 465.99185 0.045562215
458 -68.70032 130 10 1 466.90738 0.045562215
459 -68.85032 130 10 1 467.8229 0.045558732
460 -69.00032 130 10 1 468.73843 0.045562215
461 -69.15032 130 10 1 469.65396 0.045562215
462 -69.30032 130 10 1 470.5695 0.045562215
463 -69.450325 130 10 1 471.48502 0.055104353
464 -69.60033 130 10 1 472.40054 0.055527695
465 -69.75033 130 10 1 473.31607 0.05556317
466 -69.90033 130 10 1 474.2316 0.045543153
467 -70.05033 130 10 1 475.14713 0.045543153
468 -70.20033 130 10 1 476.06265 0.051930346
469 -70.350334 130 10 1 476.97818 0.0455417
470 -70.500336 130 10 1 477.8937 0.0455417
471 -70.65034 130 10 1 478.80923 0.055569284
472 -70.80034 130 10 1 479.72476 0.05200695
473 -70.95034 130 10 1 480.64038 0.055562794
474 -71.10034 130 10 1 481.739 0.055565093
475 -71.25034 130 10 1 482.83755 0.045556687
476 -71.400345 130 10 1 483.75317 0.055535194
477 -71.55035 130 10 1 484.8518 0.054999404
478 -71.70035 130 10 1 485.95044 0.053542096
479 -71.85035 130 10 1 487.04907 0.05557562
480 -72.00035 130 10 1 488.1476 0.055546563
481 -72.15035 130 10 1 489.06323 0.05527049
482 -72.300354 130 10 1 490.16177 0.0555774
483 -72.450356 130 10 1 491.0773 0.055586934
484 -72.60036 130 10 1 491.99292 0.05552298
485 -72.75036 130 10 1 493.09155 0.054627754
486 -72.90036 130 10 1 494.1902 0.054235242
487 -73.05036 130 10 1 495.28882 0.045555938
488 -73.20036 130 10 1 496.38745 0.053416934
489 -73.350365 130 10 1 497.45596 0.04569039
490 -73.50037 130 10 1 498.37155 0.053000987
491 -73.65037 130 11 1 499.4375 0.055549618
492 -73.80037 130 11 1 500.53613 0.05555386
493 -73.95037 130 11 1 501.63477 0.05555477
494 -74.10037 130 11 1 502.7334 0.055552315
495 -74.250374 130 11 1 503.83203 0.05555986
496 -74.400375 130 11 1 504.93066 0.054179713
497 -74.55038 130 11 1 506.0292 0.04555963
498 -74.70038 130 11 1 506.94482 0.05555612
499 -74.85038 130 11 1 508.04337 0.045554005
500 -75.00038 130 11 1 508.95898 0.055554114
501 -75.15038 130 11 1 510.05753 0.045559052
502 -75.300385 130 11 1 510.97314 0.05556254
503 -75.450386 130 11 1 512.07166 0.045555733
504 -75.60039 130 11 1 512.9263 0.05556345
505 -75.75039 130 11 1 514.0248 0.045561254
506 -75.90039 130 11 1 514.8794 0.04556041
507 -76.05039 130 11 1 515.978 0.05554514
508 -76.20039 130 11 1 517.07666 0.05454341
509 -76.350395 130 11 1 518.1753 0.055552326
510 -76.5004 130 11 1 519.2739 0.055549644
511 -76.6504 130 11 1 520.37256 0.055567607
512 -76.8004 130 11 1 521.4712 0.055556897
513 -76.9504 130 11 1 522.5698 0.05659629
514 -77.1004 130 11 1 523.66846 0.055543523
515 -77.250404 130 11 1 524.7671 0.055328026
516 -77.400406 130 11 1 525.8657 0.045726046
517 -77.55041 130 11 1 526.96436 0.055532873
518 -77.70041 130 11 1 528.063 0.054703612
519 -77.85041 130 11 1 529.1616 0.05449616
520 -78.00041 130 11 1 530.26025 0.054244537
521 -78.15041 130 12 1 531.3595 0.05555682
522 -78.300415 130 12 1 532.4581 0.055557005
523 -78.45042 130 12 1 533.55676 0.05555828
524 -78.60042 130 12 1 534.6554 0.055560645
525 -78.75042 130 12 1 535.754 0.055555113
526 -78.90042 130 12 1 536.85254 0.055533662
527 -79.05042 130 12 1 537.70715 0.055564303
528 -79.200424 130 12 1 538.80566 0.04555445
529 -79.350426 130 12 1 539.6603 0.055552524
530 -79.50043 130 12 1 540.7588 0.045556385
531 -79.65043 130 12 1 541.6134 0.05553929
532 -79.80043 130 12 1 542.71204 0.055560187
533 -79.95043 130 12 1 543.81067 0.055561706
534 -80.10043 130 12 1 544.9092 0.045557674
535 -80.250435 130 12 1 545.7637 0.055047244
536 -80.40044 130 12 1 546.61816 0.045557674
537 -80.55044 130 12 1 547.47266 0.045557674
538 -80.70044 130 12 1 548.32715 0.045557674
539 -80.85044 130 12 1 549.18164 0.045557674
540 -81.00044 130 12 1 550.03613 0.045557674
541 -81.150444 130 12 1 550.8906 0.045557674
542 -81.300446 130 12 1 551.7451 0.060886387
543 -81.45045 130 12 1 552.5996 0.045557674
544 -81.60045 130 12 1 553.4541 0.045557674
545 -81.75045 130 12 1 554.3086 0.045557674
546 -81.90045 130 12 1 555.1631 0.045557674
547 -82.05045 130 12 1 556.0176 0.045557674
548 -82.200455 130 12 1 556.8721 0.045557674
549 -82.35046 130 12 1 557.72656 0.045557674
550 -82.50046 130 12 1 558.58105 0.056614436
551 -82.65046 130 12 1 559.43555 0.045557674
552 -82.80046 130 12 1 560.29016 0.055564675
553 -82.95046 130 12 1 561.3888 0.05553866
554 -83.100464 130 12 1 562.4873 0.05600278
555 -83.250465 130 12 1 563.3418 0.045568183
556 -83.40047 130 12 1 564.1963 0.045568183
557 -83.55047 130 12 1 565.0509 0.059000347
558 -83.70047 130 12 1 566.1494 0.060947936
559 -83.85047 130 12 1 567.004 0.05554663
560 -84.00047 130 12 1 568.10254 0.045550615
561 -84.150475 130 12 1 568.95715 0.055545777
562 -84.300476 130 12 1 570.0558 0.055549774
563 -84.45048 130 12 1 571.1544 0.055317596
564 -84.60048 130 12 1 572.25305 0.05498011
565 -84.75048 130 12 1 573.3517 0.056154262
566 -84.90048 130 12 1 574.4503 0.05430019
567 -85.05048 130 12 1 575.54895 0.055544715
568 -85.200485 130 12 1 576.6476 0.04551746
569 -85.35049 130 12 1 577.7462 0.045538746
570 -85.50049 130 12 1 578.84485 0.05275816
571 -85.65049 130 12 1 579.9435 0.05231803
572 -85.80049 130 13 1 581.04504 0.05556254
573 -85.95049 130 13 1 582.1437 0.055561442
574 -86.100494 130 13 1 583.2423 0.055548962
575 -86.250496 130 13 1 584.34094 0.055555947
576 -86.4005 130 13 1 585.4396 0.045584995
577 -86.5505 130 13 1 586.5382 0.055551033
578 -86.7005 130 13 1 587.63684 0.05556148
579 -86.8505 130 13 1 588.7355 0.055551138
580 -87.0005 130 13 1 589.8341 0.055551194
581 -87.150505 130 13 1 590.93274 0.055552702
582 -87.30051 130 13 1 592.03125 0.045557674
583 -87.45051 130 13 1 592.88586 0.055546634
584 -87.60051 130 13 1 593.9845 0.055551015
585 -87.75051 130 13 1 595.0831 0.055562973
586 -87.90051 130 13 1 596.18176 0.055558696
587 -88.050514 130 13 1 597.2803 0.04556092
588 -88.200516 130 13 1 598.13477 0.04556092
589 -88.35052 130 13 1 598.98926 0.04561084
590 -88.50052 130 13 1 599.84375 0.04556092
591 -88.65052 130 13 1 600.69824 0.04556092
592 -88.80052 130 13 1 601.55273 0.04556092
593 -88.95052 130 13 1 602.4072 0.04556092
594 -89.100525 130 13 1 603.2617 0.04555445
595 -89.25053 130 13 1 604.1162 0.051403526
596 -89.40053 130 13 1 604.9708 0.055556256
597 -89.55053 130 13 1 606.06934 0.055540733
598 -89.70053 130 13 1 606.9238 0.04555453
599 -89.85053 130 13 1 607.7783 0.04555453
600 -90.000534 130 13 1 608.6328 0.04555453
601 -90.150536 130 13 1 609.4873 0.04555453
602 -90.30054 130 13 1 610.3418 0.04555453
603 -90.45054 130 13 1 611.1963 0.05484639
604 -90.60054 130 13 1 612.0509 0.05556254
605 -90.75054 130 13 1 613.14954 0.055549078
606 -90.90054 130 13 1 614.24817 0.0555649
607 -91.050545 130 13 1 615.3468 0.055328026
608 -91.20055 130 13 1 616.44543 0.055057406
609 -91.35055 130 13 1 617.54395 0.04557433
610 -91.50055 130 13 1 618.39844 0.04557433
611 -91.65055 130 13 1 619.2529 0.045573037
612 -91.80055 130 13 1 620.1074 0.045573037
613 -91.950554 130 13 1 620.9619 0.045571774
614 -92.100555 130 13 1 621.8165 0.054836456
615 -92.25056 130 13 1 622.91516 0.05449616
616 -92.40056 130 13 1 624.0137 0.045555215
617 -92.55056 130 13 1 624.8683 0.055553935
618 -92.70056 130 13 1 625.9669 0.05558835
619 -92.85056 130 13 1 627.06555 0.056865685
620 -93.000565 130 13 1 628.1642 0.053000987
621 -93.150566 130 13 1 629.2628 0.052593097
622 -93.30057 130 14 1 630.3638 0.05555935
623 -93.45057 130 14 1 631.4624 0.05195586
624 -93.60057 130 14 1 632.56104 0.055559725
625 -93.75057 130 14 1 633.65967 0.055535506
626 -93.90057 130 14 1 634.7583 0.055550937
627 -94.050575 130 14 1 635.85693 0.05555957
628 -94.20058 130 14 1 636.95544 0.051550284
629 -94.35058 130 14 1 637.80994 0.045550115
630 -94.50058 130 14 1 638.6644 0.045552745
631 -94.65058 130 14 1 639.5189 0.045552745
632 -94.80058 130 14 1 640.3734 0.045552745
633 -94.950584 130 14 1 641.2279 0.05553534
634 -95.100586 130 14 1 642.0824 0.045562264
635 -95.25059 130 14 1 642.9369 0.045562264
636 -95.40059 130 14 1 643.7914 0.045562264
637 -95.55059 130 14 1 644.6459 0.045562264
638 -95.70059 130 14 1 645.50037 0.045562264
639 -95.85059 130 14 1 646.35486 0.045562264
640 -96.000595 130 14 1 647.20935 0.055328026
641 -96.1506 130 14 1 648.06384 0.045562264
642 -96.3006 130 14 1 648.91833 0.045562264
643 -96.4506 130 14 1 649.7728 0.045562264
644 -96.6006 130 14 1 650.6273 0.045562264
645 -96.7506 130 14 1 651.48193 0.055576056
646 -96.900604 130 14 1 652.58057 0.055550102
647 -97.050606 130 14 1 653.6792 0.055542205
648 -97.20061 130 14 1 654.77783 0.045568775
649 -97.35061 130 14 1 655.87646 0.055551544
650 -97.50061 130 14 1 656.9751 0.05553874
651 -97.65061 130 14 1 658.0737 0.055565093
652 -97.80061 130 14 1 659.17236 0.05555809
653 -97.950615 130 14 1 660.271 0.055542737
654 -98.10062 130 14 1 661.3696 0.045545395
655 -98.25062 130 14 1 662.46826 0.061101057
656 -98.40062 130 14 1 663.5669 0.0552601
657 -98.55062 130 14 1 664.6655 0.054990206
658 -98.70062 130 14 1 665.76416 0.054760095
659 -98.850624 130 14 1 666.8628 0.05444968
660 -99.000626 130 14 1 667.9614 0.054179713
661 -99.15063 130 14 1 669.06006 0.05707719
662 -99.30063 130 15 1 670.16 0.05160682
663 -99.45063 130 15 1 671.2586 0.055557005
664 -99.60063 130 15 1 672.35724 0.05555828
665 -99.75063 130 15 1 673.4559 0.055560645
666 -99.900635 130 15 1 674.5545 0.055555113
667 -100.05064 130 15 1 675.653 0.045560844
668 -100.20064 130 15 1 676.5075 0.0555707
669 -100.35064 130 15 1 677.362 0.045558117
670 -100.50064 130 15 1 678.2165 0.045558117
671 -100.65064 130 15 1 679.071 0.045558117
672 -100.800644 130 15 1 679.9255 0.045558117
673 -100.950645 130 15 1 680.77997 0.045548603
674 -101.10065 130 15 1 681.63446 0.045548603
675 -101.25065 130 15 1 682.48895 0.045548603
676 -101.40065 130 15 1 683.34344 0.045548603
677 -101.55065 130 15 1 684.19794 0.045548603
678 -101.70065 130 15 1 685.0524 0.045548603
679 -101.850655 130 15 1 685.9069 0.045548603
680 -102.000656 130 15 1 686.7614 0.045548603
681 -102.15066 130 15 1 687.6159 0.045548603
682 -102.30066 130 15 1 688.4704 0.045548603
683 -102.45066 130 15 1 689.3249 0.045548603
684 -102.60066 130 15 1 690.1794 0.045584276
685 -102.75066 130 15 1 691.0339 0.045548603
686 -102.900665 130 15 1 691.88837 0.045548603
687 -103.05067 130 15 1 692.74286 0.045548603
688 -103.20067 130 15 1 693.5975 0.055551033
689 -103.35067 130 15 1 694.6961 0.055558156
690 -103.50067 130 15 1 695.7946 0.045547307
691 -103.65067 130 15 1 696.6491 0.04554512
692 -103.800674 130 15 1 697.5036 0.04554512
693 -103.950676 130 15 1 698.3581 0.04554512
694 -104.10068 130 15 1 699.2126 0.045530166
695 -104.25068 130 15 1 700.0671 0.061079495
696 -104.40068 130 15 1 700.9216 0.04554512
697 -104.55068 130 15 1 701.7762 0.05557489
698 -104.70068 130 15 1 702.8747 0.04556111
699 -104.850685 130 15 1 703.7293 0.0555658
700 -105.00069 130 15 1 704.82794 0.054903157
701 -105.15069 130 15 1 705.9266 0.055552326
702 -105.30069 130 15 1 707.0252 0.05554663
703 -105.45069 130 15 1 708.1237 0.054864805
704 -105.60069 130 15 1 708.97833 0.055545777
705 -105.750694 130 16 1 710.0771 0.055550493
706 -105.900696 130 16 1 711.1757 0.05555012
707 -106.0507 130 16 1 712.27435 0.05555084
708 -106.2007 130 16 1 713.373 0.055557102
709 -106.3507 130 16 1 714.4716 0.055555552
710 -106.5007 130 16 1 715.57025 0.056889735
711 -106.6507 130 16 1 716.6689 0.055560358
712 -106.800705 130 16 1 717.7675 0.05657284
713 -106.95071 130 16 1 718.86615 0.055561267
714 -107.10071 130 16 1 719.9648 0.055474997
715 -107.25071 130 16 1 721.0634 0.05709526
716 -107.40071 130 16 1 722.1619 0.045554228
717 -107.55071 130 16 1 723.0164 0.058729876
718 -107.700714 130 16 1 723.8709 0.045554228
719 -107.850716 130 16 1 724.7254 0.045554228
720 -108.00072 130 16 1 725.5799 0.045554228
721 -108.15072 130 16 1 726.4344 0.045554228
722 -108.30072 130 16 1 727.2889 0.045554228
723 -108.45072 130 16 1 728.1434 0.057059124
724 -108.60072 130 16 1 728.99786 0.045554228
725 -108.750725 130 16 1 729.85236 0.05141294
726 -108.90073 130 16 1 730.70685 0.045555938
727 -109.05073 130 16 1 731.56134 0.045555938
728 -109.20073 130 16 1 732.41583 0.045555938
729 -109.35073 130 16 1 733.2703 0.045555938
730 -109.50073 130 16 1 734.1248 0.045555938
731 -109.650734 130 16 1 734.9793 0.045555938
732 -109.800735 130 16 1 735.8339 0.055552326
733 -109.95074 130 16 1 736.93256 0.05553866
734 -110.10074 130 16 1 738.03107 0.04556935
735 -110.25074 130 16 1 738.88556 0.04556935
736 -110.40074 130 16 1 739.74005 0.05552298
737 -110.55074 130 16 1 740.59454 0.04556935
738 -110.700745 130 16 1 741.44904 0.04556935
739 -110.850746 130 16 1 742.30365 0.055552326
740 -111.00075 130 16 1 743.4023 0.055569574
741 -111.15075 130 16 1 744.5009 0.055542737
742 -111.30075 130 16 1 745.59955 0.055556465
743 -111.45075 130 16 1 746.69806 0.04554806
744 -111.60075 130 16 1 747.5527 0.055540692
745 -111.750755 130 16 1 748.6513 0.05409666
746 -111.90076 130 16 1 749.74994 0.05334432
747 -112.05076 130 16 1 750.8486 0.05484639
748 -112.20076 130 16 1 751.9472 0.054515336
749 -112.35076 130 16 1 753.04584 0.054179713
750 -112.50076 130 16 1 754.1445 0.053849597
751 -112.650764 130 16 1 755.2431 0.053479414
752 -112.800766 130 16 1 756.34174 0.05310752
753 -112.95077 130 16 1 757.44037 0.055192355
754 -113.10077 130 16 1 758.539 0.05554702
755 -113.25077 130 16 1 759.63763 0.051866096
756 -113.40077 130 17 1 760.73645 0.05556125
757 -113.55077 130 17 1 761.8351 0.055561442
758 -113.700775 130 17 1 762.9337 0.055562727
759 -113.85078 130 17 1 764.03235 0.05554704
760 -114.00078 130 17 1 765.131 0.055578724
761 -114.15078 130 17 1 766.2296 0.055551033
762 -114.30078 130 17 1 767.32825 0.05556148
763 -114.45078 130 17 1 768.4269 0.055551138
764 -114.600784 130 17 1 769.5255 0.054618534
765 -114.750786 130 17 1 770.62415 0.055552702
766 -114.90079 130 17 1 771.7228 0.055546634
767 -115.05079 130 17 1 772.8214 0.055551015
768 -115.20079 130 17 1 773.92004 0.055556845
769 -115.35079 130 17 1 775.0187 0.055552326
770 -115.50079 130 17 1 776.1173 0.05554819
771 -115.650795 130 17 1 777.21594 0.055560187
772 -115.8008 130 17 1 778.3146 0.0555498
773 -115.9508 130 17 1 779.4132 0.055552643
774 -116.1008 130 17 1 780.51184 0.05555732
775 -116.2508 130 17 1 781.6105 0.05540665
776 -116.4008 130 17 1 782.7091 0.055529464
777 -116.550804 130 17 1 783.80774 0.055047244
778 -116.700806 130 17 1 784.9064 0.054836456
779 -116.85081 130 17 1 786.005 0.04554694
780 -117.00081 130 17 1 787.10364 0.05443065
781 -117.15081 130 18 1 788.2023 0.055558477
782 -117.30081 130 18 1 789.3009 0.055558298
783 -117.45081 130 18 1 790.39954 0.05555921
784 -117.600815 130 18 1 791.49817 0.05554756
785 -117.75082 130 18 1 792.5968 0.055555273
786 -117.90082 130 18 1 793.69543 0.05555516
787 -118.05082 130 18 1 794.79407 0.055551905
788 -118.20082 130 18 1 795.8927 0.055574957
789 -118.35082 130 18 1 796.99133 0.05556254
790 -118.500824 130 18 1 798.08984 0.045555733
791 -118.650826 130 18 1 798.94446 0.05555445
792 -118.80083 130 18 1 800.0431 0.0555658
793 -118.95083 130 18 1 801.1416 0.055542517
794 -119.10083 130 18 1 801.9961 0.0456065
795 -119.25083 130 18 1 802.8506 0.0455509
796 -119.40083 130 18 1 803.7051 0.051764656
797 -119.550835 130 18 1 804.5596 0.0455509
798 -119.700836 130 18 1 805.4142 0.0555696
799 -119.85084 130 18 1 806.5128 0.055550754
800 -120.00084 130 18 1 807.61145 0.055545993
801 -120.15084 130 18 1 808.7101 0.060951173
802 -120.30084 130 18 1 809.8086 0.045555215
803 -120.45084 130 18 1 810.6631 0.045555215
804 -120.600845 130 18 1 811.5177 0.055548806
805 -120.75085 130 18 1 812.61633 0.055556897
806 -120.90085 130 18 1 813.71497 0.055556465
807 -121.05085 130 18 1 814.8136 0.055514555
808 -121.20085 130 18 1 815.91223 0.055555113
809 -121.35085 130 18 1 817.01086 0.055067595
810 -121.500854 130 18 1 818.1095 0.05484639
811 -121.650856 130 18 1 819.2081 0.054627754
812 -121.80086 130 18 1 820.30676 0.051419035
813 -121.95086 130 18 1 821.4054 0.051981393
814 -122.10086 130 19 1 822.504 0.054096792
815 -122.25086 130 19 1 823.60266 0.04558089
816 -122.40086 130 19 1 824.7013 0.055548962
817 -122.550865 130 19 1 825.7999 0.055555947
818 -122.70087 130 19 1 826.89856 0.055555113
819 -122.85087 130 19 1 827.9972 0.055551033
820 -123.00087 130 19 1 829.0957 0.045551915
821 -123.15087 130 19 1 829.9502 0.045551915
822 -123.30087 130 19 1 830.8047 0.051575374
823 -123.450874 130 19 1 831.6592 0.045551915
824 -123.600876 130 19 1 832.5137 0.045551915
825 -123.75088 130 19 1 833.36816 0.045551915
826 -123.90088 130 19 1 834.22266 0.045551915
827 -124.05088 130 19 1 835.07715 0.045551915
828 -124.20088 130 19 1 835.93164 0.045551915
829 -124.35088 130 19 1 836.78613 0.045551915
830 -124.500885 130 19 1 837.6406 0.045551915
831 -124.65089 130 19 1 838.4951 0.045551915
832 -124.80089 130 19 1 839.3496 0.045551915
833 -124.95089 130 19 1 840.2041 0.045551915
834 -125.10089 130 19 1 841.0586 0.045551915
835 -125.25089 130 19 1 841.9131 0.045551915
836 -125.400894 130 19 1 842.7676 0.045551915
837 -125.550896 130 19 1 843.6221 0.045551915
838 -125.7009 130 19 1 844.47656 0.05502791
839 -125.8509 130 19 1 845.33105 0.045551915
840 -126.0009 130 19 1 846.18555 0.045551915
841 -126.1509 130 19 1 847.04016 0.051468965
842 -126.3009 130 19 1 848.1387 0.045551784
843 -126.450905 130 19 1 848.99316 0.045551784
844 -126.60091 130 19 1 849.84766 0.045558732
845 -126.75091 130 19 1 850.70215 0.045551784
846 -126.90091 130 19 1 851.55676 0.05557536
847 -127.05091 130 19 1 852.6554 0.055543695
848 -127.20091 130 19 1 853.754 0.055551544
849 -127.350914 130 19 1 854.85266 0.055551015
850 -127.500916 130 19 1 855.9513 0.05148455
851 -127.65092 130 19 1 857.0499 0.05556254
852 -127.80092 130 19 1 858.14856 0.05557459
853 -127.95092 130 19 1 859.2472 0.055543523
854 -128.10092 130 19 1 860.3458 0.05524974
855 -128.25092 130 19 1 861.44446 0.054923188
856 -128.40091 130 19 1 862.5431 0.054627754
857 -128.5509 130 19 1 863.6417 0.05707135
858 -128.7009 130 19 1 864.74023 0.04562201
859 -128.85089 130 19 1 865.59485 0.053977374
860 -129.00089 130 19 1 866.6935 0.05360498
861 -129.15088 130 19 1 867.7921 0.05323887
862 -129.30087 130 19 1 868.89075 0.05600278
863 -129.45087 130 19 1 869.9894 0.054295566
864 -129.60086 130 19 1 871.088 0.051981393
865 -129.75085 130 20 1 872.1879 0.05556125
866 -129.90085 130 20 1 873.28656 0.05554752
867 -130.05084 130 20 1 874.3852 0.056769717
868 -130.20084 130 20 1 875.4838 0.055555947
869 -130.35083 130 20 1 876.58246 0.051815327
870 -130.50082 130 20 1 877.6811 0.055551033
871 -130.65082 130 20 1 878.7797 0.05556148
872 -130.80081 130 20 1 879.87836 0.04556092
873 -130.9508 130 20 1 880.977 0.055551194
874 -131.1008 130 20 1 882.0756 0.055552702
875 -131.2508 130 20 1 883.17426 0.055546634
876 -131.40079 130 20 1 884.27277 0.04554771
877 -131.55078 130 20 1 885.12726 0.04554771
878 -131.70078 130 20 1 885.98175 0.04554771
879 -131.85077 130 20 1 886.83624 0.04554771
880 -132.00076 130 20 1 887.69073 0.04554771
881 -132.15076 130 20 1 888.5452 0.04554771
882 -132.30075 130 20 1 889.3997 0.04554771
883 -132.45074 130 20 1 890.2542 0.05540665
884 -132.60074 130 20 1 891.1087 0.04554771
885 -132.75073 130 20 1 891.9632 0.05558897
886 -132.90073 130 20 1 892.8177 0.04554771
887 -133.05072 130 20 1 893.6722 0.04554771
888 -133.20071 130 20 1 894.5267 0.060908854
889 -133.35071 130 20 1 895.38116 0.04554771
890 -133.5007 130 20 1 896.23566 0.060900435
891 -133.6507 130 20 1 897.09015 0.055564202
892 -133.80069 130 20 1 897.94464 0.045568775
893 -133.95068 130 20 1 898.79913 0.04554771
894 -134.10068 130 20 1 899.6536 0.04554771
895 -134.25067 130 20 1 900.5081 0.052048746
896 -134.40067 130 20 1 901.3626 0.04554771
897 -134.55066 130 20 1 902.2171 0.04554616
898 -134.70065 130 20 1 903.0716 0.04554616
899 -134.85065 130 20 1 903.9261 0.04554616
900 -135.00064 130 20 1 904.7807 0.055538848
901 -135.15063 130 20 1 905.87933 0.055539686
902 -135.30063 130 20 1 906.97784 0.055576526
903 -135.45062 130 20 1 907.83246 0.055544715
904 -135.60062 130 20 1 908.93097 0.057346005
905 -135.75061 130 20 1 909.78546 0.055563837
906 -135.9006 130 20 1 910.6401 0.053334393
907 -136.0506 130 20 1 911.7386 0.05586328
908 -136.20059 130 20 1 912.5932 0.055543523
909 -136.35059 130 20 1 913.69183 0.055559974
910 -136.50058 130 20 1 914.79047 0.04555397
911 -136.65057 130 20 1 915.8891 0.05491316
912 -136.80057 130 20 1 916.98773 0.05456187
913 -136.95056 130 20 1 918.08636 0.05417049
914 -137.10056 130 20 1 919.185 0.051468965
915 -137.25055 130 20 1 920.2836 0.05330911
916 -137.40054 130 21 1 921.3827 0.05555676
917 -137.55054 130 21 1 922.4813 0.055556037
918 -137.70053 130 21 1 923.57996 0.053088874
919 -137.85052 130 21 1 924.6786 0.05555786
920 -138.00052 130 21 1 925.7772 0.055551276
921 -138.15051 130 21 1 926.87585 0.055559546
922 -138.3005 130 21 1 927.97437 0.045555416
923 -138.4505 130 21 1 928.82886 0.045555416
924 -138.6005 130 21 1 929.68335 0.045555416
925 -138.75049 130 21 1 930.53784 0.045558117
926 -138.90048 130 21 1 931.39233 0.045558117
927 -139.05048 130 21 1 932.2468 0.045558117
928 -139.20047 130 21 1 933.1013 0.045548603
929 -139.35046 130 21 1 933.9558 0.060917493
930 -139.50046 130 21 1 934.8103 0.045548603
931 -139.65045 130 21 1 935.6648 0.045548603
932 -139.80045 130 21 1 936.5193 0.055567663
933 -139.95044 130 21 1 937.3738 0.045548603
934 -140.10043 130 21 1 938.2283 0.045548603
935 -140.25043 130 21 1 939.08276 0.045548603
936 -140.40042 130 21 1 939.93726 0.045548603
937 -140.55042 130 21 1 940.7919 0.055551033
938 -140.70041 130 21 1 941.8905 0.05555326
939 -140.8504 130 21 1 942.98914 0.0563067
940 -141.0004 130 21 1 944.08777 0.05556884
941 -141.15039 130 21 1 945.1864 0.05838618
942 -141.30038 130 21 1 946.28503 0.055550754
943 -141.45038 130 21 1 947.38367 0.055551544
944 -141.60037 130 21 1 948.4823 0.05554307
945 -141.75037 130 21 1 949.58093 0.055537447
946 -141.90036 130 21 1 950.67957 0.055571184
947 -142.05035 130 21 1 951.7782 0.05195586
948 -142.20035 130 21 1 952.87683 0.055568986
949 -142.35034 130 21 1 953.97546 0.05518206
950 -142.50034 130 21 1 955.0741 0.045766145
951 -142.65033 130 21 1 956.1727 0.045563806
952 -142.80032 130 21 1 957.27136 0.05443065
953 -142.95032 130 21 1 958.37 0.054161288
954 -143.10031 130 22 1 959.46985 0.04555913
955 -143.2503 130 22 1 960.5685 0.055559713
956 -143.4003 130 22 1 961.6671 0.05556027
957 -143.5503 130 22 1 962.76575 0.05556588
958 -143.70029 130 22 1 963.8644 0.055555552
959 -143.85028 130 22 1 964.963 0.045614928
960 -144.00027 130 22 1 966.06165 0.055551413
961 -144.15027 130 22 1 967.1603 0.05556222
962 -144.30026 130 22 1 968.2589 0.055561267
963 -144.45026 130 22 1 969.35754 0.055552762
964 -144.60025 130 22 1 970.4562 0.045764174
965 -144.75024 130 22 1 971.5548 0.055558052
966 -144.90024 130 22 1 972.65344 0.0550086
967 -145.05023 130 22 1 973.7521 0.0555572
968 -145.20023 130 22 1 974.8507 0.055553373
969 -145.35022 130 22 1 975.94934 0.0555629
970 -145.50021 130 22 1 977.048 0.05556254
971 -145.6502 130 22 1 978.1466 0.055085976
972 -145.8002 130 22 1 979.24524 0.055556465
973 -145.9502 130 22 1 980.3439 0.045521665
974 -146.10019 130 22 1 981.4425 0.055356823
975 -146.25018 130 22 1 982.54114 0.055153415
976 -146.40018 130 22 1 983.6398 0.054970037
977 -146.55017 130 22 1 984.7384 0.05476994
978 -146.70016 130 22 1 985.83704 0.054571506
979 -146.85016 130 22 1 986.93567 0.054365326
980 -147.00015 130 23 1 988.0355 0.05555682
981 -147.15015 130 23 1 989.13416 0.055561442
982 -147.30014 130 23 1 990.2328 0.055562727
983 -147.45013 130 23 1 991.3314 0.056974277
984 -147.60013 130 23 1 992.43005 0.055555113
985 -147.75012 130 23 1 993.5287 0.04554771
986 -147.90012 130 23 1 994.6273 0.055552524
987 -148.05011 130 23 1 995.72595 0.055567816
988 -148.2001 130 23 1 996.8246 0.055551194
989 -148.3501 130 23 1 997.9232 0.054903157
990 -148.50009 130 23 1 999.02185 0.055546634
991 -148.65009 130 23 1 1000.12036 0.04554771
992 -148.80008 130 23 1 1000.97485 0.04554771
993 -148.95007 130 23 1 1001.82935 0.04554771
994 -149.10007 130 23 1 1002.68384 0.04554771
995 -149.25006 130 23 1 1003.5383 0.045563806
996 -149.40005 130 23 1 1004.3928 0.055569053
997 -149.55005 130 23 1 1005.2473 0.04554771
998 -149.70004 130 23 1 1006.1018 0.05184731
999 -149.85004 130 23 1 1006.9563 0.0552601
1000 -150.00003 130 23 1 1007.8108 0.04554771
1001 -150.15002 130 23 1 1008.6653 0.04554771

----QMATRIX: [Sensed Threat] > ACTION == UTILITY------
[0.0,1.0,0.0,0.0,1.0,1.0,0.0,1.0] > ACTION_BACK == -0.0073556113
[1.0,1.0,1.0,0.0,0.0,1.0,0.0,0.0] > ACTION_BACK == -8.660756E-4
[0.0,0.0,1.0,0.0,0.0,1.0,1.0,1.0] > ACTION_BACK == -6.4147695E-5
[1.0,1.0,0.0,0.0,1.0,0.0,0.0,1.0] > ACTION_BACK == -7.9244474E-4
[0.0,0.0,0.0,0.0,1.0,0.0,1.0,0.0] > ACTION_NONE == -0.0064959577
[0.0,1.0,1.0,0.0,0.0,0.0,1.0,0.0] > ACTION_BACK == -1.1586534E-5
[0.0,1.0,1.0,0.0,1.0,1.0,0.0,1.0] > ACTION_BACK == -4.3046722E-10
[1.0,1.0,0.0,0.0,0.0,1.0,1.0,1.0] > ACTION_BACK == -0.0012511705
[0.0,1.0,0.0,0.0,0.0,0.0,0.0,1.0] > ACTION_BACK == -1.06029154E-4
[1.0,1.0,0.0,0.0,1.0,0.0,1.0,0.0] > ACTION_BACK == -8.100478E-4
[1.0,0.0,0.0,0.0,0.0,1.0,0.0,0.0] > ACTION_NONE == -4.782969E-9
[1.0,1.0,1.0,0.0,0.0,1.0,1.0,1.0] > ACTION_BACK == -0.008225846
[0.0,0.0,1.0,0.0,0.0,0.0,0.0,1.0] > ACTION_BACK == -6.1235E-4
[1.0,0.0,0.0,0.0,0.0,1.0,0.0,0.0] > ACTION_BACK == -0.009000048
[0.0,0.0,0.0,0.0,0.0,0.0,1.0,0.0] > ACTION_BACK == -6.288431E-4
[0.0,1.0,0.0,1.0,0.0,0.0,0.0,1.0] > ACTION_BACK == -0.08820951
[1.0,1.0,0.0,0.0,0.0,0.0,0.0,1.0] > ACTION_BACK == -6.4954406E-4
[1.0,1.0,0.0,0.0,0.0,0.0,1.0,1.0] > ACTION_BACK == -0.0073475996
[1.0,1.0,0.0,1.0,0.0,0.0,0.0,1.0] > ACTION_BACK == -0.100707345
[1.0,1.0,0.0,1.0,0.0,0.0,1.0,1.0] > ACTION_BACK == -6.314629E-7
[0.0,1.0,0.0,0.0,2.0,0.0,0.0,0.0] > ACTION_BACK == -8.0999994E-4
[0.0,1.0,1.0,0.0,0.0,1.0,1.0,1.0] > ACTION_BACK == -0.09059586
[0.0,1.0,0.0,0.0,1.0,0.0,1.0,0.0] > ACTION_BACK == -0.1
[1.0,0.0,0.0,1.0,0.0,0.0,0.0,0.0] > ACTION_BACK == -1.1544518E-5
[0.0,1.0,1.0,0.0,1.0,0.0,1.0,0.0] > ACTION_BACK == -0.0072172005
[1.0,1.0,0.0,0.0,0.0,1.0,0.0,0.0] > ACTION_BACK == -6.944348E-4
[0.0,1.0,1.0,0.0,0.0,0.0,0.0,1.0] > ACTION_BACK == -7.145589E-5
[0.0,0.0,0.0,0.0,0.0,1.0,1.0,1.0] > ACTION_BACK == -4.6877866E-9
[0.0,1.0,0.0,0.0,0.0,1.0,0.0,1.0] > ACTION_BACK == -0.0046767513
[1.0,1.0,1.0,0.0,2.0,0.0,1.0,1.0] > ACTION_NONE == -0.0090
[0.0,1.0,1.0,1.0,0.0,1.0,0.0,1.0] > ACTION_RIGHT == -0.01679049
[0.0,0.0,1.0,0.0,0.0,1.0,1.0,0.0] > ACTION_BACK == -0.09000059
[0.0,0.0,0.0,0.0,1.0,0.0,1.0,1.0] > ACTION_BACK == -7.217147E-4
[1.0,1.0,0.0,1.0,0.0,1.0,0.0,1.0] > ACTION_BACK == -0.096561015
[1.0,1.0,1.0,0.0,0.0,1.0,0.0,1.0] > ACTION_BACK == -4.9439106E-9
[1.0,1.0,0.0,0.0,0.0,1.0,0.0,1.0] > ACTION_BACK == -1.3999801E-4
[1.0,0.0,0.0,0.0,0.0,0.0,1.0,0.0] > ACTION_BACK == -6.1816325E-5
[1.0,1.0,1.0,0.0,0.0,1.0,1.0,0.0] > ACTION_BACK == -8.0189994E-4
[0.0,0.0,1.0,0.0,0.0,0.0,0.0,0.0] > ACTION_BACK == -9.9718265E-5
[1.0,1.0,0.0,0.0,1.0,0.0,1.0,1.0] > ACTION_BACK == -0.14768806
[0.0,1.0,0.0,0.0,0.0,1.0,0.0,1.0] > ACTION_RIGHT == -8.159048E-4
[1.0,0.0,0.0,1.0,0.0,1.0,1.0,1.0] > ACTION_BACK == -5.845854E-6
[1.0,1.0,0.0,0.0,1.0,1.0,0.0,1.0] > ACTION_BACK == -6.620049E-5
[1.0,0.0,1.0,0.0,0.0,0.0,1.0,0.0] > ACTION_BACK == -0.1011369
[0.0,1.0,0.0,0.0,1.0,0.0,1.0,0.0] > ACTION_NONE == -7.3530326E-5
[1.0,1.0,0.0,0.0,0.0,0.0,1.0,0.0] > ACTION_BACK == -0.05975946
[0.0,1.0,1.0,0.0,1.0,0.0,0.0,0.0] > ACTION_BACK == -7.217147E-4
[0.0,1.0,0.0,1.0,0.0,1.0,0.0,1.0] > ACTION_BACK == -0.07362245
[1.0,0.0,0.0,0.0,0.0,1.0,1.0,1.0] > ACTION_BACK == -1.1722998E-6
[1.0,0.0,1.0,0.0,0.0,0.0,1.0,0.0] > ACTION_RIGHT == -7.1449285E-5
[0.0,0.0,1.0,0.0,0.0,0.0,1.0,0.0] > ACTION_BACK == -0.0022799354
[1.0,0.0,0.0,1.0,0.0,0.0,0.0,1.0] > ACTION_BACK == -5.681915E-6
[0.0,1.0,1.0,0.0,1.0,0.0,1.0,1.0] > ACTION_BACK == -0.0090
[0.0,1.0,0.0,0.0,0.0,0.0,1.0,0.0] > ACTION_RIGHT == -1.1866157E-5
[1.0,0.0,0.0,0.0,0.0,0.0,0.0,1.0] > ACTION_BACK == -1.0959398E-6
[1.0,0.0,1.0,0.0,1.0,0.0,1.0,0.0] > ACTION_BACK == -9.079032E-8
[1.0,1.0,1.0,0.0,0.0,0.0,1.0,0.0] > ACTION_BACK == -0.007794345
[0.0,0.0,1.0,0.0,1.0,1.0,1.0,0.0] > ACTION_BACK == -8.171085E-9
[0.0,1.0,0.0,0.0,0.0,1.0,1.0,0.0] > ACTION_RIGHT == -7.7958386E-5
[1.0,0.0,1.0,0.0,0.0,0.0,1.0,1.0] > ACTION_NONE == -0.013857957
[0.0,1.0,1.0,0.0,1.0,0.0,0.0,0.0] > ACTION_RIGHT == -6.4304775E-5
[1.0,1.0,0.0,0.0,0.0,0.0,1.0,0.0] > ACTION_RIGHT == -5.2086524E-8
[0.0,0.0,0.0,1.0,0.0,0.0,1.0,0.0] > ACTION_BACK == -5.9049E-7
[0.0,1.0,0.0,0.0,1.0,0.0,0.0,0.0] > ACTION_BACK == -9.653557E-8
[0.0,1.0,0.0,0.0,0.0,0.0,0.0,0.0] > ACTION_NONE == -0.0090
[0.0,0.0,1.0,0.0,0.0,0.0,1.0,0.0] > ACTION_RIGHT == -6.862153E-4
[0.0,1.0,0.0,0.0,0.0,1.0,1.0,0.0] > ACTION_BACK == -2.6083435E-4
[1.0,1.0,2.0,0.0,0.0,1.0,0.0,1.0] > ACTION_BACK == -0.0090
[1.0,0.0,1.0,0.0,0.0,0.0,0.0,0.0] > ACTION_BACK == -6.284686E-6
[1.0,1.0,0.0,2.0,0.0,1.0,1.0,0.0] > ACTION_BACK == -4.687787E-9
[0.0,1.0,1.0,1.0,0.0,0.0,1.0,0.0] > ACTION_BACK == -1.0996044E-6
[0.0,1.0,0.0,0.0,1.0,1.0,1.0,0.0] > ACTION_BACK == -1.231258E-4
[0.0,0.0,0.0,0.0,1.0,0.0,0.0,0.0] > ACTION_RIGHT == -5.903202E-4
[0.0,1.0,0.0,0.0,0.0,0.0,1.0,0.0] > ACTION_BACK == -0.00811507
[1.0,0.0,0.0,0.0,1.0,0.0,1.0,1.0] > ACTION_BACK == -7.290043E-4
[1.0,0.0,1.0,0.0,0.0,1.0,1.0,0.0] > ACTION_BACK == -0.008100478
[0.0,1.0,0.0,0.0,1.0,1.0,0.0,0.0] > ACTION_RIGHT == -4.687787E-9
[0.0,0.0,0.0,0.0,0.0,1.0,1.0,0.0] > ACTION_NONE == -8.9063695E-7
[0.0,1.0,0.0,1.0,0.0,0.0,1.0,0.0] > ACTION_BACK == -0.16217151
[1.0,0.0,0.0,0.0,0.0,0.0,0.0,0.0] > ACTION_BACK == -5.397821E-6
[0.0,0.0,1.0,0.0,1.0,1.0,1.0,1.0] > ACTION_BACK == -0.008100048
[1.0,1.0,1.0,0.0,0.0,0.0,1.0,1.0] > ACTION_BACK == -0.0981
[0.0,1.0,0.0,0.0,0.0,0.0,0.0,0.0] > ACTION_RIGHT == -7.3299883E-4
[0.0,1.0,0.0,1.0,0.0,1.0,1.0,0.0] > ACTION_BACK == -8.100468E-4
[1.0,1.0,1.0,0.0,1.0,0.0,1.0,1.0] > ACTION_BACK == -0.098009996
[1.0,0.0,1.0,0.0,2.0,0.0,1.0,0.0] > ACTION_BACK == -5.261266E-8
[1.0,0.0,0.0,0.0,0.0,1.0,1.0,0.0] > ACTION_BACK == -4.219008E-10
[1.0,1.0,1.0,0.0,0.0,0.0,0.0,0.0] > ACTION_BACK == -0.09081
[1.0,0.0,0.0,1.0,1.0,0.0,0.0,0.0] > ACTION_BACK == -3.8707176E-10
[0.0,0.0,1.0,0.0,1.0,1.0,0.0,0.0] > ACTION_BACK == -6.499605E-6
[0.0,0.0,1.0,0.0,0.0,0.0,1.0,1.0] > ACTION_BACK == -6.0175225E-5
[1.0,0.0,1.0,0.0,1.0,1.0,0.0,1.0] > ACTION_BACK == -0.008100048
[0.0,0.0,1.0,1.0,0.0,0.0,0.0,0.0] > ACTION_RIGHT == -5.07941E-7
[1.0,1.0,0.0,0.0,0.0,0.0,0.0,0.0] > ACTION_RIGHT == -7.2899995E-5
[0.0,1.0,0.0,0.0,1.0,0.0,0.0,1.0] > ACTION_BACK == -0.006626514
[0.0,1.0,1.0,0.0,0.0,1.0,0.0,0.0] > ACTION_BACK == -7.9458905E-4
[0.0,1.0,0.0,1.0,0.0,0.0,0.0,0.0] > ACTION_BACK == -0.008028641
[0.0,0.0,0.0,0.0,1.0,1.0,0.0,0.0] > ACTION_BACK == -8.0999994E-4
[1.0,1.0,0.0,0.0,0.0,0.0,0.0,0.0] > ACTION_BACK == -4.782969E-9
[0.0,0.0,0.0,0.0,0.0,0.0,0.0,0.0] > ACTION_RIGHT == -5.7873916E-7
[1.0,0.0,1.0,0.0,0.0,0.0,0.0,1.0] > ACTION_BACK == -6.4304354E-6
[0.0,0.0,0.0,1.0,0.0,0.0,0.0,0.0] > ACTION_BACK == -5.5017248E-5
[0.0,1.0,0.0,0.0,1.0,1.0,1.0,1.0] > ACTION_BACK == -0.08100705
[0.0,0.0,0.0,1.0,0.0,0.0,0.0,0.0] > ACTION_RIGHT == -8.0999994E-4
[0.0,0.0,0.0,0.0,0.0,0.0,0.0,0.0] > ACTION_NONE == -3.0664338E-5
[0.0,1.0,0.0,1.0,0.0,0.0,1.0,1.0] > ACTION_BACK == -0.008909999
[0.0,1.0,1.0,0.0,0.0,0.0,1.0,1.0] > ACTION_BACK == -0.0013851527
[1.0,1.0,0.0,0.0,0.0,1.0,1.0,0.0] > ACTION_BACK == -9.417816E-8
[0.0,0.0,0.0,0.0,0.0,0.0,0.0,0.0] > ACTION_BACK == -6.5609997E-6
[1.0,1.0,0.0,1.0,0.0,1.0,0.0,0.0] > ACTION_NONE == -7.2170995E-5
[1.0,1.0,1.0,0.0,0.0,0.0,1.0,1.0] > ACTION_RIGHT == -0.09081
[0.0,0.0,1.0,0.0,1.0,0.0,0.0,0.0] > ACTION_RIGHT == -5.504676E-7
[0.0,1.0,0.0,0.0,0.0,0.0,1.0,1.0] > ACTION_BACK == -0.09735561
[1.0,0.0,2.0,0.0,0.0,0.0,0.0,0.0] > ACTION_BACK == -1.1518113E-5
[1.0,0.0,1.0,0.0,0.0,1.0,1.0,1.0] > ACTION_BACK == -1.1731947E-5
[0.0,1.0,0.0,1.0,0.0,1.0,0.0,0.0] > ACTION_BACK == -6.314629E-7
[0.0,0.0,1.0,0.0,0.0,1.0,0.0,0.0] > ACTION_RIGHT == -0.0081057735
[0.0,0.0,1.0,0.0,0.0,1.0,1.0,0.0] > ACTION_RIGHT == -6.5609997E-6
[0.0,1.0,0.0,0.0,0.0,1.0,0.0,0.0] > ACTION_BACK == -7.449556E-5
[0.0,0.0,0.0,0.0,0.0,1.0,1.0,1.0] > ACTION_RIGHT == -5.261265E-8
[0.0,1.0,0.0,0.0,0.0,0.0,0.0,0.0] > ACTION_BACK == -7.7379285E-4
[0.0,0.0,1.0,0.0,1.0,0.0,1.0,1.0] > ACTION_RIGHT == -4.954208E-8
[1.0,1.0,1.0,0.0,0.0,0.0,0.0,0.0] > ACTION_NONE == -0.107859425
[0.0,1.0,0.0,1.0,0.0,1.0,1.0,1.0] > ACTION_BACK == -6.620049E-5
[1.0,0.0,1.0,0.0,0.0,1.0,0.0,0.0] > ACTION_BACK == -5.3144102E-8
[0.0,1.0,1.0,0.0,0.0,1.0,1.0,0.0] > ACTION_BACK == -0.08106475
[1.0,1.0,0.0,0.0,1.0,0.0,1.0,1.0] > ACTION_RIGHT == -0.0090
[0.0,0.0,1.0,0.0,0.0,0.0,0.0,0.0] > ACTION_RIGHT == -1.3027425E-4
[0.0,0.0,0.0,0.0,0.0,1.0,0.0,0.0] > ACTION_RIGHT == -6.373342E-6
[0.0,1.0,0.0,0.0,0.0,1.0,1.0,1.0] > ACTION_BACK == -0.0074773408
