-----Simulation Parameters-----
Iteration Length: 200
Iteration Qty: 1000.0
Learning Rate: 0.1
Discount Factor: 0.9
Decay: 0.15
Max View Distance: 10.0

-----SIMULATION STEPS------
Steps | Exploration Rate | QMatrix Size | Crashes | Victories | Distance Moved | Speed
1 99.85 0 0 0 1.2437477 0.07778168
2 99.7 0 0 0 2.7999878 0.062217712
3 99.549995 0 0 0 4.043584 0.06270249
4 99.399994 0 0 0 5.2962117 0.046675257
5 99.24999 0 0 0 6.230967 0.062218882
6 99.09999 0 0 0 7.4747148 0.0777822
7 98.94999 0 0 0 9.031112 0.0777822
8 98.79999 0 0 0 10.587197 0.046675455
9 98.64999 1 1 0 11.523761 0.062217712
10 98.499985 1 1 0 12.767357 0.06270249
11 98.34998 1 1 0 14.02048 0.06221866
12 98.19998 1 1 0 15.263917 0.046674885
13 98.04998 1 1 0 16.198519 0.046674706
14 97.89998 1 1 0 17.133278 0.062622935
15 97.74998 1 1 0 18.384651 0.077783644
16 97.599976 1 1 0 19.941048 0.077764705
17 97.449974 1 1 0 21.497444 0.077764854
18 97.29997 2 2 0 23.062037 0.07778168
19 97.14997 2 2 0 24.618122 0.04667282
20 96.99997 2 2 0 25.552723 0.04667282
21 96.84997 2 2 0 26.487324 0.04667282
22 96.69997 2 2 0 27.42208 0.062217712
23 96.549965 2 2 0 28.66567 0.062217712
24 96.39996 2 2 0 29.909418 0.07778168
25 96.24996 2 2 0 31.465658 0.062217712
26 96.09996 2 2 0 32.7091 0.04667282
27 95.94996 2 2 0 33.640198 0.07778168
28 95.79996 3 3 0 35.20416 0.06270249
29 95.649956 3 3 0 36.45538 0.062622935
30 95.499954 3 3 0 37.706596 0.062221713
31 95.34995 3 3 0 38.950344 0.07778351
32 95.19995 3 3 0 40.50643 0.0466818
33 95.04995 3 3 0 41.444847 0.04668107
34 94.89995 3 3 0 42.38342 0.06254518
35 94.74995 3 3 0 43.634483 0.046675675
36 94.599945 3 3 0 44.5729 0.04667452
37 94.44994 4 4 0 45.514336 0.06413486
38 94.29994 4 4 0 46.79606 0.06254735
39 94.14994 4 4 0 48.047276 0.062225923
40 93.99994 4 4 0 49.291023 0.077766344
41 93.84994 4 4 0 50.847263 0.062226556
42 93.699936 4 4 0 52.090702 0.046672307
43 93.549934 4 4 0 53.029118 0.046671245
44 93.39993 4 4 0 53.967686 0.062225617
45 93.24993 4 4 0 55.211433 0.07776616
46 93.09993 5 5 0 56.770203 0.062217712
47 92.94993 5 5 0 58.013794 0.062217712
48 92.79993 5 5 0 59.257385 0.062217712
49 92.649925 5 5 0 60.500824 0.04667282
50 92.49992 5 5 0 61.43177 0.06270249
51 92.34992 5 5 0 62.682835 0.046675455
52 92.19992 5 5 0 63.621407 0.06261841
53 92.04992 5 5 0 64.87247 0.046665113
54 91.89992 5 5 0 65.80325 0.0466647
55 91.749916 6 5 0 66.7342 0.062222626
56 91.599915 7 6 0 67.986694 0.06413486
57 91.44991 7 6 0 69.26842 0.062221292
58 91.29991 7 6 0 70.51979 0.07778326
59 91.14991 7 6 0 72.07619 0.07778338
60 90.99991 7 6 0 73.63258 0.07778338
61 90.84991 7 6 0 75.18898 0.07778351
62 90.699905 7 6 0 76.74506 0.0466818
63 90.549904 8 6 0 77.67585 0.04668107
64 90.3999 9 6 0 78.60695 0.07778338
65 90.2499 10 7 0 80.171135 0.06270249
66 90.0999 10 7 0 81.422195 0.046674885
67 89.9499 10 7 0 82.35316 0.06397831
68 89.7999 10 7 0 83.63472 0.046673957
69 89.649895 10 7 0 84.56567 0.062446166
70 89.49989 10 7 0 85.81689 0.062345516
71 89.34989 10 7 0 87.06826 0.07775669
72 89.19989 11 7 0 88.624504 0.062223222
73 89.04989 11 7 0 89.875565 0.04673442
74 88.89989 11 8 0 90.808784 0.06270249
75 88.749886 11 8 0 92.060005 0.062218554
76 88.599884 11 8 0 93.311226 0.0626252
77 88.44988 11 8 0 94.56229 0.046680715
78 88.29988 11 8 0 95.49323 0.062221292
79 88.14988 11 8 0 96.74447 0.06380921
80 87.99988 11 8 0 98.01273 0.046691176
81 87.84988 11 8 0 98.94383 0.0777702
82 87.699875 12 8 0 100.50008 0.062324617
83 87.54987 12 8 0 101.7513 0.062200677
84 87.39987 12 9 0 103.00596 0.07778186
85 87.24987 12 9 0 104.562355 0.07778186
86 87.09987 12 9 0 106.1186 0.062653266
87 86.94987 12 9 0 107.36997 0.07778314
88 86.799866 12 9 0 108.926056 0.046679694
89 86.649864 13 9 0 109.857 0.062220898
90 86.49986 13 9 0 111.108376 0.07778314
91 86.34986 14 9 0 112.66446 0.046679694
92 86.19986 14 10 0 113.59717 0.062217712
93 86.04986 14 10 0 114.848404 0.06413486
94 85.89986 14 10 0 116.13028 0.07778338
95 85.749855 14 10 0 117.68654 0.06380031
96 85.59985 14 10 0 118.95451 0.07777047
97 85.44985 14 10 0 120.510765 0.06339109
98 85.29985 14 10 0 121.77723 0.06210939
99 85.14985 14 10 0 123.0132 0.062225424
100 84.99985 14 10 0 124.26457 0.07773474
101 84.849846 14 10 0 125.820816 0.062210802
102 84.699844 14 10 0 127.07188 0.046760723
103 84.54984 14 10 0 128.00285 0.061995227
104 84.39984 14 10 0 129.25407 0.061832763
105 84.24984 14 10 0 130.50514 0.04686973
106 84.09984 14 10 0 131.45132 0.061723
107 83.94984 14 10 0 132.67203 0.061778136
108 83.799835 14 10 0 133.8926 0.047129624
109 83.64983 14 10 0 134.83879 0.062223993
110 83.49983 14 10 0 136.09 0.061056286
111 83.34983 14 10 0 137.30843 0.07727281
112 83.19983 14 10 2 138.86467 0.062217727
113 83.04983 14 10 2 140.11604 0.077781685
114 82.899826 14 10 2 141.67244 0.077781685
115 82.749825 14 10 2 143.22868 0.06269542
116 82.59982 15 10 2 144.4799 0.06258827
117 82.44982 15 10 2 145.73114 0.06369609
118 82.29982 15 10 2 147.01271 0.046709858
119 82.14982 15 10 2 147.95906 0.077755
120 81.99982 15 11 2 149.5185 0.06270249
121 81.849815 15 11 2 150.76971 0.06221866
122 81.699814 15 11 2 152.02109 0.07778207
123 81.54981 15 11 2 153.57733 0.06221877
124 81.39981 15 11 2 154.82855 0.06262067
125 81.24981 16 11 2 156.07977 0.062515475
126 81.09981 16 11 2 157.331 0.062410977
127 80.94981 17 11 2 158.58221 0.062288586
128 80.799805 17 11 2 159.83344 0.06221757
129 80.6498 17 12 2 161.0883 0.06270249
130 80.4998 17 12 2 162.33937 0.046674706
131 80.3498 17 12 2 163.28557 0.0626252
132 80.1998 17 12 2 164.5368 0.06380031
133 80.0498 18 12 2 165.81853 0.062215976
134 79.899796 19 12 2 167.0696 0.046689663
135 79.749794 20 12 2 168.01595 0.077769935
136 79.59979 20 12 2 169.57211 0.054460436
137 79.44979 20 12 2 170.67097 0.077769935
138 79.29979 21 13 2 172.22795 0.07778168
139 79.14979 21 13 2 173.78404 0.04667282
140 78.99979 21 13 2 174.73024 0.06270013
141 78.849785 22 13 2 175.98148 0.06395071
142 78.69978 22 13 2 177.2632 0.062228236
143 78.54978 22 13 2 178.51442 0.062228236
144 78.39978 22 13 2 179.76566 0.06358379
145 78.24978 23 13 2 181.04738 0.062213052
146 78.09978 23 13 2 182.29875 0.0777585
147 77.949776 24 14 2 183.85571 0.06270013
148 77.799774 24 14 2 185.10695 0.06397831
149 77.64977 25 14 2 186.38867 0.062226556
150 77.49977 26 14 2 187.63991 0.063624024
151 77.34977 27 14 2 188.92148 0.046708927
152 77.19977 27 14 2 189.8676 0.0544528
153 77.04977 27 14 2 190.96631 0.06222339
154 76.899765 28 14 2 192.21753 0.06222339
155 76.74976 29 14 2 193.46875 0.062262174
156 76.59976 29 14 2 194.72012 0.07774299
157 76.44976 29 15 2 196.27658 0.062217716
158 76.29976 30 15 2 197.52765 0.046672825
159 76.14976 31 15 2 198.47385 0.062217716
160 75.999756 31 15 2 199.72522 0.07778168
161 75.849754 32 15 2 201.28146 0.062217716
162 75.69975 33 15 2 202.53268 0.062217716
163 75.54975 33 15 2 203.7839 0.062217716
164 75.39975 33 15 2 205.03513 0.062217716
165 75.24975 34 16 2 206.29144 0.06270249
166 75.09975 34 16 2 207.54282 0.07778207
167 74.949745 34 16 2 209.0989 0.046674706
168 74.79974 34 16 2 210.0451 0.062622935
169 74.64974 35 16 2 211.29634 0.06379587
170 74.49974 35 16 2 212.57791 0.046691947
171 74.34974 35 16 2 213.52426 0.07777047
172 74.19974 35 16 2 215.0805 0.06221689
173 74.049736 36 16 2 216.33173 0.062324617
174 73.899734 36 16 2 217.58295 0.06223087
175 73.74973 36 17 2 218.83731 0.062217712
176 73.59973 36 17 2 220.08853 0.06270249
177 73.44973 37 17 2 221.3399 0.07778213
178 73.29973 37 17 2 222.896 0.046675064
179 73.14973 38 17 2 223.8422 0.06221877
180 72.999725 38 17 2 225.09341 0.06221877
181 72.849724 38 17 2 226.34464 0.06262067
182 72.69972 38 17 2 227.59601 0.077764995
183 72.54972 39 18 2 229.15808 0.07778168
184 72.39972 40 18 2 230.71432 0.062217712
185 72.24972 40 18 2 231.96556 0.06413486
186 72.09972 40 18 2 233.24728 0.06252191
187 71.949715 40 18 2 234.49866 0.077767126
188 71.79971 40 18 2 236.05475 0.046675675
189 71.64971 40 18 2 237.00095 0.062227547
190 71.49971 40 18 2 238.25218 0.063592434
191 71.34971 41 18 2 239.5339 0.062213678
192 71.19971 42 19 2 240.78726 0.062217712
193 71.049706 43 19 2 242.03833 0.04667282
194 70.899704 44 19 2 242.98454 0.06413486
195 70.7497 44 19 2 244.26628 0.06379587
196 70.5997 44 19 2 245.54785 0.04668892
197 70.4497 44 19 2 246.4942 0.077769935
198 70.2997 44 19 2 248.05045 0.06221553
199 70.1497 45 19 2 249.30167 0.06221553
200 69.999695 45 19 2 250.55281 0.054459866
201 69.84969 45 19 2 251.65152 0.062215086
202 69.69969 45 20 2 252.90555 0.062217712
203 69.54969 45 20 2 254.15692 0.07778168
204 69.39969 45 20 2 255.71301 0.04667282
205 69.24969 45 20 2 256.6378 0.04667282
206 69.099686 45 20 2 257.5535 0.06413486
207 68.949684 46 20 2 258.83524 0.06373664
208 68.79968 46 20 2 260.11694 0.06222077
209 68.64968 46 20 2 261.3375 0.0466992
210 68.49968 46 20 2 262.2531 0.05446525
211 68.34968 46 20 2 263.3518 0.062218297
212 68.19968 46 21 2 264.57648 0.07778168
213 68.049675 46 21 2 266.16324 0.06413486
214 67.89967 47 21 2 267.44513 0.07778351
215 67.74967 47 21 2 269.03186 0.062221937
216 67.59967 48 21 2 270.2526 0.06377289
217 67.44967 48 21 2 271.53424 0.054464623
218 67.29967 48 21 2 272.63297 0.06337844
219 67.149666 49 21 2 273.91452 0.046739466
220 66.999664 50 21 2 274.8302 0.06222673
221 66.84966 50 22 2 276.0527 0.062217712
222 66.69966 50 22 2 277.2734 0.062217712
223 66.54966 50 22 2 278.49396 0.04667282
224 66.39966 50 22 2 279.40967 0.06413486
225 66.24966 51 22 2 280.6914 0.06251761
226 66.099655 51 22 2 281.9202 0.054451637
227 65.94965 51 22 2 283.01874 0.046675675
228 65.79965 51 22 2 283.93436 0.05445028
229 65.64965 51 22 2 285.03305 0.062442075
230 65.49965 51 22 2 286.2537 0.05446525
231 65.34965 51 23 2 287.35654 0.062217716
232 65.199646 51 23 2 288.57718 0.054435734
233 65.049644 51 23 2 289.67572 0.046672825
234 64.89964 52 23 2 290.59143 0.06413486
235 64.74964 52 23 2 291.87332 0.07776457
236 64.59964 52 23 2 293.46005 0.062222388
237 64.44964 53 23 2 294.6808 0.062515475
238 64.29964 53 23 2 295.90775 0.062229685
239 64.149635 54 23 2 297.12863 0.07776799
240 63.999634 54 24 2 298.71707 0.06413486
241 63.849632 54 24 2 299.9988 0.06271324
242 63.69963 54 24 2 301.28052 0.062218554
243 63.54963 55 24 2 302.50125 0.06413568
244 63.399628 55 24 2 303.78296 0.062219396
245 63.249626 55 24 2 305.0037 0.06258827
246 63.099625 55 24 2 306.2734 0.046667315
247 62.949623 55 24 2 307.1891 0.06248592
248 62.79962 55 24 2 308.40964 0.04668462
249 62.64962 55 25 2 309.32605 0.06270249
250 62.49962 55 25 2 310.60776 0.062218554
251 62.349617 55 25 2 311.8284 0.054436937
252 62.199615 55 25 2 312.92703 0.054436937
253 62.049614 55 25 2 314.02576 0.063982844
254 61.899612 55 25 2 315.30746 0.062227547
255 61.74961 55 25 2 316.5281 0.054449845
256 61.59961 55 25 2 317.62674 0.054449417
257 61.449608 55 25 2 318.72562 0.07776673
258 61.299606 55 25 2 320.3123 0.05445028
259 61.149605 55 26 2 321.4127 0.06270249
260 60.999603 55 26 2 322.69443 0.062622935
261 60.8496 55 26 2 323.97614 0.0622215
262 60.6996 55 26 2 325.19687 0.06380475
263 60.5496 55 26 2 326.47876 0.0777702
264 60.399597 55 26 2 328.0655 0.062216427
265 60.249596 55 26 2 329.28604 0.046691176
266 60.099594 55 26 2 330.20157 0.04668892
267 59.949593 55 26 2 331.11728 0.06345372
268 59.79959 56 26 2 332.39883 0.04673318
269 59.64959 56 27 2 333.31454 0.054435734
270 59.499588 56 27 2 334.4131 0.046672825
271 59.349586 56 27 2 335.3287 0.054435734
272 59.199585 56 27 2 336.42755 0.077781685
273 59.049583 56 27 2 338.0143 0.06413949
274 58.899582 57 27 2 339.29602 0.062222626
275 58.74958 57 27 2 340.51672 0.062222626
276 58.59958 57 27 2 341.73743 0.062222626
277 58.449577 57 27 2 342.9583 0.077764854
278 58.299576 57 28 2 344.54855 0.062217712
279 58.149574 57 28 2 345.7693 0.06413024
280 57.999573 57 28 2 347.05103 0.06252191
281 57.84957 57 28 2 348.28888 0.054449417
282 57.69957 57 28 2 349.3875 0.054448992
283 57.54957 57 28 2 350.4862 0.06222688
284 57.399567 57 28 2 351.7069 0.062226556
285 57.249565 57 28 2 352.9276 0.062226556
286 57.099564 57 28 2 354.14832 0.06244822
287 56.949562 57 29 2 355.39316 0.062217787
288 56.79956 57 29 2 356.61386 0.062217787
289 56.64956 57 29 2 357.83456 0.062217787
290 56.499557 57 29 2 359.0553 0.06269073
291 56.349556 57 29 2 360.33704 0.06258827
292 56.199554 57 29 2 361.6088 0.062483814
293 56.049553 57 29 2 362.8295 0.062382054
294 55.89955 57 29 2 364.0502 0.06222339
295 55.74955 57 29 2 365.27075 0.046705283
296 55.59955 57 29 2 366.18643 0.06228486
297 55.449547 57 30 2 367.41028 0.05443681
298 55.299545 57 30 2 368.509 0.06262747
299 55.149544 57 30 2 369.79074 0.06254952
300 54.999542 57 30 2 371.03882 0.06363273
301 54.84954 57 30 2 372.32053 0.06222503
302 54.69954 57 30 2 373.5414 0.077755325
303 54.549538 57 30 2 375.12833 0.077755995
304 54.399536 57 30 2 376.71506 0.062226802
305 54.249535 58 30 2 377.93576 0.062104445
306 54.099533 58 31 2 379.15735 0.07778201
307 53.94953 58 31 2 380.7441 0.06398739
308 53.79953 59 31 2 382.02585 0.06363273
309 53.64953 60 31 2 383.3076 0.06325387
310 53.499527 61 31 2 384.58923 0.054474786
311 53.349525 61 31 2 385.68777 0.046743326
312 53.199524 61 31 2 386.6035 0.06292156
313 53.049522 61 31 2 387.8852 0.06247219
314 52.89952 62 31 2 389.1059 0.06162466
315 52.74952 62 31 2 390.32645 0.046937827
316 52.599518 62 31 2 391.24213 0.061530497
317 52.449516 62 31 2 392.46283 0.061543696
318 52.299515 62 31 2 393.6837 0.077517204
319 52.149513 62 31 2 395.2094 0.0610036
320 51.99951 62 31 2 396.4301 0.06222474
321 51.84951 62 31 2 397.65097 0.0774184
322 51.69951 63 32 2 399.17853 0.046672918
323 51.549507 64 32 2 400.0942 0.062217757
324 51.399506 64 32 2 401.3149 0.062217757
325 51.249504 64 32 2 402.53555 0.054435812
326 51.099503 64 32 2 403.63425 0.062217757
327 50.9495 64 32 2 404.8549 0.054435812
328 50.7995 64 32 2 405.9536 0.06409328
329 50.649498 64 32 2 407.23532 0.062225617
330 50.499496 64 32 2 408.4562 0.07776616
331 50.349495 64 33 2 410.04453 0.06270249
332 50.199493 65 33 2 411.32626 0.06397377
333 50.04949 65 33 2 412.60797 0.062446166
334 49.89949 65 33 2 413.82867 0.062215086
335 49.74949 66 33 2 415.04956 0.077769935
336 49.599487 66 33 2 416.63647 0.07777047
337 49.449486 67 33 2 418.2232 0.06221689
338 49.299484 68 33 2 419.44385 0.054462194
339 49.149483 68 34 2 420.54523 0.06413486
340 48.99948 68 34 2 421.82693 0.06222109
341 48.84948 68 34 2 423.04767 0.06254735
342 48.69948 68 34 2 424.29477 0.05444776
343 48.549477 68 34 2 425.3935 0.06365565
344 48.399475 68 34 2 426.67538 0.077755325
345 48.249474 68 34 2 428.26215 0.06324146
346 48.099472 69 34 2 429.5438 0.054485265
347 47.94947 69 34 2 430.64243 0.054482054
348 47.79947 69 34 2 431.74112 0.062217005
349 47.649467 69 35 2 432.96188 0.06413486
350 47.499466 69 35 2 434.24344 0.046680365
351 47.349464 69 35 2 435.15915 0.06380921
352 47.199463 69 35 2 436.4407 0.046686023
353 47.04946 69 35 2 437.3564 0.06348509
354 46.89946 69 35 2 438.63812 0.06216769
355 46.74946 69 35 2 439.85867 0.046743326
356 46.599457 69 35 2 440.77438 0.06292156
357 46.449455 69 35 2 442.0561 0.06221505
358 46.299454 70 35 2 443.2768 0.06221505
359 46.149452 70 35 2 444.49753 0.06245719
360 45.99945 70 35 2 445.7307 0.061910197
361 45.84945 70 35 2 446.95142 0.061330978
362 45.699448 70 35 2 448.17212 0.060721166
363 45.549446 70 35 2 449.39282 0.060011055
364 45.399445 70 35 2 450.61368 0.07717452
365 45.249443 71 36 2 452.14273 0.06415799
366 45.09944 71 36 2 453.42444 0.06222109
367 44.94944 71 36 2 454.64532 0.077785805
368 44.79944 71 36 2 456.2321 0.06414285
369 44.649437 72 36 2 457.5138 0.062217858
370 44.499435 72 36 2 458.73434 0.04667307
371 44.349434 72 36 2 459.64996 0.054435894
372 44.199432 72 36 2 460.74866 0.06221782
373 44.04943 72 36 2 461.9692 0.04667301
374 43.89943 72 36 2 462.88474 0.04667301
375 43.749428 72 37 2 463.8049 0.06413486
376 43.599426 72 37 2 465.0868 0.07778338
377 43.449425 72 37 2 466.67355 0.06380031
378 43.299423 73 37 2 467.9553 0.06342662
379 43.14942 73 37 2 469.23703 0.06304808
380 42.99942 73 37 2 470.51877 0.06263322
381 42.84942 73 37 2 471.7788 0.06222744
382 42.699417 74 37 2 472.9995 0.06222744
383 42.549416 74 37 2 474.2202 0.06220203
384 42.399414 74 37 2 475.44092 0.061676722
385 42.249413 74 37 2 476.66147 0.047079068
386 42.09941 74 37 2 477.5773 0.07756251
387 41.94941 74 37 2 479.10303 0.06221079
388 41.799408 74 37 2 480.32373 0.06221079
389 41.649406 75 37 2 481.54443 0.061114393
390 41.499405 76 38 2 482.77045 0.062217716
391 41.349403 76 38 2 483.99115 0.062217727
392 41.1994 76 38 2 485.21185 0.062217727
393 41.0494 76 38 2 486.43256 0.062217727
394 40.8994 76 38 2 487.6531 0.046672836
395 40.749397 76 38 2 488.56882 0.06269777
396 40.599396 76 38 2 489.85056 0.06391411
397 40.449394 76 38 2 491.1323 0.06348936
398 40.299393 76 38 2 492.414 0.062220283
399 40.14939 76 38 2 493.6349 0.07774258
400 39.99939 76 39 2 495.2261 0.06413486
401 39.84939 76 39 2 496.50784 0.06413404
402 39.699387 76 39 2 497.7894 0.046672836
403 39.549385 76 39 2 498.70526 0.077781685
404 39.399384 76 39 2 500.292 0.062217727
405 39.249382 76 39 2 501.51273 0.064121
406 39.09938 76 39 2 502.79446 0.06369609
407 38.94938 76 39 2 504.07635 0.07775566
408 38.799377 76 39 2 505.66327 0.07775669
409 38.649376 77 40 2 507.25534 0.06413486
410 38.499374 77 40 2 508.53708 0.06413404
411 38.349373 77 40 2 509.81882 0.06412561
412 38.19937 77 40 2 511.10056 0.06375961
413 38.04937 77 40 2 512.3641 0.06335563
414 37.89937 77 40 2 513.5847 0.05446592
415 37.749367 77 40 2 514.6834 0.06296008
416 37.599365 77 40 2 515.9041 0.061881587
417 37.449364 77 40 2 517.125 0.077681795
418 37.299362 77 40 2 518.7119 0.07768536
419 37.14936 77 40 2 520.29865 0.062136266
420 36.99936 77 40 2 521.51935 0.06149976
421 36.849358 78 40 2 522.74023 0.077486455
422 36.699356 78 40 2 524.32697 0.060672723
423 36.549355 78 40 2 525.54767 0.059853196
424 36.399353 79 41 2 526.76996 0.063836664
425 36.24935 79 41 2 527.99066 0.062382054
426 36.09935 79 41 2 529.21136 0.06332025
427 35.94935 79 41 2 530.43207 0.062952116
428 35.799347 79 41 2 531.6528 0.06256561
429 35.649345 79 41 2 532.8735 0.062165577
430 35.499344 80 41 2 534.0942 0.062220372
431 35.349342 80 41 2 535.3148 0.054562297
432 35.19934 80 41 2 536.4135 0.06150588
433 35.04934 80 41 2 537.6341 0.04697519
434 34.899338 80 41 2 538.6108 0.061606783
435 34.749336 80 41 2 539.8315 0.061128642
436 34.599335 80 41 2 541.05237 0.0774597
437 34.449333 80 41 2 542.6391 0.060884587
438 34.29933 80 41 2 543.8598 0.06016402
439 34.14933 81 42 2 545.08527 0.054435812
440 33.99933 81 42 2 546.1839 0.054435812
441 33.849327 81 42 2 547.2826 0.06269073
442 33.699326 81 42 2 548.5033 0.06259274
443 33.549324 81 42 2 549.724 0.06373664
444 33.399323 81 42 2 550.9447 0.06335143
445 33.24932 81 42 2 552.16534 0.05446592
446 33.09932 81 42 2 553.26404 0.0629561
447 32.949318 81 42 2 554.4847 0.054487832
448 32.799316 81 42 2 555.5834 0.06253566
449 32.649315 81 42 2 556.8041 0.062213317
450 32.499313 81 42 2 558.02466 0.046846908
451 32.34931 81 42 2 559.00134 0.062088255
452 32.19931 82 42 2 560.222 0.054580923
453 32.04931 82 42 2 561.32086 0.077615134
454 31.89931 83 42 2 562.90753 0.054598037
455 31.74931 83 42 2 564.0061 0.04698334
456 31.59931 83 42 2 564.9828 0.061660483
457 31.44931 83 42 2 566.2035 0.060627
458 31.29931 83 42 2 567.4242 0.060370285
459 31.149311 83 42 2 568.6449 0.058861956
460 30.999311 84 42 4 569.86554 0.054435812
461 30.849312 84 42 4 570.9642 0.054435812
462 30.699312 84 42 4 572.06287 0.06409328
463 30.549313 84 42 4 573.28375 0.07776531
464 30.399313 85 42 4 574.8704 0.054444764
465 30.249313 85 42 4 575.9691 0.062223896
466 30.099314 85 42 4 577.1898 0.062223896
467 29.949314 85 42 4 578.4105 0.062223632
468 29.799314 85 43 4 579.6369 0.07778168
469 29.649315 85 43 4 581.2237 0.06413486
470 29.499315 86 43 4 582.4469 0.06379587
471 29.349316 86 43 4 583.6675 0.04668892
472 29.199316 86 43 4 584.64417 0.063449465
473 29.049316 86 43 4 585.86487 0.06304808
474 28.899317 86 43 4 587.0856 0.06262563
475 28.749317 86 43 4 588.3063 0.061702803
476 28.599318 86 43 4 589.527 0.061932363
477 28.449318 86 43 4 590.74786 0.077585965
478 28.299318 86 43 4 592.3346 0.061327923
479 28.149319 86 43 4 593.5553 0.06073192
480 27.99932 87 43 4 594.776 0.060107432
481 27.84932 88 43 4 595.9967 0.05942461
482 27.69932 88 43 4 597.2174 0.05997846
483 27.54932 88 44 4 598.44086 0.062217727
484 27.39932 88 44 4 599.66156 0.062217727
485 27.249321 88 44 4 600.8822 0.054435745
486 27.099321 88 44 4 601.98083 0.054435756
487 26.949322 88 44 4 603.0795 0.064121
488 26.799322 88 44 4 604.30023 0.06373223
489 26.649323 88 44 4 605.5208 0.04670005
490 26.499323 88 44 4 606.49744 0.054446816
491 26.349323 88 44 4 607.59607 0.05446525
492 26.199324 88 44 4 608.69476 0.06337844
493 26.049324 88 44 4 609.91547 0.06286056
494 25.899324 88 44 4 611.13617 0.062323637
495 25.749325 88 44 4 612.3569 0.061774835
496 25.599325 89 44 4 613.5776 0.06115209
497 25.449326 89 44 4 614.7983 0.06046701
498 25.299326 89 44 4 616.019 0.05975615
499 25.149326 89 44 4 617.2396 0.05492747
500 24.999327 89 45 4 618.3386 0.06414413
501 24.849327 89 45 4 619.5685 0.06254952
502 24.699327 89 45 4 620.7892 0.062225617
503 24.549328 89 45 4 622.0099 0.062225617
504 24.399328 89 45 4 623.2306 0.06365565
505 24.249329 89 45 4 624.4513 0.06324973
506 24.099329 89 45 4 625.67194 0.054480996
507 23.94933 89 45 4 626.7706 0.062050316
508 23.79933 89 45 4 627.99133 0.06260693
509 23.64933 89 45 4 629.21204 0.062107
510 23.49933 89 45 4 630.43274 0.061559584
511 23.34933 90 45 4 631.6536 0.077508874
512 23.199331 90 45 4 633.24036 0.060843024
513 23.049332 91 45 4 634.46106 0.060161658
514 22.899332 91 45 4 635.68176 0.060336445
515 22.749332 91 46 4 636.90405 0.062217727
516 22.599333 91 46 4 638.1247 0.054435745
517 22.449333 91 46 4 639.2234 0.06269777
518 22.299334 91 46 4 640.4441 0.06261616
519 22.149334 91 46 4 641.6648 0.063764036
520 21.999334 91 46 4 642.8855 0.06338265
521 21.849335 91 46 4 644.1062 0.06296008
522 21.699335 91 46 4 645.3269 0.06222695
523 21.549335 91 46 4 646.5476 0.06222695
524 21.399336 91 46 4 647.7683 0.06253566
525 21.249336 91 46 4 648.98895 0.054538593
526 21.099337 91 46 4 650.08765 0.062029853
527 20.949337 92 46 4 651.30835 0.061443314
528 20.799337 92 46 4 652.52905 0.062237576
529 20.649338 93 46 4 653.74976 0.062237576
530 20.499338 93 46 4 654.97046 0.061043527
531 20.349339 93 46 4 656.19116 0.060368754
532 20.199339 93 47 4 657.41437 0.062220708
533 20.04934 93 47 4 658.6351 0.062220708
534 19.89934 93 47 4 659.8557 0.0544403
535 19.74934 93 47 4 660.95435 0.05444006
536 19.59934 93 47 4 662.05304 0.063841134
537 19.44934 93 47 4 663.27374 0.063449465
538 19.299341 93 47 4 664.4944 0.054477543
539 19.149342 93 47 4 665.5931 0.06213844
540 18.999342 93 47 4 666.8138 0.06279196
541 18.849342 94 47 4 668.0344 0.054505084
542 18.699343 94 47 4 669.1331 0.06221341
543 18.549343 95 47 4 670.35376 0.05451823
544 18.399343 95 47 4 671.4524 0.054512467
545 18.249344 95 47 4 672.5513 0.077712476
546 18.099344 95 47 4 674.138 0.062316395
547 17.949345 95 47 4 675.3587 0.061493468
548 17.799345 95 47 4 676.5794 0.060568273
549 17.649345 95 47 4 677.8001 0.05955975
550 17.499346 95 47 4 679.0208 0.058410786
551 17.349346 96 47 4 680.23083 0.05533166
552 17.199347 96 47 6 681.3297 0.07778168
553 17.049347 96 47 6 682.9165 0.06413949
554 16.899347 97 47 6 684.1431 0.063836664
555 16.749348 97 47 6 685.36383 0.06351651
556 16.599348 97 47 6 686.58453 0.062229656
557 16.449348 97 47 6 687.80524 0.06317952
558 16.299349 97 47 6 689.02594 0.062795855
559 16.14935 97 47 6 690.24664 0.062412634
560 15.99935 97 47 6 691.46735 0.06199383
561 15.84935 98 47 6 692.6879 0.04695646
562 15.69935 99 47 6 693.66455 0.054560937
563 15.549351 99 47 6 694.76324 0.061692256
564 15.399351 99 47 6 695.98395 0.061163865
565 15.2493515 100 47 6 697.2046 0.054674022
566 15.099352 100 47 6 698.3032 0.054652035
567 14.949352 100 47 6 699.4018 0.04716029
568 14.799353 101 47 6 700.3785 0.060897507
569 14.649353 101 47 6 701.5992 0.062229723
570 14.499353 101 47 6 702.8199 0.06020661
571 14.349354 101 48 6 704.04205 0.06398739
572 14.199354 101 48 6 705.26276 0.06366002
573 14.049355 101 48 6 706.48346 0.06332025
574 13.899355 101 48 6 707.70416 0.0629561
575 13.749355 101 48 6 708.92487 0.061911754
576 13.599356 101 48 6 710.14545 0.04680979
577 13.449356 102 48 6 711.12213 0.062438704
578 13.299356 102 48 6 712.3428 0.054523014
579 13.149357 102 48 6 713.4414 0.054535203
580 12.999357 102 48 6 714.5401 0.062052075
581 12.849358 102 48 6 715.76074 0.054568365
582 12.699358 102 48 6 716.8594 0.054556042
583 12.549358 102 48 6 717.958 0.054545958
584 12.399359 102 48 6 719.0567 0.061673462
585 12.249359 103 48 6 720.2774 0.062235534
586 12.0993595 103 48 6 721.49805 0.05463639
587 11.94936 103 48 6 722.59674 0.061099794
588 11.79936 103 49 6 723.8176 0.06402872
589 11.649361 103 49 6 725.0382 0.046666414
590 11.499361 103 49 6 726.0149 0.062223632
591 11.349361 103 49 6 727.2356 0.062488027
592 11.199362 103 49 6 728.4563 0.06352939
593 11.049362 103 49 6 729.677 0.06314862
594 10.899363 103 49 6 730.8977 0.06272752
595 10.749363 103 49 6 732.1184 0.06221569
596 10.599363 103 49 6 733.33905 0.05450361
597 10.449364 103 49 6 734.43774 0.062323637
598 10.299364 103 49 6 735.6584 0.054543357
599 10.149364 103 49 6 736.757 0.054534137
600 9.999365 103 49 6 737.8559 0.07762791
601 9.849365 103 49 6 739.4426 0.061791398
602 9.699366 104 49 6 740.6633 0.062218297
603 9.549366 104 49 6 741.88403 0.061099794
604 9.399366 104 50 6 743.10693 0.064121
605 9.249367 104 50 6 744.32764 0.06379587
606 9.099367 104 50 6 745.54834 0.062214218
607 8.949368 104 50 6 746.769 0.05445874
608 8.799368 104 50 6 747.8677 0.06345797
609 8.649368 104 50 6 749.0884 0.06307883
610 8.499369 104 50 6 750.309 0.054483205
611 8.349369 104 50 6 751.4077 0.06269348
612 8.199369 104 50 6 752.62836 0.05451562
613 8.04937 104 50 6 753.72705 0.06226093
614 7.8993697 104 50 6 754.9477 0.05455464
615 7.7493696 104 50 6 756.0464 0.062208533
616 7.5993695 104 50 6 757.267 0.05454522
617 7.4493694 104 50 6 758.36566 0.054534137
618 7.2993693 104 50 6 759.4643 0.05452508
619 7.1493692 104 50 6 760.563 0.06222403
620 6.999369 104 50 6 761.7837 0.061954536
621 6.849369 104 50 6 763.0044 0.06105051
622 6.699369 104 50 6 764.2251 0.060053475
623 6.549369 104 50 6 765.4458 0.05890932
624 6.399369 105 50 6 766.66644 0.055215977
625 6.2493687 105 50 8 767.7651 0.05443573
626 6.0993686 105 50 8 768.8637 0.05443573
627 5.9493685 105 50 8 769.96246 0.06413486
628 5.7993684 105 50 8 771.18555 0.063764036
629 5.6493683 105 50 8 772.40625 0.06337844
630 5.499368 105 50 8 773.62695 0.062952116
631 5.349368 105 50 8 774.8476 0.054487832
632 5.199368 105 50 8 775.9463 0.06253566
633 5.049368 105 50 8 777.1669 0.046863683
634 4.899368 105 50 8 778.1435 0.054520283
635 4.7493677 105 50 8 779.2421 0.05451223
636 4.5993676 105 50 8 780.34076 0.0545059
637 4.4493675 105 50 8 781.4394 0.054498143
638 4.2993674 105 50 8 782.538 0.054527078
639 4.1493673 105 50 8 783.6366 0.04680749
640 3.9993672 105 50 8 784.6133 0.06239392
641 3.8493671 105 50 8 785.834 0.06150292
642 3.699367 105 50 8 787.0547 0.060515013
643 3.549367 106 50 8 788.2753 0.05485617
644 3.3993669 106 50 8 789.37396 0.054843012
645 3.2493668 106 50 8 790.47266 0.05980886
646 3.0993667 107 50 10 791.69336 0.062220708
647 2.9493666 107 50 10 792.91406 0.06255388
648 2.7993665 107 50 10 794.13477 0.062225018
649 2.6493664 107 50 10 795.3554 0.054446205
650 2.4993663 107 50 10 796.4541 0.063687325
651 2.3493662 107 50 10 797.6748 0.06328495
652 2.199366 107 50 10 798.89545 0.054473773
653 2.049366 107 50 10 799.99414 0.06289104
654 1.899366 107 50 10 801.2148 0.054498516
655 1.749366 107 50 10 802.3135 0.06247219
656 1.5993661 107 50 10 803.5341 0.054550663
657 1.4493661 107 50 10 804.6328 0.06221729
658 1.2993661 107 50 10 805.85345 0.054542013
659 1.1493661 107 50 10 806.9521 0.054533523
660 0.99936616 107 50 10 808.0507 0.054523554
661 0.8493662 107 50 10 809.1494 0.062136266
662 0.6993662 107 50 10 810.3701 0.061324876
663 0.54936624 107 50 10 811.59076 0.054704797
664 0.39936623 107 50 10 812.6894 0.054702096
665 0.24936622 107 50 10 813.788 0.054660235
666 0.09936622 107 50 10 814.8867 0.060831968
667 -0.050633788 108 50 10 816.1074 0.059281
668 -0.2006338 108 50 12 817.3281 0.06386862
669 -0.3506338 108 50 12 818.5488 0.063560896
670 -0.50063384 108 50 12 819.76953 0.06222503
671 -0.6506338 108 50 12 820.99023 0.06222503
672 -0.8006338 108 50 12 822.21094 0.06324973
673 -0.95063376 108 50 12 823.43164 0.0628871
674 -1.1006337 108 50 12 824.65234 0.06250948
675 -1.2506337 109 50 12 825.873 0.05451866
676 -1.4006337 109 50 12 826.9717 0.062139783
677 -1.5506337 110 50 12 828.1923 0.05454913
678 -1.7006336 110 50 12 829.291 0.061727393
679 -1.8506336 111 50 12 830.51166 0.054607093
680 -2.0006337 111 50 12 831.6103 0.054593384
681 -2.1506338 111 50 12 832.7089 0.054579906
682 -2.300634 111 50 12 833.80756 0.054604564
683 -2.450634 111 50 12 834.90625 0.062226716
684 -2.600634 111 50 12 836.12695 0.062226716
685 -2.7506342 111 50 12 837.34766 0.061443314
686 -2.9006343 111 50 12 838.5683 0.054682378
687 -3.0506344 111 50 12 839.66693 0.054646604
688 -3.2006345 111 50 12 840.76556 0.054649714
689 -3.3506346 111 50 12 841.8642 0.0546464
690 -3.5006347 111 50 12 842.9628 0.054606978
691 -3.6506348 111 50 14 844.0616 0.06413486
692 -3.8006349 111 50 14 845.28564 0.063836664
693 -3.950635 111 50 14 846.50635 0.0635208
694 -4.100635 111 50 14 847.72705 0.06318773
695 -4.250635 111 50 14 848.94775 0.06284881
696 -4.4006352 111 50 14 850.16846 0.062475897
697 -4.5506353 111 50 14 851.3891 0.054520283
698 -4.7006354 111 50 14 852.48773 0.054515433
699 -4.8506355 111 50 14 853.58636 0.054510634
700 -5.0006356 111 50 14 854.685 0.054523345
701 -5.1506357 111 50 14 855.7836 0.054518692
702 -5.300636 111 50 14 856.8823 0.06223503
703 -5.450636 111 50 14 858.10297 0.054562297
704 -5.600636 111 50 14 859.2016 0.054552745
705 -5.750636 111 50 14 860.30023 0.0545415
706 -5.900636 111 50 14 861.3989 0.06184901
707 -6.0506363 111 50 14 862.6196 0.062239505
708 -6.2006364 111 50 14 863.8403 0.054625746
709 -6.3506365 111 50 14 864.93896 0.061266046
710 -6.5006366 111 50 14 866.1596 0.054696776
711 -6.6506367 111 50 14 867.25824 0.054693118
712 -6.800637 111 50 14 868.3569 0.054685175
713 -6.950637 111 50 14 869.4555 0.054670908
714 -7.100637 111 50 16 870.55414 0.05443573
715 -7.250637 111 50 16 871.6528 0.05443573
716 -7.400637 111 50 16 872.7514 0.05443573
717 -7.5506372 111 50 16 873.85016 0.06413486
718 -7.7006373 111 50 16 875.07294 0.06380921
719 -7.8506374 111 50 16 876.29364 0.06221338
720 -8.000637 111 50 16 877.5143 0.054457113
721 -8.150637 111 50 16 878.613 0.06348509
722 -8.300636 111 50 16 879.8337 0.06308693
723 -8.450636 111 50 16 881.0544 0.06268965
724 -8.600636 111 50 16 882.275 0.05451258
725 -8.750635 111 50 16 883.37366 0.05450806
726 -8.900635 111 50 16 884.47235 0.06229406
727 -9.050634 111 50 16 885.693 0.054548968
728 -9.200634 111 50 16 886.7917 0.062204193
729 -9.350634 111 50 16 888.0123 0.054537803
730 -9.500633 111 50 16 889.111 0.061893284
731 -9.650633 111 50 16 890.3317 0.062237676
732 -9.800632 111 50 16 891.55237 0.054621045
733 -9.950632 111 50 16 892.65106 0.061269052
734 -10.100632 111 50 16 893.8717 0.054696776
735 -10.250631 111 50 16 894.97034 0.054690212
736 -10.400631 111 50 16 896.069 0.054682378
737 -10.550631 111 50 16 897.1676 0.054668233
738 -10.70063 111 50 18 898.26636 0.06413486
739 -10.85063 111 50 18 899.4895 0.06383221
740 -11.000629 111 50 18 900.7102 0.06349364
741 -11.150629 111 50 18 901.9309 0.0631527
742 -11.300629 111 50 18 903.1516 0.062795855
743 -11.450628 111 50 18 904.37225 0.05449988
744 -11.600628 111 50 18 905.4709 0.054497156
745 -11.7506275 111 50 18 906.5696 0.06247219
746 -11.900627 112 50 18 907.7903 0.062231034
747 -12.050627 112 50 18 909.0109 0.054533523
748 -12.200626 112 50 18 910.1096 0.062074307
749 -12.350626 112 50 18 911.33026 0.05456423
750 -12.500626 112 50 18 912.4289 0.054551985
751 -12.650625 112 50 18 913.5275 0.054579906
752 -12.800625 112 50 18 914.6262 0.06171757
753 -12.950624 112 50 18 915.8469 0.062231664
754 -13.100624 112 50 18 917.06757 0.05463142
755 -13.250624 112 50 18 918.16626 0.061105616
756 -13.400623 112 51 18 919.3886 0.064051814
757 -13.550623 112 51 18 920.6093 0.06372783
758 -13.700623 112 51 18 921.83 0.06338265
759 -13.850622 112 51 18 923.0507 0.06301738
760 -14.000622 112 51 18 924.27136 0.05448558
761 -14.150621 112 51 18 925.37 0.054483205
762 -14.300621 112 51 18 926.4686 0.05447969
763 -14.450621 112 51 18 927.5673 0.06270114
764 -14.60062 112 51 18 928.788 0.062221494
765 -14.75062 112 51 18 930.0087 0.06225377
766 -14.9006195 112 51 18 931.2294 0.054560374
767 -15.050619 112 51 18 932.328 0.054550856
768 -15.200619 112 51 18 933.42664 0.0545415
769 -15.350618 112 51 18 934.5253 0.061852373
770 -15.500618 112 51 18 935.74603 0.062237676
771 -15.650618 112 51 18 936.9667 0.05462339
772 -15.800617 112 51 18 938.06537 0.061269052
773 -15.950617 112 51 18 939.286 0.05469378
774 -16.100616 112 51 18 940.38464 0.054690212
775 -16.250616 112 51 18 941.4833 0.054682378
776 -16.400616 112 51 18 942.5819 0.054670908
777 -16.550615 112 51 18 943.68054 0.05465398
778 -16.700615 112 51 20 944.7793 0.06413949
779 -16.850615 112 51 20 946.00775 0.06382775
780 -17.000614 112 51 20 947.22845 0.063480824
781 -17.150614 112 51 20 948.44916 0.06310962
782 -17.300613 112 51 20 949.6698 0.05447623
783 -17.450613 112 51 20 950.76843 0.054473966
784 -17.600613 112 51 20 951.8671 0.062757775
785 -17.750612 112 51 20 953.08777 0.054502137
786 -17.900612 112 51 20 954.18646 0.06234599
787 -18.050611 112 51 20 955.4071 0.054537803
788 -18.200611 112 51 20 956.50574 0.05452868
789 -18.35061 112 51 20 957.6044 0.054519724
790 -18.50061 112 51 20 958.703 0.05454892
791 -18.65061 112 51 20 959.8017 0.062016033
792 -18.80061 112 51 20 961.0224 0.0622179
793 -18.95061 112 51 20 962.2431 0.06127811
794 -19.100609 112 51 20 963.4638 0.06041657
795 -19.250608 113 52 20 964.6856 0.06222109
796 -19.400608 113 52 20 965.9063 0.062221292
797 -19.550608 113 52 20 967.127 0.06380921
798 -19.700607 113 52 20 968.3477 0.063449465
799 -19.850607 113 52 20 969.5684 0.06305212
800 -20.000607 113 52 20 970.78906 0.05448558
801 -20.150606 113 52 20 971.88776 0.06266715
802 -20.300606 113 52 20 973.10846 0.06222624
803 -20.450605 113 52 20 974.32916 0.062224325
804 -20.600605 113 52 20 975.5498 0.05456811
805 -20.750605 113 52 20 976.64844 0.054556545
806 -20.900604 113 52 20 977.7471 0.054547094
807 -21.050604 113 52 20 978.84576 0.061842304
808 -21.200603 113 52 20 980.06647 0.06220522
809 -21.350603 113 52 20 981.2871 0.054628108
810 -21.500603 113 52 20 982.3858 0.06122537
811 -21.650602 113 53 20 983.6066 0.06409788
812 -21.800602 113 53 20 984.82733 0.06377289
813 -21.950602 113 53 20 986.04803 0.063449465
814 -22.100601 113 53 20 987.2687 0.054470543
815 -22.2506 113 53 20 988.3674 0.06310962
816 -22.4006 113 53 20 989.588 0.05447623
817 -22.5506 113 53 20 990.68665 0.054473966
818 -22.7006 113 53 20 991.78534 0.062757775
819 -22.8506 113 53 20 993.006 0.054502137
820 -23.000599 113 53 20 994.1047 0.062323637
821 -23.150599 113 53 20 995.3253 0.05453965
822 -23.300598 113 53 20 996.42395 0.05453049
823 -23.450598 113 53 20 997.5226 0.054521505
824 -23.600597 113 53 20 998.6212 0.054550663
825 -23.750597 113 53 20 999.7199 0.062012594
826 -23.900597 113 53 20 1000.9406 0.06221967
827 -24.050596 113 53 20 1002.1613 0.061272066
828 -24.200596 113 54 20 1003.3838 0.062217727
829 -24.350595 113 54 20 1004.6045 0.06221774
830 -24.500595 113 54 20 1005.8252 0.064121
831 -24.650595 113 54 20 1007.04584 0.054442797
832 -24.800594 113 54 20 1008.14453 0.063768454
833 -24.950594 113 54 20 1009.36523 0.06338265
834 -25.100594 113 54 20 1010.5859 0.054464024
835 -25.250593 113 54 20 1011.6846 0.06298672
836 -25.400593 113 54 20 1012.9053 0.06222695
837 -25.550592 113 54 20 1014.1259 0.054502968
838 -25.700592 113 54 20 1015.22455 0.054480102
839 -25.850592 113 54 20 1016.3232 0.054475076
840 -26.000591 113 54 20 1017.4218 0.05447138
841 -26.15059 113 54 20 1018.52045 0.054504618
842 -26.30059 113 54 20 1019.61914 0.06268965
843 -26.45059 113 54 20 1020.8398 0.054550663
844 -26.60059 113 54 20 1021.9385 0.062012594
845 -26.75059 113 54 20 1023.1591 0.054602165
846 -26.900589 113 54 20 1024.2291 0.05461404
847 -27.050589 113 54 20 1025.2057 0.054584373
848 -27.200588 113 54 20 1026.1823 0.054591566
849 -27.350588 113 54 20 1027.1589 0.061559584
850 -27.500587 113 54 22 1028.3796 0.06391411
851 -27.650587 113 54 22 1029.6003 0.063592434
852 -27.800587 113 54 22 1030.821 0.062224474
853 -27.950586 113 54 22 1032.0417 0.06325387
854 -28.100586 113 54 22 1033.2625 0.06289104
855 -28.250586 113 54 22 1034.483 0.054487832
856 -28.400585 113 54 22 1035.4596 0.054485228
857 -28.550585 113 54 22 1036.4363 0.06254315
858 -28.700584 113 54 22 1037.657 0.06222201
859 -28.850584 113 54 22 1038.8776 0.054520283
860 -29.000584 113 54 22 1039.8541 0.054515433
861 -29.150583 113 54 22 1040.8308 0.062232304
862 -29.300583 113 54 22 1042.0514 0.054507475
863 -29.450583 113 54 22 1043.028 0.054501224
864 -29.600582 113 54 22 1044.0046 0.062257346
865 -29.750582 113 54 22 1045.2253 0.062215198
866 -29.900581 113 54 22 1046.446 0.061543696
867 -30.050581 113 54 22 1047.6666 0.054674022
868 -30.20058 113 54 22 1048.6432 0.054673586
869 -30.35058 113 54 22 1049.6198 0.05463668
870 -30.50058 113 54 22 1050.5963 0.0546339
871 -30.65058 113 54 22 1051.573 0.06116091
872 -30.80058 113 54 24 1052.7937 0.06391411
873 -30.950579 113 54 24 1054.0144 0.06359677
874 -31.100578 113 54 24 1055.2351 0.06328079
875 -31.250578 113 54 24 1056.4557 0.054466877
876 -31.400578 113 54 24 1057.4323 0.05446592
877 -31.550577 113 54 24 1058.4089 0.06297874
878 -31.700577 113 54 24 1059.6295 0.054495357
879 -31.850576 113 54 24 1060.6061 0.054491643
880 -32.000576 113 54 24 1061.5828 0.062629424
881 -32.150578 113 54 24 1062.8035 0.062231082
882 -32.30058 113 54 24 1064.0242 0.062169105
883 -32.45058 113 54 24 1065.2448 0.054556973
884 -32.600582 113 54 24 1066.2213 0.054566167
885 -32.750584 113 54 24 1067.1979 0.05455464
886 -32.900585 113 54 24 1068.1744 0.05454522
887 -33.050587 113 54 24 1069.1511 0.061845653
888 -33.20059 113 54 24 1070.3718 0.06221079
889 -33.35059 113 54 24 1071.5925 0.06115209
890 -33.50059 113 55 24 1072.8143 0.06408868
891 -33.650593 113 55 24 1074.035 0.063764036
892 -33.800594 113 55 24 1075.2557 0.06342238
893 -33.950596 113 55 24 1076.4763 0.054472253
894 -34.100597 113 55 24 1077.453 0.063082874
895 -34.2506 113 55 24 1078.6736 0.05447969
896 -34.4006 113 55 24 1079.6501 0.05447623
897 -34.550602 113 55 24 1080.6268 0.06272752
898 -34.700603 113 55 24 1081.8475 0.06221799
899 -34.850605 113 55 24 1083.0681 0.05450657
900 -35.000607 113 55 24 1084.0447 0.05450067
901 -35.150608 113 55 24 1085.0214 0.062210035
902 -35.30061 113 55 24 1086.242 0.054513894
903 -35.45061 113 55 24 1087.2186 0.062382925
904 -35.600613 113 55 24 1088.4393 0.06171757
905 -35.750614 113 55 24 1089.66 0.062207364
906 -35.900616 113 55 24 1090.8807 0.06094934
907 -36.050617 113 56 24 1092.1033 0.062218286
908 -36.20062 113 56 24 1093.324 0.062218286
909 -36.35062 113 56 24 1094.5447 0.06401046
910 -36.50062 113 56 24 1095.7654 0.06365565
911 -36.650623 113 56 24 1096.9861 0.06327664
912 -36.800625 113 56 24 1098.2068 0.06288316
913 -36.950626 113 56 24 1099.4275 0.06244978
914 -37.100628 113 56 24 1100.6481 0.054538593
915 -37.25063 113 56 24 1101.6248 0.062045146
916 -37.40063 113 56 24 1102.8453 0.05456629
917 -37.550632 113 56 24 1103.8219 0.05455401
918 -37.700634 113 56 24 1104.7985 0.054543957
919 -37.850636 113 56 24 1105.775 0.05457006
920 -38.000637 113 56 24 1106.7517 0.061730675
921 -38.15064 113 56 24 1107.9724 0.062227815
922 -38.30064 113 56 24 1109.1931 0.06105051
923 -38.45064 113 56 24 1110.4137 0.054748707
924 -38.600643 113 57 24 1111.3909 0.06413949
925 -38.750645 113 57 24 1112.6116 0.06383221
926 -38.900646 113 57 24 1113.8322 0.054457113
927 -39.050648 113 57 24 1114.8088 0.06348509
928 -39.20065 113 57 24 1116.0295 0.06310962
929 -39.35065 113 57 24 1117.2501 0.054478534
930 -39.500652 113 57 24 1118.2268 0.062723674
931 -39.650654 113 57 24 1119.4475 0.062219154
932 -39.800655 113 57 24 1120.6681 0.05450806
933 -39.950657 113 57 24 1121.6447 0.05450361
934 -40.10066 113 57 24 1122.6212 0.054516777
935 -40.25066 113 57 24 1123.5978 0.05451104
936 -40.40066 113 57 24 1124.5743 0.054505408
937 -40.550663 113 57 24 1125.551 0.06244239
938 -40.700665 113 57 24 1126.7717 0.06221887
939 -40.850666 113 57 24 1127.9924 0.061727393
940 -41.000668 113 57 24 1129.2131 0.06088076
941 -41.15067 113 57 24 1130.4337 0.054786388
942 -41.30067 113 57 24 1131.4103 0.05476491
943 -41.450672 113 57 24 1132.4678 0.054742504
944 -41.600674 113 57 24 1133.4443 0.05471658
945 -41.750675 113 57 26 1134.421 0.062217716
946 -41.900677 113 57 26 1135.6417 0.06413949
947 -42.05068 113 57 26 1136.8624 0.063764036
948 -42.20068 113 57 26 1138.083 0.05446525
949 -42.35068 113 57 26 1139.0597 0.06337844
950 -42.500683 113 57 26 1140.2804 0.06222975
951 -42.650684 113 57 26 1141.501 0.054469794
952 -42.800686 113 58 26 1142.4797 0.062217712
953 -42.950687 113 58 26 1143.7004 0.062217716
954 -43.10069 113 58 26 1144.9211 0.06413486
955 -43.25069 113 58 26 1146.1417 0.054441623
956 -43.400692 113 58 26 1147.1184 0.06379587
957 -43.550694 113 58 26 1148.3391 0.06339109
958 -43.700695 113 58 26 1149.5597 0.05446215
959 -43.850697 113 58 26 1150.5364 0.063013375
960 -44.000698 113 58 26 1151.757 0.054500405
961 -44.1507 113 58 26 1152.7335 0.05449661
962 -44.3007 113 58 26 1153.7101 0.05447384
963 -44.450703 113 58 26 1154.6868 0.062218193
964 -44.600704 113 58 26 1155.9073 0.054470167
965 -44.750706 113 58 26 1156.884 0.06264082
966 -44.900707 114 58 26 1158.1047 0.061961357
967 -45.05071 114 58 26 1159.3253 0.05461404
968 -45.20071 114 58 26 1160.302 0.06127811
969 -45.35071 114 58 26 1161.5226 0.05472251
970 -45.500713 114 58 26 1162.4991 0.054681543
971 -45.650715 114 58 26 1163.4757 0.054674022
972 -45.800716 114 58 26 1164.4523 0.054662913
973 -45.950718 114 58 28 1165.4288 0.05443573
974 -46.10072 114 58 28 1166.4054 0.05443573
975 -46.25072 114 58 28 1167.3821 0.06413486
976 -46.400723 114 58 28 1168.6028 0.063764036
977 -46.550724 114 58 28 1169.8235 0.06337844
978 -46.700726 114 58 28 1171.0442 0.062952116
979 -46.850727 114 58 28 1172.2649 0.062229976
980 -47.00073 114 58 28 1173.4856 0.06250575
981 -47.15073 114 58 28 1174.7062 0.0545403
982 -47.30073 114 58 28 1175.6827 0.054533523
983 -47.450733 114 58 28 1176.6593 0.054525197
984 -47.600735 114 58 28 1177.6359 0.054517042
985 -47.750736 114 58 28 1178.6125 0.062146828
986 -47.900738 114 58 28 1179.8333 0.062226716
987 -48.05074 114 58 28 1181.054 0.061443314
988 -48.20074 114 58 28 1182.2747 0.060576085
989 -48.350742 114 59 28 1183.4971 0.06222017
990 -48.500744 114 59 28 1184.7178 0.06222017
991 -48.650745 114 59 28 1185.9385 0.06386862
992 -48.800747 114 59 28 1187.1592 0.06349364
993 -48.95075 114 59 28 1188.3799 0.06311775
994 -49.10075 114 59 28 1189.6005 0.05447738
995 -49.25075 114 59 28 1190.5771 0.06272752
996 -49.400753 114 59 28 1191.7977 0.05450657
997 -49.550755 114 59 28 1192.7744 0.062316395
998 -49.700756 114 59 28 1193.995 0.05454522
999 -49.850758 114 59 28 1194.9717 0.062239364
1000 -50.00076 114 59 28 1196.1923 0.054535966
1001 -50.15076 114 59 28 1197.1688 0.054526877

----QMATRIX: [Sensed Threat] > ACTION == UTILITY------
[0.0,0.0,1.0,0.0,0.0,0.0,0.0,0.0] > ACTION_NONE == -2.6507334E-5
[0.0,1.0,1.0,1.0,1.0,0.0,1.0,1.0] > ACTION_BACK == -0.021112109
[0.0,1.0,1.0,0.0,0.0,1.0,1.0,1.0] > ACTION_NONE == -0.08417449
[1.0,1.0,1.0,0.0,1.0,0.0,1.0,1.0] > ACTION_LEFT == -0.1
[0.0,1.0,0.0,1.0,1.0,1.0,1.0,0.0] > ACTION_BACK == -3.4987326E-5
[0.0,1.0,1.0,0.0,0.0,1.0,1.0,0.0] > ACTION_BACK == -0.02332666
[0.0,1.0,0.0,1.0,0.0,1.0,1.0,0.0] > ACTION_RIGHT == -0.0034773876
[0.0,1.0,0.0,1.0,0.0,1.0,1.0,0.0] > ACTION_BACK == -0.0058341124
[0.0,1.0,0.0,1.0,0.0,1.0,0.0,0.0] > ACTION_RIGHT == -6.586678E-5
[0.0,0.0,1.0,0.0,1.0,0.0,0.0,0.0] > ACTION_NONE == -6.343048E-6
[1.0,1.0,0.0,0.0,0.0,0.0,1.0,0.0] > ACTION_BACK == -1.3273952E-7
[0.0,1.0,0.0,0.0,1.0,0.0,1.0,0.0] > ACTION_RIGHT == -3.0815657E-4
[0.0,1.0,2.0,1.0,0.0,1.0,2.0,1.0] > ACTION_BACK == -0.024389999
[1.0,0.0,1.0,0.0,1.0,0.0,1.0,0.0] > ACTION_BACK == -7.398584E-4
[0.0,1.0,2.0,2.0,2.0,0.0,2.0,1.0] > ACTION_RIGHT == -0.1
[0.0,1.0,0.0,1.0,0.0,0.0,0.0,0.0] > ACTION_BACK == -2.338702E-4
[0.0,1.0,1.0,1.0,0.0,0.0,1.0,1.0] > ACTION_NONE == -0.09000001
[1.0,1.0,0.0,1.0,0.0,1.0,1.0,0.0] > ACTION_NONE == -0.021710476
[0.0,1.0,0.0,0.0,1.0,0.0,0.0,0.0] > ACTION_RIGHT == -3.4030905E-5
[0.0,1.0,0.0,0.0,1.0,2.0,2.0,0.0] > ACTION_RIGHT == -5.0124487E-5
[0.0,1.0,0.0,2.0,0.0,0.0,2.0,0.0] > ACTION_BACK == -1.7668115E-5
[0.0,1.0,1.0,1.0,0.0,1.0,1.0,0.0] > ACTION_BACK == -0.01595484
[0.0,1.0,0.0,2.0,0.0,0.0,0.0,0.0] > ACTION_RIGHT == -5.9280096E-6
[0.0,1.0,0.0,1.0,1.0,0.0,1.0,1.0] > ACTION_BACK == -0.0090
[0.0,0.0,1.0,0.0,1.0,0.0,0.0,0.0] > ACTION_BACK == -2.6000334E-6
[0.0,0.0,1.0,2.0,0.0,0.0,0.0,0.0] > ACTION_RIGHT == -1.7890583E-6
[1.0,1.0,0.0,1.0,1.0,0.0,1.0,0.0] > ACTION_BACK == -0.011482032
[0.0,1.0,1.0,1.0,1.0,1.0,1.0,1.0] > ACTION_NONE == -0.113937266
[1.0,1.0,1.0,1.0,1.0,0.0,1.0,1.0] > ACTION_NONE == -0.39356354
[0.0,1.0,0.0,1.0,0.0,0.0,1.0,0.0] > ACTION_RIGHT == -0.0012071184
[1.0,1.0,1.0,1.0,0.0,1.0,1.0,0.0] > ACTION_NONE == -0.0021951
[0.0,0.0,1.0,1.0,0.0,0.0,0.0,0.0] > ACTION_NONE == -8.1436876E-5
[1.0,2.0,1.0,2.0,2.0,0.0,1.0,1.0] > ACTION_BACK == -0.2439
[0.0,1.0,0.0,1.0,0.0,2.0,2.0,0.0] > ACTION_NONE == -1.9441746E-4
[1.0,1.0,1.0,1.0,1.0,0.0,1.0,0.0] > ACTION_BACK == -0.004994955
[1.0,1.0,1.0,0.0,0.0,0.0,1.0,1.0] > ACTION_BACK == -0.25973067
[1.0,0.0,0.0,0.0,0.0,0.0,0.0,0.0] > ACTION_BACK == -9.1053704E-7
[1.0,1.0,0.0,1.0,0.0,1.0,1.0,0.0] > ACTION_RIGHT == -0.019313954
[0.0,1.0,1.0,1.0,0.0,0.0,1.0,1.0] > ACTION_BACK == -0.041037254
[0.0,1.0,1.0,1.0,0.0,0.0,1.0,1.0] > ACTION_RIGHT == -0.1
[1.0,1.0,0.0,1.0,0.0,1.0,1.0,0.0] > ACTION_BACK == -0.008121646
[0.0,1.0,0.0,1.0,1.0,1.0,1.0,1.0] > ACTION_BACK == -0.0081
[1.0,1.0,1.0,0.0,0.0,0.0,1.0,0.0] > ACTION_BACK == -0.15561211
[1.0,0.0,0.0,1.0,1.0,0.0,1.0,0.0] > ACTION_BACK == -6.561001E-5
[1.0,1.0,1.0,1.0,1.0,0.0,1.0,1.0] > ACTION_BACK == -0.17030902
[0.0,1.0,1.0,1.0,1.0,1.0,1.0,1.0] > ACTION_RIGHT == -0.1
[0.0,1.0,1.0,1.0,1.0,1.0,1.0,1.0] > ACTION_BACK == -0.09984134
[0.0,1.0,2.0,1.0,0.0,1.0,2.0,1.0] > ACTION_NONE == -0.004735285
[1.0,1.0,0.0,0.0,0.0,0.0,1.0,1.0] > ACTION_BACK == -0.090001464
[1.0,0.0,0.0,1.0,0.0,1.0,1.0,0.0] > ACTION_BACK == -9.7149075E-4
[1.0,2.0,2.0,1.0,1.0,2.0,0.0,1.0] > ACTION_BACK == -0.0081
[0.0,1.0,0.0,1.0,0.0,1.0,0.0,0.0] > ACTION_BACK == -0.0013352586
[1.0,1.0,1.0,1.0,1.0,1.0,0.0,1.0] > ACTION_NONE == -0.004875702
[0.0,1.0,1.0,0.0,0.0,1.0,1.0,1.0] > ACTION_BACK == -0.07643949
[0.0,0.0,2.0,0.0,0.0,0.0,0.0,0.0] > ACTION_NONE == -2.5890586E-7
[0.0,0.0,1.0,0.0,1.0,0.0,0.0,0.0] > ACTION_RIGHT == -1.5972155E-5
[1.0,1.0,1.0,0.0,0.0,1.0,1.0,0.0] > ACTION_BACK == -0.0073912847
[0.0,0.0,1.0,0.0,0.0,0.0,0.0,0.0] > ACTION_BACK == -4.904273E-5
[0.0,0.0,1.0,0.0,0.0,0.0,0.0,0.0] > ACTION_RIGHT == -2.6077629E-5
[0.0,1.0,0.0,1.0,0.0,0.0,0.0,0.0] > ACTION_RIGHT == -1.8674131E-4
[0.0,1.0,1.0,1.0,0.0,1.0,1.0,1.0] > ACTION_BACK == -0.122637674
[0.0,1.0,0.0,1.0,0.0,2.0,2.0,0.0] > ACTION_RIGHT == -1.3850999E-4
[0.0,1.0,0.0,0.0,0.0,0.0,0.0,1.0] > ACTION_BACK == -7.630873E-8
[1.0,1.0,2.0,1.0,0.0,1.0,1.0,0.0] > ACTION_NONE == -0.0035145897
[0.0,1.0,1.0,0.0,1.0,1.0,1.0,1.0] > ACTION_BACK == -0.0028009617
[1.0,1.0,1.0,1.0,0.0,1.0,1.0,0.0] > ACTION_BACK == -0.051917173
[0.0,0.0,1.0,1.0,0.0,0.0,0.0,0.0] > ACTION_BACK == -7.2920164E-5
[1.0,1.0,1.0,1.0,0.0,1.0,1.0,0.0] > ACTION_RIGHT == -8.0999994E-4
[0.0,0.0,1.0,1.0,0.0,0.0,0.0,0.0] > ACTION_RIGHT == -7.0582675E-5
[1.0,1.0,0.0,1.0,1.0,0.0,1.0,1.0] > ACTION_BACK == -0.014233873
[1.0,2.0,1.0,2.0,2.0,0.0,1.0,1.0] > ACTION_RIGHT == -0.09000001
[1.0,2.0,2.0,1.0,0.0,2.0,0.0,1.0] > ACTION_BACK == -0.0034993843
[1.0,1.0,0.0,1.0,1.0,1.0,1.0,1.0] > ACTION_BACK == -0.0021141006
[0.0,2.0,0.0,1.0,0.0,2.0,1.0,0.0] > ACTION_NONE == -7.6000794E-4
[0.0,1.0,0.0,1.0,0.0,1.0,1.0,0.0] > ACTION_NONE == -0.0036988244
[0.0,0.0,0.0,0.0,0.0,0.0,0.0,0.0] > ACTION_BACK == -3.8053013E-6
[0.0,0.0,0.0,0.0,0.0,0.0,0.0,0.0] > ACTION_RIGHT == -3.5265916E-6
[1.0,2.0,0.0,1.0,0.0,2.0,1.0,0.0] > ACTION_NONE == -1.4306254E-4
[0.0,1.0,2.0,2.0,2.0,1.0,1.0,1.0] > ACTION_BACK == -0.03066328
[1.0,1.0,1.0,1.0,1.0,0.0,1.0,1.0] > ACTION_RIGHT == -0.3864353
[1.0,1.0,0.0,0.0,0.0,0.0,0.0,1.0] > ACTION_BACK == -3.1781144E-7
[1.0,1.0,1.0,1.0,0.0,1.0,1.0,1.0] > ACTION_BACK == -0.0101899635
[0.0,1.0,1.0,1.0,0.0,1.0,0.0,1.0] > ACTION_BACK == -0.0013851005
[1.0,0.0,0.0,0.0,0.0,0.0,0.0,1.0] > ACTION_BACK == -4.7942183E-7
[1.0,1.0,1.0,0.0,1.0,1.0,0.0,1.0] > ACTION_BACK == -0.15020064
[1.0,1.0,0.0,1.0,0.0,1.0,1.0,1.0] > ACTION_RIGHT == -0.0090
[0.0,1.0,1.0,1.0,1.0,1.0,0.0,1.0] > ACTION_BACK == -7.29E-4
[0.0,1.0,1.0,1.0,0.0,1.0,1.0,1.0] > ACTION_NONE == -0.118136086
[1.0,1.0,1.0,0.0,0.0,0.0,1.0,1.0] > ACTION_RIGHT == -0.09
[1.0,1.0,1.0,1.0,1.0,1.0,1.0,1.0] > ACTION_RIGHT == -0.1
[0.0,0.0,2.0,0.0,0.0,0.0,0.0,0.0] > ACTION_BACK == -2.9031264E-7
[0.0,0.0,2.0,0.0,0.0,0.0,0.0,0.0] > ACTION_RIGHT == -4.850361E-7
[1.0,1.0,1.0,1.0,1.0,1.0,1.0,1.0] > ACTION_BACK == -0.04493591
[1.0,1.0,1.0,1.0,1.0,1.0,0.0,1.0] > ACTION_BACK == -0.0081
[0.0,1.0,1.0,1.0,0.0,1.0,1.0,1.0] > ACTION_RIGHT == -0.12551428
[1.0,1.0,1.0,0.0,0.0,1.0,0.0,1.0] > ACTION_NONE == -0.080270745
[0.0,1.0,0.0,1.0,0.0,1.0,0.0,0.0] > ACTION_NONE == -4.362136E-4
[0.0,2.0,0.0,1.0,0.0,2.0,1.0,0.0] > ACTION_BACK == -0.0012233456
[1.0,1.0,1.0,0.0,0.0,1.0,1.0,1.0] > ACTION_BACK == -0.11244737
[0.0,0.0,2.0,0.0,0.0,0.0,0.0,0.0] > ACTION_LEFT == -1.6056332E-7
[0.0,1.0,0.0,0.0,2.0,0.0,0.0,0.0] > ACTION_RIGHT == -1.9234011E-4
[1.0,2.0,0.0,2.0,0.0,2.0,1.0,0.0] > ACTION_RIGHT == -0.0021951
[0.0,0.0,1.0,0.0,2.0,0.0,0.0,0.0] > ACTION_RIGHT == -4.3405868E-7
[0.0,1.0,0.0,1.0,1.0,0.0,1.0,0.0] > ACTION_BACK == -0.0021459728
[0.0,1.0,1.0,0.0,0.0,1.0,1.0,0.0] > ACTION_NONE == -0.025843786
[1.0,1.0,1.0,0.0,1.0,1.0,0.0,1.0] > ACTION_RIGHT == -0.09
[1.0,1.0,1.0,1.0,0.0,1.0,0.0,1.0] > ACTION_BACK == -0.06156164
[1.0,1.0,1.0,1.0,0.0,1.0,0.0,1.0] > ACTION_RIGHT == -0.015390007
[0.0,1.0,0.0,2.0,0.0,0.0,2.0,0.0] > ACTION_NONE == -3.3681612E-5
[0.0,1.0,0.0,1.0,0.0,0.0,1.0,0.0] > ACTION_BACK == -0.0014598824
[0.0,1.0,0.0,1.0,0.0,2.0,1.0,0.0] > ACTION_RIGHT == -5.6086923E-4
[1.0,1.0,1.0,1.0,1.0,0.0,1.0,0.0] > ACTION_NONE == -0.0054093236
[0.0,0.0,2.0,0.0,2.0,0.0,0.0,0.0] > ACTION_RIGHT == -1.6632965E-6
[1.0,2.0,0.0,2.0,0.0,2.0,1.0,0.0] > ACTION_BACK == -1.3850999E-4
