-----Simulation Parameters-----
Iteration Length: 200
Iteration Qty: 1000.0
Learning Rate: 0.1
Discount Factor: 0.9
Decay: 0.15
Max View Distance: 10.0

-----SIMULATION STEPS------
Steps | Exploration Rate | QMatrix Size | Crashes | Victories | Distance Moved | Speed
1 99.85 0 0 0 0.62164116 0.015563965
2 99.7 0 0 0 0.93444633 0.015563965
3 99.549995 0 0 0 1.2475624 0.04667282
4 99.399994 0 0 0 2.1820068 0.031108856
5 99.24999 0 0 0 2.803648 0.015563965
6 99.09999 0 0 0 3.1166174 0.03206743
7 98.94999 0 0 0 3.7572868 0.03198462
8 98.79999 0 0 0 4.396735 0.031110968
9 98.64999 0 0 0 5.0183764 0.01557379
10 98.499985 0 0 0 5.3314924 0.046673138
11 98.34998 0 0 0 6.2660933 0.046673212
12 98.19998 0 0 0 7.2005463 0.031884227
13 98.04998 0 0 0 7.838954 0.046654742
14 97.89998 0 0 0 8.773398 0.031114843
15 97.74998 0 0 0 9.395201 0.031776138
16 97.599976 0 0 0 10.028565 0.031646643
17 97.449974 0 0 0 10.661287 0.046637952
18 97.29997 0 0 0 11.5957365 0.0315107
19 97.14997 0 0 0 12.226016 0.015664397
20 96.99997 0 0 0 12.540729 0.015656903
21 96.84997 0 0 0 12.855441 0.015647234
22 96.69997 0 0 0 13.170462 0.04661985
23 96.549965 0 0 0 14.10094 0.015647234
24 96.39996 0 0 0 14.415652 0.015637932
25 96.24996 0 0 0 14.730365 0.015628997
26 96.09996 0 0 0 15.045077 0.015622536
27 95.94996 0 0 0 15.35979 0.015652174
28 95.79996 0 0 0 15.674658 0.031107476
29 95.649956 0 0 0 16.300268 0.031107476
30 95.499954 0 0 0 16.925882 0.031549558
31 95.34995 0 0 0 17.55887 0.046620943
32 95.19995 0 0 0 18.489523 0.03341834
33 95.04995 0 0 0 19.151022 0.031102097
34 94.89995 0 0 0 19.769003 0.031102097
35 94.74995 1 1 0 20.38975 0.03206743
36 94.599945 1 1 0 21.03061 0.03110933
37 94.44994 1 1 0 21.652414 0.031989153
38 94.29994 1 1 0 22.29312 0.015571863
39 94.14994 1 1 0 22.606089 0.031916104
40 93.99994 1 1 0 23.245409 0.031816363
41 93.84994 1 1 0 23.878649 0.031740412
42 93.699936 1 1 0 24.51204 0.04665581
43 93.549934 1 1 0 25.44664 0.04665599
44 93.39993 1 1 0 26.38093 0.015607124
45 93.24993 1 1 0 26.693735 0.015603767
46 93.09993 1 1 0 27.006695 0.03110216
47 92.94993 1 1 0 27.62849 0.03110216
48 92.79993 1 1 0 28.250132 0.0156005025
49 92.649925 1 1 0 28.562937 0.01559733
50 92.49992 1 1 0 28.876053 0.046655633
51 92.34992 1 1 0 29.810503 0.031646643
52 92.19992 1 1 0 30.443737 0.031108785
53 92.04992 1 1 0 31.065533 0.031108785
54 91.89992 1 1 0 31.687328 0.031108785
55 91.749916 1 1 0 32.31102 0.031108785
56 91.599915 1 1 0 32.936474 0.015648177
57 91.44991 1 1 0 33.24944 0.031549558
58 91.29991 1 1 0 33.88252 0.015654452
59 91.14991 1 1 0 34.195324 0.015644876
60 90.99991 1 1 0 34.50813 0.015635664
61 90.84991 1 1 0 34.821095 0.03148004
62 90.699905 1 1 0 35.45433 0.0313391
63 90.549904 1 1 0 36.07793 0.015770221
64 90.3999 1 1 0 36.398514 0.031101177
65 90.2499 1 1 0 37.016346 0.015750553
66 90.0999 1 1 0 37.337086 0.04662315
67 89.9499 1 1 0 38.267715 0.031215677
68 89.7999 1 1 0 38.885548 0.015864704
69 89.649895 2 1 0 39.20613 0.031045878
70 89.49989 2 1 0 39.823963 0.015936956
71 89.34989 3 2 0 40.14215 0.03206743
72 89.19989 3 2 0 40.782856 0.015565648
73 89.04989 3 2 0 41.095825 0.031993695
74 88.89989 3 2 0 41.73653 0.015571267
75 88.749886 3 2 0 42.049522 0.034504194
76 88.599884 3 2 0 42.73598 0.0155765
77 88.44988 3 2 0 43.048946 0.03174896
78 88.29988 3 2 0 43.682026 0.015594251
79 88.14988 3 2 0 43.99499 0.031673618
80 87.99988 3 2 0 44.628227 0.031105598
81 87.84988 3 2 0 45.253994 0.046637308
82 87.699875 3 2 0 46.19228 0.033845253
83 87.54987 3 2 0 46.86598 0.031103622
84 87.39987 3 2 0 47.491432 0.015690988
85 87.24987 3 2 0 47.804394 0.031101892
86 87.09987 3 2 0 48.430004 0.031101892
87 86.94987 3 2 0 49.055614 0.031101892
88 86.799866 3 2 0 49.681225 0.03138082
89 86.649864 3 2 0 50.306988 0.046603743
90 86.49986 3 2 0 51.23762 0.031116012
91 86.34986 3 2 0 51.86323 0.031249158
92 86.19986 3 2 0 52.486263 0.031104576
93 86.04986 3 2 0 53.104095 0.015880564
94 85.89986 3 2 0 53.42453 0.015856905
95 85.749855 3 2 0 53.745113 0.031045878
96 85.59985 3 2 0 54.363094 0.030916145
97 85.44985 3 2 0 54.981075 0.031128235
98 85.29985 3 2 0 55.599056 0.03075146
99 85.14985 3 2 0 56.210503 0.030583411
100 84.99985 4 2 0 56.820786 0.02356313
101 84.849846 4 2 0 57.294037 0.046453163
102 84.699844 5 2 0 58.224594 0.023583593
103 84.54984 5 2 0 58.69769 0.031114697
104 84.39984 5 2 0 59.315666 0.03041874
105 84.24984 6 2 0 59.925877 0.016448777
106 84.09984 6 2 0 60.25408 0.030310865
107 83.94984 6 2 0 60.86443 0.030059548
108 83.799835 6 2 0 61.46516 0.046212677
109 83.64983 6 2 0 62.38817 0.0311258
110 83.49983 6 2 0 63.01376 0.029660393
111 83.34983 6 2 0 63.601387 0.046011005
112 83.19983 6 2 0 64.51677 0.031103382
113 83.04983 6 2 2 65.14253 0.04667282
114 82.899826 6 2 2 66.07317 0.03206743
115 82.749825 6 2 2 66.714035 0.03110933
116 82.59982 6 2 2 67.33949 0.015566256
117 82.44982 6 2 2 67.66023 0.046672918
118 82.29982 6 2 2 68.590866 0.03110933
119 82.14982 6 2 2 69.21663 0.046672918
120 81.99982 6 2 2 70.14711 0.015566595
121 81.849815 6 2 2 70.46785 0.046672918
122 81.699814 6 2 2 71.39849 0.03198462
123 81.54981 6 2 2 72.0392 0.015556869
124 81.39981 6 2 2 72.359634 0.015556132
125 81.24981 6 2 2 72.68007 0.015555419
126 81.09981 6 2 2 73.00081 0.046673212
127 80.94981 6 2 2 73.931595 0.04665414
128 80.799805 7 2 2 74.86215 0.023332145
129 80.6498 7 2 2 75.3354 0.04665414
130 80.4998 8 2 2 76.266045 0.031879805
131 80.3498 8 2 2 76.906906 0.031096948
132 80.1998 9 2 2 77.53255 0.03419103
133 80.0498 9 2 2 78.21916 0.031115258
134 79.899796 9 2 2 78.84477 0.03146418
135 79.749794 9 2 2 79.47038 0.031091964
136 79.59979 9 2 2 80.09599 0.031091964
137 79.44979 9 2 2 80.721756 0.04662248
138 79.29979 9 2 2 81.65239 0.031095942
139 79.14979 9 2 2 82.27802 0.03327722
140 78.99979 9 2 2 82.9349 0.032481473
141 78.849785 9 2 2 83.57827 0.023566503
142 78.69978 9 2 2 84.05136 0.030467616
143 78.54978 9 2 2 84.66172 0.031310212
144 78.39978 10 2 2 85.28703 0.04617932
145 78.24978 10 2 2 86.21765 0.02956856
146 78.09978 10 2 2 86.81262 0.017447852
147 77.949776 10 2 2 87.16357 0.017170811
148 77.799774 10 2 2 87.499405 0.031108195
149 77.64977 11 2 2 88.12517 0.046180297
150 77.49977 11 2 2 89.0558 0.03111224
151 77.34977 11 2 4 89.68126 0.015563965
152 77.19977 11 2 4 89.98675 0.04667282
153 77.04977 12 2 4 90.917534 0.04667282
154 76.899765 12 2 4 91.848175 0.03206743
155 76.74976 12 2 4 92.488884 0.015566256
156 76.59976 12 2 4 92.80947 0.03110933
157 76.44976 12 2 4 93.43509 0.03198462
158 76.29976 12 2 4 94.0761 0.046673212
159 76.14976 12 2 4 95.006584 0.015555419
160 75.999756 12 2 4 95.32721 0.03511856
161 75.849754 12 2 4 96.02911 0.03477653
162 75.69975 12 2 4 96.72145 0.034780387
163 75.54975 12 2 4 97.412094 0.03478253
164 75.39975 12 2 4 98.10073 0.046659425
165 75.24975 12 2 4 99.031395 0.034783684
166 75.09975 12 2 4 99.71802 0.032062892
167 74.949745 12 2 4 100.35903 0.04667556
168 74.79974 12 2 4 101.28982 0.04667653
169 74.64974 12 2 4 102.22045 0.031091964
170 74.49974 12 2 4 102.84609 0.034796167
171 74.34974 12 2 4 103.53271 0.031105598
172 74.19974 12 2 4 104.158325 0.032083873
173 74.049736 12 2 4 104.799225 0.03476791
174 73.899734 12 2 4 105.497345 0.04665375
175 73.74973 12 2 4 106.42798 0.031127937
176 73.59973 12 2 4 107.05363 0.034767967
177 73.44973 13 2 4 107.75183 0.031099616
178 73.29973 13 2 4 108.37729 0.015607392
179 73.14973 13 2 4 108.69791 0.034131806
180 72.999725 13 3 4 109.3852 0.04667286
181 72.849724 13 3 4 110.315834 0.031109143
182 72.69972 13 3 4 110.94148 0.03488749
183 72.54972 13 3 4 111.642365 0.015564385
184 72.39972 13 3 4 111.96295 0.031109564
185 72.24972 13 3 4 112.588715 0.046673946
186 72.09972 13 3 4 113.51939 0.034785904
187 71.949715 13 3 4 114.22076 0.046662357
188 71.79971 13 3 4 115.15139 0.031114474
189 71.64971 13 3 4 115.77701 0.032068707
190 71.49971 13 3 4 116.41788 0.0320699
191 71.34971 13 3 4 117.05874 0.03110933
192 71.19971 13 3 4 117.68439 0.034785625
193 71.049706 13 3 4 118.38489 0.046663105
194 70.899704 13 3 4 119.31552 0.031115225
195 70.7497 13 3 4 119.94113 0.031115225
196 70.5997 14 3 4 120.566895 0.046663493
197 70.4497 14 3 4 121.497536 0.032060284
198 70.2997 14 3 4 122.1384 0.031130038
199 70.1497 14 3 4 122.76416 0.046656802
200 69.999695 14 3 4 123.69495 0.046656802
201 69.84969 14 3 4 124.62558 0.031129822
202 69.69969 14 3 4 125.25134 0.046656802
203 69.54969 14 3 4 126.18198 0.031129822
204 69.39969 14 3 4 126.80759 0.031129822
205 69.24969 14 3 4 127.433044 0.015564911
206 69.099686 15 3 4 127.75364 0.03206021
207 68.949684 15 3 4 128.39453 0.034725383
208 68.79968 15 4 4 129.09758 0.03492168
209 68.64968 15 4 4 129.79948 0.03479406
210 68.49968 15 4 4 130.50119 0.0155468695
211 68.34968 15 4 4 130.80652 0.03111312
212 68.19968 15 4 4 131.41704 0.046659987
213 68.049675 15 4 4 132.36296 0.03478105
214 67.89967 15 4 4 133.06482 0.03110216
215 67.74967 15 4 4 133.67517 0.03110216
216 67.59967 15 4 4 134.28569 0.046671774
217 67.44967 15 4 4 135.23174 0.046671774
218 67.29967 15 4 4 136.17763 0.032065984
219 67.149666 15 4 4 136.81853 0.034784228
220 66.999664 15 4 4 137.52039 0.031108785
221 66.84966 15 4 4 138.13075 0.032073423
222 66.69966 15 4 4 138.77145 0.01555108
223 66.54966 15 4 4 139.07683 0.034781322
224 66.39966 15 4 4 139.77885 0.046659425
225 66.24966 15 4 4 140.7249 0.046659425
226 66.099655 15 4 4 141.67078 0.031119261
227 65.94965 15 4 4 142.28114 0.032069717
228 65.79965 15 4 4 142.92192 0.023321563
229 65.64965 15 4 4 143.37993 0.046680596
230 65.49965 15 4 4 144.32565 0.015573124
231 65.34965 15 4 4 144.631 0.032062892
232 65.199646 15 4 4 145.27202 0.046666414
233 65.049644 15 4 4 146.21791 0.032080382
234 64.89964 15 4 4 146.85869 0.023347264
235 64.74964 15 4 4 147.31638 0.015564911
236 64.59964 15 4 4 147.62163 0.023347264
237 64.44964 15 4 4 148.07964 0.046656586
238 64.29964 15 5 4 149.02678 0.034785025
239 64.149635 15 5 4 149.72849 0.015564911
240 63.999634 15 5 4 150.03366 0.015564911
241 63.849632 15 5 4 150.33904 0.034787048
242 63.69963 15 5 4 151.0409 0.031116018
243 63.54963 15 5 4 151.65129 0.034776065
244 63.399628 15 5 4 152.3532 0.0347785
245 63.249626 15 5 4 153.0551 0.03477781
246 63.099625 15 5 4 153.75697 0.032069705
247 62.949623 15 5 4 154.39787 0.034788083
248 62.79962 15 5 4 155.09958 0.015557465
249 62.64962 15 5 4 155.40495 0.03478013
250 62.49962 15 5 4 156.10686 0.034778085
251 62.349617 15 5 4 156.80876 0.034792762
252 62.199615 15 5 4 157.51064 0.0320714
253 62.049614 15 5 4 158.15149 0.03110633
254 61.899612 15 5 4 158.76169 0.015562656
255 61.74961 15 5 4 159.06706 0.03478134
256 61.59961 15 5 4 159.76909 0.046669845
257 61.449608 15 5 4 160.71501 0.03478912
258 61.299606 15 5 4 161.41689 0.032064028
259 61.149605 15 5 4 162.05779 0.034799844
260 60.999603 16 5 4 162.75964 0.031126346
261 60.8496 16 5 4 163.37016 0.046652127
262 60.6996 16 5 4 164.31609 0.034775674
263 60.5496 16 5 4 165.01794 0.031127205
264 60.399597 16 5 4 165.62822 0.02333588
265 60.249596 16 5 4 166.08607 0.032082424
266 60.099594 16 5 4 166.72678 0.0155744795
267 59.949593 16 5 4 167.03203 0.023323597
268 59.79959 16 5 4 167.48972 0.0155744795
269 59.64959 16 5 4 167.79509 0.034782976
270 59.499588 16 5 4 168.49687 0.023347069
271 59.349586 16 6 4 168.95538 0.04667282
272 59.199585 16 6 4 169.9013 0.034785025
273 59.049583 16 6 4 170.60318 0.032073833
274 58.899582 16 6 4 171.2442 0.046673477
275 58.74958 16 6 4 172.19012 0.034776952
276 58.59958 16 6 4 172.89215 0.046660624
277 58.449577 16 6 4 173.83803 0.03111344
278 58.299576 16 6 4 174.44855 0.046660624
279 58.149574 16 6 4 175.39427 0.015547184
280 57.999573 16 6 4 175.69945 0.015547184
281 57.84957 16 6 4 176.00482 0.034781765
282 57.69957 16 6 4 176.7067 0.03207346
283 57.54957 16 6 4 177.3476 0.03477801
284 57.399567 16 6 4 178.0495 0.0347767
285 57.249565 16 6 4 178.7514 0.034775063
286 57.099564 16 6 4 179.45331 0.034781236
287 56.949562 16 6 4 180.15517 0.031105978
288 56.79956 16 6 4 180.76556 0.03477257
289 56.64956 16 6 4 181.46742 0.031103406
290 56.499557 16 6 4 182.07779 0.0320712
291 56.349556 16 6 4 182.71864 0.031104458
292 56.199554 16 6 4 183.329 0.031104458
293 56.049553 16 6 4 183.93935 0.031104458
294 55.89955 16 6 4 184.54987 0.046657246
295 55.74955 16 6 4 185.49574 0.031104458
296 55.59955 16 6 4 186.10614 0.034767576
297 55.449547 16 6 4 186.80817 0.046681248
298 55.299545 16 6 4 187.75406 0.031108785
299 55.149544 16 6 4 188.39476 0.015573124
300 54.999542 17 6 4 188.7001 0.031108124
301 54.84954 18 7 4 189.32103 0.04667282
302 54.69954 18 7 4 190.26707 0.04667282
303 54.549538 18 7 4 191.21295 0.031108856
304 54.399536 18 7 4 191.8233 0.031108856
305 54.249535 18 7 4 192.4337 0.034785025
306 54.099533 18 7 4 193.13573 0.0466761
307 53.94953 18 7 4 194.08177 0.0466761
308 53.79953 18 7 4 195.0277 0.034787532
309 53.64953 18 7 4 195.72957 0.0320588
310 53.499527 18 7 4 196.37047 0.034790747
311 53.349525 18 7 4 197.07237 0.034777116
312 53.199524 18 7 4 197.77428 0.034779757
313 53.049522 18 7 4 198.47618 0.034782216
314 52.89952 18 7 4 199.17809 0.034774818
315 52.74952 18 7 4 199.87996 0.032073557
316 52.599518 18 7 4 200.52081 0.031102775
317 52.449516 18 7 4 201.13118 0.032064624
318 52.299515 18 7 4 201.77203 0.031100662
319 52.149513 18 7 4 202.38239 0.031100662
320 51.99951 18 7 4 202.9929 0.046671446
321 51.84951 18 7 4 203.93895 0.046671446
322 51.69951 18 7 4 204.88475 0.023335723
323 51.549507 18 7 4 205.34259 0.031102097
324 51.399506 18 7 4 205.95287 0.023335723
325 51.249504 18 7 4 206.4107 0.031102097
326 51.099503 18 7 4 207.02107 0.032075886
327 50.9495 18 7 4 207.66177 0.015556262
328 50.7995 18 7 4 207.96695 0.015556262
329 50.649498 18 7 4 208.27232 0.03477795
330 50.499496 19 8 4 208.9712 0.03481916
331 50.349495 19 8 4 209.67311 0.034794983
332 50.199493 19 8 4 210.37497 0.031115225
333 50.04949 19 8 4 210.98537 0.034783356
334 49.89949 19 8 4 211.68727 0.034785103
335 49.74949 19 8 4 212.38918 0.03477406
336 49.599487 19 8 4 213.09105 0.032077868
337 49.449486 19 8 4 213.73195 0.034791507
338 49.299484 19 8 4 214.43385 0.03478969
339 49.149483 19 8 4 215.13571 0.031115457
340 48.99948 19 8 4 215.74611 0.03477569
341 48.84948 19 8 4 216.44781 0.015565764
342 48.69948 19 8 4 216.75319 0.03478837
343 48.549477 19 8 4 217.4551 0.034789793
344 48.399475 19 8 4 218.1568 0.015553209
345 48.249474 19 8 4 218.46217 0.034791064
346 48.099472 19 8 4 219.16403 0.031100832
347 47.94947 19 8 4 219.77423 0.01556234
348 47.79947 19 8 4 220.0794 0.01556234
349 47.649467 19 8 4 220.38475 0.03206514
350 47.499466 19 8 4 221.0256 0.031110048
351 47.349464 19 8 4 221.63588 0.023326648
352 47.199463 19 8 4 222.09364 0.023326648
353 47.04946 19 8 4 222.55148 0.031128982
354 46.89946 19 8 4 223.16176 0.023326648
355 46.74946 19 8 4 223.61952 0.023326648
356 46.599457 19 8 4 224.07721 0.015564491
357 46.449455 19 8 4 224.38254 0.031128982
358 46.299454 19 8 4 224.9929 0.03207128
359 46.149452 19 8 4 225.6336 0.015544599
360 45.99945 19 8 4 225.93886 0.023335854
361 45.84945 19 8 4 226.3967 0.031127112
362 45.699448 20 8 4 227.00706 0.03206389
363 45.549446 20 8 4 227.64792 0.031125313
364 45.399445 20 8 4 228.25827 0.031125313
365 45.249443 20 8 4 228.86867 0.034788996
366 45.09944 21 9 4 229.56566 0.03110891
367 44.94944 21 9 4 230.17603 0.032035083
368 44.79944 21 9 4 230.81693 0.03498151
369 44.649437 21 9 4 231.51883 0.03478523
370 44.499435 21 9 4 232.22073 0.034780387
371 44.349434 21 9 4 232.92259 0.031119667
372 44.199432 21 9 4 233.53279 0.015550554
373 44.04943 21 9 4 233.83817 0.034780167
374 43.89943 21 9 4 234.54007 0.0347767
375 43.749428 21 9 4 235.24197 0.034788083
376 43.599426 21 9 4 235.94383 0.03111493
377 43.449425 21 9 4 236.5542 0.032072537
378 43.299423 21 9 4 237.1951 0.03478214
379 43.14942 21 9 4 237.897 0.034787178
380 42.99942 21 9 4 238.5989 0.034791738
381 42.84942 21 9 4 239.30081 0.034771964
382 42.699417 21 9 4 240.00284 0.04665963
383 42.549416 21 9 4 240.94876 0.034793995
384 42.399414 21 9 4 241.65067 0.034793187
385 42.249413 21 9 4 242.35252 0.031117063
386 42.09941 21 9 4 242.96292 0.03476548
387 41.94941 21 9 4 243.66478 0.03111493
388 41.799408 21 9 4 244.27513 0.03111493
389 41.649406 21 9 4 244.88548 0.03111493
390 41.499405 21 9 4 245.49583 0.031116152
391 41.349403 21 9 4 246.10623 0.034797154
392 41.1994 21 9 4 246.80826 0.046656977
393 41.0494 21 9 4 247.75414 0.031117624
394 40.8994 21 9 4 248.36453 0.034798905
395 40.749397 21 9 4 249.0664 0.031093739
396 40.599396 21 9 4 249.70728 0.031093739
397 40.449394 21 10 4 250.32697 0.03206743
398 40.299393 21 10 4 250.96786 0.03492168
399 40.14939 21 10 4 251.66989 0.046673585
400 39.99939 21 10 4 252.61581 0.034785625
401 39.84939 21 10 4 253.31772 0.03479
402 39.699387 21 10 4 254.01962 0.03478253
403 39.549385 21 10 4 254.72153 0.03478009
404 39.399384 21 10 4 255.42343 0.034782678
405 39.249382 21 10 4 256.11987 0.034775507
406 39.09938 21 10 4 256.79126 0.034781404
407 38.94938 21 10 4 257.46265 0.034778897
408 38.799377 21 10 4 258.134 0.031110652
409 38.649376 21 10 4 258.7444 0.034776088
410 38.499374 21 10 4 259.41577 0.03478015
411 38.349373 21 10 4 260.08716 0.034778766
412 38.19937 21 10 4 260.75854 0.034785297
413 38.04937 21 10 4 261.42993 0.032065388
414 37.89937 21 10 4 262.05032 0.034775354
415 37.749367 21 10 4 262.72153 0.015564011
416 37.599365 21 10 4 263.0269 0.034770794
417 37.449364 21 10 4 263.69827 0.03477669
418 37.299362 21 10 4 264.36966 0.03477249
419 37.14936 21 10 4 265.04105 0.034792464
420 36.99936 21 10 4 265.71243 0.034783456
421 36.849358 21 10 4 266.38382 0.034769285
422 36.699356 21 10 4 267.0552 0.032085437
423 36.549355 21 10 4 267.66794 0.034795962
424 36.399353 21 10 4 268.33945 0.04665414
425 36.24935 21 10 4 269.25482 0.031092122
426 36.09935 21 10 4 269.86517 0.031092122
427 35.94935 21 11 4 270.47714 0.034785025
428 35.799347 21 11 4 271.14853 0.034787048
429 35.649345 21 11 4 271.81992 0.034784228
430 35.499344 21 11 4 272.4913 0.032065526
431 35.349342 21 11 4 273.1627 0.034780167
432 35.19934 21 11 4 273.83408 0.03478457
433 35.04934 21 11 4 274.50546 0.034785923
434 34.899338 21 11 4 275.17685 0.034792308
435 34.749336 21 11 4 275.84836 0.046668593
436 34.599335 21 11 4 276.76376 0.034778833
437 34.449333 21 11 4 277.43515 0.03478136
438 34.29933 21 11 4 278.10654 0.03477626
439 34.14933 21 11 4 278.77792 0.032074887
440 33.99933 21 11 4 279.39978 0.034780633
441 33.849327 21 11 4 280.07117 0.032067157
442 33.699326 21 11 4 280.74255 0.034791064
443 33.549324 21 11 4 281.41394 0.034793325
444 33.399323 21 11 4 282.08533 0.03477314
445 33.24932 21 11 4 282.7567 0.034788996
446 33.09932 21 11 4 283.4281 0.032088157
447 32.949318 21 11 4 284.0995 0.034771986
448 32.799316 21 11 4 284.77087 0.034791194
449 32.649315 21 11 4 285.44223 0.031107476
450 32.499313 21 11 4 286.05258 0.031107476
451 32.34931 21 11 4 286.66296 0.034770835
452 32.19931 21 11 4 287.33435 0.034795962
453 32.04931 21 11 4 288.00555 0.015571863
454 31.89931 21 11 4 288.3109 0.034487084
455 31.74931 21 11 4 288.9823 0.033811674
456 31.59931 21 11 4 289.6537 0.033086073
457 31.44931 21 11 4 290.32498 0.023472792
458 31.29931 21 11 4 290.81326 0.02349712
459 31.149311 21 11 4 291.30154 0.023484072
460 30.999311 21 12 4 291.7899 0.031108856
461 30.849312 21 12 4 292.40024 0.031108856
462 30.699312 21 12 4 293.01062 0.03206743
463 30.549313 21 12 4 293.64114 0.03110933
464 30.399313 21 12 4 294.2515 0.03110933
465 30.249313 21 12 4 294.86185 0.03110933
466 30.099314 21 12 4 295.4722 0.03110933
467 29.949314 21 12 4 296.08255 0.03110933
468 29.799314 21 12 4 296.69275 0.01556594
469 29.649315 21 12 4 296.99808 0.03110923
470 29.499315 21 12 4 297.60828 0.01556594
471 29.349316 21 12 4 297.9136 0.03110923
472 29.199316 21 12 4 298.5241 0.04667288
473 29.049316 21 12 4 299.43933 0.01556594
474 28.899317 21 12 4 299.74466 0.03110923
475 28.749317 21 12 4 300.355 0.03110923
476 28.599318 21 12 4 300.9652 0.015565648
477 28.449318 21 12 4 301.27054 0.03110923
478 28.299318 21 12 4 301.88083 0.023327654
479 28.149319 21 12 4 302.3691 0.023327654
480 27.99932 21 12 4 302.8574 0.023327654
481 27.84932 21 12 4 303.34567 0.023327654
482 27.69932 21 12 4 303.83395 0.023346579
483 27.54932 21 12 4 304.32224 0.023346579
484 27.39932 21 12 4 304.81058 0.031128217
485 27.249321 21 12 4 305.42078 0.0155653795
486 27.099321 21 12 4 305.72604 0.023346579
487 26.949322 21 12 4 306.21432 0.023346445
488 26.799322 21 12 4 306.7026 0.023346445
489 26.649323 21 12 4 307.1909 0.023346445
490 26.499323 21 12 4 307.67917 0.02334633
491 26.349323 21 12 4 308.16745 0.02334633
492 26.199324 21 12 4 308.6558 0.031128077
493 26.049324 21 12 4 309.26614 0.031128077
494 25.899324 21 12 4 309.8765 0.032025907
495 25.749325 21 12 4 310.4868 0.023354953
496 25.599325 21 13 4 310.97614 0.023326874
497 25.449326 21 13 4 311.46442 0.023326874
498 25.299326 21 13 4 311.9527 0.023326874
499 25.149326 21 13 4 312.44098 0.023326874
500 24.999327 21 13 4 312.92917 0.015563965
501 24.849327 21 13 4 313.23444 0.023326874
502 24.699327 21 13 4 313.72272 0.023326874
503 24.549328 21 13 4 314.211 0.023326874
504 24.399328 21 13 4 314.6995 0.04667282
505 24.249329 21 13 4 315.6148 0.023326874
506 24.099329 21 13 4 316.1031 0.023326874
507 23.94933 21 13 4 316.59137 0.023326874
508 23.79933 21 13 4 317.07965 0.023326874
509 23.64933 21 13 4 317.56815 0.04667282
510 23.49933 21 13 4 318.48346 0.023326874
511 23.34933 21 13 4 318.97174 0.023326874
512 23.199331 21 13 4 319.46002 0.023326874
513 23.049332 21 13 4 319.9483 0.023326874
514 22.899332 21 13 4 320.43658 0.023326874
515 22.749332 21 13 4 320.92487 0.023326874
516 22.599333 21 13 4 321.41324 0.034785025
517 22.449333 21 13 4 322.08463 0.034342997
518 22.299334 21 13 4 322.756 0.033870667
519 22.149334 21 13 4 323.42737 0.031108156
520 21.999334 21 13 4 324.03775 0.03340233
521 21.849335 21 13 4 324.70914 0.03285294
522 21.699335 21 13 4 325.38052 0.032335408
523 21.549335 21 13 4 326.05188 0.031108646
524 21.399336 21 13 4 326.66223 0.03173828
525 21.249336 21 13 4 327.27258 0.031132938
526 21.099337 21 13 4 327.88293 0.03048573
527 20.949337 21 13 4 328.49344 0.0460794
528 20.799337 21 13 4 329.4088 0.029340832
529 20.649338 21 13 4 330.0191 0.024056256
530 20.499338 21 13 4 330.5074 0.023999177
531 20.349339 21 13 4 330.99567 0.023980008
532 20.199339 21 13 4 331.48395 0.023925787
533 20.04934 21 13 4 331.97223 0.023909662
534 19.89934 21 13 4 332.46057 0.030013232
535 19.74934 21 13 4 333.0709 0.02901797
536 19.59934 21 13 4 333.6202 0.028026767
537 19.44934 21 13 4 334.16943 0.019242907
538 19.299341 21 13 4 334.53574 0.027598644
539 19.149342 21 13 4 335.08505 0.026465347
540 18.999342 21 13 4 335.6257 0.025287328
541 18.849342 21 13 4 336.11398 0.024151161
542 18.699343 21 13 4 336.60226 0.022990419
543 18.549343 21 13 6 337.1389 0.034606162
544 18.399343 21 13 6 337.81027 0.034334633
545 18.249344 21 13 6 338.48148 0.015591266
546 18.099344 21 13 6 338.78696 0.04665531
547 17.949345 21 13 6 339.70236 0.034072615
548 17.799345 21 13 6 340.37372 0.03110946
549 17.649345 21 13 6 340.9841 0.033778116
550 17.499346 21 13 6 341.6555 0.033477012
551 17.349346 21 13 6 342.32687 0.033168174
552 17.199347 21 13 6 342.99826 0.032845147
553 17.049347 21 13 6 343.66965 0.032531727
554 16.899347 21 13 6 344.34103 0.032194987
555 16.749348 21 13 6 345.0124 0.03185281
556 16.599348 21 13 6 345.62274 0.03151294
557 16.449348 21 13 6 346.2331 0.031157723
558 16.299349 21 13 6 346.84344 0.030780146
559 16.14935 21 13 6 347.4538 0.03042302
560 15.99935 21 13 6 348.06415 0.03005082
561 15.84935 21 13 6 348.6745 0.029657068
562 15.69935 21 13 6 349.28485 0.029260276
563 15.549351 21 13 6 349.89517 0.028873159
564 15.399351 21 13 6 350.4445 0.028465496
565 15.2493515 21 13 6 350.9938 0.02805612
566 15.099352 21 13 6 351.54312 0.027638245
567 14.949352 21 13 6 352.09244 0.027219335
568 14.799353 21 13 6 352.64175 0.026800318
569 14.649353 21 13 6 353.19107 0.026372867
570 14.499353 21 13 6 353.74036 0.025946174
571 14.349354 21 13 6 354.2286 0.020492816
572 14.199354 21 13 6 354.65588 0.025823282
573 14.049355 21 13 6 355.14423 0.03110619
574 13.899355 22 13 6 355.75452 0.025381565
575 13.749355 22 13 6 356.24277 0.021027194
576 13.599356 22 13 6 356.6701 0.031105278
577 13.449356 22 13 6 357.28046 0.031105278
578 13.299356 22 13 6 357.89072 0.020717142
579 13.149357 22 13 6 358.318 0.025133066
580 12.999357 22 13 6 358.80627 0.025053218
581 12.849358 22 13 6 359.29456 0.024984147
582 12.699358 22 13 6 359.78284 0.02491705
583 12.549358 22 13 6 360.27112 0.024843726
584 12.399359 22 13 6 360.7594 0.024772728
585 12.249359 22 13 6 361.24768 0.024704074
586 12.0993595 22 13 6 361.73596 0.024630096
587 11.94936 22 13 6 362.22424 0.024593942
588 11.79936 22 13 6 362.71252 0.024525626
589 11.649361 22 13 6 363.20084 0.027756589
590 11.499361 22 13 6 363.75015 0.026828477
591 11.349361 22 13 6 364.29944 0.025914691
592 11.199362 22 13 6 364.78772 0.024953902
593 11.049362 22 13 6 365.276 0.024017155
594 10.899363 22 13 6 365.76428 0.023081314
595 10.749363 22 13 6 366.23157 0.022183176
596 10.599363 22 13 6 366.6588 0.021293195
597 10.449364 22 13 6 367.08606 0.020490926
598 10.299364 22 13 8 367.6044 0.031109564
599 10.149364 22 13 8 368.21478 0.034606162
600 9.999365 22 13 8 368.88617 0.034300778
601 9.849365 22 13 8 369.55756 0.034005217
602 9.699366 22 13 8 370.22894 0.033685677
603 9.549366 22 13 8 370.90033 0.033359703
604 9.399366 22 13 8 371.57172 0.033035584
605 9.249367 22 13 8 372.2431 0.032713387
606 9.099367 22 13 8 372.9145 0.03235057
607 8.949368 22 13 8 373.58585 0.03200739
608 8.799368 22 13 8 374.1962 0.031641554
609 8.649368 22 13 8 374.80655 0.031271126
610 8.499369 22 13 8 375.4169 0.030892836
611 8.349369 22 13 8 376.02725 0.030510342
612 8.199369 22 13 8 376.6376 0.030106379
613 8.04937 22 13 8 377.24796 0.029705802
614 7.8993697 22 13 8 377.8583 0.02928451
615 7.7493696 22 13 8 378.46863 0.028867165
616 7.5993695 22 13 8 379.01794 0.02843576
617 7.4493694 22 13 8 379.56726 0.028008515
618 7.2993693 22 13 8 380.11658 0.027580319
619 7.1493692 22 13 8 380.6659 0.027133737
620 6.999369 22 13 8 381.2152 0.026679143
621 6.849369 22 13 8 381.76453 0.026225321
622 6.699369 22 13 8 382.30957 0.025773412
623 6.549369 22 13 8 382.79785 0.025332462
624 6.399369 22 13 8 383.28613 0.02485726
625 6.2493687 22 13 8 383.7744 0.024427231
626 6.0993686 22 13 8 384.2627 0.02397066
627 5.9493685 22 13 8 384.75098 0.025964726
628 5.7993684 22 13 8 385.23926 0.025851885
629 5.6493683 22 13 8 385.72754 0.025783833
630 5.499368 22 13 8 386.21582 0.025675725
631 5.349368 22 13 8 386.7041 0.025602737
632 5.199368 22 13 8 387.19238 0.025499623
633 5.049368 22 13 8 387.68066 0.02542263
634 4.899368 22 13 8 388.16895 0.025315518
635 4.7493677 22 13 8 388.65723 0.025244795
636 4.5993676 22 13 8 389.1455 0.025134714
637 4.4493675 22 13 8 389.6338 0.025061892
638 4.2993674 22 13 8 390.12207 0.024958646
639 4.1493673 22 13 8 390.61038 0.026368279
640 3.9993672 22 13 8 391.1509 0.025480043
641 3.8493671 22 13 8 391.6392 0.02461736
642 3.699367 22 13 8 392.12747 0.02374253
643 3.549367 22 13 8 392.61575 0.02286226
644 3.3993669 22 13 8 393.05148 0.02201794
645 3.2493668 22 13 8 393.47873 0.021214252
646 3.0993667 22 13 8 393.90598 0.020453751
647 2.9493666 22 13 8 394.33322 0.01973998
648 2.7993665 22 13 10 394.85074 0.03458061
649 2.6493664 22 13 10 395.52213 0.034275282
650 2.4993663 22 13 10 396.1935 0.03397155
651 2.3493662 22 13 10 396.8649 0.033652186
652 2.199366 22 13 10 397.5363 0.033326406
653 2.049366 22 13 10 398.20767 0.033002496
654 1.899366 22 13 10 398.87906 0.032655343
655 1.749366 22 13 10 399.55045 0.032310333
656 1.5993661 22 13 10 400.2218 0.03194254
657 1.4493661 22 13 10 400.83215 0.031577196
658 1.2993661 22 13 10 401.4425 0.0311896
659 1.1493661 22 13 10 402.05286 0.030804837
660 0.99936616 22 13 10 402.6632 0.03042302
661 0.8493662 22 13 10 403.27356 0.030019784
662 0.6993662 22 13 10 403.8839 0.029595623
663 0.54936624 22 13 10 404.49426 0.029181438
664 0.39936623 22 13 10 405.08813 0.028758934
665 0.24936622 22 13 10 405.63745 0.028328551
666 0.09936622 22 13 10 406.18677 0.027873151
667 -0.050633788 22 13 10 406.73608 0.027446553
668 -0.2006338 22 13 10 407.2854 0.026983287
669 -0.3506338 22 13 10 407.83472 0.026525645
670 -0.50063384 22 13 10 408.38403 0.026073923
671 -0.6506338 22 13 10 408.8759 0.025624325
672 -0.8006338 22 13 10 409.36417 0.025148325
673 -0.95063376 22 13 10 409.85245 0.024713026
674 -1.1006337 22 13 10 410.34073 0.024248073
675 -1.2506337 22 13 10 410.829 0.023788521
676 -1.4006337 22 13 10 411.31732 0.026005859
677 -1.5506337 22 13 10 411.8582 0.025933497
678 -1.7006336 22 13 10 412.34647 0.025821112
679 -1.8506336 22 13 10 412.83475 0.02574345
680 -2.0006337 22 13 10 413.32303 0.025658654
681 -2.1506338 22 13 10 413.8113 0.025544183
682 -2.300634 22 13 10 414.2996 0.025465498
683 -2.450634 22 13 10 414.78787 0.025356784
684 -2.600634 22 13 10 415.27615 0.025275161
685 -2.7506342 22 13 10 415.76443 0.025188241
686 -2.9006343 22 13 10 416.25272 0.025071537
687 -3.0506344 22 13 10 416.741 0.024992673
688 -3.2006345 22 13 10 417.2293 0.026275955
689 -3.3506346 22 13 10 417.75717 0.025385514
690 -3.5006347 22 13 10 418.24545 0.02448121
691 -3.6506348 22 13 10 418.73373 0.023567427
692 -3.8006349 22 13 10 419.222 0.022689281
693 -3.950635 22 13 10 419.64923 0.021813998
694 -4.100635 22 13 10 420.07648 0.020981537
695 -4.250635 22 13 10 420.50372 0.020197192
696 -4.4006352 22 13 12 421.00446 0.03461463
697 -4.5506353 22 13 12 421.67584 0.034275282
698 -4.7006354 22 13 12 422.34723 0.0339379
699 -4.8506355 22 13 12 423.01862 0.03358527
700 -5.0006356 22 13 12 423.69 0.033226654
701 -5.1506357 22 13 12 424.3614 0.032845147
702 -5.300636 22 13 12 425.03278 0.03246619
703 -5.450636 22 13 12 425.70416 0.032064866
704 -5.600636 22 13 12 426.35098 0.031666473
705 -5.750636 22 13 12 426.96133 0.031246312
706 -5.900636 22 13 12 427.5717 0.030804837
707 -6.0506363 22 13 12 428.18204 0.030367127
708 -6.2006364 22 13 12 428.7924 0.029915424
709 -6.3506365 22 13 12 429.40274 0.029455077
710 -6.5006366 22 13 12 430.01306 0.028987745
711 -6.6506367 22 13 12 430.56238 0.028519243
712 -6.800637 22 13 12 431.1117 0.028032316
713 -6.950637 22 13 12 431.661 0.02755141
714 -7.100637 22 13 12 432.21033 0.027035045
715 -7.250637 22 13 12 432.75964 0.026525645
716 -7.400637 22 13 12 433.30893 0.026023624
717 -7.5506372 22 13 12 433.7972 0.025525376
718 -7.7006373 22 13 12 434.2855 0.025002364
719 -7.8506374 22 13 12 434.77377 0.025557596
720 -8.000637 22 13 12 435.26205 0.025465498
721 -8.150637 22 13 12 435.75034 0.025375543
722 -8.300636 22 13 12 436.23862 0.025311925
723 -8.450636 22 13 12 436.7269 0.025217608
724 -8.600636 22 13 12 437.21518 0.025125835
725 -8.750635 22 13 12 437.70346 0.025061892
726 -8.900635 22 13 12 438.19174 0.024975635
727 -9.050634 22 13 12 438.68002 0.02488368
728 -9.200634 22 13 12 439.1683 0.024821144
729 -9.350634 22 13 12 439.6566 0.02472772
730 -9.500633 22 13 12 440.1449 0.027040042
731 -9.650633 22 13 12 440.6942 0.026119871
732 -9.800632 22 13 12 441.19165 0.025189511
733 -9.950632 22 13 12 441.67993 0.024244944
734 -10.100632 22 13 12 442.1682 0.023298152
735 -10.250631 22 13 12 442.65646 0.022390973
736 -10.400631 22 13 12 443.0837 0.02149029
737 -10.550631 22 13 12 443.51096 0.020639496
738 -10.70063 22 13 14 444.0143 0.03461463
739 -10.85063 22 13 14 444.6857 0.034334633
740 -11.000629 22 13 14 445.3571 0.03401346
741 -11.150629 22 13 14 446.02847 0.033711057
742 -11.300629 22 13 14 446.69986 0.033385016
743 -11.450628 22 13 14 447.37125 0.03304345
744 -11.600628 22 13 14 448.04263 0.032713387
745 -11.7506275 22 13 14 448.71402 0.03235057
746 -11.900627 22 13 14 449.38538 0.03199995
747 -12.050627 22 13 14 449.99573 0.03163427
748 -12.200626 22 13 14 450.60608 0.03125343
749 -12.350626 22 13 14 451.21643 0.03086812
750 -12.500626 22 13 14 451.82678 0.03047896
751 -12.650625 22 13 14 452.43713 0.030075302
752 -12.800625 22 13 14 453.0475 0.029657068
753 -12.950624 22 13 14 453.65784 0.029236045
754 -13.100624 22 13 14 454.26816 0.028818984
755 -13.250624 22 13 14 454.81747 0.028382123
756 -13.400623 22 13 14 455.3668 0.027949901
757 -13.550623 22 13 14 455.9161 0.027504204
758 -13.700623 22 13 14 456.46542 0.027058449
759 -13.850622 22 13 14 457.01474 0.026618414
760 -14.000622 22 13 14 457.56406 0.026165847
761 -14.150621 22 13 14 458.07907 0.025678076
762 -14.300621 22 13 14 458.56735 0.025234532
763 -14.450621 22 13 14 459.05563 0.024761008
764 -14.60062 22 13 14 459.5439 0.02429516
765 -14.75062 22 13 14 460.0322 0.023837442
766 -14.9006195 22 13 14 460.5205 0.026006088
767 -15.050619 22 13 14 461.04092 0.025891997
768 -15.200619 22 13 14 461.5292 0.02581246
769 -15.350618 22 13 14 462.0175 0.025703227
770 -15.500618 22 13 14 462.50577 0.02562901
771 -15.650618 22 13 14 462.99405 0.025547909
772 -15.800617 22 13 14 463.48233 0.025436915
773 -15.950617 22 13 14 463.9706 0.025362
774 -16.100616 22 13 14 464.4589 0.025247706
775 -16.250616 22 13 14 464.94717 0.025170354
776 -16.400616 22 13 14 465.43546 0.02505406
777 -16.550615 22 13 14 465.92374 0.024975635
778 -16.700615 22 13 14 466.41205 0.026322102
779 -16.850615 22 13 14 466.94623 0.02543076
780 -17.000614 22 13 14 467.4345 0.024525424
781 -17.150614 22 13 14 467.9228 0.023613099
782 -17.300613 22 13 14 468.41104 0.022732843
783 -17.450613 22 13 14 468.8383 0.021892274
784 -17.600613 22 13 14 469.26553 0.021058371
785 -17.750612 22 13 14 469.69278 0.020271132
786 -17.900612 22 13 16 470.18063 0.03464867
787 -18.050611 22 13 16 470.85202 0.034334633
788 -18.200611 22 13 16 471.5234 0.034005217
789 -18.35061 22 13 16 472.1948 0.033669453
790 -18.50061 22 13 16 472.86618 0.033318434
791 -18.65061 22 13 16 473.53757 0.032961592
792 -18.80061 22 13 16 474.20895 0.03258966
793 -18.95061 22 13 16 474.88034 0.032212514
794 -19.100609 22 13 16 475.5517 0.03182048
795 -19.250608 22 13 16 476.16205 0.03142392
796 -19.400608 22 13 16 476.7724 0.031012738
797 -19.550608 22 13 16 477.38275 0.030597819
798 -19.700607 22 13 16 477.9931 0.030161992
799 -19.850607 22 13 16 478.60345 0.029712211
800 -20.000607 22 13 16 479.2138 0.02928451
801 -20.150606 22 13 16 479.8241 0.02415689
802 -20.300606 22 13 16 480.31238 0.024114214
803 -20.450605 22 13 16 480.80066 0.024096277
804 -20.600605 22 13 16 481.28894 0.024054864
805 -20.750605 22 13 16 481.77722 0.024056256
806 -20.900604 22 13 16 482.2655 0.024016155
807 -21.050604 22 13 16 482.75385 0.0294065
808 -21.200603 22 13 16 483.36417 0.02885505
809 -21.350603 22 13 16 483.91348 0.028304642
810 -21.500603 22 13 16 484.4628 0.027719997
811 -21.650602 22 13 16 485.01212 0.027138785
812 -21.800602 22 13 16 485.5614 0.024813043
813 -21.950602 22 13 16 486.04968 0.024751479
814 -22.100601 22 13 16 486.53796 0.024699721
815 -22.2506 22 13 16 487.02625 0.024642067
816 -22.4006 22 13 16 487.51453 0.024578998
817 -22.5506 22 13 16 488.0028 0.024525626
818 -22.7006 22 13 16 488.4911 0.024467207
819 -22.8506 22 13 16 488.97937 0.024375705
820 -23.000599 22 13 16 489.46765 0.024322046
821 -23.150599 22 13 16 489.95596 0.028310355
822 -23.300598 22 13 16 490.50528 0.027399434
823 -23.450598 22 13 16 491.0546 0.026428344
824 -23.600597 22 13 16 491.60388 0.025480043
825 -23.750597 22 13 16 492.09216 0.024522096
826 -23.900597 22 13 16 492.58044 0.023562241
827 -24.050596 22 13 16 493.0687 0.022604296
828 -24.200596 22 13 16 493.49594 0.02169017
829 -24.350595 22 13 16 493.9232 0.02079024
830 -24.500595 22 13 18 494.4412 0.034606162
831 -24.650595 22 13 18 495.11258 0.034334633
832 -24.800594 22 13 18 495.78397 0.034038905
833 -24.950594 22 13 18 496.45535 0.033744574
834 -25.100594 22 13 18 497.12674 0.03344366
835 -25.250593 22 13 18 497.79813 0.033134993
836 -25.400593 22 13 18 498.4695 0.03281217
837 -25.550592 22 13 18 499.1409 0.03249895
838 -25.700592 22 13 18 499.8123 0.032154918
839 -25.850592 22 13 18 500.48273 0.03182048
840 -26.000591 22 13 18 501.09308 0.031463187
841 -26.15059 22 13 18 501.70343 0.031101096
842 -26.30059 22 13 18 502.31378 0.030748554
843 -26.45059 22 13 18 502.92413 0.030367127
844 -26.60059 22 13 18 503.5345 0.029995319
845 -26.75059 22 13 18 504.14484 0.029601984
846 -26.900589 22 13 18 504.7552 0.029211821
847 -27.050589 22 13 18 505.3655 0.028818984
848 -27.200588 22 13 18 505.91483 0.028411813
849 -27.350588 22 13 18 506.46414 0.028002977
850 -27.500587 22 13 18 507.01346 0.02758563
851 -27.650587 22 13 18 507.56277 0.027167302
852 -27.800587 22 13 18 508.1121 0.026748924
853 -27.950586 22 13 18 508.6614 0.026322102
854 -28.100586 22 13 18 509.2107 0.025877519
855 -28.250586 22 13 18 509.69897 0.025476038
856 -28.400585 22 13 18 510.18726 0.025043488
857 -28.550585 22 13 18 510.67554 0.02461397
858 -28.700584 22 13 18 511.16382 0.024157276
859 -28.850584 22 13 18 511.6521 0.023745265
860 -29.000584 22 13 18 512.1404 0.023300534
861 -29.150583 22 13 18 512.62866 0.026210774
862 -29.300583 22 13 18 513.11694 0.02613358
863 -29.450583 22 13 18 513.6052 0.02601641
864 -29.600582 22 13 18 514.0935 0.025933497
865 -29.750582 22 13 18 514.5818 0.025821112
866 -29.900581 22 13 18 515.07007 0.025733378
867 -30.050581 22 13 18 515.55835 0.025648762
868 -30.20058 22 13 18 516.04663 0.025534462
869 -30.35058 22 13 18 516.5349 0.025446434
870 -30.50058 22 13 18 517.0232 0.025362
871 -30.65058 22 13 18 517.5115 0.025247706
872 -30.80058 22 13 18 517.99976 0.025161428
873 -30.950579 22 13 18 518.48804 0.02507058
874 -31.100578 22 13 18 518.9763 0.026078338
875 -31.250578 22 13 18 519.4646 0.025193332
876 -31.400578 22 13 18 519.9529 0.024335952
877 -31.550577 22 13 18 520.44116 0.023431093
878 -31.700577 22 13 18 520.92944 0.022561064
879 -31.850576 22 13 18 521.4177 0.021730963
880 -32.000576 22 13 18 521.90594 0.02090462
881 -32.150578 22 13 18 522.27216 0.020125167
882 -32.30058 22 13 20 522.73334 0.03467424
883 -32.45058 22 13 20 523.46576 0.0344024
884 -32.600582 22 13 20 524.1982 0.034106344
885 -32.750584 22 13 20 524.9306 0.033811674
886 -32.900585 22 13 20 525.66296 0.03351843
887 -33.050587 22 13 20 526.2733 0.03321872
888 -33.20059 22 13 20 526.88367 0.032903347
889 -33.35059 22 13 20 527.494 0.032564525
890 -33.50059 22 13 20 528.1044 0.032245096
891 -33.650593 22 13 20 528.7147 0.031910148
892 -33.800594 22 13 20 529.3251 0.031552304
893 -33.950596 22 13 20 529.9354 0.031196697
894 -34.100597 22 13 20 530.5458 0.030836465
895 -34.2506 22 13 20 531.1561 0.030461129
896 -34.4006 22 13 20 531.7665 0.030081887
897 -34.550602 22 13 20 532.37683 0.029705802
898 -34.700603 22 13 20 532.9872 0.029314961
899 -34.850605 22 13 20 533.59753 0.028927393
900 -35.000607 22 13 20 534.2079 0.028519243
901 -35.150608 22 13 20 534.81824 0.028109329
902 -35.30061 22 13 20 535.4286 0.027690932
903 -35.45061 22 13 20 536.0389 0.027271444
904 -35.600613 22 13 20 536.52716 0.02685179
905 -35.750614 22 13 20 537.01544 0.026423711
906 -35.900616 22 13 20 537.5037 0.025996327
907 -36.050617 22 13 20 537.992 0.025574807
908 -36.20062 22 13 20 538.4803 0.025140744
909 -36.35062 22 13 20 538.96857 0.024713026
910 -36.50062 22 13 20 539.45685 0.024288839
911 -36.650623 22 13 20 539.9451 0.023837442
912 -36.800625 22 13 20 540.4334 0.023428615
913 -36.950626 22 13 20 540.9217 0.02299253
914 -37.100628 22 13 20 541.41 0.026336472
915 -37.25063 22 13 20 541.89825 0.026244784
916 -37.40063 22 13 20 542.38654 0.026155723
917 -37.550632 22 13 20 542.8748 0.026069319
918 -37.700634 22 13 20 543.3631 0.025943229
919 -37.850636 22 13 20 543.8514 0.025851885
920 -38.000637 22 13 20 544.33966 0.02575353
921 -38.15064 22 13 20 544.82794 0.025658654
922 -38.30064 22 13 20 545.3162 0.025557596
923 -38.45064 22 13 20 545.8045 0.025436915
924 -38.600643 22 13 20 546.2928 0.025334079
925 -38.750645 22 13 20 546.78107 0.025235722
926 -38.900646 22 13 20 547.26935 0.025624325
927 -39.050648 22 13 20 547.7576 0.024764527
928 -39.20065 22 13 20 548.2459 0.023924273
929 -39.35065 22 13 20 548.7342 0.023079116
930 -39.500652 22 13 20 549.2225 0.022264896
931 -39.650654 22 13 20 549.71075 0.021450847
932 -39.800655 22 13 20 550.1669 0.020676926
933 -39.950657 22 13 20 550.5331 0.019983662
934 -40.10066 22 13 22 550.9077 0.034776494
935 -40.25066 22 13 22 551.64014 0.034504194
936 -40.40066 22 13 22 552.37256 0.034233127
937 -40.550663 22 13 22 553.105 0.033946116
938 -40.700665 22 13 22 553.8374 0.033652186
939 -40.850666 22 13 22 554.558 0.033359703
940 -41.000668 22 13 22 555.16833 0.0330687
941 -41.15067 22 13 22 555.7787 0.03275404
942 -41.30067 22 13 22 556.38904 0.032433465
943 -41.450672 22 13 22 556.9994 0.032104846
944 -41.600674 22 13 22 557.60974 0.03178817
945 -41.750675 22 13 22 558.2201 0.031431112
946 -41.900677 22 13 22 558.83044 0.031094048
947 -42.05068 22 13 22 559.4408 0.030741662
948 -42.20068 22 13 22 560.05115 0.030373855
949 -42.35068 22 13 22 560.6615 0.030019784
950 -42.500683 22 13 22 561.27185 0.02962633
951 -42.650684 22 13 22 561.8822 0.029260276
952 -42.800686 22 13 22 562.49255 0.028873159
953 -42.950687 22 13 22 563.1029 0.028465496
954 -43.10069 22 13 22 563.71326 0.028085506
955 -43.25069 22 13 22 564.3236 0.027685564
956 -43.400692 22 13 22 564.9339 0.027266314
957 -43.550694 22 13 22 565.4222 0.026856674
958 -43.700695 22 13 22 565.91046 0.026446845
959 -43.850697 22 13 22 566.39874 0.026023624
960 -44.000698 22 13 22 566.887 0.025605699
961 -44.1507 22 13 22 567.3753 0.025189511
962 -44.3007 22 13 22 567.8636 0.024764527
963 -44.450703 22 13 22 568.35187 0.02434235
964 -44.600704 22 13 22 568.84015 0.023927156
965 -44.750706 22 13 22 569.3284 0.023521869
966 -44.900707 22 13 22 569.8167 0.023121417
967 -45.05071 22 13 22 570.305 0.022691133
968 -45.20071 22 13 22 570.7933 0.026464494
969 -45.35071 22 13 22 571.28156 0.02638086
970 -45.500713 22 13 22 571.76984 0.026277594
971 -45.650715 22 13 22 572.2581 0.026188064
972 -45.800716 22 13 22 572.7464 0.026058879
973 -45.950718 22 13 22 573.2347 0.025964145
974 -46.10072 22 13 22 573.72296 0.025862165
975 -46.25072 22 13 22 574.21124 0.025763622
976 -46.400723 22 13 22 574.6995 0.025658654
977 -46.550724 22 13 22 575.1878 0.025534462
978 -46.700726 22 13 22 575.6761 0.02542741
979 -46.850727 22 13 22 576.16437 0.025324792
980 -47.00073 22 13 22 576.65265 0.02522666
981 -47.15073 22 13 22 577.1409 0.025669802
982 -47.30073 22 13 22 577.6292 0.024764527
983 -47.450733 22 13 22 578.1175 0.023880836
984 -47.600735 22 13 22 578.6058 0.023032567
985 -47.750736 22 13 22 579.09406 0.022180455
986 -47.900738 22 13 22 579.58234 0.021331834
987 -48.05074 22 13 22 579.99915 0.020565119
988 -48.20074 22 13 22 580.36536 0.019806482
989 -48.350742 22 13 24 580.8318 0.034606162
990 -48.500744 22 13 24 581.5642 0.034334633
991 -48.650745 22 13 24 582.29663 0.034072615
992 -48.800747 22 13 24 583.02905 0.033786274
993 -48.95075 22 13 24 583.7614 0.033510383
994 -49.10075 22 13 24 584.37177 0.033226654
995 -49.25075 22 13 24 584.9821 0.032936376
996 -49.400753 22 13 24 585.59247 0.032622494
997 -49.550755 22 13 24 586.2028 0.032310333
998 -49.700756 22 13 24 586.8132 0.03199995
999 -49.850758 22 13 24 587.4235 0.031666473
1000 -50.00076 22 13 24 588.0339 0.0313422
1001 -50.15076 22 13 24 588.6442 0.031005729

----QMATRIX: [Sensed Threat] > ACTION == UTILITY------
[0.0,0.0,0.0,0.0,1.0,0.0,0.0,0.0] > ACTION_NONE == -0.080679655
[0.0,0.0,0.0,0.0,1.0,0.0,0.0,0.0] > ACTION_BACK == -0.08100006
[0.0,1.0,0.0,0.0,0.0,0.0,0.0,0.0] > ACTION_NONE == -0.099
[0.0,0.0,0.0,0.0,0.0,0.0,0.0,0.0] > ACTION_LEFT == -3.488619E-4
[0.0,0.0,0.0,1.0,0.0,0.0,0.0,0.0] > ACTION_BACK == -0.06274842
[0.0,0.0,1.0,0.0,0.0,0.0,0.0,0.0] > ACTION_NONE == -0.0033602226
[0.0,0.0,0.0,1.0,0.0,0.0,0.0,0.0] > ACTION_NONE == -0.08076683
[0.0,1.0,0.0,0.0,0.0,0.0,0.0,0.0] > ACTION_BACK == -0.041394755
[0.0,0.0,0.0,0.0,0.0,1.0,0.0,0.0] > ACTION_RIGHT == -0.008354699
[0.0,0.0,0.0,0.0,0.0,1.0,0.0,0.0] > ACTION_NONE == -0.047829695
[1.0,0.0,0.0,0.0,0.0,0.0,0.0,0.0] > ACTION_BACK == -0.044428676
[0.0,0.0,0.0,0.0,0.0,0.0,0.0,0.0] > ACTION_BACK == -3.6399193E-5
[0.0,0.0,0.0,0.0,0.0,0.0,0.0,1.0] > ACTION_RIGHT == -0.09
[0.0,0.0,1.0,0.0,0.0,0.0,0.0,0.0] > ACTION_BACK == -0.009526146
[0.0,0.0,0.0,0.0,0.0,1.0,0.0,0.0] > ACTION_BACK == -0.0072900117
[0.0,0.0,0.0,0.0,1.0,0.0,0.0,0.0] > ACTION_RIGHT == -0.0501151
[0.0,0.0,0.0,1.0,0.0,0.0,0.0,0.0] > ACTION_RIGHT == -0.078531496
[0.0,0.0,1.0,0.0,0.0,0.0,0.0,0.0] > ACTION_RIGHT == -0.002807505
[0.0,0.0,0.0,0.0,0.0,0.0,1.0,0.0] > ACTION_NONE == -0.008019
[0.0,0.0,0.0,0.0,0.0,0.0,0.0,0.0] > ACTION_RIGHT == -1.117998E-6
[0.0,0.0,0.0,0.0,0.0,0.0,1.0,0.0] > ACTION_RIGHT == -0.081729
[0.0,0.0,0.0,0.0,0.0,0.0,0.0,0.0] > ACTION_NONE == -0.0058269138
