-----Simulation Parameters-----
Iteration Length: 1000
Iteration Qty: 1000.0
Learning Rate: 0.1
Discount Factor: 0.9
Decay: 1.5
Max View Distance: 10.0

-----SIMULATION STEPS------
Steps | Exploration Rate | QMatrix Size | Crashes | Victories | Distance Moved | Speed
1 99.985 0 0 0 5.335866 0.053331178
2 99.97 0 0 0 10.674595 0.053340685
3 99.955 0 0 0 16.01555 0.0380549
4 99.94 0 0 0 19.826458 0.06877216
5 99.925 0 0 0 26.693295 0.038052425
6 99.91 0 0 0 30.508371 0.03795706
7 99.895 0 0 0 34.31392 0.068842515
8 99.88 0 0 0 41.1809 0.052604564
9 99.865 0 0 0 46.445564 0.038263813
10 99.85 0 0 0 50.26095 0.068680935
11 99.835 0 0 0 57.12809 0.06861102
12 99.82 0 0 0 63.978622 0.03847249
13 99.805 0 0 0 67.79883 0.038207423
14 99.79 0 0 0 71.61405 0.052752316
15 99.775 0 0 0 76.87887 0.05333521
16 99.76 0 0 0 82.21997 0.052447762
17 99.745 0 0 0 87.48494 0.068547994
18 99.73 0 0 0 94.35208 0.0684404
19 99.715 0 0 0 101.19894 0.053331334
20 99.7 0 0 0 106.54005 0.053331178
21 99.685 0 0 0 111.88116 0.053331178
22 99.67 0 0 0 117.22226 0.052688688
23 99.655 0 0 0 122.48692 0.03827104
24 99.64 0 0 0 126.30215 0.05247085
25 99.625 0 0 0 131.51543 0.06846431
26 99.61 0 0 0 138.38242 0.05267183
27 99.595 0 0 0 143.6337 0.05238096
28 99.58 1 1 0 148.82266 0.06866488
29 99.565 1 1 0 155.6895 0.038253047
30 99.55 2 1 0 159.50488 0.06867994
31 99.535 2 1 0 166.37186 0.052246273
32 99.52 2 1 0 171.56036 0.051651005
33 99.505 2 1 0 176.74904 0.06796034
34 99.49 2 1 0 183.61601 0.052555934
35 99.475 2 1 0 188.80438 0.038274217
36 99.46 2 1 0 192.61946 0.038185302
37 99.445 2 1 0 196.4347 0.05334048
38 99.43 2 1 0 201.7758 0.05334214
39 99.415 2 1 0 207.11707 0.0687066
40 99.4 2 1 0 213.9839 0.03805164
41 99.385 2 1 0 217.79929 0.06875911
42 99.37 2 1 0 224.66643 0.06873149
43 99.355 2 1 0 231.53342 0.05333155
44 99.34 2 1 0 236.87451 0.05251955
45 99.325 2 1 0 242.06288 0.03854483
46 99.31 2 1 0 245.87796 0.038238816
47 99.295 3 1 0 249.69319 0.052752316
48 99.28 3 1 0 254.98164 0.06867896
49 99.265 3 1 0 261.80582 0.03822824
50 99.25 4 1 0 265.71262 0.06869413
51 99.235 4 1 0 272.58972 0.052268453
52 99.22 5 1 0 277.77823 0.053318568
53 99.205 5 1 0 282.96658 0.03804546
54 99.19 6 1 0 286.6292 0.0527674
55 99.175 6 1 0 291.81772 0.052447762
56 99.16 6 1 0 297.00638 0.06856078
57 99.145 6 1 0 303.72092 0.068465695
58 99.13 6 1 0 310.43546 0.06830565
59 99.115 7 1 0 317.1497 0.038065474
60 99.1 7 1 0 320.8125 0.068751134
61 99.085 7 1 0 327.83224 0.068733186
62 99.07 7 1 0 334.8518 0.053338394
63 99.055 8 1 0 340.0403 0.05249406
64 99.04 8 1 0 345.22885 0.053323217
65 99.025 8 1 0 350.6646 0.068742454
66 99.01 8 1 0 357.68417 0.052580766
67 98.995 9 1 0 362.87256 0.038270544
68 98.98 9 1 0 366.84036 0.05240284
69 98.965 9 1 0 372.02875 0.038475346
70 98.95 10 1 0 375.99655 0.053336248
71 98.935 11 1 0 381.18524 0.068596505
72 98.92 11 1 0 388.01428 0.03807483
73 98.905 12 1 0 391.67676 0.03803093
74 98.89 12 1 0 395.33923 0.037989654
75 98.875 13 1 0 399.00204 0.06880058
76 98.86 13 1 0 406.0216 0.053327154
77 98.845 13 1 0 411.2101 0.052796435
78 98.83 13 1 0 416.39865 0.053348303
79 98.815 13 1 0 421.69214 0.05267788
80 98.8 14 1 0 426.88065 0.053330544
81 98.785 14 1 0 432.0693 0.06865093
82 98.77 14 1 0 438.7837 0.053327676
83 98.755 14 1 0 443.97208 0.038307697
84 98.74 15 1 0 447.89505 0.05249618
85 98.725 15 1 0 453.08356 0.05333539
86 98.71 15 1 0 458.2719 0.038063552
87 98.695 16 1 0 461.93472 0.068751134
88 98.68 16 1 0 468.95447 0.0687349
89 98.665 16 1 0 475.97403 0.052449774
90 98.65 17 1 0 481.1624 0.038553175
91 98.635 17 1 0 485.13007 0.0382783
92 98.62 17 1 0 489.07825 0.053335596
93 98.605 18 1 0 494.26675 0.053335596
94 98.59 18 1 0 499.4551 0.038017944
95 98.575 19 1 0 503.11774 0.053335704
96 98.56 19 1 0 508.30624 0.053334422
97 98.545 19 1 0 513.5827 0.052849337
98 98.53 20 1 0 519.07623 0.038384914
99 98.515 20 1 0 522.7389 0.053330842
100 98.5 20 1 0 528.2324 0.038020518
101 98.485 21 1 0 531.8951 0.052841816
102 98.47 21 1 0 537.3889 0.06867896
103 98.455 21 1 0 544.10333 0.053338952
104 98.44 21 1 0 549.59705 0.052266102
105 98.425 22 1 0 555.0546 0.0388931
106 98.41 22 1 0 558.7174 0.06876484
107 98.395 23 1 0 565.43164 0.038034707
108 98.38 23 1 0 569.0943 0.053327154
109 98.365 23 1 0 574.58813 0.06877216
110 98.35 23 1 0 581.30237 0.038052425
111 98.335 24 1 0 584.96484 0.037961602
112 98.32 24 1 0 588.6276 0.068844095
113 98.305 24 1 0 595.34204 0.053330585
114 98.29 25 1 0 600.8359 0.068716705
115 98.275 25 1 0 607.5503 0.05332461
116 98.26 25 1 0 613.044 0.05334186
117 98.245 26 1 0 618.53754 0.038132783
118 98.23 26 1 0 622.2003 0.06875606
119 98.215 26 1 0 628.91473 0.053330585
120 98.2 27 1 0 634.40826 0.038080525
121 98.185 27 1 0 638.0709 0.0527387
122 98.17 27 1 0 643.56476 0.06864033
123 98.155 28 1 0 650.2792 0.0520712
124 98.14 28 1 0 655.7146 0.0513213
125 98.125 28 1 0 660.8848 0.053334076
126 98.11 29 1 0 666.37866 0.06870478
127 98.095 30 1 0 673.0929 0.03817763
128 98.08 31 1 0 676.7557 0.06872022
129 98.065 31 1 0 683.4701 0.053330738
130 98.05 31 1 0 688.9638 0.052400947
131 98.035 32 1 0 694.45764 0.068722345
132 98.02 33 1 0 701.17206 0.05333496
133 98.005 34 1 0 706.6659 0.06869128
134 97.99 34 1 0 713.3803 0.053332433
135 97.975 35 1 0 718.87415 0.06863607
136 97.96 36 1 0 725.58856 0.053345975
137 97.945 36 1 0 731.0821 0.03804546
138 97.93 37 1 0 734.7449 0.06876635
139 97.915 37 1 0 741.4591 0.03804418
140 97.9 37 1 0 745.12177 0.05332984
141 97.885 37 1 0 750.6155 0.05279498
142 97.87 37 1 0 756.109 0.038323227
143 97.855 37 1 0 759.77167 0.053348854
144 97.84 37 1 0 765.2652 0.03804546
145 97.825 37 1 0 768.92786 0.053335298
146 97.81 37 1 0 774.4216 0.0527674
147 97.795 38 1 0 779.9153 0.053340033
148 97.78 38 1 0 785.4091 0.06865093
149 97.765 38 1 0 792.12366 0.06857613
150 97.75 39 1 0 798.8379 0.038065474
151 97.735 39 1 0 802.50037 0.038020518
152 97.72 39 1 0 806.16315 0.068780236
153 97.705 39 1 0 812.87756 0.05271697
154 97.69 39 1 0 818.3711 0.038259577
155 97.675 39 1 0 822.03357 0.03812965
156 97.66 39 1 0 825.6962 0.05274006
157 97.645 39 1 0 831.18994 0.052646462
158 97.63 39 2 0 836.68365 0.052640457
159 97.615 39 3 0 842.1776 0.053332195
160 97.6 40 3 0 847.6713 0.052628465
161 97.585 40 3 0 853.16486 0.038238816
162 97.57 40 3 0 856.8275 0.052449774
163 97.555 40 3 0 862.32135 0.06853278
164 97.54 40 3 0 869.03577 0.05172772
165 97.525 41 3 0 873.9508 0.050950307
166 97.51 41 3 0 878.8343 0.06869128
167 97.495 41 3 0 885.5487 0.05239049
168 97.48 41 3 0 891.04224 0.038413666
169 97.465 41 3 0 894.705 0.0686144
170 97.45 41 3 0 901.41925 0.038432676
171 97.435 42 3 0 905.08203 0.06865723
172 97.42 42 3 0 911.79645 0.052646462
173 97.405 42 3 0 917.29 0.03820982
174 97.39 42 3 0 920.95264 0.05334186
175 97.375 43 3 0 926.4465 0.06869413
176 97.36 43 3 0 933.161 0.06864141
177 97.345 43 3 0 939.8754 0.052008204
178 97.33 44 3 0 945.26874 0.05261529
179 97.315 44 4 0 950.7624 0.03807867
180 97.3 44 4 0 954.42487 0.038041487
181 97.285 44 4 0 958.08765 0.0687641
182 97.27 44 4 0 964.80206 0.05268999
183 97.255 45 4 0 970.2956 0.038274217
184 97.24 45 4 0 973.95825 0.05247085
185 97.225 45 4 0 979.4518 0.038590144
186 97.21 45 4 0 983.11444 0.053321995
187 97.195 45 4 0 988.60815 0.05267788
188 97.18 45 4 0 994.10187 0.052357342
189 97.165 45 4 0 999.5957 0.06851632
190 97.15 45 4 0 1006.31024 0.06842427
191 97.135 45 4 0 1013.0248 0.06824796
192 97.12 46 4 0 1019.7392 0.05333398
193 97.105 47 4 0 1025.096 0.052652474
194 97.09 47 4 0 1029.9792 0.052311447
195 97.075 47 4 0 1034.8625 0.053324856
196 97.06 47 4 0 1039.7457 0.03848832
197 97.045 47 4 0 1043.4086 0.068596505
198 97.03 48 4 0 1050.7333 0.05334061
199 97.015 48 4 0 1055.6166 0.053331178
200 97.0 49 4 0 1060.5001 0.06873769
201 96.985 49 4 0 1067.8248 0.05333718
202 96.97 50 4 0 1072.7084 0.06870387
203 96.955 50 4 0 1080.033 0.038210794
204 96.94 51 4 0 1083.6956 0.052644223
205 96.925 51 4 0 1088.5787 0.03812353
206 96.91 51 4 0 1092.2413 0.053330585
207 96.895 51 4 0 1097.1246 0.05261529
208 96.88 51 4 0 1102.0078 0.038289007
209 96.865 51 4 0 1105.6704 0.0524238
210 96.85 51 4 0 1110.554 0.068465695
211 96.835 51 4 0 1117.8787 0.05139282
212 96.82 51 4 0 1122.762 0.052449774
213 96.805 51 5 0 1127.6454 0.05244876
214 96.79 51 6 0 1132.529 0.052437242
215 96.775 51 7 0 1137.4127 0.053331107
216 96.76 51 7 0 1142.296 0.053331107
217 96.745 51 7 0 1147.1796 0.068681926
218 96.73 51 7 0 1154.5043 0.05332806
219 96.715 52 7 0 1159.3876 0.05226457
220 96.7 52 7 0 1164.2711 0.06827922
221 96.685 53 7 0 1171.5958 0.05257843
222 96.67 53 7 0 1176.4791 0.052255042
223 96.655 53 7 0 1181.3624 0.051886067
224 96.64 53 7 0 1186.2457 0.051446572
225 96.625 54 7 0 1191.1289 0.039364386
226 96.61 54 7 0 1194.7915 0.053322677
227 96.595 54 7 0 1199.6748 0.053331178
228 96.58 54 7 0 1204.5581 0.05267788
229 96.565 54 7 0 1209.4414 0.05332861
230 96.55 55 7 0 1214.3247 0.052355565
231 96.535 55 7 0 1219.208 0.051886365
232 96.52 55 7 0 1224.0913 0.05334394
233 96.505 56 7 0 1228.9746 0.053347107
234 96.49 56 7 0 1233.8582 0.06873769
235 96.475 57 7 0 1241.1831 0.0687107
236 96.46 58 7 0 1248.5077 0.03816141
237 96.445 58 7 0 1252.1702 0.038080525
238 96.43 58 7 0 1255.8326 0.038009107
239 96.415 58 7 0 1259.4955 0.068815805
240 96.4 58 7 0 1266.8201 0.03805089
241 96.385 58 7 0 1270.4827 0.052764602
242 96.37 58 7 0 1275.3662 0.06867994
243 96.355 59 7 0 1282.6909 0.05228992
244 96.34 59 7 0 1287.5742 0.05332677
245 96.325 60 7 0 1292.4574 0.038534902
246 96.31 60 7 0 1296.12 0.053336248
247 96.295 60 7 0 1301.0033 0.052682634
248 96.28 60 7 0 1305.8865 0.038188647
249 96.265 60 7 0 1309.549 0.038129862
250 96.25 60 7 0 1313.2114 0.03806076
251 96.235 60 7 0 1316.8739 0.037995156
252 96.22 60 7 0 1320.5367 0.06880124
253 96.205 60 7 0 1327.8613 0.038031712
254 96.19 60 7 0 1331.5239 0.053001814
255 96.175 60 7 0 1336.4075 0.06868557
256 96.16 61 7 0 1343.732 0.038212348
257 96.145 61 7 0 1347.3947 0.05249618
258 96.13 61 7 0 1352.278 0.052071724
259 96.115 61 7 0 1357.1611 0.038770724
260 96.1 61 7 0 1360.824 0.06848743
261 96.085 61 7 0 1368.1486 0.038054388
262 96.07 61 7 0 1371.8112 0.052752316
263 96.055 61 7 0 1376.6945 0.053329304
264 96.04 61 7 0 1381.578 0.068681926
265 96.025 61 7 0 1388.903 0.06861102
266 96.01 62 7 0 1396.2277 0.05332695
267 95.995 62 21 0 6805361.0 0.048769508
268 95.98 62 22 0 6805361.0 0.05333185
269 95.965 62 22 0 6805361.0 0.05271563
270 95.95 62 22 0 6805361.0 0.05238096
271 95.935 62 22 0 6805361.0 0.06853278
272 95.92 63 22 0 6805361.0 0.053338815
273 95.905 63 22 0 6805361.0 0.0684433
274 95.89 64 22 0 6805361.0 0.038056355
275 95.875 64 22 0 6805361.0 0.06875911
276 95.86 64 22 0 6805361.0 0.06873149
277 95.845 64 22 0 6805361.0 0.038126796
278 95.83 65 22 0 6805361.0 0.038049508
279 95.815 65 22 0 6805361.0 0.068786934
280 95.8 65 22 0 6805361.0 0.052640457
281 95.785 65 22 0 6805361.0 0.053334106
282 95.77 65 22 0 6805361.0 0.052483488
283 95.755 65 22 0 6805361.0 0.06857129
284 95.74 65 22 0 6805361.0 0.0519067
285 95.725 65 22 0 6805361.0 0.068239234
286 95.71 65 22 0 6805361.0 0.06793495
287 95.695 65 22 0 6805361.0 0.05333098
288 95.68 66 22 0 6805361.0 0.05334214
289 95.665 67 22 0 6805361.0 0.05254302
290 95.65 67 22 0 6805361.0 0.05207226
291 95.635 67 22 0 6805361.0 0.053315576
292 95.62 67 22 0 6805361.0 0.051500987
293 95.605 67 22 0 6805361.0 0.03811765
294 95.59 67 22 0 6805361.0 0.05333539
295 95.575 67 22 0 6805361.0 0.052639216
296 95.56 67 22 0 6805361.0 0.0533301
297 95.545 67 22 0 6805361.0 0.05332806
298 95.53 67 22 0 6805361.0 0.0522257
299 95.515 67 22 0 6805361.0 0.05332876
300 95.5 67 22 0 6805361.0 0.03804546
301 95.485 67 22 0 6805361.0 0.038007103
302 95.47 67 22 0 6805361.0 0.06878624
303 95.455 67 22 0 6805361.0 0.06875834
304 95.44 68 22 0 6805361.0 0.038086258
305 95.425 69 22 0 6805361.0 0.068790495
306 95.41 69 22 0 6805361.0 0.05265976
307 95.395 69 22 0 6805361.0 0.05333242
308 95.38 70 22 0 6805361.0 0.03819875
309 95.365 70 22 0 6805361.0 0.05251955
310 95.35 70 22 0 6805361.0 0.053339746
311 95.335 70 22 0 6805361.0 0.05205213
312 95.32 70 22 0 6805361.0 0.038987044
313 95.305 70 22 0 6805361.0 0.06874795
314 95.29 70 22 0 6805361.0 0.052628465
315 95.275 70 22 0 6805361.0 0.06862563
316 95.26 71 22 0 6805361.0 0.05209297
317 95.245 71 22 0 6805361.0 0.051556654
318 95.23 71 22 0 6805361.0 0.050882887
319 95.215 71 22 0 6805361.0 0.053335335
320 95.2 71 22 0 6805361.0 0.06872537
321 95.185 71 22 0 6805361.0 0.053336676
322 95.17 72 22 0 6805361.0 0.05249618
323 95.155 72 22 0 6805361.0 0.06851632
324 95.14 72 22 0 6805361.0 0.068391144
325 95.125 73 22 0 6805361.0 0.05332901
326 95.11 73 22 0 6805361.0 0.05332901
327 95.095 73 22 0 6805361.0 0.052616503
328 95.08 73 22 0 6805361.0 0.06859879
329 95.065 73 22 0 6805361.0 0.051947314
330 95.05 73 22 0 6805361.0 0.051215407
331 95.035 74 22 0 6805361.0 0.05257367
332 95.02 74 23 0 6805361.0 0.052566603
333 95.005 74 24 0 6805361.0 0.038104318
334 94.99 74 24 0 6805361.0 0.053337205
335 94.975 74 24 0 6805361.0 0.052663255
336 94.96 74 24 0 6805361.0 0.038267422
337 94.945 75 24 0 6805361.0 0.05333165
338 94.93 75 24 0 6805361.0 0.05333165
339 94.915 75 24 0 6805361.0 0.052449774
340 94.9 75 24 0 6805361.0 0.068716355
341 94.885 75 24 0 6805361.0 0.038151644
342 94.87 75 24 0 6805361.0 0.052592658
343 94.855 75 24 0 6805361.0 0.06859879
344 94.84 75 24 0 6805361.0 0.0384539
345 94.825 76 24 0 6805361.0 0.053315986
346 94.81 76 24 0 6805361.0 0.052267663
347 94.795 76 24 0 6805361.0 0.053331107
348 94.78 76 24 0 6805361.0 0.0686724
349 94.765 76 24 0 6805361.0 0.038256627
350 94.75 76 24 0 6805361.0 0.05247085
351 94.735 76 24 0 6805361.0 0.038482808
352 94.72 77 24 0 6805361.0 0.053321995
353 94.705 77 24 0 6805361.0 0.068742454
354 94.69 77 24 0 6805361.0 0.06871934
355 94.675 77 24 0 6805361.0 0.038148593
356 94.66 77 24 0 6805361.0 0.03807767
357 94.645 77 24 0 6805361.0 0.0527674
358 94.63 77 24 0 6805361.0 0.05217838
359 94.615 77 24 0 6805361.0 0.068251364
360 94.6 77 24 0 6805361.0 0.038091324
361 94.585 77 24 0 6805361.0 0.05268999
362 94.57 77 24 0 6805361.0 0.03822955
363 94.555 78 24 0 6805361.0 0.05249512
364 94.54 78 24 0 6805361.0 0.05332472
365 94.525 78 24 0 6805361.0 0.03842196
366 94.51 78 24 0 6805361.0 0.052400015
367 94.495 78 24 0 6805361.0 0.03811765
368 94.48 78 24 0 6805361.0 0.05333539
369 94.465 78 24 0 6805361.0 0.038063552
370 94.45 78 24 0 6805361.0 0.06875834
371 94.435 78 24 0 6805361.0 0.05334009
372 94.42 79 24 0 6805361.0 0.053321082
373 94.405 79 24 0 6805361.0 0.03807767
374 94.39 79 24 0 6805361.0 0.05274143
375 94.375 79 24 0 6805361.0 0.06867994
376 94.36 79 24 0 6805361.0 0.03823528
377 94.345 79 24 0 6805361.0 0.03813908
378 94.33 79 24 0 6805361.0 0.05264296
379 94.315 79 24 0 6805361.0 0.038388994
380 94.3 80 24 0 6805361.0 0.06868392
381 94.285 80 24 0 6805361.0 0.053336952
382 94.27 80 24 0 6805361.0 0.038071997
383 94.255 80 24 0 6805361.0 0.053324666
384 94.24 80 24 0 6805361.0 0.06875988
385 94.225 80 24 0 6805361.0 0.06872022
386 94.21 81 24 0 6805361.0 0.068621285
387 94.195 82 24 0 6805361.0 0.068726234
388 94.18 83 24 0 6805361.0 0.053336676
389 94.165 83 24 0 6805361.0 0.038139123
390 94.15 83 24 0 6805361.0 0.038049668
391 94.135 83 24 0 6805361.0 0.037987266
392 94.12 83 24 0 6805361.0 0.037937377
393 94.105 83 24 0 6805361.0 0.053176787
394 94.09 83 24 0 6805361.0 0.053335983
395 94.075 83 24 0 6805361.0 0.0687066
396 94.06 84 24 0 6805361.0 0.05240284
397 94.045 84 24 0 6805361.0 0.038441136
398 94.03 84 24 0 6805361.0 0.06861327
399 94.015 84 24 0 6805361.0 0.038482808
400 94.0 84 24 0 6805361.0 0.06874164
401 93.985 84 24 0 6805361.0 0.0380826
402 93.97 84 24 0 6805361.0 0.068744786
403 93.955 84 24 0 6805361.0 0.06872022
404 93.94 84 24 0 6805361.0 0.03817863
405 93.925 85 24 0 6805361.0 0.03805797
406 93.91 85 24 0 6805361.0 0.052898176
407 93.895 85 24 0 6805361.0 0.068698935
408 93.88 85 24 0 6805361.0 0.06866589
409 93.865 85 24 0 6805361.0 0.05332603
410 93.85 86 24 0 6805361.0 0.05332401
411 93.835 86 24 0 6805361.0 0.03827104
412 93.82 87 24 0 6805361.0 0.03810661
413 93.805 87 24 0 6805361.0 0.03803943
414 93.79 87 24 0 6805361.0 0.038002126
415 93.775 87 24 0 6805361.0 0.05286988
416 93.76 87 24 0 6805361.0 0.053329855
417 93.745 87 24 0 6805361.0 0.05251955
418 93.73 87 24 0 6805361.0 0.05332472
419 93.715 88 24 0 6805361.0 0.03842196
420 93.7 88 24 0 6805361.0 0.052405722
421 93.685 88 24 0 6805361.0 0.05246133
422 93.67 88 25 0 6805361.0 0.038151782
423 93.655 88 25 0 6805361.0 0.06871249
424 93.64 88 25 0 6805361.0 0.052447762
425 93.625 88 25 0 6805361.0 0.06853278
426 93.61 88 25 0 6805361.0 0.038646664
427 93.595 88 25 0 6805361.0 0.038350362
428 93.58 88 25 0 6805361.0 0.068742454
429 93.565 88 25 0 6805361.0 0.05333694
430 93.55 88 25 0 6805361.0 0.038094923
431 93.535 88 25 0 6805361.0 0.053330395
432 93.52 88 25 0 6805361.0 0.05271563
433 93.505 88 25 0 6805361.0 0.053327844
434 93.49 89 25 0 6805361.0 0.038330935
435 93.475 89 25 0 6805361.0 0.03803093
436 93.46 89 25 0 6805361.0 0.053338002
437 93.445 89 25 0 6805361.0 0.06877289
438 93.43 90 25 0 6805361.0 0.06874559
439 93.415 90 25 0 6805361.0 0.05254079
440 93.4 90 25 0 6805361.0 0.051846802
441 93.385 90 25 0 6805361.0 0.052664522
442 93.37 90 26 0 6805361.0 0.038057145
443 93.355 90 26 0 6805361.0 0.05274143
444 93.34 90 26 0 6805361.0 0.053331107
445 93.325 90 26 0 6805361.0 0.038174372
446 93.31 90 26 0 6805361.0 0.038097832
447 93.295 90 26 0 6805361.0 0.05274281
448 93.28 90 26 0 6805361.0 0.052136406
449 93.265 90 26 0 6805361.0 0.053340778
450 93.25 90 26 0 6805361.0 0.05267788
451 93.235 90 26 0 6805361.0 0.03819875
452 93.22 90 26 0 6805361.0 0.05333496
453 93.205 90 26 0 6805361.0 0.06869128
454 93.19 90 26 0 6805361.0 0.0533421
455 93.175 91 26 0 6805361.0 0.053340156
456 93.16 91 26 0 6805361.0 0.053331178
457 93.145 91 26 0 6805361.0 0.03804546
458 93.13 91 26 0 6805361.0 0.053333923
459 93.115 91 26 0 6805361.0 0.06875606
460 93.1 91 26 0 6805361.0 0.053332295
461 93.085 91 26 0 6805361.0 0.052641705
462 93.07 91 26 0 6805361.0 0.03856236
463 93.055 91 26 0 6805361.0 0.03801464
464 93.04 91 26 0 6805361.0 0.052844808
465 93.025 91 26 0 6805361.0 0.068690345
466 93.01 91 26 0 6805361.0 0.03820553
467 92.995 91 26 0 6805361.0 0.03810259
468 92.98 91 26 0 6805361.0 0.06875988
469 92.965 91 26 0 6805361.0 0.05249618
470 92.95 91 26 0 6805361.0 0.053334106
471 92.935 91 26 0 6805361.0 0.03814219
472 92.92 91 26 0 6805361.0 0.038083386
473 92.905 91 26 0 6805361.0 0.05274006
474 92.89 91 26 0 6805361.0 0.038263813
475 92.875 91 26 0 6805361.0 0.038136028
476 92.86 91 26 0 6805361.0 0.053324666
477 92.845 91 26 0 6805361.0 0.068742454
478 92.83 91 26 0 6805361.0 0.038088407
479 92.815 91 26 0 6805361.0 0.06874559
480 92.8 91 26 0 6805361.0 0.052567754
481 92.785 92 26 0 6805361.0 0.053335257
482 92.77 92 26 0 6805361.0 0.06854051
483 92.755 93 26 0 6805361.0 0.052664522
484 92.74 93 26 0 6805361.0 0.05332867
485 92.725 93 26 0 6805361.0 0.053340033
486 92.71 93 26 0 6805361.0 0.052378204
487 92.695 93 26 0 6805361.0 0.051906053
488 92.68 93 26 0 6805361.0 0.05132087
489 92.665 94 26 0 6805361.0 0.05334247
490 92.65 94 26 0 6805361.0 0.05267788
491 92.635 94 26 0 6805361.0 0.05236868
492 92.62 94 26 0 6805361.0 0.052010026
493 92.605 94 26 0 6805361.0 0.051613078
494 92.59 94 26 0 6805361.0 0.068103634
495 92.575 94 26 0 6805361.0 0.039704572
496 92.56 95 26 0 6805361.0 0.05333148
497 92.545 95 26 0 6805361.0 0.05270213
498 92.53 95 26 0 6805361.0 0.052378204
499 92.515 95 26 0 6805361.0 0.051988702
500 92.5 95 26 0 6805361.0 0.05333291
501 92.485 95 26 0 6805361.0 0.051538114
502 92.47 95 26 0 6805361.0 0.039491277
503 92.455 95 26 0 6805361.0 0.038025703
504 92.44 95 26 0 6805361.0 0.06877216
505 92.425 95 26 0 6805361.0 0.068743184
506 92.41 96 26 0 6805361.0 0.06871934
507 92.395 96 26 0 6805361.0 0.03817531
508 92.38 97 26 0 6805361.0 0.05264549
509 92.365 97 26 0 6805361.0 0.06873458
510 92.35 97 26 0 6805361.0 0.068711594
511 92.335 98 26 0 6805361.0 0.053333424
512 92.32 98 26 0 6805361.0 0.052447762
513 92.305 98 26 0 6805361.0 0.051926438
514 92.29 98 26 0 6805361.0 0.05333832
515 92.275 98 26 0 6805361.0 0.05267788
516 92.26 98 28 0 6805363.5 0.038135935
517 92.245 98 28 0 6805363.5 0.03807971
518 92.23 98 28 0 6805363.5 0.052714292
519 92.215 98 28 0 6805363.5 0.038214266
520 92.2 98 28 0 6805363.5 0.05333496
521 92.185 98 28 0 6805363.5 0.038136028
522 92.17 98 28 0 6805363.5 0.053324666
523 92.155 98 28 0 6805363.5 0.068742454
524 92.14 98 28 0 6805363.5 0.038088407
525 92.125 98 28 0 6805363.5 0.03804415
526 92.11 98 28 0 6805363.5 0.052815452
527 92.095 98 28 0 6805363.5 0.052379116
528 92.08 98 28 0 6805363.5 0.068465695
529 92.065 98 28 0 6805363.5 0.05142836
530 92.05 99 28 0 6805363.5 0.052532382
531 92.035 99 29 0 6805363.5 0.068698004
532 92.02 99 29 0 6805363.5 0.038174797
533 92.005 99 29 0 6805363.5 0.05334048
534 91.99 99 29 0 6805363.5 0.052544143
535 91.975 99 29 0 6805363.5 0.053332146
536 91.96 99 29 0 6805363.5 0.052049596
537 91.945 99 29 0 6805363.5 0.05333569
538 91.93 99 29 0 6805363.5 0.05333569
539 91.915 99 29 0 6805363.5 0.03804692
540 91.9 99 29 0 6805363.5 0.05278925
541 91.885 99 29 0 6805363.5 0.038219202
542 91.87 99 29 0 6805363.5 0.038105585
543 91.855 99 29 0 6805363.5 0.06875834
544 91.84 99 29 0 6805363.5 0.03804546
545 91.825 99 29 0 6805363.5 0.038012117
546 91.81 99 29 0 6805363.5 0.053335704
547 91.795 99 29 0 6805363.5 0.068787634
548 91.78 99 29 0 6805363.5 0.053326085
549 91.765 100 29 0 6805363.5 0.053324666
550 91.75 100 29 0 6805363.5 0.05274143
551 91.735 100 29 0 6805363.5 0.05261053
552 91.72 100 30 0 6805363.5 0.03808154
553 91.705 100 30 0 6805363.5 0.053336233
554 91.69 100 30 0 6805363.5 0.038041487
555 91.675 100 30 0 6805363.5 0.03799446
556 91.66 100 30 0 6805363.5 0.06880058
557 91.645 100 30 0 6805363.5 0.052792102
558 91.63 100 30 0 6805363.5 0.06857736
559 91.615 101 30 0 6805363.5 0.05333384
560 91.6 102 30 0 6805363.5 0.038063552
561 91.585 102 30 0 6805363.5 0.038012814
562 91.57 102 30 0 6805363.5 0.03796849
563 91.555 102 30 0 6805363.5 0.06879674
564 91.54 102 30 0 6805363.5 0.06876999
565 91.525 102 30 0 6805363.5 0.068736635
566 91.51 103 30 0 6805363.5 0.06871758
567 91.495 103 30 0 6805363.5 0.052475017
568 91.48 103 30 0 6805363.5 0.0520728
569 91.465 103 30 0 6805363.5 0.05332325
570 91.45 103 30 0 6805363.5 0.051575135
571 91.435 103 30 0 6805363.5 0.039522104
572 91.42 103 30 0 6805363.5 0.03799473
573 91.405 103 30 0 6805363.5 0.053329375
574 91.39 103 30 0 6805363.5 0.053329375
575 91.375 103 30 0 6805363.5 0.053330626
576 91.36 103 30 0 6805363.5 0.053331885
577 91.345 103 30 0 6805363.5 0.053331885
578 91.33 103 30 0 6805363.5 0.06878624
579 91.315 103 31 0 6805365.0 0.06869987
580 91.3 103 31 0 6805365.0 0.038188647
581 91.285 103 31 0 6805365.0 0.05254302
582 91.27 103 31 0 6805365.0 0.05205213
583 91.255 103 31 0 6805365.0 0.06831057
584 91.24 103 31 0 6805365.0 0.053332675
585 91.225 103 31 0 6805365.0 0.06873851
586 91.21 103 31 0 6805365.0 0.052567754
587 91.195 103 31 0 6805365.0 0.06858323
588 91.18 104 31 0 6805365.0 0.038475346
589 91.165 105 31 0 6805365.0 0.05226457
590 91.15 105 31 0 6805365.0 0.06824796
591 91.135 105 31 0 6805365.0 0.06871339
592 91.12 105 31 0 6805365.0 0.052447762
593 91.105 105 31 0 6805365.0 0.053332146
594 91.09 105 31 0 6805365.0 0.068546735
595 91.075 105 31 0 6805365.0 0.05168937
596 91.06 106 31 0 6805365.0 0.038069174
597 91.045 106 31 0 6805365.0 0.053330395
598 91.03 106 31 0 6805365.0 0.053330395
599 91.015 106 31 0 6805365.0 0.05271563
600 91.0 106 31 0 6805365.0 0.052267663
601 90.985 106 31 0 6805365.0 0.053341094
602 90.97 106 31 0 6805365.0 0.06841258
603 90.955 106 31 0 6805365.0 0.05261529
604 90.94 106 31 0 6805365.0 0.053334568
605 90.925 106 31 0 6805365.0 0.052311447
606 90.91 106 31 0 6805365.0 0.051886067
607 90.895 106 31 0 6805365.0 0.05333145
608 90.88 106 31 0 6805365.0 0.05331573
609 90.865 106 31 0 6805365.0 0.05267788
610 90.85 106 31 0 6805365.0 0.03819135
611 90.835 106 31 0 6805365.0 0.068698935
612 90.82 106 31 0 6805365.0 0.0686499
613 90.805 106 31 0 6805365.0 0.0686011
614 90.79 106 31 0 6805365.0 0.05333307
615 90.775 107 31 0 6805365.0 0.03804546
616 90.76 107 31 0 6805365.0 0.053336676
617 90.745 107 31 0 6805365.0 0.052766
618 90.73 107 31 0 6805365.0 0.068667926
619 90.715 107 31 0 6805365.0 0.038303938
620 90.7 108 31 0 6805365.0 0.06867896
621 90.685 108 31 0 6805365.0 0.052134577
622 90.67 109 31 0 6805365.0 0.05246031
623 90.655 109 33 0 6805365.0 0.038139056
624 90.64 109 33 0 6805365.0 0.068718456
625 90.625 109 33 0 6805365.0 0.03814224
626 90.61 109 33 0 6805365.0 0.05261772
627 90.595 109 33 0 6805365.0 0.053334344
628 90.58 110 33 0 6805365.0 0.06857129
629 90.565 110 33 0 6805365.0 0.038054388
630 90.55 110 33 0 6805365.0 0.05333276
631 90.535 110 33 0 6805365.0 0.053331353
632 90.52 110 33 0 6805365.0 0.03800772
633 90.505 110 33 0 6805365.0 0.06878486
634 90.49 110 33 0 6805365.0 0.038023107
635 90.475 111 33 0 6805365.0 0.053316057
636 90.46 111 33 0 6805365.0 0.05267788
637 90.445 111 33 0 6805365.0 0.05239049
638 90.43 111 34 0 6805365.0 0.05333496
639 90.415 111 34 0 6805365.0 0.06869128
640 90.4 111 34 0 6805365.0 0.052378204
641 90.385 111 34 0 6805365.0 0.05334135
642 90.37 111 34 0 6805365.0 0.06850778
643 90.355 112 34 0 6805365.0 0.03879092
644 90.34 112 34 0 6805365.0 0.05275846
645 90.325 112 34 0 6805365.0 0.038151782
646 90.31 112 34 0 6805365.0 0.03810075
647 90.295 112 34 0 6805365.0 0.052712966
648 90.28 112 34 0 6805365.0 0.05226688
649 90.265 112 34 0 6805365.0 0.038623437
650 90.25 112 34 0 6805365.0 0.06857613
651 90.235 112 34 0 6805365.0 0.05333398
652 90.22 112 34 0 6805365.0 0.053330757
653 90.205 112 34 0 6805365.0 0.052641705
654 90.19 112 34 0 6805365.0 0.052244756
655 90.175 113 34 0 6805365.0 0.038599476
656 90.16 113 34 0 6805365.0 0.052091867
657 90.145 113 34 0 6805365.0 0.068227194
658 90.13 113 34 0 6805365.0 0.038085498
659 90.115 113 34 0 6805365.0 0.038037382
660 90.1 113 34 0 6805365.0 0.052793536
661 90.085 113 34 0 6805365.0 0.05240284
662 90.07 113 34 0 6805365.0 0.053338934
663 90.055 113 34 0 6805365.0 0.051926438
664 90.04 113 34 0 6805365.0 0.06812261
665 90.025 113 34 0 6805365.0 0.06871249
666 90.01 113 34 0 6805365.0 0.052447762
667 89.995 113 34 0 6805365.0 0.06854548
668 89.98 113 34 0 6805365.0 0.038576275
669 89.965 113 34 0 6805365.0 0.03833868
670 89.95 113 34 0 6805365.0 0.0533194
671 89.935 113 34 0 6805365.0 0.05267788
672 89.92 113 34 0 6805365.0 0.053338163
673 89.905 114 34 0 6805365.0 0.053338163
674 89.89 114 34 0 6805365.0 0.06865093
675 89.875 114 34 0 6805365.0 0.053342495
676 89.86 115 34 0 6805365.0 0.06856772
677 89.845 116 34 0 6805365.0 0.052628465
678 89.83 116 34 0 6805365.0 0.053328726
679 89.815 116 34 0 6805365.0 0.038224734
680 89.8 116 34 0 6805365.0 0.052473962
681 89.785 116 34 0 6805365.0 0.051988702
682 89.77 116 34 0 6805365.0 0.068251364
683 89.755 116 34 0 6805365.0 0.052670553
684 89.74 116 34 0 6805365.0 0.068658404
685 89.725 116 34 0 6805365.0 0.038263224
686 89.71 116 34 0 6805365.0 0.06866388
687 89.695 116 34 0 6805365.0 0.05222202
688 89.68 116 34 0 6805365.0 0.051575135
689 89.665 116 34 0 6805365.0 0.039535522
690 89.65 116 34 0 6805365.0 0.05280449
691 89.635 116 34 0 6805365.0 0.053336676
692 89.62 116 34 0 6805365.0 0.038142227
693 89.605 116 34 0 6805365.0 0.052641705
694 89.59 116 34 0 6805365.0 0.068585575
695 89.575 116 34 0 6805365.0 0.05184628
696 89.56 117 34 0 6805365.0 0.06873541
697 89.545 117 34 0 6805365.0 0.06871249
698 89.53 118 34 0 6805365.0 0.06867994
699 89.515 118 34 0 6805365.0 0.038263813
700 89.5 118 34 0 6805365.0 0.038126525
701 89.485 118 34 0 6805365.0 0.038009416
702 89.47 118 34 0 6805365.0 0.052955486
703 89.455 118 34 0 6805365.0 0.05333325
704 89.44 118 34 0 6805365.0 0.06869987
705 89.425 118 34 0 6805365.0 0.053340033
706 89.41 118 34 0 6805365.0 0.06865093
707 89.395 118 34 0 6805365.0 0.06857009
708 89.38 119 34 0 6805365.0 0.038048167
709 89.365 119 34 0 6805365.0 0.038012117
710 89.35 119 34 0 6805365.0 0.05285582
711 89.335 119 34 0 6805365.0 0.06869128
712 89.32 119 34 0 6805365.0 0.06865406
713 89.305 119 34 0 6805365.0 0.05209526
714 89.29 119 34 0 6805365.0 0.05332195
715 89.275 119 34 0 6805365.0 0.06873769
716 89.26 119 34 0 6805365.0 0.0687107
717 89.245 119 34 0 6805365.0 0.06867896
718 89.23 119 34 0 6805365.0 0.052266102
719 89.215 120 34 0 6805365.0 0.051612943
720 89.2 120 34 0 6805365.0 0.05334169
721 89.185 120 34 0 6805365.0 0.03804546
722 89.17 120 34 0 6805365.0 0.03800461
723 89.155 120 34 0 6805365.0 0.053330626
724 89.14 120 34 0 6805365.0 0.06878624
725 89.125 120 34 0 6805365.0 0.038023107
726 89.11 121 34 0 6805365.0 0.06878152
727 89.095 121 34 0 6805365.0 0.06873851
728 89.08 121 34 0 6805365.0 0.05333228
729 89.065 121 34 0 6805365.0 0.068721116
730 89.05 121 34 0 6805365.0 0.068681926
731 89.035 121 34 0 6805365.0 0.068597645
732 89.02 122 34 0 6805365.0 0.0684699
733 89.005 122 34 0 6805365.0 0.068711594
734 88.99 122 34 0 6805365.0 0.03815819
735 88.975 122 34 0 6805365.0 0.038092025
736 88.96 122 34 0 6805365.0 0.05274143
737 88.945 122 34 0 6805365.0 0.06859995
738 88.93 123 34 0 6805365.0 0.053345673
739 88.915 123 34 0 6805365.0 0.05267788
740 88.9 123 34 0 6805365.0 0.053330544
741 88.885 123 34 0 6805365.0 0.053340033
742 88.87 123 34 0 6805365.0 0.03819875
743 88.855 123 34 0 6805365.0 0.05333554
744 88.84 123 34 0 6805365.0 0.052548718
745 88.825 123 34 0 6805365.0 0.06838201
746 88.81 123 34 0 6805365.0 0.05333718
747 88.795 123 34 0 6805365.0 0.038096633
748 88.78 123 34 0 6805365.0 0.053339195
749 88.765 123 34 0 6805365.0 0.0687464
750 88.75 123 34 0 6805365.0 0.053315964
751 88.735 123 34 0 6805365.0 0.068710335
752 88.72 123 34 0 6805365.0 0.06871758
753 88.705 123 34 0 6805365.0 0.03812965
754 88.69 123 34 0 6805365.0 0.05261895
755 88.675 123 34 0 6805365.0 0.05215866
756 88.66 123 34 0 6805365.0 0.03870486
757 88.645 123 34 0 6805365.0 0.038413666
758 88.63 123 34 0 6805365.0 0.038151782
759 88.615 123 34 0 6805365.0 0.053338062
760 88.6 123 34 0 6805365.0 0.06875834
761 88.585 123 34 0 6805365.0 0.038055196
762 88.57 123 34 0 6805365.0 0.06877437
763 88.555 123 34 0 6805365.0 0.068734035
764 88.54 123 34 0 6805365.0 0.06865406
765 88.525 124 34 0 6805365.0 0.05333694
766 88.51 124 34 0 6805365.0 0.053327437
767 88.495 124 34 0 6805365.0 0.038094923
768 88.48 124 34 0 6805365.0 0.053324666
769 88.465 124 34 0 6805365.0 0.053324666
770 88.45 125 34 0 6805365.0 0.05274281
771 88.435 125 34 0 6805365.0 0.06871934
772 88.42 125 34 0 6805365.0 0.05248454
773 88.405 125 34 0 6805365.0 0.06857009
774 88.39 125 34 0 6805365.0 0.051926788
775 88.375 125 34 0 6805365.0 0.05139247
776 88.36 125 34 0 6805365.0 0.05332505
777 88.345 126 34 0 6805365.0 0.053331178
778 88.33 126 34 0 6805365.0 0.03804546
779 88.315 126 34 0 6805365.0 0.06875606
780 88.3 126 34 0 6805365.0 0.053326186
781 88.285 127 34 0 6805365.0 0.06872982
782 88.27 127 34 0 6805365.0 0.06867994
783 88.255 128 34 0 6805365.0 0.03806076
784 88.24 128 34 0 6805365.0 0.068751134
785 88.225 128 34 0 6805365.0 0.038066357
786 88.21 128 34 0 6805365.0 0.06875834
787 88.195 128 34 0 6805365.0 0.05261529
788 88.18 129 34 0 6805365.0 0.06852283
789 88.165 129 34 0 6805365.0 0.052652474
790 88.15 129 34 0 6805365.0 0.068651974
791 88.135 129 34 0 6805365.0 0.0686144
792 88.12 129 34 0 6805365.0 0.05333903
793 88.105 129 34 0 6805365.0 0.06853023
794 88.09 129 34 0 6805365.0 0.05161298
795 88.075 129 34 0 6805365.0 0.053330626
796 88.06 129 34 0 6805365.0 0.03814219
797 88.045 129 34 0 6805365.0 0.068716705
798 88.03 129 34 0 6805365.0 0.053328115
799 88.015 129 34 0 6805365.0 0.0686951
800 88.0 130 34 0 6805365.0 0.0686011
801 87.985 130 34 0 6805365.0 0.05261529
802 87.97 130 34 0 6805365.0 0.06863188
803 87.955 131 34 0 6805365.0 0.03833868
804 87.94 131 34 0 6805365.0 0.052334763
805 87.925 131 34 0 6805365.0 0.0684537
806 87.91 132 34 0 6805365.0 0.05331573
807 87.895 132 34 0 6805365.0 0.053331178
808 87.88 132 34 0 6805365.0 0.05267788
809 87.865 132 34 0 6805365.0 0.052333035
810 87.85 132 34 0 6805365.0 0.05332973
811 87.835 132 34 0 6805365.0 0.0519067
812 87.82 132 34 0 6805365.0 0.051249787
813 87.805 133 34 0 6805365.0 0.05333569
814 87.79 133 34 0 6805365.0 0.06873935
815 87.775 133 34 0 6805365.0 0.05333718
816 87.76 133 34 0 6805365.0 0.038099606
817 87.745 133 34 0 6805365.0 0.05333185
818 87.73 133 34 0 6805365.0 0.0533333
819 87.715 133 34 0 6805365.0 0.038019948
820 87.7 133 34 0 6805365.0 0.05333185
821 87.685 133 34 0 6805365.0 0.06875351
822 87.67 133 34 0 6805365.0 0.05332425
823 87.655 133 34 0 6805365.0 0.038089134
824 87.64 133 34 0 6805365.0 0.053338062
825 87.625 133 34 0 6805365.0 0.06875834
826 87.61 133 34 0 6805365.0 0.05333418
827 87.595 133 34 0 6805365.0 0.06873935
828 87.58 133 34 0 6805365.0 0.052565455
829 87.565 133 34 0 6805365.0 0.053323545
830 87.55 133 34 0 6805365.0 0.05332569
831 87.535 133 34 0 6805365.0 0.06856772
832 87.52 133 34 0 6805365.0 0.05265976
833 87.505 133 34 0 6805365.0 0.053330544
834 87.49 133 34 0 6805365.0 0.06865093
835 87.475 134 34 0 6805365.0 0.053342458
836 87.46 134 34 0 6805365.0 0.03830019
837 87.445 135 34 0 6805365.0 0.03813908
838 87.43 135 34 0 6805365.0 0.06875911
839 87.415 135 34 0 6805365.0 0.038069174
840 87.4 135 34 0 6805365.0 0.068751924
841 87.385 135 34 0 6805365.0 0.03807767
842 87.37 135 34 0 6805365.0 0.053340863
843 87.355 135 34 0 6805365.0 0.052764602
844 87.34 135 34 0 6805365.0 0.052093532
845 87.325 136 34 0 6805365.0 0.053331178
846 87.31 136 34 0 6805365.0 0.053331178
847 87.295 136 34 0 6805365.0 0.053340685
848 87.28 136 34 0 6805365.0 0.0380549
849 87.265 136 34 0 6805365.0 0.053325817
850 87.25 136 34 0 6805365.0 0.03799446
851 87.235 136 34 0 6805365.0 0.053342737
852 87.22 136 34 0 6805365.0 0.06881457
853 87.205 136 34 0 6805365.0 0.052603368
854 87.19 136 34 0 6805365.0 0.053338952
855 87.175 136 34 0 6805365.0 0.068627834
856 87.16 136 34 0 6805365.0 0.05203053
857 87.145 137 34 0 6805365.0 0.05139247
858 87.13 137 34 0 6805365.0 0.03805089
859 87.115 137 34 0 6805365.0 0.038017172
860 87.1 137 34 0 6805365.0 0.052844808
861 87.085 137 34 0 6805365.0 0.05249618
862 87.07 137 34 0 6805365.0 0.05209297
863 87.055 137 34 0 6805365.0 0.038723264
864 87.04 137 34 0 6805365.0 0.038476758
865 87.025 137 34 0 6805365.0 0.05231313
866 87.01 137 34 0 6805365.0 0.053333797
867 86.995 137 34 0 6805365.0 0.038085498
868 86.98 137 34 0 6805365.0 0.06874559
869 86.965 137 34 0 6805365.0 0.05333228
870 86.95 137 34 0 6805365.0 0.038084827
871 86.935 137 34 0 6805365.0 0.052787833
872 86.92 137 34 0 6805365.0 0.038447063
873 86.905 137 34 0 6805365.0 0.053333703
874 86.89 137 34 0 6805365.0 0.03802831
875 86.875 137 34 0 6805365.0 0.052819844
876 86.86 137 34 0 6805365.0 0.06867994
877 86.845 137 34 0 6805365.0 0.03827104
878 86.83 137 34 0 6805365.0 0.068710335
879 86.815 137 34 0 6805365.0 0.053348728
880 86.8 137 34 0 6805365.0 0.06873769
881 86.785 138 34 0 6805365.0 0.052568913
882 86.77 138 34 0 6805365.0 0.052180402
883 86.755 138 34 0 6805365.0 0.06840964
884 86.74 138 34 0 6805365.0 0.053347178
885 86.725 138 34 0 6805365.0 0.051355775
886 86.71 138 34 0 6805365.0 0.053329304
887 86.695 138 34 0 6805365.0 0.038164973
888 86.68 138 34 0 6805365.0 0.052566603
889 86.665 138 34 0 6805365.0 0.0383348
890 86.65 138 34 0 6805365.0 0.052358247
891 86.635 138 34 0 6805365.0 0.06844475
892 86.62 138 34 0 6805365.0 0.05333418
893 86.605 138 34 0 6805365.0 0.05333418
894 86.59 138 34 0 6805365.0 0.05332467
895 86.575 138 34 0 6805365.0 0.05332467
896 86.56 138 34 0 6805365.0 0.05332467
897 86.545 139 34 0 6805365.0 0.053345196
898 86.53 139 34 0 6805365.0 0.05264549
899 86.515 139 34 0 6805365.0 0.06869128
900 86.5 139 34 0 6805365.0 0.053334437
901 86.485 139 34 0 6805365.0 0.038185302
902 86.47 139 34 0 6805365.0 0.06870387
903 86.455 139 34 0 6805365.0 0.038212348
904 86.44 140 34 0 6805365.0 0.052637983
905 86.425 140 34 0 6805365.0 0.05333384
906 86.41 140 34 0 6805365.0 0.068733186
907 86.395 140 34 0 6805365.0 0.052520648
908 86.38 140 34 0 6805365.0 0.038358197
909 86.365 140 34 0 6805365.0 0.06863607
910 86.35 140 34 0 6805365.0 0.038364653
911 86.335 140 34 0 6805365.0 0.068677984
912 86.32 140 34 0 6805365.0 0.052604564
913 86.305 140 34 0 6805365.0 0.06862453
914 86.29 140 34 0 6805365.0 0.038358197
915 86.275 140 34 0 6805365.0 0.05333628
916 86.26 140 34 0 6805365.0 0.038221233
917 86.245 140 34 0 6805365.0 0.05332425
918 86.23 140 34 0 6805365.0 0.053331178
919 86.215 140 34 0 6805365.0 0.05267788
920 86.2 140 34 0 6805365.0 0.038219202
921 86.185 140 34 0 6805365.0 0.038142227
922 86.17 140 34 0 6805365.0 0.038055196
923 86.155 140 34 0 6805365.0 0.037996877
924 86.14 140 34 0 6805365.0 0.068815805
925 86.125 140 34 0 6805365.0 0.06875834
926 86.11 140 34 0 6805365.0 0.03807971
927 86.095 140 34 0 6805365.0 0.038038835
928 86.08 140 34 0 6805365.0 0.053325817
929 86.065 140 34 0 6805365.0 0.053325817
930 86.05 140 34 0 6805365.0 0.03799446
931 86.035 140 34 0 6805365.0 0.06881457
932 86.02 140 34 0 6805365.0 0.06873851
933 86.005 140 34 0 6805365.0 0.068711594
934 85.99 140 34 0 6805365.0 0.038154982
935 85.975 140 34 0 6805365.0 0.06871758
936 85.96 140 34 0 6805365.0 0.068662874
937 85.945 140 34 0 6805365.0 0.05213398
938 85.93 141 34 0 6805365.0 0.05253127
939 85.915 141 35 0 6805365.0 0.038123738
940 85.9 141 35 0 6805365.0 0.038071997
941 85.885 141 35 0 6805365.0 0.038023107
942 85.87 141 35 0 6805365.0 0.037977803
943 85.855 141 35 0 6805365.0 0.052950572
944 85.84 141 35 0 6805365.0 0.052449774
945 85.825 141 35 0 6805365.0 0.038544018
946 85.81 141 35 0 6805365.0 0.038281947
947 85.795 141 35 0 6805365.0 0.038025703
948 85.78 141 35 0 6805365.0 0.03799446
949 85.765 141 35 0 6805365.0 0.053333953
950 85.75 141 35 0 6805365.0 0.052898176
951 85.735 141 35 0 6805365.0 0.053328115
952 85.72 141 35 0 6805365.0 0.03814224
953 85.705 141 35 0 6805365.0 0.05333185
954 85.69 141 35 0 6805365.0 0.068742454
955 85.675 141 35 0 6805365.0 0.06871934
956 85.66 141 35 0 6805365.0 0.053328115
957 85.645 141 35 0 6805365.0 0.05332636
958 85.63 141 35 0 6805365.0 0.05247292
959 85.615 141 35 0 6805365.0 0.03855776
960 85.6 141 35 0 6805365.0 0.06862673
961 85.585 141 36 0 6805948.0 0.053336952
962 85.57 141 36 0 6805948.0 0.053336952
963 85.555 141 36 0 6805948.0 0.05261895
964 85.54 141 36 0 6805948.0 0.06859879
965 85.525 141 36 0 6805948.0 0.05333172
966 85.51 141 36 0 6805948.0 0.06852415
967 85.495 141 36 0 6805948.0 0.053332165
968 85.48 141 36 0 6805948.0 0.068727106
969 85.465 141 36 0 6805948.0 0.06869413
970 85.45 141 36 0 6805948.0 0.05228992
971 85.435 141 36 0 6805948.0 0.053349286
972 85.42 141 36 0 6805948.0 0.03867246
973 85.405 141 36 0 6805948.0 0.053333923
974 85.39 141 36 0 6805948.0 0.068765596
975 85.375 141 36 0 6805948.0 0.052667078
976 85.36 141 36 0 6805948.0 0.06861327
977 85.345 141 36 0 6805948.0 0.038463976
978 85.33 141 36 0 6805948.0 0.053332433
979 85.315 141 36 0 6805948.0 0.068742454
980 85.3 141 36 0 6805948.0 0.06872022
981 85.285 141 36 0 6805948.0 0.038154982
982 85.27 141 36 0 6805948.0 0.038080525
983 85.255 141 36 0 6805948.0 0.038014065
984 85.24 141 36 0 6805948.0 0.053351797
985 85.225 141 36 0 6805948.0 0.053351797
986 85.21 142 36 0 6805948.0 0.053331178
987 85.195 142 36 0 6805948.0 0.053331178
988 85.18 142 36 0 6805948.0 0.052688688
989 85.165 142 36 0 6805948.0 0.0686099
990 85.15 142 36 0 6805948.0 0.05332472
991 85.135 143 36 0 6805948.0 0.05200865
992 85.12 143 36 0 6805948.0 0.038108584
993 85.105 143 36 0 6805948.0 0.06873233
994 85.09 143 36 0 6805948.0 0.03811765
995 85.075 143 36 0 6805948.0 0.052667078
996 85.06 143 36 0 6805948.0 0.06859879
997 85.045 143 36 0 6805948.0 0.0518873
998 85.03 143 36 0 6805948.0 0.039261542
999 85.015 143 36 0 6805948.0 0.037989654
1000 85.0 143 36 0 6805948.0 0.05290925
1001 84.985 143 36 0 6805948.0 0.05333718

----QMATRIX: [Sensed Threat] > ACTION == UTILITY------
[0.0,0.0,1.0,0.0,1.0,1.0,1.0,0.0] > ACTION_LEFT == -7.3815347E-4
[0.0,0.0,0.0,0.0,0.0,1.0,1.0,0.0] > ACTION_NONE == -3.7667763E-7
[0.0,1.0,1.0,1.0,1.0,0.0,1.0,1.0] > ACTION_NONE == -7.996051E-8
[0.0,0.0,0.0,1.0,1.0,0.0,0.0,0.0] > ACTION_NONE == -8.421089E-5
[0.0,0.0,0.0,1.0,1.0,1.0,1.0,1.0] > ACTION_BACK == -3.9839846E-4
[0.0,0.0,0.0,0.0,0.0,1.0,0.0,0.0] > ACTION_BACK == -0.038902298
[0.0,1.0,0.0,0.0,1.0,0.0,1.0,0.0] > ACTION_BACK == -1.1408911E-4
[0.0,0.0,0.0,1.0,0.0,0.0,0.0,1.0] > ACTION_NONE == -5.2595357E-7
[0.0,0.0,0.0,0.0,1.0,0.0,0.0,0.0] > ACTION_LEFT == -9.106256E-6
[0.0,0.0,1.0,1.0,1.0,1.0,1.0,0.0] > ACTION_LEFT == -4.261624E-10
[0.0,0.0,0.0,1.0,0.0,1.0,1.0,0.0] > ACTION_NONE == -4.208435E-8
[0.0,0.0,1.0,1.0,0.0,0.0,1.0,1.0] > ACTION_BACK == -7.307107E-6
[0.0,0.0,1.0,1.0,1.0,1.0,0.0,0.0] > ACTION_BACK == -7.1943045E-4
[0.0,0.0,0.0,0.0,1.0,1.0,1.0,1.0] > ACTION_BACK == -0.0030342843
[0.0,0.0,0.0,0.0,1.0,1.0,1.0,0.0] > ACTION_NONE == -5.5484616E-5
[1.0,0.0,0.0,0.0,0.0,0.0,1.0,0.0] > ACTION_LEFT == -6.1113906E-6
[0.0,1.0,0.0,1.0,1.0,1.0,0.0,1.0] > ACTION_NONE == -7.2170995E-5
[0.0,0.0,0.0,1.0,1.0,1.0,0.0,0.0] > ACTION_BACK == -9.47004E-5
[0.0,0.0,0.0,0.0,0.0,0.0,0.0,0.0] > ACTION_NONE == -5.052434E-5
[0.0,0.0,0.0,1.0,1.0,0.0,1.0,1.0] > ACTION_NONE == -6.671033E-4
[0.0,1.0,1.0,1.0,1.0,1.0,1.0,1.0] > ACTION_BACK == -1.057036E-6
[0.0,0.0,0.0,1.0,0.0,0.0,1.0,1.0] > ACTION_BACK == -1.2603886E-6
[0.0,0.0,0.0,0.0,1.0,1.0,0.0,0.0] > ACTION_BACK == -0.003962674
[0.0,0.0,0.0,0.0,0.0,0.0,1.0,1.0] > ACTION_BACK == -0.09041653
[0.0,0.0,0.0,1.0,0.0,0.0,0.0,0.0] > ACTION_NONE == -5.261649E-7
[0.0,0.0,0.0,1.0,0.0,0.0,0.0,1.0] > ACTION_BACK == -8.897951E-6
[0.0,0.0,0.0,0.0,0.0,0.0,1.0,0.0] > ACTION_NONE == -4.4309002E-4
[0.0,1.0,1.0,1.0,1.0,1.0,0.0,1.0] > ACTION_BACK == -4.6487505E-5
[1.0,0.0,0.0,0.0,0.0,0.0,1.0,0.0] > ACTION_NONE == -8.002865E-8
[0.0,1.0,1.0,0.0,0.0,0.0,1.0,0.0] > ACTION_BACK == -5.871718E-5
[0.0,0.0,0.0,1.0,1.0,0.0,1.0,0.0] > ACTION_BACK == -0.0039017845
[0.0,0.0,1.0,0.0,1.0,0.0,0.0,0.0] > ACTION_NONE == -2.6213855E-5
[0.0,0.0,0.0,1.0,0.0,0.0,1.0,0.0] > ACTION_NONE == -5.2855235E-6
[0.0,0.0,0.0,0.0,0.0,0.0,0.0,1.0] > ACTION_BACK == -0.0145197455
[0.0,1.0,1.0,1.0,1.0,1.0,1.0,0.0] > ACTION_NONE == -0.6941849
[0.0,0.0,1.0,1.0,1.0,0.0,0.0,0.0] > ACTION_NONE == -1.2130526E-7
[0.0,0.0,0.0,0.0,1.0,0.0,1.0,1.0] > ACTION_NONE == -6.1524654E-4
[0.0,0.0,0.0,0.0,1.0,0.0,1.0,0.0] > ACTION_BACK == -4.0195744E-5
[0.0,0.0,1.0,0.0,0.0,0.0,0.0,0.0] > ACTION_LEFT == -7.307107E-6
[0.0,0.0,1.0,1.0,1.0,0.0,1.0,1.0] > ACTION_LEFT == -6.618393E-4
[0.0,1.0,0.0,1.0,1.0,0.0,0.0,0.0] > ACTION_NONE == -7.4010476E-4
[1.0,0.0,0.0,0.0,1.0,0.0,0.0,0.0] > ACTION_LEFT == -6.4953892E-6
[0.0,0.0,0.0,1.0,1.0,1.0,1.0,0.0] > ACTION_NONE == -4.001534E-4
[0.0,0.0,0.0,1.0,1.0,0.0,0.0,1.0] > ACTION_BACK == -0.006671126
[0.0,1.0,1.0,1.0,1.0,0.0,0.0,0.0] > ACTION_NONE == -1.1909715E-5
[0.0,0.0,1.0,1.0,1.0,1.0,1.0,0.0] > ACTION_NONE == -3.98781E-5
[0.0,1.0,1.0,1.0,0.0,1.0,1.0,1.0] > ACTION_BACK == -8.011956E-6
[0.0,0.0,0.0,0.0,1.0,0.0,0.0,0.0] > ACTION_NONE == -5.418677E-5
[0.0,0.0,0.0,1.0,0.0,1.0,0.0,0.0] > ACTION_BACK == -1.2946582E-5
[1.0,1.0,1.0,1.0,1.0,0.0,1.0,1.0] > ACTION_LEFT == -9.245954E-6
[0.0,0.0,0.0,0.0,1.0,0.0,0.0,1.0] > ACTION_BACK == -0.09050555
[1.0,0.0,0.0,0.0,0.0,0.0,0.0,0.0] > ACTION_LEFT == -3.4519156E-12
[0.0,0.0,0.0,1.0,1.0,0.0,0.0,1.0] > ACTION_NONE == -5.8439286E-6
[0.0,0.0,1.0,0.0,0.0,0.0,1.0,0.0] > ACTION_BACK == -5.160587E-5
[0.0,0.0,1.0,1.0,1.0,1.0,0.0,1.0] > ACTION_BACK == -0.006576256
[0.0,0.0,0.0,0.0,1.0,0.0,0.0,1.0] > ACTION_NONE == -5.5696775E-4
[0.0,0.0,1.0,1.0,1.0,1.0,1.0,1.0] > ACTION_NONE == -6.660943E-5
[0.0,0.0,0.0,0.0,1.0,1.0,1.0,0.0] > ACTION_BACK == -0.15408225
[0.0,0.0,1.0,0.0,1.0,0.0,0.0,1.0] > ACTION_LEFT == -4.617114E-7
[0.0,0.0,1.0,0.0,0.0,0.0,0.0,1.0] > ACTION_BACK == -5.0549465E-7
[0.0,0.0,0.0,0.0,0.0,0.0,0.0,1.0] > ACTION_NONE == -2.4458803E-5
[0.0,0.0,1.0,1.0,1.0,0.0,1.0,0.0] > ACTION_BACK == -5.4485805E-5
[0.0,0.0,1.0,0.0,0.0,0.0,0.0,0.0] > ACTION_NONE == -2.6573209E-5
[0.0,0.0,1.0,1.0,0.0,0.0,0.0,1.0] > ACTION_BACK == -1.17335285E-5
[1.0,1.0,1.0,0.0,0.0,1.0,0.0,0.0] > ACTION_NONE == -4.6330757E-7
[0.0,0.0,0.0,0.0,1.0,1.0,0.0,1.0] > ACTION_BACK == -6.694517E-5
[0.0,0.0,0.0,0.0,0.0,0.0,1.0,0.0] > ACTION_BACK == -0.028441897
[0.0,0.0,0.0,1.0,1.0,1.0,0.0,1.0] > ACTION_BACK == -5.8908283E-4
[0.0,0.0,1.0,0.0,1.0,0.0,0.0,0.0] > ACTION_BACK == -1.3478364E-6
[0.0,0.0,0.0,1.0,1.0,1.0,0.0,0.0] > ACTION_NONE == -3.7444108E-5
[0.0,0.0,0.0,0.0,1.0,0.0,1.0,1.0] > ACTION_BACK == -0.0043500005
[0.0,0.0,1.0,1.0,1.0,0.0,0.0,0.0] > ACTION_BACK == -1.705476E-4
[0.0,0.0,0.0,1.0,0.0,0.0,1.0,0.0] > ACTION_LEFT == -9.430007E-6
[0.0,1.0,1.0,1.0,1.0,1.0,1.0,0.0] > ACTION_LEFT == -5.840536E-7
[0.0,1.0,0.0,0.0,1.0,0.0,0.0,0.0] > ACTION_LEFT == -6.4953892E-6
[0.0,0.0,0.0,0.0,1.0,1.0,0.0,0.0] > ACTION_NONE == -1.2750804E-5
[0.0,0.0,0.0,0.0,0.0,0.0,1.0,1.0] > ACTION_NONE == -7.2899995E-5
[1.0,0.0,0.0,1.0,1.0,0.0,1.0,0.0] > ACTION_BACK == -8.345027E-6
[0.0,0.0,1.0,0.0,1.0,1.0,1.0,0.0] > ACTION_BACK == -5.7286716E-6
[0.0,0.0,0.0,0.0,0.0,1.0,0.0,1.0] > ACTION_BACK == -6.671135E-6
[0.0,1.0,0.0,0.0,0.0,0.0,0.0,0.0] > ACTION_LEFT == -4.9843517E-4
[0.0,1.0,0.0,1.0,1.0,0.0,1.0,1.0] > ACTION_LEFT == -4.5068623E-6
[0.0,0.0,0.0,1.0,1.0,1.0,1.0,1.0] > ACTION_NONE == -6.0302656E-5
[0.0,0.0,0.0,0.0,0.0,1.0,0.0,0.0] > ACTION_NONE == -2.2972576E-5
[0.0,0.0,1.0,1.0,1.0,1.0,1.0,0.0] > ACTION_BACK == -1.8049172E-5
[0.0,0.0,0.0,0.0,1.0,0.0,0.0,0.0] > ACTION_BACK == -0.12643698
[0.0,0.0,0.0,1.0,1.0,1.0,1.0,0.0] > ACTION_LEFT == -4.296103E-5
[0.0,0.0,1.0,1.0,1.0,1.0,0.0,0.0] > ACTION_NONE == -1.0899592E-5
[0.0,0.0,0.0,0.0,1.0,1.0,1.0,1.0] > ACTION_NONE == -1.1167149E-5
[0.0,0.0,1.0,0.0,0.0,0.0,0.0,0.0] > ACTION_BACK == -4.193867E-5
[0.0,0.0,1.0,1.0,1.0,0.0,1.0,1.0] > ACTION_BACK == -6.930352E-6
[0.0,0.0,0.0,1.0,1.0,0.0,1.0,1.0] > ACTION_LEFT == -1.0790416E-5
[0.0,1.0,1.0,0.0,1.0,1.0,0.0,0.0] > ACTION_LEFT == -7.2899995E-5
[0.0,0.0,0.0,0.0,0.0,0.0,0.0,0.0] > ACTION_LEFT == -0.06251862
[0.0,0.0,0.0,1.0,0.0,0.0,0.0,0.0] > ACTION_LEFT == -5.2564825E-8
[0.0,0.0,0.0,1.0,0.0,1.0,0.0,0.0] > ACTION_LEFT == -4.208435E-8
[0.0,0.0,1.0,0.0,1.0,1.0,0.0,0.0] > ACTION_BACK == -2.1529326E-5
[0.0,0.0,0.0,0.0,0.0,1.0,1.0,0.0] > ACTION_LEFT == -4.261624E-10
[0.0,0.0,0.0,1.0,1.0,0.0,0.0,0.0] > ACTION_LEFT == -1.2386868E-4
[0.0,0.0,0.0,1.0,0.0,1.0,1.0,0.0] > ACTION_LEFT == -6.550034E-6
[1.0,0.0,0.0,0.0,0.0,0.0,0.0,0.0] > ACTION_BACK == -4.3522877E-7
[0.0,0.0,1.0,1.0,1.0,1.0,0.0,0.0] > ACTION_LEFT == -5.261265E-8
[0.0,0.0,0.0,0.0,1.0,1.0,1.0,1.0] > ACTION_LEFT == -7.0893043E-6
[0.0,0.0,0.0,0.0,0.0,1.0,0.0,0.0] > ACTION_LEFT == -5.177855E-6
[0.0,0.0,0.0,1.0,1.0,1.0,1.0,1.0] > ACTION_LEFT == -5.421498E-4
[0.0,0.0,0.0,0.0,1.0,1.0,0.0,0.0] > ACTION_LEFT == -1.4547874E-5
[0.0,1.0,0.0,1.0,1.0,1.0,1.0,0.0] > ACTION_BACK == -2.1529326E-5
[0.0,0.0,0.0,1.0,1.0,1.0,0.0,0.0] > ACTION_LEFT == -1.18008775E-5
[0.0,1.0,1.0,1.0,0.0,0.0,1.0,0.0] > ACTION_BACK == -6.641739E-6
[0.0,0.0,0.0,1.0,1.0,0.0,1.0,0.0] > ACTION_LEFT == -8.892072E-7
[0.0,1.0,1.0,1.0,1.0,1.0,1.0,0.0] > ACTION_BACK == -1.7574881E-5
[0.0,1.0,0.0,0.0,1.0,0.0,0.0,0.0] > ACTION_BACK == -9.380737E-5
[0.0,0.0,0.0,1.0,0.0,0.0,1.0,0.0] > ACTION_BACK == -5.84585E-7
[0.0,0.0,0.0,0.0,0.0,0.0,0.0,1.0] > ACTION_LEFT == -6.346695E-5
[0.0,0.0,0.0,1.0,1.0,1.0,0.0,1.0] > ACTION_LEFT == -5.195599E-6
[0.0,0.0,0.0,0.0,1.0,0.0,1.0,0.0] > ACTION_LEFT == -5.5557954E-5
[0.0,1.0,0.0,1.0,1.0,0.0,0.0,0.0] > ACTION_BACK == -5.007625E-5
[0.0,0.0,0.0,1.0,0.0,1.0,0.0,1.0] > ACTION_LEFT == -4.261624E-10
[0.0,0.0,0.0,1.0,1.0,1.0,1.0,0.0] > ACTION_BACK == -0.0010468487
[0.0,1.0,1.0,1.0,1.0,0.0,0.0,0.0] > ACTION_BACK == -1.4791996E-4
[0.0,1.0,0.0,1.0,1.0,1.0,0.0,0.0] > ACTION_BACK == -5.4978456E-5
[0.0,0.0,1.0,1.0,0.0,1.0,0.0,0.0] > ACTION_LEFT == -7.307107E-6
[0.0,0.0,0.0,0.0,0.0,1.0,1.0,1.0] > ACTION_LEFT == -9.226844E-6
[0.0,0.0,0.0,1.0,1.0,0.0,0.0,1.0] > ACTION_LEFT == -6.1949686E-6
[0.0,0.0,0.0,0.0,0.0,1.0,0.0,1.0] > ACTION_LEFT == -5.5372187E-5
[0.0,0.0,0.0,0.0,1.0,0.0,0.0,1.0] > ACTION_LEFT == -6.577304E-5
[0.0,0.0,0.0,0.0,1.0,1.0,1.0,0.0] > ACTION_LEFT == -8.942257E-6
[0.0,0.0,0.0,1.0,1.0,1.0,0.0,1.0] > ACTION_NONE == -6.0504134E-4
[0.0,0.0,1.0,1.0,0.0,0.0,1.0,0.0] > ACTION_LEFT == -5.8931014E-6
[0.0,1.0,1.0,0.0,0.0,0.0,0.0,0.0] > ACTION_BACK == -1.1776429E-5
[0.0,0.0,0.0,0.0,0.0,1.0,1.0,0.0] > ACTION_BACK == -1.8647603E-5
[0.0,0.0,0.0,1.0,1.0,0.0,0.0,0.0] > ACTION_BACK == -1.1154527E-4
[0.0,1.0,1.0,1.0,0.0,0.0,0.0,0.0] > ACTION_BACK == -1.5788622E-5
[0.0,0.0,0.0,1.0,0.0,1.0,1.0,0.0] > ACTION_BACK == -6.4953892E-6
[0.0,0.0,0.0,1.0,1.0,0.0,1.0,0.0] > ACTION_NONE == -9.696875E-6
[0.0,0.0,0.0,0.0,1.0,1.0,0.0,1.0] > ACTION_LEFT == -9.399753E-6
[0.0,0.0,0.0,0.0,0.0,0.0,1.0,0.0] > ACTION_LEFT == -4.6886288E-4
[0.0,0.0,0.0,0.0,0.0,1.0,0.0,1.0] > ACTION_NONE == -1.4254103E-6
[0.0,0.0,0.0,1.0,1.0,0.0,1.0,1.0] > ACTION_BACK == -1.2236433E-4
[0.0,0.0,0.0,0.0,0.0,0.0,0.0,0.0] > ACTION_BACK == -4.0046178E-4
[0.0,0.0,0.0,0.0,1.0,0.0,1.0,0.0] > ACTION_NONE == -5.174811E-6
[0.0,1.0,1.0,1.0,1.0,1.0,0.0,0.0] > ACTION_BACK == -1.0202507E-5
[0.0,0.0,0.0,1.0,0.0,0.0,0.0,0.0] > ACTION_BACK == -7.84799E-5
