-----Simulation Parameters-----
Iteration Length: 200
Iteration Qty: 1000.0
Learning Rate: 0.1
Discount Factor: 0.9
Decay: 0.15
Max View Distance: 10.0

-----SIMULATION STEPS------
Steps | Exploration Rate | QMatrix Size | Crashes | Victories | Distance Moved | Speed
1 -0.15 87 0 0 1.0665306 0.056448508
2 -0.3 87 0 0 2.1330066 0.053332735
3 -0.45000002 87 0 0 3.1996913 0.053332735
4 -0.6 87 0 0 4.26628 0.055554114
5 -0.75 87 0 0 5.3770065 0.055561267
6 -0.9 87 0 0 6.48874 0.053331774
7 -1.05 87 0 0 7.5549693 0.05555646
8 -1.1999999 87 0 0 8.664664 0.055561706
9 -1.3499999 87 0 0 9.774937 0.055538945
10 -1.4999999 87 0 0 10.843052 0.05332992
11 -1.6499999 87 0 0 11.910017 0.05332992
12 -1.7999998 87 0 0 12.976225 0.05332992
13 -1.9499998 87 0 0 14.042433 0.05332992
14 -2.1 87 0 0 15.108664 0.055546634
15 -2.25 87 0 0 16.221 0.05333723
16 -2.4 87 0 0 17.285326 0.054637462
17 -2.5500002 87 0 0 18.395638 0.055532362
18 -2.7000003 87 0 0 19.50507 0.055545993
19 -2.8500004 87 0 0 20.615147 0.055554684
20 -3.0000005 87 0 0 21.725225 0.05555339
21 -3.1500006 87 0 0 22.835901 0.05556516
22 -3.3000007 87 0 0 23.94388 0.05556734
23 -3.4500008 87 0 0 25.053957 0.055553064
24 -3.6000009 87 0 0 26.16379 0.055474997
25 -3.750001 87 0 0 27.270052 0.05529925
26 -3.900001 87 0 0 28.374344 0.0555398
27 -4.050001 87 0 0 29.4741 0.054923188
28 -4.2000012 87 0 0 30.572733 0.054760095
29 -4.3500013 87 0 0 31.669594 0.05456187
30 -4.5000014 87 0 0 32.75651 0.054355916
31 -4.6500015 87 0 0 33.839886 0.054124262
32 -4.8000016 87 0 0 34.923256 0.053922333
33 -4.9500017 87 0 0 35.999 0.053722598
34 -5.100002 87 0 0 37.072323 0.05348789
35 -5.250002 87 0 0 38.140434 0.056626197
36 -5.400002 87 0 0 39.20092 0.055547245
37 -5.550002 87 0 0 40.261406 0.05277349
38 -5.700002 87 0 0 41.31664 0.055544205
39 -5.8500023 87 0 0 42.363792 0.052303728
40 -6.0000024 87 0 0 43.409016 0.052032527
41 -6.1500025 87 0 0 44.446613 0.051764656
42 -6.3000026 87 0 0 45.484207 0.051500164
43 -6.4500027 87 0 0 46.514175 0.0535328
44 -6.600003 87 0 0 47.536865 0.050927136
45 -6.750003 87 0 0 48.551575 0.050631035
46 -6.900003 87 0 0 49.559708 0.050334305
47 -7.050003 87 0 0 50.56682 0.053349547
48 -7.200003 87 1 0 51.63592 0.055549633
49 -7.3500032 87 1 0 52.74405 0.055556778
50 -7.5000033 87 1 0 53.85794 0.05555196
51 -7.6500034 87 1 0 54.966957 0.05556526
52 -7.8000035 87 1 0 56.079098 0.055562392
53 -7.9500036 87 1 0 57.19299 0.055573475
54 -8.100003 87 1 0 58.302826 0.058140554
55 -8.250003 87 1 0 59.37094 0.05333112
56 -8.4000025 87 1 0 60.439056 0.05294785
57 -8.550002 87 1 0 61.50717 0.053332604
58 -8.700002 87 1 0 62.575287 0.053332604
59 -8.850001 87 1 0 63.64342 0.055550754
60 -9.000001 87 1 0 64.75483 0.05533848
61 -9.150001 87 1 0 65.82297 0.05556913
62 -9.3 87 1 0 66.93686 0.045581292
63 -9.45 87 1 0 68.05075 0.055549644
64 -9.599999 87 1 0 69.16464 0.055560187
65 -9.749999 87 1 0 70.278534 0.055553935
66 -9.899999 87 1 0 71.392426 0.055556323
67 -10.049998 87 1 0 72.50632 0.055551276
68 -10.199998 87 1 0 73.62021 0.055503927
69 -10.3499975 87 1 0 74.7341 0.055328026
70 -10.499997 87 1 0 75.83711 0.055153415
71 -10.649997 87 1 0 76.935745 0.05498011
72 -10.799996 87 1 0 78.03438 0.054808125
73 -10.949996 87 1 0 79.133 0.053922333
74 -11.099996 87 1 0 80.21638 0.054440152
75 -11.249995 87 1 0 81.29975 0.054244537
76 -11.399995 87 1 0 82.383125 0.055552382
77 -11.549994 87 1 0 83.46649 0.053514987
78 -11.699994 87 1 0 84.53461 0.053659394
79 -11.849994 87 1 0 85.60272 0.053425334
80 -11.999993 87 1 0 86.67084 0.05720502
81 -12.149993 87 1 0 87.73895 0.053000987
82 -12.299993 87 1 0 88.79837 0.055543523
83 -12.449992 87 2 0 89.89619 0.055556778
84 -12.599992 87 2 0 91.01008 0.05555196
85 -12.749991 87 2 0 92.12397 0.055556256
86 -12.899991 87 2 0 93.23786 0.055553373
87 -13.049991 87 2 0 94.35175 0.055551544
88 -13.19999 87 2 0 95.46562 0.05527966
89 -13.34999 87 2 0 96.53374 0.053329688
90 -13.4999895 87 2 0 97.60185 0.053332604
91 -13.649989 87 2 0 98.66997 0.05184731
92 -13.799989 87 2 0 99.73808 0.053335484
93 -13.949988 87 2 0 100.8062 0.053332604
94 -14.099988 87 2 0 101.87431 0.053332604
95 -14.249988 87 2 0 102.94243 0.053332604
96 -14.399987 87 2 0 104.010544 0.053332604
97 -14.549987 87 2 0 105.07866 0.053332604
98 -14.699986 87 2 0 106.146774 0.055539593
99 -14.849986 87 2 0 107.21489 0.053329226
100 -14.999986 87 2 0 108.283005 0.053332604
101 -15.149985 87 2 0 109.35112 0.05555525
102 -15.299985 87 2 0 110.41926 0.055545606
103 -15.449985 87 2 0 111.53315 0.0555572
104 -15.599984 87 2 0 112.64702 0.053331148
105 -15.749984 87 2 0 113.71513 0.053331148
106 -15.899983 87 2 0 114.78325 0.053331148
107 -16.049984 87 2 0 115.851364 0.052660577
108 -16.199984 87 2 0 116.91948 0.053350218
109 -16.349983 87 2 0 117.987595 0.053350218
110 -16.499983 87 2 0 119.05573 0.055553373
111 -16.649982 87 2 0 120.1696 0.05553661
112 -16.799982 87 2 0 121.23774 0.05556085
113 -16.949982 87 2 0 122.35163 0.055553935
114 -17.099981 87 2 0 123.46552 0.055563603
115 -17.24998 87 2 0 124.5699 0.0555649
116 -17.39998 87 2 0 125.68379 0.05554702
117 -17.54998 87 2 0 126.797676 0.055144228
118 -17.69998 87 2 0 127.89631 0.054903157
119 -17.84998 87 2 0 128.99495 0.0546472
120 -17.999979 87 2 0 130.09358 0.05443065
121 -18.149979 87 2 0 131.19221 0.053514987
122 -18.299978 87 2 0 132.28015 0.05391339
123 -18.449978 87 2 0 133.34827 0.0536136
124 -18.599977 87 2 0 134.41638 0.053354647
125 -18.749977 87 2 0 135.4845 0.053062204
126 -18.899977 87 2 0 136.55261 0.052765813
127 -19.049976 87 2 0 137.59023 0.052473877
128 -19.199976 87 2 0 138.62782 0.054637462
129 -19.349976 87 2 0 139.66542 0.051821914
130 -19.499975 87 2 0 140.70302 0.044870697
131 -19.649975 87 3 0 141.74329 0.053740617
132 -19.799974 87 3 0 142.84192 0.055561267
133 -19.949974 87 3 0 143.94055 0.05555646
134 -20.099974 87 3 0 145.03918 0.055552702
135 -20.249973 87 3 0 146.13782 0.055562392
136 -20.399973 87 3 0 147.23645 0.05556057
137 -20.549973 87 3 0 148.33507 0.05333112
138 -20.699972 87 3 0 149.4032 0.0555598
139 -20.849972 87 3 0 150.50182 0.0533323
140 -20.999971 87 3 0 151.56993 0.053479414
141 -21.149971 87 3 0 152.63805 0.0533323
142 -21.29997 87 3 0 153.70616 0.053341832
143 -21.44997 87 3 0 154.77429 0.055551015
144 -21.59997 87 3 0 155.87291 0.05360498
145 -21.74997 87 3 0 156.94102 0.053334463
146 -21.89997 87 3 0 158.00914 0.053334463
147 -22.049969 87 3 0 159.07726 0.053334463
148 -22.199968 87 3 0 160.14537 0.053334463
149 -22.349968 87 3 0 161.2135 0.055558696
150 -22.499968 87 3 0 162.31213 0.055551033
151 -22.649967 87 3 0 163.41077 0.055548806
152 -22.799967 87 3 0 164.5094 0.05555902
153 -22.949966 87 3 0 165.60802 0.05333112
154 -23.099966 87 3 0 166.67615 0.055562466
155 -23.249966 87 3 0 167.77478 0.05556807
156 -23.399965 87 3 0 168.87341 0.055435523
157 -23.549965 87 3 0 169.97205 0.0552601
158 -23.699965 87 3 0 171.07068 0.055057406
159 -23.849964 87 3 0 172.16931 0.054856353
160 -23.999964 87 3 0 173.26794 0.054693833
161 -24.149963 87 3 0 174.36658 0.054486617
162 -24.299963 87 3 0 175.46521 0.05425386
163 -24.449963 87 3 0 176.56384 0.054050636
164 -24.599962 87 3 0 177.64119 0.053849597
165 -24.749962 87 3 0 178.7093 0.045576055
166 -24.899961 87 3 0 179.77742 0.053371336
167 -25.049961 87 3 0 180.84554 0.053168997
168 -25.19996 87 3 0 181.91365 0.052932125
169 -25.34996 87 3 0 182.98175 0.05553929
170 -25.49996 87 3 0 184.01935 0.052421838
171 -25.64996 87 3 0 185.05695 0.053308126
172 -25.79996 87 3 0 186.09454 0.05720502
173 -25.949959 87 3 0 187.13214 0.055563837
174 -26.099958 87 3 0 188.16974 0.0513383
175 -26.249958 87 3 0 189.20732 0.051073898
176 -26.399958 87 3 0 190.2144 0.050770584
177 -26.549957 87 3 0 191.22148 0.050472137
178 -26.699957 87 3 0 192.22859 0.053346667
179 -26.849957 87 4 0 193.29904 0.055549633
180 -26.999956 87 4 0 194.39767 0.055556778
181 -27.149956 87 4 0 195.4963 0.05555196
182 -27.299955 87 4 0 196.59494 0.05556526
183 -27.449955 87 4 0 197.69357 0.055562392
184 -27.599955 87 4 0 198.7922 0.05556057
185 -27.749954 87 4 0 199.89082 0.05419822
186 -27.899954 87 4 0 200.95895 0.0555598
187 -28.049953 87 4 0 202.05759 0.055563696
188 -28.199953 87 4 0 203.15622 0.055549625
189 -28.349953 87 4 0 204.25485 0.053330984
190 -28.499952 87 4 0 205.35349 0.055564824
191 -28.649952 87 4 0 206.4521 0.05333607
192 -28.799952 87 4 0 207.52022 0.05333607
193 -28.949951 87 4 0 208.58833 0.05333607
194 -29.09995 87 4 0 209.65645 0.05333607
195 -29.24995 87 4 0 210.72456 0.05333607
196 -29.39995 87 4 0 211.79268 0.05333607
197 -29.54995 87 4 0 212.8608 0.05333607
198 -29.69995 87 4 0 213.92891 0.05333607
199 -29.849949 87 4 0 214.99702 0.054272354
200 -29.999949 87 4 0 216.06514 0.055545606
201 -30.149948 87 4 0 217.13326 0.055546183
202 -30.299948 87 4 0 218.20139 0.055558182
203 -30.449947 87 4 0 219.30002 0.053351577
204 -30.599947 87 4 0 220.39865 0.055545606
205 -30.749947 87 4 0 221.49728 0.05548561
206 -30.899946 87 4 0 222.59592 0.055317596
207 -31.049946 87 4 0 223.69455 0.05511456
208 -31.199945 87 4 0 224.79318 0.05491316
209 -31.349945 87 4 0 225.89182 0.054703612
210 -31.499945 87 4 0 226.99045 0.054505736
211 -31.649944 87 4 0 228.08908 0.053327516
212 -31.799944 87 4 0 229.18771 0.05405975
213 -31.949944 87 4 0 230.26628 0.05558897
214 -32.099945 87 4 0 231.3344 0.052025713
215 -32.249947 87 4 0 232.40251 0.05336298
216 -32.39995 87 4 0 233.47063 0.053358328
217 -32.54995 87 4 0 234.53874 0.055544205
218 -32.69995 87 4 0 235.60684 0.0533202
219 -32.849953 87 4 0 236.64444 0.052362677
220 -32.999954 87 4 0 237.68204 0.052090637
221 -33.149956 87 4 0 238.71964 0.051815327
222 -33.299957 87 4 0 239.75723 0.051506393
223 -33.44996 87 4 0 240.79483 0.04980195
224 -33.59996 87 4 0 241.83096 0.045980033
225 -33.74996 87 4 0 242.74657 0.055573475
226 -33.899963 87 5 0 243.81656 0.055549633
227 -34.049965 87 5 0 244.91519 0.055556778
228 -34.199966 87 5 0 246.01382 0.05555196
229 -34.349968 87 5 0 247.11246 0.055556256
230 -34.49997 87 5 0 248.21109 0.055553373
231 -34.64997 87 5 0 249.30972 0.055551544
232 -34.799973 87 5 0 250.40834 0.053332604
233 -34.949974 87 5 0 251.47646 0.053332604
234 -35.099976 87 5 0 252.54457 0.053332604
235 -35.249977 87 5 0 253.61269 0.053332604
236 -35.39998 87 5 0 254.6808 0.055555724
237 -35.54998 87 5 0 255.74892 0.053332604
238 -35.69998 87 5 0 256.7937 0.053332604
239 -35.849983 87 5 0 257.8313 0.053332604
240 -35.999985 87 5 0 258.8689 0.053332604
241 -36.149986 87 5 0 259.9065 0.053332604
242 -36.299988 87 5 0 260.9441 0.053332604
243 -36.44999 87 5 0 261.9817 0.053332604
244 -36.59999 87 5 0 263.0193 0.053332604
245 -36.749992 87 5 0 264.0569 0.053332604
246 -36.899994 87 5 0 265.09448 0.053332604
247 -37.049995 87 5 0 266.13208 0.053332604
248 -37.199997 87 5 0 267.16968 0.05333607
249 -37.35 87 5 0 268.20728 0.053332604
250 -37.5 87 5 0 269.24487 0.053332604
251 -37.65 87 5 0 270.28247 0.053332604
252 -37.800003 87 5 0 271.3626 0.053332604
253 -37.950005 87 5 0 272.46124 0.053332604
254 -38.100006 87 5 0 273.55988 0.053332604
255 -38.250008 87 5 0 274.6585 0.055542517
256 -38.40001 87 5 0 275.75714 0.055537447
257 -38.55001 87 5 0 276.85577 0.053332604
258 -38.700012 87 5 0 277.9544 0.055535506
259 -38.850014 87 5 0 279.05304 0.055549078
260 -39.000015 87 5 0 280.15167 0.05556516
261 -39.150017 87 5 0 281.2503 0.055526387
262 -39.30002 87 5 0 282.34894 0.055549078
263 -39.45002 87 5 0 283.44757 0.055539016
264 -39.60002 87 5 0 284.5462 0.055348955
265 -39.750023 87 5 0 285.64484 0.05511456
266 -39.900024 87 5 0 286.74347 0.05484639
267 -40.050026 87 5 0 287.8421 0.054571506
268 -40.200027 87 5 0 288.94073 0.055560905
269 -40.35003 87 5 0 290.03937 0.054923188
270 -40.50003 87 5 0 291.138 0.053317748
271 -40.650032 87 5 0 292.23663 0.053408556
272 -40.800034 87 5 0 293.30966 0.053070225
273 -40.950035 87 5 0 294.34726 0.05275816
274 -41.100037 87 5 0 295.38486 0.052421838
275 -41.25004 87 5 0 296.42245 0.053335298
276 -41.40004 87 5 0 297.46005 0.05170118
277 -41.55004 87 5 0 298.49765 0.05129463
278 -41.700043 87 5 0 299.53525 0.050921634
279 -41.850044 87 5 0 300.57285 0.050524868
280 -42.000046 87 5 0 301.57773 0.05008934
281 -42.150047 87 6 0 302.63104 0.055555623
282 -42.30005 87 6 0 303.72968 0.055550456
283 -42.45005 87 6 0 304.8283 0.05555895
284 -42.60005 87 6 0 305.92694 0.055551212
285 -42.750053 87 6 0 307.02557 0.05554903
286 -42.900055 87 6 0 308.12418 0.05333566
287 -43.050056 87 6 0 309.16177 0.05333566
288 -43.200058 87 6 0 310.19937 0.05333566
289 -43.35006 87 6 0 311.23697 0.05333566
290 -43.50006 87 6 0 312.27457 0.05333566
291 -43.650063 87 6 0 313.31216 0.05333566
292 -43.800064 87 6 0 314.34976 0.05333566
293 -43.950066 87 6 0 315.38736 0.05333566
294 -44.100067 87 6 0 316.42496 0.05333412
295 -44.25007 87 6 0 317.46255 0.05333412
296 -44.40007 87 6 0 318.50015 0.05333412
297 -44.55007 87 6 0 319.53775 0.05333412
298 -44.700073 87 6 0 320.57535 0.05333412
299 -44.850075 87 6 0 321.61295 0.05333412
300 -45.000076 87 6 0 322.65054 0.05333412
301 -45.150078 87 6 0 323.68814 0.053695317
302 -45.30008 87 6 0 324.72574 0.05333412
303 -45.45008 87 6 0 325.76334 0.05333412
304 -45.600082 87 6 0 326.80093 0.05333412
305 -45.750084 87 6 0 327.83853 0.05545525
306 -45.900085 87 6 0 328.88605 0.05333412
307 -46.050087 87 6 0 329.98468 0.05333412
308 -46.20009 87 6 0 331.0833 0.053332604
309 -46.35009 87 6 0 332.18195 0.05556287
310 -46.50009 87 6 0 333.28058 0.0533202
311 -46.650093 87 6 0 334.3792 0.055563416
312 -46.800095 87 6 0 335.47784 0.055555735
313 -46.950096 87 6 0 336.57648 0.055548806
314 -47.100098 87 6 0 337.6751 0.055545777
315 -47.2501 87 6 0 338.77374 0.056709718
316 -47.4001 87 6 0 339.87238 0.055464413
317 -47.550102 87 6 0 340.971 0.055202674
318 -47.700104 87 6 0 342.06964 0.055546183
319 -47.850105 87 6 0 343.16827 0.054713413
320 -48.000107 87 7 0 344.26794 0.05336778
321 -48.15011 87 7 0 345.36658 0.055577204
322 -48.30011 87 7 0 346.4652 0.05555196
323 -48.45011 87 7 0 347.56384 0.055163693
324 -48.600113 87 7 0 348.66248 0.057630826
325 -48.750114 87 7 0 349.7611 0.055551544
326 -48.900116 87 7 0 350.8597 0.053332604
327 -49.050117 87 7 0 351.8973 0.053332604
328 -49.20012 87 7 0 352.9349 0.053332604
329 -49.35012 87 7 0 353.9725 0.053332604
330 -49.500122 87 7 0 355.0101 0.053332604
331 -49.650124 87 7 0 356.0477 0.05605042
332 -49.800125 87 7 0 357.0853 0.053332604
333 -49.950127 87 7 0 358.1229 0.053332604
334 -50.10013 87 7 0 359.1605 0.055566784
335 -50.25013 87 7 0 360.1981 0.053332604
336 -50.40013 87 7 0 361.2357 0.053332604
337 -50.550133 87 7 0 362.2733 0.053332604
338 -50.700134 87 7 0 363.31088 0.053332604
339 -50.850136 87 7 0 364.34848 0.053332604
340 -51.000137 87 7 0 365.38608 0.060986333
341 -51.15014 87 7 0 366.42368 0.053332604
342 -51.30014 87 7 0 367.46127 0.053332604
343 -51.45014 87 7 0 368.49887 0.053332604
344 -51.600143 87 7 0 369.53647 0.053256392
345 -51.750145 87 7 0 370.57407 0.053332604
346 -51.900146 87 7 0 371.64587 0.053332604
347 -52.050148 87 7 0 372.7445 0.053332604
348 -52.20015 87 7 0 373.84314 0.053332604
349 -52.35015 87 7 0 374.94177 0.055549074
350 -52.500153 87 7 0 376.0404 0.053332604
351 -52.650154 87 7 0 377.13904 0.053340126
352 -52.800156 87 7 0 378.23767 0.053334925
353 -52.950157 87 7 0 379.3363 0.055551544
354 -53.10016 87 7 0 380.43494 0.053885918
355 -53.25016 87 7 0 381.53357 0.05556254
356 -53.40016 87 7 0 382.6322 0.053310856
357 -53.550163 87 7 0 383.73083 0.05334534
358 -53.700165 87 7 0 384.82947 0.055348955
359 -53.850166 87 7 0 385.9281 0.05511456
360 -54.000168 87 7 0 387.02673 0.05484639
361 -54.15017 87 7 0 388.12537 0.054571506
362 -54.30017 87 7 0 389.224 0.05332584
363 -54.450172 87 7 0 390.32263 0.05403249
364 -54.600174 87 7 0 391.42126 0.053722598
365 -54.750175 87 7 0 392.5199 0.053416934
366 -54.900177 87 7 0 393.60532 0.05310752
367 -55.05018 87 7 0 394.6429 0.052765813
368 -55.20018 87 7 0 395.6805 0.052421838
369 -55.35018 87 7 0 396.7181 0.05208375
370 -55.500183 87 7 0 397.7557 0.05170761
371 -55.650185 87 7 0 398.7933 0.0513383
372 -55.800186 87 7 0 399.8309 0.05093267
373 -55.950188 87 7 0 400.8685 0.05555064
374 -56.10019 87 7 0 401.87796 0.05331904
375 -56.25019 87 8 0 402.93542 0.055560112
376 -56.400192 87 8 0 404.03406 0.055550456
377 -56.550194 87 8 0 405.1326 0.045555733
378 -56.700195 87 8 0 406.04822 0.05556345
379 -56.850197 87 8 0 407.14676 0.045555435
380 -57.0002 87 8 0 408.06238 0.055560227
381 -57.1502 87 8 0 409.16092 0.045554228
382 -57.3002 87 8 0 410.07654 0.055558052
383 -57.450203 87 8 0 411.17517 0.055556927
384 -57.600204 87 8 0 412.2738 0.055556845
385 -57.750206 87 8 0 413.37244 0.058543764
386 -57.900208 87 8 0 414.47107 0.055566326
387 -58.05021 87 8 0 415.5697 0.05555809
388 -58.20021 87 8 0 416.66833 0.053772077
389 -58.350212 87 8 0 417.76697 0.05556254
390 -58.500214 87 8 0 418.8656 0.055556897
391 -58.650215 87 8 0 419.96423 0.055552643
392 -58.800217 87 8 0 421.06287 0.05555732
393 -58.95022 87 8 0 422.1615 0.055446085
394 -59.10022 87 8 0 423.26013 0.05529925
395 -59.25022 87 8 0 424.35876 0.055124793
396 -59.400223 87 8 0 425.4574 0.054970037
397 -59.550224 87 8 0 426.55603 0.054798234
398 -59.700226 87 8 0 427.65466 0.05460931
399 -59.850227 87 8 0 428.7533 0.054440152
400 -60.00023 87 8 0 429.85193 0.054263033
401 -60.15023 87 8 0 430.95056 0.05405975
402 -60.300232 87 8 0 432.0492 0.053867377
403 -60.450233 87 8 0 433.14783 0.053676747
404 -60.600235 87 8 0 434.24646 0.055549078
405 -60.750237 87 8 0 435.34506 0.055570606
406 -60.900238 87 8 0 436.38266 0.053070225
407 -61.05024 87 9 0 437.4477 0.05555509
408 -61.20024 87 9 0 438.54633 0.057217367
409 -61.350243 87 9 0 439.64496 0.05555809
410 -61.500244 87 9 0 440.7436 0.055367295
411 -61.650246 87 9 0 441.84222 0.055552326
412 -61.800247 87 9 0 442.94083 0.05333723
413 -61.95025 87 9 0 443.97842 0.056061596
414 -62.10025 87 9 0 445.01602 0.05333723
415 -62.25025 87 9 0 446.05362 0.05333723
416 -62.400253 87 9 0 447.09122 0.05333723
417 -62.550255 87 9 0 448.1288 0.053479414
418 -62.700256 87 9 0 449.1664 0.05333723
419 -62.850258 87 9 0 450.204 0.05333723
420 -63.00026 87 9 0 451.2416 0.053333525
421 -63.15026 87 9 0 452.2792 0.05333723
422 -63.300262 87 9 0 453.3168 0.05333723
423 -63.450264 87 9 0 454.3544 0.05333723
424 -63.600266 87 9 0 455.392 0.05333723
425 -63.750267 87 9 0 456.4296 0.05333723
426 -63.90027 87 9 0 457.4672 0.05333723
427 -64.05027 87 9 0 458.5048 0.05333566
428 -64.20027 87 9 0 459.5424 0.05333566
429 -64.35027 87 9 0 460.58 0.05333566
430 -64.500275 87 9 0 461.61758 0.05333566
431 -64.650276 87 9 0 462.65518 0.05333165
432 -64.80028 87 9 0 463.69278 0.05333566
433 -64.95028 87 9 0 464.79083 0.05333566
434 -65.10028 87 9 0 465.88947 0.055535506
435 -65.25028 87 9 0 466.9881 0.05333566
436 -65.40028 87 9 0 468.08673 0.055538848
437 -65.550285 87 9 0 469.18536 0.055539083
438 -65.70029 87 9 0 470.284 0.055577993
439 -65.85029 87 9 0 471.38263 0.05557159
440 -66.00029 87 9 0 472.48126 0.05556804
441 -66.15029 87 9 0 473.5799 0.05555064
442 -66.30029 87 9 0 474.67853 0.05548561
443 -66.450294 87 9 0 475.77716 0.056400593
444 -66.600296 87 9 0 476.8758 0.05554253
445 -66.7503 87 9 0 477.97443 0.05331842
446 -66.9003 87 9 0 479.07306 0.055532362
447 -67.0503 87 9 0 480.1717 0.054244537
448 -67.2003 87 9 0 481.27032 0.053977374
449 -67.3503 87 9 0 482.36896 0.054374762
450 -67.500305 87 9 0 483.4676 0.053416934
451 -67.65031 87 9 0 484.5436 0.055153415
452 -67.80031 87 9 0 485.5812 0.05277349
453 -67.95031 87 9 0 486.6188 0.052473877
454 -68.10031 87 9 0 487.6564 0.052141998
455 -68.25031 87 9 0 488.694 0.05180877
456 -68.400314 87 9 0 489.7316 0.05144399
457 -68.550316 87 9 0 490.7692 0.05107958
458 -68.70032 87 9 0 491.8068 0.050679225
459 -68.85032 87 10 0 492.89963 0.0555478
460 -69.00032 87 10 0 493.99823 0.053333618
461 -69.15032 87 10 0 495.03583 0.055568986
462 -69.30032 87 10 0 496.07336 0.055560905
463 -69.450325 87 10 0 496.98898 0.05556085
464 -69.60033 87 10 0 498.0876 0.05556588
465 -69.75033 87 10 0 499.12518 0.055521093
466 -69.90033 87 10 0 500.16278 0.053335454
467 -70.05033 87 10 0 501.20038 0.053335454
468 -70.20033 87 10 0 502.23798 0.053335454
469 -70.350334 87 10 0 503.27557 0.053325932
470 -70.500336 87 10 0 504.3132 0.055531617
471 -70.65034 87 10 0 505.4118 0.053331707
472 -70.80034 87 10 0 506.44943 0.055553373
473 -70.95034 87 10 0 507.54807 0.05555736
474 -71.10034 87 10 0 508.6467 0.057153307
475 -71.25034 87 10 0 509.74533 0.055551544
476 -71.400345 87 10 0 510.84396 0.055559836
477 -71.55035 87 10 0 511.9426 0.05555809
478 -71.70035 87 10 0 513.04126 0.05555124
479 -71.85035 87 10 0 514.1399 0.05555293
480 -72.00035 87 10 0 515.2385 0.055556465
481 -72.15035 87 10 0 516.33716 0.055543523
482 -72.300354 87 10 0 517.4358 0.053339414
483 -72.450356 87 10 0 518.5344 0.055192355
484 -72.60036 87 10 0 519.63306 0.055980537
485 -72.75036 87 10 0 520.7317 0.054836456
486 -72.90036 87 10 0 521.8303 0.054637462
487 -73.05036 87 10 0 522.92896 0.053690676
488 -73.20036 87 10 0 524.0276 0.054235242
489 -73.350365 87 10 0 525.1262 0.054041553
490 -73.50037 87 10 0 526.22485 0.053803638
491 -73.65037 87 10 0 527.3235 0.05557143
492 -73.80037 87 10 0 528.4221 0.053371336
493 -73.95037 87 10 0 529.52075 0.053168997
494 -74.10037 87 10 0 530.6194 0.05293997
495 -74.250374 87 10 0 531.718 0.052705545
496 -74.400375 87 11 0 532.8167 0.055559576
497 -74.55038 87 11 0 533.91534 0.05552927
498 -74.70038 87 11 0 535.014 0.053334735
499 -74.85038 87 11 0 536.1126 0.05332997
500 -75.00038 87 11 0 537.21124 0.0550086
501 -75.15038 87 11 0 538.3099 0.05555445
502 -75.300385 87 11 0 539.4085 0.055575058
503 -75.450386 87 11 0 540.50714 0.057875384
504 -75.60039 87 11 0 541.6058 0.053335954
505 -75.75039 87 11 0 542.7044 0.055558052
506 -75.90039 87 11 0 543.80304 0.055556927
507 -76.05039 87 11 0 544.9017 0.053325444
508 -76.20039 87 11 0 546.0003 0.055544864
509 -76.350395 87 11 0 547.09894 0.053335622
510 -76.5004 87 11 0 548.1976 0.055564124
511 -76.6504 87 11 0 549.2962 0.05332808
512 -76.8004 87 11 0 550.39484 0.055554684
513 -76.9504 87 11 0 551.49347 0.05555339
514 -77.1004 87 11 0 552.5921 0.053335484
515 -77.250404 87 11 0 553.69073 0.055546932
516 -77.400406 87 11 0 554.78937 0.055549078
517 -77.55041 87 11 0 555.888 0.055563893
518 -77.70041 87 11 0 556.98663 0.055514555
519 -77.85041 87 11 0 558.08527 0.05533848
520 -78.00041 87 11 0 559.1839 0.055153415
521 -78.15041 87 11 0 560.28253 0.05498011
522 -78.300415 87 11 0 561.38116 0.054779813
523 -78.45042 87 11 0 562.4798 0.053786002
524 -78.60042 87 11 0 563.5784 0.05442117
525 -78.75042 87 11 0 564.67706 0.054225974
526 -78.90042 87 11 0 565.7757 0.05398639
527 -79.05042 87 11 0 566.8743 0.05379481
528 -79.200424 87 11 0 567.97296 0.05359639
529 -79.350426 87 11 0 569.0716 0.05336298
530 -79.50043 87 11 0 570.1702 0.053123627
531 -79.65043 87 11 0 571.26886 0.05289479
532 -79.80043 87 11 0 572.3675 0.052660577
533 -79.95043 87 12 0 573.46655 0.055551697
534 -80.10043 87 12 0 574.5652 0.055559445
535 -80.250435 87 12 0 575.6638 0.055555336
536 -80.40044 87 12 0 576.76245 0.05554777
537 -80.55044 87 12 0 577.8611 0.054402694
538 -80.70044 87 12 0 578.9597 0.055556927
539 -80.85044 87 12 0 580.05835 0.055556845
540 -81.00044 87 12 0 581.157 0.05556857
541 -81.150444 87 12 0 582.2556 0.055593386
542 -81.300446 87 12 0 583.35425 0.053333044
543 -81.45045 87 12 0 584.4529 0.05558642
544 -81.60045 87 12 0 585.5515 0.055555653
545 -81.75045 87 12 0 586.65015 0.0555498
546 -81.90045 87 12 0 587.7488 0.054374762
547 -82.05045 87 12 0 588.8474 0.05556055
548 -82.200455 87 12 0 589.94604 0.05347097
549 -82.35046 87 12 0 591.0447 0.05533848
550 -82.50046 87 12 0 592.1433 0.055435523
551 -82.65046 87 12 0 593.24194 0.055171788
552 -82.80046 87 12 0 594.3406 0.054874763
553 -82.95046 87 12 0 595.4392 0.054703612
554 -83.100464 87 12 0 596.53784 0.054533795
555 -83.250465 87 12 0 597.6365 0.054365326
556 -83.40047 87 12 0 598.735 0.045594458
557 -83.55047 87 12 0 599.5896 0.05419822
558 -83.70047 87 12 0 600.68823 0.053995434
559 -83.85047 87 12 0 601.78687 0.053803638
560 -84.00047 87 12 0 602.8855 0.0536136
561 -84.150475 87 12 0 603.98413 0.053425334
562 -84.300476 87 12 0 605.08276 0.05552821
563 -84.45048 87 13 0 606.18146 0.05552125
564 -84.60048 87 13 0 607.2801 0.055556778
565 -84.75048 87 13 0 608.3787 0.05555196
566 -84.90048 87 13 0 609.47736 0.05556526
567 -85.05048 87 13 0 610.576 0.053331707
568 -85.200485 87 13 0 611.6746 0.053331707
569 -85.35049 87 13 0 612.77325 0.055562392
570 -85.50049 87 13 0 613.8719 0.05333092
571 -85.65049 87 13 0 614.9705 0.05556057
572 -85.80049 87 13 0 616.06915 0.05333112
573 -85.95049 87 13 0 617.1678 0.05333112
574 -86.100494 87 13 0 618.2664 0.05333112
575 -86.250496 87 13 0 619.36505 0.05333112
576 -86.4005 87 13 0 620.4637 0.053325932
577 -86.5505 87 13 0 621.5623 0.05333112
578 -86.7005 87 13 0 622.66095 0.055550754
579 -86.8505 87 13 0 623.7596 0.056061596
580 -87.0005 87 13 0 624.8582 0.053340536
581 -87.150505 87 13 0 625.95685 0.053332556
582 -87.30051 87 13 0 627.0555 0.053340536
583 -87.45051 87 13 0 628.1541 0.053340536
584 -87.60051 87 13 0 629.25275 0.0555572
585 -87.75051 87 13 0 630.3514 0.055553373
586 -87.90051 87 13 0 631.45 0.055551387
587 -88.050514 87 13 0 632.54865 0.05555124
588 -88.200516 87 13 0 633.6473 0.05556012
589 -88.35052 87 13 0 634.7459 0.055558182
590 -88.50052 87 13 0 635.84454 0.05548561
591 -88.65052 87 13 0 636.9432 0.052593097
592 -88.80052 87 13 0 638.0418 0.05333723
593 -88.95052 87 13 0 639.14044 0.055568237
594 -89.100525 87 13 0 640.2391 0.0533154
595 -89.25053 87 13 0 641.3377 0.05449616
596 -89.40053 87 13 0 642.43634 0.05429085
597 -89.55053 87 13 0 643.535 0.054050636
598 -89.70053 87 13 0 644.6336 0.053840745
599 -89.85053 87 13 0 645.73224 0.05359639
600 -90.000534 87 13 0 646.8309 0.053354647
601 -90.150536 87 13 0 647.9295 0.05311556
602 -90.30054 87 13 0 649.02814 0.05556588
603 -90.45054 87 13 0 650.1268 0.052593097
604 -90.60054 87 13 0 651.2254 0.05231803
605 -90.75054 87 13 0 652.32404 0.052039362
606 -90.90054 87 13 0 653.399 0.051764656
607 -91.050545 87 13 0 654.37555 0.055550754
608 -91.20055 87 13 0 655.3521 0.04592091
609 -91.35055 87 13 0 656.32874 0.05332757
610 -91.50055 87 13 0 657.4273 0.045899365
611 -91.65055 87 14 0 658.34064 0.05370403
612 -91.80055 87 14 0 659.4393 0.055556778
613 -91.950554 87 14 0 660.5379 0.05555196
614 -92.100555 87 14 0 661.63654 0.055556256
615 -92.25056 87 14 0 662.73517 0.055553373
616 -92.40056 87 14 0 663.8338 0.053332575
617 -92.55056 87 14 0 664.93243 0.055551544
618 -92.70056 87 14 0 666.03107 0.0555598
619 -92.85056 87 14 0 667.1297 0.053327516
620 -93.000565 87 14 0 668.22833 0.055328026
621 -93.150566 87 14 0 669.32697 0.055561237
622 -93.30057 87 14 0 670.4256 0.055578973
623 -93.45057 87 14 0 671.52423 0.055558182
624 -93.60057 87 14 0 672.62286 0.056448508
625 -93.75057 87 14 0 673.7215 0.05554907
626 -93.90057 87 14 0 674.8201 0.055546593
627 -94.050575 87 14 0 675.91876 0.055435523
628 -94.20058 87 14 0 677.0174 0.05528884
629 -94.35058 87 14 0 678.116 0.055124793
630 -94.50058 87 14 0 679.21466 0.054970037
631 -94.65058 87 14 0 680.3133 0.055583492
632 -94.80058 87 14 0 681.4119 0.054637462
633 -94.950584 87 14 0 682.51056 0.054468147
634 -95.100586 87 14 0 683.6092 0.05538696
635 -95.25059 87 14 0 684.7078 0.054105926
636 -95.40059 87 14 0 685.80646 0.053922333
637 -95.55059 87 14 0 686.9051 0.053731333
638 -95.70059 87 14 0 688.0037 0.053542096
639 -95.85059 87 14 0 689.10236 0.053321473
640 -96.000595 87 14 0 690.201 0.05313172
641 -96.1506 87 15 0 691.30054 0.055560112
642 -96.3006 87 15 0 692.3992 0.055554952
643 -96.4506 87 15 0 693.4978 0.0583951
644 -96.6006 87 15 0 694.59644 0.055560227
645 -96.7506 87 15 0 695.69507 0.055579353
646 -96.900604 87 15 0 696.7937 0.05333566
647 -97.050606 87 15 0 697.89233 0.055530515
648 -97.20061 87 15 0 698.99097 0.05333497
649 -97.35061 87 15 0 700.0896 0.055556845
650 -97.50061 87 15 0 701.18823 0.05555782
651 -97.65061 87 15 0 702.28687 0.055548165
652 -97.80061 87 15 0 703.3855 0.05552041
653 -97.950615 87 15 0 704.48413 0.053342577
654 -98.10062 87 15 0 705.58276 0.055551387
655 -98.25062 87 15 0 706.6814 0.05554907
656 -98.40062 87 15 0 707.78 0.055556897
657 -98.55062 87 15 0 708.87866 0.055552643
658 -98.70062 87 15 0 709.9773 0.05556807
659 -98.850624 87 15 0 711.0759 0.05333828
660 -99.000626 87 15 0 712.17456 0.05529925
661 -99.15063 87 15 0 713.2732 0.055124793
662 -99.30063 87 15 0 714.3718 0.054970037
663 -99.45063 87 15 0 715.47046 0.054798234
664 -99.60063 87 15 0 716.5691 0.05460931
665 -99.75063 87 15 0 717.6677 0.054440152
666 -99.900635 87 15 0 718.76636 0.055542164
667 -100.05064 87 15 0 719.865 0.054050636
668 -100.20064 87 15 0 720.9636 0.053858474
669 -100.35064 87 15 0 722.06226 0.05366806
670 -100.50064 87 15 0 723.1609 0.053479414
671 -100.65064 87 15 0 724.2595 0.053292565
672 -100.800644 87 15 0 725.35815 0.053062204
673 -100.950645 87 16 0 726.4576 0.055550605
674 -101.10065 87 16 0 727.5562 0.055558052
675 -101.25065 87 16 0 728.65485 0.055553593
676 -101.40065 87 16 0 729.7535 0.055545676
677 -101.55065 87 16 0 730.8521 0.055555653
678 -101.70065 87 16 0 731.95074 0.055554174
679 -101.850655 87 16 0 733.0494 0.05557489
680 -102.000656 87 16 0 734.148 0.053328224
681 -102.15066 87 16 0 735.24664 0.055570606
682 -102.30066 87 16 0 736.3453 0.053328224
683 -102.45066 87 16 0 737.4439 0.053329658
684 -102.60066 87 16 0 738.54254 0.053329658
685 -102.75066 87 16 0 739.6412 0.053329658
686 -102.900665 87 16 0 740.7398 0.053329658
687 -103.05067 87 16 0 741.83844 0.053329658
688 -103.20067 87 16 0 742.9371 0.053329658
689 -103.35067 87 16 0 744.0357 0.053327516
690 -103.50067 87 16 0 745.13434 0.053329658
691 -103.65067 87 16 0 746.233 0.053329658
692 -103.800674 87 16 0 747.3316 0.053329658
693 -103.950676 87 16 0 748.43024 0.053329658
694 -104.10068 87 16 0 749.5289 0.055551738
695 -104.25068 87 16 0 750.6275 0.053329658
696 -104.40068 87 16 0 751.72614 0.053329658
697 -104.55068 87 16 0 752.82477 0.053329658
698 -104.70068 87 16 0 753.9234 0.053329658
699 -104.850685 87 16 0 755.02203 0.053329658
700 -105.00069 87 16 0 756.12067 0.053345196
701 -105.15069 87 16 0 757.2193 0.05553866
702 -105.30069 87 16 0 758.31793 0.055539686
703 -105.45069 87 16 0 759.41656 0.05559023
704 -105.60069 87 16 0 760.5152 0.055537447
705 -105.750694 87 16 0 761.61383 0.05553468
706 -105.900696 87 16 0 762.71246 0.05557135
707 -106.0507 87 16 0 763.8111 0.055464413
708 -106.2007 87 16 0 764.9097 0.055545606
709 -106.3507 87 16 0 766.00836 0.053338688
710 -106.5007 87 16 0 767.107 0.05333112
711 -106.6507 87 17 0 768.20667 0.055525433
712 -106.800705 87 17 0 769.3053 0.05555356
713 -106.95071 87 17 0 770.40393 0.055549093
714 -107.10071 87 17 0 771.50256 0.055558182
715 -107.25071 87 17 0 772.6012 0.055555653
716 -107.40071 87 17 0 773.6998 0.055554174
717 -107.55071 87 17 0 774.79846 0.053329658
718 -107.700714 87 17 0 775.8971 0.055543523
719 -107.850716 87 17 0 776.9957 0.053329658
720 -108.00072 87 17 0 778.09436 0.053329658
721 -108.15072 87 17 0 779.193 0.053329658
722 -108.30072 87 17 0 780.2916 0.053329658
723 -108.45072 87 17 0 781.39026 0.053329658
724 -108.60072 87 17 0 782.4889 0.053329658
725 -108.750725 87 17 0 783.5875 0.053329658
726 -108.90073 87 17 0 784.68616 0.053329658
727 -109.05073 87 17 0 785.7848 0.053329658
728 -109.20073 87 17 0 786.8834 0.05366806
729 -109.35073 87 17 0 787.98206 0.053329658
730 -109.50073 87 17 0 789.0807 0.053329658
731 -109.650734 87 17 0 790.1793 0.054374762
732 -109.800735 87 17 0 791.27795 0.053329658
733 -109.95074 87 17 0 792.3766 0.053370725
734 -110.10074 87 17 0 793.4752 0.05494159
735 -110.25074 87 17 0 794.57385 0.053329658
736 -110.40074 87 17 0 795.6725 0.05333112
737 -110.55074 87 17 0 796.7711 0.05333112
738 -110.700745 87 17 0 797.86975 0.05333112
739 -110.850746 87 17 0 798.9684 0.05553866
740 -111.00075 87 17 0 800.067 0.05553916
741 -111.15075 87 17 0 801.16565 0.05554307
742 -111.30075 87 17 0 802.2643 0.05524974
743 -111.45075 87 17 0 803.3629 0.055545777
744 -111.60075 87 17 0 804.46155 0.055545606
745 -111.750755 87 17 0 805.5602 0.055464413
746 -111.90076 87 17 0 806.6588 0.05524974
747 -112.05076 87 17 0 807.75745 0.05556935
748 -112.20076 87 17 0 808.8561 0.054990206
749 -112.35076 87 17 0 809.9547 0.054760095
750 -112.50076 87 17 0 811.05334 0.055526387
751 -112.650764 87 17 0 812.152 0.055541676
752 -112.800766 87 17 0 813.2506 0.05396838
753 -112.95077 87 17 0 814.34924 0.05366806
754 -113.10077 87 17 0 815.4479 0.05823395
755 -113.25077 87 17 0 816.5465 0.053070225
756 -113.40077 87 17 0 817.64514 0.05277349
757 -113.55077 87 17 0 818.7438 0.052473877
758 -113.700775 87 17 0 819.8424 0.052141998
759 -113.85078 87 17 0 820.9281 0.051771186
760 -114.00078 87 17 0 821.90466 0.05555293
761 -114.15078 87 17 0 822.8812 0.05107958
762 -114.30078 87 18 0 823.86255 0.055554114
763 -114.45078 87 18 0 824.9612 0.055561267
764 -114.600784 87 18 0 826.0598 0.05333083
765 -114.750786 87 18 0 827.15845 0.055552702
766 -114.90079 87 18 0 828.2571 0.055562392
767 -115.05079 87 18 0 829.3557 0.05556057
768 -115.20079 87 18 0 830.45435 0.0555598
769 -115.35079 87 18 0 831.553 0.055560075
770 -115.50079 87 18 0 832.6516 0.053334463
771 -115.650795 87 18 0 833.75024 0.053334463
772 -115.8008 87 18 0 834.8489 0.053330626
773 -115.9508 87 18 0 835.9475 0.053334463
774 -116.1008 87 18 0 837.04614 0.053650107
775 -116.2508 87 18 0 838.1448 0.055221036
776 -116.4008 87 18 0 839.2434 0.05558835
777 -116.550804 87 18 0 840.34204 0.053334463
778 -116.700806 87 18 0 841.4407 0.053334463
779 -116.85081 87 18 0 842.5393 0.053334463
780 -117.00081 87 18 0 843.63794 0.05555986
781 -117.15081 87 18 0 844.7366 0.05333521
782 -117.30081 87 18 0 845.8352 0.053335622
783 -117.45081 87 18 0 846.93384 0.05334432
784 -117.600815 87 18 0 848.0325 0.053335622
785 -117.75082 87 18 0 849.1311 0.053335622
786 -117.90082 87 18 0 850.22974 0.053335622
787 -118.05082 87 18 0 851.32837 0.053335622
788 -118.20082 87 18 0 852.427 0.05331656
789 -118.35082 87 18 0 853.52563 0.05331656
790 -118.500824 87 18 0 854.62427 0.05333828
791 -118.650826 87 18 0 855.7229 0.054533795
792 -118.80083 87 18 0 856.82153 0.053345233
793 -118.95083 87 18 0 857.92017 0.055578724
794 -119.10083 87 18 0 859.0188 0.055567816
795 -119.25083 87 18 0 860.11743 0.05556254
796 -119.40083 87 18 0 861.21606 0.05556012
797 -119.550835 87 18 0 862.3147 0.055549774
798 -119.700836 87 18 0 863.4133 0.05539613
799 -119.85084 87 18 0 864.51196 0.055171788
800 -120.00084 87 18 0 865.6106 0.055569753
801 -120.15084 87 18 0 866.7092 0.0546472
802 -120.30084 87 18 0 867.80786 0.054384217
803 -120.45084 87 18 0 868.9065 0.05411508
804 -120.600845 87 18 0 870.0051 0.053849597
805 -120.75085 87 18 0 871.10376 0.053550646
806 -120.90085 87 18 0 872.2024 0.05324708
807 -121.05085 87 18 0 873.301 0.053337324
808 -121.20085 87 18 0 874.39966 0.054533795
809 -121.35085 87 18 0 875.4983 0.052310865
810 -121.500854 87 18 0 876.5969 0.051981393
811 -121.650856 87 18 0 877.6249 0.05160682
812 -121.80086 87 18 0 878.60144 0.051282715
813 -121.95086 87 18 0 879.578 0.053329658
814 -122.10086 87 19 0 880.5865 0.055554587
815 -122.25086 87 19 0 881.6851 0.055549067
816 -122.40086 87 19 0 882.78375 0.0552601
817 -122.550865 87 19 0 883.8824 0.05554917
818 -122.70087 87 19 0 884.981 0.055546634
819 -122.85087 87 19 0 886.07965 0.05555736
820 -123.00087 87 19 0 887.1783 0.053329658
821 -123.15087 87 19 0 888.2769 0.05553437
822 -123.30087 87 19 0 889.37555 0.053329658
823 -123.450874 87 19 0 890.4742 0.055560905
824 -123.600876 87 19 0 891.5728 0.05513398
825 -123.75088 87 19 0 892.67145 0.053329658
826 -123.90088 87 19 0 893.7701 0.053329658
827 -124.05088 87 19 0 894.8687 0.053329658
828 -124.20088 87 19 0 895.96735 0.05333112
829 -124.35088 87 19 0 897.066 0.05333112
830 -124.500885 87 19 0 898.1646 0.05333112
831 -124.65089 87 19 0 899.26324 0.05333112
832 -124.80089 87 19 0 900.3619 0.05333112
833 -124.95089 87 19 0 901.4605 0.05333112
834 -125.10089 87 19 0 902.55914 0.05333112
835 -125.25089 87 19 0 903.6578 0.055328026
836 -125.400894 87 19 0 904.7564 0.05333112
837 -125.550896 87 19 0 905.85504 0.055519402
838 -125.7009 87 19 0 906.9537 0.05333112
839 -125.8509 87 19 0 908.0523 0.05333112
840 -126.0009 87 19 0 909.15094 0.05333112
841 -126.1509 87 19 0 910.2496 0.05449616
842 -126.3009 87 19 0 911.3482 0.053332604
843 -126.450905 87 19 0 912.44684 0.053332604
844 -126.60091 87 19 0 913.5455 0.053332604
845 -126.75091 87 19 0 914.6441 0.053332604
846 -126.90091 87 19 0 915.74274 0.055550754
847 -127.05091 87 19 0 916.8414 0.055551544
848 -127.20091 87 19 0 917.94 0.055564202
849 -127.350914 87 19 0 919.03864 0.055543523
850 -127.500916 87 19 0 920.13727 0.055415817
851 -127.65092 87 19 0 921.2359 0.055526387
852 -127.80092 87 19 0 922.33453 0.05533848
853 -127.95092 87 19 0 923.43317 0.05553916
854 -128.10092 87 19 0 924.5318 0.054836456
855 -128.25092 87 19 0 925.63043 0.054571506
856 -128.40091 87 19 0 926.72906 0.05430019
857 -128.5509 87 19 0 927.8277 0.05398639
858 -128.7009 87 19 0 928.92633 0.053676747
859 -128.85089 87 19 0 930.02496 0.055558734
860 -129.00089 87 19 0 931.1236 0.053062204
861 -129.15088 87 19 0 932.2222 0.053340886
862 -129.30087 87 19 0 933.32086 0.052377123
863 -129.45087 87 19 0 934.4195 0.052032527
864 -129.60086 87 19 0 935.4669 0.053351797
865 -129.75085 87 19 0 936.4435 0.055562075
866 -129.90085 87 19 0 937.42004 0.050883885
867 -130.05084 87 19 0 938.3966 0.05048205
868 -130.20084 87 19 0 939.37317 0.050047
869 -130.35083 87 20 0 940.42334 0.055555623
870 -130.50082 87 20 0 941.522 0.055525903
871 -130.65082 87 20 0 942.6206 0.05555445
872 -130.80081 87 20 0 943.71924 0.055551212
873 -130.9508 87 20 0 944.8179 0.053335954
874 -131.1008 87 20 0 945.9165 0.05554903
875 -131.2508 87 20 0 947.01514 0.055547886
876 -131.40079 87 20 0 948.1138 0.055547792
877 -131.55078 87 20 0 949.2124 0.055548754
878 -131.70078 87 20 0 950.31104 0.055559836
879 -131.85077 87 20 0 951.40967 0.05556588
880 -132.00076 87 20 0 952.5083 0.055555653
881 -132.15076 87 20 0 953.60693 0.0555498
882 -132.30075 87 20 0 954.70557 0.05529925
883 -132.45074 87 20 0 955.8042 0.05456187
884 -132.60074 87 20 0 956.90283 0.05498011
885 -132.75073 87 20 0 958.00146 0.055367295
886 -132.90073 87 20 0 959.1001 0.054023225
887 -133.05072 87 20 0 960.1987 0.055047244
888 -133.20071 87 20 0 961.29736 0.054874763
889 -133.35071 87 20 0 962.396 0.054713413
890 -133.5007 87 20 0 963.4946 0.05454341
891 -133.6507 87 20 0 964.59326 0.054374762
892 -133.80069 87 20 0 965.6919 0.054207467
893 -133.95068 87 20 0 966.7905 0.05401396
894 -134.10068 87 20 0 967.88916 0.054505736
895 -134.25067 87 20 0 968.9878 0.053659394
896 -134.40067 87 20 0 970.0864 0.05347097
897 -134.55066 87 20 0 971.18506 0.05324708
898 -134.70065 87 21 0 972.28467 0.055550102
899 -134.85065 87 21 0 973.3833 0.0555574
900 -135.00064 87 21 0 974.48193 0.055552762
901 -135.15063 87 21 0 975.58057 0.055561706
902 -135.30063 87 21 0 976.6792 0.055559006
903 -135.45062 87 21 0 977.77783 0.05555736
904 -135.60062 87 21 0 978.87646 0.053335622
905 -135.75061 87 21 0 979.9751 0.053329658
906 -135.9006 87 21 0 981.0737 0.05333112
907 -136.0506 87 21 0 982.17236 0.05333112
908 -136.20059 87 21 0 983.271 0.05333112
909 -136.35059 87 21 0 984.3696 0.05333112
910 -136.50058 87 21 0 985.46826 0.05333112
911 -136.65057 87 21 0 986.5669 0.05333112
912 -136.80057 87 21 0 987.6655 0.05333112
913 -136.95056 87 21 0 988.76416 0.05333112
914 -137.10056 87 21 0 989.8628 0.055535506
915 -137.25055 87 21 0 990.9614 0.05333112
916 -137.40054 87 21 0 992.06006 0.05333112
917 -137.55054 87 21 0 993.1587 0.05333112
918 -137.70053 87 21 0 994.2573 0.05333112
919 -137.85052 87 21 0 995.35596 0.05533848
920 -138.00052 87 21 0 996.4546 0.05333112
921 -138.15051 87 21 0 997.5532 0.053332604
922 -138.3005 87 21 0 998.65186 0.053332604
923 -138.4505 87 21 0 999.7505 0.053332604
924 -138.6005 87 21 0 1000.8491 0.053332604
925 -138.75049 87 21 0 1001.94775 0.053332604
926 -138.90048 87 21 0 1003.0464 0.053332604
927 -139.05048 87 21 0 1004.145 0.053332604
928 -139.20047 87 21 0 1005.24365 0.055550754
929 -139.35046 87 21 0 1006.3423 0.053342413
930 -139.50046 87 21 0 1007.4409 0.05603218
931 -139.65045 87 21 0 1008.53955 0.055537447
932 -139.80045 87 21 0 1009.6382 0.055571184
933 -139.95044 87 21 0 1010.7368 0.05527966
934 -140.10043 87 21 0 1011.83545 0.055417195
935 -140.25043 87 21 0 1012.9341 0.053316314
936 -140.40042 87 21 0 1014.0327 0.054923188
937 -140.55042 87 21 0 1015.13135 0.054693833
938 -140.70041 87 21 0 1016.23 0.05443065
939 -140.8504 87 21 0 1017.3286 0.054161288
940 -141.0004 87 21 0 1018.42725 0.05333828
941 -141.15039 87 21 0 1019.5259 0.053346053
942 -141.30038 87 21 0 1020.6245 0.053292565
943 -141.45038 87 21 0 1021.72314 0.052993063
944 -141.60037 87 21 0 1022.8218 0.05265302
945 -141.75037 87 21 0 1023.9204 0.055538848
946 -141.90036 87 21 0 1024.9058 0.051981393
947 -142.05035 87 21 0 1025.8823 0.055543523
948 -142.20035 87 21 0 1026.8589 0.05524056
949 -142.35034 87 21 0 1027.8354 0.050883885
950 -142.50034 87 22 0 1028.8124 0.055554114
951 -142.65033 87 22 0 1030.0331 0.055561267
952 -142.80032 87 22 0 1031.2538 0.05555196
953 -142.95032 87 22 0 1032.4745 0.055552702
954 -143.10031 87 22 0 1033.6952 0.055562392
955 -143.2503 87 22 0 1034.9159 0.054599624
956 -143.4003 87 22 0 1036.1365 0.053663418
957 -143.5503 87 22 0 1037.113 0.053332604
958 -143.70029 87 22 0 1038.0896 0.053329807
959 -143.85028 87 22 0 1039.0662 0.053332604
960 -144.00027 87 22 0 1040.0427 0.05334618
961 -144.15027 87 22 0 1041.0193 0.053332604
962 -144.30026 87 22 0 1041.9958 0.05333554
963 -144.45026 87 22 0 1042.9724 0.055552065
964 -144.60025 87 22 0 1043.949 0.053332604
965 -144.75024 87 22 0 1044.9255 0.053332604
966 -144.90024 87 22 0 1045.9021 0.053332604
967 -145.05023 87 22 0 1046.8787 0.053332604
968 -145.20023 87 22 0 1047.8552 0.055586044
969 -145.35022 87 22 0 1048.8318 0.053332604
970 -145.50021 87 22 0 1049.8083 0.053332604
971 -145.6502 87 22 0 1050.7849 0.053332604
972 -145.8002 87 22 0 1051.7615 0.053332604
973 -145.9502 87 22 0 1052.738 0.053332604
974 -146.10019 87 22 0 1053.7146 0.053329807
975 -146.25018 87 22 0 1054.6912 0.0555223
976 -146.40018 87 22 0 1055.6677 0.053332604
977 -146.55017 87 22 0 1056.6443 0.053332604
978 -146.70016 87 22 0 1057.6208 0.053332604
979 -146.85016 87 22 0 1058.5974 0.053332604
980 -147.00015 87 22 0 1059.5741 0.055550754
981 -147.15015 87 22 0 1060.7948 0.055551544
982 -147.30014 87 22 0 1062.0155 0.05554307
983 -147.45013 87 22 0 1063.2362 0.055537447
984 -147.60013 87 22 0 1064.4569 0.055571184
985 -147.75012 87 22 0 1065.6776 0.05557135
986 -147.90012 87 22 0 1066.8982 0.045548268
987 -148.05011 87 22 0 1067.8749 0.055417195
988 -148.2001 87 22 0 1069.0956 0.05623605
989 -148.3501 87 22 0 1070.3163 0.054923188
990 -148.50009 87 22 0 1071.3733 0.05557438
991 -148.65009 87 22 0 1072.3499 0.051650792
992 -148.80008 87 22 0 1073.3264 0.05554393
993 -148.95007 87 22 0 1074.303 0.053849597
994 -149.10007 87 22 0 1075.2795 0.053550646
995 -149.25006 87 22 0 1076.2561 0.05323887
996 -149.40005 87 22 0 1077.2327 0.055576526
997 -149.55005 87 22 0 1078.2092 0.05260058
998 -149.70004 87 22 0 1079.1858 0.055524815
999 -149.85004 87 22 0 1080.1624 0.051923636
1000 -150.00003 87 22 0 1081.1389 0.051550284
1001 -150.15002 87 22 0 1082.1155 0.051183812

----QMATRIX: [Sensed Threat] > ACTION == UTILITY------
[1.0,1.0,1.0,1.0,1.0,1.0,1.0,1.0] > ACTION_NONE == -0.035516083
[1.0,1.0,1.0,1.0,1.0,1.0,1.0,1.0] > ACTION_BACK == -3.0829525E-4
[1.0,1.0,1.0,1.0,1.0,1.0,1.0,1.0] > ACTION_RIGHT == -0.017099999
[1.0,1.0,0.0,1.0,1.0,0.0,1.0,0.0] > ACTION_NONE == -0.09005168
[0.0,1.0,0.0,1.0,0.0,1.0,0.0,0.0] > ACTION_RIGHT == -3.6963452E-6
[0.0,1.0,0.0,1.0,1.0,0.0,1.0,1.0] > ACTION_NONE == -4.841837E-5
[0.0,1.0,1.0,0.0,1.0,1.0,0.0,1.0] > ACTION_BACK == -0.0036112082
[1.0,0.0,1.0,0.0,1.0,1.0,1.0,0.0] > ACTION_BACK == -0.009113166
[0.0,1.0,1.0,1.0,0.0,1.0,1.0,1.0] > ACTION_BACK == -1.09713736E-4
[1.0,1.0,1.0,0.0,1.0,0.0,1.0,0.0] > ACTION_RIGHT == -1.3717271E-4
[1.0,1.0,1.0,1.0,0.0,1.0,0.0,1.0] > ACTION_RIGHT == -7.139108E-5
[0.0,1.0,1.0,0.0,1.0,0.0,1.0,1.0] > ACTION_RIGHT == -0.1
[1.0,1.0,1.0,0.0,0.0,1.0,1.0,1.0] > ACTION_BACK == -0.13431312
[1.0,1.0,0.0,1.0,1.0,0.0,1.0,0.0] > ACTION_BACK == -0.15973225
[0.0,1.0,1.0,0.0,1.0,1.0,1.0,0.0] > ACTION_BACK == -0.0028931575
[0.0,1.0,1.0,0.0,0.0,0.0,1.0,0.0] > ACTION_NONE == -0.171
[1.0,1.0,1.0,0.0,0.0,1.0,1.0,1.0] > ACTION_RIGHT == -0.0090
[0.0,1.0,0.0,1.0,1.0,1.0,1.0,0.0] > ACTION_BACK == -0.0013247441
[1.0,1.0,1.0,1.0,0.0,1.0,1.0,1.0] > ACTION_BACK == -1.1680728E-5
[1.0,0.0,0.0,1.0,0.0,1.0,1.0,0.0] > ACTION_BACK == -0.0072289174
[0.0,0.0,1.0,0.0,1.0,0.0,1.0,0.0] > ACTION_RIGHT == -0.008103459
[0.0,1.0,1.0,0.0,0.0,1.0,0.0,1.0] > ACTION_BACK == -0.0030357752
[0.0,1.0,1.0,1.0,1.0,0.0,1.0,1.0] > ACTION_NONE == -0.0152426595
[0.0,1.0,0.0,1.0,1.0,1.0,1.0,0.0] > ACTION_NONE == -5.358799E-4
[0.0,1.0,1.0,0.0,0.0,1.0,1.0,1.0] > ACTION_BACK == -0.104818985
[0.0,0.0,1.0,0.0,1.0,0.0,1.0,0.0] > ACTION_BACK == -3.8699824E-10
[1.0,1.0,1.0,1.0,0.0,1.0,1.0,1.0] > ACTION_NONE == -6.5609997E-6
[0.0,1.0,0.0,1.0,0.0,0.0,1.0,0.0] > ACTION_BACK == -5.3144102E-8
[1.0,1.0,1.0,0.0,1.0,1.0,0.0,0.0] > ACTION_BACK == -1.6480574E-6
[1.0,1.0,1.0,0.0,0.0,0.0,1.0,1.0] > ACTION_BACK == -0.15449162
[0.0,1.0,1.0,1.0,0.0,1.0,0.0,1.0] > ACTION_BACK == -0.0090
[0.0,1.0,0.0,1.0,1.0,0.0,1.0,0.0] > ACTION_BACK == -7.2861294E-4
[0.0,1.0,0.0,1.0,0.0,1.0,1.0,0.0] > ACTION_NONE == -7.048985E-5
[1.0,1.0,0.0,1.0,1.0,0.0,1.0,0.0] > ACTION_RIGHT == -5.5463443E-4
[0.0,1.0,1.0,0.0,1.0,0.0,1.0,0.0] > ACTION_BACK == -5.4959895E-4
[0.0,1.0,1.0,1.0,1.0,1.0,0.0,1.0] > ACTION_BACK == -1.4780545E-4
[0.0,1.0,1.0,0.0,0.0,1.0,1.0,0.0] > ACTION_NONE == -1.8306437E-5
[0.0,1.0,0.0,1.0,0.0,1.0,1.0,0.0] > ACTION_BACK == -9.399136E-5
[1.0,1.0,0.0,1.0,1.0,1.0,1.0,1.0] > ACTION_BACK == -0.19035877
[1.0,1.0,1.0,1.0,1.0,0.0,1.0,1.0] > ACTION_BACK == -0.15236743
[0.0,0.0,1.0,1.0,0.0,0.0,0.0,0.0] > ACTION_RIGHT == -4.459883E-8
[1.0,1.0,1.0,1.0,0.0,1.0,1.0,0.0] > ACTION_RIGHT == -6.5609997E-6
[1.0,1.0,0.0,1.0,1.0,0.0,1.0,1.0] > ACTION_RIGHT == -3.8106475E-4
[0.0,0.0,1.0,0.0,0.0,0.0,0.0,0.0] > ACTION_NONE == -4.172946E-9
[0.0,1.0,1.0,0.0,0.0,1.0,1.0,1.0] > ACTION_NONE == -0.0015163928
[1.0,1.0,1.0,0.0,0.0,1.0,0.0,1.0] > ACTION_BACK == -0.0094610555
[0.0,1.0,1.0,1.0,1.0,1.0,1.0,1.0] > ACTION_BACK == -0.014668943
[0.0,1.0,1.0,0.0,1.0,0.0,1.0,0.0] > ACTION_RIGHT == -1.28726815E-5
[0.0,1.0,0.0,1.0,0.0,0.0,0.0,0.0] > ACTION_BACK == -2.050996E-6
[1.0,1.0,1.0,0.0,0.0,1.0,0.0,1.0] > ACTION_RIGHT == -8.0999994E-4
[0.0,0.0,1.0,1.0,0.0,0.0,0.0,0.0] > ACTION_NONE == -7.770922E-8
[1.0,1.0,1.0,1.0,0.0,1.0,1.0,0.0] > ACTION_BACK == -5.9686838E-5
[0.0,1.0,1.0,0.0,1.0,1.0,1.0,1.0] > ACTION_BACK == -6.865384E-4
[1.0,1.0,0.0,1.0,1.0,0.0,1.0,1.0] > ACTION_BACK == -1.2761929E-4
[0.0,0.0,1.0,1.0,0.0,0.0,0.0,0.0] > ACTION_BACK == -4.360017E-7
[0.0,0.0,1.0,0.0,0.0,0.0,0.0,0.0] > ACTION_BACK == -1.8575E-7
[1.0,1.0,1.0,0.0,0.0,1.0,1.0,0.0] > ACTION_BACK == -0.10724876
[0.0,1.0,1.0,0.0,0.0,0.0,1.0,1.0] > ACTION_RIGHT == -0.099
[1.0,1.0,0.0,1.0,0.0,1.0,1.0,0.0] > ACTION_BACK == -1.1219311E-6
[1.0,1.0,0.0,1.0,1.0,1.0,1.0,1.0] > ACTION_NONE == -7.1449285E-5
[1.0,1.0,1.0,0.0,1.0,0.0,1.0,0.0] > ACTION_BACK == -0.04619182
[1.0,1.0,0.0,1.0,0.0,1.0,1.0,0.0] > ACTION_NONE == -5.787393E-7
[0.0,1.0,0.0,1.0,1.0,0.0,1.0,0.0] > ACTION_RIGHT == -0.0015389998
[0.0,1.0,0.0,1.0,0.0,1.0,0.0,0.0] > ACTION_BACK == -1.7799981E-5
[1.0,1.0,1.0,0.0,0.0,0.0,1.0,1.0] > ACTION_NONE == -0.103242196
[0.0,1.0,1.0,1.0,1.0,0.0,1.0,1.0] > ACTION_BACK == -0.0012883842
[1.0,1.0,0.0,1.0,1.0,1.0,1.0,0.0] > ACTION_BACK == -2.8490587E-4
[0.0,1.0,0.0,1.0,1.0,1.0,1.0,1.0] > ACTION_BACK == -7.819518E-5
[1.0,1.0,0.0,1.0,1.0,1.0,1.0,1.0] > ACTION_RIGHT == -1.0943958E-6
[1.0,1.0,1.0,1.0,1.0,0.0,1.0,0.0] > ACTION_BACK == -1.1501173E-4
[0.0,1.0,0.0,1.0,0.0,0.0,0.0,0.0] > ACTION_RIGHT == -7.7436783E-7
[0.0,1.0,1.0,1.0,0.0,1.0,1.0,0.0] > ACTION_BACK == -2.8848799E-5
[0.0,1.0,0.0,1.0,1.0,0.0,1.0,1.0] > ACTION_BACK == -6.607374E-5
[0.0,1.0,1.0,1.0,1.0,1.0,1.0,1.0] > ACTION_NONE == -6.8207516E-4
[1.0,1.0,1.0,1.0,1.0,1.0,0.0,1.0] > ACTION_BACK == -1.3478703E-4
[0.0,1.0,1.0,0.0,1.0,0.0,1.0,1.0] > ACTION_BACK == -0.0011543866
[1.0,1.0,1.0,1.0,1.0,0.0,1.0,1.0] > ACTION_NONE == -2.4971625E-5
[1.0,1.0,1.0,1.0,0.0,1.0,0.0,1.0] > ACTION_NONE == -7.4004807E-4
[0.0,1.0,1.0,0.0,0.0,1.0,1.0,0.0] > ACTION_BACK == -0.09000004
[1.0,1.0,1.0,0.0,1.0,1.0,0.0,1.0] > ACTION_BACK == -0.0013439051
[0.0,0.0,1.0,0.0,0.0,0.0,0.0,0.0] > ACTION_RIGHT == -1.2332658E-9
[1.0,0.0,1.0,0.0,1.0,0.0,1.0,0.0] > ACTION_BACK == -0.0195916
[0.0,1.0,1.0,0.0,0.0,1.0,1.0,1.0] > ACTION_RIGHT == -8.0999994E-4
[1.0,0.0,0.0,1.0,1.0,0.0,1.0,0.0] > ACTION_BACK == -9.804928E-4
[0.0,0.0,1.0,0.0,1.0,1.0,1.0,0.0] > ACTION_BACK == -1.1114867E-5
[1.0,1.0,1.0,0.0,0.0,0.0,1.0,0.0] > ACTION_BACK == -0.171
[1.0,1.0,1.0,1.0,0.0,1.0,0.0,1.0] > ACTION_BACK == -0.0013210115
