-----Simulation Parameters-----
Iteration Length: 200
Iteration Qty: 1000.0
Learning Rate: 0.1
Discount Factor: 0.9
Decay: 0.15
Max View Distance: 10.0

-----SIMULATION STEPS------
Steps | Exploration Rate | QMatrix Size | Crashes | Victories | Distance Moved | Speed
1 -0.15 22 0 0 0.62179565 0.031108856
2 -0.3 22 0 0 1.2435913 0.031108856
3 -0.45000002 22 0 0 1.865387 0.031108856
4 -0.6 22 0 0 2.4871826 0.031108856
5 -0.75 22 0 0 3.1089783 0.031108856
6 -0.9 22 0 0 3.730774 0.031108856
7 -1.05 22 0 0 4.3525696 0.031108856
8 -1.1999999 22 0 0 4.974365 0.031108856
9 -1.3499999 22 0 0 5.596161 0.031108856
10 -1.4999999 22 0 0 6.2179565 0.031108856
11 -1.6499999 22 0 0 6.839752 0.031108856
12 -1.7999998 22 0 0 7.461548 0.031108856
13 -1.9499998 22 0 0 8.0833435 0.031108856
14 -2.1 22 0 0 8.705139 0.031108856
15 -2.25 22 0 0 9.326935 0.031108856
16 -2.4 22 0 0 9.94873 0.031108856
17 -2.5500002 22 0 0 10.570563 0.034785025
18 -2.7000003 22 0 0 11.2633095 0.034334633
19 -2.8500004 22 0 0 11.948779 0.033845253
20 -3.0000005 22 0 0 12.6223545 0.033351712
21 -3.1500006 22 0 0 13.283927 0.032837365
22 -3.3000007 22 0 0 13.939764 0.032285262
23 -3.4500008 22 0 0 14.585581 0.03173095
24 -3.6000009 22 0 0 15.219466 0.03114001
25 -3.750001 22 0 0 15.841243 0.03054175
26 -3.900001 22 0 0 16.45115 0.029908912
27 -4.050001 22 0 0 17.047709 0.02928451
28 -4.2000012 22 0 0 17.628101 0.028621068
29 -4.3500013 22 0 0 18.195543 0.027926138
30 -4.5000014 22 0 0 18.751652 0.027242823
31 -4.6500015 22 0 0 19.29367 0.026530342
32 -4.8000016 22 0 0 19.820093 0.025827529
33 -4.9500017 22 0 0 20.334436 0.025136974
34 -5.100002 22 0 0 20.831623 0.031118413
35 -5.250002 22 0 0 21.457233 0.031118413
36 -5.400002 22 0 0 22.082844 0.031118413
37 -5.550002 22 0 0 22.708454 0.031118413
38 -5.700002 22 0 0 23.334064 0.031118413
39 -5.8500023 22 0 0 23.959675 0.031118413
40 -6.0000024 22 0 0 24.585285 0.031118413
41 -6.1500025 22 0 0 25.210896 0.031118413
42 -6.3000026 22 0 1 25.834726 0.031108856
43 -6.4500027 22 0 1 26.456522 0.031108856
44 -6.600003 22 0 1 27.078318 0.031108856
45 -6.750003 22 0 1 27.700113 0.031108856
46 -6.900003 22 0 1 28.321909 0.031108856
47 -7.050003 22 0 1 28.943705 0.031108856
48 -7.200003 22 0 1 29.5655 0.031108856
49 -7.3500032 22 0 1 30.187296 0.031108856
50 -7.5000033 22 0 1 30.809092 0.031108856
51 -7.6500034 22 0 1 31.430887 0.031108856
52 -7.8000035 22 0 1 32.053 0.031108856
53 -7.9500036 22 0 1 32.67861 0.031108856
54 -8.100003 22 0 1 33.304222 0.031108856
55 -8.250003 22 0 1 33.929832 0.031108856
56 -8.4000025 22 0 1 34.555443 0.031108856
57 -8.550002 22 0 1 35.181087 0.034785025
58 -8.700002 22 0 1 35.87536 0.034334633
59 -8.850001 22 0 1 36.56101 0.033845253
60 -9.000001 22 0 1 37.234035 0.033351712
61 -9.150001 22 0 1 37.897266 0.032837365
62 -9.3 22 0 1 38.550987 0.032285262
63 -9.45 22 0 1 39.195812 0.03173095
64 -9.599999 22 0 1 39.82905 0.031132938
65 -9.749999 22 0 1 40.45177 0.030534955
66 -9.899999 22 0 1 41.06212 0.029908912
67 -10.049998 22 0 1 41.656754 0.029242236
68 -10.199998 22 0 1 42.237656 0.028578907
69 -10.3499975 22 0 1 42.803352 0.027920645
70 -10.499997 22 0 1 43.360294 0.027237713
71 -10.649997 22 0 1 43.900066 0.02652096
72 -10.799996 22 0 1 44.42649 0.025819048
73 -10.949996 22 0 1 44.939587 0.031116854
74 -11.099996 22 0 1 45.55751 0.025095817
75 -11.249995 22 0 1 46.053593 0.031101862
76 -11.399995 22 0 1 46.679203 0.031101862
77 -11.549994 22 0 1 47.304813 0.031108335
78 -11.699994 22 0 1 47.930424 0.031108335
79 -11.849994 22 0 1 48.556034 0.031114819
80 -11.999993 22 0 1 49.181644 0.031114819
81 -12.149993 22 0 1 49.807255 0.031114819
82 -12.299993 22 0 2 50.43286 0.031108856
83 -12.449992 22 0 2 51.05847 0.031108856
84 -12.599992 22 0 2 51.684082 0.031108856
85 -12.749991 22 0 2 52.309692 0.031108856
86 -12.899991 22 0 2 52.935303 0.031108856
87 -13.049991 22 0 2 53.560913 0.031108856
88 -13.19999 22 0 2 54.186523 0.031108856
89 -13.34999 22 0 2 54.812134 0.031108856
90 -13.4999895 22 0 2 55.437744 0.031108856
91 -13.649989 22 0 2 56.063354 0.031108856
92 -13.799989 22 0 2 56.688965 0.031108856
93 -13.949988 22 0 2 57.314575 0.031108856
94 -14.099988 22 0 2 57.940186 0.031108856
95 -14.249988 22 0 2 58.565796 0.031108856
96 -14.399987 22 0 2 59.191406 0.031108856
97 -14.549987 22 0 2 59.817017 0.031108856
98 -14.699986 22 0 2 60.44266 0.034785025
99 -14.849986 22 0 2 61.136932 0.034334633
100 -14.999986 22 0 2 61.82283 0.033870667
101 -15.149985 22 0 2 62.49616 0.0333677
102 -15.299985 22 0 2 63.159912 0.03285294
103 -15.449985 22 0 2 63.816036 0.032342985
104 -15.599984 22 0 2 64.45907 0.03178817
105 -15.749984 22 0 2 65.097916 0.031196697
106 -15.899983 22 0 2 65.72352 0.03060465
107 -16.049984 22 0 2 66.33386 0.030013232
108 -16.199984 22 0 2 66.928955 0.029351685
109 -16.349983 22 0 2 67.517494 0.028728956
110 -16.499983 22 0 2 68.08507 0.028037876
111 -16.649982 22 0 2 68.64071 0.02738905
112 -16.799982 22 0 2 69.19002 0.026679143
113 -16.949982 22 0 2 69.72005 0.02597776
114 -17.099981 22 0 2 70.23884 0.025287328
115 -17.24998 22 0 2 70.74244 0.031096948
116 -17.39998 22 0 2 71.36805 0.031096948
117 -17.54998 22 0 2 71.99366 0.031096948
118 -17.69998 22 0 2 72.61927 0.031096948
119 -17.84998 22 0 2 73.24488 0.031096948
120 -17.999979 22 0 2 73.87049 0.031096948
121 -18.149979 22 0 2 74.4961 0.031103281
122 -18.299978 22 0 2 75.12171 0.031103281
123 -18.449978 22 0 3 75.74732 0.031108856
124 -18.599977 22 0 3 76.37293 0.031108856
125 -18.749977 22 0 3 76.99854 0.031108856
126 -18.899977 22 0 3 77.62415 0.031108856
127 -19.049976 22 0 3 78.24976 0.031108856
128 -19.199976 22 0 3 78.875374 0.031108856
129 -19.349976 22 0 3 79.500984 0.031108856
130 -19.499975 22 0 3 80.126595 0.031108856
131 -19.649975 22 0 3 80.752205 0.031108856
132 -19.799974 22 0 3 81.377815 0.031108856
133 -19.949974 22 0 3 82.003426 0.031108856
134 -20.099974 22 0 3 82.629036 0.031108856
135 -20.249973 22 0 3 83.25465 0.031108856
136 -20.399973 22 0 3 83.88026 0.031108856
137 -20.549973 22 0 3 84.50587 0.031108856
138 -20.699972 22 0 3 85.13148 0.031108856
139 -20.849972 22 0 3 85.75709 0.031108856
140 -20.999971 22 0 3 86.3827 0.031108856
141 -21.149971 22 0 3 87.00831 0.031108856
142 -21.29997 22 0 3 87.63392 0.031108856
143 -21.44997 22 0 3 88.25953 0.031108856
144 -21.59997 22 0 3 88.88514 0.031108856
145 -21.74997 22 0 3 89.51079 0.034785025
146 -21.89997 22 0 3 90.20352 0.034334633
147 -22.049969 22 0 3 90.89016 0.033845253
148 -22.199968 22 0 3 91.56155 0.033351712
149 -22.349968 22 0 3 92.22126 0.032837365
150 -22.499968 22 0 3 92.87564 0.032277703
151 -22.649967 22 0 3 93.51651 0.03172363
152 -22.799967 22 0 3 94.15312 0.031125873
153 -22.949966 22 0 3 94.778725 0.030528167
154 -23.099966 22 0 3 95.3884 0.029895918
155 -23.249966 22 0 3 95.98349 0.029229866
156 -23.399965 22 0 3 96.56344 0.028573055
157 -23.549965 22 0 3 97.12801 0.027878627
158 -23.699965 22 0 3 97.679344 0.027190765
159 -23.849964 22 0 3 98.219894 0.026474636
160 -23.999964 22 0 3 98.74474 0.025773412
161 -24.149963 22 0 3 99.25875 0.031092737
162 -24.299963 22 0 3 99.8843 0.025047198
163 -24.449963 22 0 3 100.3852 0.031114819
164 -24.599962 22 0 3 101.01081 0.031114819
165 -24.749962 22 0 3 101.63642 0.031114819
166 -24.899961 22 0 3 102.26203 0.031114819
167 -25.049961 22 0 3 102.88764 0.031114819
168 -25.19996 22 0 3 103.51325 0.031114819
169 -25.34996 22 0 3 104.13886 0.031114819
170 -25.49996 22 0 4 104.76447 0.031108856
171 -25.64996 22 0 4 105.39008 0.031108856
172 -25.79996 22 0 4 106.01569 0.031108856
173 -25.949959 22 0 4 106.641304 0.031108856
174 -26.099958 22 0 4 107.266914 0.031108856
175 -26.249958 22 0 4 107.892525 0.031108856
176 -26.399958 22 0 4 108.518135 0.031108856
177 -26.549957 22 0 4 109.143745 0.031108856
178 -26.699957 22 0 4 109.769356 0.031108856
179 -26.849957 22 0 4 110.394966 0.031108856
180 -26.999956 22 0 4 111.02058 0.031108856
181 -27.149956 22 0 4 111.64619 0.031108856
182 -27.299955 22 0 4 112.2718 0.031108856
183 -27.449955 22 0 4 112.89741 0.031108856
184 -27.599955 22 0 4 113.52302 0.031108856
185 -27.749954 22 0 4 114.14863 0.031108856
186 -27.899954 22 0 4 114.77424 0.031108856
187 -28.049953 22 0 4 115.39985 0.031108856
188 -28.199953 22 0 4 116.02546 0.031108856
189 -28.349953 22 0 4 116.65107 0.031108856
190 -28.499952 22 0 4 117.27668 0.031108856
191 -28.649952 22 0 4 117.90233 0.034785025
192 -28.799952 22 0 4 118.59513 0.034334633
193 -28.949951 22 0 4 119.28177 0.03385344
194 -29.09995 22 0 4 119.953156 0.033359703
195 -29.24995 22 0 4 120.61346 0.032845147
196 -29.39995 22 0 4 121.26872 0.032292824
197 -29.54995 22 0 4 121.90959 0.03173828
198 -29.69995 22 0 4 122.54745 0.031182515
199 -29.849949 22 0 4 123.17305 0.030555373
200 -29.999949 22 0 4 123.783394 0.029957792
201 -30.149948 22 0 4 124.37849 0.02929693
202 -30.299948 22 0 4 124.96474 0.028632808
203 -30.449947 22 0 4 125.52931 0.027979193
204 -30.599947 22 0 4 126.083046 0.027294952
205 -30.749947 22 0 4 126.6302 0.026581462
206 -30.899946 22 0 4 127.15796 0.025877519
207 -31.049946 22 0 4 127.67675 0.025189511
208 -31.199945 22 0 4 128.17488 0.03109278
209 -31.349945 22 0 4 128.78523 0.03109278
210 -31.499945 22 0 4 129.39558 0.031128723
211 -31.649944 22 0 4 130.00594 0.031128723
212 -31.799944 22 0 4 130.61629 0.031128723
213 -31.949944 22 0 4 131.22664 0.03112235
214 -32.099945 22 0 4 131.83699 0.03112235
215 -32.249947 22 0 4 132.44734 0.03112235
216 -32.39995 22 0 5 133.0577 0.031108856
217 -32.54995 22 0 5 133.66805 0.031108856
218 -32.69995 22 0 5 134.2784 0.031108856
219 -32.849953 22 0 5 134.88875 0.031108856
220 -32.999954 22 0 5 135.4991 0.031108856
221 -33.149956 22 0 5 136.10945 0.031108856
222 -33.299957 22 0 5 136.7198 0.031108856
223 -33.44996 22 0 5 137.33015 0.031108856
224 -33.59996 22 0 5 137.9405 0.031108856
225 -33.74996 22 0 5 138.55086 0.031108856
226 -33.899963 22 0 5 139.16121 0.031108856
227 -34.049965 22 0 5 139.77156 0.031108856
228 -34.199966 22 0 5 140.38196 0.034785025
229 -34.349968 22 0 5 141.08386 0.034334633
230 -34.49997 22 0 5 141.75952 0.033845253
231 -34.64997 22 0 5 142.43091 0.033351712
232 -34.799973 22 0 5 143.1023 0.032837365
233 -34.949974 22 0 5 143.76271 0.032285262
234 -35.099976 22 0 5 144.40358 0.03172363
235 -35.249977 22 0 5 145.04443 0.031132938
236 -35.39998 22 0 5 145.65479 0.030534955
237 -35.54998 22 0 5 146.26514 0.02990241
238 -35.69998 22 0 5 146.86327 0.029236045
239 -35.849983 22 0 5 147.4431 0.028573055
240 -35.999985 22 0 5 148.02292 0.027920645
241 -36.149986 22 0 5 148.57224 0.027195856
242 -36.299988 22 0 5 149.12154 0.02651629
243 -36.44999 22 0 5 149.64034 0.025777623
244 -36.59999 22 0 5 150.15918 0.03112288
245 -36.749992 22 0 5 150.76947 0.025092067
246 -36.899994 22 0 5 151.25781 0.031108335
247 -37.049995 22 0 5 151.86816 0.031108335
248 -37.199997 22 0 5 152.47852 0.031114819
249 -37.35 22 0 5 153.08887 0.031114819
250 -37.5 22 0 5 153.69922 0.031114819
251 -37.65 22 0 5 154.30957 0.031114819
252 -37.800003 22 0 5 154.91992 0.031114819
253 -37.950005 22 0 6 155.53027 0.031108856
254 -38.100006 22 0 6 156.14062 0.031108856
255 -38.250008 22 0 6 156.75098 0.031108856
256 -38.40001 22 0 6 157.36133 0.031108856
257 -38.55001 22 0 6 157.97168 0.031108856
258 -38.700012 22 0 6 158.58203 0.031108856
259 -38.850014 22 0 6 159.19238 0.031108856
260 -39.000015 22 0 6 159.80273 0.031108856
261 -39.150017 22 0 6 160.41309 0.031108856
262 -39.30002 22 0 6 161.02344 0.031108856
263 -39.45002 22 0 6 161.63379 0.031108856
264 -39.60002 22 0 6 162.24414 0.031108856
265 -39.750023 22 0 6 162.85454 0.034785025
266 -39.900024 22 0 6 163.55644 0.03431749
267 -40.050026 22 0 6 164.23177 0.033819843
268 -40.200027 22 0 6 164.90315 0.033343732
269 -40.35003 22 0 6 165.57454 0.032794755
270 -40.50003 22 0 6 166.22658 0.032270156
271 -40.650032 22 0 6 166.86745 0.031673774
272 -40.800034 22 0 6 167.5083 0.031076323
273 -40.950035 22 0 6 168.11865 0.03047896
274 -41.100037 22 0 6 168.729 0.029847082
275 -41.25004 22 0 6 169.31744 0.029181438
276 -41.40004 22 0 6 169.89728 0.028519243
277 -41.55004 22 0 6 170.4771 0.027820235
278 -41.700043 22 0 6 171.02641 0.027133737
279 -41.850044 22 0 6 171.57571 0.026419092
280 -42.000046 22 0 6 172.09451 0.025682235
281 -42.150047 22 0 6 172.61336 0.031117016
282 -42.30005 22 0 6 173.22371 0.031117016
283 -42.45005 22 0 6 173.83406 0.031117016
284 -42.60005 22 0 6 174.44441 0.031117016
285 -42.750053 22 0 6 175.05476 0.031117016
286 -42.900055 22 0 6 175.66512 0.031117016
287 -43.050056 22 0 6 176.27547 0.031117016
288 -43.200058 22 0 6 176.88582 0.031117016
289 -43.35006 22 0 7 177.49617 0.031108856
290 -43.50006 22 0 7 178.10652 0.031108856
291 -43.650063 22 0 7 178.71687 0.031108856
292 -43.800064 22 0 7 179.32722 0.031108856
293 -43.950066 22 0 7 179.93758 0.031108856
294 -44.100067 22 0 7 180.54793 0.031108856
295 -44.25007 22 0 7 181.15828 0.031108856
296 -44.40007 22 0 7 181.76863 0.031108856
297 -44.55007 22 0 7 182.37898 0.031108856
298 -44.700073 22 0 7 182.98933 0.031108856
299 -44.850075 22 0 7 183.59969 0.031108856
300 -45.000076 22 0 7 184.21004 0.031108856
301 -45.150078 22 0 7 184.82039 0.031108856
302 -45.30008 22 0 7 185.43074 0.031108856
303 -45.45008 22 0 7 186.04109 0.031108856
304 -45.600082 22 0 7 186.65144 0.031108856
305 -45.750084 22 0 7 187.2618 0.031108856
306 -45.900085 22 0 7 187.8722 0.034785025
307 -46.050087 22 0 7 188.5741 0.034334633
308 -46.20009 22 0 7 189.24985 0.033845253
309 -46.35009 22 0 7 189.92123 0.033351712
310 -46.50009 22 0 7 190.59262 0.032837365
311 -46.650093 22 0 7 191.25546 0.032285262
312 -46.800095 22 0 7 191.89633 0.03173095
313 -46.950096 22 0 7 192.53719 0.031132938
314 -47.100098 22 0 7 193.14754 0.03054175
315 -47.2501 22 0 7 193.75789 0.029908912
316 -47.4001 22 0 7 194.3589 0.029278316
317 -47.550102 22 0 7 194.93874 0.028621068
318 -47.700104 22 0 7 195.51855 0.027926138
319 -47.850105 22 0 7 196.06787 0.027237713
320 -48.000107 22 0 7 196.61717 0.026525645
321 -48.15011 22 0 7 197.13597 0.025823282
322 -48.30011 22 0 7 197.65477 0.025095817
323 -48.45011 22 0 7 198.14435 0.031118413
324 -48.600113 22 0 7 198.7547 0.031124849
325 -48.750114 22 0 7 199.36505 0.031124849
326 -48.900116 22 0 7 199.9754 0.031124849
327 -49.050117 22 0 7 200.58575 0.031124849
328 -49.20012 22 0 7 201.1961 0.031124849
329 -49.35012 22 0 7 201.80646 0.031124849
330 -49.500122 22 0 7 202.41681 0.031095399
331 -49.650124 22 0 8 203.02716 0.031108856
332 -49.800125 22 0 8 203.63751 0.031108856
333 -49.950127 22 0 8 204.24786 0.031108856
334 -50.10013 22 0 8 204.85822 0.031108856
335 -50.25013 22 0 8 205.46857 0.031108856
336 -50.40013 22 0 8 206.07892 0.031108856
337 -50.550133 22 0 8 206.68927 0.031108856
338 -50.700134 22 0 8 207.29962 0.031108856
339 -50.850136 22 0 8 207.90997 0.031108856
340 -51.000137 22 0 8 208.52032 0.031108856
341 -51.15014 22 0 8 209.13068 0.031108856
342 -51.30014 22 0 8 209.74103 0.031108856
343 -51.45014 22 0 8 210.35138 0.031108856
344 -51.600143 22 0 8 210.96173 0.031108856
345 -51.750145 22 0 8 211.57208 0.031108856
346 -51.900146 22 0 8 212.18243 0.031108856
347 -52.050148 22 0 8 212.79279 0.031108856
348 -52.20015 22 0 8 213.40314 0.031108856
349 -52.35015 22 0 8 214.01349 0.031108856
350 -52.500153 22 0 8 214.62384 0.031108856
351 -52.650154 22 0 8 215.23419 0.031108856
352 -52.800156 22 0 8 215.84459 0.034785025
353 -52.950157 22 0 8 216.5465 0.034334633
354 -53.10016 22 0 8 217.22266 0.033870667
355 -53.25016 22 0 8 217.89404 0.033359703
356 -53.40016 22 0 8 218.56543 0.03285294
357 -53.550163 22 0 8 219.23582 0.032335408
358 -53.700165 22 0 8 219.8767 0.03178083
359 -53.850166 22 0 8 220.51755 0.0311896
360 -54.000168 22 0 8 221.1279 0.030597819
361 -54.15017 22 0 8 221.73825 0.029970856
362 -54.30017 22 0 8 222.34859 0.029345443
363 -54.450172 22 0 8 222.92842 0.028680872
364 -54.600174 22 0 8 223.50824 0.028026767
365 -54.750175 22 0 8 224.05756 0.027341986
366 -54.900177 22 0 8 224.60687 0.026627898
367 -55.05018 22 0 8 225.13414 0.025927596
368 -55.20018 22 0 8 225.65294 0.025238374
369 -55.35018 22 0 8 226.15659 0.031109627
370 -55.500183 22 0 8 226.76694 0.031115983
371 -55.650185 22 0 8 227.37729 0.031115983
372 -55.800186 22 0 8 227.98764 0.031115983
373 -55.950188 22 0 8 228.59799 0.03112235
374 -56.10019 22 0 8 229.20834 0.03112235
375 -56.25019 22 0 8 229.8187 0.03112235
376 -56.400192 22 0 8 230.42905 0.03112235
377 -56.550194 22 0 9 231.0394 0.031108856
378 -56.700195 22 0 9 231.64975 0.031108856
379 -56.850197 22 0 9 232.2601 0.031108856
380 -57.0002 22 0 9 232.87045 0.031108856
381 -57.1502 22 0 9 233.4808 0.031108856
382 -57.3002 22 0 9 234.09116 0.031108856
383 -57.450203 22 0 9 234.7015 0.031108856
384 -57.600204 22 0 9 235.31186 0.031108856
385 -57.750206 22 0 9 235.92221 0.031108856
386 -57.900208 22 0 9 236.53256 0.031108856
387 -58.05021 22 0 9 237.14291 0.031108856
388 -58.20021 22 0 9 237.75327 0.031108856
389 -58.350212 22 0 9 238.36362 0.031108856
390 -58.500214 22 0 9 238.97397 0.031108856
391 -58.650215 22 0 9 239.58437 0.034785025
392 -58.800217 22 0 9 240.28627 0.03431749
393 -58.95022 22 0 9 240.96165 0.033828024
394 -59.10022 22 0 9 241.63304 0.033343732
395 -59.25022 22 0 9 242.30443 0.032794755
396 -59.400223 22 0 9 242.95773 0.032270156
397 -59.550224 22 0 9 243.5986 0.031681083
398 -59.700226 22 0 9 244.23946 0.031083375
399 -59.850227 22 0 9 244.84981 0.03048573
400 -60.00023 22 0 9 245.46016 0.029853558
401 -60.15023 22 0 9 246.05003 0.029181438
402 -60.300232 22 0 9 246.62987 0.028519243
403 -60.450233 22 0 9 247.20969 0.027825681
404 -60.600235 22 0 9 247.759 0.027138785
405 -60.750237 22 0 9 248.3083 0.026423711
406 -60.900238 22 0 9 248.8271 0.025719462
407 -61.05024 22 0 9 249.34595 0.031117016
408 -61.20024 22 0 9 249.9563 0.031117016
409 -61.350243 22 0 9 250.56665 0.031110931
410 -61.500244 22 0 9 251.177 0.031110931
411 -61.650246 22 0 9 251.78735 0.031110931
412 -61.800247 22 0 9 252.3977 0.031110931
413 -61.95025 22 0 9 253.00806 0.031110931
414 -62.10025 22 0 9 253.61841 0.031110931
415 -62.25025 22 0 9 254.22876 0.031110931
416 -62.400253 22 0 10 254.83911 0.031108856
417 -62.550255 22 0 10 255.44946 0.031108856
418 -62.700256 22 0 10 256.0598 0.031108856
419 -62.850258 22 0 10 256.67017 0.031108856
420 -63.00026 22 0 10 257.28052 0.031108856
421 -63.15026 22 0 10 257.89087 0.031108856
422 -63.300262 22 0 10 258.50122 0.031108856
423 -63.450264 22 0 10 259.11157 0.031108856
424 -63.600266 22 0 10 259.72192 0.031108856
425 -63.750267 22 0 10 260.33228 0.031108856
426 -63.90027 22 0 10 260.94263 0.031108856
427 -64.05027 22 0 10 261.55298 0.031108856
428 -64.20027 22 0 10 262.16333 0.031108856
429 -64.35027 22 0 10 262.77368 0.031108856
430 -64.500275 22 0 10 263.38403 0.031108856
431 -64.650276 22 0 10 263.9944 0.031108856
432 -64.80028 22 0 10 264.60474 0.031108856
433 -64.95028 22 0 10 265.2151 0.031108856
434 -65.10028 22 0 10 265.82544 0.031108856
435 -65.25028 22 0 10 266.43582 0.034785025
436 -65.40028 22 0 10 267.1072 0.034334633
437 -65.550285 22 0 10 267.7786 0.03385344
438 -65.70029 22 0 10 268.44998 0.033359703
439 -65.85029 22 0 10 269.12137 0.032845147
440 -66.00029 22 0 10 269.79276 0.032327842
441 -66.15029 22 0 10 270.4641 0.03173828
442 -66.30029 22 0 10 271.07446 0.031182515
443 -66.450294 22 0 10 271.6848 0.030591002
444 -66.600296 22 0 10 272.29517 0.029964318
445 -66.7503 22 0 10 272.90552 0.029332994
446 -66.9003 22 0 10 273.48422 0.028674979
447 -67.0503 22 0 10 274.03354 0.027984725
448 -67.2003 22 0 10 274.58286 0.027300103
449 -67.3503 22 0 10 275.13217 0.02662315
450 -67.500305 22 0 10 275.68146 0.02591898
451 -67.65031 22 0 10 276.16974 0.025193332
452 -67.80031 22 0 10 276.65808 0.03112235
453 -67.95031 22 0 10 277.26843 0.03112235
454 -68.10031 22 0 10 277.87878 0.03112235
455 -68.25031 22 0 10 278.48914 0.03112235
456 -68.400314 22 0 10 279.0995 0.03112235
457 -68.550316 22 0 10 279.70984 0.03112235
458 -68.70032 22 0 10 280.3202 0.03112235
459 -68.85032 22 0 10 280.93054 0.03112235
460 -69.00032 22 0 11 281.5409 0.031108856
461 -69.15032 22 0 11 282.15125 0.031108856
462 -69.30032 22 0 11 282.7616 0.031108856
463 -69.450325 22 0 11 283.37195 0.031108856
464 -69.60033 22 0 11 283.9823 0.031108856
465 -69.75033 22 0 11 284.59265 0.031108856
466 -69.90033 22 0 11 285.203 0.031108856
467 -70.05033 22 0 11 285.81335 0.031108856
468 -70.20033 22 0 11 286.4237 0.031108856
469 -70.350334 22 0 11 287.03406 0.031108856
470 -70.500336 22 0 11 287.6444 0.031108856
471 -70.65034 22 0 11 288.25476 0.031108856
472 -70.80034 22 0 11 288.8651 0.031108856
473 -70.95034 22 0 11 289.47546 0.031108856
474 -71.10034 22 0 11 290.08582 0.031108856
475 -71.25034 22 0 11 290.69617 0.031108856
476 -71.400345 22 0 11 291.30652 0.031108856
477 -71.55035 22 0 11 291.91687 0.031108856
478 -71.70035 22 0 11 292.52722 0.031108856
479 -71.85035 22 0 11 293.13757 0.031108856
480 -72.00035 22 0 11 293.74796 0.034785025
481 -72.15035 22 0 11 294.41934 0.034334633
482 -72.300354 22 0 11 295.09073 0.033845253
483 -72.450356 22 0 11 295.76212 0.033351712
484 -72.60036 22 0 11 296.4335 0.032837365
485 -72.75036 22 0 11 297.1049 0.032285262
486 -72.90036 22 0 11 297.77625 0.03173095
487 -73.05036 22 0 11 298.3866 0.031132938
488 -73.20036 22 0 11 298.99695 0.03054175
489 -73.350365 22 0 11 299.6073 0.029908912
490 -73.50037 22 0 11 300.21765 0.029278316
491 -73.65037 22 0 11 300.79086 0.028621068
492 -73.80037 22 0 11 301.34018 0.027926138
493 -73.95037 22 0 11 301.8895 0.027237713
494 -74.10037 22 0 11 302.4388 0.026525645
495 -74.250374 22 0 11 302.9881 0.025823282
496 -74.400375 22 0 11 303.47638 0.025095817
497 -74.55038 22 0 11 303.96472 0.031118413
498 -74.70038 22 0 11 304.57507 0.031118413
499 -74.85038 22 0 11 305.18542 0.031124849
500 -75.00038 22 0 11 305.79578 0.031124849
501 -75.15038 22 0 11 306.40613 0.031124849
502 -75.300385 22 0 11 307.01648 0.031124849
503 -75.450386 22 0 11 307.62683 0.031124849
504 -75.60039 22 0 11 308.23718 0.031131295
505 -75.75039 22 0 12 308.84753 0.031108856
506 -75.90039 22 0 12 309.4579 0.031108856
507 -76.05039 22 0 12 310.06824 0.031108856
508 -76.20039 22 0 12 310.6786 0.031108856
509 -76.350395 22 0 12 311.28894 0.031108856
510 -76.5004 22 0 12 311.8993 0.031108856
511 -76.6504 22 0 12 312.50964 0.031108856
512 -76.8004 22 0 12 313.12 0.031108856
513 -76.9504 22 0 12 313.73035 0.031108856
514 -77.1004 22 0 12 314.3407 0.031108856
515 -77.250404 22 0 12 314.95105 0.031108856
516 -77.400406 22 0 12 315.5614 0.031108856
517 -77.55041 22 0 12 316.17175 0.031108856
518 -77.70041 22 0 12 316.7821 0.031108856
519 -77.85041 22 0 12 317.39246 0.031108856
520 -78.00041 22 0 12 318.0028 0.031108856
521 -78.15041 22 0 12 318.61316 0.031108856
522 -78.300415 22 0 12 319.22354 0.034785025
523 -78.45042 22 0 12 319.89493 0.03430913
524 -78.60042 22 0 12 320.5663 0.033819843
525 -78.75042 22 0 12 321.2377 0.033343732
526 -78.90042 22 0 12 321.9091 0.032786984
527 -79.05042 22 0 12 322.58047 0.032235123
528 -79.200424 22 0 12 323.24985 0.031673774
529 -79.350426 22 0 12 323.8602 0.031076323
530 -79.50043 22 0 12 324.47055 0.03047896
531 -79.65043 22 0 12 325.0809 0.029840613
532 -79.80043 22 0 12 325.69125 0.029175283
533 -79.95043 22 0 12 326.2543 0.028507633
534 -80.10043 22 0 12 326.80362 0.0278148
535 -80.250435 22 0 12 327.35294 0.027091905
536 -80.40044 22 0 12 327.90225 0.026377466
537 -80.55044 22 0 12 328.45154 0.025673931
538 -80.70044 22 0 12 328.93988 0.031093089
539 -80.85044 22 0 12 329.55023 0.031093089
540 -81.00044 22 0 12 330.16058 0.031093089
541 -81.150444 22 0 12 330.77094 0.031093089
542 -81.300446 22 0 12 331.3813 0.031093089
543 -81.45045 22 0 12 331.99164 0.031099211
544 -81.60045 22 0 12 332.602 0.031099211
545 -81.75045 22 0 12 333.21234 0.031099211
546 -81.90045 22 0 13 333.8227 0.031108856
547 -82.05045 22 0 13 334.43304 0.031108856
548 -82.200455 22 0 13 335.0434 0.031108856
549 -82.35046 22 0 13 335.65375 0.031108856
550 -82.50046 22 0 13 336.2641 0.031108856
551 -82.65046 22 0 13 336.87445 0.031108856
552 -82.80046 22 0 13 337.4848 0.031108856
553 -82.95046 22 0 13 338.09515 0.031108856
554 -83.100464 22 0 13 338.7055 0.031108856
555 -83.250465 22 0 13 339.31586 0.031108856
556 -83.40047 22 0 13 339.9262 0.031108856
557 -83.55047 22 0 13 340.53656 0.031108856
558 -83.70047 22 0 13 341.1469 0.031108856
559 -83.85047 22 0 13 341.75726 0.031108856
560 -84.00047 22 0 13 342.3676 0.031108856
561 -84.150475 22 0 13 342.97797 0.031108856
562 -84.300476 22 0 13 343.58832 0.031108856
563 -84.45048 22 0 13 344.1987 0.034785025
564 -84.60048 22 0 13 344.8701 0.034334633
565 -84.75048 22 0 13 345.54147 0.033845253
566 -84.90048 22 0 13 346.21286 0.033351712
567 -85.05048 22 0 13 346.88425 0.032837365
568 -85.200485 22 0 13 347.55563 0.032285262
569 -85.35049 22 0 13 348.227 0.03172363
570 -85.50049 22 0 13 348.83734 0.031132938
571 -85.65049 22 0 13 349.4477 0.030534955
572 -85.80049 22 0 13 350.05804 0.02990241
573 -85.95049 22 0 13 350.6684 0.029236045
574 -86.100494 22 0 13 351.2397 0.028573055
575 -86.250496 22 0 13 351.789 0.027920645
576 -86.4005 22 0 13 352.33832 0.027195856
577 -86.5505 22 0 13 352.88763 0.02651629
578 -86.7005 22 0 13 353.43692 0.025777623
579 -86.8505 22 0 13 353.92526 0.03112288
580 -87.0005 22 0 13 354.53555 0.025092067
581 -87.150505 22 0 13 355.0239 0.031108335
582 -87.30051 22 0 13 355.63425 0.031108335
583 -87.45051 22 0 13 356.2446 0.031114819
584 -87.60051 22 0 13 356.85495 0.031114819
585 -87.75051 22 0 13 357.4653 0.031114819
586 -87.90051 22 0 13 358.07565 0.031114819
587 -88.050514 22 0 13 358.686 0.031114819
588 -88.200516 22 0 14 359.29636 0.031108856
589 -88.35052 22 0 14 359.9067 0.031108856
590 -88.50052 22 0 14 360.51706 0.031108856
591 -88.65052 22 0 14 361.1274 0.031108856
592 -88.80052 22 0 14 361.73776 0.031108856
593 -88.95052 22 0 14 362.3481 0.031108856
594 -89.100525 22 0 14 362.95847 0.031108856
595 -89.25053 22 0 14 363.56882 0.031108856
596 -89.40053 22 0 14 364.17917 0.031108856
597 -89.55053 22 0 14 364.78952 0.031108856
598 -89.70053 22 0 14 365.39987 0.031108856
599 -89.85053 22 0 14 366.01022 0.031108856
600 -90.000534 22 0 14 366.62057 0.031108856
601 -90.150536 22 0 14 367.23093 0.031108856
602 -90.30054 22 0 14 367.84128 0.031108856
603 -90.45054 22 0 14 368.45163 0.031108856
604 -90.60054 22 0 14 369.06198 0.031108856
605 -90.75054 22 0 14 369.67233 0.031108856
606 -90.90054 22 0 14 370.28268 0.031108856
607 -91.050545 22 0 14 370.89304 0.031108856
608 -91.20055 22 0 14 371.50342 0.034785025
609 -91.35055 22 0 14 372.1748 0.03431749
610 -91.50055 22 0 14 372.8462 0.033828024
611 -91.65055 22 0 14 373.51758 0.033343732
612 -91.80055 22 0 14 374.18896 0.032794755
613 -91.950554 22 0 14 374.86035 0.032270156
614 -92.100555 22 0 14 375.5317 0.031681083
615 -92.25056 22 0 14 376.14206 0.031083375
616 -92.40056 22 0 14 376.7524 0.03048573
617 -92.55056 22 0 14 377.36276 0.029853558
618 -92.70056 22 0 14 377.9731 0.029181438
619 -92.85056 22 0 14 378.539 0.028519243
620 -93.000565 22 0 14 379.08832 0.027825681
621 -93.150566 22 0 14 379.63763 0.027138785
622 -93.30057 22 0 14 380.18695 0.026423711
623 -93.45057 22 0 14 380.73624 0.025719462
624 -93.60057 22 0 14 381.22458 0.031117016
625 -93.75057 22 0 14 381.83493 0.031117016
626 -93.90057 22 0 14 382.44528 0.031117016
627 -94.050575 22 0 14 383.05563 0.031110931
628 -94.20058 22 0 14 383.666 0.031110931
629 -94.35058 22 0 14 384.27634 0.031110931
630 -94.50058 22 0 14 384.8867 0.031110931
631 -94.65058 22 0 14 385.49704 0.031110931
632 -94.80058 22 0 14 386.1074 0.031110931
633 -94.950584 22 0 15 386.71774 0.031108856
634 -95.100586 22 0 15 387.3281 0.031108856
635 -95.25059 22 0 15 387.93845 0.031108856
636 -95.40059 22 0 15 388.5488 0.031108856
637 -95.55059 22 0 15 389.15915 0.031108856
638 -95.70059 22 0 15 389.7695 0.031108856
639 -95.85059 22 0 15 390.37985 0.031108856
640 -96.000595 22 0 15 390.9902 0.031108856
641 -96.1506 22 0 15 391.60056 0.031108856
642 -96.3006 22 0 15 392.2109 0.031108856
643 -96.4506 22 0 15 392.82126 0.031108856
644 -96.6006 22 0 15 393.43164 0.034785025
645 -96.7506 22 0 15 394.10303 0.034334633
646 -96.900604 22 0 15 394.7744 0.03385344
647 -97.050606 22 0 15 395.4458 0.033359703
648 -97.20061 22 0 15 396.1172 0.032845147
649 -97.35061 22 0 15 396.78857 0.032292824
650 -97.50061 22 0 15 397.45993 0.03173828
651 -97.65061 22 0 15 398.07028 0.031182515
652 -97.80061 22 0 15 398.68063 0.030555373
653 -97.950615 22 0 15 399.291 0.029957792
654 -98.10062 22 0 15 399.90134 0.02929693
655 -98.25062 22 0 15 400.4791 0.028632808
656 -98.40062 22 0 15 401.0284 0.027979193
657 -98.55062 22 0 15 401.57773 0.027294952
658 -98.70062 22 0 15 402.12704 0.026581462
659 -98.850624 22 0 15 402.67633 0.025877519
660 -99.000626 22 0 15 403.1646 0.025189511
661 -99.15063 22 0 15 403.65295 0.03109278
662 -99.30063 22 0 15 404.2633 0.03109278
663 -99.45063 22 0 15 404.87366 0.031128723
664 -99.60063 22 0 15 405.484 0.031128723
665 -99.75063 22 0 15 406.09436 0.03112235
666 -99.900635 22 0 15 406.7047 0.03112235
667 -100.05064 22 0 15 407.31506 0.03112235
668 -100.20064 22 0 15 407.9254 0.03112235
669 -100.35064 22 0 16 408.53577 0.031108856
670 -100.50064 22 0 16 409.14612 0.031108856
671 -100.65064 22 0 16 409.75647 0.031108856
672 -100.800644 22 0 16 410.36682 0.031108856
673 -100.950645 22 0 16 410.97717 0.031108856
674 -101.10065 22 0 16 411.58752 0.031108856
675 -101.25065 22 0 16 412.19788 0.031108856
676 -101.40065 22 0 16 412.80823 0.031108856
677 -101.55065 22 0 16 413.41858 0.031108856
678 -101.70065 22 0 16 414.02893 0.031108856
679 -101.850655 22 0 16 414.63928 0.031108856
680 -102.000656 22 0 16 415.24963 0.031108856
681 -102.15066 22 0 16 415.86 0.031108856
682 -102.30066 22 0 16 416.47037 0.034785025
683 -102.45066 22 0 16 417.14175 0.034334633
684 -102.60066 22 0 16 417.81314 0.033870667
685 -102.75066 22 0 16 418.48453 0.0333677
686 -102.900665 22 0 16 419.1559 0.03285294
687 -103.05067 22 0 16 419.8273 0.032342985
688 -103.20067 22 0 16 420.49866 0.03178817
689 -103.35067 22 0 16 421.109 0.031196697
690 -103.50067 22 0 16 421.71936 0.03060465
691 -103.65067 22 0 16 422.3297 0.030019784
692 -103.800674 22 0 16 422.94006 0.029393975
693 -103.950676 22 0 16 423.53702 0.028734878
694 -104.10068 22 0 16 424.08633 0.028079929
695 -104.25068 22 0 16 424.63565 0.027394233
696 -104.40068 22 0 16 425.18497 0.026679143
697 -104.55068 22 0 16 425.73425 0.026014898
698 -104.70068 22 0 16 426.22253 0.025287328
699 -104.850685 22 0 16 426.71088 0.03112662
700 -105.00069 22 0 16 427.32123 0.03112662
701 -105.15069 22 0 16 427.93158 0.031090625
702 -105.30069 22 0 16 428.54193 0.031090625
703 -105.45069 22 0 16 429.15228 0.031096948
704 -105.60069 22 0 16 429.76263 0.031096948
705 -105.750694 22 0 16 430.373 0.031096948
706 -105.900696 22 0 16 430.98334 0.031096948
707 -106.0507 22 0 16 431.5937 0.031096948
708 -106.2007 22 0 17 432.20404 0.031108856
709 -106.3507 22 0 17 432.8144 0.031108856
710 -106.5007 22 0 17 433.42474 0.031108856
711 -106.6507 22 0 17 434.0351 0.031108856
712 -106.800705 22 0 17 434.64545 0.031108856
713 -106.95071 22 0 17 435.2558 0.031108856
714 -107.10071 22 0 17 435.86615 0.031108856
715 -107.25071 22 0 17 436.4765 0.031108856
716 -107.40071 22 0 17 437.08685 0.031108856
717 -107.55071 22 0 17 437.6972 0.031108856
718 -107.700714 22 0 17 438.30756 0.031108856
719 -107.850716 22 0 17 438.9179 0.031108856
720 -108.00072 22 0 17 439.52826 0.031108856
721 -108.15072 22 0 17 440.1386 0.031108856
722 -108.30072 22 0 17 440.74896 0.031108856
723 -108.45072 22 0 17 441.3593 0.031108856
724 -108.60072 22 0 17 441.96967 0.031108856
725 -108.750725 22 0 17 442.58002 0.031108856
726 -108.90073 22 0 17 443.19037 0.031108856
727 -109.05073 22 0 17 443.80075 0.034785025
728 -109.20073 22 0 17 444.47214 0.034334633
729 -109.35073 22 0 17 445.14352 0.03385344
730 -109.50073 22 0 17 445.8149 0.033359703
731 -109.650734 22 0 17 446.4863 0.032845147
732 -109.800735 22 0 17 447.15768 0.032327842
733 -109.95074 22 0 17 447.82904 0.03173828
734 -110.10074 22 0 17 448.4394 0.031182515
735 -110.25074 22 0 17 449.04974 0.030591002
736 -110.40074 22 0 17 449.6601 0.029964318
737 -110.55074 22 0 17 450.27045 0.029332994
738 -110.700745 22 0 17 450.8494 0.028674979
739 -110.850746 22 0 17 451.3987 0.027984725
740 -111.00075 22 0 17 451.94803 0.027300103
741 -111.15075 22 0 17 452.49734 0.02662315
742 -111.30075 22 0 17 453.04663 0.02591898
743 -111.45075 22 0 17 453.5349 0.025193332
744 -111.60075 22 0 17 454.02325 0.03112235
745 -111.750755 22 0 17 454.6336 0.03112235
746 -111.90076 22 0 17 455.24396 0.03112235
747 -112.05076 22 0 17 455.8543 0.03112235
748 -112.20076 22 0 17 456.46466 0.03112235
749 -112.35076 22 0 17 457.075 0.03112235
750 -112.50076 22 0 17 457.68536 0.03112235
751 -112.650764 22 0 17 458.29572 0.03112235
752 -112.800766 22 0 18 458.90607 0.031108856
753 -112.95077 22 0 18 459.51642 0.031108856
754 -113.10077 22 0 18 460.12677 0.031108856
755 -113.25077 22 0 18 460.73712 0.031108856
756 -113.40077 22 0 18 461.34747 0.031108856
757 -113.55077 22 0 18 461.95782 0.031108856
758 -113.700775 22 0 18 462.56818 0.031108856
759 -113.85078 22 0 18 463.17853 0.031108856
760 -114.00078 22 0 18 463.78888 0.031108856
761 -114.15078 22 0 18 464.39923 0.031108856
762 -114.30078 22 0 18 465.00958 0.031108856
763 -114.45078 22 0 18 465.61993 0.031108856
764 -114.600784 22 0 18 466.2303 0.031108856
765 -114.750786 22 0 18 466.84064 0.031108856
766 -114.90079 22 0 18 467.451 0.031108856
767 -115.05079 22 0 18 468.06134 0.031108856
768 -115.20079 22 0 18 468.6717 0.031108856
769 -115.35079 22 0 18 469.28204 0.031108856
770 -115.50079 22 0 18 469.8924 0.031108856
771 -115.650795 22 0 18 470.50275 0.031108856
772 -115.8008 22 0 18 471.1131 0.031108856
773 -115.9508 22 0 18 471.72345 0.031108856
774 -116.1008 22 0 18 472.33383 0.034785025
775 -116.2508 22 0 18 473.00522 0.03431749
776 -116.4008 22 0 18 473.6766 0.033819843
777 -116.550804 22 0 18 474.348 0.033343732
778 -116.700806 22 0 18 475.01938 0.032794755
779 -116.85081 22 0 18 475.69077 0.032270156
780 -117.00081 22 0 18 476.36212 0.031673774
781 -117.15081 22 0 18 476.97247 0.031076323
782 -117.30081 22 0 18 477.58282 0.03047896
783 -117.45081 22 0 18 478.19318 0.029847082
784 -117.600815 22 0 18 478.80353 0.029181438
785 -117.75082 22 0 18 479.3684 0.028519243
786 -117.90082 22 0 18 479.91772 0.027820235
787 -118.05082 22 0 18 480.46704 0.027133737
788 -118.20082 22 0 18 481.01636 0.026419092
789 -118.35082 22 0 18 481.56564 0.025678076
790 -118.500824 22 0 18 482.054 0.031123115
791 -118.650826 22 0 18 482.66434 0.031123115
792 -118.80083 22 0 18 483.2747 0.031117016
793 -118.95083 22 0 18 483.88504 0.031117016
794 -119.10083 22 0 18 484.4954 0.031117016
795 -119.25083 22 0 18 485.10574 0.031117016
796 -119.40083 22 0 18 485.7161 0.031117016
797 -119.550835 22 0 18 486.32645 0.031117016
798 -119.700836 22 0 19 486.9368 0.031108856
799 -119.85084 22 0 19 487.54715 0.031108856
800 -120.00084 22 0 19 488.1575 0.031108856
801 -120.15084 22 0 19 488.76785 0.031108856
802 -120.30084 22 0 19 489.3782 0.031108856
803 -120.45084 22 0 19 489.98856 0.031108856
804 -120.600845 22 0 19 490.5989 0.031108856
805 -120.75085 22 0 19 491.20926 0.031108856
806 -120.90085 22 0 19 491.8196 0.031108856
807 -121.05085 22 0 19 492.42996 0.031108856
808 -121.20085 22 0 19 493.0403 0.031108856
809 -121.35085 22 0 19 493.65067 0.031108856
810 -121.500854 22 0 19 494.26102 0.031108856
811 -121.650856 22 0 19 494.87137 0.031108856
812 -121.80086 22 0 19 495.48172 0.031108856
813 -121.95086 22 0 19 496.09207 0.031108856
814 -122.10086 22 0 19 496.70242 0.031108856
815 -122.25086 22 0 19 497.31277 0.031108856
816 -122.40086 22 0 19 497.92313 0.031108856
817 -122.550865 22 0 19 498.53348 0.031108856
818 -122.70087 22 0 19 499.14383 0.031108856
819 -122.85087 22 0 19 499.75418 0.031108856
820 -123.00087 22 0 19 500.36456 0.034785025
821 -123.15087 22 0 19 501.03595 0.034334633
822 -123.30087 22 0 19 501.70734 0.033845253
823 -123.450874 22 0 19 502.37872 0.033351712
824 -123.600876 22 0 19 503.0501 0.032837365
825 -123.75088 22 0 19 503.7215 0.032277703
826 -123.90088 22 0 19 504.39285 0.03172363
827 -124.05088 22 0 19 505.0032 0.031125873
828 -124.20088 22 0 19 505.61356 0.030492516
829 -124.35088 22 0 19 506.2239 0.029860048
830 -124.500885 22 0 19 506.83426 0.029229866
831 -124.65089 22 0 19 507.40347 0.02856722
832 -124.80089 22 0 19 507.9528 0.027873151
833 -124.95089 22 0 19 508.5021 0.027185688
834 -125.10089 22 0 19 509.05142 0.026474636
835 -125.25089 22 0 19 509.6007 0.025769211
836 -125.400894 22 0 19 510.08905 0.03109879
837 -125.550896 22 0 19 510.69934 0.025047198
838 -125.7009 22 0 19 511.18768 0.031121315
839 -125.8509 22 0 19 511.79803 0.031121315
840 -126.0009 22 0 19 512.4084 0.031121315
841 -126.1509 22 0 19 513.01874 0.031121315
842 -126.3009 22 0 19 513.6291 0.031114819
843 -126.450905 22 0 19 514.23944 0.031114819
844 -126.60091 22 0 19 514.8498 0.031114819
845 -126.75091 22 0 20 515.46014 0.031108856
846 -126.90091 22 0 20 516.0705 0.031108856
847 -127.05091 22 0 20 516.68085 0.031108856
848 -127.20091 22 0 20 517.2912 0.031108856
849 -127.350914 22 0 20 517.90155 0.031108856
850 -127.500916 22 0 20 518.5119 0.031108856
851 -127.65092 22 0 20 519.12225 0.031108856
852 -127.80092 22 0 20 519.7326 0.031108856
853 -127.95092 22 0 20 520.34296 0.031108856
854 -128.10092 22 0 20 520.9533 0.031108856
855 -128.25092 22 0 20 521.56366 0.031108856
856 -128.40091 22 0 20 522.174 0.031108856
857 -128.5509 22 0 20 522.78436 0.031108856
858 -128.7009 22 0 20 523.3947 0.031108856
859 -128.85089 22 0 20 524.00507 0.031108856
860 -129.00089 22 0 20 524.6154 0.031108856
861 -129.15088 22 0 20 525.22577 0.031108856
862 -129.30087 22 0 20 525.8361 0.031108856
863 -129.45087 22 0 20 526.4465 0.031108856
864 -129.60086 22 0 20 527.0568 0.031108856
865 -129.75085 22 0 20 527.6672 0.031108856
866 -129.90085 22 0 20 528.2776 0.034785025
867 -130.05084 22 0 20 529.01 0.034334633
868 -130.20084 22 0 20 529.74243 0.033845253
869 -130.35083 22 0 20 530.4677 0.033359703
870 -130.50082 22 0 20 531.07806 0.032845147
871 -130.65082 22 0 20 531.6884 0.032292824
872 -130.80081 22 0 20 532.29877 0.03173828
873 -130.9508 22 0 20 532.9091 0.031182515
874 -131.1008 22 0 20 533.5195 0.030548556
875 -131.2508 22 0 20 534.1298 0.029957792
876 -131.40079 22 0 20 534.7402 0.029290713
877 -131.55078 22 0 20 535.3505 0.028632808
878 -131.70078 22 0 20 535.9609 0.027979193
879 -131.85077 22 0 20 536.57117 0.027289813
880 -132.00076 22 0 20 537.05945 0.026576731
881 -132.15076 22 0 20 537.5477 0.025877519
882 -132.30075 22 0 20 538.036 0.025185708
883 -132.45074 22 0 20 538.52435 0.031099172
884 -132.60074 22 0 20 539.1347 0.031099172
885 -132.75073 22 0 20 539.74506 0.031099172
886 -132.90073 22 0 20 540.3554 0.03109278
887 -133.05072 22 0 20 540.96576 0.03109278
888 -133.20071 22 0 20 541.5761 0.03109278
889 -133.35071 22 0 20 542.18646 0.031128723
890 -133.5007 22 0 20 542.7968 0.031128723
891 -133.6507 22 0 21 543.40717 0.031108856
892 -133.80069 22 0 21 544.0175 0.031108856
893 -133.95068 22 0 21 544.62787 0.031108856
894 -134.10068 22 0 21 545.2382 0.031108856
895 -134.25067 22 0 21 545.8486 0.031108856
896 -134.40067 22 0 21 546.4589 0.031108856
897 -134.55066 22 0 21 547.0693 0.031108856
898 -134.70065 22 0 21 547.6796 0.031108856
899 -134.85065 22 0 21 548.29 0.031108856
900 -135.00064 22 0 21 548.9003 0.031108856
901 -135.15063 22 0 21 549.5107 0.031108856
902 -135.30063 22 0 21 550.12103 0.031108856
903 -135.45062 22 0 21 550.7314 0.031108856
904 -135.60062 22 0 21 551.34174 0.031108856
905 -135.75061 22 0 21 551.9521 0.031108856
906 -135.9006 22 0 21 552.5625 0.034785025
907 -136.0506 22 0 21 553.2949 0.034334633
908 -136.20059 22 0 21 554.02734 0.033845253
909 -136.35059 22 0 21 554.7517 0.033359703
910 -136.50058 22 0 21 555.36206 0.032845147
911 -136.65057 22 0 21 555.9724 0.032292824
912 -136.80057 22 0 21 556.58276 0.03173095
913 -136.95056 22 0 21 557.1931 0.03114001
914 -137.10056 22 0 21 557.80347 0.030548556
915 -137.25055 22 0 21 558.4138 0.029915424
916 -137.40054 22 0 21 559.0242 0.029290713
917 -137.55054 22 0 21 559.6345 0.028626932
918 -137.70053 22 0 21 560.2449 0.027968165
919 -137.85052 22 0 21 560.85516 0.027247941
920 -138.00052 22 0 21 561.34344 0.026572015
921 -138.15051 22 0 21 561.8317 0.025868969
922 -138.3005 22 0 21 562.32 0.025144527
923 -138.4505 22 0 21 562.80835 0.031105576
924 -138.6005 22 0 21 563.4187 0.031105576
925 -138.75049 22 0 21 564.02905 0.031105576
926 -138.90048 22 0 21 564.6394 0.031105576
927 -139.05048 22 0 21 565.24976 0.031105576
928 -139.20047 22 0 21 565.8601 0.031105576
929 -139.35046 22 0 21 566.47046 0.031105576
930 -139.50046 22 0 21 567.0808 0.031105576
931 -139.65045 22 0 22 567.69116 0.031108856
932 -139.80045 22 0 22 568.3015 0.031108856
933 -139.95044 22 0 22 568.91187 0.031108856
934 -140.10043 22 0 22 569.5222 0.031108856
935 -140.25043 22 0 22 570.13257 0.031108856
936 -140.40042 22 0 22 570.7429 0.031108856
937 -140.55042 22 0 22 571.3533 0.031108856
938 -140.70041 22 0 22 571.9636 0.031108856
939 -140.8504 22 0 22 572.574 0.031108856
940 -141.0004 22 0 22 573.1843 0.031108856
941 -141.15039 22 0 22 573.7947 0.031108856
942 -141.30038 22 0 22 574.405 0.031108856
943 -141.45038 22 0 22 575.0154 0.031108856
944 -141.60037 22 0 22 575.62573 0.031108856
945 -141.75037 22 0 22 576.2361 0.031108856
946 -141.90036 22 0 22 576.84644 0.031108856
947 -142.05035 22 0 22 577.4568 0.031108856
948 -142.20035 22 0 22 578.0672 0.034785025
949 -142.35034 22 0 22 578.7996 0.03431749
950 -142.50034 22 0 22 579.53204 0.033819843
951 -142.65033 22 0 22 580.251 0.033343732
952 -142.80032 22 0 22 580.8613 0.032794755
953 -142.95032 22 0 22 581.4717 0.032270156
954 -143.10031 22 0 22 582.08203 0.031673774
955 -143.2503 22 0 22 582.6924 0.031083375
956 -143.4003 22 0 22 583.30273 0.03047896
957 -143.5503 22 0 22 583.9131 0.029847082
958 -143.70029 22 0 22 584.52344 0.029181438
959 -143.85028 22 0 22 585.1338 0.028519243
960 -144.00027 22 0 22 585.74414 0.027820235
961 -144.15027 22 0 22 586.348 0.027133737
962 -144.30026 22 0 22 586.8363 0.026419092
963 -144.45026 22 0 22 587.3246 0.025682235
964 -144.60025 22 0 22 587.8129 0.031117016
965 -144.75024 22 0 22 588.4233 0.031117016
966 -144.90024 22 0 22 589.0336 0.031117016
967 -145.05023 22 0 22 589.644 0.031117016
968 -145.20023 22 0 22 590.25433 0.031117016
969 -145.35022 22 0 22 590.8647 0.031117016
970 -145.50021 22 0 22 591.47504 0.031117016
971 -145.6502 22 0 22 592.0854 0.031117016
972 -145.8002 22 0 23 592.69574 0.031108856
973 -145.9502 22 0 23 593.3061 0.031108856
974 -146.10019 22 0 23 593.91644 0.031108856
975 -146.25018 22 0 23 594.5268 0.031108856
976 -146.40018 22 0 23 595.13715 0.031108856
977 -146.55017 22 0 23 595.7475 0.031108856
978 -146.70016 22 0 23 596.35785 0.031108856
979 -146.85016 22 0 23 596.9682 0.031108856
980 -147.00015 22 0 23 597.57855 0.031108856
981 -147.15015 22 0 23 598.1889 0.031108856
982 -147.30014 22 0 23 598.79926 0.031108856
983 -147.45013 22 0 23 599.4096 0.031108856
984 -147.60013 22 0 23 600.01996 0.031108856
985 -147.75012 22 0 23 600.6303 0.031108856
986 -147.90012 22 0 23 601.24066 0.031108856
987 -148.05011 22 0 23 601.851 0.031108856
988 -148.2001 22 0 23 602.46136 0.031108856
989 -148.3501 22 0 23 603.0718 0.034785025
990 -148.50009 22 0 23 603.8042 0.034334633
991 -148.65009 22 0 23 604.5366 0.033845253
992 -148.80008 22 0 23 605.2599 0.033351712
993 -148.95007 22 0 23 605.87024 0.032837365
994 -149.10007 22 0 23 606.4806 0.032285262
995 -149.25006 22 0 23 607.09094 0.03173095
996 -149.40005 22 0 23 607.7013 0.031132938
997 -149.55005 22 0 23 608.31165 0.03054175
998 -149.70004 22 0 23 608.922 0.029908912
999 -149.85004 22 0 23 609.53235 0.029278316
1000 -150.00003 22 0 23 610.1427 0.028621068
1001 -150.15002 22 0 23 610.75305 0.027926138

----QMATRIX: [Sensed Threat] > ACTION == UTILITY------
[0.0,1.0,0.0,0.0,0.0,0.0,0.0,0.0] > ACTION_RIGHT == -9.956959E-8
[0.0,0.0,0.0,0.0,0.0,1.0,0.0,0.0] > ACTION_BACK == -0.0073082806
[0.0,0.0,1.0,0.0,0.0,0.0,0.0,0.0] > ACTION_NONE == -0.09000014
[1.0,0.0,0.0,0.0,0.0,0.0,0.0,0.0] > ACTION_BACK == -5.6747695E-7
[0.0,0.0,0.0,0.0,1.0,0.0,0.0,0.0] > ACTION_RIGHT == -6.4304354E-6
[0.0,0.0,0.0,0.0,0.0,0.0,0.0,0.0] > ACTION_RIGHT == -1.4040222E-6
[0.0,0.0,0.0,1.0,0.0,0.0,0.0,0.0] > ACTION_BACK == -0.006461197
[0.0,0.0,1.0,0.0,0.0,0.0,0.0,0.0] > ACTION_BACK == -4.11288E-8
[0.0,0.0,0.0,0.0,0.0,0.0,1.0,0.0] > ACTION_RIGHT == -0.0088209
[0.0,0.0,0.0,1.0,1.0,0.0,0.0,0.0] > ACTION_RIGHT == -4.2506257E-10
[0.0,0.0,0.0,0.0,0.0,0.0,0.0,1.0] > ACTION_BACK == -6.5609997E-6
[0.0,0.0,0.0,0.0,0.0,0.0,0.0,0.0] > ACTION_BACK == -1.5262998E-6
[0.0,0.0,0.0,0.0,0.0,0.0,0.0,0.0] > ACTION_NONE == -5.380504E-7
[0.0,0.0,0.0,0.0,0.0,1.0,0.0,0.0] > ACTION_RIGHT == -0.0013776151
[0.0,0.0,0.0,0.0,0.0,1.0,0.0,0.0] > ACTION_NONE == -0.090692215
[0.0,1.0,0.0,0.0,0.0,0.0,0.0,0.0] > ACTION_BACK == -0.0052337204
[0.0,0.0,0.0,0.0,1.0,0.0,0.0,0.0] > ACTION_BACK == -2.4684841E-5
[1.0,0.0,0.0,0.0,0.0,0.0,0.0,0.0] > ACTION_RIGHT == -2.4757554E-7
[0.0,0.0,0.0,1.0,0.0,0.0,0.0,0.0] > ACTION_RIGHT == -4.7229176E-9
[0.0,0.0,0.0,0.0,1.0,0.0,0.0,0.0] > ACTION_NONE == -6.618873E-5
[0.0,0.0,0.0,0.0,0.0,0.0,1.0,0.0] > ACTION_BACK == -0.13999908
[0.0,0.0,1.0,0.0,0.0,0.0,0.0,0.0] > ACTION_RIGHT == -2.3359881E-8
