-----Simulation Parameters-----
Iteration Length: 200
Iteration Qty: 1000.0
Learning Rate: 0.1
Discount Factor: 0.9
Decay: 0.15
Max View Distance: 10.0

-----SIMULATION STEPS------
Steps | Exploration Rate | QMatrix Size | Crashes | Victories | Distance Moved | Speed
1 99.85 0 0 0 0.62222946 0.031532735
2 99.7 0 0 0 1.2528617 0.046636283
3 99.549995 0 0 0 2.1855552 0.0466339
4 99.399994 0 0 0 3.1180966 0.0314588
5 99.24999 0 0 0 3.74672 0.046625424
6 99.09999 0 0 0 4.679259 0.03111142
7 98.94999 0 0 0 5.302008 0.03111142
8 98.79999 0 0 0 5.924603 0.015676389
9 98.64999 0 0 0 6.2385187 0.03139404
10 98.499985 0 0 0 6.865117 0.031107225
11 98.34998 0 0 0 7.4877124 0.015700286
12 98.19998 0 0 0 7.802581 0.03134674
13 98.04998 0 0 0 8.429105 0.0312697
14 97.89998 0 0 0 9.053447 0.015750553
15 97.74998 0 0 0 9.368468 0.04660443
16 97.599976 0 0 0 10.301006 0.0311107
17 97.449974 0 0 0 10.922957 0.046604786
18 97.29997 0 0 0 11.855495 0.031112874
19 97.14997 0 0 0 12.477291 0.031112874
20 96.99997 0 0 0 13.099088 0.031189634
21 96.84997 0 0 0 13.7225275 0.04658761
22 96.69997 0 0 0 14.65316 0.031116152
23 96.549965 0 0 0 15.276862 0.031075181
24 96.39996 0 0 0 15.898142 0.030984104
25 96.24996 0 0 0 16.518766 0.030897364
26 96.09996 0 0 0 17.135128 0.031118626
27 95.94996 0 0 0 17.760733 0.030808216
28 95.79996 0 0 0 18.375057 0.04650237
29 95.649956 0 0 0 19.305843 0.04650351
30 95.499954 0 0 0 20.23663 0.04648562
31 95.34995 0 0 0 21.167416 0.046467762
32 95.19995 0 0 0 22.098047 0.03110633
33 95.04995 0 0 0 22.719843 0.03110633
34 94.89995 0 0 0 23.341791 0.046468996
35 94.74995 0 0 0 24.26861 0.031117767
36 94.599945 0 0 0 24.8904 0.03050065
37 94.44994 0 0 0 25.500757 0.031108156
38 94.29994 0 0 0 26.122547 0.030367313
39 94.14994 0 0 0 26.73091 0.031103155
40 93.99994 0 0 0 27.352695 0.030230971
41 93.84994 0 0 0 27.955416 0.030076135
42 93.699936 0 0 0 28.554192 0.01672762
43 93.549934 0 0 0 28.888716 0.031120852
44 93.39993 0 0 0 29.510366 0.016625615
45 93.24993 0 0 0 29.841084 0.04631478
46 93.09993 0 0 0 30.76424 0.04628085
47 92.94993 0 0 0 31.687101 0.016749952
48 92.79993 0 0 0 32.01876 0.016618468
49 92.649925 0 0 0 32.346973 0.031125873
50 92.49992 0 0 0 32.967133 0.016979901
51 92.34992 0 0 0 33.302963 0.030534955
52 92.19992 0 0 0 33.91002 0.017365934
53 92.04992 0 0 0 34.25334 0.017153682
54 91.89992 0 0 0 34.59229 0.029707583
55 91.749916 0 0 0 35.17992 0.046043493
56 91.599915 0 0 0 36.096767 0.04594302
57 91.44991 0 0 0 37.012016 0.0179111
58 91.29991 0 0 0 37.367737 0.017503183
59 91.14991 0 0 0 37.71396 0.031124609
60 90.99991 0 0 2 38.337917 0.032228414
61 90.84991 1 1 2 38.981068 0.04666586
62 90.699905 1 1 2 39.911545 0.015560087
63 90.549904 1 1 2 40.22466 0.046663474
64 90.3999 1 1 2 41.155136 0.015560087
65 90.2499 1 1 2 41.468098 0.031110171
66 90.0999 1 1 2 42.093708 0.031110171
67 89.9499 1 1 2 42.719326 0.0322073
68 89.7999 1 1 2 43.36034 0.046668112
69 89.649895 1 1 2 44.291126 0.04666338
70 89.49989 1 1 2 45.22176 0.03110933
71 89.34989 1 1 2 45.847378 0.03215572
72 89.19989 1 1 2 46.488235 0.03110891
73 89.04989 1 1 2 47.114 0.0466633
74 88.89989 1 1 2 48.044632 0.03110891
75 88.749886 1 1 2 48.67025 0.03209986
76 88.599884 1 1 2 49.310955 0.015554721
77 88.44988 1 1 2 49.62407 0.0466633
78 88.29988 1 1 2 50.554855 0.0466633
79 88.14988 1 1 2 51.485523 0.034725346
80 87.99988 1 1 2 52.179916 0.0466636
81 87.84988 1 1 2 53.116997 0.031110968
82 87.699875 1 1 2 53.742615 0.03188866
83 87.54987 1 1 2 54.38348 0.031816363
84 87.39987 1 1 2 55.01656 0.0155765
85 87.24987 1 1 2 55.329548 0.034199335
86 87.09987 1 1 2 56.008564 0.033912476
87 86.94987 1 1 2 56.684383 0.03144158
88 86.799866 1 1 2 57.310146 0.046621233
89 86.649864 1 1 2 58.240623 0.015701557
90 86.49986 1 1 2 58.553738 0.046621233
91 86.34986 1 1 2 59.484524 0.04662153
92 86.19986 1 1 2 60.41531 0.046621844
93 86.04986 1 1 2 61.345943 0.031109096
94 85.89986 1 1 2 61.971554 0.031312816
95 85.749855 1 1 2 62.597008 0.015744178
96 85.59985 1 1 2 62.909813 0.015734782
97 85.44985 1 1 2 63.222775 0.031252876
98 85.29985 1 1 2 63.848385 0.031107845
99 85.14985 1 1 2 64.47384 0.015773578
100 84.99985 1 1 2 64.79427 0.015760286
101 84.849846 1 1 2 65.11501 0.046604786
102 84.699844 1 1 2 66.045494 0.015760286
103 84.54984 1 1 2 66.36608 0.03112022
104 84.39984 1 1 2 66.991844 0.046604786
105 84.24984 1 1 2 67.92263 0.04660515
106 84.09984 1 1 2 68.853264 0.031156393
107 83.94984 1 1 2 69.47903 0.046551563
108 83.799835 1 1 2 70.40966 0.031093674
109 83.64983 1 1 2 71.03542 0.046552453
110 83.49983 1 1 2 71.96621 0.04655385
111 83.34983 1 1 2 72.89686 0.03253939
112 83.19983 1 1 2 73.54241 0.031867586
113 83.04983 1 1 2 74.181046 0.030156823
114 82.899826 1 1 2 74.77601 0.016668884
115 82.749825 1 1 2 75.112 0.0463156
116 82.59982 1 1 2 76.042625 0.030787066
117 82.44982 1 1 4 76.65821 0.034463823
118 82.29982 1 1 4 77.344826 0.031111734
119 82.14982 2 1 4 77.97044 0.031791735
120 81.99982 2 1 4 78.611336 0.034173857
121 81.849815 2 1 4 79.29795 0.031633664
122 81.699814 2 1 4 79.92356 0.03111098
123 81.54981 2 1 4 80.54917 0.03157635
124 81.39981 2 1 4 81.174805 0.033765655
125 81.24981 2 1 4 81.84632 0.046629913
126 81.09981 2 1 4 82.776955 0.031397928
127 80.94981 2 1 4 83.402565 0.031115832
128 80.799805 2 1 4 84.02833 0.04662153
129 80.6498 2 1 4 84.95881 0.015700286
130 80.4998 2 1 4 85.27942 0.033435006
131 80.3498 2 1 4 85.950935 0.046604786
132 80.1998 2 1 4 86.88157 0.031202652
133 80.0498 2 1 4 87.50703 0.01578378
134 79.899796 2 1 4 87.82746 0.015776956
135 79.749794 2 1 4 88.14806 0.033101834
136 79.59979 2 1 4 88.80418 0.031035416
137 79.44979 2 1 4 89.429634 0.015879307
138 79.29979 2 1 4 89.75007 0.015863262
139 79.14979 2 1 4 90.07081 0.046561535
140 78.99979 2 1 4 91.00144 0.030980678
141 78.849785 2 1 4 91.62705 0.031102097
142 78.69978 2 1 4 92.252815 0.046554327
143 78.54978 2 1 4 93.183464 0.032564525
144 78.39978 2 1 4 93.83557 0.030723218
145 78.24978 2 1 4 94.44592 0.030639054
146 78.09978 3 2 4 95.05708 0.015562951
147 77.949776 4 2 4 95.36242 0.03111075
148 77.799774 4 2 4 95.98787 0.015562331
149 77.64977 5 2 4 96.29336 0.0466636
150 77.49977 6 2 4 97.22383 0.015562331
151 77.34977 6 2 4 97.529205 0.03508002
152 77.19977 6 2 4 98.231224 0.04666809
153 77.04977 7 2 4 99.161934 0.038890913
154 76.899765 8 2 4 99.94013 0.038890913
155 76.74976 8 2 4 100.71826 0.03201207
156 76.59976 9 2 4 101.359276 0.046663422
157 76.44976 10 2 4 102.28995 0.034990117
158 76.29976 10 2 4 102.99185 0.034776494
159 76.14976 11 2 4 103.689896 0.034546606
160 75.999756 12 2 4 104.37654 0.03430913
161 75.849754 12 2 4 105.06331 0.046655465
162 75.69975 12 2 4 105.99399 0.035488483
163 75.54975 12 2 4 106.69817 0.046664048
164 75.39975 12 2 4 107.62881 0.03111344
165 75.24975 12 2 4 108.25457 0.046664048
166 75.09975 12 2 4 109.18505 0.015566512
167 74.949745 13 2 4 109.50568 0.035264604
168 74.79974 13 2 4 110.20739 0.015568184
169 74.64974 13 2 4 110.528015 0.034990117
170 74.49974 13 2 4 111.230034 0.046672836
171 74.34974 13 2 4 112.160515 0.015564385
172 74.19974 13 2 4 112.48114 0.034708306
173 74.049736 13 2 4 113.17329 0.015556869
174 73.899734 13 2 4 113.494026 0.046654217
175 73.74973 13 2 4 114.42466 0.031111686
176 73.59973 14 2 4 115.05027 0.031111686
177 73.44973 14 2 4 115.67588 0.031111686
178 73.29973 14 2 4 116.30149 0.031111686
179 73.14973 14 2 4 116.9271 0.031111686
180 72.999725 15 2 4 117.55256 0.015557629
181 72.849724 15 2 4 117.87318 0.03441079
182 72.69972 15 2 4 118.55979 0.031119168
183 72.54972 15 2 4 119.18525 0.015592747
184 72.39972 15 2 4 119.50599 0.046655465
185 72.24972 15 2 4 120.436775 0.046655465
186 72.09972 15 2 4 121.36756 0.046655633
187 71.949715 16 2 4 122.29835 0.04665581
188 71.79971 16 2 4 123.22898 0.03163832
189 71.64971 16 2 4 123.854744 0.046638183
190 71.49971 16 2 4 124.78553 0.04663842
191 71.34971 16 2 4 125.71616 0.031114493
192 71.19971 17 2 4 126.34193 0.046619594
193 71.049706 17 2 4 127.27256 0.031116826
194 70.899704 17 2 4 127.89802 0.015644876
195 70.7497 17 2 4 128.20805 0.015635664
196 70.5997 17 2 4 128.51338 0.031112265
197 70.4497 18 2 4 129.12376 0.033728313
198 70.2997 18 2 4 129.79529 0.04658761
199 70.1497 18 2 4 130.74101 0.015822902
200 69.999695 18 2 4 131.04634 0.031111335
201 69.84969 18 2 4 131.65686 0.046587214
202 69.69969 18 2 4 132.60258 0.015822902
203 69.54969 18 2 4 132.90791 0.03111016
204 69.39969 18 2 6 133.51826 0.031111252
205 69.24969 18 2 6 134.12868 0.03624394
206 69.099686 19 2 6 134.86107 0.03345601
207 68.949684 19 2 6 135.53246 0.032870654
208 68.79968 20 2 6 136.20384 0.033359703
209 68.64968 21 2 6 136.87523 0.033155918
210 68.49968 21 2 6 137.54659 0.031111393
211 68.34968 21 2 6 138.1571 0.046578888
212 68.19968 21 2 6 139.10298 0.031109115
213 68.049675 21 2 6 139.71336 0.03304487
214 67.89967 22 2 6 140.38472 0.031111335
215 67.74967 22 2 6 140.9951 0.03298375
216 67.59967 22 2 6 141.66663 0.046595614
217 67.44967 22 2 6 142.61235 0.015763575
218 67.29967 23 2 6 142.91771 0.032926522
219 67.149666 23 2 6 143.58891 0.015735004
220 66.999664 23 2 6 143.89441 0.04661328
221 66.84966 23 2 6 144.84045 0.046604086
222 66.69966 24 2 6 145.78636 0.032880705
223 66.54966 25 2 6 146.45775 0.03336836
224 66.39966 25 2 6 147.12895 0.015770221
225 66.24966 26 2 6 147.43428 0.031104458
226 66.099655 26 2 6 148.0448 0.04660515
227 65.94965 26 2 6 148.99084 0.04658645
228 65.79965 26 2 6 149.93689 0.046586826
229 65.64965 26 2 6 150.88293 0.046587214
230 65.49965 26 2 6 151.82887 0.03648938
231 65.34965 27 2 6 152.56123 0.031112976
232 65.199646 27 2 6 153.17162 0.032840554
233 65.049644 27 2 6 153.83623 0.033477012
234 64.89964 27 2 6 154.50764 0.036366176
235 64.74964 28 2 6 155.24004 0.033477012
236 64.59964 28 2 6 155.91156 0.04658645
237 64.44964 28 2 6 156.8576 0.046586826
238 64.29964 29 2 6 157.80348 0.03111016
239 64.149635 30 2 6 158.41386 0.033035584
240 63.999634 30 2 6 159.08525 0.033182107
241 63.849632 31 2 6 159.7566 0.031106
242 63.69963 31 2 6 160.3668 0.015849195
243 63.54963 32 2 6 160.67213 0.031119887
244 63.399628 32 2 6 161.28265 0.04656977
245 63.249626 32 2 6 162.22853 0.031106
246 63.099625 33 2 6 162.8389 0.03281995
247 62.949623 33 2 6 163.4796 0.0160157
248 62.79962 34 2 6 163.78922 0.031120198
249 62.64962 34 2 6 164.39963 0.037025858
250 62.49962 35 2 6 165.13184 0.015808364
251 62.349617 35 2 6 165.43716 0.03111016
252 62.199615 35 2 6 166.04736 0.015787225
253 62.049614 35 2 6 166.35272 0.032937612
254 61.899612 35 2 6 167.02411 0.033426356
255 61.74961 35 2 6 167.6955 0.033117745
256 61.59961 36 2 6 168.3667 0.015763575
257 61.449608 37 2 6 168.6722 0.04658536
258 61.299606 37 2 6 169.61792 0.015763575
259 61.149605 38 2 6 169.9231 0.015741022
260 60.999603 38 2 6 170.22852 0.0388528
261 60.8496 38 2 6 171.02188 0.031096965
262 60.6996 39 2 6 171.63208 0.01572863
263 60.5496 39 2 8 171.93758 0.046663754
264 60.399597 39 2 8 172.88362 0.046663754
265 60.249596 39 2 8 173.82954 0.03515287
266 60.099594 39 2 8 174.53157 0.046668112
267 59.949593 39 2 8 175.47745 0.03110923
268 59.79959 39 2 8 176.08784 0.0349131
269 59.64959 40 2 8 176.78972 0.031998325
270 59.499588 41 2 8 177.43059 0.031920567
271 59.349586 41 2 8 178.07146 0.031848043
272 59.199585 41 2 8 178.71231 0.031114843
273 59.049583 41 2 8 179.32283 0.046654742
274 58.899582 41 2 8 180.26874 0.034224547
275 58.74958 42 2 8 180.9401 0.03111394
276 58.59958 42 2 8 181.55061 0.046646647
277 58.449577 42 2 8 182.49652 0.033904273
278 58.299576 43 2 8 183.16772 0.01567337
279 58.149574 43 2 8 183.47322 0.046629645
280 57.999573 43 2 8 184.41917 0.03886584
281 57.84957 44 2 8 185.18211 0.03886584
282 57.69957 44 2 8 185.95934 0.015680784
283 57.54957 44 2 8 186.26466 0.031118438
284 57.399567 44 2 8 186.87506 0.035964776
285 57.249565 44 2 8 187.59222 0.035583608
286 57.099564 44 2 8 188.29413 0.035195872
287 56.949562 44 2 8 188.99606 0.03889084
288 56.79956 44 2 8 189.78944 0.03206743
289 56.64956 45 2 8 190.43015 0.015568639
290 56.499557 45 2 8 190.73564 0.04667296
291 56.349556 45 2 8 191.68152 0.031109843
292 56.199554 46 2 8 192.29187 0.031109843
293 56.049553 46 2 8 192.90222 0.031109843
294 55.89955 46 2 8 193.51259 0.03194806
295 55.74955 47 2 8 194.15346 0.031807672
296 55.59955 47 2 8 194.79436 0.03554906
297 55.449547 47 2 8 195.49606 0.015567342
298 55.299545 47 2 8 195.80139 0.031109564
299 55.149544 47 2 8 196.41191 0.046672918
300 54.999542 47 2 8 197.35788 0.038891137
301 54.84954 47 2 8 198.15129 0.034597706
302 54.69954 48 2 8 198.84425 0.031107476
303 54.549538 48 2 8 199.45445 0.015625294
304 54.399536 49 2 8 199.75978 0.031105598
305 54.249535 49 2 8 200.37022 0.03887888
306 54.099533 50 2 8 201.16368 0.03887925
307 53.94953 50 2 8 201.95709 0.035721973
308 53.79953 50 2 8 202.65904 0.038871992
309 53.64953 51 2 8 203.45245 0.034947295
310 53.499527 52 2 8 204.15437 0.035947934
311 53.349525 52 2 8 204.85614 0.015573124
312 53.199524 52 2 8 205.16148 0.031129424
313 53.049522 52 2 8 205.80219 0.015570146
314 52.89952 53 2 8 206.10753 0.031129075
315 52.74952 53 2 8 206.74843 0.035024364
316 52.599518 53 2 8 207.43677 0.032220043
317 52.449516 54 2 8 208.06439 0.031096833
318 52.299515 54 2 8 208.67473 0.028680872
319 52.149513 55 2 8 209.22194 0.022909956
320 51.99951 55 2 8 209.6545 0.028948909
321 51.84951 56 2 8 210.22069 0.031127747
322 51.69951 56 2 10 210.83089 0.015641492
323 51.549507 57 2 10 211.13622 0.031110141
324 51.399506 57 2 10 211.74673 0.046638183
325 51.249504 58 2 10 212.69278 0.046638183
326 51.099503 58 2 10 213.6387 0.035812806
327 50.9495 59 2 10 214.34056 0.031112794
328 50.7995 59 2 10 214.95076 0.015608518
329 50.649498 60 2 10 215.25609 0.031112237
330 50.499496 60 2 10 215.86653 0.0388775
331 50.349495 60 2 10 216.65991 0.032498833
332 50.199493 60 2 10 217.30081 0.03545399
333 50.04949 60 2 10 218.00272 0.035195872
334 49.89949 61 2 10 218.70442 0.015556404
335 49.74949 61 2 10 219.00975 0.03110933
336 49.599487 61 2 10 219.6202 0.038891066
337 49.449486 61 2 10 220.41365 0.038891066
338 49.299484 61 2 10 221.20702 0.03110933
339 49.149483 62 2 10 221.81746 0.038891066
340 48.99948 62 2 10 222.61082 0.03110933
341 48.84948 62 2 10 223.22118 0.03110933
342 48.69948 62 2 10 223.8317 0.046663344
343 48.549477 62 2 10 224.77774 0.046672918
344 48.399475 62 2 10 225.72363 0.03214648
345 48.249474 62 2 10 226.36449 0.031108864
346 48.099472 62 2 10 226.97485 0.032062806
347 47.94947 63 2 10 227.6157 0.031109564
348 47.79947 63 2 10 228.22606 0.031109698
349 47.649467 64 2 10 228.83643 0.031957056
350 47.499466 64 2 10 229.47728 0.031111948
351 47.349464 64 2 10 230.08765 0.031852435
352 47.199463 65 2 10 230.7285 0.031116018
353 47.04946 65 2 10 231.33888 0.034173857
354 46.89946 65 2 10 232.0104 0.04663842
355 46.74946 65 2 10 232.95645 0.046638668
356 46.599457 65 2 10 233.90218 0.015659157
357 46.449455 65 2 10 234.20752 0.031476058
358 46.299454 65 2 10 234.84837 0.031107225
359 46.149452 65 2 10 235.45857 0.015706979
360 45.99945 65 2 10 235.7639 0.031103622
361 45.84945 65 2 10 236.3741 0.015693596
362 45.699448 65 2 10 236.67943 0.031120097
363 45.549446 65 2 10 237.28981 0.03352649
364 45.399445 65 3 10 237.97115 0.035726193
365 45.249443 65 3 10 238.67285 0.015599005
366 45.09944 66 3 10 238.97803 0.015597501
367 44.94944 66 3 10 239.28336 0.031112017
368 44.79944 66 3 10 239.89375 0.035501502
369 44.649437 66 3 10 240.59566 0.035273094
370 44.499435 66 3 10 241.29756 0.035045747
371 44.349434 67 3 10 241.99942 0.031108879
372 44.199432 67 3 10 242.60982 0.034755174
373 44.04943 68 3 10 243.31152 0.0155611625
374 43.89943 68 3 10 243.61694 0.03889151
375 43.749428 69 3 10 244.41035 0.03505863
376 43.599426 69 3 10 245.11238 0.046663288
377 43.449425 69 3 10 246.0583 0.03480209
378 43.299423 69 3 10 246.76016 0.031110171
379 43.14942 69 3 10 247.37056 0.035032872
380 42.99942 69 3 10 248.07246 0.034810618
381 42.84942 69 3 10 248.77432 0.031110171
382 42.699417 69 3 10 249.38472 0.035041492
383 42.549416 69 3 10 250.08662 0.034827683
384 42.399414 69 3 10 250.78848 0.031110171
385 42.249413 69 3 10 251.39888 0.035041492
386 42.09941 69 3 10 252.10078 0.03484476
387 41.94941 69 3 10 252.80264 0.031110354
388 41.799408 69 3 10 253.41304 0.035049997
389 41.649406 69 3 10 254.11494 0.034853313
390 41.499405 69 3 10 254.8168 0.031110354
391 41.349403 69 3 10 255.4272 0.03505863
392 41.1994 69 3 10 256.12332 0.015564712
393 41.0494 69 3 10 256.42865 0.031109003
394 40.8994 69 3 10 257.03885 0.015564712
395 40.749397 69 3 10 257.34418 0.031109003
396 40.599396 69 3 10 257.95462 0.038890913
397 40.449394 70 3 10 258.74808 0.038890913
398 40.299393 70 3 10 259.54147 0.034682732
399 40.14939 71 3 10 260.21286 0.034241453
400 39.99939 71 3 10 260.88425 0.033778116
401 39.84939 71 3 10 261.55566 0.03621745
402 39.699387 71 3 10 262.28802 0.031108785
403 39.549385 71 3 10 262.89844 0.035747726
404 39.399384 72 3 10 263.6308 0.031112809
405 39.249382 72 3 10 264.24115 0.031112809
406 39.09938 72 3 10 264.85156 0.03522154
407 38.94938 73 3 10 265.5343 0.03110933
408 38.799377 73 3 10 266.14468 0.03464019
409 38.649376 73 3 10 266.81604 0.031102704
410 38.499374 73 3 10 267.4264 0.031102704
411 38.349373 74 3 10 268.0368 0.035574786
412 38.19937 74 3 10 268.7692 0.03481916
413 38.04937 74 3 10 269.44055 0.03110163
414 37.89937 75 3 10 270.0509 0.03110163
415 37.749367 75 3 10 270.66125 0.03110163
416 37.599365 75 3 10 271.27145 0.015617913
417 37.449364 76 3 10 271.5768 0.032468457
418 37.299362 76 3 10 272.24817 0.031128515
419 37.14936 76 3 10 272.85855 0.03495589
420 36.99936 77 3 10 273.5299 0.031114493
421 36.849358 77 3 10 274.1403 0.033669453
422 36.699356 78 3 10 274.81165 0.031117925
423 36.549355 78 3 10 275.422 0.03203985
424 36.399353 79 3 10 276.0325 0.046114277
425 36.24935 79 3 12 276.9479 0.035097163
426 36.09935 79 3 12 277.6193 0.03466783
427 35.94935 80 3 12 278.29065 0.031110968
428 35.799347 80 3 12 278.90103 0.034465965
429 35.649345 80 3 12 279.57224 0.015579154
430 35.499344 81 3 12 279.87756 0.03110935
431 35.349342 81 3 12 280.48798 0.035299
432 35.19934 81 3 12 281.22018 0.015562951
433 35.04934 82 3 12 281.5255 0.031110546
434 34.899338 82 3 12 282.1359 0.034482937
435 34.749336 82 3 12 282.8071 0.01557809
436 34.599335 83 3 12 283.11243 0.031114118
437 34.449333 83 3 12 283.72278 0.031794056
438 34.29933 83 3 12 284.33313 0.03172686
439 34.14933 83 3 12 284.94333 0.015603757
440 33.99933 83 3 12 285.24872 0.035505734
441 33.849327 83 3 12 285.98114 0.035264604
442 33.699326 83 3 12 286.71353 0.035024364
443 33.549324 83 3 12 287.38492 0.034776494
444 33.399323 83 3 12 288.05612 0.015560613
445 33.24932 84 3 12 288.36148 0.032211915
446 33.09932 84 3 12 289.03293 0.038890954
447 32.949318 85 3 12 289.82632 0.034657214
448 32.799316 85 3 12 290.49774 0.035178702
449 32.649315 85 3 12 291.217 0.034904525
450 32.499313 86 3 12 291.88837 0.031109441
451 32.34931 86 3 12 292.49872 0.031109441
452 32.19931 87 3 12 293.10907 0.03198462
453 32.04931 88 3 12 293.71942 0.03188866
454 31.89931 89 3 12 294.32977 0.031812012
455 31.74931 89 3 12 294.94016 0.034148384
456 31.59931 89 3 12 295.61154 0.033811674
457 31.44931 89 3 12 296.28305 0.046620943
458 31.29931 89 3 12 297.19846 0.03345168
459 31.149311 90 3 12 297.86987 0.036401138
460 30.999311 90 3 12 298.60223 0.031104505
461 30.849312 90 3 12 299.21262 0.03345971
462 30.699312 90 3 12 299.88403 0.036410246
463 30.549313 90 3 12 300.6164 0.031104505
464 30.399313 90 3 12 301.22678 0.033477012
465 30.249313 90 3 12 301.89816 0.03304345
466 30.099314 90 3 12 302.56958 0.03682375
467 29.949314 90 3 12 303.30194 0.031108996
468 29.799314 90 3 12 303.91232 0.03306083
469 29.649315 90 3 12 304.58374 0.03685895
470 29.499315 90 3 12 305.3161 0.031107845
471 29.349316 90 3 12 305.92648 0.0330687
472 29.199316 90 3 12 306.59787 0.032531727
473 29.049316 90 3 12 307.26923 0.031104464
474 28.899317 90 3 12 307.87958 0.031104464
475 28.749317 90 3 12 308.48993 0.031123448
476 28.599318 90 3 12 309.10028 0.03197495
477 28.449318 90 3 12 309.71072 0.038705043
478 28.299318 90 3 12 310.5041 0.030161742
479 28.149319 91 3 12 311.1146 0.04628171
480 27.99932 92 3 12 312.03006 0.038631476
481 27.84932 93 3 12 312.82343 0.029808825
482 27.69932 93 3 12 313.43378 0.031112265
483 27.54932 93 3 12 314.04422 0.038557515
484 27.39932 93 3 12 314.83746 0.0171794
485 27.249321 94 3 12 315.2039 0.038581
486 27.099321 94 3 14 315.99728 0.033851717
487 26.949322 95 3 14 316.6687 0.035875857
488 26.799322 95 3 14 317.40106 0.031111604
489 26.649323 95 3 14 318.0114 0.031111604
490 26.499323 95 3 14 318.62177 0.031111604
491 26.349323 95 3 14 319.23212 0.031111604
492 26.199324 95 3 14 319.84232 0.015621476
493 26.049324 95 3 14 320.14764 0.03111098
494 25.899324 95 3 14 320.758 0.03111098
495 25.749325 95 3 14 321.36835 0.03111098
496 25.599325 95 3 14 321.97885 0.04664705
497 25.449326 95 3 14 322.89426 0.033845253
498 25.299326 96 3 14 323.56564 0.033618715
499 25.149326 96 3 14 324.23706 0.036130313
500 24.999327 96 3 14 324.96942 0.031106507
501 24.849327 96 3 14 325.57977 0.031106507
502 24.699327 96 3 14 326.19012 0.031106507
503 24.549328 96 3 14 326.80048 0.031106507
504 24.399328 96 3 14 327.41083 0.031106507
505 24.249329 96 3 14 328.0212 0.033627354
506 24.099329 97 3 14 328.69257 0.031110048
507 23.94933 97 3 14 329.303 0.038860574
508 23.79933 98 3 14 330.09647 0.03885162
509 23.64933 99 3 14 330.88983 0.03111199
510 23.49933 100 3 14 331.50018 0.03111199
511 23.34933 100 3 14 332.11053 0.03111199
512 23.199331 100 3 14 332.72073 0.015710717
513 23.049332 100 3 14 333.0262 0.04662216
514 22.899332 100 3 14 333.94162 0.033326406
515 22.749332 100 3 14 334.613 0.033002496
516 22.599333 101 3 14 335.2844 0.032655343
517 22.449333 101 3 14 335.9558 0.037079804
518 22.299334 101 3 14 336.6882 0.03266306
519 22.149334 102 3 14 337.35962 0.037089147
520 21.999334 102 3 14 338.09213 0.046553373
521 21.849335 102 3 14 339.0075 0.031102097
522 21.699335 103 3 14 339.61786 0.031102097
523 21.549335 103 3 14 340.2282 0.031102097
524 21.399336 103 3 14 340.8384 0.015903147
525 21.249336 103 3 14 341.14374 0.031116854
526 21.099337 103 3 14 341.75394 0.01588226
527 20.949337 103 3 14 342.05936 0.038830943
528 20.799337 103 3 14 342.85287 0.046552908
529 20.649338 103 3 14 343.7683 0.03680525
530 20.499338 103 3 14 344.50073 0.036357086
531 20.349339 103 3 14 345.23315 0.035869535
532 20.199339 103 3 14 345.96558 0.03536784
533 20.04934 103 3 14 346.67447 0.031127984
534 19.89934 103 3 14 347.28485 0.03482771
535 19.74934 103 3 14 347.9562 0.031095406
536 19.59934 103 3 14 348.56656 0.031095406
537 19.44934 103 3 14 349.17676 0.015588675
538 19.299341 104 3 14 349.4821 0.031094702
539 19.149342 104 3 14 350.0925 0.035290286
540 18.999342 104 3 14 350.77805 0.031952552
541 18.849342 104 3 14 351.38843 0.03419103
542 18.699343 105 3 14 352.05984 0.036156755
543 18.549343 105 3 14 352.7922 0.031096153
544 18.399343 105 3 14 353.40256 0.031096153
545 18.249344 105 3 14 354.0129 0.031096153
546 18.099344 105 3 16 354.6233 0.033293135
547 17.949345 106 3 16 355.29474 0.03884598
548 17.799345 106 3 16 356.0881 0.031111464
549 17.649345 107 3 16 356.6985 0.032952294
550 17.499346 107 3 16 357.3699 0.03630957
551 17.349346 107 3 16 358.10233 0.03612611
552 17.199347 107 3 16 358.83475 0.035930037
553 17.049347 108 3 16 359.56714 0.0337992
554 16.899347 109 3 16 360.2386 0.038865346
555 16.749348 110 3 16 361.03198 0.033577193
556 16.599348 110 3 16 361.70343 0.038860574
557 16.449348 110 3 16 362.49686 0.036156755
558 16.299349 111 3 16 363.22922 0.03110891
559 16.14935 111 3 16 363.8396 0.032704983
560 15.99935 112 3 16 364.51096 0.031112995
561 15.84935 112 3 16 365.12134 0.03369431
562 15.69935 113 3 16 365.79272 0.03345168
563 15.549351 113 3 16 366.46393 0.015750429
564 15.399351 113 3 16 366.7694 0.046604086
565 15.2493515 113 3 16 367.6848 0.033210047
566 15.099352 114 3 16 368.35626 0.03883425
567 14.949352 114 3 16 369.14948 0.015819235
568 14.799353 115 3 16 369.4548 0.03111493
569 14.649353 115 3 16 370.06522 0.036515262
570 14.499353 116 3 16 370.79767 0.038854014
571 14.349354 116 3 16 371.5911 0.036270455
572 14.199354 117 3 16 372.3235 0.03351843
573 14.049355 117 3 16 372.99487 0.033226654
574 13.899355 117 3 16 373.66626 0.03291116
575 13.749355 117 3 16 374.3377 0.038816947
576 13.599356 118 3 16 375.13107 0.031104995
577 13.449356 118 3 16 375.74146 0.03258966
578 13.299356 119 3 16 376.41284 0.03225264
579 13.149357 119 3 16 377.0842 0.031910148
580 12.999357 119 3 16 377.69455 0.031577196
581 12.849358 119 3 16 378.3049 0.031214401
582 12.699358 119 3 16 378.91534 0.038317584
583 12.549358 119 3 16 379.70877 0.038018208
584 12.399359 119 3 16 380.44116 0.033672195
585 12.249359 119 3 16 381.11258 0.037542555
586 12.0993595 120 3 16 381.84503 0.038795024
587 11.94936 120 3 16 382.63843 0.03216242
588 11.79936 121 3 16 383.29752 0.038759205
589 11.649361 122 3 16 384.09097 0.03874261
590 11.499361 122 3 16 384.8844 0.037668295
591 11.349361 123 3 16 385.61685 0.038779117
592 11.199362 123 3 16 386.41028 0.03729418
593 11.049362 124 3 16 387.14264 0.031104995
594 10.899363 124 3 16 387.75308 0.03879877
595 10.749363 124 3 16 388.54645 0.031107944
596 10.599363 124 3 16 389.1569 0.03879966
597 10.449364 124 3 16 389.9503 0.032481473
598 10.299364 125 3 16 390.62164 0.03109879
599 10.149364 125 3 16 391.232 0.03185281
600 9.999365 125 3 16 391.84244 0.03867828
601 9.849365 125 3 16 392.6359 0.03868267
602 9.699366 126 3 16 393.42926 0.031096872
603 9.549366 126 3 18 394.03967 0.035672165
604 9.399366 127 3 18 394.7721 0.035486367
605 9.249367 127 3 18 395.50455 0.038883775
606 9.099367 127 3 18 396.298 0.038883775
607 8.949368 128 3 18 397.09146 0.038883775
608 8.799368 128 3 18 397.88483 0.031109707
609 8.649368 128 3 18 398.49524 0.035316203
610 8.499369 129 3 18 399.2277 0.038886987
611 8.349369 129 3 18 400.0212 0.046663675
612 8.199369 129 3 18 400.93665 0.03511856
613 8.04937 130 3 18 401.60873 0.031109143
614 7.8993697 130 3 18 402.21912 0.034665696
615 7.7493696 131 3 18 402.8905 0.03443631
616 7.5993695 132 3 18 403.5619 0.034207646
617 7.4493694 132 3 18 404.23328 0.03397155
618 7.2993693 132 3 18 404.90466 0.033727814
619 7.1493692 132 3 18 405.57608 0.036043283
620 6.999369 132 3 18 406.3085 0.03580859
621 6.849369 132 3 18 407.04092 0.03555752
622 6.699369 133 3 18 407.77332 0.034241453
623 6.549369 134 3 18 408.4447 0.033979777
624 6.399369 134 3 18 409.1161 0.033711057
625 6.2493687 134 3 18 409.78745 0.031106306
626 6.0993686 134 3 18 410.39783 0.033426356
627 5.9493685 135 3 18 411.06918 0.031103354
628 5.7993684 135 3 18 411.67957 0.032926522
629 5.6493683 135 3 18 412.35095 0.033293135
630 5.499368 135 3 18 413.0223 0.03111372
631 5.349368 135 3 18 413.63275 0.038842317
632 5.199368 135 3 18 414.42618 0.036515262
633 5.049368 135 3 18 415.1586 0.03621745
634 4.899368 136 3 18 415.89102 0.035895318
635 4.7493677 136 3 18 416.62354 0.04665581
636 4.5993676 136 3 18 417.53897 0.035583608
637 4.4493675 137 3 18 418.27136 0.03431749
638 4.2993674 137 3 18 418.94275 0.033946116
639 4.1493673 138 3 18 419.6142 0.03886584
640 3.9993672 138 3 18 420.4076 0.033543777
641 3.8493671 139 3 18 421.07904 0.03883816
642 3.699367 139 3 18 421.8725 0.03883883
643 3.549367 139 3 18 422.66592 0.036410246
644 3.3993669 140 3 18 423.39832 0.03352649
645 3.2493668 140 3 18 424.06967 0.031108996
646 3.0993667 140 3 18 424.68005 0.03306083
647 2.9493666 141 3 18 425.3514 0.031109435
648 2.7993665 141 3 18 425.96185 0.038800552
649 2.6493664 142 3 18 426.75528 0.036912736
650 2.4993663 142 3 18 427.48773 0.03885857
651 2.3493662 142 3 18 428.28116 0.036445234
652 2.199366 143 3 18 429.0136 0.038882546
653 2.049366 143 3 18 429.80704 0.035869535
654 1.899366 144 3 18 430.5394 0.031093437
655 1.749366 144 3 18 431.14978 0.034342997
656 1.5993661 144 3 18 431.8212 0.035938982
657 1.4493661 145 3 18 432.5536 0.0344024
658 1.2993661 146 3 18 433.22495 0.031120945
659 1.1493661 146 3 20 433.8353 0.03111184
660 0.99936616 146 3 20 434.44565 0.031111168
661 0.8493662 146 3 20 435.056 0.031111168
662 0.6993662 146 3 20 435.66635 0.031108785
663 0.54936624 146 3 20 436.2767 0.031108785
664 0.39936623 146 3 20 436.88705 0.031108785
665 0.24936622 146 3 20 437.4974 0.031108785
666 0.09936622 146 3 20 438.10782 0.03574351
667 -0.050633788 146 3 20 438.84024 0.03552299
668 -0.2006338 146 3 20 439.5727 0.038883775
669 -0.3506338 146 3 20 440.36612 0.035299
670 -0.50063384 146 3 20 441.0985 0.03505863
671 -0.6506338 146 3 20 441.76987 0.031108879
672 -0.8006338 146 3 20 442.38025 0.034750905
673 -0.95063376 147 3 20 443.05164 0.035067134
674 -1.1006337 147 3 20 443.723 0.031108879
675 -1.2506337 147 3 20 444.33337 0.034750905
676 -1.4006337 147 3 20 445.00476 0.03508427
677 -1.5506337 147 3 20 445.67612 0.031108864
678 -1.7006336 147 3 20 446.2865 0.03475944
679 -1.8506336 147 3 20 446.9579 0.035092913
680 -2.0006337 147 3 20 447.62924 0.031108864
681 -2.1506338 147 3 20 448.23962 0.034767974
682 -2.300634 147 3 20 448.911 0.03511856
683 -2.450634 147 3 20 449.58237 0.031108864
684 -2.600634 147 3 20 450.19275 0.034776494
685 -2.7506342 147 3 20 450.8642 0.03889189
686 -2.9006343 148 3 20 451.65765 0.03889189
687 -3.0506344 148 3 20 452.45108 0.035127215
688 -3.2006345 148 3 20 453.1245 0.031108864
689 -3.3506346 148 3 20 453.7349 0.034776494
690 -3.5006347 149 3 20 454.40625 0.031111948
691 -3.6506348 149 3 20 455.01666 0.035161536
692 -3.8006349 149 3 20 455.69684 0.034776494
693 -3.950635 149 3 20 456.36823 0.034368504
694 -4.100635 149 3 20 457.0396 0.0339379
695 -4.250635 149 3 20 457.71106 0.03886737
696 -4.4006352 149 3 20 458.5045 0.036043283
697 -4.5506353 149 3 20 459.23685 0.031103259
698 -4.7006354 149 3 20 459.8473 0.03887783
699 -4.8506355 149 3 20 460.6407 0.0339379
700 -5.0006356 149 3 20 461.31207 0.033393018
701 -5.1506357 149 3 20 461.98346 0.032837365
702 -5.300636 150 3 20 462.65488 0.037159823
703 -5.450636 150 3 20 463.3873 0.036603704
704 -5.600636 150 3 20 464.11966 0.03110275
705 -5.750636 150 3 20 464.73 0.03110275
706 -5.900636 150 3 20 465.34036 0.031122675
707 -6.0506363 150 3 20 465.9507 0.031122675
708 -6.2006364 150 3 20 466.56107 0.031122675
709 -6.3506365 150 3 20 467.17142 0.031122675
710 -6.5006366 150 3 20 467.78177 0.031122675
711 -6.6506367 150 3 20 468.39218 0.03602646
712 -6.800637 150 3 20 469.12454 0.031130038
713 -6.950637 150 3 20 469.73492 0.03447024
714 -7.100637 150 3 20 470.4063 0.033301104
715 -7.250637 150 3 20 471.07767 0.032047316
716 -7.400637 150 3 20 471.68802 0.030667655
717 -7.5506372 150 3 20 472.29837 0.029181438
718 -7.7006373 151 3 22 472.86423 0.03883575
719 -7.8506374 151 3 22 473.65768 0.03883337
720 -8.000637 151 3 22 474.45114 0.038831748
721 -8.150637 151 3 22 475.2446 0.03883252
722 -8.300636 151 3 22 476.038 0.03283301
723 -8.450636 151 3 22 476.70944 0.038813945
724 -8.600636 152 3 22 477.5029 0.038813945
725 -8.750635 152 3 22 478.29636 0.038810078
726 -8.900635 152 3 22 479.0898 0.038810983
727 -9.050634 152 3 22 479.88327 0.038811896
728 -9.200634 152 3 22 480.67673 0.038803294
729 -9.350634 152 3 22 481.47018 0.038804226
730 -9.500633 152 3 22 482.26364 0.03880517
731 -9.650633 152 3 22 483.0571 0.03880612
732 -9.800632 152 3 22 483.85056 0.038798526
733 -9.950632 152 3 22 484.644 0.03879951
734 -10.100632 152 3 22 485.43747 0.038790975
735 -10.250631 152 3 22 486.23093 0.038791973
736 -10.400631 152 3 22 487.02438 0.038794
737 -10.550631 152 3 22 487.81784 0.038795024
738 -10.70063 152 3 22 488.6113 0.038778063
739 -10.85063 152 3 22 489.40475 0.038779117
740 -11.000629 152 3 22 490.1982 0.038781255
741 -11.150629 152 3 22 490.99167 0.038783435
742 -11.300629 152 3 22 491.78513 0.038765494
743 -11.450628 152 3 22 492.57855 0.037400536
744 -11.600628 152 3 22 493.3109 0.031117063
745 -11.7506275 152 3 22 493.92126 0.031117063
746 -11.900627 152 3 22 494.5317 0.038804226
747 -12.050627 152 3 22 495.32513 0.037009213
748 -12.200626 152 3 22 496.0576 0.038842317
749 -12.350626 152 3 22 496.851 0.03652441
750 -12.500626 152 3 22 497.58347 0.038865346
751 -12.650625 152 3 22 498.3769 0.035964776
752 -12.800625 152 3 22 499.10925 0.031114118
753 -12.950624 152 3 22 499.71967 0.035290286
754 -13.100624 152 4 22 500.45206 0.033120584
755 -13.250624 152 4 22 501.1234 0.03111164
756 -13.400623 152 4 22 501.73386 0.038831748
757 -13.550623 152 4 22 502.5273 0.03883252
758 -13.700623 152 4 22 503.32077 0.03883252
759 -13.850622 152 4 22 504.11423 0.03882854
760 -14.000622 152 4 22 504.90768 0.03882933
761 -14.150621 152 4 22 505.7011 0.03668226
762 -14.300621 152 4 22 506.4335 0.0330687
763 -14.450621 152 4 22 507.10492 0.03668226
764 -14.60062 152 4 22 507.8373 0.0330687
765 -14.75062 152 4 22 508.50873 0.036691464
766 -14.9006195 152 4 22 509.24112 0.033077385
767 -15.050619 152 4 22 509.91254 0.036699817
768 -15.200619 152 4 22 510.64493 0.033085264
769 -15.350618 152 4 22 511.31635 0.036699817
770 -15.500618 152 4 22 512.0487 0.033085264
771 -15.650618 152 4 22 512.6591 0.03670903
772 -15.800617 152 4 22 513.3915 0.033101834
773 -15.950617 152 4 22 514.0019 0.036717378
774 -16.100616 152 4 22 514.73425 0.033101834
775 -16.250616 152 4 22 515.34467 0.036734946
776 -16.400616 152 4 22 516.077 0.03312709
777 -16.550615 152 4 22 516.68744 0.03674417
778 -16.700615 152 4 22 517.4198 0.03312709
779 -16.850615 152 4 22 518.0302 0.03674417
780 -17.000614 152 4 22 518.7626 0.033134993
781 -17.150614 152 4 22 519.373 0.03677009
782 -17.300613 152 4 22 520.1054 0.038856562
783 -17.450613 152 4 22 520.8378 0.036366176
784 -17.600613 152 4 22 521.5702 0.031115258
785 -17.750612 152 4 22 522.1806 0.035895318
786 -17.900612 152 4 22 522.91296 0.031116018
787 -18.050611 152 4 22 523.5234 0.035376586
788 -18.200611 152 5 22 524.25574 0.031111335
789 -18.35061 152 5 22 524.8661 0.031111335
790 -18.50061 152 5 22 525.47644 0.031111335
791 -18.65061 152 5 22 526.0868 0.031111335
792 -18.80061 152 5 22 526.69714 0.031111335
793 -18.95061 152 5 22 527.3075 0.031111335
794 -19.100609 152 5 22 527.91785 0.031111335
795 -19.250608 152 5 22 528.5282 0.031111335
796 -19.400608 152 5 22 529.13855 0.031111335
797 -19.550608 152 5 22 529.7489 0.033019036
798 -19.700607 152 5 22 530.35925 0.03273758
799 -19.850607 152 5 22 530.9696 0.032441083
800 -20.000607 152 5 22 531.57996 0.03214615
801 -20.150606 152 5 22 532.19037 0.038763955
802 -20.300606 152 5 22 532.9228 0.03752479
803 -20.450605 153 5 22 533.65515 0.03212988
804 -20.600605 153 5 22 534.2655 0.031795524
805 -20.750605 153 5 22 534.87585 0.031463187
806 -20.900604 153 5 22 535.4862 0.031107618
807 -21.050604 153 5 22 536.09656 0.031117013
808 -21.200603 153 5 22 536.7069 0.031108009
809 -21.350603 153 5 22 537.31726 0.030757444
810 -21.500603 153 5 22 537.9276 0.031115545
811 -21.650602 153 5 22 538.53796 0.030373855
812 -21.800602 153 5 22 539.1483 0.031102685
813 -21.950602 153 5 22 539.75867 0.029988773
814 -22.100601 153 5 22 540.369 0.031117298
815 -22.2506 153 5 22 540.9794 0.029571287
816 -22.4006 153 5 22 541.5897 0.031118935
817 -22.5506 153 5 22 542.2001 0.029144948
818 -22.7006 153 5 22 542.8104 0.031115504
819 -22.8506 153 5 22 543.4208 0.028680872
820 -23.000599 153 5 22 544.0311 0.031104669
821 -23.150599 153 5 22 544.64154 0.03827999
822 -23.300598 153 5 22 545.37396 0.03827395
823 -23.450598 153 5 22 546.1064 0.038249258
824 -23.600597 153 5 22 546.8388 0.03822483
825 -23.750597 153 5 22 547.5712 0.03818454
826 -23.900597 153 5 22 548.3037 0.040775597
827 -24.050596 153 5 22 549.15814 0.038285106
828 -24.200596 153 5 22 549.8906 0.040443428
829 -24.350595 153 5 22 550.74506 0.038382344
830 -24.500595 153 5 22 551.47754 0.04004521
831 -24.650595 153 5 22 552.3271 0.038476042
832 -24.800594 153 5 22 553.05945 0.029229866
833 -24.950594 153 5 22 553.66986 0.038296353
834 -25.100594 154 5 22 554.4022 0.027979193
835 -25.250593 154 5 22 555.01263 0.03802655
836 -25.400593 154 5 22 555.7451 0.041434918
837 -25.550592 154 5 22 556.5995 0.031126153
838 -25.700592 154 5 22 557.20984 0.031121764
839 -25.850592 154 5 22 557.8202 0.031121764
840 -26.000591 154 5 22 558.43054 0.031121764
841 -26.15059 154 5 22 559.0409 0.031121764
842 -26.30059 154 5 22 559.65125 0.031121764
843 -26.45059 154 5 22 560.2616 0.031121764
844 -26.60059 154 5 22 560.87195 0.031121764
845 -26.75059 154 5 22 561.4823 0.031121764
846 -26.900589 154 6 22 562.0927 0.036581174
847 -27.050589 155 6 22 562.8251 0.031111598
848 -27.200588 155 6 22 563.4355 0.038847692
849 -27.350588 155 6 22 564.1679 0.036379464
850 -27.500587 156 6 22 564.90027 0.03336836
851 -27.650587 156 6 22 565.5107 0.036379464
852 -27.800587 156 6 22 566.24304 0.033380684
853 -27.950586 156 6 22 566.85345 0.036383655
854 -28.100586 156 6 22 567.5858 0.031109096
855 -28.250586 156 6 22 568.1962 0.036130313
856 -28.400585 157 6 22 568.92865 0.033668928
857 -28.550585 157 6 22 569.58026 0.033376355
858 -28.700584 157 6 22 570.1907 0.036410246
859 -28.850584 157 6 22 570.92303 0.031109096
860 -29.000584 157 6 22 571.53345 0.038860008
861 -29.150583 157 6 22 572.26587 0.036147736
862 -29.300583 157 6 22 572.9983 0.038872566
863 -29.450583 157 6 22 573.7307 0.03367756
864 -29.600582 157 6 22 574.42566 0.03333507
865 -29.750582 157 6 22 575.036 0.032969423
866 -29.900581 157 6 22 575.6464 0.03683209
867 -30.050581 157 6 22 576.3788 0.032977264
868 -30.20058 157 6 22 576.98914 0.032597348
869 -30.35058 157 6 22 577.59955 0.03719518
870 -30.50058 157 6 22 578.3319 0.032597348
871 -30.65058 157 6 22 578.9423 0.037204564
872 -30.80058 157 6 22 579.6747 0.032622494
873 -30.950579 157 6 22 580.28503 0.03216242
874 -31.100578 157 6 22 580.89545 0.037623174
875 -31.250578 158 6 22 581.6278 0.032187466
876 -31.400578 158 6 22 582.23816 0.031673774
877 -31.550577 159 6 22 582.8485 0.031164804
878 -31.700577 159 6 22 583.4589 0.038631476
879 -31.850576 159 6 22 584.19135 0.038636405
880 -32.000576 159 6 22 584.92377 0.038624108
881 -32.150578 159 6 22 585.6562 0.038610246
882 -32.30058 159 6 22 586.38855 0.030280054
883 -32.45058 160 6 22 586.9989 0.029619964
884 -32.600582 161 6 22 587.6094 0.039790053
885 -32.750584 161 6 22 588.3928 0.038512424
886 -32.900585 161 6 22 589.12524 0.039354056
887 -33.050587 161 6 22 589.8576 0.0311053
888 -33.20059 161 6 22 590.46796 0.030335851
889 -33.35059 161 6 22 591.0783 0.029393975
890 -33.50059 161 6 22 591.68866 0.028411813
891 -33.650593 161 6 22 592.29913 0.04085495
892 -33.800594 161 6 22 593.1535 0.028465496
893 -33.950596 161 6 22 593.764 0.040913228
894 -34.100597 161 6 22 594.61835 0.02856722
895 -34.2506 161 6 22 595.22864 0.027138785
896 -34.4006 161 6 22 595.7171 0.041962642
897 -34.550602 161 6 22 596.57153 0.038094923
898 -34.700603 161 6 22 597.304 0.04131733
899 -34.850605 161 6 22 598.1584 0.029169142
900 -35.000607 161 6 22 598.7688 0.04171437
901 -35.150608 161 6 22 599.62317 0.02990241
902 -35.30061 161 6 22 600.2206 0.04278174
903 -35.45061 161 7 22 601.075 0.038839936
904 -35.600613 161 7 22 601.80743 0.036508985
905 -35.750614 162 7 22 602.53986 0.038849875
906 -35.900616 163 7 22 603.2722 0.033210047
907 -36.050617 164 7 22 603.88257 0.03294855
908 -36.20062 164 7 22 604.4929 0.03268822
909 -36.35062 164 7 22 605.1033 0.032412734
910 -36.50062 164 7 22 605.7136 0.03213865
911 -36.650623 164 7 22 606.324 0.031861607
912 -36.800625 164 7 22 606.9344 0.03873809
913 -36.950626 164 7 22 607.6668 0.03774909
914 -37.100628 164 7 22 608.39923 0.037489273
915 -37.25063 165 7 22 609.13165 0.038787585
916 -37.40063 165 7 22 609.8641 0.03725765
917 -37.550632 166 7 22 610.5965 0.038804226
918 -37.700634 166 7 22 611.3289 0.037009213
919 -37.850636 167 7 22 612.0613 0.031111335
920 -38.000637 167 7 22 612.67163 0.031111335
921 -38.15064 167 7 22 613.282 0.031111335
922 -38.30064 167 7 22 613.8924 0.038821414
923 -38.45064 167 7 22 614.6248 0.036734946
924 -38.600643 167 7 22 615.3572 0.033101834
925 -38.750645 167 7 22 615.9675 0.032713387
926 -38.900646 167 7 22 616.5779 0.032310333
927 -39.050648 167 7 22 617.18823 0.031111997
928 -39.20065 167 7 22 617.7986 0.03188517
929 -39.35065 167 7 22 618.409 0.038716007
930 -39.500652 168 7 22 619.14136 0.031399064
931 -39.650654 169 7 22 619.7518 0.03867116
932 -39.800655 169 7 22 620.4842 0.038655214
933 -39.950657 169 7 22 621.2166 0.038659886
934 -40.10066 169 7 22 621.94904 0.038645636
935 -40.25066 169 7 22 622.68146 0.038490754
936 -40.40066 169 7 22 623.4139 0.038691588
937 -40.550663 169 7 22 624.1463 0.038083006
938 -40.700665 169 7 22 624.8787 0.038756803
939 -40.850666 169 7 22 625.61115 0.037623174
940 -41.000668 169 7 22 626.34357 0.03880517
941 -41.15067 169 7 22 627.0759 0.03235057
942 -41.30067 169 7 22 627.6863 0.031112388
943 -41.450672 169 7 22 628.2967 0.03873113
944 -41.600674 169 7 22 629.0291 0.037829988
945 -41.750675 169 7 22 629.76154 0.03880517
946 -41.900677 169 7 22 630.4939 0.032317903
947 -42.05068 169 7 22 631.10425 0.03114001
948 -42.20068 169 7 22 631.7146 0.029908912
949 -42.35068 169 7 22 632.32495 0.02856722
950 -42.500683 169 7 22 632.93524 0.027143843
951 -42.650684 169 7 22 633.42365 0.03775724
952 -42.800686 169 7 22 634.15594 0.025185708
953 -42.950687 169 7 22 634.6444 0.043194033
954 -43.10069 169 7 22 635.49884 0.03769114
955 -43.25069 169 7 22 636.23114 0.024437036
956 -43.400692 169 7 22 636.7196 0.044118375
957 -43.550694 169 7 22 637.5741 0.0422674
958 -43.700695 169 115 22 638.6162 0.038838282
959 -43.850697 169 115 22 639.34863 0.038836632
960 -44.000698 169 115 22 640.08105 0.03654193
961 -44.1507 169 115 22 640.8135 0.038851146
962 -44.3007 169 115 22 641.54584 0.03317251
963 -44.450703 169 115 22 642.1562 0.03291116
964 -44.600704 169 115 22 642.7666 0.03680108
965 -44.750706 170 115 22 643.499 0.038834997
966 -44.900707 170 115 22 644.2314 0.03289465
967 -45.05071 170 115 22 644.84174 0.032606073
968 -45.20071 170 115 22 645.4521 0.032310333
969 -45.35071 170 115 22 646.0625 0.038773913
970 -45.500713 170 115 22 646.7949 0.038776126
971 -45.650715 170 115 22 647.52734 0.038767725
972 -45.800716 170 115 22 648.25977 0.038768858
973 -45.950718 170 115 22 648.9922 0.038761627
974 -46.10072 170 115 22 649.7246 0.03876279
975 -46.25072 170 115 22 650.45703 0.038755614
976 -46.400723 170 115 22 651.18945 0.038756803
977 -46.550724 170 115 22 651.9219 0.038759205
978 -46.700726 170 115 22 652.6543 0.038741387
979 -46.850727 170 115 22 653.3867 0.038743846
980 -47.00073 170 115 22 654.11914 0.038746342
981 -47.15073 170 115 22 654.85156 0.03872985
982 -47.30073 170 115 22 655.584 0.03873242
983 -47.450733 170 115 22 656.3164 0.038716007
984 -47.600735 170 115 22 657.0488 0.038719993
985 -47.750736 170 115 22 657.78125 0.038703676
986 -47.900738 170 115 22 658.5137 0.038707804
987 -48.05074 170 115 22 659.2461 0.038691588
988 -48.20074 170 115 22 659.9785 0.038695857
989 -48.350742 170 115 22 660.71094 0.03868267
990 -48.500744 170 115 22 661.44336 0.03866813
991 -48.650745 170 115 22 662.1758 0.038674224
992 -48.800747 170 115 22 662.9082 0.03836327
993 -48.95075 171 115 22 663.64056 0.031545054
994 -49.10075 171 115 22 664.251 0.038409
995 -49.25075 171 115 22 664.9834 0.038728576
996 -49.400753 171 115 22 665.7158 0.037794318
997 -49.550755 171 115 22 666.44824 0.038803294
998 -49.700756 171 115 22 667.18066 0.037035175
999 -49.850758 171 115 22 667.9131 0.038846772
1000 -50.00076 171 115 22 668.6455 0.033485048
1001 -50.15076 171 115 22 669.2642 0.03203985

----QMATRIX: [Sensed Threat] > ACTION == UTILITY------
[1.0,0.0,0.0,1.0,1.0,0.0,1.0,0.0] > ACTION_LEFT == -5.2507974E-5
[0.0,0.0,0.0,0.0,1.0,0.0,1.0,1.0] > ACTION_BACK == -2.0538651E-7
[0.0,0.0,1.0,0.0,0.0,1.0,1.0,0.0] > ACTION_BACK == -4.2317194E-7
[0.0,0.0,0.0,0.0,1.0,0.0,0.0,0.0] > ACTION_LEFT == -1.36356E-4
[0.0,0.0,1.0,1.0,1.0,1.0,1.0,0.0] > ACTION_LEFT == -6.299978E-5
[0.0,0.0,1.0,0.0,1.0,0.0,0.0,0.0] > ACTION_BACK == -4.2306905E-8
[0.0,1.0,0.0,1.0,1.0,1.0,1.0,0.0] > ACTION_LEFT == -1.5052288E-8
[0.0,1.0,0.0,0.0,1.0,0.0,0.0,0.0] > ACTION_LEFT == -5.3569793E-6
[0.0,0.0,0.0,0.0,1.0,0.0,0.0,0.0] > ACTION_BACK == -4.700767E-7
[0.0,1.0,1.0,1.0,1.0,1.0,1.0,0.0] > ACTION_LEFT == -0.1
[0.0,0.0,1.0,1.0,1.0,1.0,1.0,0.0] > ACTION_BACK == -5.1715415E-7
[0.0,0.0,0.0,1.0,0.0,0.0,1.0,0.0] > ACTION_LEFT == -6.988084E-8
[0.0,1.0,1.0,0.0,1.0,0.0,0.0,0.0] > ACTION_LEFT == -5.660348E-10
[0.0,0.0,0.0,0.0,1.0,1.0,1.0,0.0] > ACTION_LEFT == -0.07265406
[0.0,1.0,1.0,0.0,1.0,0.0,1.0,0.0] > ACTION_NONE == -2.4218798E-9
[0.0,0.0,0.0,0.0,1.0,1.0,0.0,1.0] > ACTION_RIGHT == -6.670874E-13
[0.0,1.0,0.0,1.0,1.0,1.0,1.0,0.0] > ACTION_BACK == -8.235647E-11
[1.0,0.0,0.0,1.0,1.0,0.0,1.0,0.0] > ACTION_BACK == -2.7764308E-11
[0.0,1.0,0.0,1.0,1.0,0.0,0.0,0.0] > ACTION_LEFT == -5.660348E-10
[0.0,1.0,1.0,1.0,1.0,0.0,0.0,0.0] > ACTION_LEFT == -5.0433695E-11
[0.0,1.0,0.0,0.0,1.0,0.0,1.0,1.0] > ACTION_LEFT == -4.417906E-6
[0.0,0.0,0.0,0.0,1.0,1.0,1.0,0.0] > ACTION_BACK == -0.0900006
[0.0,0.0,0.0,1.0,1.0,1.0,1.0,0.0] > ACTION_LEFT == -3.124694E-5
[0.0,0.0,1.0,1.0,1.0,0.0,1.0,0.0] > ACTION_LEFT == -1.8176794E-5
[1.0,0.0,1.0,1.0,1.0,0.0,1.0,0.0] > ACTION_LEFT == -1.4545683E-8
[0.0,1.0,0.0,1.0,1.0,0.0,1.0,1.0] > ACTION_LEFT == -4.6520253E-8
[0.0,1.0,0.0,0.0,0.0,0.0,0.0,0.0] > ACTION_LEFT == -4.5559258E-8
[0.0,1.0,0.0,1.0,0.0,0.0,0.0,0.0] > ACTION_LEFT == -1.3927722E-8
[0.0,0.0,0.0,0.0,0.0,0.0,1.0,0.0] > ACTION_LEFT == -5.0943128E-11
[0.0,0.0,0.0,0.0,0.0,1.0,1.0,0.0] > ACTION_LEFT == -3.1069824E-6
[0.0,1.0,0.0,1.0,1.0,1.0,0.0,0.0] > ACTION_NONE == -6.620049E-5
[0.0,0.0,0.0,1.0,1.0,0.0,0.0,0.0] > ACTION_LEFT == -3.4137748E-4
[0.0,0.0,0.0,0.0,0.0,0.0,1.0,0.0] > ACTION_BACK == -1.1071463E-5
[0.0,0.0,0.0,0.0,1.0,0.0,1.0,0.0] > ACTION_LEFT == -7.412082E-12
[0.0,1.0,0.0,1.0,1.0,0.0,1.0,0.0] > ACTION_NONE == -4.826376E-7
[0.0,0.0,1.0,1.0,1.0,0.0,1.0,0.0] > ACTION_BACK == -2.7764308E-11
[0.0,1.0,1.0,1.0,0.0,0.0,0.0,0.0] > ACTION_NONE == -0.0065610064
[0.0,1.0,1.0,1.0,0.0,0.0,0.0,0.0] > ACTION_LEFT == -0.0065610004
[0.0,0.0,0.0,1.0,1.0,0.0,1.0,0.0] > ACTION_LEFT == -5.660348E-10
[0.0,1.0,0.0,1.0,0.0,1.0,1.0,0.0] > ACTION_LEFT == -1.2703903E-8
[0.0,1.0,0.0,1.0,1.0,1.0,1.0,1.0] > ACTION_LEFT == -3.4276926E-9
[0.0,0.0,1.0,0.0,1.0,1.0,1.0,1.0] > ACTION_LEFT == -5.2507974E-5
[0.0,1.0,1.0,1.0,0.0,0.0,0.0,0.0] > ACTION_BACK == -5.620993E-8
[0.0,0.0,0.0,0.0,1.0,0.0,1.0,0.0] > ACTION_BACK == -5.874971E-6
[0.0,1.0,1.0,1.0,1.0,1.0,0.0,0.0] > ACTION_LEFT == -3.6596035E-8
[0.0,0.0,0.0,1.0,0.0,0.0,0.0,0.0] > ACTION_LEFT == -5.4239925E-5
[0.0,1.0,0.0,1.0,0.0,1.0,0.0,0.0] > ACTION_LEFT == -2.9181619E-8
[1.0,0.0,1.0,1.0,1.0,0.0,0.0,0.0] > ACTION_LEFT == -4.214457E-5
[0.0,1.0,0.0,1.0,0.0,0.0,0.0,0.0] > ACTION_BACK == -6.2892753E-9
[0.0,1.0,1.0,0.0,0.0,0.0,0.0,0.0] > ACTION_BACK == -5.043437E-10
[0.0,0.0,0.0,1.0,1.0,0.0,0.0,0.0] > ACTION_BACK == -3.1846657E-4
[0.0,0.0,0.0,0.0,0.0,1.0,1.0,0.0] > ACTION_BACK == -6.988084E-8
[0.0,0.0,0.0,1.0,1.0,0.0,1.0,0.0] > ACTION_BACK == -3.4268705E-8
[0.0,0.0,0.0,0.0,0.0,0.0,0.0,0.0] > ACTION_LEFT == -0.8999905
[0.0,0.0,0.0,1.0,1.0,0.0,1.0,1.0] > ACTION_LEFT == -5.1160714E-7
[0.0,0.0,1.0,0.0,1.0,1.0,0.0,0.0] > ACTION_LEFT == -3.0723975E-5
[1.0,0.0,0.0,1.0,1.0,0.0,0.0,0.0] > ACTION_LEFT == -3.827928E-6
[0.0,0.0,1.0,0.0,1.0,1.0,1.0,0.0] > ACTION_NONE == -6.620049E-5
[0.0,1.0,0.0,1.0,1.0,1.0,0.0,0.0] > ACTION_LEFT == -1.048765E-9
[0.0,0.0,0.0,1.0,0.0,0.0,0.0,0.0] > ACTION_BACK == -0.005915033
[0.0,1.0,1.0,1.0,1.0,1.0,0.0,0.0] > ACTION_BACK == -5.043437E-10
[0.0,1.0,0.0,0.0,1.0,0.0,0.0,1.0] > ACTION_LEFT == -3.8076213E-9
[0.0,0.0,0.0,1.0,1.0,1.0,0.0,0.0] > ACTION_LEFT == -1.7147452E-6
[0.0,0.0,0.0,1.0,0.0,0.0,1.0,1.0] > ACTION_LEFT == -5.1160714E-7
[1.0,0.0,1.0,1.0,1.0,1.0,1.0,0.0] > ACTION_LEFT == -3.625442E-9
[0.0,0.0,0.0,0.0,0.0,0.0,0.0,0.0] > ACTION_BACK == -0.034874473
[0.0,0.0,0.0,0.0,0.0,0.0,1.0,1.0] > ACTION_LEFT == -6.670874E-13
[0.0,0.0,0.0,0.0,1.0,1.0,0.0,0.0] > ACTION_LEFT == -4.8253755E-6
[0.0,0.0,1.0,1.0,0.0,0.0,0.0,0.0] > ACTION_LEFT == -1.329024E-7
[0.0,1.0,1.0,1.0,1.0,0.0,1.0,0.0] > ACTION_BACK == -5.043437E-10
[0.0,1.0,0.0,1.0,1.0,0.0,0.0,0.0] > ACTION_BACK == -6.670874E-13
[0.0,0.0,0.0,0.0,0.0,1.0,0.0,0.0] > ACTION_LEFT == -3.0849232E-10
[0.0,0.0,0.0,1.0,1.0,1.0,1.0,1.0] > ACTION_LEFT == -3.128722E-5
[0.0,0.0,0.0,1.0,0.0,1.0,0.0,0.0] > ACTION_LEFT == -3.793083E-5
[1.0,1.0,1.0,1.0,1.0,0.0,0.0,0.0] > ACTION_LEFT == -3.7342906E-7
[0.0,0.0,1.0,0.0,0.0,0.0,0.0,0.0] > ACTION_LEFT == -3.4276926E-9
[0.0,1.0,0.0,0.0,1.0,0.0,0.0,0.0] > ACTION_BACK == -4.5848815E-12
[0.0,0.0,1.0,1.0,1.0,1.0,1.0,0.0] > ACTION_NONE == -4.561765E-8
[1.0,1.0,1.0,1.0,0.0,0.0,0.0,0.0] > ACTION_LEFT == -1.885236E-8
[0.0,1.0,1.0,0.0,1.0,0.0,0.0,1.0] > ACTION_LEFT == -5.043437E-10
[0.0,0.0,0.0,0.0,1.0,1.0,1.0,1.0] > ACTION_LEFT == -9.978496E-10
[0.0,0.0,1.0,1.0,1.0,1.0,0.0,0.0] > ACTION_LEFT == -2.11557E-6
[1.0,1.0,1.0,0.0,1.0,0.0,0.0,0.0] > ACTION_LEFT == -3.625442E-9
[0.0,0.0,1.0,0.0,1.0,0.0,1.0,1.0] > ACTION_LEFT == -3.4276926E-9
[0.0,1.0,0.0,1.0,1.0,0.0,1.0,1.0] > ACTION_BACK == -3.8060133E-8
[0.0,0.0,0.0,1.0,1.0,1.0,1.0,0.0] > ACTION_NONE == -5.8964544E-9
[0.0,1.0,0.0,0.0,0.0,0.0,0.0,0.0] > ACTION_BACK == -3.8085474E-8
[0.0,0.0,0.0,1.0,1.0,0.0,0.0,1.0] > ACTION_LEFT == -2.0881754E-9
[0.0,0.0,0.0,0.0,1.0,0.0,1.0,1.0] > ACTION_LEFT == -3.0849232E-10
[0.0,1.0,0.0,1.0,1.0,0.0,0.0,1.0] > ACTION_LEFT == -4.1485697E-7
[0.0,1.0,1.0,1.0,1.0,0.0,0.0,0.0] > ACTION_BACK == -6.782767E-8
[0.0,1.0,0.0,0.0,1.0,0.0,1.0,1.0] > ACTION_BACK == -3.770234E-8
[0.0,0.0,0.0,1.0,1.0,1.0,1.0,0.0] > ACTION_BACK == -6.551616E-8
[0.0,0.0,0.0,0.0,1.0,0.0,0.0,1.0] > ACTION_LEFT == -4.342426E-8
[0.0,0.0,1.0,1.0,1.0,1.0,1.0,1.0] > ACTION_LEFT == -1.2554239E-7
[1.0,0.0,0.0,1.0,0.0,0.0,0.0,0.0] > ACTION_LEFT == -5.420332E-7
[0.0,0.0,1.0,0.0,1.0,0.0,0.0,0.0] > ACTION_LEFT == -5.3570933E-5
[0.0,1.0,0.0,1.0,1.0,1.0,0.0,1.0] > ACTION_LEFT == -9.4388844E-11
[0.0,0.0,0.0,1.0,1.0,1.0,1.0,0.0] > ACTION_RIGHT == -5.6038187E-9
[0.0,0.0,1.0,1.0,1.0,0.0,0.0,0.0] > ACTION_NONE == -7.406906E-5
[1.0,0.0,1.0,1.0,1.0,1.0,1.0,1.0] > ACTION_LEFT == -3.28139E-6
[0.0,1.0,0.0,0.0,1.0,1.0,0.0,1.0] > ACTION_LEFT == -3.8060133E-8
[0.0,0.0,0.0,0.0,1.0,1.0,1.0,0.0] > ACTION_RIGHT == -2.411608E-7
[0.0,0.0,0.0,1.0,0.0,1.0,1.0,1.0] > ACTION_LEFT == -3.4228187E-9
[0.0,0.0,0.0,0.0,0.0,0.0,0.0,0.0] > ACTION_NONE == -0.100000106
[0.0,0.0,0.0,0.0,0.0,0.0,0.0,1.0] > ACTION_BACK == -4.2317194E-7
[0.0,0.0,0.0,0.0,1.0,1.0,0.0,1.0] > ACTION_LEFT == -1.306826E-4
[0.0,0.0,0.0,1.0,1.0,0.0,0.0,0.0] > ACTION_RIGHT == -8.0999994E-4
[1.0,0.0,0.0,1.0,0.0,0.0,0.0,0.0] > ACTION_BACK == -3.183175E-8
[0.0,0.0,1.0,1.0,1.0,1.0,1.0,1.0] > ACTION_BACK == -5.677428E-7
[0.0,0.0,0.0,0.0,1.0,0.0,0.0,1.0] > ACTION_BACK == -5.9759934E-8
[0.0,0.0,1.0,1.0,1.0,0.0,0.0,1.0] > ACTION_LEFT == -4.0119007E-6
[0.0,0.0,1.0,1.0,1.0,1.0,1.0,0.0] > ACTION_RIGHT == -1.2703903E-8
[0.0,0.0,0.0,1.0,0.0,0.0,0.0,1.0] > ACTION_LEFT == -5.677428E-7
[0.0,0.0,1.0,1.0,0.0,0.0,0.0,0.0] > ACTION_NONE == -1.307625E-6
[0.0,0.0,0.0,0.0,1.0,1.0,0.0,0.0] > ACTION_NONE == -1.0567607E-7
[0.0,0.0,0.0,0.0,0.0,0.0,0.0,1.0] > ACTION_NONE == -4.352516E-7
[0.0,0.0,0.0,0.0,0.0,0.0,0.0,1.0] > ACTION_LEFT == -2.9299915E-6
[0.0,1.0,0.0,1.0,1.0,1.0,1.0,0.0] > ACTION_RIGHT == -7.2901155E-4
[1.0,1.0,1.0,1.0,0.0,0.0,0.0,0.0] > ACTION_BACK == -4.195626E-8
[0.0,0.0,0.0,0.0,1.0,1.0,1.0,1.0] > ACTION_BACK == -4.249479E-7
[0.0,0.0,1.0,1.0,1.0,1.0,0.0,0.0] > ACTION_BACK == -3.8428243E-7
[1.0,0.0,1.0,1.0,1.0,1.0,0.0,0.0] > ACTION_BACK == -4.2317194E-7
[0.0,0.0,0.0,1.0,0.0,1.0,1.0,1.0] > ACTION_BACK == -3.8415475E-8
[0.0,0.0,0.0,1.0,0.0,1.0,1.0,0.0] > ACTION_RIGHT == -8.0999994E-4
[0.0,1.0,1.0,1.0,0.0,0.0,0.0,0.0] > ACTION_RIGHT == -5.6038187E-9
[0.0,0.0,0.0,0.0,0.0,1.0,0.0,0.0] > ACTION_BACK == -1.9960644E-5
[0.0,0.0,0.0,1.0,1.0,1.0,1.0,1.0] > ACTION_BACK == -3.5005428E-7
[0.0,0.0,0.0,0.0,1.0,1.0,1.0,1.0] > ACTION_NONE == -2.177289E-8
[1.0,0.0,0.0,0.0,0.0,0.0,1.0,1.0] > ACTION_LEFT == -1.4545683E-8
[1.0,0.0,1.0,1.0,0.0,0.0,0.0,0.0] > ACTION_LEFT == -3.7986956E-5
[0.0,0.0,1.0,0.0,1.0,0.0,0.0,1.0] > ACTION_LEFT == -4.417906E-6
[0.0,0.0,0.0,1.0,1.0,1.0,0.0,1.0] > ACTION_LEFT == -4.539093E-11
[0.0,0.0,0.0,0.0,1.0,1.0,0.0,0.0] > ACTION_BACK == -4.5706528E-7
[0.0,0.0,1.0,1.0,0.0,0.0,0.0,0.0] > ACTION_BACK == -8.606081E-6
[0.0,0.0,0.0,0.0,0.0,0.0,1.0,1.0] > ACTION_BACK == -6.5895995E-7
[0.0,0.0,0.0,1.0,0.0,1.0,0.0,1.0] > ACTION_LEFT == -6.620049E-5
[0.0,0.0,0.0,1.0,0.0,0.0,0.0,1.0] > ACTION_BACK == -6.988084E-8
[0.0,0.0,0.0,1.0,0.0,0.0,1.0,1.0] > ACTION_BACK == -4.07239E-8
[0.0,0.0,0.0,1.0,1.0,1.0,0.0,0.0] > ACTION_BACK == -4.8249177E-7
[0.0,1.0,1.0,1.0,1.0,1.0,1.0,1.0] > ACTION_BACK == -1.36931595E-8
[0.0,0.0,1.0,1.0,1.0,1.0,0.0,1.0] > ACTION_LEFT == -3.793083E-5
[0.0,0.0,0.0,0.0,0.0,1.0,0.0,1.0] > ACTION_LEFT == -3.0793184E-5
[1.0,0.0,1.0,1.0,1.0,1.0,0.0,0.0] > ACTION_LEFT == -4.3481654E-5
[1.0,1.0,0.0,1.0,0.0,0.0,0.0,0.0] > ACTION_RIGHT == -1.352889E-8
[1.0,0.0,1.0,1.0,1.0,0.0,0.0,0.0] > ACTION_BACK == -4.028269E-8
[0.0,0.0,0.0,1.0,1.0,1.0,0.0,0.0] > ACTION_NONE == -5.2538962E-5
[0.0,0.0,0.0,1.0,1.0,1.0,0.0,1.0] > ACTION_BACK == -5.8323035E-9
[1.0,1.0,1.0,1.0,0.0,0.0,0.0,0.0] > ACTION_RIGHT == -1.4444799E-8
[1.0,0.0,0.0,0.0,0.0,0.0,0.0,0.0] > ACTION_BACK == -2.8648575E-9
[1.0,0.0,1.0,0.0,0.0,0.0,0.0,0.0] > ACTION_BACK == -5.109685E-8
[0.0,1.0,1.0,1.0,1.0,1.0,0.0,0.0] > ACTION_NONE == -3.3761578E-9
[0.0,0.0,0.0,1.0,0.0,0.0,0.0,0.0] > ACTION_NONE == -6.754366E-5
[0.0,0.0,0.0,1.0,0.0,0.0,0.0,0.0] > ACTION_RIGHT == -7.2899995E-5
[0.0,0.0,0.0,0.0,0.0,1.0,0.0,1.0] > ACTION_BACK == -3.3796368E-6
[0.0,0.0,1.0,0.0,1.0,0.0,0.0,1.0] > ACTION_BACK == -8.980646E-11
[1.0,0.0,1.0,1.0,0.0,0.0,0.0,0.0] > ACTION_BACK == -6.5807654E-8
[0.0,1.0,0.0,1.0,1.0,1.0,1.0,1.0] > ACTION_RIGHT == -1.5204332E-8
[0.0,0.0,0.0,1.0,1.0,0.0,0.0,1.0] > ACTION_RIGHT == -5.250375E-6
[0.0,0.0,1.0,1.0,1.0,1.0,0.0,1.0] > ACTION_BACK == -6.2892753E-9
[0.0,0.0,0.0,0.0,0.0,1.0,1.0,1.0] > ACTION_NONE == -3.8318547E-7
[0.0,0.0,1.0,0.0,1.0,0.0,1.0,1.0] > ACTION_BACK == -1.2271865E-7
[0.0,0.0,0.0,1.0,0.0,1.0,1.0,1.0] > ACTION_RIGHT == -7.7700555E-8
[0.0,0.0,1.0,0.0,0.0,0.0,0.0,0.0] > ACTION_BACK == -4.1894023E-7
[0.0,0.0,0.0,0.0,0.0,0.0,0.0,0.0] > ACTION_RIGHT == -6.4491105E-5
[0.0,0.0,0.0,1.0,1.0,1.0,1.0,1.0] > ACTION_RIGHT == -1.0187259E-10
[0.0,0.0,1.0,0.0,0.0,0.0,0.0,0.0] > ACTION_RIGHT == -2.6263868E-8
[1.0,1.0,1.0,0.0,0.0,0.0,0.0,0.0] > ACTION_BACK == -5.754533E-9
[1.0,0.0,0.0,1.0,1.0,0.0,0.0,0.0] > ACTION_BACK == -1.616187E-7
[0.0,0.0,1.0,1.0,0.0,0.0,0.0,0.0] > ACTION_RIGHT == -5.79062E-7
[0.0,0.0,0.0,0.0,1.0,1.0,0.0,0.0] > ACTION_RIGHT == -5.2425554E-7
