-----Simulation Parameters-----
Iteration Length: 200
Iteration Qty: 1000.0
Learning Rate: 0.1
Discount Factor: 0.9
Decay: 0.15
Max View Distance: 10.0

-----SIMULATION STEPS------
Steps | Exploration Rate | QMatrix Size | Crashes | Victories | Distance Moved | Speed
1 -0.15 17 0 0 0.62179565 0.031108856
2 -0.3 17 0 0 1.2435913 0.031108856
3 -0.45000002 17 0 0 1.865387 0.031108856
4 -0.6 17 0 0 2.4871826 0.031108856
5 -0.75 17 0 0 3.1089783 0.031108856
6 -0.9 17 0 0 3.730774 0.031108856
7 -1.05 17 0 0 4.3525696 0.031108856
8 -1.1999999 17 0 0 4.974365 0.031108856
9 -1.3499999 17 0 0 5.596161 0.031108856
10 -1.4999999 17 0 0 6.2179565 0.031108856
11 -1.6499999 17 0 0 6.839752 0.031108856
12 -1.7999998 17 0 0 7.461548 0.031108856
13 -1.9499998 17 0 0 8.0833435 0.031108856
14 -2.1 17 0 0 8.705139 0.031108856
15 -2.25 17 0 0 9.326935 0.031108856
16 -2.4 17 0 0 9.94873 0.031108856
17 -2.5500002 17 0 0 10.570563 0.034785025
18 -2.7000003 17 0 0 11.2633095 0.034334633
19 -2.8500004 17 0 0 11.948779 0.033845253
20 -3.0000005 17 0 0 12.6223545 0.033351712
21 -3.1500006 17 0 0 13.283927 0.032837365
22 -3.3000007 17 0 0 13.939764 0.032285262
23 -3.4500008 17 0 0 14.585581 0.03173095
24 -3.6000009 17 0 0 15.219466 0.03114001
25 -3.750001 17 0 0 15.841243 0.03054175
26 -3.900001 17 0 0 16.45115 0.029908912
27 -4.050001 17 0 0 17.047709 0.02928451
28 -4.2000012 17 0 0 17.628101 0.028621068
29 -4.3500013 17 0 0 18.195543 0.027926138
30 -4.5000014 17 0 0 18.751625 0.024581403
31 -4.6500015 17 0 0 19.241272 0.024519721
32 -4.8000016 17 0 0 19.729551 0.024467649
33 -4.9500017 17 1 0 20.212658 0.031108856
34 -5.100002 17 1 0 20.834454 0.031108856
35 -5.250002 17 1 0 21.45625 0.031108864
36 -5.400002 17 1 0 22.078045 0.031108864
37 -5.550002 17 1 0 22.69984 0.031108864
38 -5.700002 17 1 0 23.321636 0.031108864
39 -5.8500023 17 1 0 23.943432 0.031108864
40 -6.0000024 17 1 0 24.565228 0.031108864
41 -6.1500025 17 1 0 25.187023 0.031108864
42 -6.3000026 17 1 0 25.808819 0.031108864
43 -6.4500027 17 1 0 26.430614 0.031108864
44 -6.600003 17 1 0 27.05241 0.031108864
45 -6.750003 17 1 0 27.674206 0.031108864
46 -6.900003 17 1 0 28.296001 0.031108864
47 -7.050003 17 1 0 28.917797 0.031108864
48 -7.200003 17 1 0 29.539593 0.031108864
49 -7.3500032 17 1 0 30.161388 0.031108864
50 -7.5000033 17 1 0 30.78322 0.034785025
51 -7.6500034 17 1 0 31.476732 0.034342997
52 -7.8000035 17 1 0 32.16166 0.033870667
53 -7.9500036 17 1 0 32.834843 0.033359703
54 -8.100003 17 1 0 33.49818 0.032845147
55 -8.250003 17 1 0 34.152576 0.032285262
56 -8.4000025 17 1 0 34.79746 0.03173095
57 -8.550002 17 1 0 35.430695 0.031132938
58 -8.700002 17 1 0 36.05341 0.030534955
59 -8.850001 17 1 0 36.663757 0.02990241
60 -9.000001 17 1 0 37.25813 0.029236045
61 -9.150001 17 1 0 37.838745 0.028578907
62 -9.3 17 1 0 38.40432 0.027920645
63 -9.45 17 1 0 38.96123 0.024596494
64 -9.599999 17 1 0 39.449512 0.024534464
65 -9.749999 17 1 0 39.937794 0.024482066
66 -9.899999 17 2 0 40.4216 0.031108864
67 -10.049998 17 2 0 41.04721 0.031108864
68 -10.199998 17 2 0 41.67282 0.031108864
69 -10.3499975 17 2 0 42.29843 0.031108864
70 -10.499997 17 2 0 42.92404 0.031108864
71 -10.649997 17 2 0 43.549652 0.031108864
72 -10.799996 17 2 0 44.175262 0.031108864
73 -10.949996 17 2 0 44.800873 0.031108864
74 -11.099996 17 2 0 45.426483 0.031108864
75 -11.249995 17 2 0 46.052094 0.031108864
76 -11.399995 17 2 0 46.677704 0.031108864
77 -11.549994 17 2 0 47.303314 0.031108864
78 -11.699994 17 2 0 47.928925 0.031108864
79 -11.849994 17 2 0 48.554535 0.031108864
80 -11.999993 17 2 0 49.180145 0.031108864
81 -12.149993 17 2 0 49.805756 0.031108864
82 -12.299993 17 2 0 50.431366 0.031108864
83 -12.449992 17 2 0 51.05701 0.03477651
84 -12.599992 17 2 0 51.75128 0.034342997
85 -12.749991 17 2 0 52.437206 0.033870667
86 -12.899991 17 2 0 53.110485 0.033359703
87 -13.049991 17 2 0 53.77385 0.032845147
88 -13.19999 17 2 0 54.428375 0.032285262
89 -13.34999 17 2 0 55.073223 0.03172363
90 -13.4999895 17 2 0 55.70646 0.031132938
91 -13.649989 17 2 0 56.329044 0.030534955
92 -13.799989 17 2 0 56.939266 0.02990241
93 -13.949988 17 2 0 57.53272 0.029229866
94 -14.099988 17 2 0 58.11255 0.02856722
95 -14.249988 17 2 0 58.67783 0.027873151
96 -14.399987 17 2 0 59.23474 0.024611635
97 -14.549987 17 2 0 59.723022 0.024549257
98 -14.699986 17 2 0 60.211304 0.024489295
99 -14.849986 17 3 0 60.69284 0.031108864
100 -14.999986 17 3 0 61.31845 0.031108864
101 -15.149985 17 3 0 61.94406 0.031108864
102 -15.299985 17 3 0 62.56967 0.031108864
103 -15.449985 17 3 0 63.195282 0.031108864
104 -15.599984 17 3 0 63.820892 0.031108864
105 -15.749984 17 3 0 64.4465 0.031108864
106 -15.899983 17 3 0 65.07211 0.031108864
107 -16.049984 17 3 0 65.69772 0.031108864
108 -16.199984 17 3 0 66.32333 0.031108879
109 -16.349983 17 3 0 66.948944 0.031108879
110 -16.499983 17 3 0 67.574554 0.031108879
111 -16.649982 17 3 0 68.200165 0.031108879
112 -16.799982 17 3 0 68.825775 0.031108879
113 -16.949982 17 3 0 69.451385 0.031108879
114 -17.099981 17 3 0 70.076996 0.031108879
115 -17.24998 17 3 0 70.70261 0.031108879
116 -17.39998 17 3 0 71.328255 0.03477651
117 -17.54998 17 3 0 72.02202 0.034342997
118 -17.69998 17 3 0 72.70866 0.033870667
119 -17.84998 17 3 0 73.38004 0.033359703
120 -17.999979 17 3 0 74.04038 0.032845147
121 -18.149979 17 3 0 74.69513 0.032285262
122 -18.299978 17 3 0 75.336 0.03172363
123 -18.449978 17 3 0 75.972694 0.031125873
124 -18.599977 17 3 0 76.5983 0.030492516
125 -18.749977 17 3 0 77.20735 0.029860048
126 -18.899977 17 3 0 77.80244 0.0292237
127 -19.049976 17 3 0 78.38226 0.028525067
128 -19.199976 17 3 0 78.94684 0.027867688
129 -19.349976 17 3 0 79.49731 0.024626825
130 -19.499975 17 3 0 79.98559 0.024564102
131 -19.649975 17 3 0 80.47387 0.024503788
132 -19.799974 17 4 0 80.953804 0.031108879
133 -19.949974 17 4 0 81.579414 0.031108879
134 -20.099974 17 4 0 82.205025 0.031108879
135 -20.249973 17 4 0 82.830635 0.031108879
136 -20.399973 17 4 0 83.456245 0.031108879
137 -20.549973 17 4 0 84.081856 0.031108879
138 -20.699972 17 4 0 84.707466 0.031108879
139 -20.849972 17 4 0 85.33308 0.031108879
140 -20.999971 17 4 0 85.95869 0.031108879
141 -21.149971 17 4 0 86.5843 0.031108879
142 -21.29997 17 4 0 87.20991 0.031108879
143 -21.44997 17 4 0 87.83552 0.031108879
144 -21.59997 17 4 0 88.46113 0.031108879
145 -21.74997 17 4 0 89.08674 0.031108879
146 -21.89997 17 4 0 89.71235 0.031108879
147 -22.049969 17 4 0 90.33796 0.031108879
148 -22.199968 17 4 0 90.96361 0.034785062
149 -22.349968 17 4 0 91.6578 0.034376882
150 -22.499968 17 4 0 92.34444 0.033904273
151 -22.649967 17 4 0 93.01582 0.03341834
152 -22.799967 17 4 0 93.677864 0.03291116
153 -22.949966 17 4 0 94.33399 0.032393157
154 -23.099966 17 4 0 94.97537 0.031838078
155 -23.249966 17 4 0 95.61541 0.03125343
156 -23.399965 17 4 0 96.24101 0.030660795
157 -23.549965 17 4 0 96.85136 0.030032918
158 -23.699965 17 4 0 97.44645 0.0294065
159 -23.849964 17 4 0 98.03611 0.02874675
160 -23.999964 17 4 0 98.60699 0.028091094
161 -24.149963 17 4 0 99.16368 0.027404644
162 -24.299963 17 4 0 99.71297 0.02475942
163 -24.449963 17 4 0 100.20125 0.024691936
164 -24.599962 17 4 0 100.68953 0.024626825
165 -24.749962 17 5 0 101.173645 0.031108864
166 -24.899961 17 5 0 101.799255 0.031108864
167 -25.049961 17 5 0 102.424866 0.031108864
168 -25.19996 17 5 0 103.050476 0.031108864
169 -25.34996 17 5 0 103.67609 0.031108864
170 -25.49996 17 5 0 104.3017 0.031108864
171 -25.64996 17 5 0 104.92731 0.031108864
172 -25.79996 17 5 0 105.55292 0.031108864
173 -25.949959 17 5 0 106.17853 0.031108864
174 -26.099958 17 5 0 106.80414 0.031108864
175 -26.249958 17 5 0 107.42975 0.031108864
176 -26.399958 17 5 0 108.05536 0.031108864
177 -26.549957 17 5 0 108.68097 0.031108864
178 -26.699957 17 5 0 109.30658 0.031108864
179 -26.849957 17 5 0 109.93219 0.031108864
180 -26.999956 17 5 0 110.5578 0.031108864
181 -27.149956 17 5 0 111.18341 0.031108864
182 -27.299955 17 5 0 111.80906 0.03477651
183 -27.449955 17 5 0 112.50255 0.034342997
184 -27.599955 17 5 0 113.189186 0.033870667
185 -27.749954 17 5 0 113.86058 0.033359703
186 -27.899954 17 5 0 114.52084 0.032845147
187 -28.049953 17 5 0 115.175644 0.032285262
188 -28.199953 17 5 0 115.81651 0.03173095
189 -28.349953 17 5 0 116.45341 0.031132938
190 -28.499952 17 5 0 117.07901 0.030534955
191 -28.649952 17 5 0 117.68926 0.02990241
192 -28.799952 17 5 0 118.284355 0.029236045
193 -28.949951 17 5 0 118.86434 0.02856722
194 -29.09995 17 5 0 119.42892 0.027873151
195 -29.24995 17 5 0 119.98004 0.024611635
196 -29.39995 17 5 0 120.46832 0.024549257
197 -29.54995 17 5 0 120.956604 0.024489295
198 -29.69995 17 6 0 121.43756 0.031108864
199 -29.849949 17 6 0 122.06317 0.031108864
200 -29.999949 17 6 0 122.68878 0.031108864
201 -30.149948 17 6 0 123.31439 0.031108864
202 -30.299948 17 6 0 123.94 0.031108864
203 -30.449947 17 6 0 124.56561 0.031108864
204 -30.599947 17 6 0 125.19122 0.031108864
205 -30.749947 17 6 0 125.81683 0.031108864
206 -30.899946 17 6 0 126.442444 0.031108864
207 -31.049946 17 6 0 127.068054 0.031108864
208 -31.199945 17 6 0 127.693665 0.031108864
209 -31.349945 17 6 0 128.3115 0.031108879
210 -31.499945 17 6 0 128.92184 0.031108879
211 -31.649944 17 6 0 129.5322 0.031108879
212 -31.799944 17 6 0 130.14255 0.031108879
213 -31.949944 17 6 0 130.7529 0.031108879
214 -32.099945 17 6 0 131.36325 0.031108879
215 -32.249947 17 6 0 131.97365 0.03477651
216 -32.39995 17 6 0 132.67555 0.034342997
217 -32.54995 17 6 0 133.3529 0.033870667
218 -32.69995 17 6 0 134.02429 0.033359703
219 -32.849953 17 6 0 134.69568 0.032845147
220 -32.999954 17 6 0 135.36058 0.032285262
221 -33.149956 17 6 0 136.00145 0.03172363
222 -33.299957 17 6 0 136.6423 0.031125873
223 -33.44996 17 6 0 137.25266 0.030492516
224 -33.59996 17 6 0 137.863 0.029860048
225 -33.74996 17 6 0 138.45677 0.029229866
226 -33.899963 17 6 0 139.0366 0.028525067
227 -34.049965 17 6 0 139.61642 0.027867688
228 -34.199966 17 6 0 140.16571 0.024626825
229 -34.349968 17 6 0 140.65399 0.024564102
230 -34.49997 17 6 0 141.14227 0.024503788
231 -34.64997 17 7 0 141.63197 0.031108864
232 -34.799973 17 7 0 142.24232 0.031108864
233 -34.949974 17 7 0 142.85268 0.031108879
234 -35.099976 17 7 0 143.46303 0.031108879
235 -35.249977 17 7 0 144.07338 0.031108879
236 -35.39998 17 7 0 144.68373 0.031108879
237 -35.54998 17 7 0 145.29408 0.031108879
238 -35.69998 17 7 0 145.90443 0.031108879
239 -35.849983 17 7 0 146.51479 0.031108879
240 -35.999985 17 7 0 147.12514 0.031108879
241 -36.149986 17 7 0 147.73549 0.031108879
242 -36.299988 17 7 0 148.34584 0.031108879
243 -36.44999 17 7 0 148.95619 0.031108879
244 -36.59999 17 7 0 149.56654 0.031108879
245 -36.749992 17 7 0 150.1769 0.031108879
246 -36.899994 17 7 0 150.78725 0.031108879
247 -37.049995 17 7 0 151.39764 0.034785062
248 -37.199997 17 7 0 152.09955 0.034376882
249 -37.35 17 7 0 152.77841 0.033904273
250 -37.5 17 7 0 153.4498 0.03341834
251 -37.65 17 7 0 154.12119 0.03291116
252 -37.800003 17 7 0 154.79256 0.032393157
253 -37.950005 17 7 0 155.43343 0.031838078
254 -38.100006 17 7 0 156.07428 0.03125343
255 -38.250008 17 7 0 156.68463 0.030660795
256 -38.40001 17 7 0 157.29498 0.030032918
257 -38.55001 17 7 0 157.90532 0.0294065
258 -38.700012 17 7 0 158.48515 0.028782997
259 -38.850014 17 7 0 159.06497 0.028091094
260 -39.000015 17 7 0 159.61429 0.027404644
261 -39.150017 17 7 0 160.16357 0.02475942
262 -39.30002 17 7 0 160.65186 0.024691936
263 -39.45002 17 7 0 161.14014 0.024619224
264 -39.60002 17 8 0 161.63013 0.031108864
265 -39.750023 17 8 0 162.24048 0.031108864
266 -39.900024 17 8 0 162.85083 0.031108864
267 -40.050026 17 8 0 163.46118 0.031108864
268 -40.200027 17 8 0 164.07153 0.031108864
269 -40.35003 17 8 0 164.68188 0.031108864
270 -40.50003 17 8 0 165.29224 0.031108864
271 -40.650032 17 8 0 165.90259 0.031108864
272 -40.800034 17 8 0 166.51294 0.031108864
273 -40.950035 17 8 0 167.12329 0.031108864
274 -41.100037 17 8 0 167.73364 0.031108864
275 -41.25004 17 8 0 168.344 0.031108864
276 -41.40004 17 8 0 168.95435 0.031108864
277 -41.55004 17 8 0 169.5647 0.031108864
278 -41.700043 17 8 0 170.17505 0.031108864
279 -41.850044 17 8 0 170.7854 0.031108864
280 -42.000046 17 8 0 171.39575 0.031108864
281 -42.150047 17 8 0 172.00615 0.03477651
282 -42.30005 17 8 0 172.70805 0.034342997
283 -42.45005 17 8 0 173.38501 0.033870667
284 -42.60005 17 8 0 174.0564 0.033359703
285 -42.750053 17 8 0 174.72778 0.032845147
286 -42.900055 17 8 0 175.39293 0.032285262
287 -43.050056 17 8 0 176.0338 0.03173095
288 -43.200058 17 8 0 176.67465 0.031132938
289 -43.35006 17 8 0 177.285 0.030534955
290 -43.50006 17 8 0 177.89536 0.02990241
291 -43.650063 17 8 0 178.49197 0.029236045
292 -43.800064 17 8 0 179.07181 0.02856722
293 -43.950066 17 8 0 179.65163 0.027873151
294 -44.100067 17 8 0 180.20091 0.024611635
295 -44.25007 17 8 0 180.6892 0.024549257
296 -44.40007 17 8 0 181.17747 0.024489295
297 -44.55007 17 9 0 181.666 0.031108864
298 -44.700073 17 9 0 182.27635 0.031108864
299 -44.850075 17 9 0 182.8867 0.031108864
300 -45.000076 17 9 0 183.49706 0.031108864
301 -45.150078 17 9 0 184.1074 0.031108864
302 -45.30008 17 9 0 184.71776 0.031108864
303 -45.45008 17 9 0 185.32811 0.031108864
304 -45.600082 17 9 0 185.93846 0.031108864
305 -45.750084 17 9 0 186.54881 0.031108864
306 -45.900085 17 9 0 187.15916 0.031108864
307 -46.050087 17 9 0 187.76952 0.031108864
308 -46.20009 17 9 0 188.37987 0.031108864
309 -46.35009 17 9 0 188.99022 0.031108879
310 -46.50009 17 9 0 189.60057 0.031108879
311 -46.650093 17 9 0 190.21092 0.031108879
312 -46.800095 17 9 0 190.82127 0.031108879
313 -46.950096 17 9 0 191.43163 0.031108879
314 -47.100098 17 9 0 192.04202 0.03477651
315 -47.2501 17 9 0 192.74393 0.034342997
316 -47.4001 17 9 0 193.4212 0.033870667
317 -47.550102 17 9 0 194.09259 0.033359703
318 -47.700104 17 9 0 194.76398 0.032845147
319 -47.850105 17 9 0 195.4286 0.032285262
320 -48.000107 17 9 0 196.06947 0.03172363
321 -48.15011 17 9 0 196.71033 0.031125873
322 -48.30011 17 9 0 197.32068 0.030492516
323 -48.45011 17 9 0 197.93103 0.029860048
324 -48.600113 17 9 0 198.52484 0.029229866
325 -48.750114 17 9 0 199.10468 0.028561391
326 -48.900116 17 9 0 199.6845 0.027867688
327 -49.050117 17 9 0 200.23378 0.024619224
328 -49.20012 17 9 0 200.72206 0.024564102
329 -49.35012 17 9 0 201.21034 0.024503788
330 -49.500122 17 10 0 201.70074 0.031108864
331 -49.650124 17 10 0 202.3111 0.031108879
332 -49.800125 17 10 0 202.92145 0.031108879
333 -49.950127 17 10 0 203.5318 0.031108879
334 -50.10013 17 10 0 204.14215 0.031108879
335 -50.25013 17 10 0 204.7525 0.031108879
336 -50.40013 17 10 0 205.36285 0.031108879
337 -50.550133 17 10 0 205.9732 0.031108879
338 -50.700134 17 10 0 206.58356 0.031108879
339 -50.850136 17 10 0 207.19391 0.031108879
340 -51.000137 17 10 0 207.80426 0.031108879
341 -51.15014 17 10 0 208.41461 0.031108879
342 -51.30014 17 10 0 209.02496 0.031108879
343 -51.45014 17 10 0 209.63531 0.031108879
344 -51.600143 17 10 0 210.24567 0.031108879
345 -51.750145 17 10 0 210.85602 0.031108879
346 -51.900146 17 10 0 211.46637 0.031108879
347 -52.050148 17 10 0 212.07677 0.034785062
348 -52.20015 17 10 0 212.77867 0.034368504
349 -52.35015 17 10 0 213.45644 0.033878855
350 -52.500153 17 10 0 214.12782 0.033359703
351 -52.650154 17 10 0 214.79921 0.032845147
352 -52.800156 17 10 0 215.46474 0.032285262
353 -52.950157 17 10 0 216.1056 0.03172363
354 -53.10016 17 10 0 216.74646 0.031125873
355 -53.25016 17 10 0 217.35681 0.030492516
356 -53.40016 17 10 0 217.96716 0.029853558
357 -53.550163 17 10 0 218.55919 0.029187601
358 -53.700165 17 10 0 219.13902 0.028519243
359 -53.850166 17 10 0 219.71884 0.027825681
360 -54.000168 17 10 0 220.26813 0.02463444
361 -54.15017 17 10 0 220.75641 0.024571544
362 -54.30017 17 10 0 221.24469 0.024511054
363 -54.450172 17 11 0 221.73474 0.031108879
364 -54.600174 17 11 0 222.3451 0.031108879
365 -54.750175 17 11 0 222.95544 0.031108879
366 -54.900177 17 11 0 223.5658 0.031108879
367 -55.05018 17 11 0 224.17615 0.031108879
368 -55.20018 17 11 0 224.7865 0.031108879
369 -55.35018 17 11 0 225.39685 0.031108879
370 -55.500183 17 11 0 226.0072 0.031108879
371 -55.650185 17 11 0 226.61755 0.031108879
372 -55.800186 17 11 0 227.2279 0.031108879
373 -55.950188 17 11 0 227.83826 0.031108879
374 -56.10019 17 11 0 228.44861 0.031108879
375 -56.25019 17 11 0 229.05896 0.031108879
376 -56.400192 17 11 0 229.66931 0.031108879
377 -56.550194 17 11 0 230.27966 0.031108879
378 -56.700195 17 11 0 230.89001 0.031108879
379 -56.850197 17 11 0 231.50041 0.034785062
380 -57.0002 17 11 0 232.20232 0.034376882
381 -57.1502 17 11 0 232.88148 0.033904273
382 -57.3002 17 11 0 233.55287 0.03341834
383 -57.450203 17 11 0 234.22426 0.03291116
384 -57.600204 17 11 0 234.89563 0.032393157
385 -57.750206 17 11 0 235.5365 0.031838078
386 -57.900208 17 11 0 236.17735 0.031246312
387 -58.05021 17 11 0 236.7877 0.03065394
388 -58.20021 17 11 0 237.39806 0.030026345
389 -58.350212 17 11 0 238.00839 0.029400231
390 -58.500214 17 11 0 238.58823 0.028740808
391 -58.650215 17 11 0 239.16805 0.028085506
392 -58.800217 17 11 0 239.71736 0.027399434
393 -58.95022 17 11 0 240.26665 0.024767376
394 -59.10022 17 11 0 240.75493 0.024699721
395 -59.25022 17 11 0 241.24321 0.024626825
396 -59.400223 17 12 0 241.73172 0.031108864
397 -59.550224 17 12 0 242.34207 0.031108864
398 -59.700226 17 12 0 242.95242 0.031108864
399 -59.850227 17 12 0 243.56277 0.031108864
400 -60.00023 17 12 0 244.17313 0.031108864
401 -60.15023 17 12 0 244.78348 0.031108864
402 -60.300232 17 12 0 245.39383 0.031108864
403 -60.450233 17 12 0 246.00418 0.031108864
404 -60.600235 17 12 0 246.61453 0.031108864
405 -60.750237 17 12 0 247.22488 0.031108864
406 -60.900238 17 12 0 247.83524 0.031108864
407 -61.05024 17 12 0 248.44559 0.031108864
408 -61.20024 17 12 0 249.05594 0.031108864
409 -61.350243 17 12 0 249.66629 0.031108864
410 -61.500244 17 12 0 250.27664 0.031108864
411 -61.650246 17 12 0 250.887 0.031108864
412 -61.800247 17 12 0 251.49734 0.031108864
413 -61.95025 17 12 0 252.10774 0.03477651
414 -62.10025 17 12 0 252.80965 0.034342997
415 -62.25025 17 12 0 253.4867 0.033870667
416 -62.400253 17 12 0 254.15808 0.033359703
417 -62.550255 17 12 0 254.82947 0.032845147
418 -62.700256 17 12 0 255.494 0.032285262
419 -62.850258 17 12 0 256.14127 0.03172363
420 -63.00026 17 12 0 256.75162 0.031125873
421 -63.15026 17 12 0 257.36197 0.030528167
422 -63.300262 17 12 0 257.97232 0.029860048
423 -63.450264 17 12 0 258.58267 0.029229866
424 -63.600266 17 12 0 259.15158 0.02856722
425 -63.750267 17 12 0 259.7009 0.027873151
426 -63.90027 17 12 0 260.25018 0.024619224
427 -64.05027 17 12 0 260.73846 0.024556676
428 -64.20027 17 12 0 261.22675 0.024496535
429 -64.35027 17 13 0 261.7166 0.031108864
430 -64.500275 17 13 0 262.32697 0.031108864
431 -64.650276 17 13 0 262.93732 0.031108864
432 -64.80028 17 13 0 263.54767 0.031108864
433 -64.95028 17 13 0 264.15802 0.031108864
434 -65.10028 17 13 0 264.76837 0.031108864
435 -65.25028 17 13 0 265.37872 0.031108864
436 -65.40028 17 13 0 265.98907 0.031108879
437 -65.550285 17 13 0 266.59943 0.031108879
438 -65.70029 17 13 0 267.20978 0.031108879
439 -65.85029 17 13 0 267.82013 0.031108879
440 -66.00029 17 13 0 268.43048 0.031108879
441 -66.15029 17 13 0 269.04083 0.031108879
442 -66.30029 17 13 0 269.65118 0.031108879
443 -66.450294 17 13 0 270.26154 0.031108879
444 -66.600296 17 13 0 270.8719 0.031108879
445 -66.7503 17 13 0 271.48224 0.031108879
446 -66.9003 17 13 0 272.09262 0.034785062
447 -67.0503 17 13 0 272.764 0.034351368
448 -67.2003 17 13 0 273.4354 0.033870667
449 -67.3503 17 13 0 274.10678 0.033359703
450 -67.500305 17 13 0 274.77817 0.032845147
451 -67.65031 17 13 0 275.44955 0.032285262
452 -67.80031 17 13 0 276.1209 0.03172363
453 -67.95031 17 13 0 276.73126 0.031125873
454 -68.10031 17 13 0 277.3416 0.030492516
455 -68.25031 17 13 0 277.95197 0.029860048
456 -68.400314 17 13 0 278.56232 0.0292237
457 -68.550316 17 13 0 279.12967 0.028525067
458 -68.70032 17 13 0 279.679 0.027862238
459 -68.85032 17 13 0 280.22827 0.024626825
460 -69.00032 17 13 0 280.71655 0.024564102
461 -69.15032 17 13 0 281.20483 0.024503788
462 -69.30032 17 14 0 281.69424 0.031108879
463 -69.450325 17 14 0 282.3046 0.031108879
464 -69.60033 17 14 0 282.91495 0.031108879
465 -69.75033 17 14 0 283.5253 0.031108879
466 -69.90033 17 14 0 284.13565 0.031108879
467 -70.05033 17 14 0 284.746 0.031108879
468 -70.20033 17 14 0 285.35635 0.031108879
469 -70.350334 17 14 0 285.9667 0.031108879
470 -70.500336 17 14 0 286.57706 0.031108879
471 -70.65034 17 14 0 287.1874 0.031108879
472 -70.80034 17 14 0 287.79776 0.031108879
473 -70.95034 17 14 0 288.4081 0.031108879
474 -71.10034 17 14 0 289.01846 0.031108879
475 -71.25034 17 14 0 289.6288 0.031108879
476 -71.400345 17 14 0 290.23917 0.031108879
477 -71.55035 17 14 0 290.84952 0.031108879
478 -71.70035 17 14 0 291.4599 0.034785062
479 -71.85035 17 14 0 292.1313 0.034376882
480 -72.00035 17 14 0 292.80267 0.033904273
481 -72.15035 17 14 0 293.47406 0.03341834
482 -72.300354 17 14 0 294.14545 0.03291116
483 -72.450356 17 14 0 294.81683 0.032393157
484 -72.60036 17 14 0 295.4882 0.031838078
485 -72.75036 17 14 0 296.09854 0.031246312
486 -72.90036 17 14 0 296.7089 0.030660795
487 -73.05036 17 14 0 297.31924 0.030032918
488 -73.20036 17 14 0 297.9296 0.029400231
489 -73.350365 17 14 0 298.53738 0.028740808
490 -73.50037 17 14 0 299.0867 0.028085506
491 -73.65037 17 14 0 299.63602 0.027404644
492 -73.80037 17 14 0 300.1853 0.024767376
493 -73.95037 17 14 0 300.67358 0.024691936
494 -74.10037 17 14 0 301.16187 0.024626825
495 -74.250374 17 15 0 301.65057 0.031108864
496 -74.400375 17 15 0 302.26093 0.031108864
497 -74.55038 17 15 0 302.87128 0.031108864
498 -74.70038 17 15 0 303.48163 0.031108864
499 -74.85038 17 15 0 304.09198 0.031108864
500 -75.00038 17 15 0 304.70233 0.031108864
501 -75.15038 17 15 0 305.31268 0.031108864
502 -75.300385 17 15 0 305.92303 0.031108864
503 -75.450386 17 15 0 306.5334 0.031108864
504 -75.60039 17 15 0 307.14374 0.031108864
505 -75.75039 17 15 0 307.7541 0.031108864
506 -75.90039 17 15 0 308.36444 0.031108864
507 -76.05039 17 15 0 308.9748 0.031108864
508 -76.20039 17 15 0 309.58514 0.031108864
509 -76.350395 17 15 0 310.1955 0.031108864
510 -76.5004 17 15 0 310.80585 0.031108864
511 -76.6504 17 15 0 311.4162 0.031108864
512 -76.8004 17 15 0 312.02658 0.03477651
513 -76.9504 17 15 0 312.69797 0.034342997
514 -77.1004 17 15 0 313.36935 0.033870667
515 -77.250404 17 15 0 314.04074 0.033359703
516 -77.400406 17 15 0 314.71213 0.032845147
517 -77.55041 17 15 0 315.3835 0.032285262
518 -77.70041 17 15 0 316.05487 0.03172363
519 -77.85041 17 15 0 316.66522 0.031132938
520 -78.00041 17 15 0 317.27557 0.030534955
521 -78.15041 17 15 0 317.88593 0.029895918
522 -78.300415 17 15 0 318.49628 0.029229866
523 -78.45042 17 15 0 319.0657 0.02856722
524 -78.60042 17 15 0 319.61502 0.027873151
525 -78.75042 17 15 0 320.1643 0.024611635
526 -78.90042 17 15 0 320.6526 0.024549257
527 -79.05042 17 15 0 321.14087 0.024489295
528 -79.200424 17 16 0 321.6296 0.031108864
529 -79.350426 17 16 0 322.23996 0.031108864
530 -79.50043 17 16 0 322.8503 0.031108864
531 -79.65043 17 16 0 323.46066 0.031108864
532 -79.80043 17 16 0 324.071 0.031108864
533 -79.95043 17 16 0 324.68137 0.031108864
534 -80.10043 17 16 0 325.29172 0.031108864
535 -80.250435 17 16 0 325.90207 0.031108864
536 -80.40044 17 16 0 326.51242 0.031108864
537 -80.55044 17 16 0 327.12277 0.031108864
538 -80.70044 17 16 0 327.73312 0.031108864
539 -80.85044 17 16 0 328.34348 0.031108879
540 -81.00044 17 16 0 328.95383 0.031108879
541 -81.150444 17 16 0 329.56418 0.031108879
542 -81.300446 17 16 0 330.17453 0.031108879
543 -81.45045 17 16 0 330.78488 0.031108879
544 -81.60045 17 16 0 331.39523 0.031108879
545 -81.75045 17 16 0 332.0056 0.03477651
546 -81.90045 17 16 0 332.677 0.034342997
547 -82.05045 17 16 0 333.3484 0.033870667
548 -82.200455 17 16 0 334.01978 0.033359703
549 -82.35046 17 16 0 334.69116 0.032845147
550 -82.50046 17 16 0 335.36255 0.032285262
551 -82.65046 17 16 0 336.0339 0.03172363
552 -82.80046 17 16 0 336.64426 0.031125873
553 -82.95046 17 16 0 337.2546 0.030492516
554 -83.100464 17 16 0 337.86496 0.029860048
555 -83.250465 17 16 0 338.4753 0.0292237
556 -83.40047 17 16 0 339.043 0.028525067
557 -83.55047 17 16 0 339.59232 0.027867688
558 -83.70047 17 16 0 340.1416 0.024626825
559 -83.85047 17 16 0 340.62988 0.024564102
560 -84.00047 17 16 0 341.11816 0.024503788
561 -84.150475 17 17 0 341.6065 0.031108864
562 -84.300476 17 17 0 342.21686 0.031108864
563 -84.45048 17 17 0 342.8272 0.031108864
564 -84.60048 17 17 0 343.43756 0.031108879
565 -84.75048 17 17 0 344.0479 0.031108879
566 -84.90048 17 17 0 344.65826 0.031108879
567 -85.05048 17 17 0 345.26862 0.031108879
568 -85.200485 17 17 0 345.87897 0.031108879
569 -85.35049 17 17 0 346.48932 0.031108879
570 -85.50049 17 17 0 347.09967 0.031108879
571 -85.65049 17 17 0 347.71002 0.031108879
572 -85.80049 17 17 0 348.32037 0.031108879
573 -85.95049 17 17 0 348.93073 0.031108879
574 -86.100494 17 17 0 349.54108 0.031108879
575 -86.250496 17 17 0 350.15143 0.031108879
576 -86.4005 17 17 0 350.76178 0.031108879
577 -86.5505 17 17 0 351.37216 0.034785062
578 -86.7005 17 17 0 352.04355 0.034368504
579 -86.8505 17 17 0 352.71494 0.033904273
580 -87.0005 17 17 0 353.38632 0.03341834
581 -87.150505 17 17 0 354.0577 0.032903347
582 -87.30051 17 17 0 354.7291 0.032358166
583 -87.45051 17 17 0 355.40045 0.031838078
584 -87.60051 17 17 0 356.0108 0.031246312
585 -87.75051 17 17 0 356.62115 0.030660795
586 -87.90051 17 17 0 357.2315 0.030032918
587 -88.050514 17 17 0 357.84186 0.0294065
588 -88.200516 17 17 0 358.45044 0.02874675
589 -88.35052 17 17 0 358.99976 0.028091094
590 -88.50052 17 17 0 359.54907 0.027404644
591 -88.65052 17 17 0 360.09836 0.02475942
592 -88.80052 17 17 0 360.58664 0.024691936
593 -88.95052 17 17 0 361.07492 0.024626825
594 -89.100525 17 18 0 361.5646 0.031108864
595 -89.25053 17 18 0 362.17496 0.031108864
596 -89.40053 17 18 0 362.7853 0.031108864
597 -89.55053 17 18 0 363.39566 0.031108864
598 -89.70053 17 18 0 364.006 0.031108864
599 -89.85053 17 18 0 364.61636 0.031108864
600 -90.000534 17 18 0 365.2267 0.031108864
601 -90.150536 17 18 0 365.83707 0.031108864
602 -90.30054 17 18 0 366.44742 0.031108864
603 -90.45054 17 18 0 367.05777 0.031108864
604 -90.60054 17 18 0 367.66812 0.031108864
605 -90.75054 17 18 0 368.27847 0.031108864
606 -90.90054 17 18 0 368.88882 0.031108864
607 -91.050545 17 18 0 369.49918 0.031108864
608 -91.20055 17 18 0 370.10953 0.031108864
609 -91.35055 17 18 0 370.71988 0.031108864
610 -91.50055 17 18 0 371.33023 0.031108864
611 -91.65055 17 18 0 371.9406 0.03477651
612 -91.80055 17 18 0 372.612 0.034342997
613 -91.950554 17 18 0 373.2834 0.033870667
614 -92.100555 17 18 0 373.95477 0.033359703
615 -92.25056 17 18 0 374.62616 0.032845147
616 -92.40056 17 18 0 375.29755 0.032285262
617 -92.55056 17 18 0 375.9689 0.03173095
618 -92.70056 17 18 0 376.57925 0.031132938
619 -92.85056 17 18 0 377.1896 0.030534955
620 -93.000565 17 18 0 377.79996 0.02990241
621 -93.150566 17 18 0 378.4103 0.029236045
622 -93.30057 17 18 0 378.9801 0.02856722
623 -93.45057 17 18 0 379.52942 0.027873151
624 -93.60057 17 18 0 380.0787 0.024611635
625 -93.75057 17 18 0 380.567 0.024549257
626 -93.90057 17 18 0 381.05527 0.024489295
627 -94.050575 17 19 0 381.5456 0.031108864
628 -94.20058 17 19 0 382.15594 0.031108864
629 -94.35058 17 19 0 382.7663 0.031108864
630 -94.50058 17 19 0 383.37665 0.031108864
631 -94.65058 17 19 0 383.987 0.031108864
632 -94.80058 17 19 0 384.59735 0.031108864
633 -94.950584 17 19 0 385.2077 0.031108864
634 -95.100586 17 19 0 385.81805 0.031108864
635 -95.25059 17 19 0 386.4284 0.031108864
636 -95.40059 17 19 0 387.03876 0.031108864
637 -95.55059 17 19 0 387.6491 0.031108879
638 -95.70059 17 19 0 388.25946 0.031108879
639 -95.85059 17 19 0 388.8698 0.031108879
640 -96.000595 17 19 0 389.48016 0.031108879
641 -96.1506 17 19 0 390.0905 0.031108879
642 -96.3006 17 19 0 390.70087 0.031108879
643 -96.4506 17 19 0 391.31122 0.031108879
644 -96.6006 17 19 0 391.9216 0.03477651
645 -96.7506 17 19 0 392.593 0.034342997
646 -96.900604 17 19 0 393.26437 0.033870667
647 -97.050606 17 19 0 393.93576 0.033359703
648 -97.20061 17 19 0 394.60715 0.032845147
649 -97.35061 17 19 0 395.27853 0.032285262
650 -97.50061 17 19 0 395.9499 0.03172363
651 -97.65061 17 19 0 396.56024 0.031125873
652 -97.80061 17 19 0 397.1706 0.030492516
653 -97.950615 17 19 0 397.78094 0.029860048
654 -98.10062 17 19 0 398.3913 0.029229866
655 -98.25062 17 19 0 398.95932 0.028561391
656 -98.40062 17 19 0 399.50864 0.027867688
657 -98.55062 17 19 0 400.05792 0.024619224
658 -98.70062 17 19 0 400.5462 0.024564102
659 -98.850624 17 19 0 401.0345 0.024503788
660 -99.000626 17 20 0 401.5248 0.031108864
661 -99.15063 17 20 0 402.13516 0.031108879
662 -99.30063 17 20 0 402.7455 0.031108879
663 -99.45063 17 20 0 403.35587 0.031108879
664 -99.60063 17 20 0 403.96622 0.031108879
665 -99.75063 17 20 0 404.57657 0.031108879
666 -99.900635 17 20 0 405.18692 0.031108879
667 -100.05064 17 20 0 405.79727 0.031108879
668 -100.20064 17 20 0 406.40762 0.031108879
669 -100.35064 17 20 0 407.01797 0.031108879
670 -100.50064 17 20 0 407.62833 0.031108879
671 -100.65064 17 20 0 408.23868 0.031108879
672 -100.800644 17 20 0 408.84903 0.031108879
673 -100.950645 17 20 0 409.45938 0.031108879
674 -101.10065 17 20 0 410.06973 0.031108879
675 -101.25065 17 20 0 410.68008 0.031108879
676 -101.40065 17 20 0 411.29047 0.034785062
677 -101.55065 17 20 0 411.96185 0.034376882
678 -101.70065 17 20 0 412.63324 0.033904273
679 -101.850655 17 20 0 413.30463 0.03341834
680 -102.000656 17 20 0 413.976 0.03291116
681 -102.15066 17 20 0 414.6474 0.032393157
682 -102.30066 17 20 0 415.31876 0.031838078
683 -102.45066 17 20 0 415.9291 0.03125343
684 -102.60066 17 20 0 416.53946 0.030660795
685 -102.75066 17 20 0 417.1498 0.030032918
686 -102.900665 17 20 0 417.76016 0.0294065
687 -103.05067 17 20 0 418.3697 0.028782997
688 -103.20067 17 20 0 418.919 0.028091094
689 -103.35067 17 20 0 419.46832 0.027404644
690 -103.50067 17 20 0 420.0176 0.02475942
691 -103.65067 17 20 0 420.5059 0.024691936
692 -103.800674 17 20 0 420.99417 0.024619224
693 -103.950676 17 21 0 421.48447 0.031108864
694 -104.10068 17 21 0 422.09482 0.031108864
695 -104.25068 17 21 0 422.70517 0.031108864
696 -104.40068 17 21 0 423.31552 0.031108864
697 -104.55068 17 21 0 423.92587 0.031108864
698 -104.70068 17 21 0 424.53622 0.031108864
699 -104.850685 17 21 0 425.14658 0.031108864
700 -105.00069 17 21 0 425.75693 0.031108864
701 -105.15069 17 21 0 426.36728 0.031108864
702 -105.30069 17 21 0 426.97763 0.031108864
703 -105.45069 17 21 0 427.58798 0.031108864
704 -105.60069 17 21 0 428.19833 0.031108864
705 -105.750694 17 21 0 428.8087 0.031108864
706 -105.900696 17 21 0 429.41904 0.031108864
707 -106.0507 17 21 0 430.0294 0.031108864
708 -106.2007 17 21 0 430.63974 0.031108864
709 -106.3507 17 21 0 431.2501 0.031108864
710 -106.5007 17 21 0 431.86047 0.03477651
711 -106.6507 17 21 0 432.53186 0.034342997
712 -106.800705 17 21 0 433.20325 0.033870667
713 -106.95071 17 21 0 433.87463 0.033359703
714 -107.10071 17 21 0 434.54602 0.032845147
715 -107.25071 17 21 0 435.2174 0.032285262
716 -107.40071 17 21 0 435.88876 0.03173095
717 -107.55071 17 21 0 436.4991 0.031132938
718 -107.700714 17 21 0 437.10947 0.030534955
719 -107.850716 17 21 0 437.71982 0.02990241
720 -108.00072 17 21 0 438.33017 0.029236045
721 -108.15072 17 21 0 438.9001 0.028573055
722 -108.30072 17 21 0 439.4494 0.027873151
723 -108.45072 17 21 0 439.9987 0.024611635
724 -108.60072 17 21 0 440.48697 0.024549257
725 -108.750725 17 21 0 440.97525 0.024489295
726 -108.90073 17 22 0 441.46442 0.031108864
727 -109.05073 17 22 0 442.07477 0.031108864
728 -109.20073 17 22 0 442.68512 0.031108864
729 -109.35073 17 22 0 443.29547 0.031108864
730 -109.50073 17 22 0 443.90582 0.031108864
731 -109.650734 17 22 0 444.51617 0.031108864
732 -109.800735 17 22 0 445.12653 0.031108864
733 -109.95074 17 22 0 445.73688 0.031108864
734 -110.10074 17 22 0 446.34723 0.031108864
735 -110.25074 17 22 0 446.95758 0.031108864
736 -110.40074 17 22 0 447.56793 0.031108864
737 -110.55074 17 22 0 448.17828 0.031108864
738 -110.700745 17 22 0 448.78864 0.031108879
739 -110.850746 17 22 0 449.399 0.031108879
740 -111.00075 17 22 0 450.00934 0.031108879
741 -111.15075 17 22 0 450.6197 0.031108879
742 -111.30075 17 22 0 451.23004 0.031108879
743 -111.45075 17 22 0 451.84042 0.03477651
744 -111.60075 17 22 0 452.5118 0.034342997
745 -111.750755 17 22 0 453.1832 0.033870667
746 -111.90076 17 22 0 453.85458 0.033359703
747 -112.05076 17 22 0 454.52597 0.032845147
748 -112.20076 17 22 0 455.19736 0.032285262
749 -112.35076 17 22 0 455.8687 0.03172363
750 -112.50076 17 22 0 456.47906 0.031125873
751 -112.650764 17 22 0 457.08942 0.030492516
752 -112.800766 17 22 0 457.69977 0.029860048
753 -112.95077 17 22 0 458.31012 0.029229866
754 -113.10077 17 22 0 458.87808 0.028561391
755 -113.25077 17 22 0 459.4274 0.027867688
756 -113.40077 17 22 0 459.97668 0.024619224
757 -113.55077 17 22 0 460.46497 0.024564102
758 -113.700775 17 22 0 460.95325 0.024503788
759 -113.85078 17 23 0 461.44217 0.031108864
760 -114.00078 17 23 0 462.05252 0.031108864
761 -114.15078 17 23 0 462.66287 0.031108864
762 -114.30078 17 23 0 463.27322 0.031108879
763 -114.45078 17 23 0 463.88358 0.031108879
764 -114.600784 17 23 0 464.49393 0.031108879
765 -114.750786 17 23 0 465.10428 0.031108879
766 -114.90079 17 23 0 465.71463 0.031108879
767 -115.05079 17 23 0 466.32498 0.031108879
768 -115.20079 17 23 0 466.93533 0.031108879
769 -115.35079 17 23 0 467.5457 0.031108879
770 -115.50079 17 23 0 468.15604 0.031108879
771 -115.650795 17 23 0 468.7664 0.031108879
772 -115.8008 17 23 0 469.37674 0.031108879
773 -115.9508 17 23 0 469.9871 0.031108879
774 -116.1008 17 23 0 470.59744 0.031108879
775 -116.2508 17 23 0 471.2078 0.031108879
776 -116.4008 17 23 0 471.81818 0.034785062
777 -116.550804 17 23 0 472.48956 0.034368504
778 -116.700806 17 23 0 473.16095 0.033870667
779 -116.85081 17 23 0 473.83234 0.033359703
780 -117.00081 17 23 0 474.50372 0.032845147
781 -117.15081 17 23 0 475.1751 0.032285262
782 -117.30081 17 23 0 475.84647 0.03172363
783 -117.45081 17 23 0 476.45682 0.031125873
784 -117.600815 17 23 0 477.06717 0.030492516
785 -117.75082 17 23 0 477.67752 0.029853558
786 -117.90082 17 23 0 478.28787 0.029187601
787 -118.05082 17 23 0 478.85434 0.028519243
788 -118.20082 17 23 0 479.40366 0.027825681
789 -118.35082 17 23 0 479.95294 0.02463444
790 -118.500824 17 23 0 480.44122 0.024571544
791 -118.650826 17 23 0 480.9295 0.024511054
792 -118.80083 17 24 0 481.41956 0.031108879
793 -118.95083 17 24 0 482.0299 0.031108879
794 -119.10083 17 24 0 482.64026 0.031108879
795 -119.25083 17 24 0 483.2506 0.031108879
796 -119.40083 17 24 0 483.86096 0.031108879
797 -119.550835 17 24 0 484.4713 0.031108879
798 -119.700836 17 24 0 485.08167 0.031108879
799 -119.85084 17 24 0 485.69202 0.031108879
800 -120.00084 17 24 0 486.30237 0.031108879
801 -120.15084 17 24 0 486.91272 0.031108879
802 -120.30084 17 24 0 487.52307 0.031108879
803 -120.45084 17 24 0 488.13342 0.031108879
804 -120.600845 17 24 0 488.74377 0.031108879
805 -120.75085 17 24 0 489.35413 0.031108879
806 -120.90085 17 24 0 489.96448 0.031108879
807 -121.05085 17 24 0 490.57483 0.031108879
808 -121.20085 17 24 0 491.1852 0.034785062
809 -121.35085 17 24 0 491.8566 0.034376882
810 -121.500854 17 24 0 492.52798 0.033904273
811 -121.650856 17 24 0 493.19937 0.03341834
812 -121.80086 17 24 0 493.87076 0.03291116
813 -121.95086 17 24 0 494.54214 0.032393157
814 -122.10086 17 24 0 495.2135 0.031838078
815 -122.25086 17 24 0 495.82385 0.031246312
816 -122.40086 17 24 0 496.4342 0.03065394
817 -122.550865 17 24 0 497.04456 0.030026345
818 -122.70087 17 24 0 497.6549 0.029400231
819 -122.85087 17 24 0 498.26096 0.028740808
820 -123.00087 17 24 0 498.81027 0.028085506
821 -123.15087 17 24 0 499.3596 0.027399434
822 -123.30087 17 24 0 499.90887 0.024767376
823 -123.450874 17 24 0 500.39716 0.024699721
824 -123.600876 17 24 0 500.88544 0.024626825
825 -123.75088 17 25 0 501.37576 0.031108864
826 -123.90088 17 25 0 501.9861 0.031108864
827 -124.05088 17 25 0 502.59647 0.031108864
828 -124.20088 17 25 0 503.20682 0.031108864
829 -124.35088 17 25 0 503.81717 0.031108864
830 -124.500885 17 25 0 504.42752 0.031108864
831 -124.65089 17 25 0 505.03787 0.031108864
832 -124.80089 17 25 0 505.64822 0.031108864
833 -124.95089 17 25 0 506.25858 0.031108864
834 -125.10089 17 25 0 506.86893 0.031108864
835 -125.25089 17 25 0 507.47928 0.031108864
836 -125.400894 17 25 0 508.08963 0.031108864
837 -125.550896 17 25 0 508.69998 0.031108864
838 -125.7009 17 25 0 509.31033 0.031108864
839 -125.8509 17 25 0 509.9207 0.031108864
840 -126.0009 17 25 0 510.53104 0.031108879
841 -126.1509 17 25 0 511.1414 0.031108879
842 -126.3009 17 25 0 511.75177 0.03477651
843 -126.450905 17 25 0 512.4616 0.034342997
844 -126.60091 17 25 0 513.19403 0.033870667
845 -126.75091 17 25 0 513.9204 0.033359703
846 -126.90091 17 25 0 514.53076 0.032845147
847 -127.05091 17 25 0 515.1411 0.032285262
848 -127.20091 17 25 0 515.75146 0.03172363
849 -127.350914 17 25 0 516.3618 0.031132938
850 -127.500916 17 25 0 516.97217 0.030534955
851 -127.65092 17 25 0 517.5825 0.029895918
852 -127.80092 17 25 0 518.1929 0.029229866
853 -127.95092 17 25 0 518.8032 0.02856722
854 -128.10092 17 25 0 519.4136 0.027873151
855 -128.25092 17 25 0 520.02386 0.024611635
856 -128.40091 17 25 0 520.51215 0.024556676
857 -128.5509 17 25 0 521.0004 0.024496535
858 -128.7009 17 26 0 521.48914 0.031108864
859 -128.85089 17 26 0 522.0995 0.031108864
860 -129.00089 17 26 0 522.70984 0.031108864
861 -129.15088 17 26 0 523.3202 0.031108864
862 -129.30087 17 26 0 523.93054 0.031108864
863 -129.45087 17 26 0 524.5409 0.031108864
864 -129.60086 17 26 0 525.15125 0.031108864
865 -129.75085 17 26 0 525.7616 0.031108864
866 -129.90085 17 26 0 526.37195 0.031108879
867 -130.05084 17 26 0 526.9823 0.031108879
868 -130.20084 17 26 0 527.59265 0.031108879
869 -130.35083 17 26 0 528.203 0.031108879
870 -130.50082 17 26 0 528.81335 0.031108879
871 -130.65082 17 26 0 529.4237 0.031108879
872 -130.80081 17 26 0 530.03406 0.031108879
873 -130.9508 17 26 0 530.6444 0.031108879
874 -131.1008 17 26 0 531.25476 0.031108879
875 -131.2508 17 26 0 531.8652 0.034785062
876 -131.40079 17 26 0 532.5976 0.034342997
877 -131.55078 17 26 0 533.33 0.033870667
878 -131.70078 17 26 0 534.05664 0.033359703
879 -131.85077 17 26 0 534.667 0.032845147
880 -132.00076 17 26 0 535.27734 0.032285262
881 -132.15076 17 26 0 535.8877 0.03172363
882 -132.30075 17 26 0 536.49805 0.031125873
883 -132.45074 17 26 0 537.1084 0.030492516
884 -132.60074 17 26 0 537.71875 0.029860048
885 -132.75073 17 26 0 538.3291 0.0292237
886 -132.90073 17 26 0 538.93945 0.028525067
887 -133.05072 17 26 0 539.5498 0.027862238
888 -133.20071 17 26 0 540.1601 0.024626825
889 -133.35071 17 26 0 540.6484 0.024564102
890 -133.5007 17 26 0 541.13666 0.024503788
891 -133.6507 17 27 0 541.62695 0.031108879
892 -133.80069 17 27 0 542.2373 0.031108879
893 -133.95068 17 27 0 542.84766 0.031108879
894 -134.10068 17 27 0 543.458 0.031108879
895 -134.25067 17 27 0 544.06836 0.031108879
896 -134.40067 17 27 0 544.6787 0.031108879
897 -134.55066 17 27 0 545.28906 0.031108879
898 -134.70065 17 27 0 545.8994 0.031108879
899 -134.85065 17 27 0 546.50977 0.031108879
900 -135.00064 17 27 0 547.1201 0.031108879
901 -135.15063 17 27 0 547.73047 0.031108879
902 -135.30063 17 27 0 548.3408 0.031108879
903 -135.45062 17 27 0 548.9512 0.031108879
904 -135.60062 17 27 0 549.5615 0.031108879
905 -135.75061 17 27 0 550.1719 0.031108879
906 -135.9006 17 27 0 550.7822 0.031108879
907 -136.0506 17 27 0 551.39264 0.034785062
908 -136.20059 17 27 0 552.12506 0.034376882
909 -136.35059 17 27 0 552.8575 0.033904273
910 -136.50058 17 27 0 553.58984 0.03341834
911 -136.65057 17 27 0 554.2002 0.03291116
912 -136.80057 17 27 0 554.81055 0.032393157
913 -136.95056 17 27 0 555.4209 0.031838078
914 -137.10056 17 27 0 556.03125 0.031246312
915 -137.25055 17 27 0 556.6416 0.030660795
916 -137.40054 17 27 0 557.25195 0.030032918
917 -137.55054 17 27 0 557.8623 0.029400231
918 -137.70053 17 27 0 558.47266 0.028740808
919 -137.85052 17 27 0 559.083 0.028085506
920 -138.00052 17 27 0 559.6933 0.027404644
921 -138.15051 17 27 0 560.1816 0.024767376
922 -138.3005 17 27 0 560.66986 0.024691936
923 -138.4505 17 27 0 561.15814 0.024626825
924 -138.6005 17 28 0 561.6483 0.031108864
925 -138.75049 17 28 0 562.25867 0.031108864
926 -138.90048 17 28 0 562.869 0.031108864
927 -139.05048 17 28 0 563.4794 0.031108864
928 -139.20047 17 28 0 564.0897 0.031108864
929 -139.35046 17 28 0 564.7001 0.031108864
930 -139.50046 17 28 0 565.3104 0.031108864
931 -139.65045 17 28 0 565.9208 0.031108864
932 -139.80045 17 28 0 566.5311 0.031108864
933 -139.95044 17 28 0 567.1415 0.031108864
934 -140.10043 17 28 0 567.75183 0.031108864
935 -140.25043 17 28 0 568.3622 0.031108864
936 -140.40042 17 28 0 568.97253 0.031108864
937 -140.55042 17 28 0 569.5829 0.031108864
938 -140.70041 17 28 0 570.19324 0.031108864
939 -140.8504 17 28 0 570.8036 0.031108864
940 -141.0004 17 28 0 571.41394 0.031108864
941 -141.15039 17 28 0 572.02435 0.03477651
942 -141.30038 17 28 0 572.7568 0.034342997
943 -141.45038 17 28 0 573.4892 0.033870667
944 -141.60037 17 28 0 574.21533 0.033359703
945 -141.75037 17 28 0 574.8257 0.032845147
946 -141.90036 17 28 0 575.43604 0.032285262
947 -142.05035 17 28 0 576.0464 0.03173095
948 -142.20035 17 28 0 576.65674 0.031132938
949 -142.35034 17 28 0 577.2671 0.030534955
950 -142.50034 17 28 0 577.87744 0.02990241
951 -142.65033 17 28 0 578.4878 0.029229866
952 -142.80032 17 28 0 579.09814 0.02856722
953 -142.95032 17 28 0 579.7085 0.027873151
954 -143.10031 17 28 0 580.3188 0.024611635
955 -143.2503 17 28 0 580.80707 0.024549257
956 -143.4003 17 28 0 581.29535 0.024489295
957 -143.5503 17 29 0 581.78485 0.031108864
958 -143.70029 17 29 0 582.3952 0.031108864
959 -143.85028 17 29 0 583.00555 0.031108864
960 -144.00027 17 29 0 583.6159 0.031108864
961 -144.15027 17 29 0 584.22626 0.031108864
962 -144.30026 17 29 0 584.8366 0.031108864
963 -144.45026 17 29 0 585.44696 0.031108864
964 -144.60025 17 29 0 586.0573 0.031108864
965 -144.75024 17 29 0 586.66766 0.031108864
966 -144.90024 17 29 0 587.278 0.031108879
967 -145.05023 17 29 0 587.88837 0.031108879
968 -145.20023 17 29 0 588.4987 0.031108879
969 -145.35022 17 29 0 589.1091 0.031108879
970 -145.50021 17 29 0 589.7194 0.031108879
971 -145.6502 17 29 0 590.3298 0.031108879
972 -145.8002 17 29 0 590.9401 0.031108879
973 -145.9502 17 29 0 591.5505 0.031108879
974 -146.10019 17 29 0 592.1609 0.03477651
975 -146.25018 17 29 0 592.8933 0.034342997
976 -146.40018 17 29 0 593.62573 0.033870667
977 -146.55017 17 29 0 594.35236 0.033359703
978 -146.70016 17 29 0 594.9627 0.032845147
979 -146.85016 17 29 0 595.57306 0.032285262
980 -147.00015 17 29 0 596.1834 0.03172363
981 -147.15015 17 29 0 596.79376 0.031125873
982 -147.30014 17 29 0 597.4041 0.030492516
983 -147.45013 17 29 0 598.01447 0.029860048
984 -147.60013 17 29 0 598.6248 0.0292237
985 -147.75012 17 29 0 599.23517 0.028525067
986 -147.90012 17 29 0 599.8455 0.027867688
987 -148.05011 17 29 0 600.4558 0.024626825
988 -148.2001 17 29 0 600.9441 0.024564102
989 -148.3501 17 29 0 601.4324 0.024503788
990 -148.50009 17 30 0 601.9207 0.031108864
991 -148.65009 17 30 0 602.53107 0.031108864
992 -148.80008 17 30 0 603.1414 0.031108879
993 -148.95007 17 30 0 603.7518 0.031108879
994 -149.10007 17 30 0 604.3621 0.031108879
995 -149.25006 17 30 0 604.9725 0.031108879
996 -149.40005 17 30 0 605.5828 0.031108879
997 -149.55005 17 30 0 606.1932 0.031108879
998 -149.70004 17 30 0 606.8035 0.031108879
999 -149.85004 17 30 0 607.4139 0.031108879
1000 -150.00003 17 30 0 608.02423 0.031108879
1001 -150.15002 17 30 0 608.6346 0.031108879

----QMATRIX: [Sensed Threat] > ACTION == UTILITY------
[1.0,0.0,0.0,0.0,0.0,0.0,0.0,0.0] > ACTION_BACK == -4.3231896E-8
[0.0,0.0,1.0,0.0,0.0,0.0,0.0,0.0] > ACTION_BACK == -0.05634437
[0.0,0.0,0.0,0.0,0.0,0.0,0.0,0.0] > ACTION_LEFT == -4.806257E-8
[0.0,0.0,0.0,1.0,1.0,0.0,0.0,0.0] > ACTION_RIGHT == -0.0720368
[0.0,0.0,0.0,1.0,0.0,0.0,0.0,0.0] > ACTION_RIGHT == -0.08178853
[0.0,0.0,1.0,0.0,0.0,0.0,0.0,0.0] > ACTION_RIGHT == -0.08001209
[0.0,0.0,0.0,0.0,0.0,0.0,0.0,0.0] > ACTION_NONE == -0.004428942
[0.0,0.0,0.0,0.0,0.0,0.0,0.0,0.0] > ACTION_BACK == -3.802467E-4
[0.0,1.0,0.0,0.0,0.0,0.0,0.0,0.0] > ACTION_RIGHT == -0.09
[0.0,0.0,0.0,0.0,1.0,0.0,0.0,0.0] > ACTION_RIGHT == -0.06985489
[0.0,0.0,0.0,0.0,0.0,0.0,0.0,0.0] > ACTION_RIGHT == -0.006146278
[0.0,0.0,0.0,1.0,0.0,0.0,0.0,0.0] > ACTION_NONE == -0.09910057
[0.0,0.0,1.0,0.0,0.0,0.0,0.0,0.0] > ACTION_NONE == -0.14790682
[0.0,0.0,0.0,1.0,0.0,0.0,0.0,0.0] > ACTION_BACK == -0.082648255
[0.0,1.0,0.0,0.0,0.0,0.0,0.0,0.0] > ACTION_NONE == -0.10173088
[1.0,0.0,0.0,0.0,0.0,0.0,0.0,0.0] > ACTION_RIGHT == -4.3256314E-9
[0.0,1.0,0.0,0.0,0.0,0.0,0.0,0.0] > ACTION_BACK == -0.078633
