-----Simulation Parameters-----
Iteration Length: 200
Iteration Qty: 1000.0
Learning Rate: 0.1
Discount Factor: 0.9
Decay: 0.15
Max View Distance: 10.0

-----SIMULATION STEPS------
Steps | Exploration Rate | QMatrix Size | Crashes | Victories | Distance Moved | Speed
1 99.85 0 0 0 0.62353855 0.046665683
2 99.7 0 0 0 1.5565635 0.032066636
3 99.549995 0 0 0 2.19812 0.046658646
4 99.399994 0 0 0 3.1297054 0.031112036
5 99.24999 0 0 0 3.7522979 0.015546611
6 99.09999 0 0 0 4.061445 0.031112036
7 98.94999 0 0 0 4.6841946 0.031112036
8 98.79999 0 0 0 5.306953 0.032067653
9 98.64999 0 0 0 5.9469934 0.04666597
10 98.499985 0 0 0 6.8812833 0.015550051
11 98.34998 0 0 0 7.1942534 0.032062273
12 98.19998 0 0 0 7.8357854 0.015551209
13 98.04998 0 0 0 8.14859 0.015551209
14 97.89998 0 0 0 8.46155 0.031102419
15 97.74998 0 0 0 9.083191 0.015551209
16 97.599976 0 0 0 9.396307 0.046672482
17 97.449974 0 0 0 10.330908 0.046672482
18 97.29997 0 0 0 11.265362 0.032068435
19 97.14997 0 0 0 11.904886 0.032079455
20 96.99997 0 0 0 12.54582 0.031099405
21 96.84997 0 0 0 13.169523 0.031099405
22 96.69997 0 0 0 13.79338 0.04665038
23 96.549965 0 0 0 14.724021 0.032060962
24 96.39996 0 0 0 15.363378 0.015566816
25 96.24996 0 0 0 15.670626 0.032049358
26 96.09996 0 0 0 16.311848 0.046675935
27 95.94996 0 0 0 17.246292 0.031129222
28 95.79996 0 0 0 17.868244 0.046675935
29 95.649956 0 0 0 18.802845 0.046675935
30 95.499954 0 0 0 19.737135 0.015546717
31 95.34995 0 0 0 20.04994 0.015546717
32 95.19995 0 0 0 20.362745 0.015546717
33 95.04995 0 0 0 20.67555 0.015546717
34 94.89995 0 0 0 20.98851 0.031093433
35 94.74995 0 0 0 21.610151 0.015546717
36 94.599945 0 0 0 21.922956 0.015546717
37 94.44994 0 0 0 22.236073 0.046680193
38 94.29994 0 0 0 23.170362 0.015548858
39 94.14994 0 0 0 23.48348 0.046682328
40 93.99994 0 0 0 24.420252 0.03205479
41 93.84994 0 0 0 25.060059 0.031113978
42 93.699936 0 0 2 25.681707 0.016334122
43 93.549934 0 0 2 26.009338 0.04640012
44 93.39993 0 0 2 26.93615 0.0303135
45 93.24993 0 0 2 27.541437 0.031117555
46 93.09993 0 0 2 28.163233 0.031117555
47 92.94993 0 0 2 28.784882 0.016403431
48 92.79993 0 0 2 29.113245 0.046383236
49 92.649925 0 0 2 30.040064 0.031117555
50 92.49992 0 0 2 30.66185 0.030254949
51 92.34992 0 0 2 31.264582 0.031117046
52 92.19992 0 0 2 31.886377 0.031117046
53 92.04992 0 0 2 32.511143 0.016470537
54 91.89992 0 0 2 32.839344 0.03020703
55 91.749916 0 0 2 33.44193 0.01651091
56 91.599915 0 0 2 33.77014 0.031117046
57 91.44991 0 0 2 34.395905 0.046349686
58 91.29991 0 0 2 35.326538 0.03111002
59 91.14991 0 0 2 35.952137 0.030128201
60 90.99991 0 0 2 36.55487 0.031115778
61 90.84991 0 0 2 37.18047 0.030029023
62 90.699905 0 0 2 37.783203 0.031103827
63 90.549904 0 0 2 38.408813 0.031103827
64 90.3999 0 0 2 39.034573 0.04626529
65 90.2499 0 0 2 39.95773 0.04624894
66 90.0999 0 0 2 40.880737 0.03112309
67 89.9499 0 0 2 41.506348 0.03112309
68 89.7999 0 0 2 42.131943 0.0298048
69 89.649895 0 0 2 42.7272 0.046182264
70 89.49989 0 0 2 43.65019 0.029572006
71 89.34989 0 0 2 44.23753 0.017248718
72 89.19989 0 0 2 44.58099 0.031124609
73 89.04989 0 0 2 45.198956 0.029527167
74 88.89989 0 0 2 45.786434 0.031097371
75 88.749886 0 0 2 46.404415 0.031097371
76 88.599884 0 0 2 47.022396 0.031097371
77 88.44988 0 0 2 47.64024 0.017319104
78 88.29988 0 0 2 47.983562 0.017145144
79 88.14988 0 0 2 48.326675 0.046146173
80 87.99988 0 0 2 49.24968 0.031093221
81 87.84988 0 0 2 49.867813 0.046114277
82 87.699875 0 0 2 50.790966 0.046046823
83 87.54987 0 0 2 51.706326 0.029166099
84 87.39987 0 0 2 52.28616 0.028908106
85 87.24987 0 0 2 52.86457 0.028658532
86 87.09987 0 0 4 53.4698 0.04667676
87 86.94987 0 0 4 54.400433 0.031105224
88 86.799866 0 0 4 55.026043 0.031105224
89 86.649864 0 0 4 55.65166 0.03205908
90 86.49986 0 0 4 56.292522 0.031103155
91 86.34986 0 0 4 56.918133 0.031103155
92 86.19986 0 0 4 57.543896 0.04666306
93 86.04986 0 0 4 58.474537 0.03207546
94 85.89986 0 0 4 59.1154 0.031118823
95 85.749855 0 0 4 59.74101 0.031118823
96 85.59985 0 0 4 60.36536 0.015548858
97 85.44985 0 0 4 60.67832 0.031118823
98 85.29985 0 0 4 61.301792 0.015548858
99 85.14985 0 0 4 61.614754 0.031118823
100 84.99985 0 0 4 62.238377 0.031118823
101 84.849846 0 0 4 62.860275 0.046669845
102 84.699844 0 0 4 63.79501 0.015548858
103 84.54984 0 0 4 64.110596 0.031099873
104 84.39984 0 0 4 64.73621 0.03206148
105 84.24984 0 0 4 65.37692 0.015574293
106 84.09984 0 0 4 65.69752 0.032082766
107 83.94984 0 0 4 66.33839 0.03207042
108 83.799835 0 0 4 66.979256 0.03205392
109 83.64983 0 0 4 67.62027 0.04664815
110 83.49983 0 0 4 68.55075 0.0155372135
111 83.34983 0 0 4 68.87134 0.031112451
112 83.19983 0 0 4 69.4971 0.04664815
113 83.04983 0 0 4 70.42774 0.03207598
114 82.899826 0 0 4 71.0686 0.031123728
115 82.749825 0 0 4 71.69422 0.032077067
116 82.59982 0 0 4 72.33508 0.03110011
117 82.44982 0 0 4 72.9607 0.03207092
118 82.29982 0 0 4 73.60156 0.031117624
119 82.14982 0 0 4 74.227325 0.046656977
120 81.99982 0 0 4 75.15797 0.032058895
121 81.849815 0 0 4 75.79898 0.04666873
122 81.699814 0 0 6 76.72977 0.04666696
123 81.54981 0 0 6 77.66041 0.03207097
124 81.39981 0 0 6 78.30127 0.031104406
125 81.24981 0 0 6 78.92688 0.031104406
126 81.09981 0 0 6 79.55249 0.031104995
127 80.94981 0 0 6 80.17811 0.03207346
128 80.799805 0 0 6 80.81882 0.015549571
129 80.6498 0 0 6 81.139404 0.031117748
130 80.4998 0 0 6 81.76486 0.015549571
131 80.3498 0 0 6 82.08546 0.032072112
132 80.1998 0 0 6 82.726326 0.032067295
133 80.0498 0 0 6 83.36719 0.031110171
134 79.899796 0 0 6 83.9928 0.031110171
135 79.749794 0 0 6 84.618416 0.032064214
136 79.59979 0 0 6 85.25928 0.031108864
137 79.44979 0 0 6 85.88489 0.031108864
138 79.29979 0 0 6 86.51065 0.046672836
139 79.14979 0 0 6 87.441284 0.031108864
140 78.99979 0 0 6 88.06705 0.046672836
141 78.849785 0 0 6 88.99769 0.032072064
142 78.69978 0 0 6 89.63856 0.031897556
143 78.54978 0 0 6 90.27957 0.04665501
144 78.39978 0 0 6 91.21005 0.015600572
145 78.24978 0 0 6 91.53049 0.015596759
146 78.09978 0 0 6 91.85108 0.03174896
147 77.949776 0 0 6 92.48295 0.031541437
148 77.799774 0 0 6 93.108406 0.01569362
149 77.64977 0 0 6 93.42899 0.031122675
150 77.49977 0 0 6 94.054756 0.046621233
151 77.34977 0 0 6 94.98524 0.01569362
152 77.19977 0 0 6 95.30567 0.015669504
153 77.04977 0 0 6 95.62626 0.031117624
154 76.899765 0 0 6 96.25187 0.031418987
155 76.74976 0 0 6 96.87763 0.04658801
156 76.59976 0 0 6 97.808266 0.030980678
157 76.44976 0 0 6 98.43054 0.031129075
158 76.29976 0 0 6 99.056145 0.030528143
159 76.14976 0 0 6 99.66636 0.016668884
160 75.999756 0 0 6 100.00219 0.030308245
161 75.849754 0 0 6 100.60382 0.04614923
162 75.69975 0 0 6 101.5268 0.045808308
163 75.54975 0 0 8 102.44724 0.03206309
164 75.39975 0 0 8 103.088104 0.031118684
165 75.24975 0 0 8 103.71372 0.0320588
166 75.09975 0 0 8 104.35459 0.03207369
167 74.949745 0 0 8 104.99545 0.031112222
168 74.79974 0 0 8 105.62106 0.031112222
169 74.64974 0 0 8 106.246826 0.046659082
170 74.49974 0 0 8 107.17746 0.031112222
171 74.34974 0 0 8 107.80308 0.03207097
172 74.19974 0 0 8 108.44409 0.046674885
173 74.049736 0 0 8 109.374725 0.031110171
174 73.899734 0 0 8 110.00049 0.046674885
175 73.74973 0 0 8 110.93112 0.031110171
176 73.59973 0 0 8 111.55674 0.032064214
177 73.44973 0 0 8 112.197754 0.04667296
178 73.29973 0 0 8 113.12839 0.03110895
179 73.14973 0 0 8 113.754 0.03110895
180 72.999725 0 0 8 114.37961 0.031128023
181 72.849724 0 0 8 115.005066 0.015564011
182 72.69972 0 0 8 115.3104 0.031128077
183 72.54972 0 0 8 115.93601 0.031128077
184 72.39972 0 0 8 116.56163 0.032072216
185 72.24972 0 0 8 117.2025 0.031970628
186 72.09972 0 0 8 117.84351 0.04665431
187 71.949715 0 0 8 118.77415 0.031093152
188 71.79971 0 0 8 119.399765 0.0318251
189 71.64971 0 0 8 120.04063 0.031099616
190 71.49971 0 0 8 120.66624 0.031099616
191 71.34971 0 0 8 121.29185 0.031099616
192 71.19971 0 0 8 121.917465 0.031682026
193 71.049706 0 0 8 122.544754 0.046657257
194 70.899704 0 0 8 123.47539 0.031112995
195 70.7497 0 0 8 124.101 0.031112995
196 70.5997 0 0 8 124.72676 0.046619594
197 70.4497 0 0 8 125.657394 0.031422917
198 70.2997 0 0 8 126.28316 0.046586078
199 70.1497 0 0 10 127.21379 0.031103259
200 69.999695 0 0 10 127.8394 0.031103259
201 69.84969 0 0 10 128.45352 0.015605434
202 69.69969 0 0 10 128.75885 0.031102704
203 69.54969 0 0 10 129.3692 0.031102704
204 69.39969 0 0 10 129.9794 0.015603767
205 69.24969 0 0 10 130.2849 0.04665581
206 69.099686 0 0 10 131.23077 0.031102704
207 68.949684 0 0 10 131.84113 0.031102704
208 68.79968 0 0 10 132.45149 0.031634174
209 68.64968 0 0 10 133.09251 0.046637733
210 68.49968 0 0 10 134.03824 0.015631195
211 68.34968 0 0 10 134.34357 0.031108124
212 68.19968 0 0 10 134.95393 0.031545494
213 68.049675 0 0 10 135.59479 0.031115258
214 67.89967 0 0 10 136.2053 0.04663892
215 67.74967 0 0 10 137.15118 0.031116826
216 67.59967 0 0 10 137.7617 0.04663918
217 67.44967 0 0 10 138.70758 0.031117624
218 67.29967 0 0 10 139.31795 0.031415068
219 67.149666 0 0 10 139.9588 0.031128146
220 66.999664 0 0 10 140.56915 0.031294122
221 66.84966 0 0 10 141.17935 0.015757019
222 66.69966 0 0 10 141.48468 0.03110011
223 66.54966 0 0 10 142.09503 0.03110011
224 66.39966 0 0 10 142.70538 0.031219352
225 66.24966 0 0 10 143.31558 0.015811967
226 66.099655 0 0 10 143.62108 0.04658761
227 65.94965 0 0 10 144.56696 0.031116152
228 65.79965 0 0 10 145.1773 0.031093925
229 65.64965 0 0 10 145.78766 0.030922826
230 65.49965 1 1 10 146.39922 0.046637114
231 65.34965 1 1 10 147.34511 0.03158045
232 65.199646 1 1 10 147.98596 0.031110838
233 65.049644 1 1 10 148.59631 0.031110838
234 64.89964 1 1 10 149.20667 0.031110141
235 64.74964 1 1 10 149.81686 0.015637305
236 64.59964 1 1 10 150.1222 0.03110946
237 64.44964 1 1 10 150.73256 0.031533364
238 64.29964 1 1 10 151.37341 0.031116037
239 64.149635 1 1 10 151.98393 0.04663892
240 63.999634 1 1 10 152.92981 0.031116826
241 63.849632 1 1 10 153.54016 0.031116826
242 63.69963 1 1 10 154.15051 0.031116826
243 63.54963 1 1 10 154.76071 0.01566616
244 63.399628 1 1 10 155.06589 0.015661469
245 63.249626 1 1 10 155.37122 0.031114493
246 63.099625 1 1 10 155.98141 0.015656868
247 62.949623 1 1 10 156.28659 0.01565014
248 62.79962 1 1 10 156.59192 0.031112265
249 62.64962 1 1 10 157.20227 0.031112265
250 62.49962 1 1 10 157.81262 0.031112265
251 62.349617 1 1 10 158.42297 0.031112265
252 62.199615 1 1 10 159.03317 0.01562682
253 62.049614 1 1 10 159.33867 0.046657257
254 61.899612 1 1 10 160.28455 0.031112265
255 61.74961 1 1 10 160.89507 0.04661935
256 61.59961 1 1 10 161.84096 0.03147209
257 61.449608 1 1 10 162.48181 0.03112536
258 61.299606 1 1 10 163.09216 0.031342916
259 61.149605 1 1 10 163.70251 0.03110226
260 60.999603 1 1 10 164.31271 0.015753776
261 60.8496 1 1 10 164.61804 0.03109905
262 60.6996 1 1 10 165.22856 0.04658536
263 60.5496 2 2 10 166.15027 0.031103827
264 60.399597 2 2 10 166.76062 0.031103827
265 60.249596 2 2 10 167.37114 0.046656184
266 60.099594 2 2 10 168.31702 0.031104406
267 59.949593 2 2 10 168.92754 0.046656184
268 59.79959 2 2 10 169.87341 0.031104995
269 59.64959 2 2 10 170.48376 0.031104995
270 59.499588 2 2 10 171.09412 0.031104995
271 59.349586 2 2 10 171.70448 0.031599075
272 59.199585 2 2 10 172.34535 0.031506687
273 59.049583 2 2 10 172.98637 0.046620376
274 58.899582 2 2 10 173.93225 0.031120097
275 58.74958 2 2 10 174.5426 0.031120097
276 58.59958 2 2 10 175.1528 0.015678288
277 58.449577 2 2 10 175.4583 0.046620376
278 58.299576 2 2 10 176.40402 0.015678288
279 58.149574 2 2 10 176.70952 0.046620376
280 57.999573 2 2 10 177.65524 0.015659379
281 57.84957 2 2 10 177.96057 0.031117624
282 57.69957 2 2 10 178.57092 0.031117624
283 57.54957 2 2 10 179.18112 0.015652023
284 57.399567 2 2 10 179.48645 0.031116037
285 57.249565 2 2 10 180.0968 0.031116037
286 57.099564 2 2 10 180.707 0.015642539
287 56.949562 2 2 10 181.0125 0.046619594
288 56.79956 2 2 10 181.95837 0.031116037
289 56.64956 2 2 10 182.56873 0.031116037
290 56.499557 2 2 10 183.17908 0.031116037
291 56.349556 3 2 10 183.78944 0.03146418
292 56.199554 4 2 10 184.43047 0.04662248
293 56.049553 4 3 10 185.37929 0.031611416
294 55.89955 4 3 10 186.02014 0.031108785
295 55.74955 4 3 10 186.6305 0.031108785
296 55.59955 4 3 10 187.24084 0.031108785
297 55.449547 4 3 10 187.8512 0.031108785
298 55.299545 4 3 10 188.46172 0.046637733
299 55.149544 4 3 10 189.40744 0.015633209
300 54.999542 4 3 10 189.71278 0.031541437
301 54.84954 4 3 10 190.35364 0.031114493
302 54.69954 4 3 10 190.96399 0.031114493
303 54.549538 4 3 10 191.57434 0.031114493
304 54.399536 4 3 10 192.18486 0.046638668
305 54.249535 4 3 10 193.13074 0.031116037
306 54.099533 4 3 10 193.74109 0.031116037
307 53.94953 4 3 10 194.35161 0.04663892
308 53.79953 5 3 10 195.29753 0.035930037
309 53.64953 6 3 10 195.99944 0.035565976
310 53.499527 6 3 10 196.70122 0.023352498
311 53.349525 7 3 10 197.15898 0.023352498
312 53.199524 7 3 10 197.61684 0.031092877
313 53.049522 7 3 10 198.25754 0.015577469
314 52.89952 7 3 10 198.56303 0.046654217
315 52.74952 8 3 10 199.50908 0.046654217
316 52.599518 8 3 10 200.455 0.03439402
317 52.449516 8 3 10 201.1336 0.031105598
318 52.299515 8 3 10 201.77449 0.033878855
319 52.149513 8 3 10 202.44588 0.033351712
320 51.99951 8 3 10 203.1174 0.046552006
321 51.84951 8 3 10 204.06328 0.031095047
322 51.69951 9 4 10 204.67523 0.015605434
323 51.549507 10 4 10 204.98056 0.031102704
324 51.399506 11 4 10 205.59091 0.031102704
325 51.249504 11 4 10 206.20126 0.031102704
326 51.099503 11 4 10 206.81161 0.031102704
327 50.9495 11 4 10 207.42181 0.015602123
328 50.7995 11 4 10 207.72699 0.0156005025
329 50.649498 11 4 10 208.03232 0.031120695
330 50.499496 11 4 10 208.64252 0.01559733
331 50.349495 11 4 10 208.9477 0.01559578
332 50.199493 11 4 10 209.25302 0.031119667
333 50.04949 11 4 10 209.86337 0.031119667
334 49.89949 11 4 10 210.47372 0.031119667
335 49.74949 11 4 10 211.08424 0.046655633
336 49.599487 11 4 10 212.03014 0.031646643
337 49.449486 11 4 10 212.671 0.031568192
338 49.299484 11 4 10 213.31187 0.03147209
339 49.149483 11 4 10 213.95273 0.031103622
340 48.99948 11 4 10 214.563 0.023375202
341 48.84948 11 4 10 215.02077 0.02337376
342 48.69948 11 4 10 215.47853 0.02337234
343 48.549477 11 4 10 215.93654 0.046620656
344 48.399475 11 4 10 216.88234 0.02337376
345 48.249474 11 4 10 217.3401 0.02337234
346 48.099472 11 4 10 217.79779 0.015661875
347 47.94947 11 4 10 218.10304 0.023366794
348 47.79947 11 4 10 218.5608 0.023364117
349 47.649467 11 4 10 219.01857 0.023362802
350 47.499466 11 4 10 219.47633 0.023361502
351 47.349464 11 4 10 219.9341 0.023358949
352 47.199463 11 4 10 220.39178 0.015633417
353 47.04946 11 4 10 220.69704 0.023354026
354 46.89946 11 4 10 221.15472 0.015622536
355 46.74946 11 4 10 221.45998 0.02334935
356 46.599457 11 4 10 221.91774 0.023348222
357 46.449455 11 4 10 222.37543 0.015646212
358 46.299454 11 4 10 222.68092 0.046656586
359 46.149452 11 5 10 223.62819 0.031103259
360 45.99945 11 5 10 224.23854 0.031103259
361 45.84945 11 5 10 224.84889 0.031103259
362 45.699448 11 5 10 225.45924 0.031103259
363 45.549446 11 5 10 226.06944 0.015605434
364 45.399445 11 5 10 226.37479 0.031634174
365 45.249443 11 5 10 227.01564 0.031108124
366 45.09944 11 5 10 227.62616 0.046637733
367 44.94944 11 5 10 228.57188 0.015629206
368 44.79944 11 5 10 228.87738 0.046637733
369 44.649437 11 5 10 229.82326 0.031108785
370 44.499435 11 5 10 230.43361 0.031108785
371 44.349434 11 5 10 231.04413 0.046637733
372 44.199432 11 5 10 231.99002 0.031537395
373 44.04943 11 5 10 232.63104 0.04663918
374 43.89943 11 5 10 233.57697 0.035964776
375 43.749428 11 5 10 234.28941 0.035600517
376 43.599426 11 5 10 234.99132 0.03522154
377 43.449425 11 5 10 235.69322 0.03482771
378 43.299423 11 5 10 236.39513 0.03479638
379 43.14942 11 5 10 237.097 0.03110163
380 42.99942 11 5 10 237.73787 0.032084353
381 42.84942 11 5 10 238.37874 0.031095773
382 42.699417 12 5 10 239.0196 0.031095773
383 42.549416 12 5 10 239.66063 0.04666273
384 42.399414 12 5 10 240.60655 0.03476613
385 42.249413 12 5 10 241.30841 0.031112265
386 42.09941 12 5 10 241.91876 0.031112265
387 41.94941 12 5 10 242.52928 0.046650067
388 41.799408 12 5 10 243.47516 0.031112995
389 41.649406 13 5 10 244.08551 0.031112995
390 41.499405 13 5 10 244.69586 0.031112995
391 41.349403 13 5 10 245.30621 0.031112995
392 41.1994 13 5 10 245.91656 0.031112995
393 41.0494 13 5 10 246.52693 0.032068636
394 40.8994 13 5 10 247.1678 0.031099143
395 40.749397 13 5 10 247.80867 0.031099143
396 40.599396 13 5 12 248.44939 0.03206743
397 40.449394 13 5 12 249.09024 0.03110923
398 40.299393 13 5 12 249.70059 0.03110923
399 40.14939 13 5 12 250.31094 0.03110923
400 39.99939 13 5 12 250.9213 0.03110923
401 39.84939 13 5 12 251.53165 0.03110923
402 39.699387 13 5 12 252.142 0.03110923
403 39.549385 13 5 12 252.75235 0.03110923
404 39.399384 13 5 12 253.3627 0.03110923
405 39.249382 13 5 12 253.97307 0.031993695
406 39.09938 13 5 12 254.61392 0.03111075
407 38.94938 13 5 12 255.22412 0.015572483
408 38.799377 13 5 12 255.52945 0.031110546
409 38.649376 13 5 12 256.1398 0.031110546
410 38.499374 13 5 12 256.75015 0.031911653
411 38.349373 13 5 12 257.3605 0.031113774
412 38.19937 13 5 12 257.97086 0.031113774
413 38.04937 13 5 12 258.5812 0.031113774
414 37.89937 13 5 12 259.19156 0.031113774
415 37.749367 13 5 12 259.8019 0.031113774
416 37.599365 13 5 12 260.41232 0.035264604
417 37.449364 14 5 12 261.1447 0.034810618
418 37.299362 14 5 12 261.81592 0.015547184
419 37.14936 14 5 12 262.12125 0.03111312
420 36.99936 14 5 12 262.7316 0.032067295
421 36.849358 14 5 12 263.34198 0.034768783
422 36.699356 14 5 12 264.01337 0.034772094
423 36.549355 14 5 12 264.68475 0.03478176
424 36.399353 14 5 12 265.3561 0.031125031
425 36.24935 14 5 12 265.9665 0.034791507
426 36.09935 15 5 12 266.63788 0.034796666
427 35.94935 15 5 12 267.30923 0.031110838
428 35.799347 15 5 12 267.9196 0.031110838
429 35.649345 15 5 12 268.52994 0.031110838
430 35.499344 15 5 12 269.1403 0.031113066
431 35.349342 16 5 12 269.75067 0.034794435
432 35.19934 17 5 12 270.42203 0.031093836
433 35.04934 17 5 12 271.03238 0.031096686
434 34.899338 17 5 12 271.64288 0.046682745
435 34.749336 17 5 12 272.5584 0.0466799
436 34.599335 17 5 12 273.4738 0.031093836
437 34.449333 17 5 12 274.08417 0.032071333
438 34.29933 17 5 12 274.72302 0.03112209
439 34.14933 17 5 14 275.33353 0.046553373
440 33.99933 17 5 14 276.2489 0.030916145
441 33.849327 17 5 14 276.85925 0.031117063
442 33.699326 17 5 14 277.4696 0.031117063
443 33.549324 17 5 14 278.07996 0.030808216
444 33.399323 17 5 14 278.6903 0.03111587
445 33.24932 17 5 14 279.3008 0.04650237
446 33.09932 17 5 14 280.21603 0.01605607
447 32.949318 17 5 14 280.52136 0.03111587
448 32.799316 17 5 14 281.1317 0.03111587
449 32.649315 17 5 14 281.74207 0.030716991
450 32.499313 17 5 14 282.35242 0.031117925
451 32.34931 17 5 14 282.96277 0.031117925
452 32.19931 17 5 14 283.57312 0.031117925
453 32.04931 17 5 14 284.18347 0.031117925
454 31.89931 17 5 14 284.79382 0.031117925
455 31.74931 17 5 14 285.40417 0.031117925
456 31.59931 17 5 14 286.01453 0.030608198
457 31.44931 17 5 14 286.62488 0.031108646
458 31.29931 17 5 14 287.2353 0.0375781
459 31.149311 17 5 14 287.9675 0.015992114
460 30.999311 17 5 14 288.2729 0.036938686
461 30.849312 17 5 14 289.0053 0.03634032
462 30.699312 17 5 14 289.73773 0.035713106
463 30.549313 17 5 14 290.47012 0.035015747
464 30.399313 17 5 14 291.1415 0.034790747
465 30.249313 17 5 14 291.8129 0.034789473
466 30.099314 17 5 14 292.48428 0.034767613
467 29.949314 18 5 14 293.15567 0.03478523
468 29.799314 18 5 14 293.82697 0.023316322
469 29.649315 19 5 14 294.31525 0.023316322
470 29.499315 19 5 14 294.8036 0.031095611
471 29.349316 19 5 14 295.41388 0.02334869
472 29.199316 20 5 14 295.90216 0.02334869
473 29.049316 20 5 14 296.39053 0.034770794
474 28.899317 21 5 14 297.06174 0.015548436
475 28.749317 21 5 14 297.3671 0.03476736
476 28.599318 21 5 14 298.03845 0.03110216
477 28.449318 21 5 14 298.6488 0.03110216
478 28.299318 21 5 14 299.25916 0.031103259
479 28.149319 21 5 14 299.8695 0.031103259
480 27.99932 21 5 14 300.47986 0.031104406
481 27.84932 21 5 14 301.0902 0.031104406
482 27.69932 21 5 14 301.70056 0.031104406
483 27.54932 21 5 14 302.3109 0.031104406
484 27.39932 21 5 16 302.92126 0.031106
485 27.249321 21 5 16 303.53162 0.03100974
486 27.099321 21 5 16 304.14197 0.031118263
487 26.949322 21 5 16 304.75232 0.031118263
488 26.799322 21 5 16 305.36267 0.031119682
489 26.649323 21 5 16 305.97302 0.031119682
490 26.499323 21 5 16 306.58337 0.030922826
491 26.349323 21 5 16 307.19373 0.031115515
492 26.199324 21 5 16 307.80408 0.031115515
493 26.049324 21 5 16 308.41443 0.031115515
494 25.899324 21 5 16 309.02478 0.031115515
495 25.749325 21 5 16 309.63513 0.031115515
496 25.599325 21 5 16 310.24564 0.04653726
497 25.449326 21 5 16 311.161 0.031102775
498 25.299326 21 5 16 311.77136 0.031102775
499 25.149326 21 5 16 312.3817 0.031102775
500 24.999327 21 5 16 312.99222 0.046519246
501 24.849327 21 5 16 313.9076 0.031110872
502 24.699327 21 5 16 314.518 0.037089147
503 24.549328 21 5 16 315.25043 0.036603704
504 24.399328 21 5 16 315.98285 0.03608708
505 24.249329 21 5 16 316.71527 0.03551453
506 24.099329 21 5 16 317.44766 0.03493871
507 23.94933 21 5 16 318.11905 0.034772802
508 23.79933 21 5 16 318.79044 0.034797482
509 23.64933 21 5 16 319.46182 0.03479309
510 23.49933 22 5 16 320.1332 0.03479541
511 23.34933 22 5 16 320.8046 0.034770373
512 23.199331 22 5 16 321.4759 0.023327302
513 23.049332 22 5 16 321.96417 0.023327302
514 22.899332 22 5 16 322.45245 0.023327302
515 22.749332 22 5 16 322.94073 0.023327302
516 22.599333 22 5 16 323.4291 0.03208471
517 22.449333 22 5 16 324.08698 0.023351213
518 22.299334 22 5 16 324.57526 0.023352055
519 22.149334 22 5 16 325.0636 0.031097364
520 21.999334 22 5 16 325.67395 0.031097364
521 21.849335 22 5 16 326.2843 0.031097364
522 21.699335 22 5 16 326.89465 0.031097364
523 21.549335 22 5 16 327.505 0.031097364
524 21.399336 22 5 16 328.11536 0.031096546
525 21.249336 22 5 16 328.7257 0.031096546
526 21.099337 22 5 16 329.33606 0.031095773
527 20.949337 22 5 18 329.94644 0.032070313
528 20.799337 22 5 18 330.60864 0.03111863
529 20.649338 22 5 18 331.219 0.03111863
530 20.499338 22 5 18 331.82935 0.03111863
531 20.349339 22 5 18 332.4397 0.03111863
532 20.199339 22 5 18 333.05005 0.03111863
533 20.04934 22 5 18 333.6604 0.031117387
534 19.89934 22 5 18 334.27075 0.031117387
535 19.74934 22 5 18 334.8811 0.031117387
536 19.59934 22 5 18 335.49146 0.031117387
537 19.44934 22 5 18 336.1018 0.031117387
538 19.299341 22 5 18 336.71216 0.031117387
539 19.149342 22 5 18 337.3225 0.031117387
540 18.999342 22 5 18 337.93286 0.031117387
541 18.849342 22 5 18 338.5432 0.031117387
542 18.699343 22 5 18 339.15356 0.031116152
543 18.549343 22 5 18 339.76392 0.031116152
544 18.399343 22 5 18 340.37427 0.031116152
545 18.249344 22 5 18 340.98465 0.034780677
546 18.099344 23 5 18 341.65616 0.04666279
547 17.949345 23 5 18 342.57156 0.034769285
548 17.799345 23 5 18 343.24295 0.03479466
549 17.649345 23 5 18 343.9143 0.031127952
550 17.499346 23 5 18 344.52466 0.031127952
551 17.349346 23 5 18 345.135 0.031127952
552 17.199347 23 5 18 345.74536 0.031127952
553 17.049347 23 5 18 346.3557 0.031127952
554 16.899347 23 5 18 346.96606 0.031127952
555 16.749348 23 5 18 347.57626 0.015563976
556 16.599348 23 5 18 347.8816 0.031127984
557 16.449348 23 5 18 348.49194 0.031127984
558 16.299349 23 5 18 349.1023 0.031127984
559 16.14935 23 5 18 349.71265 0.031127984
560 15.99935 24 5 18 350.323 0.031128023
561 15.84935 24 5 18 350.93335 0.031128023
562 15.69935 24 5 18 351.54385 0.046653938
563 15.549351 24 5 18 352.45923 0.031128023
564 15.399351 24 5 18 353.06973 0.046653938
565 15.2493515 24 5 18 353.9851 0.031128023
566 15.099352 24 5 18 354.59546 0.031128077
567 14.949352 24 5 20 355.20596 0.046418473
568 14.799353 24 5 20 356.12134 0.03111452
569 14.649353 24 5 20 356.7317 0.03111452
570 14.499353 24 5 20 357.34204 0.03111452
571 14.349354 24 5 20 357.9524 0.03111452
572 14.199354 24 5 20 358.56274 0.031116668
573 14.049355 24 5 20 359.1731 0.031116668
574 13.899355 24 5 20 359.78345 0.031116668
575 13.749355 24 5 20 360.3938 0.031116668
576 13.599356 24 5 20 361.0043 0.046400838
577 13.449356 24 5 20 361.91968 0.031106418
578 13.299356 24 5 20 362.53003 0.031106418
579 13.149357 24 5 20 363.14038 0.031106418
580 12.999357 24 5 20 363.75073 0.031106418
581 12.849358 24 5 20 364.36108 0.031104226
582 12.699358 24 5 20 364.9716 0.046383236
583 12.549358 24 5 20 365.88696 0.031115305
584 12.399359 24 5 20 366.4973 0.031115305
585 12.249359 24 5 20 367.10773 0.03790137
586 12.0993595 24 5 20 367.84015 0.0375781
587 11.94936 24 5 20 368.57257 0.037230555
588 11.79936 24 5 20 369.305 0.03688489
589 11.649361 24 5 20 370.0374 0.036515262
590 11.499361 24 5 20 370.76984 0.03609609
591 11.349361 24 5 20 371.50214 0.02334177
592 11.199362 24 5 20 371.99042 0.02334177
593 11.049362 24 5 20 372.4787 0.02334177
594 10.899363 24 5 20 372.96698 0.023339745
595 10.749363 24 5 20 373.45526 0.023339745
596 10.599363 24 5 20 373.94354 0.02333778
597 10.449364 24 5 20 374.43182 0.02333778
598 10.299364 24 5 20 374.9201 0.02333588
599 10.149364 24 5 20 375.40845 0.031103259
600 9.999365 24 5 20 376.0188 0.031103259
601 9.849365 24 5 20 376.62915 0.031103259
602 9.699366 24 5 20 377.2395 0.031103259
603 9.549366 24 5 20 377.84985 0.031103259
604 9.399366 24 5 20 378.4602 0.031104406
605 9.249367 24 5 20 379.07056 0.031104406
606 9.099367 24 5 20 379.6809 0.031104406
607 8.949368 24 5 20 380.29126 0.031104406
608 8.799368 24 5 20 380.90146 0.015627833
609 8.649368 24 5 20 381.2068 0.03110216
610 8.499369 24 5 22 381.81714 0.031106839
611 8.349369 24 5 22 382.4275 0.031106839
612 8.199369 24 5 22 383.03784 0.031107476
613 8.04937 24 5 22 383.6482 0.031107476
614 7.8993697 24 5 22 384.25854 0.031107476
615 7.7493696 24 5 22 384.8689 0.031107476
616 7.5993695 24 5 22 385.4791 0.015623374
617 7.4493694 24 5 22 385.78442 0.031106839
618 7.2993693 24 5 22 386.39478 0.031106839
619 7.1493692 24 5 22 387.00513 0.031106839
620 6.999369 24 5 22 387.61548 0.031106839
621 6.849369 24 5 22 388.22583 0.031106839
622 6.699369 24 5 22 388.83618 0.031106839
623 6.549369 24 5 22 389.44653 0.031106839
624 6.399369 24 5 22 390.0569 0.031106839
625 6.2493687 24 5 22 390.66724 0.031107476
626 6.0993686 24 5 22 391.2776 0.031107476
627 5.9493685 24 5 22 391.88794 0.031107476
628 5.7993684 24 5 22 392.4983 0.031107476
629 5.6493683 24 5 22 393.10864 0.031107476
630 5.499368 24 5 22 393.719 0.031549558
631 5.349368 24 5 22 394.32935 0.031117624
632 5.199368 24 5 22 394.93976 0.035938982
633 5.049368 24 5 22 395.67218 0.03543675
634 4.899368 24 5 22 396.40457 0.03488749
635 4.7493677 24 5 22 397.07596 0.034772802
636 4.5993676 24 5 22 397.74734 0.034794077
637 4.4493675 24 5 22 398.41873 0.03478969
638 4.2993674 24 5 22 399.09012 0.034774017
639 4.1493673 24 5 22 399.7615 0.034771986
640 3.9993672 24 5 22 400.4329 0.034778766
641 3.8493671 24 5 22 401.10428 0.034785792
642 3.699367 24 5 22 401.77567 0.03477257
643 3.549367 24 5 22 402.44705 0.034776755
644 3.3993669 24 5 22 403.11844 0.0347764
645 3.2493668 24 5 22 403.78983 0.03479309
646 3.0993667 24 5 22 404.4612 0.034767024
647 2.9493666 24 5 22 405.1326 0.034774818
648 2.7993665 24 5 22 405.80396 0.031105598
649 2.6493664 24 5 22 406.4143 0.031105598
650 2.4993663 24 5 22 407.02466 0.031106213
651 2.3493662 24 5 22 407.635 0.031106213
652 2.199366 24 5 22 408.24536 0.031106213
653 2.049366 24 5 22 408.8557 0.031106839
654 1.899366 24 5 22 409.46606 0.031107476
655 1.749366 24 5 24 410.07642 0.031119887
656 1.5993661 24 5 24 410.68677 0.031119887
657 1.4493661 24 5 24 411.29712 0.031119887
658 1.2993661 24 5 24 411.90747 0.031119887
659 1.1493661 24 5 24 412.51782 0.031119887
660 0.99936616 24 5 24 413.12817 0.031119887
661 0.8493662 24 5 24 413.73853 0.031119887
662 0.6993662 24 5 24 414.34888 0.031119887
663 0.54936624 24 5 24 414.95923 0.031119887
664 0.39936623 24 5 24 415.56958 0.031119887
665 0.24936622 24 5 24 416.17993 0.031119887
666 0.09936622 24 5 24 416.79028 0.031101042
667 -0.050633788 24 5 24 417.40063 0.031101042
668 -0.2006338 24 5 24 418.011 0.031101042
669 -0.3506338 24 5 24 418.62134 0.031101042
670 -0.50063384 24 5 24 419.2317 0.031101042
671 -0.6506338 24 5 24 419.84204 0.031101042
672 -0.8006338 24 5 24 420.4524 0.031103997
673 -0.95063376 24 5 24 421.06274 0.031103997
674 -1.1006337 24 5 24 421.6731 0.031103997
675 -1.2506337 24 5 24 422.28345 0.031103997
676 -1.4006337 24 5 24 422.8938 0.031103997
677 -1.5506337 24 5 24 423.50415 0.031103997
678 -1.7006336 24 5 24 424.1145 0.031103997
679 -1.8506336 24 5 24 424.72488 0.034788627
680 -2.0006337 24 5 24 425.39627 0.034790374
681 -2.1506338 24 5 24 426.06766 0.034782518
682 -2.300634 24 5 24 426.739 0.031127186
683 -2.450634 24 5 24 427.34937 0.031127186
684 -2.600634 24 5 24 427.95972 0.031127186
685 -2.7506342 24 5 24 428.57007 0.031129075
686 -2.9006343 24 5 24 429.18042 0.031129075
687 -3.0506344 24 5 24 429.79077 0.031129075
688 -3.2006345 24 5 24 430.40112 0.031129075
689 -3.3506346 24 5 24 431.01147 0.031129075
690 -3.5006347 24 5 24 431.62183 0.031129075
691 -3.6506348 24 5 24 432.23218 0.031129075
692 -3.8006349 25 5 24 432.84256 0.034778748
693 -3.950635 26 5 24 433.51395 0.034791082
694 -4.100635 26 5 24 434.18524 0.023342239
695 -4.250635 27 5 24 434.67358 0.031121904
696 -4.4006352 27 5 24 435.28394 0.031121904
697 -4.5506353 27 5 24 435.8943 0.031121904
698 -4.7006354 27 5 24 436.50464 0.031118672
699 -4.8506355 27 5 24 437.115 0.03111545
700 -5.0006356 27 5 24 437.72534 0.03111545
701 -5.1506357 27 5 24 438.3357 0.03111545
702 -5.300636 27 5 26 438.94604 0.031117298
703 -5.450636 27 5 26 439.5564 0.031117298
704 -5.600636 27 5 26 440.16675 0.031117298
705 -5.750636 27 5 26 440.7771 0.031117298
706 -5.900636 27 5 26 441.38745 0.031117298
707 -6.0506363 27 5 26 441.9978 0.031117298
708 -6.2006364 27 5 26 442.60815 0.031117298
709 -6.3506365 27 5 26 443.2185 0.031117298
710 -6.5006366 27 5 26 443.82886 0.031117298
711 -6.6506367 27 5 26 444.4392 0.031117298
712 -6.800637 27 5 26 445.04956 0.031114861
713 -6.950637 27 5 26 445.6599 0.031114861
714 -7.100637 27 5 26 446.27026 0.031114861
715 -7.250637 27 5 26 446.88068 0.038144935
716 -7.400637 27 5 26 447.6131 0.037820395
717 -7.5506372 27 5 26 448.34552 0.037471518
718 -7.7006373 27 5 26 449.07794 0.037115123
719 -7.8506374 27 5 26 449.81036 0.03672573
720 -8.000637 27 5 26 450.5428 0.036305375
721 -8.150637 27 5 26 451.2751 0.023360217
722 -8.300636 27 5 26 451.76337 0.023357693
723 -8.450636 27 5 26 452.25165 0.023357693
724 -8.600636 27 5 26 452.73993 0.023355233
725 -8.750635 27 5 26 453.2282 0.023352833
726 -8.900635 27 5 26 453.7165 0.023350496
727 -9.050634 27 5 26 454.20477 0.023350496
728 -9.200634 27 5 26 454.69305 0.023348222
729 -9.350634 27 5 26 455.18134 0.02334601
730 -9.500633 27 5 26 455.66962 0.02334386
731 -9.650633 27 5 26 456.1579 0.02334386
732 -9.800632 27 5 26 456.64618 0.02334177
733 -9.950632 27 5 26 457.13446 0.02334177
734 -10.100632 27 5 26 457.6228 0.031105598
735 -10.250631 27 5 26 458.23315 0.031104406
736 -10.400631 27 5 26 458.8435 0.031104406
737 -10.550631 27 5 26 459.45386 0.031104406
738 -10.70063 27 5 26 460.0642 0.031104406
739 -10.85063 27 5 26 460.67456 0.031104406
740 -11.000629 27 5 26 461.2849 0.031104406
741 -11.150629 27 5 26 461.89526 0.031104406
742 -11.300629 27 5 28 462.5056 0.031115515
743 -11.450628 27 5 28 463.11597 0.031115515
744 -11.600628 27 5 28 463.72632 0.031115515
745 -11.7506275 27 5 28 464.33667 0.031115515
746 -11.900627 27 5 28 464.94702 0.031115515
747 -12.050627 27 5 28 465.55737 0.031115515
748 -12.200626 27 5 28 466.16772 0.031115515
749 -12.350626 27 5 28 466.77808 0.031115515
750 -12.500626 27 5 28 467.38843 0.031115515
751 -12.650625 27 5 28 467.99878 0.031115515
752 -12.800625 27 5 28 468.60913 0.031115515
753 -12.950624 27 5 28 469.21948 0.031115515
754 -13.100624 27 5 28 469.82983 0.031115515
755 -13.250624 27 5 28 470.4402 0.031115515
756 -13.400623 27 5 28 471.05054 0.031117063
757 -13.550623 27 5 28 471.6609 0.031117063
758 -13.700623 27 5 28 472.27124 0.031117063
759 -13.850622 27 5 28 472.8816 0.031117063
760 -14.000622 27 5 28 473.49194 0.031117063
761 -14.150621 27 5 28 474.1023 0.031117063
762 -14.300621 27 5 28 474.71265 0.031117063
763 -14.450621 27 5 28 475.323 0.031117063
764 -14.60062 27 5 28 475.9334 0.036973942
765 -14.75062 27 5 28 476.66583 0.036629606
766 -14.9006195 27 5 28 477.39825 0.036252335
767 -15.050619 27 5 28 478.13068 0.035869535
768 -15.200619 27 5 28 478.8631 0.035454303
769 -15.350618 27 5 28 479.5955 0.035024364
770 -15.500618 27 5 28 480.26688 0.03480302
771 -15.650618 27 5 28 480.93823 0.031099143
772 -15.800617 27 5 28 481.54858 0.031099143
773 -15.950617 27 5 28 482.15894 0.031099143
774 -16.100616 27 5 28 482.7693 0.031099143
775 -16.250616 27 5 28 483.37964 0.031099143
776 -16.400616 27 5 28 483.99 0.031099143
777 -16.550615 27 5 28 484.60037 0.03477801
778 -16.700615 27 5 28 485.27173 0.031121803
779 -16.850615 27 5 28 485.88208 0.031121803
780 -17.000614 27 5 28 486.49243 0.031121803
781 -17.150614 27 5 28 487.10278 0.031121803
782 -17.300613 27 5 28 487.71313 0.031121803
783 -17.450613 27 5 28 488.3235 0.031120097
784 -17.600613 27 5 28 488.93384 0.031120097
785 -17.750612 27 5 28 489.5442 0.031120097
786 -17.900612 27 5 28 490.15454 0.031120097
787 -18.050611 27 5 28 490.7649 0.031118438
788 -18.200611 27 5 30 491.37524 0.031102698
789 -18.35061 27 5 30 491.9856 0.031102698
790 -18.50061 27 5 30 492.59595 0.031102698
791 -18.65061 27 5 30 493.2063 0.031102698
792 -18.80061 27 5 30 493.81665 0.031102698
793 -18.95061 27 5 30 494.427 0.031100739
794 -19.100609 27 5 30 495.03735 0.031119714
795 -19.250608 27 5 30 495.6477 0.031119714
796 -19.400608 27 5 30 496.25806 0.031119714
797 -19.550608 27 5 30 496.8684 0.031119714
798 -19.700607 27 5 30 497.47876 0.031119714
799 -19.850607 27 5 30 498.0891 0.031119714
800 -20.000607 27 5 30 498.69946 0.031119714
801 -20.150606 27 5 30 499.3098 0.031119714
802 -20.300606 27 5 30 499.92017 0.031119714
803 -20.450605 27 5 30 500.53052 0.031119714
804 -20.600605 27 5 30 501.14087 0.031117767
805 -20.750605 27 5 30 501.75122 0.031117767
806 -20.900604 27 5 30 502.36163 0.03750703
807 -21.050604 27 5 30 503.09406 0.0370445
808 -21.200603 27 5 30 503.82648 0.036533568
809 -21.350603 27 5 30 504.5589 0.03602646
810 -21.500603 27 5 30 505.29132 0.035488166
811 -21.650602 27 5 30 506.0237 0.03488749
812 -21.800602 27 5 30 506.6951 0.03477433
813 -21.950602 27 5 30 507.3665 0.03476627
814 -22.100601 27 5 30 508.03787 0.034778345
815 -22.2506 27 5 30 508.70926 0.034782846
816 -22.4006 27 5 30 509.38065 0.03478736
817 -22.5506 27 5 30 510.05203 0.0347951
818 -22.7006 27 5 30 510.72342 0.034782216
819 -22.8506 27 5 30 511.3948 0.03479909
820 -23.000599 27 5 30 512.0722 0.034597706
821 -23.150599 27 5 30 512.80457 0.031121803
822 -23.300598 27 5 30 513.4149 0.031120097
823 -23.450598 27 5 30 514.02527 0.031120097
824 -23.600597 27 5 30 514.6356 0.031118438
825 -23.750597 27 5 30 515.246 0.031118438
826 -23.900597 27 5 30 515.8563 0.031118438
827 -24.050596 27 5 30 516.4667 0.031118438
828 -24.200596 27 5 30 517.077 0.031118438
829 -24.350595 27 5 32 517.6874 0.031111335
830 -24.500595 27 5 32 518.2977 0.031111335
831 -24.650595 27 5 32 518.9081 0.031111335
832 -24.800594 27 5 32 519.51843 0.031111335
833 -24.950594 27 5 32 520.1288 0.031111335
834 -25.100594 27 5 32 520.73914 0.031111335
835 -25.250593 27 5 32 521.3495 0.031111335
836 -25.400593 27 5 32 521.95984 0.031109985
837 -25.550592 27 5 32 522.5702 0.031109985
838 -25.700592 27 5 32 523.18054 0.031109985
839 -25.850592 27 5 32 523.7909 0.031109985
840 -26.000591 27 5 32 524.40125 0.031109985
841 -26.15059 27 5 32 525.0116 0.031109985
842 -26.30059 27 5 32 525.62195 0.031109985
843 -26.45059 27 5 32 526.2323 0.031109985
844 -26.60059 27 5 32 526.84265 0.031109985
845 -26.75059 27 5 32 527.453 0.031109985
846 -26.900589 27 5 32 528.06335 0.031109985
847 -27.050589 27 5 32 528.6737 0.031109985
848 -27.200588 27 5 32 529.2841 0.036699817
849 -27.350588 27 5 32 530.01654 0.036156755
850 -27.500587 27 5 32 530.74896 0.03560934
851 -27.650587 27 5 32 531.4814 0.035007138
852 -27.800587 27 5 32 532.2138 0.03478931
853 -27.950586 27 5 32 532.9462 0.034778368
854 -28.100586 27 5 32 533.67865 0.034772716
855 -28.250586 27 5 32 534.41095 0.023329517
856 -28.400585 27 5 32 534.89923 0.023329517
857 -28.550585 27 5 32 535.3875 0.023329517
858 -28.700584 27 5 32 535.8758 0.023326054
859 -28.850584 27 5 32 536.3641 0.023326054
860 -29.000584 27 5 32 536.85236 0.023326054
861 -29.150583 27 5 32 537.34064 0.023326054
862 -29.300583 27 5 32 537.8289 0.023326054
863 -29.450583 27 5 32 538.3172 0.023326054
864 -29.600582 27 5 32 538.8055 0.023326054
865 -29.750582 27 5 32 539.29376 0.023326054
866 -29.900581 27 5 32 539.7821 0.031100264
867 -30.050581 27 5 32 540.39246 0.031103704
868 -30.20058 27 5 32 541.0028 0.031103704
869 -30.35058 27 5 32 541.61316 0.03110719
870 -30.50058 27 5 32 542.2235 0.03110719
871 -30.65058 27 5 32 542.83386 0.03110719
872 -30.80058 27 5 32 543.4442 0.03110719
873 -30.950579 27 5 32 544.05457 0.03110719
874 -31.100578 27 5 34 544.6649 0.031102698
875 -31.250578 27 5 34 545.27527 0.031102698
876 -31.400578 27 5 34 545.8856 0.031102698
877 -31.550577 27 5 34 546.496 0.031102698
878 -31.700577 27 5 34 547.1063 0.031102698
879 -31.850576 27 5 34 547.7167 0.031102698
880 -32.000576 27 5 34 548.327 0.031100739
881 -32.150578 27 5 34 548.9374 0.031119714
882 -32.30058 27 5 34 549.5477 0.031119714
883 -32.45058 27 5 34 550.1581 0.031119714
884 -32.600582 27 5 34 550.76843 0.031119714
885 -32.750584 27 5 34 551.3788 0.031119714
886 -32.900585 27 5 34 551.9892 0.03750703
887 -33.050587 27 5 34 552.7216 0.037150454
888 -33.20059 27 5 34 553.45404 0.036753397
889 -33.35059 27 5 34 554.18646 0.036357086
890 -33.50059 27 5 34 554.9189 0.0359211
891 -33.650593 27 5 34 555.6513 0.035454303
892 -33.800594 27 5 34 556.3837 0.035007138
893 -33.950596 27 5 34 557.1161 0.031129822
894 -34.100597 27 5 34 557.72644 0.031129822
895 -34.2506 27 5 34 558.3368 0.031129822
896 -34.4006 27 5 34 558.94714 0.031129424
897 -34.550602 27 5 34 559.5575 0.031129424
898 -34.700603 27 5 34 560.1679 0.034787048
899 -34.850605 27 5 34 560.90027 0.031106839
900 -35.000607 27 5 34 561.5106 0.031106839
901 -35.150608 27 5 34 562.121 0.031106839
902 -35.30061 27 5 34 562.7313 0.031106839
903 -35.45061 27 5 34 563.3417 0.031106839
904 -35.600613 27 5 34 563.952 0.031105598
905 -35.750614 27 5 34 564.5624 0.031105598
906 -35.900616 27 5 34 565.1727 0.031105598
907 -36.050617 27 5 34 565.7831 0.031105598
908 -36.20062 27 5 34 566.39343 0.031104406
909 -36.35062 27 5 36 567.0038 0.031116152
910 -36.50062 27 5 36 567.61414 0.031116152
911 -36.650623 27 5 36 568.2245 0.031116152
912 -36.800625 27 5 36 568.83484 0.031116152
913 -36.950626 27 5 36 569.4452 0.031116152
914 -37.100628 27 5 36 570.05554 0.031116152
915 -37.25063 27 5 36 570.6659 0.031116152
916 -37.40063 27 5 36 571.27625 0.031116152
917 -37.550632 27 5 36 571.8866 0.031116152
918 -37.700634 27 5 36 572.49695 0.031116152
919 -37.850636 27 5 36 573.1073 0.031116152
920 -38.000637 27 5 36 573.71765 0.031116152
921 -38.15064 27 5 36 574.328 0.031116152
922 -38.30064 27 5 36 574.93835 0.031116152
923 -38.45064 27 5 36 575.5487 0.031116152
924 -38.600643 27 5 36 576.15906 0.031116152
925 -38.750645 27 5 36 576.7695 0.034780677
926 -38.900646 27 5 36 577.5019 0.034784652
927 -39.050648 27 5 36 578.2343 0.0347785
928 -39.20065 27 5 36 578.96674 0.034798387
929 -39.35065 27 5 36 579.6991 0.03112793
930 -39.500652 27 5 36 580.30945 0.03112793
931 -39.650654 27 5 36 580.9198 0.03112793
932 -39.800655 27 5 36 581.53015 0.03112793
933 -39.950657 27 5 36 582.1405 0.03112793
934 -40.10066 27 5 36 582.75085 0.03112793
935 -40.25066 28 5 36 583.36127 0.034793556
936 -40.40066 29 5 36 584.0937 0.03476791
937 -40.550663 29 5 36 584.826 0.023331394
938 -40.700665 30 5 36 585.3143 0.023331394
939 -40.850666 30 5 36 585.8027 0.034769285
940 -41.000668 31 5 36 586.53503 0.031095406
941 -41.15067 31 5 36 587.1454 0.031095406
942 -41.30067 31 5 36 587.75574 0.031095406
943 -41.450672 31 5 36 588.3661 0.031095406
944 -41.600674 31 5 36 588.97644 0.031095406
945 -41.750675 31 5 36 589.5868 0.031095406
946 -41.900677 31 5 36 590.19714 0.031095406
947 -42.05068 31 5 36 590.8075 0.031095773
948 -42.20068 31 5 36 591.41785 0.031095773
949 -42.35068 31 5 38 592.0282 0.031114493
950 -42.500683 31 5 38 592.63855 0.031114493
951 -42.650684 31 5 38 593.2489 0.031114493
952 -42.800686 31 5 38 593.85925 0.031114493
953 -42.950687 31 5 38 594.4696 0.031114493
954 -43.10069 31 5 38 595.07996 0.031114493
955 -43.25069 31 5 38 595.6903 0.031114493
956 -43.400692 31 5 38 596.30066 0.031114493
957 -43.550694 31 5 38 596.911 0.031114493
958 -43.700695 31 5 38 597.52136 0.031114493
959 -43.850697 31 5 38 598.1317 0.031114493
960 -44.000698 31 5 38 598.74207 0.031114493
961 -44.1507 31 5 38 599.3524 0.031114493
962 -44.3007 31 5 38 599.9628 0.034778368
963 -44.450703 31 5 38 600.69525 0.03477709
964 -44.600704 31 5 38 601.4277 0.034774244
965 -44.750706 31 5 38 602.1601 0.034778748
966 -44.900707 31 5 38 602.8925 0.03478529
967 -45.05071 31 5 38 603.62494 0.034796193
968 -45.20071 31 5 38 604.35736 0.03477184
969 -45.35071 31 5 38 605.0898 0.03479909
970 -45.500713 31 5 38 605.8222 0.034792155
971 -45.650715 31 5 38 606.5546 0.034764346
972 -45.800716 31 5 38 607.28705 0.03478945
973 -45.950718 31 5 38 608.0195 0.03479466
974 -46.10072 31 5 38 608.7519 0.03480246
975 -46.25072 31 5 38 609.4843 0.034788247
976 -46.400723 31 5 38 610.21674 0.034781028
977 -46.550724 31 6 38 610.9105 0.031106839
978 -46.700726 31 6 38 611.5209 0.031106839
979 -46.850727 31 6 38 612.1312 0.031106839
980 -47.00073 31 6 38 612.7416 0.031106839
981 -47.15073 31 6 38 613.3519 0.031107476
982 -47.30073 31 6 38 613.9623 0.031107476
983 -47.450733 31 6 38 614.57263 0.031107476
984 -47.600735 31 6 38 615.183 0.031107476
985 -47.750736 31 6 38 615.79333 0.031107476
986 -47.900738 31 6 38 616.4037 0.031107476
987 -48.05074 31 6 38 617.01404 0.031107476
988 -48.20074 31 6 38 617.6244 0.031107476
989 -48.350742 31 6 38 618.23474 0.031107476
990 -48.500744 31 6 38 618.8451 0.031107476
991 -48.650745 31 6 38 619.45544 0.031107476
992 -48.800747 31 6 38 620.0658 0.031107476
993 -48.95075 31 6 38 620.6762 0.034787595
994 -49.10075 31 6 38 621.4086 0.034788914
995 -49.25075 31 6 38 622.14105 0.03464867
996 -49.400753 31 6 38 622.8735 0.03408088
997 -49.550755 31 6 38 623.6059 0.033485048
998 -49.700756 31 6 38 624.2328 0.032845147
999 -49.850758 31 6 38 624.84314 0.032169938
1000 -50.00076 31 6 38 625.45355 0.03781081
1001 -50.15076 32 6 38 626.186 0.037185807

----QMATRIX: [Sensed Threat] > ACTION == UTILITY------
[0.0,0.0,0.0,0.0,0.0,1.0,0.0,0.0] > ACTION_NONE == -7.9388096E-4
[0.0,0.0,0.0,0.0,1.0,0.0,0.0,0.0] > ACTION_LEFT == -2.2952563E-4
[0.0,0.0,0.0,0.0,1.0,0.0,0.0,0.0] > ACTION_BACK == -8.1709446E-4
[0.0,1.0,0.0,0.0,0.0,0.0,0.0,0.0] > ACTION_BACK == -1.5448954E-9
[1.0,0.0,0.0,0.0,0.0,0.0,0.0,0.0] > ACTION_NONE == -2.1622266E-6
[0.0,1.0,0.0,0.0,0.0,0.0,0.0,0.0] > ACTION_NONE == -1.9460037E-7
[1.0,0.0,0.0,0.0,0.0,0.0,0.0,0.0] > ACTION_BACK == -2.0980062E-6
[0.0,0.0,0.0,0.0,0.0,1.0,0.0,0.0] > ACTION_BACK == -0.008909999
[0.0,0.0,0.0,0.0,1.0,0.0,0.0,0.0] > ACTION_NONE == -0.006101801
[0.0,0.0,0.0,0.0,0.0,0.0,0.0,0.0] > ACTION_RIGHT == -1.0927924E-4
[0.0,0.0,0.0,0.0,0.0,0.0,0.0,1.0] > ACTION_RIGHT == -0.09000639
[0.0,0.0,0.0,0.0,0.0,0.0,0.0,1.0] > ACTION_LEFT == -5.865268E-6
[1.0,0.0,0.0,0.0,0.0,0.0,0.0,0.0] > ACTION_LEFT == -1.9265437E-7
[0.0,0.0,0.0,0.0,0.0,0.0,1.0,0.0] > ACTION_RIGHT == -5.0040203E-6
[0.0,0.0,0.0,1.0,0.0,0.0,0.0,0.0] > ACTION_RIGHT == -5.99432E-4
[0.0,0.0,0.0,1.0,0.0,0.0,0.0,0.0] > ACTION_LEFT == -0.007364539
[0.0,1.0,0.0,0.0,0.0,0.0,0.0,0.0] > ACTION_LEFT == -1.7338893E-8
[0.0,0.0,1.0,0.0,0.0,0.0,0.0,0.0] > ACTION_NONE == -1.7514033E-8
[0.0,0.0,0.0,1.0,0.0,0.0,0.0,0.0] > ACTION_BACK == -0.06574159
[0.0,0.0,0.0,1.0,0.0,0.0,0.0,0.0] > ACTION_NONE == -0.0900729
[0.0,0.0,0.0,0.0,1.0,0.0,0.0,0.0] > ACTION_RIGHT == -0.0073674014
[0.0,0.0,0.0,0.0,0.0,0.0,1.0,0.0] > ACTION_LEFT == -9.287297E-7
[0.0,0.0,0.0,0.0,0.0,0.0,1.0,0.0] > ACTION_NONE == -6.6637335E-7
[0.0,0.0,0.0,0.0,0.0,0.0,0.0,1.0] > ACTION_BACK == -5.6621066E-6
[0.0,0.0,0.0,0.0,0.0,0.0,0.0,0.0] > ACTION_NONE == -7.952968E-5
[0.0,0.0,0.0,0.0,0.0,1.0,0.0,0.0] > ACTION_RIGHT == -0.1983529
[0.0,1.0,0.0,0.0,0.0,0.0,0.0,0.0] > ACTION_RIGHT == -2.0980062E-6
[0.0,0.0,0.0,0.0,0.0,0.0,0.0,0.0] > ACTION_BACK == -2.331118E-5
[0.0,0.0,0.0,0.0,0.0,1.0,0.0,0.0] > ACTION_LEFT == -1.7038226E-5
[0.0,0.0,0.0,0.0,0.0,0.0,1.0,0.0] > ACTION_BACK == -5.8965253E-7
[0.0,0.0,1.0,0.0,0.0,0.0,0.0,0.0] > ACTION_LEFT == -1.5762629E-9
[0.0,0.0,0.0,0.0,0.0,0.0,0.0,1.0] > ACTION_NONE == -6.3539364E-6
