-----Simulation Parameters-----
Iteration Length: 200
Iteration Qty: 1000.0
Learning Rate: 0.1
Discount Factor: 0.9
Decay: 0.15
Max View Distance: 10.0

-----SIMULATION STEPS------
Steps | Exploration Rate | QMatrix Size | Crashes | Victories | Distance Moved | Speed
1 99.85 0 0 0 0.62028426 0.031114195
2 99.7 0 0 0 1.2404213 0.015548436
3 99.549995 0 0 0 1.5507697 0.032071944
4 99.399994 0 0 0 2.1920342 0.031102775
5 99.24999 0 0 0 2.816369 0.046662077
6 99.09999 0 0 0 3.750338 0.031102775
7 98.94999 0 0 0 4.3742404 0.032076523
8 98.79999 0 0 0 5.0147424 0.03206384
9 98.64999 0 0 0 5.6543136 0.046661593
10 98.499985 0 0 0 6.5879607 0.046661593
11 98.34998 0 0 0 7.521608 0.046661593
12 98.19998 0 0 0 8.454644 0.032064077
13 98.04998 0 0 0 9.095505 0.031119887
14 97.89998 0 0 0 9.719216 0.032077644
15 97.74998 0 0 0 10.359971 0.031107845
16 97.599976 0 0 0 10.983674 0.031106705
17 97.449974 0 0 0 11.60722 0.015553922
18 97.29997 0 0 0 11.916375 0.032068603
19 97.14997 0 0 0 12.555328 0.031094931
20 96.99997 0 0 0 13.173157 0.0155474655
21 96.84997 0 0 0 13.486272 0.04668049
22 96.69997 0 0 0 14.418655 0.0155474655
23 96.549965 0 0 0 14.731461 0.0155474655
24 96.39996 0 0 0 15.044576 0.04668049
25 96.24996 0 0 0 15.977122 0.032079272
26 96.09996 0 0 0 16.614235 0.031120097
27 95.94996 0 0 0 17.23223 0.032075144
28 95.79996 0 0 0 17.876518 0.015573124
29 95.649956 0 0 0 18.18948 0.031108785
30 95.499954 0 0 0 18.81509 0.031108785
31 95.34995 0 0 0 19.440544 0.015573124
32 95.19995 0 0 0 19.753506 0.031108124
33 95.04995 0 0 0 20.379124 0.032068152
34 94.89995 0 0 0 21.019985 0.031097792
35 94.74995 0 0 0 21.64544 0.015568184
36 94.599945 0 0 0 21.958244 0.015568184
37 94.44994 0 0 0 22.271206 0.031097792
38 94.29994 0 0 0 22.896969 0.04666597
39 94.14994 0 0 0 23.827755 0.046665538
40 93.99994 0 0 0 24.758232 0.015567751
41 93.84994 0 0 2 25.073305 0.032060057
42 93.699936 0 0 2 25.71401 0.015550051
43 93.549934 0 0 2 26.026815 0.015550051
44 93.39993 0 0 2 26.339775 0.031118935
45 93.24993 0 0 2 26.96157 0.031118935
46 93.09993 0 0 2 27.583523 0.046672005
47 92.94993 0 0 2 28.517967 0.031118935
48 92.79993 0 0 2 29.139763 0.031118935
49 92.649925 0 0 2 29.761715 0.046668984
50 92.49992 0 0 2 30.696005 0.015550051
51 92.34992 0 0 2 31.008965 0.031118935
52 92.19992 0 0 2 31.630606 0.015550051
53 92.04992 0 0 2 31.943565 0.031118935
54 91.89992 0 0 2 32.56883 0.031118935
55 91.749916 0 0 2 33.19444 0.031118935
56 91.599915 0 0 2 33.820057 0.03206977
57 91.44991 0 0 2 34.460915 0.031102419
58 91.29991 0 0 2 35.078907 0.032068435
59 91.14991 0 0 2 35.71992 0.046656966
60 90.99991 0 0 2 36.650707 0.046656966
61 90.84991 0 0 2 37.581184 0.015553232
62 90.699905 0 0 2 37.8943 0.046675842
63 90.549904 0 0 2 38.82493 0.031103734
64 90.3999 0 0 2 39.44292 0.03206902
65 90.2499 0 0 2 40.083935 0.046669282
66 90.0999 0 0 2 41.014412 0.015550975
67 89.9499 0 0 2 41.325897 0.04665038
68 89.7999 0 0 2 42.25653 0.031099405
69 89.649895 0 0 2 42.88215 0.032060962
70 89.49989 0 0 2 43.52301 0.031124376
71 89.34989 0 0 2 44.148773 0.046648696
72 89.19989 0 0 2 45.07944 0.03479811
73 89.04989 0 0 2 45.76941 0.0466504
74 88.89989 0 0 2 46.70004 0.031100264
75 88.749886 0 0 2 47.31802 0.031098563
76 88.599884 0 0 2 47.936157 0.046648696
77 88.44988 0 0 2 48.866943 0.04668499
78 88.29988 0 0 2 49.79773 0.04668499
79 88.14988 0 0 2 50.728516 0.046683308
80 87.99988 0 0 2 51.658993 0.015548436
81 87.84988 0 0 2 51.972107 0.046683308
82 87.699875 0 0 2 52.902737 0.031095194
83 87.54987 0 0 2 53.520874 0.046683308
84 87.39987 0 0 4 54.451508 0.03110544
85 87.24987 0 0 4 55.077118 0.03110544
86 87.09987 0 0 4 55.70288 0.046367187
87 86.94987 0 0 4 56.633667 0.046350475
88 86.799866 0 0 4 57.5643 0.031112434
89 86.649864 0 0 4 58.190063 0.04633302
90 86.49986 0 0 4 59.120686 0.030052558
91 86.34986 0 0 4 59.723408 0.029930923
92 86.19986 0 0 4 60.320747 0.031117503
93 86.04986 0 0 4 60.938717 0.029808825
94 85.89986 0 0 4 61.533813 0.030255508
95 85.749855 0 0 4 62.136696 0.046062533
96 85.59985 0 0 4 63.059563 0.017391767
97 85.44985 0 0 4 63.402885 0.017266216
98 85.29985 0 0 4 63.746346 0.031127725
99 85.14985 0 0 4 64.36881 0.029964318
100 84.99985 0 0 4 64.96392 0.031120874
101 84.849846 0 0 4 65.58951 0.029209148
102 84.699844 0 0 4 66.16934 0.02901797
103 84.54984 0 0 4 66.7492 0.031127416
104 84.39984 0 0 4 67.37479 0.028739257
105 84.24984 0 0 4 67.95464 0.031095661
106 84.09984 0 0 4 68.58023 0.028538931
107 83.94984 0 0 4 69.16005 0.027598644
108 83.799835 0 0 4 69.709404 0.031095095
109 83.64983 0 0 4 70.33497 0.026735293
110 83.49983 1 1 4 70.88129 0.04641777
111 83.34983 1 1 4 71.81177 0.016303413
112 83.19983 1 1 4 72.13251 0.04641777
113 83.04983 1 1 4 73.06314 0.031112388
114 82.899826 1 1 4 73.6886 0.016303413
115 82.749825 1 1 4 74.00934 0.04641777
116 82.59982 1 1 4 74.940125 0.04640012
117 82.44982 1 1 4 75.870605 0.016352786
118 82.29982 1 1 4 76.191185 0.030340359
119 82.14982 1 1 4 76.80154 0.030236049
120 81.99982 1 1 4 77.411896 0.031105224
121 81.849815 1 1 4 78.037506 0.031105224
122 81.699814 1 1 4 78.66311 0.030130608
123 81.54981 1 1 4 79.27332 0.016611341
124 81.39981 1 1 4 79.60916 0.031119747
125 81.24981 1 1 4 80.234924 0.0463156
126 81.09981 1 1 4 81.16541 0.016618468
127 80.94981 1 1 4 81.50125 0.03103749
128 80.799805 1 1 4 82.11933 0.029808825
129 80.6498 1 1 4 82.714294 0.016979901
130 80.4998 1 1 4 83.04999 0.016868252
131 80.3498 1 1 4 83.38582 0.030597819
132 80.1998 1 1 4 83.99616 0.029566856
133 80.0498 1 1 4 84.59127 0.031094087
134 79.899796 1 1 4 85.21674 0.017301407
135 79.749794 1 1 4 85.55921 0.046114277
136 79.59979 1 1 4 86.48971 0.017310247
137 79.44979 1 1 4 86.83185 0.017136622
138 79.29979 1 1 4 87.16784 0.046145167
139 79.14979 1 1 4 88.09846 0.029957792
140 78.99979 2 1 4 88.69354 0.029118637
141 78.849785 2 1 4 89.273544 0.045809623
142 78.69978 3 1 4 90.18893 0.031102493
143 78.54978 3 1 4 90.81468 0.04567243
144 78.39978 3 1 4 91.73021 0.045539323
145 78.24978 3 1 4 92.64559 0.031102097
146 78.09978 3 1 4 93.27117 0.028154118
147 77.949776 3 1 4 93.83578 0.031093527
148 77.799774 3 1 4 94.46139 0.03113022
149 77.64977 3 1 4 95.087 0.031125015
150 77.49977 3 1 4 95.71261 0.031125015
151 77.34977 3 1 6 96.338066 0.015602123
152 77.19977 3 1 6 96.658806 0.04665581
153 77.04977 3 1 6 97.58944 0.031102704
154 76.899765 3 1 6 98.21505 0.031102704
155 76.74976 3 1 6 98.84066 0.03110216
156 76.59976 3 1 6 99.46612 0.015602123
157 76.44976 3 1 6 99.786705 0.03110163
158 76.29976 3 1 6 100.412315 0.03110163
159 76.14976 3 1 6 101.03808 0.04665581
160 75.999756 3 1 6 101.968864 0.04665581
161 75.849754 3 1 6 102.89965 0.04665599
162 75.69975 3 1 6 103.830284 0.031103827
163 75.54975 3 1 6 104.45605 0.04665599
164 75.39975 3 1 6 105.38668 0.031104406
165 75.24975 3 1 6 106.01229 0.031104406
166 75.09975 3 1 6 106.638054 0.046656184
167 74.949745 3 1 6 107.56869 0.03160318
168 74.79974 3 1 6 108.1943 0.031484034
169 74.64974 3 1 6 108.81991 0.031101892
170 74.49974 3 1 6 109.44552 0.031120945
171 74.34974 3 1 6 110.07113 0.0313995
172 74.19974 3 1 6 110.69674 0.031279054
173 74.049736 3 1 6 111.32235 0.031107845
174 73.899734 3 1 6 111.947975 0.033086073
175 73.74973 3 1 6 112.6041 0.032597348
176 73.59973 3 1 6 113.252525 0.016086629
177 73.44973 3 1 6 113.57312 0.032212514
178 73.29973 3 1 6 114.21399 0.031673774
179 73.14973 3 1 6 114.85052 0.031105224
180 72.999725 3 1 6 115.47613 0.031105224
181 72.849724 3 1 6 116.10189 0.046351273
182 72.69972 3 1 6 117.032524 0.031127164
183 72.54972 3 1 6 117.65799 0.01657599
184 72.39972 3 1 6 117.98617 0.031105224
185 72.24972 3 1 6 118.61176 0.030151948
186 72.09972 3 1 6 119.20687 0.031114843
187 71.949715 3 1 6 119.83248 0.031114843
188 71.79971 3 1 6 120.45809 0.031117456
189 71.64971 3 1 6 121.08369 0.029952053
190 71.49971 3 1 6 121.67865 0.016931627
191 71.34971 3 1 8 122.01448 0.03083348
192 71.19971 3 1 8 122.62484 0.031107599
193 71.049706 3 1 8 123.25045 0.031107599
194 70.899704 3 1 8 123.87606 0.031105978
195 70.7497 3 1 8 124.50166 0.030773431
196 70.5997 3 1 8 125.11187 0.016041074
197 70.4497 3 1 8 125.43246 0.031114195
198 70.2997 3 1 8 126.05822 0.04650237
199 70.1497 3 1 8 126.98885 0.031119261
200 69.999695 3 1 8 127.61431 0.016041074
201 69.84969 3 1 8 127.93505 0.046501808
202 69.69969 3 1 8 128.87987 0.031119261
203 69.54969 3 1 8 129.49007 0.016041074
204 69.39969 3 1 8 129.7954 0.030723218
205 69.24969 3 1 8 130.40575 0.03110895
206 69.099686 3 1 8 131.0161 0.03110895
207 68.949684 3 1 8 131.62631 0.016081482
208 68.79968 3 1 8 131.94756 0.04650351
209 68.64968 3 1 8 132.89343 0.030639054
210 68.49968 3 1 8 133.50378 0.031108206
211 68.34968 3 1 8 134.11429 0.046468996
212 68.19968 3 1 8 135.02982 0.046451204
213 68.049675 3 1 8 135.9452 0.03178817
214 67.89967 3 1 8 136.58621 0.046383977
215 67.74967 3 1 8 137.50159 0.030209543
216 67.59967 3 1 8 138.11194 0.031112434
217 67.44967 3 1 8 138.72229 0.031112434
218 67.29967 3 1 8 139.3328 0.04631478
219 67.149666 3 1 8 140.24803 0.01657599
220 66.999664 4 1 8 140.5838 0.02367234
221 66.84966 4 1 8 141.0723 0.046351273
222 66.69966 5 1 8 141.98767 0.031119747
223 66.54966 6 1 8 142.59818 0.0463156
224 66.39966 6 1 8 143.51355 0.030003266
225 66.24966 6 1 8 144.1239 0.031106465
226 66.099655 6 1 8 144.73412 0.016802702
227 65.94965 6 1 8 145.06995 0.031117456
228 65.79965 6 1 8 145.68016 0.016698105
229 65.64965 6 1 8 146.01599 0.031091843
230 65.49965 6 1 8 146.62634 0.031091843
231 65.34965 6 1 8 147.23685 0.04631726
232 65.199646 6 1 8 148.15222 0.031122716
233 65.049644 6 1 8 148.76257 0.031122716
234 64.89964 6 1 8 149.37292 0.031122716
235 64.74964 6 1 10 149.98329 0.03207113
236 64.59964 6 1 10 150.624 0.015549571
237 64.44964 6 1 10 150.92932 0.031117748
238 64.29964 6 1 10 151.53967 0.031117748
239 64.149635 6 1 10 152.15019 0.046667315
240 63.999634 6 1 10 153.09607 0.031117748
241 63.849632 6 1 10 153.70642 0.031117748
242 63.69963 6 1 10 154.31677 0.031117748
243 63.54963 6 1 10 154.92712 0.031117748
244 63.399628 6 1 10 155.53764 0.046667315
245 63.249626 6 1 10 156.48352 0.031117748
246 63.099625 6 1 10 157.09372 0.015549571
247 62.949623 6 1 10 157.39905 0.031117748
248 62.79962 6 1 10 158.00957 0.04666686
249 62.64962 6 1 10 158.95544 0.031117748
250 62.49962 6 1 10 159.5658 0.031117748
251 62.349617 6 1 10 160.17615 0.031117748
252 62.199615 6 1 10 160.78635 0.015549115
253 62.049614 6 1 10 161.09172 0.03477781
254 61.899612 6 1 10 161.79343 0.015564911
255 61.74961 6 1 10 162.09877 0.032073833
256 61.59961 6 1 10 162.73967 0.0347767
257 61.449608 6 1 10 163.44138 0.015572483
258 61.299606 6 1 10 163.74675 0.03447866
259 61.149605 6 1 10 164.43478 0.015608826
260 60.999603 6 1 10 164.74014 0.03408088
261 60.8496 6 1 10 165.41135 0.015640223
262 60.6996 6 1 10 165.71667 0.031113738
263 60.5496 6 1 10 166.32706 0.03367756
264 60.399597 6 1 10 166.99858 0.046585713
265 60.249596 6 1 10 167.9443 0.015760286
266 60.099594 6 1 10 168.24963 0.031219352
267 59.949593 6 1 10 168.86002 0.03291116
268 59.79959 6 1 10 169.53137 0.030754622
269 59.64959 6 1 10 170.14174 0.032047316
270 59.499588 6 1 10 170.7826 0.030305631
271 59.349586 6 1 10 171.39294 0.031107618
272 59.199585 6 1 10 172.0033 0.03011169
273 59.049583 6 1 10 172.61365 0.031117456
274 58.899582 6 1 10 173.22386 0.016690772
275 58.74958 6 1 10 173.5597 0.030054877
276 58.59958 6 1 10 174.1699 0.016802702
277 58.449577 6 1 10 174.50589 0.04628171
278 58.299576 6 1 10 175.42113 0.016802702
279 58.149574 6 1 10 175.75696 0.031107072
280 57.999573 6 1 12 176.36716 0.015555221
281 57.84957 6 1 12 176.6725 0.03207582
282 57.69957 6 1 12 177.31335 0.031117298
283 57.54957 6 1 12 177.9237 0.031117298
284 57.399567 6 1 12 178.53406 0.031117298
285 57.249565 6 1 12 179.14441 0.031117298
286 57.099564 6 1 12 179.75476 0.031117298
287 56.949562 6 1 12 180.36528 0.04665885
288 56.79956 6 1 12 181.31117 0.032074533
289 56.64956 6 1 12 181.95203 0.031118672
290 56.499557 6 1 12 182.56238 0.03111545
291 56.349556 6 1 12 183.17273 0.03111545
292 56.199554 6 1 12 183.78308 0.03111545
293 56.049553 6 1 12 184.39348 0.034780443
294 55.89955 6 1 12 185.09534 0.031108195
295 55.74955 6 1 12 185.70586 0.046662293
296 55.59955 6 1 12 186.65175 0.032065593
297 55.449547 6 1 12 187.2926 0.031103734
298 55.299545 6 1 12 187.903 0.034782864
299 55.149544 6 1 12 188.6049 0.034797907
300 54.999542 6 1 12 189.30681 0.034775395
301 54.84954 6 1 12 190.00851 0.015573732
302 54.69954 6 1 12 190.31389 0.034781404
303 54.549538 6 1 12 191.01576 0.032059643
304 54.399536 6 1 12 191.65662 0.031116826
305 54.249535 6 1 12 192.26698 0.032058895
306 54.099533 6 1 12 192.90768 0.015570146
307 53.94953 6 1 12 193.21303 0.032084353
308 53.79953 6 1 12 193.8539 0.031092122
309 53.64953 6 1 12 194.49477 0.0320699
310 53.499527 6 1 12 195.13564 0.031128304
311 53.349525 6 1 12 195.7765 0.031128304
312 53.199524 6 1 12 196.41751 0.046653807
313 53.049522 6 1 12 197.33583 0.031128403
314 52.89952 6 1 12 197.9767 0.031128403
315 52.74952 6 1 12 198.6177 0.046653807
316 52.599518 6 1 14 199.54602 0.031105768
317 52.449516 6 1 14 200.15623 0.016572762
318 52.299515 6 1 14 200.49207 0.03111002
319 52.149513 6 1 14 201.10242 0.03111002
320 51.99951 6 1 14 201.71263 0.01651091
321 51.84951 6 1 14 202.04832 0.016450614
322 51.69951 6 1 14 202.38416 0.031119818
323 51.549507 6 1 14 202.9945 0.031119818
324 51.399506 6 1 14 203.60501 0.046366423
325 51.249504 6 1 14 204.52039 0.031114703
326 51.099503 6 1 14 205.13074 0.031114703
327 50.9495 6 1 14 205.74109 0.031114703
328 50.7995 6 1 14 206.35144 0.031114703
329 50.649498 7 1 14 206.96179 0.031114703
330 50.499496 8 1 14 207.5723 0.046349686
331 50.349495 9 1 14 208.48753 0.016534192
332 50.199493 9 1 14 208.82336 0.031095773
333 50.04949 9 1 14 209.43372 0.031095773
334 49.89949 9 1 14 210.04393 0.01647512
335 49.74949 9 1 14 210.37993 0.046383977
336 49.599487 9 1 14 211.29645 0.031095773
337 49.449486 9 1 14 211.9068 0.030161742
338 49.299484 9 1 14 212.51715 0.029952053
339 49.149483 9 1 14 213.1275 0.030304601
340 48.99948 9 1 14 213.738 0.04594183
341 48.84948 9 1 14 214.65337 0.028990777
342 48.69948 9 1 14 215.2332 0.028304642
343 48.549477 9 1 14 215.79594 0.027086876
344 48.399475 10 1 14 216.33377 0.031120097
345 48.249474 10 1 14 216.94409 0.02751706
346 48.099472 11 1 14 217.49344 0.031110838
347 47.94947 11 1 14 218.10379 0.031110838
348 47.79947 11 1 14 218.71414 0.031110838
349 47.649467 11 1 14 219.32463 0.04455908
350 47.499466 12 1 14 220.20943 0.022741642
351 47.349464 12 1 14 220.65324 0.02022081
352 47.199463 12 1 14 221.04897 0.031119257
353 47.04946 12 1 16 221.65932 0.03113406
354 46.89946 12 1 16 222.26967 0.031117387
355 46.74946 12 1 16 222.88002 0.031071652
356 46.599457 12 1 16 223.49037 0.031108646
357 46.449455 12 1 16 224.10089 0.046571072
358 46.299454 12 1 16 225.04677 0.031112697
359 46.149452 12 1 16 225.65697 0.015861917
360 45.99945 12 1 16 225.9623 0.031002864
361 45.84945 12 1 16 226.57265 0.031102097
362 45.699448 12 1 16 227.183 0.030916145
363 45.549446 12 1 16 227.79335 0.030830242
364 45.399445 12 1 16 228.4037 0.031112527
365 45.249443 12 1 16 229.01405 0.031112527
366 45.09944 12 1 16 229.6244 0.031112527
367 44.94944 12 1 16 230.23492 0.046501808
368 44.79944 12 1 16 231.18082 0.032212514
369 44.649437 12 1 16 231.82169 0.03182048
370 44.499435 12 1 16 232.46255 0.031406254
371 44.349434 12 1 16 233.08046 0.031005729
372 44.199432 12 1 16 233.69081 0.030548556
373 44.04943 12 1 16 234.30116 0.030137485
374 43.89943 12 1 16 234.9115 0.029681435
375 43.749428 12 1 16 235.49133 0.029229866
376 43.599426 12 1 16 236.07117 0.028782997
377 43.449425 12 1 16 236.65117 0.04567243
378 43.299423 12 1 16 237.56642 0.018390292
379 43.14942 12 1 16 237.93274 0.028304642
380 42.99942 12 1 16 238.51256 0.0278148
381 42.84942 12 1 16 239.06189 0.028191257
382 42.699417 12 1 16 239.64171 0.027030056
383 42.549416 12 1 16 240.19101 0.026474636
384 42.399414 13 1 16 240.70985 0.031092292
385 42.249413 13 1 16 241.32016 0.025923282
386 42.09941 14 1 16 241.83914 0.044660416
387 41.94941 14 1 16 242.72401 0.031093089
388 41.799408 14 1 16 243.33437 0.031093089
389 41.649406 14 1 16 243.94472 0.031099211
390 41.499405 14 1 16 244.55507 0.031099211
391 41.349403 14 1 16 245.16542 0.031099211
392 41.1994 14 1 18 245.77562 0.015562188
393 41.0494 14 1 18 246.08095 0.03110544
394 40.8994 14 1 18 246.6913 0.03110544
395 40.749397 14 1 18 247.30165 0.03110544
396 40.599396 14 1 18 247.912 0.03110544
397 40.449394 14 1 18 248.5222 0.015562188
398 40.299393 14 1 18 248.82753 0.03110544
399 40.14939 14 1 18 249.43788 0.03110544
400 39.99939 14 1 18 250.04823 0.03110544
401 39.84939 14 1 18 250.65875 0.04666534
402 39.699387 14 1 18 251.60463 0.03110544
403 39.549385 14 1 18 252.21498 0.03110544
404 39.399384 14 1 18 252.82533 0.03110544
405 39.249382 14 1 18 253.43568 0.031103155
406 39.09938 14 1 18 254.04604 0.031103155
407 38.94938 14 1 18 254.65639 0.031103155
408 38.799377 14 1 18 255.26674 0.031103155
409 38.649376 14 1 18 255.87709 0.031103155
410 38.499374 14 1 18 256.48746 0.031103155
411 38.349373 14 1 18 257.0978 0.031103155
412 38.19937 14 1 18 257.70816 0.031103155
413 38.04937 14 1 18 258.31854 0.03207546
414 37.89937 14 1 18 258.95264 0.046661235
415 37.749367 14 1 18 259.86786 0.015546717
416 37.599365 14 1 18 260.1732 0.03111452
417 37.449364 14 1 18 260.78357 0.034789898
418 37.299362 14 1 18 261.45477 0.015557149
419 37.14936 14 1 18 261.76013 0.034770668
420 36.99936 14 1 18 262.43164 0.04667288
421 36.849358 14 1 18 263.34705 0.034774818
422 36.699356 15 1 18 264.01834 0.023342807
423 36.549355 15 1 18 264.50653 0.015549525
424 36.399353 15 1 18 264.812 0.046648573
425 36.24935 16 1 18 265.72733 0.02334386
426 36.09935 16 1 18 266.2157 0.03478636
427 35.94935 16 1 18 266.8869 0.015570695
428 35.799347 16 1 18 267.19226 0.03206309
429 35.649345 17 1 18 267.83374 0.031093739
430 35.499344 17 1 18 268.44412 0.034789577
431 35.349342 17 1 18 269.11548 0.0318251
432 35.19934 17 1 18 269.72583 0.031599075
433 35.04934 17 1 18 270.33618 0.031127205
434 34.899338 17 1 18 270.94653 0.0313391
435 34.749336 17 1 18 271.5569 0.031126346
436 34.599335 17 1 18 272.16708 0.015860794
437 34.449333 17 1 18 272.4724 0.031101014
438 34.29933 17 1 18 273.08276 0.031096872
439 34.14933 17 1 20 273.69327 0.04658761
440 33.99933 17 1 20 274.60864 0.03111493
441 33.849327 17 1 20 275.219 0.03111493
442 33.699326 17 1 20 275.82935 0.03111493
443 33.549324 17 1 20 276.4397 0.03111493
444 33.399323 17 1 20 277.05005 0.03111493
445 33.24932 17 1 20 277.6604 0.03111493
446 33.09932 17 1 20 278.27075 0.03111493
447 32.949318 17 1 20 278.88095 0.015811967
448 32.799316 17 1 20 279.18628 0.031112524
449 32.649315 17 1 20 279.79663 0.031112524
450 32.499313 17 1 20 280.40698 0.031112524
451 32.34931 17 1 20 281.01733 0.031112524
452 32.19931 17 1 20 281.6277 0.031112524
453 32.04931 17 1 20 282.23804 0.031104576
454 31.89931 17 1 20 282.84842 0.032804403
455 31.74931 17 1 20 283.5198 0.032400757
456 31.59931 17 1 20 284.19116 0.03197495
457 31.44931 17 1 20 284.8015 0.031545054
458 31.29931 17 1 20 285.41187 0.031083375
459 31.149311 17 1 20 286.02222 0.03065394
460 30.999311 17 1 20 286.63257 0.030186502
461 30.849312 17 1 20 287.24307 0.046044596
462 30.699312 17 1 20 288.15833 0.017402181
463 30.549313 17 1 20 288.52466 0.029687837
464 30.399313 17 1 20 289.13516 0.045908578
465 30.249313 17 1 20 290.0505 0.028957555
466 30.099314 18 1 20 290.59982 0.028741136
467 29.949314 19 1 20 291.14914 0.02813316
468 29.799314 19 1 20 291.69843 0.024518333
469 29.649315 19 1 20 292.1867 0.024446117
470 29.499315 19 1 20 292.675 0.02440363
471 29.349316 19 1 20 293.16333 0.031128515
472 29.199316 19 1 20 293.77368 0.031128515
473 29.049316 19 1 20 294.3842 0.045606423
474 28.899317 19 1 20 295.29956 0.031101042
475 28.749317 19 1 20 295.9098 0.018723752
476 28.599318 19 1 20 296.27612 0.031115662
477 28.449318 19 1 20 296.88647 0.031115662
478 28.299318 19 1 20 297.49683 0.031115662
479 28.149319 19 1 22 298.10718 0.031108156
480 27.99932 19 1 22 298.71753 0.031108156
481 27.84932 19 1 22 299.32788 0.031108156
482 27.69932 19 1 22 299.93823 0.031108156
483 27.54932 19 1 22 300.54858 0.031108156
484 27.39932 19 1 22 301.15894 0.031108156
485 27.249321 19 1 22 301.7693 0.031108156
486 27.099321 19 1 22 302.37964 0.031108156
487 26.949322 19 1 22 302.99 0.031108156
488 26.799322 19 1 22 303.60034 0.031108156
489 26.649323 19 1 22 304.21085 0.046671707
490 26.499323 19 1 22 305.12622 0.031108156
491 26.349323 19 1 22 305.73672 0.046671707
492 26.199324 19 1 22 306.6521 0.031108156
493 26.049324 19 1 22 307.26245 0.031108156
494 25.899324 19 1 22 307.87296 0.046671707
495 25.749325 20 1 22 308.78827 0.023335854
496 25.599325 20 1 22 309.27664 0.034785155
497 25.449326 20 1 22 309.94803 0.034787383
498 25.299326 20 1 22 310.61942 0.034779496
499 25.149326 20 1 22 311.2907 0.023331394
500 24.999327 20 1 22 311.779 0.023331394
501 24.849327 20 1 22 312.26727 0.023331394
502 24.699327 20 1 22 312.75555 0.023331394
503 24.549328 20 1 22 313.24384 0.023331394
504 24.399328 20 1 22 313.73212 0.023331394
505 24.249329 20 1 22 314.2204 0.023331394
506 24.099329 20 1 22 314.70868 0.023331394
507 23.94933 20 1 22 315.19705 0.032086033
508 23.79933 20 1 22 315.86835 0.023317358
509 23.64933 20 1 22 316.35663 0.023317358
510 23.49933 20 1 22 316.845 0.03479909
511 23.34933 20 1 22 317.51636 0.031130038
512 23.199331 20 1 22 318.1267 0.03188866
513 23.049332 20 1 22 318.73706 0.03110946
514 22.899332 20 1 22 319.3474 0.03110946
515 22.749332 20 1 22 319.95776 0.031108785
516 22.599333 20 1 22 320.5681 0.031108785
517 22.449333 20 1 22 321.17847 0.031108785
518 22.299334 20 1 22 321.78882 0.031108124
519 22.149334 20 1 22 322.39917 0.031107476
520 21.999334 20 1 24 323.00952 0.031112451
521 21.849335 20 1 24 323.61987 0.031112451
522 21.699335 20 1 24 324.23022 0.031112451
523 21.549335 20 1 24 324.84058 0.031112451
524 21.399336 20 1 24 325.45093 0.031112451
525 21.249336 20 1 24 326.06128 0.031112451
526 21.099337 20 1 24 326.67163 0.031112451
527 20.949337 20 1 24 327.28198 0.031112451
528 20.799337 20 1 24 327.89233 0.030836731
529 20.649338 20 1 24 328.5027 0.031114195
530 20.499338 20 1 24 329.11288 0.016021376
531 20.349339 20 1 24 329.4182 0.031105978
532 20.199339 20 1 24 330.02856 0.031105978
533 20.04934 20 1 24 330.63892 0.031105978
534 19.89934 20 1 24 331.24927 0.031105978
535 19.74934 20 1 24 331.85977 0.046519782
536 19.59934 20 1 24 332.77518 0.032245096
537 19.44934 20 1 24 333.42648 0.031609364
538 19.299341 20 1 24 334.03683 0.030949257
539 19.149342 20 1 24 334.6472 0.030248843
540 18.999342 20 1 24 335.25754 0.029522628
541 18.849342 20 1 24 335.86786 0.028794901
542 18.699343 20 1 24 336.41718 0.028032316
543 18.549343 20 1 24 336.9665 0.027247941
544 18.399343 20 1 24 337.51572 0.019657882
545 18.249344 20 1 24 337.88202 0.02697833
546 18.099344 20 1 24 338.43134 0.026119871
547 17.949345 20 1 24 338.92877 0.025283452
548 17.799345 20 1 24 339.41705 0.024389643
549 17.649345 20 1 24 339.90533 0.023564827
550 17.499346 20 1 24 340.39365 0.026268318
551 17.349346 20 1 24 340.94296 0.026101507
552 17.199347 20 1 24 341.48734 0.02360783
553 17.049347 20 1 24 341.9756 0.022602532
554 16.899347 20 2 24 342.424 0.031117063
555 16.749348 20 2 24 343.03436 0.031117063
556 16.599348 20 2 24 343.64456 0.015969064
557 16.449348 20 2 24 343.9499 0.031112451
558 16.299349 20 2 24 344.56024 0.031112451
559 16.14935 20 2 24 345.1706 0.031112451
560 15.99935 20 2 24 345.78094 0.031112451
561 15.84935 20 2 24 346.3913 0.031112451
562 15.69935 20 2 24 347.00165 0.031112451
563 15.549351 20 2 24 347.612 0.030858785
564 15.399351 20 2 24 348.22235 0.031114195
565 15.2493515 20 2 24 348.83286 0.046501808
566 15.099352 20 2 24 349.74823 0.031103704
567 14.949352 20 2 24 350.35858 0.031103704
568 14.799353 20 2 24 350.96893 0.031101977
569 14.649353 20 2 24 351.57928 0.031101977
570 14.499353 20 2 24 352.18964 0.031101977
571 14.349354 20 2 24 352.80002 0.032187466
572 14.199354 20 2 24 353.4459 0.031545054
573 14.049355 20 2 24 354.05624 0.03086812
574 13.899355 20 2 24 354.6666 0.030193135
575 13.749355 20 2 24 355.27695 0.029461369
576 13.599356 20 2 24 355.88727 0.028728956
577 13.449356 20 2 24 356.43658 0.027973672
578 13.299356 20 2 24 356.9859 0.027185688
579 13.149357 20 2 24 357.53522 0.026372867
580 12.999357 20 2 24 358.0845 0.025574807
581 12.849358 20 2 24 358.57278 0.024761008
582 12.699358 20 2 24 359.06107 0.02397066
583 12.549358 20 2 24 359.54935 0.02316602
584 12.399359 20 2 24 360.0346 0.022390973
585 12.249359 20 2 24 360.46188 0.025651371
586 12.0993595 20 2 24 360.95013 0.021252794
587 11.94936 20 2 24 361.37738 0.020490473
588 11.79936 20 2 24 361.80472 0.031099452
589 11.649361 21 2 24 362.41504 0.026289858
590 11.499361 21 3 24 362.86404 0.031118263
591 11.349361 21 3 24 363.4744 0.031118263
592 11.199362 21 3 24 364.08475 0.031118263
593 11.049362 21 3 24 364.6951 0.031118263
594 10.899363 21 3 24 365.30545 0.031118263
595 10.749363 21 3 24 365.9158 0.031118263
596 10.599363 21 3 24 366.52615 0.031118263
597 10.449364 21 3 24 367.1365 0.031118263
598 10.299364 21 3 24 367.74686 0.031118263
599 10.149364 21 3 24 368.3572 0.031118263
600 9.999365 21 3 24 368.96756 0.031118263
601 9.849365 21 3 24 369.5779 0.031118263
602 9.699366 21 3 24 370.18826 0.031118263
603 9.549366 21 3 24 370.7986 0.031118263
604 9.399366 21 3 24 371.40897 0.031118263
605 9.249367 21 3 24 372.01932 0.031118263
606 9.099367 21 3 24 372.6297 0.032655343
607 8.949368 21 3 24 373.3011 0.032032397
608 8.799368 21 3 24 373.92883 0.046383977
609 8.649368 21 3 24 374.8442 0.031203805
610 8.499369 21 3 24 375.45456 0.03048573
611 8.349369 21 3 24 376.0649 0.029736592
612 8.199369 21 3 24 376.67523 0.028951516
613 8.04937 21 3 24 377.22458 0.031102909
614 7.8993697 21 3 24 377.8349 0.02813316
615 7.7493696 21 3 24 378.38422 0.027242823
616 7.5993695 21 3 24 378.93353 0.026326671
617 7.4493694 21 3 24 379.46942 0.02543076
618 7.2993693 21 3 24 379.9577 0.024522096
619 7.1493692 21 3 24 380.44598 0.02360783
620 6.999369 21 3 24 380.93427 0.023169536
621 6.849369 21 3 24 381.39932 0.023610456
622 6.699369 21 3 24 381.88757 0.022604296
623 6.549369 21 3 24 382.3149 0.031111328
624 6.399369 21 4 24 382.92697 0.031112451
625 6.2493687 21 4 24 383.53732 0.031112451
626 6.0993686 21 4 24 384.14767 0.031112451
627 5.9493685 21 4 24 384.75803 0.031112451
628 5.7993684 21 4 24 385.36838 0.031112451
629 5.6493683 21 4 24 385.97873 0.031112451
630 5.499368 21 4 24 386.58908 0.031112451
631 5.349368 21 4 24 387.19943 0.031112451
632 5.199368 21 4 24 387.80978 0.030836731
633 5.049368 21 4 24 388.42014 0.031114195
634 4.899368 21 4 24 389.0305 0.031114195
635 4.7493677 21 4 24 389.64084 0.031114195
636 4.5993676 21 4 24 390.2512 0.031114195
637 4.4493675 21 4 24 390.86154 0.031114195
638 4.2993674 21 4 24 391.4719 0.03111587
639 4.1493673 21 4 24 392.08224 0.03111587
640 3.9993672 21 4 24 392.69263 0.03225264
641 3.8493671 21 4 24 393.3445 0.031609364
642 3.699367 21 4 24 393.95486 0.030949257
643 3.549367 21 4 24 394.56522 0.030255508
644 3.3993669 21 4 24 395.17557 0.029558612
645 3.2493668 21 4 24 395.7859 0.028794901
646 3.0993667 21 4 24 396.3352 0.028037876
647 2.9493666 21 4 24 396.88452 0.027284687
648 2.7993665 21 4 24 397.43384 0.026474636
649 2.6493664 21 4 24 397.98312 0.025678076
650 2.4993663 21 4 24 398.4714 0.024860853
651 2.3493662 21 4 24 398.9597 0.024063757
652 2.199366 21 4 24 399.44797 0.023295786
653 2.049366 21 4 24 399.93622 0.022478288
654 1.899366 21 4 24 400.36346 0.021731893
655 1.749366 21 4 24 400.7907 0.021019682
656 1.5993661 21 4 24 401.21796 0.020307127
657 1.4493661 21 4 24 401.64517 0.019633325
658 1.2993661 21 4 24 402.01138 0.019037489
659 1.1493661 21 4 24 402.3776 0.018482748
660 0.99936616 21 4 24 402.7439 0.028902877
661 0.8493662 21 4 24 403.2965 0.031123746
662 0.6993662 21 4 24 403.90686 0.03111372
663 0.54936624 21 4 24 404.5172 0.031103704
664 0.39936623 21 4 24 405.12756 0.031126183
665 0.24936622 21 4 24 405.7379 0.031126183
666 0.09936622 21 4 24 406.34827 0.031126183
667 -0.050633788 21 4 24 406.95862 0.031116193
668 -0.2006338 21 4 24 407.56897 0.031116193
669 -0.3506338 21 4 26 408.17932 0.031113908
670 -0.50063384 21 4 26 408.78967 0.031113908
671 -0.6506338 21 4 26 409.40002 0.031113908
672 -0.8006338 21 4 26 410.01038 0.031113908
673 -0.95063376 21 4 26 410.62073 0.031113908
674 -1.1006337 21 4 26 411.23108 0.031113908
675 -1.2506337 21 4 26 411.84143 0.031110441
676 -1.4006337 21 4 26 412.45178 0.031110441
677 -1.5506337 21 4 26 413.06213 0.031110441
678 -1.7006336 21 4 26 413.6725 0.031110441
679 -1.8506336 21 4 26 414.28284 0.031110441
680 -2.0006337 21 4 26 414.8932 0.031110441
681 -2.1506338 21 4 26 415.50354 0.031110441
682 -2.300634 21 4 26 416.1139 0.031106984
683 -2.450634 21 4 26 416.72424 0.031106984
684 -2.600634 21 4 26 417.3346 0.031106984
685 -2.7506342 21 4 26 417.94495 0.031106984
686 -2.9006343 21 4 26 418.55533 0.034786284
687 -3.0506344 21 4 26 419.2267 0.03477599
688 -3.2006345 21 4 26 419.8981 0.034782864
689 -3.3506346 21 4 26 420.5695 0.034797907
690 -3.5006347 21 4 26 421.24088 0.034775395
691 -3.6506348 21 4 26 421.91226 0.034781404
692 -3.8006349 21 4 26 422.58365 0.03478636
693 -3.950635 21 4 26 423.25504 0.034792572
694 -4.100635 21 4 26 423.92642 0.03479389
695 -4.250635 21 4 26 424.5978 0.03414009
696 -4.4006352 21 4 26 425.2692 0.033301104
697 -4.5506353 21 4 26 425.94058 0.032415975
698 -4.7006354 21 4 26 426.61194 0.031099873
699 -4.8506355 21 4 26 427.2223 0.03148806
700 -5.0006356 21 4 26 427.83264 0.031093836
701 -5.1506357 21 4 26 428.443 0.030416278
702 -5.300636 21 4 26 429.05334 0.031118935
703 -5.450636 21 4 26 429.6637 0.029169142
704 -5.600636 21 4 26 430.21933 0.031120105
705 -5.750636 21 4 26 430.82968 0.031120105
706 -5.900636 21 4 26 431.44003 0.031120105
707 -6.0506363 21 4 26 432.05038 0.031120105
708 -6.2006364 21 4 26 432.66074 0.031124586
709 -6.3506365 21 4 26 433.2711 0.031124586
710 -6.5006366 21 4 26 433.88144 0.031129079
711 -6.6506367 21 4 28 434.4918 0.031119753
712 -6.800637 21 4 28 435.10214 0.031119753
713 -6.950637 21 4 28 435.7125 0.031119753
714 -7.100637 21 4 28 436.32285 0.031119753
715 -7.250637 21 4 28 436.9332 0.031119753
716 -7.400637 21 4 28 437.54355 0.031119753
717 -7.5506372 21 4 28 438.1539 0.031119753
718 -7.7006373 21 4 28 438.76425 0.031119753
719 -7.8506374 21 4 28 439.3746 0.031117925
720 -8.000637 21 4 28 439.98495 0.031117925
721 -8.150637 21 4 28 440.5953 0.031117925
722 -8.300636 21 4 28 441.20566 0.031117925
723 -8.450636 21 4 28 441.816 0.031117925
724 -8.600636 21 4 28 442.42636 0.031117925
725 -8.750635 21 4 28 443.0367 0.031117925
726 -8.900635 21 4 28 443.6471 0.034790896
727 -9.050634 21 4 28 444.31848 0.034788202
728 -9.200634 21 4 28 444.98987 0.034783456
729 -9.350634 21 4 28 445.66125 0.03478678
730 -9.500633 21 4 28 446.33264 0.034789056
731 -9.650633 21 4 28 447.00403 0.03478222
732 -9.800632 21 4 28 447.6754 0.034785062
733 -9.950632 21 4 28 448.3468 0.034334633
734 -10.100632 21 4 28 449.0182 0.033811674
735 -10.250631 21 4 28 449.68958 0.03327722
736 -10.400631 21 4 28 450.36096 0.03270566
737 -10.550631 21 4 28 451.03232 0.032097362
738 -10.70063 21 4 28 451.64267 0.03148806
739 -10.85063 21 4 28 452.25302 0.031107072
740 -11.000629 21 4 28 452.86337 0.030836465
741 -11.150629 21 4 28 453.47372 0.031097088
742 -11.300629 21 4 28 454.08408 0.030137485
743 -11.450628 21 4 28 454.69443 0.031113908
744 -11.600628 21 4 28 455.30478 0.031113908
745 -11.7506275 21 4 28 455.91513 0.031113908
746 -11.900627 21 4 28 456.52548 0.031110441
747 -12.050627 21 4 28 457.13583 0.031110441
748 -12.200626 21 4 28 457.7462 0.031110441
749 -12.350626 21 4 28 458.35654 0.031106984
750 -12.500626 21 4 30 458.9669 0.031118263
751 -12.650625 21 4 30 459.57724 0.031118263
752 -12.800625 21 4 30 460.1876 0.031118263
753 -12.950624 21 4 30 460.79794 0.031118263
754 -13.100624 21 4 30 461.4083 0.031118263
755 -13.250624 21 4 30 462.01865 0.031118263
756 -13.400623 21 4 30 462.629 0.031118263
757 -13.550623 21 4 30 463.23935 0.031118263
758 -13.700623 21 4 30 463.8497 0.031118263
759 -13.850622 21 4 30 464.46005 0.031118263
760 -14.000622 21 4 30 465.0704 0.031118263
761 -14.150621 21 4 30 465.6807 0.023447212
762 -14.300621 21 4 30 466.16898 0.023442555
763 -14.450621 21 4 30 466.65726 0.023435688
764 -14.60062 21 4 30 467.14554 0.023431186
765 -14.75062 21 4 30 467.63382 0.023443494
766 -14.9006195 21 4 30 468.1221 0.0234202
767 -15.050619 21 4 30 468.61038 0.023413789
768 -15.200619 21 4 30 469.09866 0.023409594
769 -15.350618 21 4 30 469.58694 0.023403417
770 -15.500618 21 4 30 470.07523 0.023399375
771 -15.650618 21 4 30 470.56357 0.031111335
772 -15.800617 21 4 30 471.17392 0.031111335
773 -15.950617 21 4 30 471.78427 0.031111335
774 -16.100616 21 4 30 472.39462 0.031111335
775 -16.250616 21 4 30 473.00497 0.031111335
776 -16.400616 21 4 30 473.61536 0.033027727
777 -16.550615 21 4 30 474.28674 0.032270156
778 -16.700615 21 4 30 474.94077 0.031438317
779 -16.850615 21 5 30 475.57394 0.031108646
780 -17.000614 21 5 30 476.1843 0.031108646
781 -17.150614 21 5 30 476.79465 0.031109985
782 -17.300613 21 5 30 477.405 0.031109985
783 -17.450613 21 5 30 478.01535 0.031109985
784 -17.600613 21 5 30 478.6257 0.031109985
785 -17.750612 21 5 30 479.23605 0.031109985
786 -17.900612 21 5 30 479.8464 0.031109985
787 -18.050611 21 5 30 480.45676 0.031109985
788 -18.200611 21 5 30 481.0671 0.031109985
789 -18.35061 21 5 30 481.67746 0.031109985
790 -18.50061 21 5 30 482.2878 0.031109985
791 -18.65061 21 5 30 482.89816 0.031109985
792 -18.80061 21 5 30 483.5085 0.031109985
793 -18.95061 21 5 30 484.11887 0.031109985
794 -19.100609 21 5 30 484.72922 0.031109985
795 -19.250608 21 5 30 485.3396 0.03277922
796 -19.400608 21 5 30 486.011 0.032310333
797 -19.550608 21 5 30 486.68234 0.03182785
798 -19.700607 21 5 30 487.2927 0.0313422
799 -19.850607 21 5 30 487.90305 0.030836465
800 -20.000607 21 5 30 488.5134 0.030311292
801 -20.150606 21 5 30 489.12375 0.029785367
802 -20.300606 21 5 30 489.7341 0.029229866
803 -20.450605 21 5 30 490.30658 0.028674979
804 -20.600605 21 5 30 490.8559 0.028085506
805 -20.750605 21 5 30 491.4052 0.027504204
806 -20.900604 21 5 30 491.95453 0.026926681
807 -21.050604 21 5 30 492.50385 0.026322102
808 -21.200603 21 5 30 493.05313 0.025089059
809 -21.350603 21 5 30 493.5414 0.025010018
810 -21.500603 21 5 30 494.0297 0.024967456
811 -21.650602 21 5 30 494.51797 0.024884876
812 -21.800602 21 5 30 495.0063 0.026572015
813 -21.950602 21 5 30 495.55557 0.025823282
814 -22.100601 21 5 30 496.0439 0.03112288
815 -22.2506 21 5 30 496.65427 0.03112288
816 -22.4006 21 5 30 497.26462 0.031116854
817 -22.5506 21 5 30 497.87497 0.031116854
818 -22.7006 21 5 30 498.48532 0.031116854
819 -22.8506 21 5 30 499.09567 0.031116854
820 -23.000599 21 5 30 499.70602 0.031116854
821 -23.150599 21 5 30 500.31638 0.031116854
822 -23.300598 21 5 32 500.92673 0.031119753
823 -23.450598 21 5 32 501.53708 0.031119753
824 -23.600597 21 5 32 502.14743 0.031119753
825 -23.750597 21 5 32 502.75778 0.031119753
826 -23.900597 21 5 32 503.36813 0.031119753
827 -24.050596 21 5 32 503.9785 0.031119753
828 -24.200596 21 5 32 504.58884 0.031119753
829 -24.350595 21 5 32 505.1992 0.031119753
830 -24.500595 21 5 32 505.80954 0.031117925
831 -24.650595 21 5 32 506.4199 0.031117925
832 -24.800594 21 5 32 507.03024 0.031117925
833 -24.950594 21 5 32 507.6406 0.031117925
834 -25.100594 21 5 32 508.25095 0.031117925
835 -25.250593 21 5 32 508.8613 0.031117925
836 -25.400593 21 5 32 509.47165 0.031117925
837 -25.550592 21 5 32 510.082 0.031117925
838 -25.700592 21 5 32 510.69235 0.031117925
839 -25.850592 21 5 32 511.3027 0.031116106
840 -26.000591 21 5 32 511.91306 0.031116106
841 -26.15059 21 5 32 512.52344 0.031116106
842 -26.30059 21 5 32 513.1338 0.03203985
843 -26.45059 21 5 32 513.74414 0.031545054
844 -26.60059 21 5 32 514.3545 0.031019758
845 -26.75059 21 5 32 514.96484 0.03048573
846 -26.900589 21 5 32 515.5752 0.029957792
847 -27.050589 21 5 32 516.18555 0.029393975
848 -27.200588 21 5 32 516.7959 0.028794901
849 -27.350588 21 5 32 517.40625 0.028197736
850 -27.500587 21 5 32 518.01654 0.027609264
851 -27.650587 21 5 32 518.5048 0.026988255
852 -27.800587 21 5 32 518.9931 0.026372867
853 -27.950586 21 5 32 519.4814 0.025769211
854 -28.100586 21 5 32 519.96967 0.025321143
855 -28.250586 21 5 32 520.45795 0.025217608
856 -28.400585 21 5 32 520.9462 0.025116963
857 -28.550585 21 5 32 521.4345 0.025044557
858 -28.700584 21 5 32 521.92285 0.031116053
859 -28.850584 21 6 32 522.536 0.031102698
860 -29.000584 21 6 32 523.14636 0.031102698
861 -29.150583 21 6 32 523.7567 0.031102698
862 -29.300583 21 6 32 524.36707 0.031102698
863 -29.450583 21 6 32 524.9774 0.031102698
864 -29.600582 21 6 32 525.58777 0.031102698
865 -29.750582 21 6 32 526.1981 0.031100739
866 -29.900581 21 6 32 526.8085 0.031119714
867 -30.050581 21 6 32 527.4188 0.031119714
868 -30.20058 21 6 32 528.0292 0.031119714
869 -30.35058 21 6 32 528.6395 0.031119714
870 -30.50058 21 6 32 529.2499 0.031119714
871 -30.65058 21 6 32 529.8602 0.031119714
872 -30.80058 21 6 32 530.4706 0.031119714
873 -30.950579 21 6 32 531.08093 0.031119714
874 -31.100578 21 6 32 531.6913 0.031119714
875 -31.250578 21 6 32 532.30164 0.03182785
876 -31.400578 21 6 32 532.912 0.0313422
877 -31.550577 21 6 32 533.52234 0.030836465
878 -31.700577 21 6 32 534.1327 0.030311292
879 -31.850576 21 6 32 534.74304 0.029785367
880 -32.000576 21 6 32 535.3534 0.029229866
881 -32.150578 21 6 32 535.96375 0.028674979
882 -32.30058 21 6 32 536.5741 0.028091094
883 -32.45058 21 6 32 537.1844 0.027504204
884 -32.600582 21 6 32 537.67267 0.026926681
885 -32.750584 21 6 32 538.16095 0.026322102
886 -32.900585 21 6 32 538.64923 0.025723627
887 -33.050587 21 6 32 539.1375 0.025099576
888 -33.20059 21 6 32 539.6258 0.024522096
889 -33.35059 21 6 32 540.1141 0.023883691
890 -33.50059 21 6 32 540.60236 0.023298152
891 -33.650593 21 6 32 541.09064 0.022729097
892 -33.800594 21 6 32 541.5789 0.022141065
893 -33.950596 21 6 32 542.0672 0.021570122
894 -34.100597 21 6 32 542.55554 0.031100476
895 -34.2506 21 6 32 543.1659 0.031100476
896 -34.4006 21 6 32 543.77625 0.031100476
897 -34.550602 21 6 32 544.3866 0.031100476
898 -34.700603 21 6 32 544.99695 0.031100476
899 -34.850605 21 6 32 545.6073 0.031100476
900 -35.000607 21 6 32 546.21765 0.031100476
901 -35.150608 21 6 32 546.828 0.031100476
902 -35.30061 21 6 32 547.43835 0.031100476
903 -35.45061 21 6 34 548.0487 0.031104226
904 -35.600613 21 6 34 548.65906 0.031104226
905 -35.750614 21 6 34 549.2694 0.031104226
906 -35.900616 21 6 34 549.87976 0.031104226
907 -36.050617 21 6 34 550.4901 0.031104226
908 -36.20062 21 6 34 551.10046 0.031102043
909 -36.35062 21 6 34 551.7108 0.031102043
910 -36.50062 21 6 34 552.32117 0.031102043
911 -36.650623 21 6 34 552.9315 0.031102043
912 -36.800625 21 6 34 553.5419 0.031102043
913 -36.950626 21 6 34 554.1522 0.031102043
914 -37.100628 21 6 34 554.7626 0.031120993
915 -37.25063 21 6 34 555.3729 0.031120993
916 -37.40063 21 6 34 555.9833 0.031118823
917 -37.550632 21 6 34 556.5936 0.031118823
918 -37.700634 21 6 34 557.204 0.031118823
919 -37.850636 21 6 34 557.81433 0.031118823
920 -38.000637 21 6 34 558.4247 0.031118823
921 -38.15064 21 6 34 559.0351 0.034778707
922 -38.30064 21 6 34 559.7675 0.034785043
923 -38.45064 21 6 34 560.49994 0.034772728
924 -38.600643 21 6 34 561.23236 0.034793325
925 -38.750645 21 6 34 561.9648 0.034791064
926 -38.900646 21 6 34 562.6972 0.034555055
927 -39.050648 21 6 34 563.4296 0.03375272
928 -39.20065 21 6 34 564.0941 0.032903347
929 -39.35065 21 6 34 564.70447 0.03197495
930 -39.500652 21 6 34 565.3148 0.031005729
931 -39.650654 21 6 34 565.9252 0.029964318
932 -39.800655 21 6 34 566.5355 0.028849056
933 -39.950657 21 6 34 567.1459 0.027709233
934 -40.10066 21 6 34 567.66473 0.02652096
935 -40.25066 21 6 34 568.153 0.02529122
936 -40.40066 21 6 34 568.64136 0.031108646
937 -40.550663 21 6 34 569.25165 0.024107438
938 -40.700665 21 6 34 569.74 0.031116335
939 -40.850666 21 6 34 570.3503 0.022772698
940 -41.000668 21 6 34 570.8386 0.031120565
941 -41.15067 21 6 34 571.4489 0.021292709
942 -41.30067 21 6 34 571.8346 0.03111224
943 -41.450672 21 6 34 572.44495 0.031102983
944 -41.600674 21 6 34 573.0553 0.031102983
945 -41.750675 21 6 34 573.66565 0.031127112
946 -41.900677 21 6 34 574.276 0.031123675
947 -42.05068 21 6 36 574.88635 0.031108856
948 -42.20068 21 6 36 575.4967 0.031108856
949 -42.35068 21 6 36 576.10706 0.031108856
950 -42.500683 21 6 36 576.7174 0.031108856
951 -42.650684 21 6 36 577.32776 0.031108856
952 -42.800686 21 6 36 577.9381 0.031108856
953 -42.950687 21 6 36 578.54846 0.031108856
954 -43.10069 21 6 36 579.1588 0.031108856
955 -43.25069 21 6 36 579.76917 0.031108856
956 -43.400692 21 6 36 580.3795 0.031108856
957 -43.550694 21 6 36 580.98987 0.031108856
958 -43.700695 21 6 36 581.6002 0.031108856
959 -43.850697 21 6 36 582.2106 0.031108856
960 -44.000698 21 6 36 582.8209 0.031108856
961 -44.1507 21 6 36 583.4313 0.031108856
962 -44.3007 21 6 36 584.0416 0.031108856
963 -44.450703 21 6 36 584.65204 0.034785025
964 -44.600704 22 6 36 585.38446 0.034275282
965 -44.750706 22 6 36 586.1169 0.033744574
966 -44.900707 22 6 36 586.8046 0.033176094
967 -45.05071 22 6 36 587.415 0.032597348
968 -45.20071 22 6 36 588.0253 0.031982385
969 -45.35071 22 6 36 588.6357 0.03135988
970 -45.500713 22 6 36 589.24603 0.030667655
971 -45.650715 22 6 36 589.8564 0.030013232
972 -45.800716 22 6 36 590.46674 0.02928451
973 -45.950718 22 6 36 591.0771 0.028561391
974 -46.10072 22 6 36 591.68744 0.027809378
975 -46.25072 22 6 36 592.26385 0.027030056
976 -46.400723 22 6 36 592.75214 0.026225321
977 -46.550724 22 6 36 593.2404 0.025434744
978 -46.700726 22 6 36 593.7287 0.024665145
979 -46.850727 22 6 36 594.217 0.023877993
980 -47.00073 22 6 36 594.7053 0.031105319
981 -47.15073 22 6 36 595.3156 0.023079116
982 -47.30073 22 6 36 595.80396 0.031102229
983 -47.450733 22 6 36 596.4143 0.031102229
984 -47.600735 22 6 36 597.02466 0.031102229
985 -47.750736 22 6 36 597.635 0.031102229
986 -47.900738 22 6 36 598.24536 0.031102229
987 -48.05074 22 6 36 598.8557 0.031109931
988 -48.20074 22 6 36 599.46606 0.031109931
989 -48.350742 22 6 38 600.0764 0.031117186
990 -48.500744 22 6 38 600.68677 0.031117186
991 -48.650745 22 6 38 601.2971 0.031117186
992 -48.800747 22 6 38 601.9075 0.031117186
993 -48.95075 22 6 38 602.5178 0.031117186
994 -49.10075 22 6 38 603.1282 0.031117186
995 -49.25075 22 6 38 603.7385 0.031117186
996 -49.400753 22 6 38 604.3489 0.031117186
997 -49.550755 22 6 38 604.9592 0.031117186
998 -49.700756 22 6 38 605.5696 0.031117186
999 -49.850758 22 6 38 606.17993 0.031117186
1000 -50.00076 22 6 38 606.7903 0.031117186
1001 -50.15076 22 6 38 607.40063 0.031117186

----QMATRIX: [Sensed Threat] > ACTION == UTILITY------
[0.0,1.0,0.0,0.0,0.0,0.0,0.0,0.0] > ACTION_RIGHT == -9.956959E-8
[0.0,0.0,0.0,0.0,0.0,1.0,0.0,0.0] > ACTION_BACK == -0.0073082806
[0.0,0.0,1.0,0.0,0.0,0.0,0.0,0.0] > ACTION_NONE == -0.09000014
[1.0,0.0,0.0,0.0,0.0,0.0,0.0,0.0] > ACTION_BACK == -5.6747695E-7
[0.0,0.0,0.0,0.0,1.0,0.0,0.0,0.0] > ACTION_RIGHT == -6.4304354E-6
[0.0,0.0,0.0,0.0,0.0,0.0,0.0,0.0] > ACTION_RIGHT == -1.4040222E-6
[0.0,0.0,0.0,1.0,0.0,0.0,0.0,0.0] > ACTION_BACK == -0.006461197
[0.0,0.0,1.0,0.0,0.0,0.0,0.0,0.0] > ACTION_BACK == -4.11288E-8
[0.0,0.0,0.0,0.0,0.0,0.0,1.0,0.0] > ACTION_RIGHT == -0.0088209
[0.0,0.0,0.0,1.0,1.0,0.0,0.0,0.0] > ACTION_RIGHT == -4.2506257E-10
[0.0,0.0,0.0,0.0,0.0,0.0,0.0,1.0] > ACTION_BACK == -6.5609997E-6
[0.0,0.0,0.0,0.0,0.0,0.0,0.0,0.0] > ACTION_BACK == -1.5262998E-6
[0.0,0.0,0.0,0.0,0.0,0.0,0.0,0.0] > ACTION_NONE == -5.380504E-7
[0.0,0.0,0.0,0.0,0.0,1.0,0.0,0.0] > ACTION_RIGHT == -0.0013776151
[0.0,0.0,0.0,0.0,0.0,1.0,0.0,0.0] > ACTION_NONE == -0.090692215
[0.0,1.0,0.0,0.0,0.0,0.0,0.0,0.0] > ACTION_BACK == -0.0052337204
[1.0,0.0,0.0,0.0,0.0,0.0,0.0,0.0] > ACTION_RIGHT == -2.4757554E-7
[0.0,0.0,0.0,0.0,1.0,0.0,0.0,0.0] > ACTION_BACK == -2.4684841E-5
[0.0,0.0,0.0,1.0,0.0,0.0,0.0,0.0] > ACTION_RIGHT == -4.7229176E-9
[0.0,0.0,1.0,0.0,0.0,0.0,0.0,0.0] > ACTION_RIGHT == -2.3359881E-8
[0.0,0.0,0.0,0.0,0.0,0.0,1.0,0.0] > ACTION_BACK == -0.13999908
[0.0,0.0,0.0,0.0,1.0,0.0,0.0,0.0] > ACTION_NONE == -6.618873E-5
