-----Simulation Parameters-----
Iteration Length: 200
Iteration Qty: 1000.0
Learning Rate: 0.1
Discount Factor: 0.9
Decay: 0.15
Max View Distance: 10.0

-----SIMULATION STEPS------
Steps | Exploration Rate | QMatrix Size | Crashes | Victories | Distance Moved | Speed
1 99.85 0 0 0 1.2434368 0.04667282
2 99.7 0 0 0 2.1780376 0.04667282
3 99.549995 0 0 0 3.112793 0.062217712
4 99.399994 0 0 0 4.35623 0.04667282
5 99.24999 0 0 0 5.2908306 0.04667282
6 99.09999 0 0 0 6.2257423 0.07778168
7 98.94999 0 0 0 7.7819824 0.062217712
8 98.79999 0 0 0 9.025419 0.04667282
9 98.64999 0 0 0 9.960175 0.062217712
10 98.499985 0 0 0 11.203771 0.06270249
11 98.34998 0 0 0 12.456394 0.046658523
12 98.19998 0 0 0 13.387337 0.062219843
13 98.04998 0 0 0 14.630928 0.062219843
14 97.89998 0 0 0 15.874676 0.07778261
15 97.74998 0 0 0 17.430916 0.062220003
16 97.599976 0 0 0 18.674511 0.062562674
17 97.449974 1 1 0 19.928307 0.06221795
18 97.29997 1 1 0 21.171902 0.06266017
19 97.14997 1 1 0 22.423122 0.06258162
20 96.99997 1 1 0 23.67434 0.062224172
21 96.84997 1 1 0 24.91793 0.062224172
22 96.69997 1 1 0 26.161678 0.077765465
23 96.549965 1 1 0 27.717922 0.062481713
24 96.39996 1 1 0 28.968985 0.04668532
25 96.24996 2 1 0 29.90374 0.062212966
26 96.09996 3 1 0 31.147177 0.04668393
27 95.94996 4 1 0 32.078724 0.07774962
28 95.79996 4 1 0 33.634964 0.062232036
29 95.649956 4 1 0 34.87856 0.062361106
30 95.499954 4 1 0 36.129776 0.062216137
31 95.34995 4 1 0 37.373524 0.07773422
32 95.19995 4 2 0 38.93228 0.05443573
33 95.04995 4 2 0 40.015892 0.07778168
34 94.89995 5 2 0 41.572136 0.06270249
35 94.74995 6 2 0 42.82351 0.07778213
36 94.599945 6 2 0 44.379597 0.046675257
37 94.44994 6 2 0 45.318012 0.046675257
38 94.29994 6 2 0 46.256584 0.06261841
39 94.14994 6 2 0 47.507957 0.077764995
40 93.99994 6 2 0 49.0642 0.062490143
41 93.84994 7 2 0 50.31542 0.06237811
42 93.699936 7 2 0 51.56441 0.06220823
43 93.549934 7 2 0 52.808002 0.06220823
44 93.39993 7 2 0 54.05175 0.07775634
45 93.24993 7 2 0 55.607834 0.046719592
46 93.09993 7 2 0 56.538933 0.07775634
47 92.94993 7 3 0 58.095665 0.04667282
48 92.79993 7 3 0 59.02661 0.06270249
49 92.649925 7 3 0 60.277985 0.07778207
50 92.49992 7 3 0 61.834072 0.046674885
51 92.34992 7 3 0 62.77266 0.06397377
52 92.19992 7 3 0 64.05137 0.077767335
53 92.04992 7 3 0 65.607765 0.07776755
54 91.89992 7 3 0 67.16402 0.06355658
55 91.749916 7 3 0 68.43049 0.06216769
56 91.599915 7 3 0 69.68186 0.077731185
57 91.44991 7 3 0 71.238106 0.062240195
58 91.29991 8 3 0 72.48948 0.07773268
59 91.14991 8 3 0 74.04556 0.046753313
60 90.99991 8 3 0 74.97666 0.07773268
61 90.84991 8 3 0 76.5329 0.061990697
62 90.699905 9 4 0 77.77567 0.077781685
63 90.549904 9 4 0 79.33191 0.06221774
64 90.3999 10 4 0 80.58313 0.06269542
65 90.2499 10 4 0 81.83435 0.06259274
66 90.0999 10 4 0 83.085724 0.077764995
67 89.9499 10 4 0 84.64212 0.07776515
68 89.7999 10 4 0 86.198364 0.062223632
69 89.649895 10 4 0 87.449585 0.062488027
70 89.49989 10 4 0 88.700806 0.06221338
71 89.34989 10 4 0 89.95218 0.0777501
72 89.19989 10 4 0 91.50842 0.06223372
73 89.04989 10 4 0 92.75964 0.06223372
74 88.89989 10 4 0 94.01102 0.07775087
75 88.749886 10 4 0 95.567184 0.054461602
76 88.599884 10 4 0 96.66589 0.06234938
77 88.44988 10 5 0 97.9188 0.062218368
78 88.29988 10 5 0 99.17017 0.07778196
79 88.14988 10 5 0 100.72657 0.07778196
80 87.99988 10 5 0 102.282814 0.06221846
81 87.84988 10 5 0 103.534035 0.062218368
82 87.699875 10 5 0 104.785255 0.062218368
83 87.54987 10 5 0 106.036476 0.06262976
84 87.39987 10 5 0 107.28785 0.077764705
85 87.24987 10 5 0 108.84409 0.062222626
86 87.09987 10 5 0 110.09547 0.07778393
87 86.94987 10 5 0 111.65186 0.077784225
88 86.799866 10 5 0 113.20811 0.062223896
89 86.649864 10 5 0 114.45948 0.07778438
90 86.49986 10 5 0 116.015724 0.062224172
91 86.34986 10 6 0 117.27033 0.04667282
92 86.19986 10 6 0 118.20143 0.07778168
93 86.04986 10 6 0 119.757675 0.06270249
94 85.89986 10 6 0 121.00905 0.0777822
95 85.749855 10 6 0 122.56529 0.06261841
96 85.59985 10 6 0 123.81635 0.0466647
97 85.44985 10 6 0 124.7473 0.062222626
98 85.29985 10 6 0 125.99852 0.062515475
99 85.14985 10 6 0 127.24974 0.062230833
100 84.99985 10 6 0 128.50096 0.062404986
101 84.849846 10 6 0 129.75218 0.062234025
102 84.699844 10 6 0 131.0034 0.062228225
103 84.54984 10 6 0 132.25462 0.062228225
104 84.39984 10 6 0 133.50584 0.062227476
105 84.24984 10 6 0 134.75722 0.07772695
106 84.09984 10 7 0 136.31978 0.062217712
107 83.94984 10 7 0 137.571 0.062217712
108 83.799835 10 7 0 138.82207 0.04667282
109 83.64983 10 7 0 139.76811 0.04667282
110 83.49983 10 7 0 140.71431 0.062217712
111 83.34983 10 7 0 141.96538 0.04667282
112 83.19983 10 7 0 142.91158 0.062217712
113 83.04983 10 7 0 144.16264 0.04667282
114 82.899826 10 7 0 145.10869 0.04667282
115 82.749825 10 7 0 146.05473 0.04667282
116 82.59982 10 7 0 147.00093 0.06270013
117 82.44982 10 7 0 148.252 0.0466588
118 82.29982 10 7 0 149.1982 0.062562674
119 82.14982 10 7 0 150.44942 0.062228236
120 81.99982 10 7 0 151.70064 0.062419046
121 81.849815 10 7 0 152.95178 0.05447615
122 81.699814 10 7 0 154.05034 0.046708927
123 81.54981 10 8 0 154.99852 0.062217712
124 81.39981 10 8 0 156.2499 0.07778168
125 81.24981 10 8 0 157.80614 0.062217712
126 81.09981 10 8 0 159.05736 0.06270249
127 80.94981 10 8 0 160.30858 0.062218882
128 80.799805 10 8 0 161.55995 0.0777822
129 80.6498 10 8 0 163.1162 0.062218882
130 80.4998 10 8 0 164.36742 0.06261841
131 80.3498 10 8 0 165.61879 0.07776531
132 80.1998 10 8 0 167.17519 0.07778454
133 80.0498 10 8 0 168.73128 0.046668254
134 79.899796 10 8 0 169.67747 0.062224172
135 79.749794 10 8 0 170.9287 0.062483814
136 79.59979 10 8 0 172.17992 0.062238336
137 79.44979 10 8 0 173.43114 0.062238336
138 79.29979 10 9 0 174.68878 0.06270249
139 79.14979 10 9 0 175.94 0.062218554
140 78.99979 10 9 0 177.19107 0.04667454
141 78.849785 10 9 0 178.13727 0.0626252
142 78.69978 10 9 0 179.38849 0.062221713
143 78.54978 10 9 0 180.63971 0.0622215
144 78.39978 10 9 0 181.89078 0.046680715
145 78.24978 10 9 0 182.83698 0.062221292
146 78.09978 10 9 0 184.0882 0.062221292
147 77.949776 10 9 0 185.33926 0.046680365
148 77.799774 10 9 0 186.28548 0.06382775
149 77.64977 10 9 0 187.56705 0.046705283
150 77.49977 10 9 0 188.51324 0.062240865
151 77.34977 10 9 0 189.76462 0.07775403
152 77.19977 10 9 0 191.32086 0.062279314
153 77.04977 10 9 0 192.57208 0.06289104
154 76.899765 10 9 0 193.82346 0.0776563
155 76.74976 11 10 0 195.38304 0.046672836
156 76.59976 11 10 0 196.32939 0.07778168
157 76.44976 11 10 0 197.88564 0.062217727
158 76.29976 11 10 0 199.13686 0.062217727
159 76.14976 11 10 0 200.38809 0.06415799
160 75.999756 11 10 0 201.66997 0.077769175
161 75.849754 11 10 0 203.22623 0.064144954
162 75.69975 11 10 0 204.50795 0.06222339
163 75.54975 11 10 0 205.75917 0.06269928
164 75.39975 11 10 0 207.0104 0.0641424
165 75.24975 11 10 0 208.29213 0.06270962
166 75.09975 12 10 0 209.5432 0.046659376
167 74.949745 12 10 0 210.4894 0.06222017
168 74.79974 12 10 0 211.74077 0.077782705
169 74.64974 12 10 0 213.29701 0.06255607
170 74.49974 12 11 0 214.55138 0.06426943
171 74.34974 12 11 0 215.83325 0.07778351
172 74.19974 12 11 0 217.38951 0.06414553
173 74.049736 12 11 0 218.67123 0.06270646
174 73.899734 12 11 0 219.92247 0.06413517
175 73.74973 12 11 0 221.2042 0.062219765
176 73.59973 12 11 0 222.45526 0.046669714
177 73.44973 12 11 0 223.4013 0.046669714
178 73.29973 12 11 0 224.34766 0.077770315
179 73.14973 12 11 0 225.90392 0.06414309
180 72.999725 13 11 0 227.18549 0.04665531
181 72.849724 14 11 0 228.13168 0.06269034
182 72.69972 14 11 0 229.38283 0.054436
183 72.54972 14 11 0 230.48169 0.07778176
184 72.39972 14 11 0 232.03809 0.07778174
185 72.24972 14 12 0 233.59518 0.07778168
186 72.09972 14 12 0 235.15158 0.07778168
187 71.949715 14 12 0 236.70782 0.062217712
188 71.79971 14 12 0 237.95906 0.06413486
189 71.64971 14 12 0 239.24094 0.07776893
190 71.49971 14 12 0 240.7972 0.064130776
191 71.34971 14 12 0 242.07892 0.06270658
192 71.19971 14 12 0 243.33006 0.054446205
193 71.049706 14 12 0 244.42877 0.06271192
194 70.899704 14 12 0 245.68 0.062221292
195 70.7497 15 12 0 246.93121 0.062221292
196 70.5997 15 12 0 248.18228 0.04665638
197 70.4497 15 12 0 249.12833 0.04665638
198 70.2997 15 12 0 250.07468 0.077786
199 70.1497 15 12 0 251.63092 0.06271067
200 69.999695 15 13 0 252.8843 0.062217858
201 69.84969 15 13 0 254.13567 0.07778174
202 69.69969 15 13 0 255.69191 0.06266713
203 69.54969 15 13 0 256.96613 0.06438629
204 69.39969 15 13 0 258.24802 0.07778244
205 69.24969 15 13 0 259.83478 0.062698364
206 69.099686 15 13 0 261.11652 0.06266249
207 68.949684 15 13 0 262.39807 0.046679694
208 68.79968 15 13 0 263.3137 0.05444006
209 68.64968 15 13 0 264.41232 0.05444006
210 68.49968 15 13 0 265.51096 0.054439824
211 68.34968 15 13 0 266.6096 0.054439824
212 68.19968 15 13 0 267.7083 0.06255607
213 68.049675 15 13 0 268.95047 0.054454025
214 67.89967 15 13 0 270.04935 0.07774915
215 67.74967 15 13 0 271.63626 0.07774962
216 67.59967 15 14 0 273.23035 0.07778168
217 67.44967 15 14 0 274.8171 0.06413486
218 67.29967 15 14 0 276.09885 0.062702075
219 67.149666 15 14 0 277.38058 0.06414505
220 66.999664 15 14 0 278.6623 0.062228236
221 66.84966 15 14 0 279.88303 0.06270375
222 66.69966 15 14 0 281.1625 0.0622215
223 66.54966 15 14 0 282.38306 0.04667566
224 66.39966 15 14 0 283.29874 0.0622215
225 66.24966 15 14 0 284.51962 0.07778641
226 66.099655 15 14 0 286.10635 0.0622215
227 65.94965 15 14 0 287.32706 0.0622215
228 65.79965 15 14 0 288.5478 0.06271324
229 65.64965 15 14 0 289.8295 0.062217757
230 65.49965 15 14 0 291.05014 0.05443585
231 65.34965 15 15 0 292.151 0.062217712
232 65.199646 15 15 0 293.37173 0.06413486
233 65.049644 15 15 0 294.65344 0.062221713
234 64.89964 15 15 0 295.87415 0.062221713
235 64.74964 15 15 0 297.09488 0.0626995
236 64.59964 15 15 0 298.37662 0.062700815
237 64.44964 15 15 0 299.65836 0.06266481
238 64.29964 15 15 0 300.9401 0.06442861
239 64.149635 15 15 0 302.2218 0.062218882
240 63.999634 15 15 0 303.4425 0.062218882
241 63.849632 15 15 0 304.66324 0.06271315
242 63.69963 15 15 0 305.94495 0.06221813
243 63.54963 15 15 0 307.16568 0.06263663
244 63.399628 15 15 0 308.43628 0.062477533
245 63.249626 15 15 0 309.65717 0.07775467
246 63.099625 15 16 0 311.2457 0.06413486
247 62.949623 15 16 0 312.52725 0.046675455
248 62.79962 15 16 0 313.44293 0.062221292
249 62.64962 15 16 0 314.66364 0.062221292
250 62.49962 15 16 0 315.88434 0.062221292
251 62.349617 15 16 0 317.10507 0.06271324
252 62.199615 15 16 0 318.38696 0.07778227
253 62.049614 15 16 0 319.97372 0.06271239
254 61.899612 15 16 0 321.25528 0.046673816
255 61.74961 15 16 0 322.17096 0.06221813
256 61.59961 15 16 0 323.3917 0.062634334
257 61.449608 15 16 0 324.67267 0.062223118
258 61.299606 15 16 0 325.89337 0.062223118
259 61.149605 15 16 0 327.11426 0.077784225
260 60.999603 15 16 0 328.701 0.062223896
261 60.8496 15 17 0 329.9255 0.06413024
262 60.6996 15 17 0 331.2074 0.0777862
263 60.5496 15 17 0 332.79416 0.06414309
264 60.399597 15 17 0 334.0759 0.064141855
265 60.249596 15 17 0 335.35764 0.06414173
266 60.099594 15 17 0 336.6395 0.07777529
267 59.949593 15 17 0 338.16507 0.046668984
268 59.79959 15 17 0 339.08078 0.06412916
269 59.64959 15 17 0 340.36252 0.06270702
270 59.499588 15 17 0 341.64423 0.062216092
271 59.349586 15 17 0 342.86493 0.062235136
272 59.199585 15 17 0 344.08563 0.062235136
273 59.049583 15 17 0 345.30652 0.07778466
274 58.899582 15 17 0 346.8931 0.046648573
275 58.74958 15 17 0 347.80862 0.046648573
276 58.59958 15 17 0 348.72433 0.06413055
277 58.449577 16 18 0 350.0061 0.06261841
278 58.299576 16 18 0 351.28784 0.06252191
279 58.149574 16 18 0 352.52554 0.07776673
280 57.999573 16 18 0 354.11227 0.062227547
281 57.84957 16 18 0 355.33298 0.062227547
282 57.69957 16 18 0 356.55353 0.046673957
283 57.54957 16 18 0 357.46924 0.064655505
284 57.399567 16 18 0 358.75113 0.07778176
285 57.249565 16 18 0 360.33786 0.0622179
286 57.099564 16 18 0 361.5584 0.04665414
287 56.949562 16 18 0 362.47403 0.054436
288 56.79956 16 18 0 363.57257 0.046654064
289 56.64956 16 18 0 364.48843 0.07778174
290 56.499557 16 18 0 366.0752 0.06268606
291 56.349556 16 18 0 367.35092 0.07778454
292 56.199554 16 19 0 368.93915 0.07778168
293 56.049553 16 19 0 370.5259 0.06413486
294 55.89955 16 19 0 371.80765 0.06413424
295 55.74955 16 19 0 373.0894 0.06270738
296 55.59955 16 19 0 374.37094 0.0466603
297 55.449547 16 19 0 375.28665 0.06414415
298 55.299545 16 19 0 376.5684 0.06414201
299 55.149544 16 19 0 377.85025 0.07778373
300 54.999542 16 19 0 379.37613 0.0777846
301 54.84954 16 19 0 380.90808 0.06220464
302 54.69954 17 19 0 382.1288 0.062694974
303 54.549538 17 19 0 383.41052 0.06221824
304 54.399536 17 19 0 384.63126 0.062711015
305 54.249535 17 19 0 385.86462 0.062713
306 54.099533 17 19 0 387.14633 0.0622215
307 53.94953 17 20 0 388.3713 0.06413486
308 53.79953 17 20 0 389.65305 0.06414309
309 53.64953 17 20 0 390.93478 0.06271509
310 53.499527 17 20 0 392.21652 0.0627011
311 53.349525 17 20 0 393.49826 0.06413341
312 53.199524 17 20 0 394.78 0.062704585
313 53.049522 17 20 0 396.06174 0.06413853
314 52.89952 17 20 0 397.34363 0.077779494
315 52.74952 17 20 0 398.93054 0.077780075
316 52.599518 17 20 0 400.51724 0.062208813
317 52.449516 17 20 0 401.73795 0.062703826
318 52.299515 17 20 0 402.9586 0.05444776
319 52.149513 17 20 0 404.05722 0.05444776
320 51.99951 17 20 0 405.15594 0.06272565
321 51.84951 17 20 0 406.4376 0.054437652
322 51.69951 17 21 0 407.53918 0.04667282
323 51.549507 17 21 0 408.45502 0.07778168
324 51.399506 17 21 0 410.04178 0.06413486
325 51.249504 17 21 0 411.32367 0.07778684
326 51.099503 17 21 0 412.91043 0.0626995
327 50.9495 17 21 0 414.19217 0.06413105
328 50.7995 17 21 0 415.47372 0.046662
329 50.649498 17 21 0 416.3894 0.06222859
330 50.499496 17 21 0 417.6103 0.07777611
331 50.349495 17 21 0 419.1972 0.07777611
332 50.199493 17 21 0 420.78378 0.04666164
333 50.04949 18 21 0 421.6993 0.04666164
334 49.89949 18 21 0 422.61502 0.06270375
335 49.74949 18 21 0 423.8969 0.07778393
336 49.599487 18 21 0 425.48367 0.06413666
337 49.449486 18 21 0 426.76523 0.046677463
338 49.299484 18 22 0 427.6825 0.046672825
339 49.149483 18 22 0 428.59833 0.07778168
340 48.99948 18 22 0 430.1851 0.06413024
341 48.84948 18 22 0 431.46683 0.06413957
342 48.69948 18 22 0 432.74857 0.06413113
343 48.549477 18 22 0 434.0303 0.0641435
344 48.399475 18 22 0 435.31204 0.064137176
345 48.249474 18 22 0 436.59378 0.06270541
346 48.099472 18 22 0 437.87564 0.077780746
347 47.94947 18 22 0 439.4108 0.0777617
348 47.79947 18 22 0 440.99756 0.06268835
349 47.649467 18 22 0 442.2793 0.0641173
350 47.499466 18 22 0 443.56104 0.0641482
351 47.349464 18 22 0 444.84293 0.07778201
352 47.199463 18 22 0 446.4297 0.06414443
353 47.04946 18 23 0 447.71616 0.062220342
354 46.89946 18 23 0 448.93704 0.077782914
355 46.74946 18 23 0 450.52362 0.046678748
356 46.599457 18 23 0 451.43915 0.046678446
357 46.449455 18 23 0 452.35483 0.06222017
358 46.299454 18 23 0 453.57538 0.046678156
359 46.149452 18 23 0 454.4911 0.062579416
360 45.99945 18 23 0 455.74933 0.06461751
361 45.84945 18 23 0 457.03107 0.06269777
362 45.699448 18 23 0 458.31277 0.06222017
363 45.549446 18 23 0 459.53348 0.062220003
364 45.399445 18 23 0 460.75403 0.046658523
365 45.249443 18 23 0 461.6697 0.062219843
366 45.09944 18 23 0 462.8906 0.07778261
367 44.94944 18 23 0 464.47733 0.06222017
368 44.79944 18 23 0 465.69803 0.062220003
369 44.649437 18 24 0 466.92233 0.062217712
370 44.499435 18 24 0 468.14304 0.062217712
371 44.349434 18 24 0 469.36374 0.062217712
372 44.199432 18 24 0 470.58444 0.062217712
373 44.04943 18 24 0 471.80515 0.062217712
374 43.89943 18 24 0 473.02585 0.062217712
375 43.749428 18 24 0 474.24658 0.06270249
376 43.599426 18 24 0 475.5283 0.062219396
377 43.449425 18 24 0 476.74893 0.054438353
378 43.299423 18 24 0 477.84756 0.054438166
379 43.14942 18 24 0 478.9463 0.06260944
380 42.99942 18 24 0 480.205 0.0777856
381 42.84942 18 24 0 481.79172 0.062227547
382 42.699417 18 24 0 483.0126 0.077786
383 42.549416 18 24 0 484.59927 0.05445118
384 42.399414 18 25 0 485.70007 0.06413486
385 42.249413 18 25 0 486.98196 0.07778326
386 42.09941 18 25 0 488.56873 0.06380475
387 41.94941 18 25 0 489.85046 0.06344522
388 41.799408 18 25 0 491.13217 0.06221892
389 41.649406 18 25 0 492.35287 0.06216083
390 41.499405 18 25 0 493.57358 0.062217005
391 41.349403 18 25 0 494.79428 0.062217005
392 41.1994 18 25 0 496.01498 0.062217005
393 41.0494 18 25 0 497.2357 0.06223606
394 40.8994 18 25 0 498.4564 0.062048737
395 40.749397 18 25 0 499.6771 0.062225953
396 40.599396 18 25 0 500.89798 0.0777056
397 40.449394 18 25 0 502.4849 0.07770927
398 40.299393 18 25 0 504.07162 0.062379267
399 40.14939 19 26 0 505.32352 0.07778207
400 39.99939 19 26 0 506.91028 0.06397831
401 39.84939 19 26 0 508.19202 0.063624024
402 39.699387 19 26 0 509.47357 0.046708006
403 39.549385 19 26 0 510.38943 0.07775467
404 39.399384 19 26 0 511.9762 0.06325387
405 39.249382 19 26 0 513.19806 0.06282622
406 39.09938 19 26 0 514.41876 0.062382925
407 38.94938 19 26 0 515.63965 0.07764696
408 38.799377 19 26 0 517.22626 0.046908617
409 38.649376 20 26 0 518.20294 0.062230915
410 38.499374 20 26 0 519.4235 0.0468828
411 38.349373 20 26 0 520.4002 0.062012594
412 38.19937 20 26 0 521.6209 0.06129802
413 38.04937 20 26 0 522.8418 0.077513605
414 37.89937 21 26 0 524.4285 0.06221002
415 37.749367 22 26 0 525.64923 0.060777813
416 37.599365 22 26 0 526.8698 0.047528893
417 37.449364 22 26 0 527.8465 0.060053475
418 37.299362 22 26 0 529.0672 0.059946664
419 37.14936 22 26 2 530.2879 0.06405639
420 36.99936 22 26 2 531.5086 0.06222337
421 36.849358 22 26 2 532.7293 0.06222337
422 36.699356 22 26 2 533.95 0.062223632
423 36.549355 22 26 2 535.1707 0.06372783
424 36.399353 22 26 2 536.3914 0.06332025
425 36.24935 22 26 2 537.6121 0.06289104
426 36.09935 22 26 2 538.8328 0.06244608
427 35.94935 22 26 2 540.0535 0.061986968
428 35.799347 22 26 2 541.27423 0.061471514
429 35.649345 22 26 2 542.49493 0.060940858
430 35.499344 22 26 2 543.71564 0.06036379
431 35.349342 22 26 2 544.93634 0.059758242
432 35.19934 22 26 2 546.15704 0.059094023
433 35.04934 22 26 2 547.37775 0.062218286
434 34.899338 22 26 2 548.59845 0.062218286
435 34.749336 22 26 2 549.81915 0.058412027
436 34.599335 23 26 2 551.03986 0.06221757
437 34.449333 23 26 2 552.26074 0.07660789
438 34.29933 23 26 2 553.8474 0.05688021
439 34.14933 23 26 4 555.01184 0.07778207
440 33.99933 23 26 4 556.5986 0.06397831
441 33.849327 23 26 4 557.8193 0.06363273
442 33.699326 23 26 4 559.04 0.06328495
443 33.549324 23 26 4 560.2607 0.0629176
444 33.399323 23 26 4 561.4814 0.06188434
445 33.24932 23 26 4 562.7021 0.062323637
446 33.09932 23 26 4 563.9228 0.061896656
447 32.949318 23 26 4 565.1434 0.04698373
448 32.799316 23 26 4 566.12 0.054572523
449 32.649315 23 26 4 567.2186 0.054562174
450 32.499313 23 26 4 568.31726 0.054551985
451 32.34931 23 26 4 569.4159 0.054577924
452 32.19931 23 26 4 570.5146 0.06222339
453 32.04931 23 26 4 571.7355 0.077602915
454 31.89931 23 26 4 573.3222 0.06160358
455 31.74931 23 26 4 574.5429 0.06221002
456 31.59931 23 26 4 575.7635 0.04716029
457 31.44931 23 26 4 576.7402 0.06099559
458 31.29931 23 26 4 577.9609 0.059853196
459 31.149311 23 26 4 579.1816 0.058544148
460 30.999311 23 26 6 580.4023 0.06408868
461 30.849312 23 26 6 581.623 0.06380475
462 30.699312 23 26 6 582.8439 0.07776869
463 30.549313 23 26 6 584.4306 0.06348936
464 30.399313 23 26 6 585.6513 0.062230263
465 30.249313 23 26 6 586.8719 0.046700545
466 30.099314 23 26 6 587.8486 0.062228464
467 29.949314 23 26 6 589.0693 0.06318773
468 29.799314 23 26 6 590.29 0.062795855
469 29.649315 23 26 6 591.51086 0.07769406
470 29.499315 23 26 6 593.0976 0.06234962
471 29.349316 23 26 6 594.3183 0.062216092
472 29.199316 23 26 6 595.539 0.061874516
473 29.049316 23 26 6 596.7597 0.061334033
474 28.899317 23 26 6 597.9804 0.06078326
475 28.749317 23 26 6 599.2011 0.060204238
476 28.599318 23 26 6 600.4218 0.05956172
477 28.449318 23 26 6 601.6425 0.06220946
478 28.299318 23 26 6 602.8632 0.06220946
479 28.149319 23 26 6 604.0841 0.07704692
480 27.99932 24 26 6 605.67084 0.058503456
481 27.84932 24 26 6 606.8915 0.05743859
482 27.69932 24 26 6 607.9901 0.056233812
483 27.54932 24 26 8 609.11053 0.06408868
484 27.39932 24 26 8 610.3311 0.046680715
485 27.249321 24 26 8 611.3078 0.06380475
486 27.099321 24 26 8 612.5285 0.06351223
487 26.949322 24 26 8 613.7492 0.06318362
488 26.799322 24 26 8 614.9698 0.046749923
489 26.649323 24 26 8 615.9465 0.06288316
490 26.499323 24 26 8 617.1672 0.06251322
491 26.349323 24 26 8 618.3879 0.062139783
492 26.199324 24 26 8 619.6086 0.061752755
493 26.049324 24 26 8 620.82916 0.047004536
494 25.899324 24 26 8 621.80585 0.061408967
495 25.749325 24 26 8 623.02655 0.06094368
496 25.599325 24 26 8 624.2472 0.054693118
497 25.449326 24 26 8 625.34607 0.077441335
498 25.299326 24 26 8 626.933 0.07741701
499 25.149326 24 26 8 628.51965 0.05473324
500 24.999327 24 26 8 629.61835 0.060313646
501 24.849327 24 26 8 630.83905 0.062240582
502 24.699327 24 26 8 632.05975 0.06223779
503 24.549328 24 26 8 633.28046 0.05961361
504 24.399328 24 26 8 634.50116 0.058635175
505 24.249329 24 26 8 635.7218 0.057560485
506 24.099329 24 26 8 636.8206 0.07620442
507 23.94933 24 26 10 638.3305 0.06409788
508 23.79933 24 26 10 639.5512 0.06251976
509 23.64933 24 26 10 640.7719 0.06361968
510 23.49933 24 26 10 641.9925 0.046708927
511 23.34933 24 26 10 642.96906 0.04670618
512 23.199331 24 26 10 643.94574 0.06328912
513 23.049332 24 26 10 645.16644 0.0628871
514 22.899332 24 26 10 646.38715 0.06244608
515 22.749332 24 26 10 647.60785 0.061990395
516 22.599333 24 26 10 648.82874 0.07759902
517 22.449333 24 26 10 650.41547 0.06143088
518 22.299334 24 26 10 651.63617 0.062229395
519 22.149334 24 26 10 652.8569 0.062229395
520 21.999334 24 26 10 654.0776 0.06084025
521 21.849335 24 26 10 655.2983 0.06015227
522 21.699335 24 26 10 656.519 0.06223683
523 21.549335 24 26 10 657.7397 0.05937161
524 21.399336 24 26 10 658.9606 0.07692899
525 21.249336 24 26 10 660.5473 0.059619416
526 21.099337 24 26 10 661.768 0.06222986
527 20.949337 24 26 12 662.9888 0.06413486
528 20.799337 24 26 12 664.2114 0.06380475
529 20.649338 24 26 12 665.4321 0.063480824
530 20.499338 24 26 12 666.65283 0.06311368
531 20.349339 24 26 12 667.87354 0.06273138
532 20.199339 24 26 12 669.09424 0.06234599
533 20.04934 24 26 12 670.31494 0.061925575
534 19.89934 24 26 12 671.5355 0.04696719
535 19.74934 24 26 12 672.5122 0.061556395
536 19.59934 24 26 12 673.73285 0.05461667
537 19.44934 24 26 12 674.8315 0.054602165
538 19.299341 24 26 12 675.93036 0.077529885
539 19.149342 24 26 12 677.517 0.054619115
540 18.999342 24 26 12 678.6157 0.06221079
541 18.849342 24 26 12 679.8364 0.061111465
542 18.699343 24 26 12 681.0571 0.062229406
543 18.549343 24 26 12 682.27783 0.06080635
544 18.399343 24 26 12 683.49854 0.059861846
545 18.249344 24 26 12 684.71924 0.058813304
546 18.099344 24 26 12 685.93994 0.059458394
547 17.949345 24 26 12 687.1608 0.0764173
548 17.799345 24 26 14 688.74756 0.06406098
549 17.649345 24 26 14 689.96826 0.063691705
550 17.499346 24 26 14 691.18915 0.07775435
551 17.349346 24 26 14 692.7759 0.06325387
552 17.199347 24 26 14 693.9966 0.062818415
553 17.049347 24 26 14 695.2173 0.061780494
554 16.899347 24 26 14 696.4379 0.05452685
555 16.749348 24 26 14 697.5365 0.046861283
556 16.599348 24 26 14 698.5131 0.054504335
557 16.449348 24 26 14 699.61176 0.054498143
558 16.299349 24 26 14 700.7104 0.054527078
559 16.14935 24 26 14 701.809 0.054519687
560 15.99935 24 26 14 702.9077 0.06237198
561 15.84935 24 26 14 704.1284 0.061493468
562 15.69935 24 26 14 705.3491 0.060517572
563 15.549351 24 26 14 706.5698 0.059420817
564 15.399351 24 26 14 707.7905 0.05819474
565 15.2493515 24 26 14 708.95496 0.056802537
566 15.099352 24 26 16 710.15735 0.06387758
567 14.949352 24 26 16 711.37805 0.06355658
568 14.799353 24 26 16 712.59875 0.06321871
569 14.649353 24 26 16 713.81946 0.06287923
570 14.499353 24 26 16 715.04016 0.062230997
571 14.349354 24 26 16 716.26086 0.062502034
572 14.199354 24 26 16 717.48157 0.06208127
573 14.049355 24 26 16 718.7023 0.06166372
574 13.899355 24 26 16 719.923 0.0611916
575 13.749355 24 26 16 721.1436 0.054665484
576 13.599356 24 26 16 722.24225 0.054668233
577 13.449356 24 26 16 723.3411 0.07748522
578 13.299356 24 26 16 724.9278 0.054652035
579 13.149357 24 26 16 726.0264 0.05466557
580 12.999357 24 26 16 727.1253 0.077484
581 12.849358 24 26 16 728.71204 0.062226903
582 12.699358 24 26 16 729.93274 0.06067805
583 12.549358 24 26 16 731.15344 0.059714053
584 12.399359 24 26 16 732.37415 0.058637965
585 12.249359 24 26 16 733.5948 0.057440385
586 12.0993595 24 26 16 734.6934 0.0561233
587 11.94936 24 26 18 735.89325 0.063845605
588 11.79936 24 26 18 737.11395 0.06348509
589 11.649361 24 26 18 738.33466 0.06308693
590 11.499361 24 26 18 739.55524 0.046765264
591 11.349361 24 26 18 740.5319 0.062723674
592 11.199362 24 26 18 741.7526 0.062257346
593 11.049362 24 26 18 742.97327 0.054550856
594 10.899363 24 26 18 744.0719 0.054543357
595 10.749363 24 26 18 745.17053 0.054534137
596 10.599363 24 26 18 746.26917 0.05452329
597 10.449364 24 26 18 747.3678 0.054552414
598 10.299364 24 26 18 748.46643 0.054542013
599 10.149364 24 26 18 749.5651 0.062210698
600 9.999365 25 26 18 750.7858 0.06202639
601 9.849365 25 26 18 752.00653 0.06115502
602 9.699366 25 26 18 753.22723 0.06015227
603 9.549366 25 26 18 754.44794 0.059001386
604 9.399366 25 26 18 755.6686 0.05772907
605 9.249367 25 26 20 756.7816 0.06409788
606 9.099367 25 26 20 758.0023 0.06379587
607 8.949368 25 26 20 759.2229 0.04668532
608 8.799368 25 26 20 760.1996 0.06221338
609 8.649368 25 26 20 761.4203 0.06348509
610 8.499369 25 26 20 762.641 0.06311368
611 8.349369 25 26 20 763.8616 0.046756253
612 8.199369 25 26 20 764.83826 0.062224556
613 8.04937 25 26 20 766.05896 0.062757775
614 7.8993697 25 26 20 767.27966 0.06229406
615 7.7493696 25 26 20 768.5003 0.05453965
616 7.5993695 25 26 20 769.59894 0.054551296
617 7.4493694 25 26 20 770.6976 0.05452329
618 7.2993693 25 26 20 771.7962 0.054552414
619 7.1493692 25 26 20 772.89484 0.054543726
620 6.999369 25 26 20 773.99347 0.054533523
621 6.849369 25 26 20 775.0921 0.054523554
622 6.699369 25 26 20 776.1908 0.06223601
623 6.549369 25 27 20 777.4145 0.06413486
624 6.399369 25 27 20 778.63824 0.06380921
625 6.2493687 25 27 20 779.85895 0.06348509
626 6.0993686 25 27 20 781.07965 0.06312182
627 5.9493685 25 27 20 782.30035 0.062757775
628 5.7993684 25 27 20 783.52106 0.062356897
629 5.6493683 25 27 20 784.74176 0.061954536
630 5.499368 25 27 20 785.96246 0.061521724
631 5.349368 25 27 20 787.18317 0.061053395
632 5.199368 25 27 20 788.4038 0.054674745
633 5.049368 25 27 20 789.50244 0.0546768
634 4.899368 25 27 20 790.6011 0.054654762
635 4.7493677 25 27 20 791.6997 0.054670908
636 4.5993676 25 27 20 792.79834 0.054649714
637 4.4493675 25 27 20 793.89703 0.0608919
638 4.2993674 25 27 20 795.11774 0.060161658
639 4.1493673 25 27 20 796.33844 0.062233895
640 3.9993672 25 27 20 797.55914 0.05937347
641 3.8493671 25 27 20 798.77985 0.058372717
642 3.699367 25 27 20 800.0005 0.05731656
643 3.549367 25 27 20 801.0991 0.056123648
644 3.3993669 25 27 22 802.22186 0.06408868
645 3.2493668 25 27 22 803.44257 0.06377289
646 3.0993667 25 27 22 804.66327 0.06345797
647 2.9493666 25 27 22 805.884 0.06312182
648 2.7993665 25 27 22 807.1047 0.06278808
649 2.6493664 25 27 22 808.3254 0.06241631
650 2.4993663 25 27 22 809.5461 0.062045146
651 2.3493662 25 27 22 810.7668 0.061638452
652 2.199366 25 27 22 811.9875 0.061216395
653 2.049366 25 27 22 813.2082 0.060780533
654 1.899366 25 27 22 814.42883 0.054708827
655 1.749366 25 27 22 815.52747 0.054706648
656 1.5993661 25 27 22 816.6261 0.05470187
657 1.4493661 25 27 22 817.72473 0.054678664
658 1.2993661 25 27 22 818.82336 0.05469361
659 1.1493661 25 27 22 819.922 0.054668486
660 0.99936616 25 27 22 821.0207 0.060729224
661 0.8493662 25 27 22 822.2414 0.062211573
662 0.6993662 25 27 22 823.4621 0.062211573
663 0.54936624 25 27 22 824.6828 0.059961908
664 0.39936623 25 27 22 825.9035 0.05891089
665 0.24936622 25 27 22 827.12415 0.057768792
666 0.09936622 25 27 22 828.2228 0.056458246
667 -0.050633788 25 27 24 829.3949 0.06395071
668 -0.2006338 25 27 24 830.6156 0.06363273
669 -0.3506338 25 27 24 831.8363 0.0633119
670 -0.50063384 25 27 24 833.057 0.0629561
671 -0.6506338 25 27 24 834.2777 0.0625956
672 -0.8006338 25 27 24 835.4984 0.06220203
673 -0.95063376 25 27 24 836.7191 0.06181018
674 -1.1006337 25 27 24 837.9398 0.061380886
675 -1.2506337 25 27 24 839.1605 0.060919177
676 -1.4006337 25 27 24 840.38116 0.05469603
677 -1.5506337 25 27 24 841.4798 0.054694653
678 -1.7006336 25 27 24 842.5784 0.05469079
679 -1.8506336 25 27 24 843.67706 0.05467125
680 -2.0006337 25 27 24 844.7757 0.054649316
681 -2.1506338 25 27 24 845.8744 0.06078326
682 -2.300634 25 27 24 847.0951 0.060062636
683 -2.450634 25 27 24 848.3158 0.06221392
684 -2.600634 25 27 24 849.5365 0.05932443
685 -2.7506342 25 27 24 850.7572 0.058371488
686 -2.9006343 25 27 24 851.97784 0.057357814
687 -3.0506344 25 27 24 853.0765 0.05623356
688 -3.2006345 25 27 24 854.1751 0.055000752
689 -3.3506346 25 27 26 855.3695 0.063882075
690 -3.5006347 25 27 26 856.5902 0.063552275
691 -3.6506348 25 27 26 857.8109 0.06318362
692 -3.8006349 25 27 26 859.0316 0.062795855
693 -3.950635 25 27 26 860.2523 0.062408965
694 -4.100635 25 27 26 861.473 0.061986968
695 -4.250635 25 27 26 862.6937 0.061528053
696 -4.4006352 25 27 26 863.91437 0.05461667
697 -4.5506353 25 27 26 865.013 0.05462349
698 -4.7006354 25 27 26 866.11163 0.054625746
699 -4.8506355 25 27 26 867.21027 0.054611716
700 -5.0006356 25 27 26 868.3089 0.054595653
701 -5.1506357 25 27 26 869.40753 0.054579906
702 -5.300636 25 27 26 870.5062 0.061390143
703 -5.450636 25 27 26 871.7269 0.062237646
704 -5.600636 25 27 26 872.94763 0.062237646
705 -5.750636 25 27 26 874.16833 0.060629643
706 -5.900636 25 27 26 875.38904 0.059567668
707 -6.0506363 25 27 26 876.60974 0.058370266
708 -6.2006364 25 27 26 877.8095 0.056998625
709 -6.3506365 25 27 28 878.98987 0.063909605
710 -6.5006366 25 27 28 880.2106 0.06352939
711 -6.6506367 25 27 28 881.4313 0.06314862
712 -6.800637 25 27 28 882.652 0.06273138
713 -6.950637 25 27 28 883.8727 0.06229406
714 -7.100637 25 27 28 885.0934 0.061842304
715 -7.250637 25 27 28 886.314 0.05459663
716 -7.400637 25 27 28 887.41266 0.05460238
717 -7.5506372 25 27 28 888.5113 0.054589424
718 -7.7006373 25 27 28 889.6099 0.05457671
719 -7.8506374 25 27 28 890.70856 0.05456423
720 -8.000637 25 27 28 891.8072 0.05454997
721 -8.150637 25 27 28 892.9059 0.06167021
722 -8.300636 25 27 28 894.1266 0.062225334
723 -8.450636 25 27 28 895.3473 0.06088354
724 -8.600636 25 27 28 896.568 0.05985968
725 -8.750635 25 27 28 897.7887 0.058726907
726 -8.900635 25 27 28 899.00934 0.057478514
727 -9.050634 25 27 30 900.1309 0.06408408
728 -9.200634 25 27 30 901.3516 0.06375961
729 -9.350634 25 27 30 902.5723 0.06341814
730 -9.500633 25 27 30 903.793 0.063056156
731 -9.650633 25 27 30 905.01373 0.06269348
732 -9.800632 25 27 30 906.23444 0.06229045
733 -9.950632 25 27 30 907.45514 0.061874516
734 -10.100632 25 27 30 908.67584 0.061440196
735 -10.250631 25 27 30 909.89655 0.060992744
736 -10.400631 25 27 30 911.1172 0.054700397
737 -10.550631 25 27 30 912.2158 0.05469926
738 -10.70063 25 27 30 913.31445 0.0546768
739 -10.85063 25 27 30 914.4131 0.054654762
740 -11.000629 25 27 30 915.5117 0.054670908
741 -11.150629 25 27 30 916.6104 0.060834724
742 -11.300629 25 27 30 917.8311 0.060105115
743 -11.450628 25 27 30 919.0518 0.062216897
744 -11.600628 25 27 30 920.2725 0.059282813
745 -11.7506275 25 27 30 921.4932 0.058324974
746 -11.900627 25 27 30 922.7043 0.05723648
747 -12.050627 25 27 30 923.8029 0.056012645
748 -12.200626 25 27 32 924.93274 0.06405639
749 -12.350626 25 27 32 926.15344 0.06375961
750 -12.500626 25 27 32 927.37415 0.06341814
751 -12.650625 25 27 32 928.59485 0.06307883
752 -12.800625 25 27 32 929.81555 0.062723674
753 -12.950624 25 27 32 931.03625 0.06234599
754 -13.100624 25 27 32 932.25696 0.061932363
755 -13.250624 25 27 32 933.47766 0.061524887
756 -13.400623 25 27 32 934.69836 0.061078038
757 -13.550623 25 27 32 935.91907 0.06062173
758 -13.700623 25 27 32 937.1397 0.05473934
759 -13.850622 25 27 32 938.23834 0.05475182
760 -14.000622 25 27 32 939.337 0.054724034
761 -14.150621 25 27 32 940.4356 0.05469978
762 -14.300621 25 27 32 941.5343 0.06041657
763 -14.450621 25 27 32 942.755 0.05971614
764 -14.60062 25 27 32 943.9757 0.06223981
765 -14.75062 25 27 32 945.1964 0.05899813
766 -14.9006195 25 27 32 946.4171 0.058106836
767 -15.050619 25 27 32 947.5826 0.057116732
768 -15.200619 25 27 32 948.6812 0.056049585
769 -15.350618 25 27 32 949.77985 0.054902602
770 -15.500618 25 27 34 950.94 0.06398739
771 -15.650618 25 27 34 952.1607 0.063668765
772 -15.800617 25 27 34 953.3814 0.063347235
773 -15.950617 25 27 34 954.6021 0.06298672
774 -16.100616 25 27 34 955.8228 0.062629424
775 -16.250616 25 27 34 957.0435 0.06225377
776 -16.400616 25 27 34 958.2642 0.061842304
777 -16.550615 25 27 34 959.4849 0.06141516
778 -16.700615 25 27 34 960.7056 0.06097104
779 -16.850615 25 27 34 961.9263 0.05469752
780 -17.000614 25 27 34 963.0249 0.054677565
781 -17.150614 25 27 34 964.12354 0.0546768
782 -17.300613 25 27 34 965.22217 0.054657493
783 -17.450613 25 27 34 966.3208 0.054673586
784 -17.600613 25 27 34 967.41943 0.054649714
785 -17.750612 25 27 34 968.5181 0.060894698
786 -17.900612 25 27 34 969.73883 0.06220659
787 -18.050611 25 27 34 970.95953 0.06015227
788 -18.200611 25 27 34 972.18024 0.05918898
789 -18.35061 25 27 34 973.40094 0.058154467
790 -18.50061 25 27 34 974.5746 0.05703707
791 -18.65061 25 27 34 975.6732 0.055760946
792 -18.80061 25 27 36 976.851 0.06395071
793 -18.95061 25 27 36 978.0717 0.06366002
794 -19.100609 25 27 36 979.2924 0.063347235
795 -19.250608 25 27 36 980.5131 0.06301738
796 -19.400608 25 27 36 981.7338 0.06268965
797 -19.550608 25 27 36 982.9545 0.062323637
798 -19.700607 25 27 36 984.17523 0.061957944
799 -19.850607 25 27 36 985.39594 0.061556395
800 -20.000607 25 27 36 986.61664 0.061139118
801 -20.150606 25 27 36 987.83734 0.06070496
802 -20.300606 25 27 36 989.05804 0.060261216
803 -20.450605 25 27 36 990.2787 0.054796252
804 -20.600605 25 27 36 991.3773 0.054765623
805 -20.750605 25 27 36 992.47595 0.054773077
806 -20.900604 25 27 36 993.5746 0.05474351
807 -21.050604 25 27 36 994.6733 0.060105115
808 -21.200603 25 27 36 995.894 0.05942461
809 -21.350603 25 27 36 997.1147 0.062217887
810 -21.500603 25 27 36 998.3354 0.062217887
811 -21.650602 25 27 36 999.5561 0.058725454
812 -21.800602 25 27 36 1000.77673 0.057767984
813 -21.950602 25 27 36 1001.87537 0.05668679
814 -22.100601 25 27 36 1002.974 0.05551212
815 -22.2506 25 27 38 1004.10266 0.06405639
816 -22.4006 25 27 38 1005.32336 0.06369609
817 -22.5506 25 27 38 1006.54407 0.06331608
818 -22.7006 25 27 38 1007.7648 0.06291365
819 -22.8506 25 27 38 1008.9855 0.062479608
820 -23.000599 25 27 38 1010.2062 0.062045146
821 -23.150599 25 27 38 1011.4268 0.054562174
822 -23.300598 25 27 38 1012.52545 0.054570954
823 -23.450598 25 27 38 1013.6241 0.054579906
824 -23.600597 25 27 38 1014.7227 0.05457006
825 -23.750597 25 27 38 1015.82135 0.054558456
826 -23.900597 25 27 38 1016.92 0.054547094
827 -24.050596 25 27 38 1018.0186 0.054534137
828 -24.200596 25 27 38 1019.1173 0.061903413
829 -24.350595 25 27 38 1020.338 0.062225897
830 -24.500595 25 27 38 1021.5587 0.061053395
831 -24.650595 25 27 38 1022.7794 0.059961908
832 -24.800594 25 27 38 1024.0001 0.05876786
833 -24.950594 25 27 38 1025.2208 0.057357814
834 -25.100594 25 27 40 1026.4415 0.063882075
835 -25.250593 25 27 40 1027.6622 0.0635208
836 -25.400593 25 27 40 1028.8829 0.06312182
837 -25.550592 25 27 40 1030.1036 0.062723674
838 -25.700592 25 27 40 1031.3243 0.06228685
839 -25.850592 25 27 40 1032.545 0.06181684
840 -26.000591 25 27 40 1033.7656 0.054601077
841 -26.15059 25 27 40 1034.7422 0.054571055
842 -26.30059 25 27 40 1035.7188 0.054595876
843 -26.45059 25 27 40 1036.6953 0.054583035
844 -26.60059 25 27 40 1037.6719 0.054568365
845 -26.75059 25 27 40 1038.6484 0.05455401
846 -26.900589 25 27 40 1039.6251 0.06166372
847 -27.050589 25 27 40 1040.8458 0.06223143
848 -27.200588 25 27 40 1042.0665 0.06083748
849 -27.350588 25 27 40 1043.2872 0.059813146
850 -27.500587 25 27 40 1044.5079 0.05868309
851 -27.650587 25 27 40 1045.7286 0.057399295
852 -27.800587 25 27 42 1046.9493 0.06406098
853 -27.950586 25 27 42 1048.17 0.06373664
854 -28.100586 25 27 42 1049.3907 0.063409686
855 -28.250586 25 27 42 1050.6115 0.06304808
856 -28.400585 25 27 42 1051.8322 0.06266715
857 -28.550585 25 27 42 1053.0529 0.06228685
858 -28.700584 25 27 42 1054.2736 0.061867785
859 -28.850584 25 27 42 1055.4943 0.061433982
860 -29.000584 25 27 42 1056.715 0.0609682
861 -29.150583 25 27 42 1057.9355 0.054687317
862 -29.300583 25 27 42 1058.9121 0.05466722
863 -29.450583 25 27 42 1059.8887 0.054685175
864 -29.600582 25 27 42 1060.8652 0.054662976
865 -29.750582 25 27 42 1061.8418 0.054676272
866 -29.900581 25 27 42 1062.8185 0.060829222
867 -30.050581 25 27 42 1064.0392 0.0622215
868 -30.20058 25 27 42 1065.2599 0.0622215
869 -30.35058 25 27 42 1066.4806 0.060062636
870 -30.50058 25 27 42 1067.7013 0.05904763
871 -30.65058 25 27 42 1068.922 0.05793684
872 -30.80058 25 27 42 1070.1427 0.05664841
873 -30.950579 25 27 44 1071.3634 0.064015016
874 -31.100578 25 27 44 1072.5841 0.063668765
875 -31.250578 25 27 44 1073.8048 0.06332025
876 -31.400578 25 27 44 1075.0255 0.062948145
877 -31.550577 25 27 44 1076.2462 0.06256185
878 -31.700577 25 27 44 1077.4669 0.062139783
879 -31.850576 25 27 44 1078.6876 0.06169878
880 -32.000576 25 27 44 1079.9083 0.061244205
881 -32.150578 25 27 44 1081.1289 0.054654703
882 -32.30058 25 27 44 1082.1055 0.05465497
883 -32.45058 25 27 44 1083.082 0.05463668
884 -32.600582 25 27 44 1084.0586 0.054618713
885 -32.750584 25 27 44 1085.0352 0.05463639
886 -32.900585 25 27 44 1086.0118 0.061056286
887 -33.050587 25 27 44 1087.2325 0.060316097
888 -33.20059 25 27 44 1088.4532 0.062225394
889 -33.35059 25 27 44 1089.674 0.059519842
890 -33.50059 25 27 44 1090.8947 0.058544148
891 -33.650593 25 27 44 1092.1154 0.05743859
892 -33.800594 25 27 44 1093.336 0.056196474
893 -33.950596 25 27 46 1094.5568 0.06404723
894 -34.100597 25 27 46 1095.7775 0.06369609
895 -34.2506 25 27 46 1096.9982 0.06332025
896 -34.4006 25 27 46 1098.2189 0.062948145
897 -34.550602 25 27 46 1099.4396 0.06253566
898 -34.700603 25 27 46 1100.6603 0.062107
899 -34.850605 25 27 46 1101.881 0.061641686
900 -35.000607 25 27 46 1103.1016 0.05460918
901 -35.150608 25 27 46 1104.0781 0.05461404
902 -35.30061 25 27 46 1105.0547 0.05460021
903 -35.45061 25 27 46 1106.0312 0.05458661
904 -35.600613 25 27 46 1107.0078 0.054571055
905 -35.750614 25 27 46 1107.9844 0.05459372
906 -35.900616 25 27 46 1108.9609 0.05457671
907 -36.050617 25 27 46 1109.9375 0.05456012
908 -36.20062 25 27 46 1110.9142 0.06165725
909 -36.35062 25 27 46 1112.1349 0.060675383
910 -36.50062 25 27 46 1113.3556 0.05956966
911 -36.650623 25 27 46 1114.5763 0.058367833
912 -36.800625 25 27 46 1115.797 0.056959063
913 -36.950626 25 27 48 1117.0177 0.063905105
914 -37.100628 25 27 48 1118.2384 0.06358379
915 -37.25063 25 27 48 1119.4591 0.063245595
916 -37.40063 25 27 48 1120.6798 0.0628871
917 -37.550632 25 27 48 1121.9005 0.06251322
918 -37.700634 25 27 48 1123.1212 0.062136266
919 -37.850636 25 27 48 1124.3419 0.06172411
920 -38.000637 25 27 48 1125.5626 0.06129694
921 -38.15064 25 27 48 1126.7833 0.06083748
922 -38.30064 25 27 48 1128.0039 0.05470963
923 -38.45064 25 27 48 1128.9805 0.054704797
924 -38.600643 25 27 48 1129.957 0.054684427
925 -38.750645 25 27 48 1130.9336 0.05469926
926 -38.900646 25 27 48 1131.9102 0.054674022
927 -39.050648 25 27 48 1132.8867 0.054649316
928 -39.20065 25 27 48 1133.8633 0.054662913
929 -39.35065 25 27 48 1134.84 0.062225334
930 -39.500652 25 27 48 1136.0607 0.06088632
931 -39.650654 25 27 48 1137.2814 0.0599063
932 -39.800655 25 27 48 1138.5021 0.058816314
933 -39.950657 25 27 48 1139.7228 0.057603404
934 -40.10066 25 27 48 1140.9435 0.05623356
935 -40.25066 25 27 50 1142.1642 0.06386862
936 -40.40066 25 27 50 1143.3849 0.06352509
937 -40.550663 25 27 50 1144.6056 0.06317952
938 -40.700665 25 27 50 1145.8263 0.062818415
939 -40.850666 25 27 50 1147.047 0.062419992
940 -41.000668 25 27 50 1148.2677 0.06201948
941 -41.15067 25 27 50 1149.4884 0.061584774
942 -41.30067 25 27 50 1150.7091 0.061136175
943 -41.450672 25 27 50 1151.9297 0.05466573
944 -41.600674 25 27 50 1152.9062 0.054665484
945 -41.750675 25 27 50 1153.8828 0.05466557
946 -41.900677 25 27 50 1154.8594 0.05464448
947 -42.05068 25 27 50 1155.8359 0.054626375
948 -42.20068 25 27 50 1156.8125 0.054643884
949 -42.35068 25 27 50 1157.7891 0.054621562
950 -42.500683 25 27 50 1158.7657 0.06221079
951 -42.650684 25 27 50 1159.9865 0.061114393
952 -42.800686 25 27 50 1161.2072 0.060159303
953 -42.950687 25 27 50 1162.4279 0.059090648
954 -43.10069 25 27 50 1163.6486 0.0578942
955 -43.25069 25 27 50 1164.8693 0.05653402
956 -43.400692 25 27 52 1166.09 0.063905105
957 -43.550694 25 27 52 1167.3107 0.06358379
958 -43.700695 25 27 52 1168.5314 0.063245595
959 -43.850697 25 27 52 1169.7521 0.0628871
960 -44.000698 25 27 52 1170.9728 0.06250948
961 -44.1507 25 27 52 1172.1935 0.062136266
962 -44.3007 25 27 52 1173.4142 0.06172411
963 -44.450703 25 27 52 1174.6349 0.06129694
964 -44.600704 25 27 52 1175.8556 0.06083748
965 -44.750706 25 27 52 1177.0762 0.05470963
966 -44.900707 25 27 52 1178.0527 0.054707732
967 -45.05071 25 27 52 1179.0293 0.054684427
968 -45.20071 25 27 52 1180.0059 0.05469926
969 -45.35071 25 27 52 1180.9824 0.054674022
970 -45.500713 25 27 52 1181.959 0.054652035
971 -45.650715 25 27 52 1182.9355 0.054662913
972 -45.800716 25 27 52 1183.9122 0.062225334
973 -45.950718 25 27 52 1185.1329 0.06088632
974 -46.10072 25 27 52 1186.3536 0.0599063
975 -46.25072 25 27 52 1187.5743 0.058816314
976 -46.400723 25 27 52 1188.795 0.057603404
977 -46.550724 25 27 52 1190.0157 0.05623356
978 -46.700726 25 27 54 1191.2365 0.063836664
979 -46.850727 25 27 54 1192.4572 0.06345372
980 -47.00073 25 27 54 1193.6779 0.063056156
981 -47.15073 25 27 54 1194.8986 0.06265571
982 -47.30073 25 27 54 1196.1193 0.06220203
983 -47.450733 25 27 54 1197.3398 0.054558456
984 -47.600735 25 27 54 1198.3164 0.054548968
985 -47.750736 25 27 54 1199.293 0.05453965
986 -47.900738 25 27 54 1200.2695 0.05453049
987 -48.05074 25 27 54 1201.2461 0.054521505
988 -48.20074 25 27 54 1202.2227 0.054550663
989 -48.350742 25 27 54 1203.1992 0.0545403
990 -48.500744 25 27 54 1204.1758 0.054530174
991 -48.650745 25 27 54 1205.1523 0.05451866
992 -48.800747 25 28 54 1206.1295 0.06413486
993 -48.95075 25 28 54 1207.3502 0.06380921
994 -49.10075 25 28 54 1208.5709 0.063480824
995 -49.25075 25 28 54 1209.7916 0.06311775
996 -49.400753 25 28 54 1211.0123 0.06275006
997 -49.550755 25 28 54 1212.233 0.06234962
998 -49.700756 25 28 54 1213.4537 0.061928965
999 -49.850758 25 28 54 1214.6744 0.061493468
1000 -50.00076 25 28 54 1215.8951 0.061025895
1001 -50.15076 25 28 54 1217.1157 0.054686077

----QMATRIX: [Sensed Threat] > ACTION == UTILITY------
[1.0,0.0,0.0,0.0,0.0,0.0,0.0,0.0] > ACTION_RIGHT == -5.1099685E-4
[1.0,0.0,0.0,0.0,0.0,0.0,0.0,0.0] > ACTION_BACK == -0.003114452
[0.0,0.0,0.0,1.0,0.0,0.0,0.0,0.0] > ACTION_NONE == -0.17792164
[0.0,0.0,1.0,0.0,0.0,0.0,0.0,0.0] > ACTION_NONE == -0.09097667
[0.0,0.0,0.0,0.0,2.0,0.0,0.0,0.0] > ACTION_BACK == -0.004812316
[0.0,0.0,0.0,0.0,0.0,0.0,0.0,0.0] > ACTION_BACK == -0.004448784
[0.0,1.0,0.0,0.0,0.0,0.0,0.0,0.0] > ACTION_RIGHT == -0.09005854
[0.0,0.0,0.0,0.0,1.0,0.0,0.0,0.0] > ACTION_RIGHT == -0.13427629
[0.0,0.0,0.0,1.0,0.0,0.0,0.0,0.0] > ACTION_BACK == -0.009250363
[0.0,0.0,0.0,2.0,0.0,0.0,0.0,0.0] > ACTION_BACK == -0.030505136
[0.0,0.0,0.0,0.0,1.0,0.0,0.0,0.0] > ACTION_BACK == -0.08638383
[0.0,0.0,0.0,0.0,0.0,0.0,0.0,0.0] > ACTION_RIGHT == -0.0037982492
[0.0,0.0,0.0,0.0,1.0,0.0,0.0,0.0] > ACTION_NONE == -0.09010463
[0.0,0.0,0.0,2.0,0.0,0.0,0.0,0.0] > ACTION_NONE == -0.016965881
[0.0,0.0,0.0,2.0,0.0,0.0,0.0,0.0] > ACTION_RIGHT == -0.008006155
[0.0,0.0,0.0,0.0,0.0,0.0,1.0,0.0] > ACTION_RIGHT == -0.09004086
[0.0,0.0,0.0,0.0,0.0,0.0,0.0,0.0] > ACTION_NONE == -0.02642602
[0.0,1.0,0.0,0.0,0.0,0.0,0.0,0.0] > ACTION_BACK == -0.0905765
[0.0,1.0,0.0,0.0,0.0,0.0,0.0,0.0] > ACTION_NONE == -0.0019082549
[0.0,0.0,0.0,1.0,0.0,0.0,0.0,0.0] > ACTION_RIGHT == -0.1553266
[0.0,0.0,0.0,0.0,0.0,0.0,0.0,0.0] > ACTION_LEFT == -0.018787362
[0.0,0.0,1.0,0.0,0.0,0.0,0.0,0.0] > ACTION_RIGHT == -0.0073687946
[0.0,0.0,0.0,0.0,2.0,0.0,0.0,0.0] > ACTION_NONE == -7.448223E-5
[0.0,0.0,0.0,0.0,2.0,0.0,0.0,0.0] > ACTION_RIGHT == -0.005855582
[0.0,0.0,1.0,0.0,0.0,0.0,0.0,0.0] > ACTION_BACK == -0.09440515
