-----Simulation Parameters-----
Iteration Length: 200
Iteration Qty: 1000.0
Learning Rate: 0.1
Discount Factor: 0.9
Decay: 0.15
Max View Distance: 10.0

-----SIMULATION STEPS------
Steps | Exploration Rate | QMatrix Size | Crashes | Victories | Distance Moved | Speed
1 99.85 0 0 0 0.6223175 0.031111434
2 99.7 0 0 0 1.2447455 0.046663754
3 99.549995 0 0 0 2.178114 0.031866115
4 99.399994 0 0 0 2.814846 0.031803027
5 99.24999 0 0 0 3.4500535 0.031111667
6 99.09999 0 0 0 4.0718493 0.031111667
7 98.94999 0 0 0 4.6936517 0.031735763
8 98.79999 0 0 0 5.3287325 0.031664778
9 98.64999 0 0 0 5.9619718 0.031593867
10 98.499985 0 0 0 6.5931883 0.015635246
11 98.34998 0 0 0 6.9059935 0.015631195
12 98.19998 0 0 0 7.2191086 0.046637733
13 98.04998 0 0 0 8.151802 0.046637952
14 97.89998 0 0 0 9.08434 0.031110141
15 97.74998 0 0 0 9.70614 0.03152404
16 97.599976 0 0 0 10.335561 0.031106507
17 97.449974 0 0 0 10.95736 0.03144158
18 97.29997 0 0 0 11.586555 0.015689438
19 97.14997 0 0 0 11.899517 0.03136376
20 96.99997 0 0 0 12.526612 0.031282805
21 96.84997 0 0 0 13.151467 0.031189634
22 96.69997 0 0 0 13.774773 0.03111493
23 96.549965 0 0 0 14.398629 0.04658801
24 96.39996 0 0 0 15.329262 0.03111863
25 96.24996 0 0 0 15.95281 0.015826592
26 96.09996 0 0 0 16.269144 0.015808364
27 95.94996 0 0 0 16.583546 0.031126885
28 95.79996 0 0 0 17.205341 0.03110732
29 95.649956 0 0 0 17.827291 0.046570633
30 95.499954 0 0 0 18.758078 0.046552453
31 95.34995 0 0 0 19.688864 0.046553373
32 95.19995 0 0 0 20.61965 0.046554327
33 95.04995 0 0 0 21.550278 0.030862056
34 94.89995 0 0 0 22.164448 0.031114195
35 94.74995 0 0 0 22.78624 0.030720098
36 94.599945 0 0 0 23.400562 0.046468996
37 94.44994 0 0 0 24.327232 0.016181264
38 94.29994 0 0 0 24.649685 0.016139235
39 94.14994 0 0 0 24.97012 0.016086629
40 93.99994 0 0 0 25.290554 0.016036117
41 93.84994 0 0 0 25.610989 0.016006202
42 93.699936 0 0 0 25.929295 0.031115515
43 93.549934 0 0 0 26.55475 0.015959995
44 93.39993 0 0 0 26.871525 0.031104995
45 93.24993 0 0 0 27.497149 0.03258966
46 93.09993 0 0 0 28.143883 0.016220955
47 92.94993 0 0 0 28.468433 0.046468996
48 92.79993 0 0 0 29.395252 0.031108646
49 92.649925 0 0 0 30.016903 0.016239144
50 92.49992 0 0 0 30.344875 0.031123448
51 92.34992 0 0 0 30.966522 0.016139235
52 92.19992 0 0 0 31.290915 0.030691985
53 92.04992 0 0 0 31.901426 0.046418473
54 91.89992 0 0 0 32.830696 0.016455334
55 91.749916 0 0 0 33.15906 0.04641777
56 91.599915 0 0 0 34.088474 0.016468506
57 91.44991 0 0 0 34.41669 0.031681083
58 91.29991 0 0 0 35.040157 0.031124031
59 91.14991 0 0 0 35.658123 0.029338004
60 90.99991 0 0 0 36.23986 0.028617578
61 90.84991 0 0 0 36.808056 0.045067463
62 90.699905 0 0 2 37.71058 0.015951011
63 90.549904 0 0 2 38.031185 0.033233974
64 90.3999 0 0 2 38.695076 0.04654908
65 90.2499 0 0 2 39.62571 0.03110975
66 90.0999 0 0 2 40.251377 0.036845516
67 89.9499 0 0 2 40.985565 0.033086937
68 89.7999 0 0 2 41.649323 0.03303466
69 89.649895 0 0 2 42.313076 0.03297815
70 89.49989 0 0 2 42.969204 0.032916427
71 89.34989 0 0 2 43.625317 0.031114988
72 89.19989 0 0 2 44.250927 0.031114988
73 89.04989 0 0 2 44.87638 0.015731987
74 88.89989 0 0 2 45.189358 0.032840554
75 88.749886 0 0 2 45.845314 0.015694816
76 88.599884 0 0 2 46.158276 0.031114927
77 88.44988 0 0 2 46.7839 0.03276983
78 88.29988 0 0 2 47.440166 0.046629913
79 88.14988 0 0 2 48.370953 0.046629913
80 87.99988 0 0 2 49.30174 0.046630193
81 87.84988 0 0 2 50.232216 0.015676389
82 87.699875 0 0 2 50.54533 0.046630193
83 87.54987 0 0 2 51.476013 0.0360085
84 87.39987 0 0 2 52.194336 0.032576628
85 87.24987 0 0 2 52.842667 0.015603767
86 87.09987 0 0 2 53.15563 0.03110216
87 86.94987 0 0 2 53.78124 0.03110216
88 86.799866 0 0 2 54.407005 0.04665581
89 86.649864 0 0 2 55.345108 0.015603767
90 86.49986 0 0 2 55.658226 0.04665581
91 86.34986 0 0 2 56.596497 0.032498833
92 86.19986 0 0 2 57.24514 0.04665501
93 86.04986 0 0 2 58.183243 0.015582863
94 85.89986 0 0 2 58.496204 0.03111686
95 85.749855 0 0 2 59.121815 0.03111686
96 85.59985 0 0 2 59.747425 0.03111686
97 85.44985 0 0 2 60.373047 0.03240661
98 85.29985 1 1 2 61.025852 0.03322358
99 85.14985 1 1 2 61.689648 0.036794823
100 84.99985 1 1 2 62.42202 0.03111292
101 84.849846 1 1 2 63.047474 0.015836898
102 84.699844 1 1 2 63.36491 0.031110372
103 84.54984 1 1 2 63.99054 0.033050533
104 84.39984 1 1 2 64.64661 0.015797695
105 84.24984 1 1 2 64.96704 0.015790693
106 84.09984 1 1 2 65.28764 0.032968003
107 83.94984 1 1 2 65.943756 0.0311107
108 83.799835 1 1 2 66.56937 0.0311107
109 83.64983 1 1 2 67.19498 0.03111178
110 83.49983 1 1 2 67.820435 0.015750553
111 83.34983 1 1 2 68.14104 0.03290083
112 83.19983 1 1 2 68.7973 0.046612944
113 83.04983 1 1 2 69.727936 0.031113978
114 82.899826 1 1 2 70.35356 0.03284601
115 82.749825 1 1 2 71.009674 0.031115832
116 82.59982 1 1 2 71.63544 0.04662153
117 82.44982 1 1 2 72.566086 0.03279514
118 82.29982 1 1 2 73.222244 0.03598215
119 82.14982 1 1 2 73.93938 0.032576628
120 81.99982 1 1 2 74.595505 0.032502934
121 81.849815 1 1 2 75.251656 0.03543675
122 81.699814 2 2 2 75.95493 0.015942113
123 81.54981 2 2 2 76.27567 0.046538632
124 81.39981 2 2 2 77.20631 0.031112451
125 81.24981 2 2 2 77.83207 0.04653675
126 81.09981 2 2 2 78.762856 0.046532493
127 80.94981 2 2 2 79.69334 0.015964434
128 80.799805 3 2 2 80.01394 0.03246619
129 80.6498 4 2 2 80.66251 0.031111121
130 80.4998 5 2 2 81.288124 0.031111121
131 80.3498 6 2 2 81.91389 0.04650237
132 80.1998 7 2 2 82.84452 0.031111477
133 80.0498 7 2 2 83.47013 0.031111477
134 79.899796 7 2 2 84.095894 0.046502933
135 79.749794 7 2 2 85.026535 0.03214615
136 79.59979 7 2 2 85.667244 0.016173689
137 79.44979 7 2 2 85.987854 0.03352119
138 79.29979 7 2 2 86.659225 0.032072335
139 79.14979 7 2 2 87.30024 0.04644297
140 78.99979 7 2 2 88.231026 0.046434775
141 78.849785 7 2 2 89.16168 0.033644307
142 78.69978 7 2 2 89.83289 0.016186872
143 78.54978 7 2 2 90.15348 0.031113908
144 78.39978 7 2 2 90.77915 0.037462045
145 78.24978 7 2 2 91.52677 0.031119261
146 78.09978 7 2 2 92.152405 0.03338473
147 77.949776 7 2 2 92.82377 0.031104371
148 77.799774 7 2 2 93.44923 0.015996788
149 77.64977 8 2 2 93.76984 0.03327698
150 77.49977 8 2 2 94.44135 0.046554327
151 77.34977 8 2 2 95.37199 0.031107944
152 77.19977 9 2 2 95.997444 0.01592893
153 77.04977 9 2 2 96.318054 0.033187922
154 76.899765 9 2 2 96.98215 0.015860794
155 76.74976 9 2 2 97.302734 0.031103406
156 76.59976 9 2 2 97.92836 0.033070993
157 76.44976 9 2 2 98.58432 0.015780356
158 76.29976 10 2 2 98.90491 0.031105576
159 76.14976 10 2 2 99.530365 0.015766887
160 75.999756 10 2 2 99.85095 0.03110226
161 75.849754 10 2 2 100.476616 0.03633123
162 75.69975 10 2 2 101.206726 0.03590425
163 75.54975 10 2 2 101.92388 0.035445523
164 75.39975 11 3 2 102.64048 0.03111113
165 75.24975 11 3 2 103.26609 0.03111113
166 75.09975 11 3 2 103.89172 0.033160172
167 74.949745 12 4 2 104.56343 0.015933303
168 74.79974 13 4 2 104.88404 0.0332132
169 74.64974 13 4 2 105.55542 0.033160172
170 74.49974 13 4 2 106.21138 0.01585537
171 74.34974 14 4 2 106.53198 0.033086937
172 74.19974 14 4 2 107.18815 0.03654612
173 74.049736 15 4 2 107.920364 0.015761718
174 73.899734 16 4 2 108.24095 0.03111178
175 73.74973 16 4 2 108.86658 0.032916427
176 73.59973 17 4 2 109.522766 0.038853403
177 73.44973 17 4 2 110.300934 0.036226496
178 73.29973 18 4 2 111.018845 0.03886685
179 73.14973 19 4 2 111.79712 0.046620943
180 72.999725 20 4 2 112.72775 0.03111315
181 72.849724 20 4 2 113.353386 0.033485048
182 72.69972 20 4 2 114.024765 0.032886196
183 72.54972 20 4 2 114.6809 0.033351712
184 72.39972 20 4 2 115.35242 0.046596363
185 72.24972 20 4 2 116.283066 0.03305214
186 72.09972 21 4 2 116.93919 0.032762755
187 71.949715 22 4 2 117.59531 0.031113978
188 71.79971 22 4 2 118.22097 0.036947012
189 71.64971 23 4 2 118.95349 0.046571072
190 71.49971 23 4 2 119.88428 0.046552453
191 71.34971 23 4 2 120.81506 0.046553373
192 71.19971 23 4 2 121.74572 0.0331763
193 71.049706 23 4 2 122.40811 0.0330881
194 70.899704 23 4 2 123.06424 0.032977264
195 70.7497 23 4 2 123.7202 0.015903147
196 70.5997 23 4 2 124.04079 0.031116854
197 70.4497 23 4 2 124.66641 0.0326805
198 70.2997 23 4 2 125.32239 0.031110872
199 70.1497 24 4 2 125.94802 0.03333666
200 69.999695 24 4 2 126.6194 0.03249895
201 69.84969 24 4 2 127.26559 0.033445153
202 69.69969 24 4 2 127.93695 0.031110872
203 69.54969 25 4 2 128.54887 0.03333666
204 69.39969 25 4 2 129.22025 0.032524068
205 69.24969 26 4 2 129.8611 0.031114299
206 69.099686 26 4 2 130.47145 0.031116106
207 68.949684 26 4 2 131.08167 0.01610742
208 68.79968 26 4 2 131.4175 0.03110544
209 68.64968 26 4 2 132.02792 0.038778063
210 68.49968 26 4 2 132.79095 0.04648562
211 68.34968 26 4 2 133.7369 0.037381645
212 68.19968 27 4 2 134.46928 0.033206083
213 68.049675 27 4 2 135.14073 0.038825467
214 67.89967 27 4 2 135.93394 0.015837794
215 67.74967 28 4 2 136.23927 0.031116152
216 67.59967 28 4 2 136.84947 0.015811967
217 67.44967 28 4 2 137.1548 0.031108996
218 67.29967 28 4 2 137.76532 0.046587214
219 67.149666 28 4 2 138.71126 0.03652441
220 66.999664 29 5 2 139.44347 0.015933303
221 66.84966 29 5 2 139.74883 0.0332132
222 66.69966 29 5 2 140.42018 0.03110972
223 66.54966 29 5 2 141.0306 0.036779325
224 66.39966 29 5 2 141.76299 0.033050533
225 66.24966 29 5 2 142.4344 0.03648024
226 66.099655 30 5 2 143.16661 0.015742596
227 65.94965 30 5 2 143.47194 0.031111252
228 65.79965 30 5 2 144.08214 0.015736401
229 65.64965 30 5 2 144.38731 0.015735004
230 65.49965 30 5 2 144.69264 0.031109218
231 65.34965 30 5 2 145.30305 0.036209054
232 65.199646 31 5 2 146.03526 0.015680784
233 65.049644 31 5 2 146.3406 0.032719452
234 64.89964 31 5 2 146.98146 0.031113738
235 64.74964 31 5 2 147.59198 0.046638668
236 64.59964 31 5 2 148.5379 0.03587796
237 64.44964 32 5 2 149.24597 0.038878523
238 64.29964 32 5 2 150.0395 0.046646647
239 64.149635 33 5 2 150.98538 0.031115131
240 63.999634 34 5 2 151.5959 0.046646845
241 63.849632 34 5 2 152.5418 0.032551978
242 63.69963 34 5 2 153.18265 0.031110642
243 63.54963 34 5 2 153.793 0.031120695
244 63.399628 34 5 2 154.40335 0.031120695
245 63.249626 34 5 2 155.01355 0.01559733
246 63.099625 34 5 2 155.31888 0.031120174
247 62.949623 34 5 2 155.92923 0.031120174
248 62.79962 34 5 2 156.5396 0.03246015
249 62.64962 34 5 2 157.18054 0.038874928
250 62.49962 34 5 2 157.97408 0.046654873
251 62.349617 34 5 2 158.91995 0.031116018
252 62.199615 34 5 2 159.5303 0.031116018
253 62.049614 34 5 2 160.14066 0.031116018
254 61.899612 34 5 2 160.75117 0.04665501
255 61.74961 34 5 2 161.69705 0.031116432
256 61.59961 34 5 2 162.30757 0.04665501
257 61.449608 34 5 2 163.25345 0.03111686
258 61.299606 35 5 2 163.86397 0.04665501
259 61.149605 35 5 2 164.80986 0.0324166
260 60.999603 35 72 2 165.59691 0.032566708
261 60.8496 35 72 2 166.23761 0.015994553
262 60.6996 35 72 2 166.54294 0.031112278
263 60.5496 35 72 2 167.15329 0.031112278
264 60.399597 36 72 2 167.76367 0.033297874
265 60.249596 36 72 2 168.43504 0.032510966
266 60.099594 36 72 2 169.0759 0.031112527
267 59.949593 36 72 2 169.6861 0.01602088
268 59.79959 37 72 2 169.99127 0.016006464
269 59.64959 37 72 2 170.2966 0.03110912
270 59.499588 37 72 2 170.90712 0.046519782
271 59.349586 37 72 2 171.85286 0.016006464
272 59.199585 38 72 2 172.18869 0.031113874
273 59.049583 38 72 2 172.7991 0.0370445
274 58.899582 39 72 2 173.53148 0.032622494
275 58.74958 39 72 2 174.17233 0.031115482
276 58.59958 39 72 2 174.78275 0.0370445
277 58.449577 40 72 2 175.51495 0.015898926
278 58.299576 40 72 2 175.82028 0.031108752
279 58.149574 40 72 2 176.4308 0.046553373
280 57.999573 40 72 2 177.37668 0.031111605
281 57.84957 41 72 2 177.98703 0.031111605
282 57.69957 41 72 2 178.59738 0.031111605
283 57.54957 41 72 2 179.20758 0.015903147
284 57.399567 41 72 2 179.51291 0.031118263
285 57.249565 41 72 2 180.12329 0.033164717
286 57.099564 41 72 2 180.79468 0.03308239
287 56.949562 41 72 2 181.46603 0.03111372
288 56.79956 41 72 2 182.07639 0.03111372
289 56.64956 41 72 2 182.68677 0.032977264
290 56.499557 42 72 2 183.35812 0.031119682
291 56.349556 42 72 2 183.96832 0.015898926
292 56.199554 42 72 2 184.27365 0.031115457
293 56.049553 42 72 2 184.884 0.031115457
294 55.89955 42 72 2 185.49435 0.031115457
295 55.74955 42 72 2 186.1047 0.031115457
296 55.59955 42 72 2 186.71509 0.03315894
297 55.449547 42 72 2 187.38644 0.031119887
298 55.299545 42 72 2 187.99687 0.03882622
299 55.149544 42 72 2 188.75975 0.032870345
300 54.999542 42 72 2 189.4006 0.031120198
301 54.84954 42 72 2 190.0108 0.01597822
302 54.69954 42 72 2 190.3163 0.04653675
303 54.549538 42 72 2 191.26219 0.032408364
304 54.399536 42 72 2 191.90305 0.031111997
305 54.249535 42 72 2 192.51355 0.046451204
306 54.099533 42 72 2 193.429 0.03755206
307 53.94953 43 72 2 194.18596 0.038807083
308 53.79953 43 72 2 194.94882 0.03110923
309 53.64953 43 72 2 195.5592 0.03333666
310 53.499527 43 72 2 196.23073 0.04655385
311 53.349525 43 72 2 197.17662 0.032531727
312 53.199524 43 72 2 197.81755 0.037568595
313 53.049522 44 72 2 198.56557 0.03321191
314 52.89952 44 72 2 199.23692 0.031111335
315 52.74952 44 72 2 199.8473 0.03300759
316 52.599518 44 72 2 200.51866 0.031121803
317 52.449516 44 74 2 201.12965 0.033252507
318 52.299515 44 74 2 201.80118 0.046545282
319 52.149513 45 74 2 202.74706 0.031112697
320 51.99951 46 74 2 203.35725 0.015924579
321 51.84951 46 74 2 203.66243 0.015916301
322 51.69951 46 74 2 203.96783 0.03881608
323 51.549507 46 74 2 204.73076 0.03683209
324 51.399506 47 74 2 205.46297 0.015844524
325 51.249504 47 74 2 205.76837 0.038831748
326 51.099503 47 74 2 206.5314 0.046570197
327 50.9495 47 74 2 207.47734 0.036647152
328 50.7995 48 74 2 208.2097 0.031107845
329 50.649498 48 74 2 208.82005 0.031107845
330 50.499496 48 74 2 209.43044 0.032957863
331 50.349495 48 74 2 210.10179 0.03110963
332 50.199493 48 74 2 210.71231 0.04660443
333 50.04949 48 74 2 211.65825 0.03633123
334 49.89949 49 74 2 212.39061 0.031114927
335 49.74949 49 74 2 213.00113 0.04662153
336 49.599487 49 74 2 213.94704 0.03341834
337 49.449486 49 74 2 214.6184 0.031104458
338 49.299484 49 74 2 215.22874 0.031104458
339 49.149483 49 74 2 215.8391 0.031104458
340 48.99948 49 74 2 216.44945 0.031104458
341 48.84948 49 74 2 217.0598 0.031104458
342 48.69948 49 74 2 217.67032 0.04660552
343 48.549477 49 74 2 218.61623 0.032961417
344 48.399475 50 74 2 219.28767 0.038854014
345 48.249474 50 74 2 220.08104 0.031116012
346 48.099472 50 74 2 220.69148 0.038854014
347 47.94947 50 74 2 221.48502 0.04660443
348 47.79947 50 74 2 222.4309 0.03112022
349 47.649467 51 74 2 223.04134 0.03885591
350 47.499466 51 74 2 223.83455 0.015753776
351 47.349464 52 74 2 224.13997 0.03885527
352 47.199463 52 74 2 224.93333 0.03112022
353 47.04946 52 74 2 225.54372 0.032897215
354 46.89946 52 74 2 226.21516 0.038868986
355 46.74946 52 74 2 227.00856 0.033393018
356 46.599457 52 74 2 227.67993 0.03287814
357 46.449455 52 74 2 228.3208 0.032342985
358 46.299454 52 74 2 228.96152 0.016215224
359 46.149452 53 74 2 229.29742 0.038769998
360 45.99945 53 74 2 230.06032 0.0335611
361 45.84945 53 74 2 230.73184 0.04648503
362 45.699448 53 74 2 231.67772 0.031117925
363 45.549446 53 74 2 232.28824 0.046486825
364 45.399445 53 74 2 233.23428 0.046451204
365 45.249443 53 74 2 234.18018 0.03172363
366 45.09944 53 74 2 234.81862 0.04628171
367 44.94944 53 74 2 235.73415 0.04624985
368 44.79944 53 74 2 236.64952 0.031119887
369 44.649437 54 74 2 237.25995 0.038582776
370 44.499435 54 74 2 238.02281 0.031115333
371 44.349434 54 74 4 238.63333 0.0466636
372 44.199432 54 74 4 239.57925 0.03511006
373 44.04943 54 74 4 240.2812 0.038890954
374 43.89943 54 74 4 241.07442 0.015555597
375 43.749428 55 75 4 241.54951 0.038888834
376 43.599426 55 75 4 242.31223 0.015558216
377 43.449425 55 75 4 242.61755 0.031112082
378 43.299423 55 75 4 243.22795 0.034572154
379 43.14942 56 75 4 243.92986 0.03520012
380 42.99942 56 75 4 244.6318 0.03888645
381 42.84942 56 75 4 245.42517 0.031109698
382 42.699417 57 75 4 246.03557 0.034990117
383 42.549416 57 75 4 246.73747 0.034806352
384 42.399414 57 75 4 247.4395 0.046663422
385 42.249413 58 75 4 248.38538 0.031109698
386 42.09941 58 75 4 248.99573 0.031109698
387 41.94941 58 75 4 249.6061 0.031952552
388 41.799408 59 75 4 250.247 0.03511856
389 41.649406 59 75 4 250.94902 0.04666332
390 41.499405 59 75 4 251.89494 0.03469127
391 41.349403 59 75 4 252.59685 0.03442775
392 41.1994 60 75 4 253.2877 0.035402287
393 41.0494 60 75 4 253.98958 0.031884227
394 40.8994 61 75 4 254.63046 0.034292206
395 40.749397 62 75 4 255.30182 0.03111116
396 40.599396 62 75 4 255.91217 0.03110163
397 40.449394 62 75 4 256.52255 0.034005217
398 40.299393 62 75 4 257.19406 0.04663842
399 40.14939 63 75 4 258.10928 0.01565236
400 39.99939 63 75 4 258.4146 0.031112995
401 39.84939 63 75 4 259.02496 0.031112995
402 39.699387 63 75 4 259.6353 0.031112995
403 39.549385 63 75 4 260.2455 0.015647944
404 39.399384 63 75 4 260.5507 0.015643619
405 39.249382 63 75 4 260.85602 0.031110838
406 39.09938 63 75 4 261.46637 0.031110838
407 38.94938 63 75 4 262.07672 0.031110838
408 38.799377 63 75 4 262.68713 0.03579126
409 38.649376 63 75 4 263.41953 0.03414009
410 38.499374 64 75 4 264.09094 0.035800155
411 38.349373 64 75 4 264.8234 0.038875174
412 38.19937 65 75 4 265.61676 0.03171756
413 38.04937 66 75 4 266.2271 0.031607293
414 37.89937 66 75 4 266.83762 0.046638668
415 37.749367 66 75 4 267.75284 0.015656868
416 37.599365 66 75 4 268.05826 0.03886303
417 37.449364 66 75 4 268.85168 0.035860613
418 37.299362 66 75 4 269.58405 0.03174896
419 37.14936 66 75 4 270.1944 0.031607293
420 36.99936 66 75 4 270.80475 0.03144947
421 36.849358 66 75 4 271.41525 0.046603415
422 36.699356 66 75 4 272.3307 0.036226496
423 36.549355 66 75 4 273.06314 0.03887783
424 36.399353 66 75 4 273.85666 0.046656184
425 36.24935 66 75 4 274.77206 0.033878855
426 36.09935 66 75 4 275.44327 0.01578378
427 35.94935 67 75 4 275.7487 0.038856562
428 35.799347 67 75 4 276.54208 0.033101834
429 35.649345 67 75 4 277.21344 0.032104846
430 35.499344 67 75 4 277.8238 0.030099757
431 35.349342 68 75 4 278.434 0.016836995
432 35.19934 68 75 4 278.7394 0.03865676
433 35.04934 68 75 4 279.53287 0.038631476
434 34.899338 68 75 6 280.3264 0.046519246
435 34.749336 68 75 6 281.24176 0.03111235
436 34.599335 68 75 6 281.85214 0.03332474
437 34.449333 68 75 6 282.5235 0.031112311
438 34.29933 68 76 6 283.13522 0.0311115
439 34.14933 68 76 6 283.74542 0.015985178
440 33.99933 68 76 6 284.05084 0.038802788
441 33.849327 68 76 6 284.8442 0.031112278
442 33.699326 68 76 6 285.45456 0.031112278
443 33.549324 68 76 6 286.0649 0.031112278
444 33.399323 68 76 6 286.6751 0.015982836
445 33.24932 68 76 6 286.98053 0.038804226
446 33.09932 68 76 6 287.77405 0.04652348
447 32.949318 68 76 6 288.68948 0.0370445
448 32.799316 69 76 6 289.42184 0.031111605
449 32.649315 69 76 6 290.0322 0.031111605
450 32.499313 69 76 6 290.64255 0.031111605
451 32.34931 69 76 6 291.2529 0.031111605
452 32.19931 69 76 6 291.8633 0.036814496
453 32.04931 69 76 6 292.59583 0.046579305
454 31.89931 69 76 6 293.51126 0.036602885
455 31.74931 70 76 6 294.24365 0.033160258
456 31.59931 70 76 6 294.915 0.03111292
457 31.44931 70 76 6 295.52542 0.036612064
458 31.29931 71 76 6 296.2578 0.032911863
459 31.149311 71 76 6 296.9292 0.03283511
460 30.999311 71 76 6 297.6006 0.032749947
461 30.849312 71 76 6 298.27203 0.03886393
462 30.699312 71 76 6 299.06543 0.033644084
463 30.549313 71 76 6 299.73682 0.033293135
464 30.399313 71 76 6 300.4082 0.032936376
465 30.249313 71 76 6 301.0796 0.032556854
466 30.099314 71 76 6 301.7508 0.01605607
467 29.949314 72 76 6 302.0562 0.038792983
468 29.799314 72 76 6 302.8496 0.032220043
469 29.649315 72 76 6 303.5186 0.037533063
470 29.499315 73 76 6 304.251 0.037159823
471 29.349316 73 76 6 304.98346 0.038815223
472 29.199316 73 76 6 305.77686 0.032622494
473 29.049316 73 76 6 306.44824 0.032154918
474 28.899317 73 76 6 307.10114 0.031673774
475 28.749317 73 76 6 307.7115 0.031164804
476 28.599318 74 76 6 308.32193 0.038648855
477 28.449318 75 76 6 309.1154 0.03863475
478 28.299318 75 76 6 309.90875 0.031117503
479 28.149319 76 76 6 310.51898 0.016831182
480 27.99932 76 76 6 310.8854 0.038647242
481 27.84932 76 76 6 311.67877 0.030597819
482 27.69932 76 76 6 312.28912 0.02993335
483 27.54932 77 76 6 312.89948 0.029260276
484 27.39932 77 76 6 313.5 0.03110175
485 27.249321 77 76 6 314.11044 0.040061247
486 27.099321 77 76 6 314.9039 0.03846343
487 26.949322 77 76 6 315.69727 0.031115329
488 26.799322 77 76 6 316.3077 0.03843847
489 26.649323 77 76 6 317.10104 0.028963603
490 26.499323 77 76 6 317.65027 0.018466366
491 26.349323 78 76 6 318.0167 0.03834957
492 26.199324 78 76 6 318.81003 0.028197736
493 26.049324 78 76 6 319.35938 0.031104036
494 25.899324 78 76 6 319.96982 0.038049076
495 25.749325 78 76 6 320.70956 0.045132622
496 25.599325 78 76 6 321.625 0.03773382
497 25.449326 78 76 8 322.41174 0.03297815
498 25.299326 78 76 8 323.08313 0.032924242
499 25.149326 78 76 8 323.75452 0.032870654
500 24.999327 78 76 8 324.4259 0.03280512
501 24.849327 78 76 8 325.09735 0.0388626
502 24.699327 78 76 8 325.89078 0.036043283
503 24.549328 79 76 8 326.62314 0.031112265
504 24.399328 79 76 8 327.23355 0.03582171
505 24.249329 79 76 8 327.96597 0.035583608
506 24.099329 79 76 8 328.6984 0.03535062
507 23.94933 79 76 8 329.4309 0.0466636
508 23.79933 79 76 8 330.3463 0.034461685
509 23.64933 80 76 8 331.01767 0.031115616
510 23.49933 80 76 8 331.62802 0.031115616
511 23.34933 80 76 8 332.23853 0.046654873
512 23.199331 80 76 8 333.15396 0.03536784
513 23.049332 80 76 8 333.8864 0.038891755
514 22.899332 80 76 8 334.67978 0.031110968
515 22.749332 80 76 8 335.29016 0.035101414
516 22.599333 81 76 8 335.9616 0.03889084
517 22.449333 81 76 8 336.75497 0.031108864
518 22.299334 81 76 8 337.36536 0.034776494
519 22.149334 82 76 8 338.0367 0.031111194
520 21.999334 82 76 8 338.64713 0.03511856
521 21.849335 82 76 8 339.31964 0.031108856
522 21.699335 82 76 8 339.93002 0.034776494
523 21.549335 82 76 8 340.60144 0.03515287
524 21.399336 82 76 8 341.279 0.031108856
525 21.249336 82 76 8 341.88937 0.034785025
526 21.099337 82 76 8 342.5608 0.035161536
527 20.949337 82 76 8 343.2411 0.038890842
528 20.799337 82 76 8 344.0345 0.034776494
529 20.649338 83 76 8 344.70593 0.03889271
530 20.499338 83 76 8 345.49933 0.03431749
531 20.349339 83 76 8 346.17072 0.033845253
532 20.199339 83 76 8 346.84216 0.03885162
533 20.04934 83 76 8 347.63538 0.015710717
534 19.89934 83 76 8 347.94073 0.033377018
535 19.74934 83 76 8 348.61215 0.036638796
536 19.59934 83 76 8 349.34467 0.046621844
537 19.44934 83 76 8 350.26007 0.033326406
538 19.299341 83 76 8 350.93143 0.031115457
539 19.149342 83 76 8 351.54178 0.031115457
540 18.999342 83 76 8 352.1522 0.036753397
541 18.849342 83 76 8 352.88458 0.032766055
542 18.699343 83 76 8 353.55597 0.033811674
543 18.549343 83 76 8 354.22717 0.015797695
544 18.399343 83 76 8 354.53253 0.032937612
545 18.249344 83 76 8 355.2039 0.031119261
546 18.099344 84 76 8 355.81433 0.038846772
547 17.949345 85 76 8 356.60773 0.032744598
548 17.799345 85 76 8 357.2791 0.034064353
549 17.649345 85 76 8 357.95056 0.03882776
550 17.499346 85 76 8 358.74396 0.032728862
551 17.349346 85 76 8 359.4073 0.031203805
552 17.199347 85 76 8 360.01764 0.029516298
553 17.049347 85 76 8 360.60168 0.027709233
554 16.899347 85 76 10 361.20126 0.015580101
555 16.749348 85 76 10 361.50662 0.03422884
556 16.599348 85 76 10 362.178 0.033988383
557 16.449348 85 76 10 362.8494 0.033744574
558 16.299349 85 76 10 363.52078 0.03348937
559 16.14935 85 77 10 364.19217 0.034178153
560 15.99935 85 77 10 364.86356 0.03393575
561 15.84935 85 77 10 365.53494 0.032645166
562 15.69935 85 77 10 366.20633 0.033815984
563 15.549351 85 77 10 366.87772 0.03356048
564 15.399351 85 97 10 367.57788 0.034275282
565 15.2493515 85 97 10 368.2493 0.035518758
566 15.099352 85 97 10 368.98172 0.0352818
567 14.949352 86 97 10 369.7141 0.0322073
568 14.799353 87 97 10 370.3855 0.03464867
569 14.649353 87 97 10 371.05692 0.035165783
570 14.499353 88 98 10 371.79398 0.034582745
571 14.349354 89 99 10 372.46912 0.035286043
572 14.199354 89 99 10 373.2015 0.034504194
573 14.049355 89 100 10 373.87442 0.03516366
574 13.899355 89 100 10 374.60324 0.03888868
575 13.749355 89 100 10 375.3967 0.03888868
576 13.599356 89 100 10 376.1901 0.03463592
577 13.449356 90 100 10 376.86148 0.03228275
578 13.299356 90 100 10 377.53287 0.032216698
579 13.149357 90 100 10 378.2043 0.038886238
580 12.999357 90 100 10 378.9977 0.034925938
581 12.849358 90 101 10 380.3607 0.046657257
582 12.699358 90 101 10 381.27612 0.03536784
583 12.549358 90 101 10 382.0085 0.032254387
584 12.399359 90 101 10 382.6799 0.034998626
585 12.249359 90 101 10 383.3513 0.03474239
586 12.0993595 90 101 10 384.02274 0.03888686
587 11.94936 90 101 10 384.81613 0.03508002
588 11.79936 90 101 10 385.4875 0.031108879
589 11.649361 90 101 10 386.09793 0.038890842
590 11.499361 90 101 10 386.89133 0.034810618
591 11.349361 90 101 10 387.56268 0.031110171
592 11.199362 90 101 10 388.17307 0.035041492
593 11.049362 90 101 10 388.84445 0.03474239
594 10.899363 90 101 10 389.51587 0.035127215
595 10.749363 90 101 10 390.1902 0.031108879
596 10.599363 90 101 10 390.80063 0.038890857
597 10.449364 90 101 10 391.59402 0.03481916
598 10.299364 90 101 10 392.26538 0.031110546
599 10.149364 90 101 10 392.87576 0.03507577
600 9.999365 90 101 10 393.54697 0.015554721
601 9.849365 90 101 10 393.85233 0.03484476
602 9.699366 90 101 10 394.52368 0.03111075
603 9.549366 90 101 10 395.13412 0.038891755
604 9.399366 90 101 10 395.92752 0.03447024
605 9.249367 91 101 10 396.59903 0.046655465
606 9.099367 91 101 10 397.51447 0.03551453
607 8.949368 91 101 10 398.24686 0.035092913
608 8.799368 91 101 10 398.9183 0.038891006
609 8.649368 91 101 10 399.7117 0.03464019
610 8.499369 92 101 10 400.38315 0.038875174
611 8.349369 92 101 10 401.17654 0.03414009
612 8.199369 93 101 10 401.84793 0.033610627
613 8.04937 93 101 10 402.51935 0.036436114
614 7.8993697 93 101 10 403.25174 0.03363599
615 7.7493696 94 101 10 403.9231 0.031111335
616 7.5993695 94 101 10 404.53354 0.038841605
617 7.4493694 94 101 10 405.32693 0.032977264
618 7.2993693 95 101 10 405.99835 0.037124477
619 7.1493692 95 101 10 406.7308 0.038841605
620 6.999369 96 101 10 407.52423 0.036515262
621 6.849369 96 101 10 408.25668 0.038880017
622 6.699369 96 101 10 409.05014 0.038880825
623 6.549369 97 101 10 409.8436 0.03886217
624 6.399369 97 101 10 410.637 0.0336938
625 6.2493687 98 101 10 411.30838 0.032531727
626 6.0993686 99 101 10 411.9715 0.037982456
627 5.9493685 99 101 10 412.70395 0.038834278
628 5.7993684 99 101 10 413.4973 0.030862056
629 5.6493683 99 101 10 414.10776 0.038726058
630 5.499368 99 101 10 414.9012 0.038700968
631 5.349368 99 101 10 415.69458 0.031076323
632 5.199368 100 101 10 416.30502 0.040459376
633 5.049368 100 101 10 417.09845 0.03751652
634 4.899368 100 101 10 417.82742 0.03216242
635 4.7493677 100 101 10 418.4216 0.023168288
636 4.5993676 100 101 12 418.9041 0.035045747
637 4.4493675 100 101 12 419.5755 0.03484476
638 4.2993674 100 101 12 420.2469 0.034652945
639 4.1493673 101 101 12 420.91827 0.034448996
640 3.9993672 101 105 12 421.5939 0.034960143
641 3.8493671 101 105 12 422.2653 0.034806352
642 3.699367 102 105 12 422.93668 0.034960143
643 3.549367 102 105 12 423.60806 0.034755174
644 3.3993669 102 105 12 424.27945 0.034550883
645 3.2493668 102 106 12 424.95084 0.034502055
646 3.0993667 102 106 12 425.62222 0.034306988
647 2.9493666 102 106 12 426.29364 0.035451874
648 2.7993665 102 106 12 427.02603 0.03430913
649 2.6493664 102 106 12 427.69742 0.03410205
650 2.4993663 103 106 12 428.3688 0.03388316
651 2.3493662 103 106 12 429.0402 0.033673245
652 2.199366 103 106 12 429.71164 0.03886367
653 2.049366 104 106 12 430.50507 0.036078084
654 1.899366 104 106 12 431.23752 0.03887301
655 1.749366 104 106 12 432.03094 0.03587796
656 1.5993661 104 106 12 432.7634 0.03887888
657 1.4493661 104 106 12 433.55682 0.035652753
658 1.2993661 104 106 12 434.28928 0.038884968
659 1.1493661 104 106 12 435.08273 0.038885236
660 0.99936616 105 106 12 435.8762 0.038885236
661 0.8493662 105 106 12 436.66962 0.03543675
662 0.6993662 105 106 12 437.402 0.034376882
663 0.54936624 105 106 12 438.07346 0.038885236
664 0.39936623 106 106 12 438.86688 0.03545399
665 0.24936622 106 106 12 439.59927 0.034376882
666 0.09936622 106 106 12 440.27072 0.038875975
667 -0.050633788 106 106 12 441.06412 0.03408088
668 -0.2006338 106 106 12 441.73557 0.038880415
669 -0.3506338 106 106 12 442.52896 0.033778116
670 -0.50063384 106 106 12 443.20038 0.03606909
671 -0.6506338 106 106 12 443.93283 0.038880415
672 -0.8006338 106 106 12 444.72623 0.033769965
673 -0.95063376 106 106 12 445.39767 0.038868986
674 -1.1006337 106 106 12 446.19107 0.03341033
675 -1.2506337 106 106 12 446.86252 0.038840897
676 -1.4006337 106 106 12 447.65598 0.038841605
677 -1.5506337 106 106 12 448.44943 0.038842317
678 -1.7006336 106 106 12 449.2429 0.038843043
679 -1.8506336 106 106 12 450.03635 0.03884378
680 -2.0006337 106 106 12 450.8298 0.038844526
681 -2.1506338 106 106 12 451.62326 0.03882622
682 -2.300634 106 106 12 452.4167 0.036620423
683 -2.450634 106 106 12 453.14914 0.03885162
684 -2.600634 106 106 12 453.94254 0.033318434
685 -2.7506342 107 106 12 454.61398 0.03883013
686 -2.9006343 107 106 12 455.4074 0.03670903
687 -3.0506344 107 106 12 456.13986 0.038852204
688 -3.2006345 107 106 12 456.9333 0.03621745
689 -3.3506346 107 106 12 457.66574 0.038878523
690 -3.5006347 107 106 12 458.45917 0.03564391
691 -3.6506348 107 106 12 459.19156 0.03496449
692 -3.8006349 107 106 12 459.86295 0.034258615
693 -3.950635 107 106 12 460.53433 0.033477012
694 -4.100635 107 107 12 461.20578 0.038888752
695 -4.250635 107 107 12 461.99918 0.034960143
696 -4.4006352 107 107 12 462.67056 0.03475944
697 -4.5506353 108 107 12 463.34195 0.034555156
698 -4.7006354 108 108 12 464.01334 0.034499917
699 -4.8506355 108 108 12 464.68472 0.034298636
700 -5.0006356 108 108 12 465.35614 0.03545399
701 -5.1506357 108 108 12 466.08856 0.03525166
702 -5.300636 108 108 12 466.82095 0.034512624
703 -5.450636 108 108 12 467.4924 0.038883366
704 -5.600636 108 108 12 468.28586 0.038883366
705 -5.750636 108 108 12 469.0793 0.038883366
706 -5.900636 108 108 12 469.87277 0.038883563
707 -6.0506363 108 108 12 470.66623 0.038883563
708 -6.2006364 108 108 12 471.45963 0.034275282
709 -6.3506365 108 108 12 472.131 0.034038905
710 -6.5006366 108 108 12 472.8024 0.03379489
711 -6.6506367 108 108 12 473.47382 0.03597373
712 -6.800637 108 108 12 474.20627 0.038870484
713 -6.950637 108 108 12 474.9997 0.035739288
714 -7.100637 108 108 12 475.73215 0.038876556
715 -7.250637 108 108 12 476.52554 0.03404716
716 -7.400637 108 108 12 477.19693 0.033778116
717 -7.5506372 108 108 12 477.86832 0.033501737
718 -7.7006373 108 108 12 478.53973 0.036296304
719 -7.8506374 108 108 12 479.2722 0.03886685
720 -8.000637 108 108 12 480.06564 0.03886737
721 -8.150637 109 108 12 480.8591 0.03886737
722 -8.300636 109 108 12 481.65253 0.036052268
723 -8.450636 109 108 12 482.3849 0.03110946
724 -8.600636 109 108 12 482.99524 0.03110946
725 -8.750635 109 108 12 483.6056 0.03110946
726 -8.900635 109 108 12 484.21594 0.03110946
727 -9.050634 109 108 12 484.8263 0.03110946
728 -9.200634 109 108 12 485.43665 0.031108785
729 -9.350634 109 108 12 486.047 0.031108785
730 -9.500633 109 108 12 486.65735 0.031108785
731 -9.650633 109 108 12 487.2677 0.031108785
732 -9.800632 109 108 12 487.87805 0.031108785
733 -9.950632 109 108 12 488.4884 0.031108785
734 -10.100632 109 108 12 489.09875 0.031108785
735 -10.250631 109 108 12 489.7091 0.031108785
736 -10.400631 109 108 12 490.31946 0.031108785
737 -10.550631 109 108 12 490.9298 0.031108785
738 -10.70063 109 108 12 491.54016 0.031108785
739 -10.85063 109 108 12 492.15057 0.035730846
740 -11.000629 109 108 12 492.88293 0.03111312
741 -11.150629 109 108 12 493.49335 0.03523023
742 -11.300629 109 108 12 494.17838 0.034682732
743 -11.450628 109 108 12 494.84976 0.03412353
744 -11.600628 109 421 12 496.6193 0.2451283
745 -11.7506275 109 569 12 497.50558 0.0349131
746 -11.900627 109 569 12 498.17694 0.031111334
747 -12.050627 109 814 12 499.25687 0.03111075
748 -12.200626 109 814 12 499.86722 0.03111075
749 -12.350626 109 814 12 500.47757 0.03111075
750 -12.500626 109 814 12 501.08792 0.03111075
751 -12.650625 109 814 12 501.69827 0.03111075
752 -12.800625 109 814 12 502.30862 0.03111075
753 -12.950624 109 814 12 502.91898 0.03111075
754 -13.100624 109 814 12 503.52933 0.03111075
755 -13.250624 109 814 12 504.13968 0.03111075
756 -13.400623 109 814 12 504.75003 0.03111075
757 -13.550623 109 814 12 505.36038 0.03111075
758 -13.700623 109 814 12 505.97073 0.03111075
759 -13.850622 109 814 12 506.5811 0.03111075
760 -14.000622 109 814 12 507.19144 0.03111075
761 -14.150621 109 814 12 507.8018 0.03111075
762 -14.300621 109 814 12 508.41214 0.03111075
763 -14.450621 109 814 12 509.0225 0.03111075
764 -14.60062 109 814 12 509.63284 0.03111075
765 -14.75062 109 814 12 510.2432 0.03111075
766 -14.9006195 109 814 12 510.85355 0.03111075
767 -15.050619 109 814 12 511.4639 0.03111075
768 -15.200619 109 814 12 512.0743 0.03111075
769 -15.350618 109 814 12 512.68463 0.03111075
770 -15.500618 109 814 12 513.295 0.031110546
771 -15.650618 109 814 12 513.90533 0.031110546
772 -15.800617 109 814 12 514.5157 0.031110546
773 -15.950617 109 814 12 515.1261 0.03508427
774 -16.100616 109 814 12 515.8585 0.034810618
775 -16.250616 109 814 12 516.59094 0.03508427
776 -16.400616 109 814 12 517.32336 0.034810618
777 -16.550615 109 814 12 518.0558 0.035092913
778 -16.700615 109 814 12 518.7882 0.03481916
779 -16.850615 109 814 12 519.5206 0.035092913
780 -17.000614 109 814 12 520.25305 0.03481916
781 -17.150614 109 814 12 520.9855 0.03511856
782 -17.300613 109 814 12 521.7179 0.03484476
783 -17.450613 109 814 12 522.4503 0.03511856
784 -17.600613 109 814 12 523.18274 0.03484476
785 -17.750612 109 814 12 523.91516 0.035127215
786 -17.900612 109 814 12 524.6476 0.034853313
787 -18.050611 109 814 12 525.38 0.03515287
788 -18.200611 109 814 12 526.1124 0.03487892
789 -18.35061 109 814 12 526.84485 0.035161536
790 -18.50061 109 814 12 527.5773 0.03488749
791 -18.65061 109 814 12 528.3097 0.035187196
792 -18.80061 109 814 12 529.0421 0.0349131
793 -18.95061 109 814 12 529.77454 0.035195872
794 -19.100609 109 814 12 530.50696 0.03493871
795 -19.250608 109 814 12 531.2394 0.03523023
796 -19.400608 109 814 12 531.9718 0.03495589
797 -19.550608 109 814 12 532.7042 0.03523893
798 -19.700607 109 814 12 533.43665 0.035007138
799 -19.850607 109 814 12 534.16907 0.035290286
800 -20.000607 109 814 12 534.9015 0.035024364
801 -20.150606 109 814 12 535.6339 0.034215968
802 -20.300606 109 814 12 536.3663 0.033351712
803 -20.450605 109 814 12 536.9766 0.032400757
804 -20.600605 110 814 12 537.58704 0.03789176
805 -20.750605 110 814 12 538.3194 0.03246619
806 -20.900604 110 814 14 538.9298 0.038886987
807 -21.050604 110 814 14 539.66223 0.034465965
808 -21.200603 110 814 14 540.39465 0.035286043
809 -21.350603 110 814 14 541.127 0.03111075
810 -21.500603 110 814 14 541.7374 0.038886987
811 -21.650602 110 814 14 542.4698 0.031110968
812 -21.800602 110 814 14 543.0802 0.038886987
813 -21.950602 110 814 14 543.81256 0.031110968
814 -22.100601 110 814 14 544.423 0.038886987
815 -22.2506 110 814 14 545.15533 0.031110968
816 -22.4006 110 814 14 545.7657 0.031110968
817 -22.5506 110 814 14 546.37604 0.031110968
818 -22.7006 110 814 14 546.9864 0.031110968
819 -22.8506 110 814 14 547.59674 0.031110968
820 -23.000599 110 814 14 548.2071 0.031110968
821 -23.150599 110 814 14 548.81744 0.031110968
822 -23.300598 110 814 14 549.4278 0.031110968
823 -23.450598 110 814 14 550.03815 0.031110968
824 -23.600597 110 814 14 550.6485 0.031110968
825 -23.750597 110 814 14 551.25885 0.031110968
826 -23.900597 110 814 14 551.8692 0.031110968
827 -24.050596 110 814 14 552.47955 0.031110968
828 -24.200596 110 814 14 553.0899 0.031110968
829 -24.350595 110 814 14 553.70026 0.031110968
830 -24.500595 110 814 14 554.3106 0.031110968
831 -24.650595 110 814 14 554.92096 0.031110968
832 -24.800594 110 814 14 555.5313 0.031110968
833 -24.950594 110 814 14 556.14166 0.031110968
834 -25.100594 110 814 14 556.752 0.03111075
835 -25.250593 110 814 14 557.3624 0.038891755
836 -25.400593 110 814 14 558.09485 0.038891755
837 -25.550592 110 814 14 558.8273 0.038891755
838 -25.700592 110 814 14 559.55963 0.031110968
839 -25.850592 110 814 14 560.17004 0.03511856
840 -26.000591 110 814 14 560.90247 0.038890842
841 -26.15059 110 814 14 561.6349 0.038890842
842 -26.30059 110 814 14 562.3673 0.038890842
843 -26.45059 110 814 14 563.09973 0.038890842
844 -26.60059 110 814 14 563.83215 0.038890842
845 -26.75059 110 814 14 564.5646 0.034750905
846 -26.900589 111 814 14 565.297 0.03523023
847 -27.050589 111 814 14 566.0294 0.034785025
848 -27.200588 111 814 14 566.76184 0.03889271
849 -27.350588 111 814 14 567.49426 0.03523023
850 -27.500587 111 814 14 568.2267 0.03474239
851 -27.650587 111 814 14 568.9591 0.034215968
852 -27.800587 111 815 14 569.6915 0.03888686
853 -27.950586 111 815 14 570.42395 0.03449778
854 -28.100586 111 815 14 571.1564 0.03888575
855 -28.250586 111 816 14 571.89435 0.034485076
856 -28.400585 111 816 14 572.6268 0.03429435
857 -28.550585 111 816 14 573.3592 0.03410205
858 -28.700584 111 816 14 574.0916 0.038878523
859 -28.850584 111 816 14 574.82404 0.03887888
860 -29.000584 111 816 14 575.55646 0.038874112
861 -29.150583 111 816 14 576.2889 0.035656977
862 -29.300583 111 816 14 577.0213 0.038880743
863 -29.450583 111 816 14 577.7537 0.035462767
864 -29.600582 111 816 14 578.48615 0.038883366
865 -29.750582 111 816 14 579.21857 0.0352559
866 -29.900581 111 816 14 579.951 0.038891405
867 -30.050581 111 816 14 580.6834 0.035041492
868 -30.20058 111 816 14 581.41583 0.038890842
869 -30.35058 111 816 14 582.14825 0.034810618
870 -30.50058 111 816 14 582.8807 0.034572154
871 -30.65058 111 816 14 583.6131 0.03432606
872 -30.80058 111 817 14 584.3455 0.034657214
873 -30.950579 112 817 14 585.07794 0.038886987
874 -31.100578 112 817 14 585.81036 0.034465965
875 -31.250578 112 817 14 586.5428 0.038883775
876 -31.400578 112 817 14 587.2752 0.034262657
877 -31.550577 112 817 14 588.0076 0.038881324
878 -31.700577 112 817 14 588.74005 0.038881324
879 -31.850576 112 817 14 589.4725 0.038876556
880 -32.000576 112 817 14 590.2049 0.035505734
881 -32.150578 112 817 14 590.9373 0.038883775
882 -32.30058 112 817 14 591.66974 0.038883775
883 -32.45058 112 817 14 592.40216 0.034250036
884 -32.600582 113 817 14 593.1346 0.03887686
885 -32.750584 113 817 14 593.867 0.034005217
886 -32.900585 114 817 14 594.5994 0.03887129
887 -33.050587 114 817 14 595.33185 0.038871706
888 -33.20059 115 817 14 596.0643 0.038871706
889 -33.35059 115 817 14 596.7967 0.03580859
890 -33.50059 115 817 14 597.5291 0.034005217
891 -33.650593 116 817 14 598.26154 0.038862597
892 -33.800594 116 817 14 598.99396 0.038862597
893 -33.950596 116 817 14 599.7264 0.038862597
894 -34.100597 116 817 14 600.45874 0.031112265
895 -34.2506 116 817 14 601.0691 0.031112995
896 -34.4006 116 817 14 601.67944 0.031112995
897 -34.550602 116 817 14 602.2898 0.031112995
898 -34.700603 116 817 14 602.90015 0.031112995
899 -34.850605 116 817 14 603.5105 0.031112995
900 -35.000607 116 817 14 604.12085 0.031112995
901 -35.150608 116 817 14 604.7312 0.031112995
902 -35.30061 116 817 14 605.34155 0.031112995
903 -35.45061 116 817 14 605.9519 0.031112995
904 -35.600613 116 817 14 606.56226 0.031112995
905 -35.750614 116 817 14 607.1726 0.031112995
906 -35.900616 116 817 14 607.78296 0.031112995
907 -36.050617 116 817 14 608.3933 0.031112995
908 -36.20062 116 817 14 609.00366 0.031112995
909 -36.35062 116 817 14 609.6141 0.038863476
910 -36.50062 116 817 14 610.3465 0.038863476
911 -36.650623 116 817 14 611.0789 0.03886393
912 -36.800625 116 817 14 611.81134 0.038864393
913 -36.950626 117 817 14 612.54376 0.038864866
914 -37.100628 117 817 14 613.2762 0.035938982
915 -37.25063 117 817 14 614.0086 0.03543675
916 -37.40063 117 817 14 614.741 0.03488749
917 -37.550632 117 817 14 615.47345 0.034334633
918 -37.700634 117 817 14 616.2059 0.03373644
919 -37.850636 117 818 14 616.9383 0.034930192
920 -38.000637 117 818 14 617.6707 0.038888473
921 -38.15064 117 818 14 618.40314 0.038890857
922 -38.30064 117 818 14 619.13556 0.038890857
923 -38.45064 117 818 14 619.868 0.038890857
924 -38.600643 117 818 14 620.6004 0.038890857
925 -38.750645 117 818 14 621.3328 0.038890857
926 -38.900646 117 818 14 622.06525 0.038890857
927 -39.050648 117 818 14 622.79767 0.038890857
928 -39.20065 117 818 14 623.5301 0.038890857
929 -39.35065 117 818 14 624.2625 0.038890857
930 -39.500652 117 818 14 624.99493 0.038890857
931 -39.650654 117 818 14 625.72736 0.038890857
932 -39.800655 117 818 14 626.4598 0.038890857
933 -39.950657 117 818 14 627.1922 0.038890857
934 -40.10066 117 818 14 627.9246 0.038890857
935 -40.25066 117 818 14 628.65704 0.038890857
936 -40.40066 117 818 14 629.38947 0.038890857
937 -40.550663 117 818 14 630.1219 0.038890857
938 -40.700665 117 818 14 630.8543 0.038890857
939 -40.850666 117 818 14 631.58673 0.038890857
940 -41.000668 117 818 14 632.31915 0.038890857
941 -41.15067 117 818 14 633.0516 0.03889088
942 -41.30067 117 818 14 633.784 0.03889088
943 -41.450672 117 818 14 634.5164 0.03889088
944 -41.600674 117 818 14 635.24884 0.03889088
945 -41.750675 117 818 14 635.98126 0.03889088
946 -41.900677 117 818 14 636.7137 0.03889088
947 -42.05068 117 818 14 637.4461 0.03889088
948 -42.20068 117 818 14 638.1785 0.03889088
949 -42.35068 117 818 14 638.91095 0.03889088
950 -42.500683 117 818 14 639.6434 0.03889088
951 -42.650684 117 818 14 640.3758 0.03889088
952 -42.800686 117 818 14 641.1082 0.038890913
953 -42.950687 117 818 14 641.84064 0.038890913
954 -43.10069 117 818 14 642.57306 0.038890913
955 -43.25069 117 818 14 643.3055 0.038890913
956 -43.400692 117 818 14 644.0379 0.038890913
957 -43.550694 117 818 14 644.7703 0.03887184
958 -43.700695 117 818 14 645.50275 0.03887188
959 -43.850697 117 818 14 646.23517 0.03887188
960 -44.000698 117 818 14 646.9676 0.03887188
961 -44.1507 117 818 14 647.7 0.03488749
962 -44.3007 117 818 14 648.43243 0.034224298
963 -44.450703 117 818 14 649.16486 0.033543777
964 -44.600704 117 818 14 649.7975 0.03277922
965 -44.750706 118 818 14 650.4079 0.038785648
966 -44.900707 119 818 14 651.1403 0.03743602
967 -45.05071 119 818 14 651.87274 0.036664702
968 -45.20071 119 819 16 652.6055 0.031110127
969 -45.35071 119 819 16 653.21594 0.034362078
970 -45.500713 119 819 16 653.94836 0.034161266
971 -45.650715 119 819 16 654.6808 0.03396725
972 -45.800716 119 819 16 655.4132 0.033765655
973 -45.950718 119 820 16 656.1456 0.034311272
974 -46.10072 119 821 16 656.881 0.03443203
975 -46.25072 119 821 16 657.6134 0.0342436
976 -46.400723 119 821 16 658.3458 0.03405146
977 -46.550724 119 821 16 659.07825 0.033849563
978 -46.700726 119 822 16 659.81067 0.03518295
979 -46.850727 120 822 16 660.5431 0.0349965
980 -47.00073 120 822 16 661.2755 0.03475944
981 -47.15073 121 822 16 662.00793 0.038886536
982 -47.30073 121 822 16 662.74036 0.034998626
983 -47.450733 121 822 16 663.4728 0.038890842
984 -47.600735 121 822 16 664.2052 0.038890842
985 -47.750736 121 822 16 664.9376 0.038890842
986 -47.900738 121 822 16 665.67004 0.038890842
987 -48.05074 121 822 16 666.40247 0.038890842
988 -48.20074 121 822 16 667.1349 0.03475944
989 -48.350742 122 822 16 667.8673 0.038891405
990 -48.500744 122 822 16 668.59973 0.034538165
991 -48.650745 123 822 16 669.33215 0.034300778
992 -48.800747 123 822 16 670.0646 0.03405576
993 -48.95075 123 822 16 670.797 0.033811674
994 -49.10075 123 822 16 671.52936 0.03356855
995 -49.25075 123 1060 16 672.98846 0.038885202
996 -49.400753 123 1060 16 673.7209 0.035185073
997 -49.550755 123 1060 16 674.4533 0.034998626
998 -49.700756 124 1060 16 675.1857 0.034806352
999 -49.850758 124 1060 16 675.91815 0.03888637
1000 -50.00076 124 1060 16 676.6506 0.03888637
1001 -50.15076 124 1060 16 677.383 0.03888637

----QMATRIX: [Sensed Threat] > ACTION == UTILITY------
[0.0,0.0,0.0,0.0,1.0,0.0,1.0,0.0] > ACTION_LEFT == -0.0015222427
[0.0,0.0,0.0,1.0,1.0,0.0,0.0,0.0] > ACTION_LEFT == -0.0018992567
[0.0,0.0,0.0,0.0,0.0,0.0,0.0,1.0] > ACTION_NONE == -0.001066539
[0.0,0.0,0.0,0.0,1.0,0.0,0.0,0.0] > ACTION_LEFT == -0.0028402093
[0.0,0.0,1.0,1.0,1.0,1.0,1.0,0.0] > ACTION_LEFT == -1.181822E-7
[0.0,0.0,0.0,0.0,0.0,1.0,0.0,1.0] > ACTION_LEFT == -3.9685025E-10
[0.0,1.0,1.0,1.0,1.0,0.0,0.0,0.0] > ACTION_LEFT == -0.03331114
[0.0,0.0,0.0,1.0,1.0,1.0,1.0,0.0] > ACTION_LEFT == -5.3077336E-5
[0.0,0.0,0.0,0.0,1.0,1.0,1.0,0.0] > ACTION_LEFT == -0.5900053
[0.0,0.0,0.0,0.0,1.0,1.0,1.0,1.0] > ACTION_NONE == -1.236272E-5
[0.0,1.0,0.0,0.0,1.0,0.0,0.0,0.0] > ACTION_LEFT == -1.8839624E-4
[0.0,1.0,1.0,1.0,1.0,1.0,1.0,0.0] > ACTION_LEFT == -6.3661314E-6
[0.0,0.0,0.0,1.0,1.0,1.0,0.0,1.0] > ACTION_LEFT == -4.1320086E-10
[0.0,0.0,0.0,1.0,1.0,1.0,1.0,1.0] > ACTION_NONE == -0.0010128936
[0.0,0.0,0.0,0.0,1.0,1.0,1.0,1.0] > ACTION_RIGHT == -6.3713974E-6
[0.0,0.0,0.0,0.0,1.0,1.0,0.0,1.0] > ACTION_LEFT == -4.646467E-8
[0.0,1.0,0.0,1.0,1.0,0.0,1.0,0.0] > ACTION_BACK == -4.646467E-8
[1.0,0.0,0.0,1.0,1.0,0.0,1.0,0.0] > ACTION_LEFT == -5.362239E-7
[0.0,0.0,1.0,1.0,0.0,0.0,0.0,0.0] > ACTION_RIGHT == -5.840706E-5
[0.0,0.0,0.0,1.0,1.0,0.0,1.0,0.0] > ACTION_LEFT == -3.6105405E-7
[0.0,0.0,0.0,0.0,0.0,0.0,0.0,1.0] > ACTION_LEFT == -2.5328694E-4
[0.0,0.0,0.0,0.0,0.0,1.0,1.0,1.0] > ACTION_LEFT == -4.4582496E-4
[0.0,0.0,0.0,1.0,0.0,0.0,0.0,0.0] > ACTION_NONE == -5.255273E-5
[0.0,0.0,0.0,0.0,0.0,0.0,0.0,0.0] > ACTION_RIGHT == -0.2993886
[0.0,1.0,1.0,1.0,1.0,0.0,1.0,0.0] > ACTION_LEFT == -6.267447E-5
[0.0,0.0,0.0,0.0,0.0,0.0,0.0,0.0] > ACTION_NONE == -0.89999986
[0.0,0.0,0.0,1.0,0.0,0.0,0.0,0.0] > ACTION_RIGHT == -2.440005E-4
[1.0,0.0,1.0,1.0,1.0,0.0,0.0,0.0] > ACTION_RIGHT == -0.16290009
[0.0,0.0,0.0,1.0,1.0,0.0,1.0,0.0] > ACTION_BACK == -1.0082982E-7
[0.0,0.0,0.0,1.0,1.0,1.0,1.0,1.0] > ACTION_LEFT == -6.822867E-6
[0.0,1.0,0.0,1.0,0.0,0.0,0.0,0.0] > ACTION_RIGHT == -4.3504988E-7
[0.0,0.0,0.0,0.0,0.0,1.0,0.0,0.0] > ACTION_LEFT == -0.09000008
[0.0,0.0,0.0,1.0,1.0,0.0,0.0,0.0] > ACTION_RIGHT == -4.0214687E-5
[0.0,0.0,0.0,0.0,0.0,1.0,0.0,1.0] > ACTION_BACK == -5.791471E-4
[1.0,0.0,1.0,1.0,0.0,0.0,0.0,0.0] > ACTION_RIGHT == -0.028052479
[0.0,0.0,0.0,1.0,1.0,1.0,0.0,0.0] > ACTION_NONE == -6.504815E-6
[0.0,0.0,0.0,0.0,1.0,0.0,1.0,0.0] > ACTION_BACK == -7.3175215E-5
[1.0,1.0,1.0,1.0,1.0,0.0,0.0,0.0] > ACTION_NONE == -0.090000965
[0.0,0.0,0.0,1.0,0.0,1.0,0.0,0.0] > ACTION_LEFT == -4.646467E-8
[0.0,1.0,1.0,1.0,0.0,0.0,0.0,0.0] > ACTION_RIGHT == -5.7363786E-6
[0.0,1.0,0.0,1.0,1.0,0.0,1.0,0.0] > ACTION_LEFT == -1.195134E-8
[0.0,0.0,0.0,0.0,1.0,1.0,0.0,0.0] > ACTION_NONE == -5.7882862E-5
[0.0,0.0,0.0,1.0,1.0,1.0,1.0,0.0] > ACTION_RIGHT == -1.3307171E-7
[0.0,1.0,1.0,1.0,1.0,0.0,0.0,0.0] > ACTION_RIGHT == -0.0020932916
[1.0,1.0,1.0,1.0,1.0,0.0,0.0,0.0] > ACTION_RIGHT == -0.0268462
[0.0,0.0,0.0,1.0,1.0,1.0,0.0,0.0] > ACTION_LEFT == -8.655968E-6
[0.0,1.0,0.0,1.0,1.0,1.0,0.0,0.0] > ACTION_RIGHT == -5.840706E-5
[0.0,0.0,0.0,1.0,1.0,1.0,1.0,0.0] > ACTION_NONE == -1.1867054E-5
[0.0,1.0,1.0,1.0,1.0,0.0,0.0,0.0] > ACTION_NONE == -0.0026285676
[0.0,0.0,1.0,1.0,1.0,0.0,0.0,0.0] > ACTION_NONE == -3.6277404E-5
[0.0,1.0,0.0,0.0,1.0,0.0,0.0,0.0] > ACTION_RIGHT == -4.7352418E-7
[2.0,1.0,1.0,0.0,1.0,0.0,0.0,0.0] > ACTION_RIGHT == -4.3036273E-8
[0.0,1.0,1.0,1.0,1.0,1.0,0.0,0.0] > ACTION_LEFT == -1.0682034E-5
[0.0,0.0,0.0,1.0,0.0,0.0,0.0,0.0] > ACTION_LEFT == -0.00599093
[0.0,0.0,0.0,1.0,1.0,0.0,0.0,0.0] > ACTION_NONE == -2.8634879E-5
[0.0,0.0,0.0,0.0,1.0,1.0,0.0,1.0] > ACTION_BACK == -5.255273E-5
[0.0,1.0,0.0,1.0,0.0,0.0,0.0,0.0] > ACTION_LEFT == -0.0090
[0.0,0.0,0.0,0.0,0.0,1.0,1.0,1.0] > ACTION_BACK == -5.362019E-4
[0.0,1.0,0.0,1.0,0.0,0.0,0.0,1.0] > ACTION_BACK == -2.793923E-4
[0.0,1.0,1.0,1.0,1.0,1.0,1.0,0.0] > ACTION_NONE == -3.0413382E-6
[1.0,1.0,1.0,1.0,1.0,1.0,1.0,0.0] > ACTION_BACK == -3.0079535E-5
[0.0,0.0,1.0,1.0,1.0,0.0,0.0,0.0] > ACTION_BACK == -0.0020845984
[1.0,1.0,1.0,1.0,1.0,1.0,0.0,0.0] > ACTION_BACK == -4.7352418E-7
[0.0,1.0,0.0,0.0,0.0,0.0,0.0,0.0] > ACTION_LEFT == -0.028052479
[1.0,0.0,0.0,1.0,0.0,0.0,0.0,0.0] > ACTION_BACK == -3.915449E-8
[0.0,1.0,0.0,1.0,1.0,0.0,0.0,0.0] > ACTION_NONE == -8.153811E-4
[0.0,0.0,0.0,0.0,1.0,1.0,1.0,0.0] > ACTION_NONE == -9.685298E-5
[0.0,0.0,0.0,0.0,0.0,0.0,0.0,1.0] > ACTION_BACK == -5.8391923E-4
[0.0,1.0,0.0,1.0,1.0,1.0,0.0,0.0] > ACTION_LEFT == -6.0333896E-5
[0.0,0.0,0.0,0.0,1.0,0.0,0.0,0.0] > ACTION_BACK == -6.4896734E-4
[0.0,1.0,1.0,1.0,0.0,0.0,0.0,0.0] > ACTION_LEFT == -0.008442081
[0.0,1.0,0.0,1.0,1.0,0.0,0.0,1.0] > ACTION_BACK == -3.9873925E-5
[1.0,0.0,0.0,1.0,1.0,1.0,0.0,0.0] > ACTION_LEFT == -6.0843497E-5
[1.0,1.0,1.0,1.0,1.0,0.0,1.0,0.0] > ACTION_BACK == -4.7352418E-7
[0.0,0.0,0.0,1.0,1.0,1.0,0.0,0.0] > ACTION_BACK == -4.4094475E-9
[0.0,0.0,1.0,1.0,1.0,0.0,2.0,0.0] > ACTION_LEFT == -5.256635E-6
[1.0,0.0,1.0,1.0,0.0,0.0,0.0,0.0] > ACTION_LEFT == -0.18829985
[0.0,0.0,0.0,0.0,1.0,1.0,1.0,0.0] > ACTION_BACK == -7.079331E-5
[1.0,1.0,0.0,0.0,0.0,0.0,0.0,0.0] > ACTION_BACK == -3.0485469E-12
[0.0,1.0,0.0,1.0,1.0,1.0,1.0,0.0] > ACTION_LEFT == -6.045667E-7
[0.0,0.0,0.0,0.0,1.0,1.0,0.0,0.0] > ACTION_BACK == -1.7970157E-4
[0.0,0.0,0.0,0.0,0.0,0.0,1.0,1.0] > ACTION_BACK == -3.5716523E-11
[0.0,0.0,1.0,1.0,1.0,0.0,1.0,0.0] > ACTION_BACK == -3.449268E-4
[0.0,0.0,0.0,1.0,1.0,1.0,1.0,1.0] > ACTION_BACK == -0.007421565
[1.0,0.0,1.0,1.0,1.0,1.0,0.0,0.0] > ACTION_LEFT == -1.08129316E-4
[0.0,1.0,0.0,1.0,1.0,0.0,1.0,0.0] > ACTION_RIGHT == -3.9838684E-5
[1.0,0.0,1.0,1.0,1.0,1.0,0.0,0.0] > ACTION_RIGHT == -5.840706E-5
[0.0,0.0,0.0,0.0,1.0,1.0,1.0,1.0] > ACTION_BACK == -4.9628044E-4
[0.0,1.0,0.0,1.0,1.0,0.0,0.0,0.0] > ACTION_LEFT == -0.016820563
[1.0,1.0,1.0,1.0,0.0,0.0,0.0,0.0] > ACTION_BACK == -8.1305794E-4
[0.0,0.0,0.0,1.0,1.0,0.0,0.0,0.0] > ACTION_BACK == -0.0036522027
[0.0,1.0,1.0,0.0,0.0,0.0,0.0,0.0] > ACTION_BACK == -5.898174E-4
[1.0,0.0,0.0,1.0,1.0,0.0,0.0,0.0] > ACTION_LEFT == -2.869963E-4
[0.0,1.0,0.0,1.0,0.0,0.0,0.0,0.0] > ACTION_BACK == -2.2951952E-4
[0.0,0.0,1.0,0.0,1.0,1.0,0.0,0.0] > ACTION_LEFT == -4.594501E-9
[0.0,1.0,1.0,1.0,0.0,0.0,0.0,0.0] > ACTION_BACK == -5.26138E-6
[0.0,0.0,0.0,0.0,1.0,1.0,1.0,1.0] > ACTION_LEFT == -4.2190093E-10
[0.0,0.0,1.0,1.0,1.0,1.0,0.0,0.0] > ACTION_LEFT == -1.4402804E-5
[1.0,1.0,1.0,1.0,0.0,0.0,0.0,0.0] > ACTION_LEFT == -0.0031302152
[0.0,0.0,0.0,0.0,1.0,0.0,1.0,0.0] > ACTION_RIGHT == -5.87069E-4
[1.0,0.0,0.0,0.0,0.0,0.0,0.0,0.0] > ACTION_BACK == -3.3872745E-11
[0.0,0.0,0.0,0.0,0.0,0.0,0.0,0.0] > ACTION_BACK == -0.9000582
[1.0,0.0,0.0,0.0,0.0,0.0,0.0,0.0] > ACTION_LEFT == -0.023376921
[1.0,0.0,1.0,1.0,1.0,0.0,0.0,0.0] > ACTION_BACK == -1.0340936E-4
[0.0,1.0,1.0,1.0,1.0,1.0,0.0,0.0] > ACTION_BACK == -4.7352418E-7
[0.0,0.0,0.0,1.0,0.0,0.0,0.0,0.0] > ACTION_BACK == -4.3442564E-5
[1.0,1.0,1.0,1.0,1.0,1.0,0.0,0.0] > ACTION_LEFT == -0.026501384
[1.0,0.0,0.0,1.0,0.0,0.0,0.0,0.0] > ACTION_LEFT == -3.7163618E-6
[0.0,0.0,1.0,1.0,1.0,1.0,1.0,1.0] > ACTION_LEFT == -6.504815E-6
[1.0,1.0,1.0,1.0,1.0,1.0,1.0,0.0] > ACTION_LEFT == -4.7187972E-5
[0.0,0.0,1.0,1.0,1.0,0.0,0.0,0.0] > ACTION_LEFT == -5.3131203E-6
[1.0,0.0,0.0,1.0,1.0,0.0,0.0,0.0] > ACTION_BACK == -6.2284677E-4
[0.0,0.0,0.0,0.0,0.0,0.0,0.0,0.0] > ACTION_LEFT == -0.29829112
[0.0,1.0,0.0,1.0,1.0,0.0,0.0,0.0] > ACTION_BACK == -4.4265203E-4
[1.0,0.0,1.0,1.0,1.0,0.0,0.0,0.0] > ACTION_LEFT == -0.026502097
[0.0,0.0,1.0,0.0,0.0,0.0,0.0,0.0] > ACTION_LEFT == -9.8606755E-8
[1.0,1.0,1.0,1.0,1.0,0.0,0.0,0.0] > ACTION_LEFT == -1.2546034E-5
[1.0,1.0,1.0,1.0,1.0,0.0,0.0,0.0] > ACTION_BACK == -0.1083824
[0.0,1.0,1.0,1.0,1.0,0.0,0.0,0.0] > ACTION_BACK == -0.003221497
[0.0,0.0,0.0,1.0,1.0,1.0,1.0,0.0] > ACTION_BACK == -0.00483148
[0.0,0.0,0.0,0.0,1.0,1.0,0.0,0.0] > ACTION_LEFT == -4.703527E-5
[0.0,0.0,0.0,0.0,0.0,0.0,1.0,1.0] > ACTION_LEFT == -0.08142564
[0.0,0.0,1.0,1.0,0.0,0.0,0.0,0.0] > ACTION_LEFT == -0.020719651
[0.0,1.0,0.0,0.0,0.0,0.0,0.0,0.0] > ACTION_BACK == -5.898174E-4
