-----Simulation Parameters-----
Iteration Length: 200
Iteration Qty: 1000.0
Learning Rate: 0.1
Discount Factor: 0.9
Decay: 0.15
Max View Distance: 10.0

-----SIMULATION STEPS------
Steps | Exploration Rate | QMatrix Size | Crashes | Victories | Distance Moved | Speed
1 99.85 0 0 0 0.6222725 0.03111124
2 99.7 0 0 0 1.244545 0.03111124
3 99.549995 0 0 0 1.8665463 0.03206743
4 99.399994 0 0 0 2.5072823 0.032007508
5 99.24999 0 0 0 3.1474025 0.015559105
6 99.09999 0 0 0 3.4584641 0.031943426
7 98.94999 0 0 0 4.0968685 0.031111194
8 98.79999 0 0 0 4.718664 0.031111194
9 98.64999 0 0 0 5.3404675 0.031879805
10 98.499985 0 0 0 5.9775147 0.03111344
11 98.34998 0 0 0 6.599466 0.046664048
12 98.19998 0 0 0 7.5320115 0.031807672
13 98.04998 0 0 0 8.168402 0.031731118
14 97.89998 0 0 0 8.801636 0.031110642
15 97.74998 0 0 0 9.423431 0.031110642
16 97.599976 0 0 0 10.045073 0.015605285
17 97.449974 0 0 0 10.358032 0.031110132
18 97.29997 0 0 0 10.979673 0.015603757
19 97.14997 0 0 0 11.290794 0.031673618
20 96.99997 0 0 0 11.924184 0.046646845
21 96.84997 0 0 0 12.856722 0.031115131
22 96.69997 0 0 0 13.478518 0.031115746
23 96.549965 0 0 0 14.10047 0.046637308
24 96.39996 0 0 0 15.03476 0.015621476
25 96.24996 0 0 0 15.349627 0.031105598
26 96.09996 0 0 0 15.971422 0.031106213
27 95.94996 0 0 0 16.593374 0.046637308
28 95.79996 0 0 0 17.527819 0.031106839
29 95.649956 0 0 0 18.14946 0.015621476
30 95.499954 0 0 0 18.462425 0.03157635
31 95.34995 0 0 0 19.095814 0.046638668
32 95.19995 0 0 0 20.02645 0.03144552
33 95.04995 0 0 0 20.654022 0.046621844
34 94.89995 0 0 0 21.584654 0.031110048
35 94.74995 0 0 0 22.206451 0.03130903
36 94.599945 0 0 0 22.83206 0.031105576
37 94.44994 0 0 0 23.45401 0.04658645
38 94.29994 0 0 0 24.384642 0.03111016
39 94.14994 0 0 0 25.006437 0.031130465
40 93.99994 0 0 0 25.628233 0.030977268
41 93.84994 0 0 0 26.247368 0.030804997
42 93.699936 0 0 0 26.861387 0.016086629
43 93.549934 0 0 0 27.181969 0.030695071
44 93.39993 0 0 0 27.796133 0.030522376
45 93.24993 0 0 0 28.406643 0.046400838
46 93.09993 0 0 0 29.333315 0.016422747
47 92.94993 0 0 0 29.661518 0.030335033
48 92.79993 0 0 0 30.268568 0.030104494
49 92.649925 0 0 0 30.867342 0.01678754
50 92.49992 0 0 0 31.199366 0.03110195
51 92.34992 0 0 0 31.821016 0.016618468
52 92.19992 0 0 0 32.15069 0.030156823
53 92.04992 0 0 0 32.75275 0.031101014
54 91.89992 0 0 0 33.37836 0.031103734
55 91.749916 0 0 0 34.00397 0.031103734
56 91.599915 0 0 0 34.62973 0.04624985
57 91.44991 0 0 0 35.552597 0.017094994
58 91.29991 0 0 0 35.88866 0.04624713
59 91.14991 0 0 0 36.811657 0.030019784
60 90.99991 0 0 0 37.39945 0.03110095
61 90.84991 0 0 2 38.02393 0.03111124
62 90.699905 0 0 2 38.649548 0.032069743
63 90.549904 0 0 2 39.290253 0.015555597
64 90.3999 0 0 2 39.603058 0.015555597
65 90.2499 0 0 2 39.916027 0.032007508
66 90.0999 0 0 2 40.55689 0.031109843
67 89.9499 0 0 2 41.182507 0.03194792
68 89.7999 0 0 2 41.823368 0.031111194
69 89.649895 0 0 2 42.44898 0.031111194
70 89.49989 0 0 2 43.074432 0.015564949
71 89.34989 0 0 2 43.387238 0.015564949
72 89.19989 0 0 2 43.70035 0.046663675
73 89.04989 0 0 2 44.630993 0.031884227
74 88.89989 0 0 2 45.26686 0.015574074
75 88.749886 0 0 2 45.579975 0.046664048
76 88.599884 0 0 2 46.510452 0.015575043
77 88.44988 0 0 2 46.823414 0.03111312
78 88.29988 0 0 2 47.449028 0.031816363
79 88.14988 0 0 2 48.082264 0.031106899
80 87.99988 0 0 2 48.707905 0.034173857
81 87.84988 0 0 2 49.38896 0.031572264
82 87.699875 0 0 2 50.02235 0.04663842
83 87.54987 0 0 2 50.952984 0.031113738
84 87.39987 0 0 2 51.578747 0.046638668
85 87.24987 0 0 2 52.509403 0.033644084
86 87.09987 0 0 2 53.18092 0.046603743
87 86.94987 0 0 2 54.111572 0.033251937
88 86.799866 0 0 2 54.775223 0.031103406
89 86.649864 0 0 2 55.400986 0.046570197
90 86.49986 0 0 2 56.331615 0.03100974
91 86.34986 0 0 2 56.949753 0.046554327
92 86.19986 0 0 2 57.880386 0.031109435
93 86.04986 0 0 2 58.50615 0.04653625
94 85.89986 0 0 2 59.43663 0.01596452
95 85.749855 0 0 2 59.757065 0.015933303
96 85.59985 0 0 2 60.0775 0.015903147
97 85.44985 0 0 2 60.391037 0.046553373
98 85.29985 0 0 2 61.32167 0.03110354
99 85.14985 0 0 2 61.947433 0.046554327
100 84.99985 0 0 2 62.878067 0.031110937
101 84.849846 0 0 2 63.50369 0.032524068
102 84.699844 0 0 2 64.15039 0.031113908
103 84.54984 0 0 2 64.77585 0.016164564
104 84.39984 0 0 2 65.096436 0.031119753
105 84.24984 0 0 2 65.722046 0.031117925
106 84.09984 0 0 2 66.34781 0.046467762
107 83.94984 0 0 2 67.278595 0.04645185
108 83.799835 0 0 2 68.20922 0.030415984
109 83.64983 0 0 2 68.819565 0.030159278
110 83.49983 0 0 2 69.41466 0.029905498
111 83.34983 0 0 2 70.00992 0.046147183
112 83.19983 0 0 2 70.940704 0.046043493
113 83.04983 0 0 2 71.85901 0.017596673
114 82.899826 0 0 2 72.21008 0.029804725
115 82.749825 0 0 2 72.79818 0.018293064
116 82.59982 0 0 2 73.1645 0.029005831
117 82.44982 0 0 2 73.73772 0.028154332
118 82.29982 0 0 2 74.30232 0.031099826
119 82.14982 0 0 2 74.927895 0.027688764
120 81.99982 0 0 4 75.49424 0.03204894
121 81.849815 0 0 4 76.13511 0.031986836
122 81.699814 0 0 4 76.77598 0.031929675
123 81.54981 0 0 4 77.41687 0.03441079
124 81.39981 0 0 4 78.10364 0.04665501
125 81.24981 0 0 4 79.0343 0.034161266
126 81.09981 0 0 4 79.72092 0.03160264
127 80.94981 0 0 4 80.34637 0.015631195
128 80.799805 0 0 4 80.6517 0.0315461
129 80.6498 0 0 4 81.27731 0.031112995
130 80.4998 0 0 4 81.90292 0.031476058
131 80.3498 0 0 4 82.528534 0.03140726
132 80.1998 0 0 4 83.154144 0.031107225
133 80.0498 0 0 4 83.779755 0.031107225
134 79.899796 0 0 4 84.40552 0.04662153
135 79.749794 0 0 4 85.33615 0.031108156
136 79.59979 0 0 4 85.96176 0.031108156
137 79.44979 0 0 4 86.58722 0.015703054
138 79.29979 0 0 4 86.90781 0.031333573
139 79.14979 0 0 4 87.53357 0.046604086
140 78.99979 0 0 4 88.464355 0.04660443
141 78.849785 0 0 4 89.39484 0.015744178
142 78.69978 0 0 4 89.71545 0.033226654
143 78.54978 0 0 4 90.37148 0.015834037
144 78.39978 0 0 4 90.69207 0.031071652
145 78.24978 0 0 4 91.31783 0.046552453
146 78.09978 0 0 4 92.24847 0.030948328
147 77.949776 0 0 4 92.87423 0.04653675
148 77.799774 0 0 4 93.80486 0.031118626
149 77.64977 0 0 4 94.43047 0.031118626
150 77.49977 0 0 4 95.05624 0.046518713
151 77.34977 0 0 4 95.98686 0.030773431
152 77.19977 0 0 4 96.59707 0.016081482
153 77.04977 0 0 4 96.91766 0.032194987
154 76.899765 0 0 4 97.55868 0.046434775
155 76.74976 0 0 4 98.48931 0.031106055
156 76.59976 0 0 4 99.114914 0.030386195
157 76.44976 0 0 4 99.72513 0.016416289
158 76.29976 0 0 4 100.0574 0.030310865
159 76.14976 0 0 4 100.66776 0.031119402
160 75.999756 0 0 4 101.29323 0.016477218
161 75.849754 0 0 4 101.62907 0.031119818
162 75.69975 0 0 4 102.25468 0.031119818
163 75.54975 0 0 4 102.88044 0.046366423
164 75.39975 0 0 4 103.81093 0.016497374
165 75.24975 0 0 4 104.14676 0.030233504
166 75.09975 0 0 4 104.75697 0.016590074
167 74.949745 0 0 4 105.092804 0.03015438
168 74.79974 0 0 4 105.69579 0.046284337
169 74.64974 0 0 4 106.62658 0.04621455
170 74.49974 0 0 4 107.55721 0.031097088
171 74.34974 0 0 4 108.18281 0.030144103
172 74.19974 0 0 4 108.77789 0.028957555
173 74.049736 0 0 4 109.35366 0.018667564
174 73.899734 0 0 4 109.72451 0.031127416
175 73.74973 0 0 4 110.3501 0.028739257
176 73.59973 0 0 4 110.929955 0.031114675
177 73.44973 0 0 4 111.55553 0.027562
178 73.29973 0 0 4 112.10034 0.031128723
179 73.14973 0 0 4 112.72595 0.03112305
180 72.999725 0 0 6 113.35156 0.03111124
181 72.849724 0 0 6 113.97701 0.015554428
182 72.69972 0 0 6 114.28235 0.03111124
183 72.54972 0 0 6 114.90811 0.046668053
184 72.39972 0 0 6 115.83878 0.034785025
185 72.24972 0 0 6 116.53723 0.034550883
186 72.09972 0 0 6 117.223854 0.031812012
187 71.949715 0 0 6 117.864746 0.03419075
188 71.79971 0 0 6 118.55136 0.031113358
189 71.64971 0 0 6 119.177 0.0339379
190 71.49971 0 0 6 119.8496 0.031113738
191 71.34971 0 0 6 120.47521 0.031476058
192 71.19971 0 0 6 121.100845 0.033535134
193 71.049706 0 0 6 121.77221 0.031252876
194 70.899704 0 0 6 122.39782 0.031113978
195 70.7497 0 0 6 123.02328 0.015763575
196 70.5997 0 0 6 123.34388 0.033160258
197 70.4497 0 0 6 123.99999 0.031038893
198 70.2997 1 376 6 126.80601 0.44391662
199 70.1497 2 751 6 128.34383 0.034787156
200 69.999695 2 751 6 129.04568 0.031112228
201 69.84969 2 751 6 129.6562 0.046663422
202 69.69969 2 751 6 130.60213 0.034555156
203 69.54969 2 751 6 131.30415 0.04665917
204 69.39969 2 751 6 132.25005 0.031812012
205 69.24969 2 751 6 132.8909 0.031111252
206 69.099686 3 752 6 133.50288 0.04666567
207 68.949684 3 752 6 134.44861 0.015554428
208 68.79968 3 752 6 134.75395 0.03206743
209 68.64968 3 752 6 135.39497 0.04666809
210 68.49968 3 752 6 136.3409 0.03466997
211 68.34968 3 752 6 137.0426 0.015565662
212 68.19968 4 752 6 137.3481 0.046663675
213 68.049675 4 752 6 138.29398 0.031111434
214 67.89967 4 752 6 138.90434 0.031879805
215 67.74967 5 752 6 139.54529 0.038883366
216 67.59967 5 752 6 140.33868 0.034292206
217 67.44967 6 752 6 141.01004 0.031110642
218 67.29967 6 752 6 141.62024 0.015605285
219 67.149666 7 752 6 141.92574 0.046655633
220 66.999664 7 752 6 142.87146 0.015605285
221 66.84966 8 752 6 143.17664 0.015603757
222 66.69966 8 752 6 143.48213 0.046655465
223 66.54966 9 752 6 144.42818 0.046655633
224 66.39966 10 752 6 145.37415 0.03887686
225 66.24966 10 752 6 146.16754 0.034005217
226 66.099655 11 752 6 146.8389 0.031113738
227 65.94965 11 752 6 147.4491 0.01565236
228 65.79965 11 752 6 147.7546 0.04663842
229 65.64965 11 752 6 148.70032 0.01565236
230 65.49965 11 752 6 149.00565 0.031112265
231 65.34965 11 752 6 149.61604 0.035825927
232 65.199646 11 752 6 150.3179 0.031118684
233 65.049644 11 752 6 150.92827 0.031682026
234 64.89964 11 752 6 151.56897 0.015615921
235 64.74964 12 752 6 151.87447 0.046637114
236 64.59964 12 752 6 152.82019 0.015615921
237 64.44964 12 752 6 153.12537 0.015612333
238 64.29964 12 752 6 153.43074 0.03560934
239 64.149635 12 752 6 154.13261 0.031852435
240 63.999634 13 752 6 154.77356 0.038875174
241 63.849632 14 752 6 155.56694 0.03171756
242 63.69963 14 752 6 156.20789 0.03887888
243 63.54963 14 752 6 157.0013 0.035652753
244 63.399628 14 752 6 157.70317 0.031879805
245 63.249626 15 752 6 158.34412 0.038875435
246 63.099625 16 752 6 159.13757 0.0388757
247 62.949623 17 752 6 159.93079 0.015584206
248 62.79962 17 752 6 160.23611 0.03111686
249 62.64962 17 752 6 160.84648 0.031736154
250 62.49962 18 752 6 161.48734 0.031108785
251 62.349617 18 752 6 162.09769 0.031108785
252 62.199615 18 752 6 162.70789 0.015629206
253 62.049614 19 752 6 163.01326 0.035687353
254 61.899612 19 752 6 163.71527 0.046653762
255 61.74961 20 752 6 164.63074 0.03887184
256 61.59961 21 752 6 165.42412 0.031128077
257 61.449608 21 752 6 166.06512 0.046653762
258 61.299606 22 752 6 166.98051 0.032021333
259 61.149605 22 752 6 167.6214 0.034005217
260 60.999603 23 752 6 168.29276 0.031117063
261 60.8496 23 752 6 168.90327 0.046518713
262 60.6996 24 752 6 169.84915 0.031112505
263 60.5496 24 752 6 170.45967 0.04648562
264 60.399597 24 1120 8 172.19795 0.015554439
265 60.249596 25 1120 8 172.50328 0.03111124
266 60.099594 25 1120 8 173.11368 0.034774363
267 59.949593 25 1120 8 173.81558 0.034550883
268 59.79959 26 1121 8 175.25725 0.034584884
269 59.64959 26 1121 8 175.95895 0.015569576
270 59.499588 27 1121 8 176.26428 0.031112222
271 59.349586 27 1121 8 176.87448 0.015569576
272 59.199585 28 1121 8 177.17998 0.046663847
273 59.049583 28 1121 8 178.1259 0.035187196
274 58.899582 29 1121 8 178.82785 0.03888637
275 58.74958 29 1121 8 179.62106 0.015557059
276 58.59958 30 1121 8 179.92624 0.015557059
277 58.449577 30 1121 8 180.23174 0.04666815
278 58.299576 30 1121 8 181.17766 0.03495589
279 58.149574 31 1121 8 181.87961 0.038890913
280 57.999573 31 1121 8 182.67314 0.0466633
281 57.84957 31 1121 8 183.61887 0.015555177
282 57.69957 32 1121 8 183.92436 0.0466633
283 57.54957 32 1121 8 184.87033 0.038890913
284 57.399567 32 1121 8 185.66371 0.032025907
285 57.249565 32 1121 8 186.30473 0.046663474
286 57.099564 32 1121 8 187.25061 0.031110002
287 56.949562 32 1121 8 187.86081 0.015559584
288 56.79956 33 1121 8 188.16615 0.03193879
289 56.64956 34 1121 8 188.8071 0.038882654
290 56.499557 34 1121 8 189.6003 0.015559219
291 56.349556 35 1121 8 189.90567 0.035161536
292 56.199554 35 1121 8 190.60757 0.03474239
293 56.049553 35 1121 8 191.30928 0.015559219
294 55.89955 35 1121 8 191.61462 0.031852435
295 55.74955 35 1121 8 192.25552 0.035342146
296 55.59955 35 1121 8 192.95747 0.03889122
297 55.449547 35 1121 8 193.75085 0.031957056
298 55.299545 36 1121 8 194.39175 0.035187196
299 55.149544 36 1121 8 195.09366 0.034785025
300 54.999542 37 1121 8 195.79556 0.035195872
301 54.84954 37 1121 8 196.49747 0.034767974
302 54.69954 37 1121 8 197.1995 0.04665451
303 54.549538 38 1121 8 198.14539 0.032330208
304 54.399536 38 1121 8 198.7864 0.04667301
305 54.249535 39 1121 8 199.73245 0.04667301
306 54.099533 39 1121 8 200.67838 0.03504138
307 53.94953 40 1121 8 201.38008 0.015572483
308 53.79953 40 1121 8 201.68546 0.034495775
309 53.64953 40 1121 8 202.36873 0.03158045
310 53.499527 41 1121 8 203.00967 0.03886584
311 53.349525 41 1121 8 203.80305 0.031403374
312 53.199524 41 1121 8 204.44391 0.03112022
313 53.049522 41 1121 8 205.05411 0.015747355
314 52.89952 42 1121 8 205.3596 0.046604086
315 52.74952 42 1121 8 206.30548 0.031215677
316 52.599518 43 1121 8 206.916 0.046552908
317 52.449516 44 1121 8 207.86188 0.030909507
318 52.299515 44 1121 8 208.47224 0.03203985
319 52.149513 44 1121 8 209.1131 0.030899802
320 51.99951 44 1121 8 209.72343 0.029681435
321 51.84951 44 1121 8 210.30344 0.045707673
322 51.69951 44 1121 8 211.2188 0.028420577
323 51.549507 45 1121 8 211.79095 0.041157722
324 51.399506 45 1121 8 212.61336 0.03836577
325 51.249504 46 1121 8 213.3762 0.028658532
326 51.099503 47 1121 8 213.9562 0.045232676
327 50.9495 47 1510 10 216.5793 0.034740258
328 50.7995 48 1510 10 217.28133 0.046665918
329 50.649498 48 1510 10 218.22737 0.046663534
330 50.499496 48 1510 10 219.17326 0.031920567
331 50.349495 49 1510 10 219.81412 0.031111948
332 50.199493 50 1510 10 220.42455 0.038887423
333 50.04949 51 1510 10 221.18745 0.03517003
334 49.89949 51 1510 10 221.88936 0.03464019
335 49.74949 52 1510 10 222.59138 0.046663847
336 49.599487 52 1510 10 223.53731 0.035187196
337 49.449486 52 1510 10 224.23921 0.03464867
338 49.299484 52 1510 10 224.94112 0.035187196
339 49.149483 52 1510 10 225.64297 0.03110923
340 48.99948 52 1510 10 226.25333 0.03110923
341 48.84948 52 1510 10 226.86368 0.03110923
342 48.69948 52 1510 10 227.47408 0.034657214
343 48.549477 53 1510 10 228.17598 0.03521305
344 48.399475 53 1510 10 228.87788 0.034657214
345 48.249474 53 1510 10 229.57991 0.04666394
346 48.099472 53 1510 10 230.52583 0.03523023
347 47.94947 53 1510 10 231.22786 0.04667286
348 47.79947 54 1510 10 232.17358 0.015565134
349 47.649467 55 1510 10 232.47876 0.015565134
350 47.499466 55 1510 10 232.78413 0.03467424
351 47.349464 55 1510 10 233.48604 0.035264604
352 47.199463 55 1510 10 234.18794 0.03488749
353 47.04946 55 1510 10 234.8898 0.031110546
354 46.89946 56 1510 10 235.5002 0.03505863
355 46.74946 57 1510 10 236.20206 0.031109143
356 46.599457 57 1510 10 236.81241 0.031109143
357 46.449455 57 1510 10 237.42293 0.04667288
358 46.299454 58 1510 10 238.36885 0.03464867
359 46.149452 58 1510 10 239.07076 0.035376586
360 45.99945 58 1510 10 239.77263 0.03199825
361 45.84945 59 1510 10 240.41353 0.03515287
362 45.699448 59 1510 10 241.11539 0.03110933
363 45.549446 59 1510 10 241.7259 0.046672918
364 45.399445 59 1510 10 242.67163 0.015566595
365 45.249443 60 1510 10 242.97696 0.03110933
366 45.09944 60 1510 10 243.58736 0.034947295
367 44.94944 61 1510 10 244.28926 0.035264604
368 44.79944 61 1510 10 244.99097 0.015567342
369 44.649437 62 1510 10 245.2963 0.031109564
370 44.499435 62 1510 10 245.9065 0.015566956
371 44.349434 63 1510 10 246.21187 0.034947295
372 44.199432 63 1510 10 246.91374 0.03171756
373 44.04943 63 1510 10 247.55464 0.035809062
374 43.89943 63 1510 10 248.25635 0.015566256
375 43.749428 63 1510 10 248.56172 0.034623105
376 43.599426 63 1510 10 249.2447 0.031422917
377 43.449425 63 1510 10 249.88556 0.031108996
378 43.299423 64 1510 10 250.49591 0.031152789
379 43.14942 65 1510 10 251.10626 0.031121781
380 42.99942 65 1510 10 251.71678 0.046519246
381 42.84942 65 1510 10 252.66252 0.016081482
382 42.699417 66 1510 10 252.99835 0.031115515
383 42.549416 67 1510 10 253.6088 0.038803294
384 42.399414 67 1510 10 254.40202 0.016026268
385 42.249413 67 1510 10 254.73785 0.031093674
386 42.09941 67 1510 12 255.34825 0.034787156
387 41.94941 67 1510 12 256.04797 0.034565743
388 41.799408 67 1510 12 256.71933 0.031825367
389 41.649406 67 1510 12 257.3297 0.034211937
390 41.499405 68 1510 12 258.00122 0.046651043
391 41.349403 68 1510 12 258.91663 0.03396725
392 41.1994 69 1510 12 259.58798 0.031112265
393 41.0494 69 1510 12 260.19843 0.03887213
394 40.8994 70 1510 12 260.99188 0.038872566
395 40.749397 70 1510 12 261.7853 0.035834838
396 40.599396 70 1510 12 262.51782 0.046646453
397 40.449394 70 1510 12 263.43335 0.046646453
398 40.299393 70 1510 12 264.34875 0.0339379
399 40.14939 71 1510 12 265.01996 0.015659157
400 39.99939 72 1510 12 265.3253 0.03146276
401 39.84939 72 1510 12 265.93564 0.03111142
402 39.699387 72 1510 12 266.54605 0.0360085
403 39.549385 72 1510 12 267.27847 0.035713106
404 39.399384 72 1510 12 268.01083 0.031107327
405 39.249382 72 1510 12 268.6212 0.03172686
406 39.09938 72 1510 12 269.2317 0.04665581
407 38.94938 73 1510 12 270.14713 0.035583608
408 38.799377 73 1510 12 270.87955 0.03523893
409 38.649376 73 1510 12 271.57327 0.03467424
410 38.499374 73 1510 12 272.24478 0.04665451
411 38.349373 73 1510 12 273.1602 0.034300778
412 38.19937 74 1510 12 273.83163 0.03887888
413 38.04937 74 1510 12 274.62485 0.01561775
414 37.89937 74 1510 12 274.93033 0.046637114
415 37.749367 74 1510 12 275.84586 0.046637308
416 37.599365 74 1510 12 276.76126 0.033845253
417 37.449364 75 1510 12 277.43246 0.015718091
418 37.299362 75 1510 12 277.73764 0.015706979
419 37.14936 75 1510 12 278.04297 0.03135442
420 36.99936 75 1510 12 278.65335 0.03320137
421 36.849358 76 1510 12 279.32477 0.036779325
422 36.699356 76 1510 12 280.0572 0.036270455
423 36.549355 76 1510 12 280.7894 0.015629206
424 36.399353 77 1510 12 281.09476 0.033845253
425 36.24935 77 1510 12 281.7661 0.031117046
426 36.09935 77 1510 12 282.37653 0.036270455
427 35.94935 77 1510 12 283.10892 0.033904273
428 35.799347 78 1510 12 283.78036 0.03885527
429 35.649345 78 1510 12 284.57373 0.031189634
430 35.499344 78 1510 12 285.18393 0.015857914
431 35.349342 78 1510 12 285.4891 0.015841572
432 35.19934 78 1510 12 285.79443 0.03111372
433 35.04934 78 1510 12 286.40485 0.03650612
434 34.899338 78 1510 12 287.13736 0.04665599
435 34.749336 79 1510 12 288.05283 0.03887888
436 34.599335 80 1510 12 288.84628 0.03887963
437 34.449333 80 1510 12 289.63968 0.03380351
438 34.29933 81 1510 12 290.31104 0.030748306
439 34.14933 81 1510 12 290.92148 0.03873242
440 33.99933 81 1510 12 291.715 0.046348132
441 33.849327 82 1510 12 292.63037 0.030710112
442 33.699326 82 1510 12 293.24072 0.031108662
443 33.549324 82 1510 14 293.8511 0.034787156
444 33.399323 83 1510 14 294.52255 0.03888892
445 33.24932 84 1510 14 295.316 0.038886536
446 33.09932 84 1510 14 296.1094 0.035011493
447 32.949318 85 1510 14 296.78085 0.03889084
448 32.799316 86 1510 14 297.57425 0.034793556
449 32.649315 86 1510 14 298.24564 0.034550883
450 32.499313 86 1510 14 298.91702 0.032330208
451 32.34931 87 1510 14 299.5884 0.032259222
452 32.19931 87 1510 14 300.2598 0.03500724
453 32.04931 88 1510 14 300.93118 0.03481916
454 31.89931 88 1510 14 301.60257 0.035015747
455 31.74931 89 1510 14 302.27396 0.034827683
456 31.59931 89 1510 14 302.94534 0.034546606
457 31.44931 90 1510 14 303.6167 0.031114474
458 31.29931 91 1510 14 304.22708 0.034258366
459 31.149311 92 1510 14 304.89844 0.031112794
460 30.999311 92 1510 14 305.50888 0.03887783
461 30.849312 92 1510 14 306.30234 0.03887783
462 30.699312 92 1510 14 307.09555 0.015607124
463 30.549313 92 1510 14 307.40094 0.035583608
464 30.399313 92 1510 14 308.13333 0.034300778
465 30.249313 92 1510 14 308.80453 0.015605434
466 30.099314 92 1510 14 309.10992 0.035574786
467 29.949314 92 1510 14 309.84232 0.032320414
468 29.799314 93 1510 14 310.5137 0.034512624
469 29.649315 94 1510 14 311.1849 0.015581544
470 29.499315 95 1510 14 311.4903 0.035402287
471 29.349316 95 1510 14 312.2227 0.035015747
472 29.199316 95 1510 14 312.89407 0.03461463
473 29.049316 95 1510 14 313.56546 0.034207646
474 28.899317 96 1510 14 314.23688 0.035756607
475 28.749317 96 1510 14 314.9693 0.03533341
476 28.599318 96 1510 14 315.7017 0.03488749
477 28.449318 96 1510 14 316.37305 0.031111434
478 28.299318 96 1510 14 316.98346 0.035127215
479 28.149319 96 1510 14 317.65756 0.03464019
480 27.99932 96 1510 14 318.32895 0.034114625
481 27.84932 97 1510 14 319.00015 0.015670944
482 27.69932 97 1510 14 319.3055 0.033618715
483 27.54932 97 1510 14 319.97696 0.038840897
484 27.39932 97 1510 14 320.7704 0.03648024
485 27.249321 97 1510 14 321.5028 0.035895318
486 27.099321 97 1510 14 322.23523 0.0352559
487 26.949322 97 1510 14 322.91907 0.034572154
488 26.799322 97 1510 14 323.59042 0.031107476
489 26.649323 97 1510 14 324.20087 0.03887963
490 26.499323 98 1510 14 324.99426 0.03380351
491 26.349323 98 1510 14 325.66547 0.015826592
492 26.199324 98 1510 14 325.97086 0.036445234
493 26.049324 98 1510 14 326.70325 0.03401346
494 25.899324 98 1510 14 327.3746 0.031116152
495 25.749325 98 1510 14 327.9851 0.046588425
496 25.599325 98 1510 14 328.9005 0.033112016
497 25.449326 98 1510 14 329.5719 0.033485048
498 25.299326 98 1510 14 330.24332 0.03744549
499 25.149326 98 1510 14 330.9757 0.03367756
500 24.999327 98 1510 14 331.64713 0.037677843
501 24.849327 98 1510 14 332.37955 0.035565976
502 24.699327 98 1510 16 333.0886 0.038888473
503 24.549328 98 1510 16 333.882 0.034825556
504 24.399328 98 1510 16 334.55338 0.03460189
505 24.249329 98 1510 16 335.22458 0.015569576
506 24.099329 99 1510 16 335.52997 0.03518295
507 23.94933 99 1510 16 336.26236 0.032160446
508 23.79933 100 1510 16 336.93375 0.034738123
509 23.64933 101 1510 16 337.60495 0.015561735
510 23.49933 101 1510 16 337.9103 0.032221314
511 23.34933 101 1510 16 338.58182 0.04666815
512 23.199331 101 1510 16 339.49722 0.034947295
513 23.049332 102 1510 16 340.1686 0.03487892
514 22.899332 102 1510 16 340.8398 0.015557059
515 22.749332 102 1510 16 341.14517 0.034947295
516 22.599333 102 1510 16 341.81656 0.03488749
517 22.449333 102 1510 16 342.48795 0.034606162
518 22.299334 102 1510 16 343.1593 0.03111312
519 22.149334 102 1510 16 343.7698 0.04666394
520 21.999334 102 1510 16 344.6852 0.03231609
521 21.849335 102 1510 16 345.3566 0.03447024
522 21.699335 103 1510 16 346.02795 0.031107327
523 21.549335 103 1510 16 346.63837 0.035402287
524 21.399336 103 1510 16 347.37076 0.03508427
525 21.249336 103 1510 16 348.04214 0.034750905
526 21.099337 103 1510 16 348.71353 0.0344024
527 20.949337 103 1510 16 349.38495 0.035505734
528 20.799337 103 1510 16 350.11737 0.03515287
529 20.649338 103 1510 16 350.79437 0.034776494
530 20.499338 103 1510 16 351.46576 0.0344024
531 20.349339 103 1510 16 352.13712 0.03110163
532 20.199339 103 1510 16 352.74753 0.035540253
533 20.04934 103 1510 16 353.47995 0.035127215
534 19.89934 103 1510 16 354.1548 0.03471681
535 19.74934 103 1510 16 354.82617 0.034275282
536 19.59934 103 1510 16 355.4976 0.035721973
537 19.44934 103 1510 16 356.23 0.035264604
538 19.299341 103 1510 16 356.9624 0.034785025
539 19.149342 103 1510 16 357.6338 0.034275282
540 18.999342 103 1510 16 358.30515 0.031110141
541 18.849342 103 1510 16 358.91556 0.035782367
542 18.699343 103 1510 16 359.64798 0.03523023
543 18.549343 103 1510 16 360.33194 0.03464867
544 18.399343 103 1510 16 361.00333 0.034038905
545 18.249344 103 1510 16 361.67468 0.031109096
546 18.099344 104 1510 16 362.2851 0.036147736
547 17.949345 104 1510 16 363.01752 0.035462458
548 17.799345 104 1510 16 363.7455 0.03484476
549 17.649345 104 1510 16 364.41687 0.031119168
550 17.499346 104 1510 16 365.02728 0.035505734
551 17.349346 104 1510 16 365.75967 0.034947295
552 17.199347 104 1510 16 366.43103 0.03110216
553 17.049347 104 1510 16 367.04144 0.035565976
554 16.899347 104 1510 16 367.77383 0.035092913
555 16.749348 104 1510 16 368.4452 0.031105598
556 16.599348 104 1510 16 369.0556 0.035652753
557 16.449348 104 1510 16 369.77936 0.031096153
558 16.299349 104 1510 16 370.38977 0.035350367
559 16.14935 104 1510 16 371.0692 0.03349309
560 15.99935 105 1510 16 371.74057 0.031310212
561 15.84935 105 1510 16 372.3509 0.028788943
562 15.69935 105 1510 18 372.91995 0.038888495
563 15.549351 105 1510 18 373.71335 0.034710437
564 15.399351 106 1510 18 374.3847 0.031911466
565 15.2493515 107 1510 18 374.99515 0.038887586
566 15.099352 107 1510 18 375.78854 0.034368504
567 14.949352 108 1510 18 376.46005 0.046655152
568 14.799353 108 1510 18 377.37546 0.034123212
569 14.649353 109 1510 18 378.04684 0.03386636
570 14.499353 109 1510 18 378.7182 0.03144158
571 14.349354 109 1510 18 379.32858 0.033485048
572 14.199354 109 1510 18 380.0001 0.04660443
573 14.049355 109 1510 18 380.91556 0.03884638
574 13.899355 110 1510 18 381.709 0.03884638
575 13.749355 110 1510 18 382.5024 0.03315158
576 13.599356 111 1510 18 383.1738 0.032861643
577 13.449356 111 1511 18 383.84518 0.034623176
578 13.299356 112 1511 18 384.51654 0.031863797
579 13.149357 112 1511 18 385.12692 0.034292206
580 12.999357 113 1511 18 385.79843 0.046650697
581 12.849358 113 1511 18 386.71387 0.035505734
582 12.699358 113 1513 18 388.33334 0.034755174
583 12.549358 113 1513 18 389.00473 0.035030745
584 12.399359 114 1513 18 389.67612 0.034808487
585 12.249359 114 1513 18 390.3475 0.034584884
586 12.0993595 115 1513 18 391.01895 0.038887758
587 11.94936 115 1513 18 391.81235 0.03434728
588 11.79936 115 1513 18 392.48376 0.03545399
589 11.649361 115 1513 18 393.21613 0.03183001
590 11.499361 115 1513 18 393.82654 0.03533341
591 11.349361 115 1513 18 394.55893 0.03508427
592 11.199362 115 1513 18 395.23032 0.03474239
593 11.049362 115 1513 18 395.9017 0.03447024
594 10.899363 115 1513 18 396.5731 0.034207646
595 10.749363 115 1513 18 397.2445 0.03561817
596 10.599363 115 1513 18 397.97693 0.03535062
597 10.449364 115 1513 18 398.70932 0.035067134
598 10.299364 115 1513 18 399.3807 0.034785025
599 10.149364 115 1513 18 400.0521 0.034487218
600 9.999365 115 1513 18 400.72348 0.03419075
601 9.849365 115 1513 18 401.3949 0.035670053
602 9.699366 115 1513 18 402.12732 0.03536784
603 9.549366 115 1513 18 402.8597 0.035049997
604 9.399366 115 1513 18 403.5311 0.032104522
605 9.249367 115 1513 18 404.1821 0.03467424
606 9.099367 115 1513 18 404.8535 0.034334633
607 8.949368 115 1513 18 405.52487 0.03397155
608 8.799368 115 1513 18 406.1963 0.035930037
609 8.649368 115 1513 18 406.9287 0.035574786
610 8.499369 115 1513 18 407.66113 0.035195872
611 8.349369 115 1513 18 408.3448 0.034802083
612 8.199369 115 1513 18 409.01617 0.034376882
613 8.04937 115 1513 18 409.68756 0.03397155
614 7.8993697 115 1513 18 410.35892 0.031101892
615 7.7493696 115 1513 18 410.9693 0.03351843
616 7.5993695 115 1513 18 411.64066 0.03111016
617 7.4493694 115 1513 18 412.25104 0.033035584
618 7.2993693 115 1513 18 412.92245 0.036903445
619 7.1493692 115 1513 18 413.65485 0.03306083
620 6.999369 115 1513 18 414.32626 0.03692939
621 6.849369 115 1513 18 415.05865 0.0330687
622 6.699369 115 1513 18 415.73007 0.036938686
623 6.549369 115 1513 18 416.46246 0.033101834
624 6.399369 115 1513 18 417.13388 0.036973942
625 6.2493687 115 1513 18 417.86627 0.03312709
626 6.0993686 115 1513 18 418.5377 0.037009213
627 5.9493685 115 1513 18 419.2701 0.03633123
628 5.7993684 115 1513 18 420.0025 0.033946116
629 5.6493683 115 1513 18 420.6739 0.033109732
630 5.499368 115 1513 18 421.34528 0.032220043
631 5.349368 116 1513 18 421.97845 0.037982456
632 5.199368 116 1513 18 422.71088 0.037124477
633 5.049368 116 1513 18 423.4433 0.036147736
634 4.899368 116 1513 18 424.17566 0.031129075
635 4.7493677 116 1513 18 424.786 0.031129075
636 4.5993676 116 1513 18 425.39636 0.031129075
637 4.4493675 116 1513 18 426.0068 0.03887233
638 4.2993674 117 1513 18 426.80026 0.038872436
639 4.1493673 117 1513 18 427.59366 0.03508427
640 3.9993672 118 1513 18 428.26505 0.03251642
641 3.8493671 118 1513 20 428.93466 0.034652945
642 3.699367 118 1513 20 429.60605 0.03442989
643 3.549367 118 1513 20 430.27747 0.03535486
644 3.3993669 118 1513 20 431.0099 0.035131462
645 3.2493668 118 1513 20 431.73087 0.03490458
646 3.0993667 118 1513 20 432.40225 0.03466997
647 2.9493666 118 1513 20 433.0736 0.031111434
648 2.7993665 118 1513 20 433.684 0.03442775
649 2.6493664 118 1513 20 434.35538 0.034173857
650 2.4993663 118 1513 20 435.02673 0.03111394
651 2.3493662 118 1513 20 435.63712 0.033921085
652 2.199366 119 1513 20 436.30853 0.03587796
653 2.049366 119 1513 20 437.04092 0.033921085
654 1.899366 119 1513 20 437.71228 0.031115258
655 1.749366 119 1513 20 438.32266 0.033644084
656 1.5993661 119 1513 20 438.99408 0.036156755
657 1.4493661 119 1513 20 439.72647 0.033652186
658 1.2993661 119 1513 20 440.3979 0.036156755
659 1.1493661 119 1513 20 441.13028 0.033660818
660 0.99936616 119 1513 20 441.8017 0.036165155
661 0.8493662 119 1513 20 442.5341 0.033660818
662 0.6993662 119 1513 20 443.2055 0.036174186
663 0.54936624 119 1513 20 443.9379 0.03367756
664 0.39936623 119 1513 20 444.6093 0.036182586
665 0.24936622 119 1513 20 445.3417 0.03367756
666 0.09936622 119 1513 20 446.01312 0.036191616
667 -0.050633788 119 1513 20 446.7455 0.033685677
668 -0.2006338 119 1513 20 447.41687 0.031112976
669 -0.3506338 119 1513 20 448.02725 0.033293135
670 -0.50063384 119 1513 20 448.69867 0.036585353
671 -0.6506338 119 1513 20 449.43106 0.033318434
672 -0.8006338 119 1513 20 450.10248 0.036585353
673 -0.95063376 119 1513 20 450.83487 0.033326406
674 -1.1006337 119 1513 20 451.5063 0.036594525
675 -1.2506337 119 1513 20 452.23868 0.033351712
676 -1.4006337 119 1513 20 452.91003 0.031104697
677 -1.5506337 119 1513 20 453.52042 0.032845147
678 -1.7006336 119 1513 20 454.19183 0.037089147
679 -1.8506336 119 1513 20 454.92422 0.032870345
680 -2.0006337 119 1513 20 455.59564 0.037115123
681 -2.1506338 119 1513 20 456.32803 0.03287814
682 -2.300634 119 1513 20 456.99945 0.037124477
683 -2.450634 119 1513 20 457.73184 0.03291116
684 -2.600634 119 1513 20 458.4032 0.031117562
685 -2.7506342 119 1513 20 459.01358 0.032220043
686 -2.9006343 120 1513 20 459.65762 0.037794318
687 -3.0506344 120 1513 20 460.39 0.03226019
688 -3.2006345 120 1513 20 461.03345 0.037839588
689 -3.3506346 120 1513 20 461.76584 0.032292824
690 -3.5006347 120 1513 20 462.43176 0.03136704
691 -3.6506348 120 1513 20 463.0422 0.038726717
692 -3.8006349 120 1513 20 463.83557 0.03142392
693 -3.950635 120 1513 20 464.446 0.038798925
694 -4.100635 120 1513 20 465.23947 0.03873242
695 -4.250635 120 1513 20 466.0329 0.037910994
696 -4.4006352 121 1513 20 466.7653 0.032961592
697 -4.5506353 121 1513 20 467.4275 0.03867684
698 -4.7006354 122 1513 20 468.22095 0.038307827
699 -4.8506355 122 1513 20 468.95914 0.036156755
700 -5.0006356 122 1513 22 469.69153 0.034689136
701 -5.1506357 122 1513 22 470.3629 0.034468103
702 -5.300636 122 1513 22 471.03427 0.031109707
703 -5.450636 122 1513 22 471.64465 0.034241453
704 -5.600636 123 1513 22 472.31607 0.035540253
705 -5.750636 123 1513 22 473.0485 0.035316203
706 -5.900636 123 1513 22 473.78088 0.03508002
707 -6.0506363 123 1513 22 474.45227 0.034840494
708 -6.2006364 123 1514 22 475.65237 0.035082147
709 -6.3506365 123 1514 22 476.32376 0.034861837
710 -6.5006366 124 1515 22 477.77856 0.03470617
711 -6.6506367 124 1515 22 478.44995 0.035077892
712 -6.800637 124 1515 22 479.12134 0.034708306
713 -6.950637 124 1515 22 479.7927 0.031110546
714 -7.100637 124 1515 22 480.40308 0.03508002
715 -7.250637 125 1515 22 481.07446 0.034721076
716 -7.400637 125 1515 22 481.74585 0.034482937
717 -7.5506372 125 1515 22 482.41727 0.035316203
718 -7.7006373 125 1515 22 483.14966 0.03508002
719 -7.8506374 125 1515 22 483.82104 0.034738123
720 -8.000637 125 1515 22 484.49243 0.03447866
721 -8.150637 125 1515 22 485.16385 0.03533341
722 -8.300636 125 1515 22 485.89624 0.03507577
723 -8.450636 125 1515 22 486.56763 0.03475944
724 -8.600636 125 1515 22 487.239 0.03447866
725 -8.750635 125 1515 22 487.91043 0.03535062
726 -8.900635 125 1515 22 488.64282 0.03507577
727 -9.050634 125 1515 22 489.3142 0.034793556
728 -9.200634 125 1515 22 489.9856 0.034487218
729 -9.350634 125 1515 22 490.65698 0.03419075
730 -9.500633 125 1515 22 491.3284 0.035670053
731 -9.650633 125 1515 22 492.06082 0.03536784
732 -9.800632 125 1515 22 492.7932 0.035049997
733 -9.950632 125 1515 22 493.4646 0.03471681
734 -10.100632 125 1515 22 494.136 0.034376882
735 -10.250631 125 1515 22 494.8074 0.035540253
736 -10.400631 125 1515 22 495.5398 0.034376882
737 -10.550631 125 1515 22 496.2112 0.035540253
738 -10.70063 125 1515 22 496.9436 0.0344024
739 -10.85063 125 1515 22 497.61502 0.03554906
740 -11.000629 125 1515 22 498.34744 0.035161536
741 -11.150629 125 1515 22 499.0256 0.034750905
742 -11.300629 125 1515 22 499.697 0.034334633
743 -11.450628 125 1515 22 500.36838 0.033878855
744 -11.600628 125 1515 22 501.0398 0.03608708
745 -11.7506275 125 1515 22 501.77222 0.03564391
746 -11.900627 125 1515 22 502.50464 0.035187196
747 -12.050627 125 1515 22 503.1836 0.03467424
748 -12.200626 126 1515 22 503.85498 0.034165557
749 -12.350626 126 1515 22 504.5264 0.035930037
750 -12.500626 126 1515 22 505.25882 0.03536784
751 -12.650625 126 1515 22 505.9912 0.034810618
752 -12.800625 126 1515 22 506.6626 0.034182165
753 -12.950624 126 1515 22 507.33398 0.033543777
754 -13.100624 126 1515 22 508.0054 0.036620423
755 -13.250624 126 1515 22 508.73782 0.035964776
756 -13.400623 126 1515 22 509.47025 0.03523023
757 -13.550623 126 1515 22 510.15158 0.03447024
758 -13.700623 126 1515 22 510.82297 0.033618715
759 -13.850622 126 1515 22 511.49432 0.031095047
760 -14.000622 126 1515 22 512.1047 0.03272112
761 -14.150621 126 1515 22 512.7151 0.037649225
762 -14.300621 126 1515 22 513.44745 0.031126346
763 -14.450621 126 1515 22 514.0578 0.031127673
764 -14.60062 126 1515 22 514.66815 0.031127673
765 -14.75062 126 1515 22 515.2785 0.03277922
766 -14.9006195 126 1515 22 515.88885 0.03114001
767 -15.050619 126 1515 22 516.49927 0.03945725
768 -15.200619 126 1515 22 517.2317 0.03789176
769 -15.350618 126 1515 22 517.9641 0.035739727
770 -15.500618 126 1515 24 518.69653 0.034838364
771 -15.650618 126 1515 24 519.42896 0.034947295
772 -15.800617 126 1515 24 520.1614 0.034725346
773 -15.950617 126 1515 24 520.8938 0.03888674
774 -16.100616 126 1515 24 521.6262 0.03506288
775 -16.250616 126 1515 24 522.35864 0.034738123
776 -16.400616 126 1515 24 523.09106 0.03888686
777 -16.550615 126 1515 24 523.8235 0.03507577
778 -16.700615 126 1515 24 524.5559 0.034738123
779 -16.850615 126 1515 24 525.2883 0.03889163
780 -17.000614 126 1515 24 526.02075 0.03508427
781 -17.150614 126 1515 24 526.7532 0.03474239
782 -17.300613 126 1515 24 527.4856 0.03508427
783 -17.450613 126 1515 24 528.218 0.034750905
784 -17.600613 126 1515 24 528.95044 0.035092913
785 -17.750612 126 1515 24 529.68286 0.03475944
786 -17.900612 126 1515 24 530.4153 0.035101414
787 -18.050611 126 1515 24 531.1477 0.03475944
788 -18.200611 126 1515 24 531.8801 0.035101414
789 -18.35061 126 1515 24 532.61255 0.034776494
790 -18.50061 126 1515 24 533.345 0.03511006
791 -18.65061 126 1515 24 534.0774 0.034776494
792 -18.80061 126 1515 24 534.8098 0.034444712
793 -18.95061 126 1515 24 535.54224 0.035462458
794 -19.100609 126 1515 24 536.27466 0.03511856
795 -19.250608 126 1515 24 537.0071 0.034810618
796 -19.400608 126 1515 24 537.7395 0.034444712
797 -19.550608 126 1515 24 538.4719 0.035496946
798 -19.700607 126 1515 24 539.20435 0.03511856
799 -19.850607 126 1515 24 539.93677 0.034853313
800 -20.000607 126 1515 24 540.6692 0.034444712
801 -20.150606 126 1515 24 541.4016 0.035540253
802 -20.300606 126 1515 24 542.13403 0.03511856
803 -20.450605 126 1515 24 542.86646 0.0349131
804 -20.600605 126 1515 24 543.5989 0.03443631
805 -20.750605 126 1515 24 544.3313 0.03560934
806 -20.900604 126 1515 24 545.0637 0.03511856
807 -21.050604 126 1515 24 545.79614 0.03498151
808 -21.200603 126 1515 24 546.52856 0.03443631
809 -21.350603 126 1515 24 547.261 0.0356785
810 -21.500603 126 1515 24 547.9934 0.035092913
811 -21.650602 126 1515 24 548.7258 0.03508427
812 -21.800602 126 1515 24 549.45825 0.03443631
813 -21.950602 126 1515 24 550.1907 0.033744574
814 -22.100601 126 1515 24 550.8613 0.038841605
815 -22.2506 127 1515 24 551.59375 0.036515262
816 -22.4006 127 1515 24 552.3262 0.035747726
817 -22.5506 127 1515 24 553.0586 0.03489606
818 -22.7006 127 1515 24 553.791 0.035557173
819 -22.8506 127 1515 24 554.52344 0.034597706
820 -23.000599 127 1515 24 555.25586 0.03599953
821 -23.150599 127 1515 24 555.9883 0.03887188
822 -23.300598 127 1515 24 556.7207 0.03467424
823 -23.450598 128 1515 24 557.4531 0.036226496
824 -23.600597 128 1515 24 558.18555 0.03474239
825 -23.750597 129 1515 24 558.9179 0.032977264
826 -23.900597 129 1515 24 559.5283 0.03823606
827 -24.050596 129 1515 24 560.26074 0.03621745
828 -24.200596 129 1515 26 560.99316 0.03888846
829 -24.350595 130 1515 26 561.7256 0.03888846
830 -24.500595 130 1515 26 562.458 0.03475944
831 -24.650595 131 1515 26 563.1904 0.034533888
832 -24.800594 131 1515 26 563.92285 0.035264604
833 -24.950594 131 1515 26 564.6553 0.038886636
834 -25.100594 131 1515 26 565.3877 0.034533888
835 -25.250593 132 1515 26 566.1201 0.035268847
836 -25.400593 132 1516 26 567.3982 0.038888495
837 -25.550592 132 1516 26 568.1306 0.03889088
838 -25.700592 132 1516 26 568.86304 0.034857575
839 -25.850592 133 1516 26 569.59546 0.038886297
840 -26.000591 134 1517 26 570.33105 0.034787156
841 -26.15059 134 1517 26 571.0635 0.034565743
842 -26.30059 134 1518 26 572.11694 0.03484263
843 -26.45059 134 1518 26 572.84937 0.034621038
844 -26.60059 134 1518 26 573.5818 0.038887423
845 -26.75059 134 1518 26 574.3142 0.038887423
846 -26.900589 134 1518 26 575.04663 0.035165783
847 -27.050589 134 1518 26 575.77905 0.034930192
848 -27.200588 134 1518 26 576.5115 0.038890913
849 -27.350588 135 1518 26 577.2439 0.034686998
850 -27.500587 135 1518 26 577.9763 0.03443631
851 -27.650587 135 1518 26 578.70874 0.03538506
852 -27.800587 135 1518 26 579.44116 0.03511856
853 -27.950586 135 1518 26 580.1736 0.034861837
854 -28.100586 135 1518 26 580.906 0.034589157
855 -28.250586 135 1518 26 581.6384 0.0352559
856 -28.400585 135 1518 26 582.37085 0.034973
857 -28.550585 135 1518 26 583.1033 0.03469127
858 -28.700584 135 1518 26 583.8357 0.034393832
859 -28.850584 135 1518 26 584.5681 0.035471234
860 -29.000584 135 1518 26 585.30054 0.03517003
861 -29.150583 135 1518 26 586.03296 0.034708306
862 -29.300583 135 1518 26 586.7654 0.03438545
863 -29.450583 135 1518 26 587.4978 0.035505734
864 -29.600582 135 1518 26 588.2302 0.035161536
865 -29.750582 135 1518 26 588.96265 0.03474239
866 -29.900581 135 1518 26 589.69507 0.034376882
867 -30.050581 135 1518 26 590.4275 0.035540253
868 -30.20058 135 1518 26 591.1599 0.035161536
869 -30.35058 135 1518 26 591.89233 0.034785025
870 -30.50058 135 1518 26 592.62476 0.034376882
871 -30.65058 135 1518 26 593.3572 0.035574786
872 -30.80058 135 1518 26 594.0896 0.035161536
873 -30.950579 135 1518 26 594.822 0.03483621
874 -31.100578 135 1518 26 595.55444 0.034376882
875 -31.250578 135 1518 26 596.28687 0.033912476
876 -31.400578 135 1518 26 597.0193 0.03608708
877 -31.550577 135 1518 26 597.7517 0.03560934
878 -31.700577 135 1518 26 598.48413 0.03511856
879 -31.850576 135 1518 26 599.21655 0.03498151
880 -32.000576 135 1518 26 599.949 0.03443631
881 -32.150578 135 1518 26 600.6814 0.033845253
882 -32.30058 135 1518 26 601.38214 0.036270455
883 -32.45058 135 1518 26 602.11456 0.0356785
884 -32.600582 135 1518 26 602.847 0.035024364
885 -32.750584 135 1518 26 603.5794 0.034334633
886 -32.900585 135 1518 26 604.3118 0.03358527
887 -33.050587 135 1518 26 604.9395 0.032786984
888 -33.20059 135 1518 26 605.54987 0.031967524
889 -33.35059 135 1518 26 606.1602 0.031062247
890 -33.50059 135 1518 26 606.77057 0.030124275
891 -33.650593 135 1518 26 607.3809 0.02912076
892 -33.800594 135 1518 26 607.9913 0.028085506
893 -33.950596 135 1518 26 608.60156 0.027030056
894 -34.100597 135 1519 26 609.13245 0.034857575
895 -34.2506 135 1519 26 609.86487 0.034928065
896 -34.4006 135 1519 26 610.5973 0.034859706
897 -34.550602 135 1519 26 611.3297 0.034930192
898 -34.700603 135 1519 26 612.06213 0.034704037
899 -34.850605 136 1519 26 612.79456 0.035097163
900 -35.000607 136 1519 26 613.527 0.034857575
901 -35.150608 136 1519 26 614.2594 0.034618903
902 -35.30061 136 1519 26 614.9918 0.03436422
903 -35.45061 136 1519 26 615.7242 0.031108214
904 -35.600613 136 1519 26 616.3346 0.03543675
905 -35.750614 136 1519 26 617.067 0.035187196
906 -35.900616 136 1519 26 617.79944 0.03492168
907 -36.050617 136 1519 26 618.53186 0.0349131
908 -36.20062 136 1519 26 619.2643 0.03464019
909 -36.35062 136 1519 26 619.9967 0.034359936
910 -36.50062 136 1519 26 620.7291 0.035488483
911 -36.650623 136 1519 26 621.46155 0.035195872
912 -36.800625 136 1519 26 622.194 0.03490458
913 -36.950626 136 1519 26 622.9264 0.034597617
914 -37.100628 136 1519 26 623.6588 0.034275282
915 -37.25063 136 1519 26 624.39124 0.03887783
916 -37.40063 136 1519 26 625.12366 0.033946116
917 -37.550632 136 1519 26 625.8561 0.038864866
918 -37.700634 136 1519 26 626.5885 0.038865346
919 -37.850636 136 1519 26 627.3209 0.03886584
920 -38.000637 136 1519 26 628.05334 0.03886584
921 -38.15064 136 1519 26 628.78577 0.03886634
922 -38.30064 136 1519 26 629.5182 0.03886685
923 -38.45064 136 1519 26 630.2506 0.03886737
924 -38.600643 136 1519 26 630.98303 0.03886737
925 -38.750645 136 1519 26 631.71545 0.0388679
926 -38.900646 137 1519 26 632.4479 0.03886844
927 -39.050648 137 1519 26 633.1803 0.036112897
928 -39.20065 137 1519 26 633.9127 0.03561817
929 -39.35065 137 1519 26 634.64514 0.03511856
930 -39.500652 137 1519 26 635.37756 0.034572154
931 -39.650654 137 1519 26 636.11 0.034005217
932 -39.800655 137 1519 26 636.8424 0.03612191
933 -39.950657 137 1519 26 637.5748 0.03401346
934 -40.10066 137 1519 26 638.3072 0.033359703
935 -40.25066 137 1519 26 638.9176 0.036779325
936 -40.40066 137 1519 26 639.64996 0.033393018
937 -40.550663 137 1519 26 640.2603 0.032622494
938 -40.700665 137 1519 26 640.8707 0.037533063
939 -40.850666 137 1519 26 641.60315 0.038833432
940 -41.000668 137 1519 26 642.3356 0.03879877
941 -41.15067 138 1519 26 643.068 0.038801458
942 -41.30067 138 1519 26 643.8004 0.036983255
943 -41.450672 139 1519 26 644.53284 0.033618715
944 -41.600674 139 1519 26 645.166 0.037105773
945 -41.750675 139 1519 26 645.89844 0.03888124
946 -41.900677 140 1519 26 646.63086 0.035842795
947 -42.05068 140 1519 26 647.3633 0.035523333
948 -42.20068 140 1519 26 648.0957 0.03609609
949 -42.35068 140 1519 26 648.8281 0.033618715
950 -42.500683 140 1519 28 649.5205 0.03465508
951 -42.650684 140 1519 28 650.2529 0.03888712
952 -42.800686 140 1519 28 650.98535 0.035131462
953 -42.950687 140 1519 28 651.7178 0.03490884
954 -43.10069 140 1519 28 652.4502 0.03467424
955 -43.25069 140 1519 28 653.1826 0.03443203
956 -43.400692 140 1519 28 653.91504 0.03536784
957 -43.550694 140 1519 28 654.64746 0.03511856
958 -43.700695 140 1519 28 655.3799 0.03487892
959 -43.850697 140 1519 28 656.1123 0.034623176
960 -44.000698 140 1519 28 656.8447 0.034359936
961 -44.1507 140 1519 28 657.57715 0.03888551
962 -44.3007 140 1519 28 658.3096 0.035471234
963 -44.450703 140 1519 28 659.042 0.035195872
964 -44.600704 140 1519 28 659.7744 0.0349131
965 -44.750706 140 1519 28 660.50684 0.034631647
966 -44.900707 140 1519 28 661.23926 0.034334633
967 -45.05071 140 1519 28 661.9717 0.03552299
968 -45.20071 140 1519 28 662.7041 0.03521305
969 -45.35071 140 1519 28 663.4365 0.0349131
970 -45.500713 140 1519 28 664.16895 0.034589157
971 -45.650715 140 1519 28 664.90137 0.034266945
972 -45.800716 140 1519 28 665.6338 0.03887817
973 -45.950718 140 1519 28 666.3662 0.038878523
974 -46.10072 140 1519 28 667.09863 0.038878523
975 -46.25072 140 1519 28 667.83105 0.03887888
976 -46.400723 140 1519 28 668.5635 0.03887888
977 -46.550724 140 1519 28 669.2959 0.03887925
978 -46.700726 140 1519 28 670.0283 0.03887925
979 -46.850727 140 1519 28 670.76074 0.035713106
980 -47.00073 140 1519 28 671.49316 0.035290286
981 -47.15073 140 1519 28 672.2256 0.03484476
982 -47.30073 140 1519 28 672.958 0.034368504
983 -47.450733 140 1519 28 673.6904 0.0356785
984 -47.600735 140 1519 28 674.42285 0.035187196
985 -47.750736 140 1519 28 675.1553 0.0349131
986 -47.900738 140 1519 28 675.8877 0.035195872
987 -48.05074 140 1519 28 676.6201 0.03492168
988 -48.20074 140 1519 28 677.35254 0.03522154
989 -48.350742 140 1519 28 678.08496 0.034947295
990 -48.500744 140 1519 28 678.8174 0.0352559
991 -48.650745 140 1519 28 679.5498 0.03498151
992 -48.800747 140 1519 28 680.2822 0.035290286
993 -48.95075 140 1519 28 681.01465 0.034546606
994 -49.10075 140 1519 28 681.7471 0.03375272
995 -49.25075 140 1519 28 682.41034 0.031119887
996 -49.400753 140 1519 28 683.0207 0.032903347
997 -49.550755 140 1519 28 683.6311 0.037426557
998 -49.700756 140 1519 28 684.36346 0.032969423
999 -49.850758 140 1519 28 684.9739 0.037497547
1000 -50.00076 140 1519 28 685.70624 0.03304345
1001 -50.15076 140 1519 28 686.3166 0.031112667

----QMATRIX: [Sensed Threat] > ACTION == UTILITY------
[0.0,0.0,0.0,0.0,0.0,0.0,0.0,1.0] > ACTION_NONE == -8.803299E-5
[1.0,0.0,1.0,1.0,1.0,1.0,1.0,1.0] > ACTION_BACK == -0.066314675
[0.0,1.0,0.0,1.0,1.0,1.0,0.0,1.0] > ACTION_BACK == -6.5609997E-6
[0.0,1.0,1.0,1.0,1.0,1.0,0.0,1.0] > ACTION_BACK == -6.430435E-5
[0.0,0.0,0.0,0.0,0.0,0.0,0.0,1.0] > ACTION_BACK == -9.592336E-4
[0.0,1.0,1.0,0.0,1.0,0.0,1.0,0.0] > ACTION_LEFT == -8.148611E-4
[0.0,0.0,0.0,1.0,1.0,1.0,0.0,1.0] > ACTION_BACK == -5.182382E-4
[1.0,0.0,1.0,1.0,1.0,1.0,0.0,1.0] > ACTION_LEFT == -0.0059683206
[1.0,0.0,1.0,1.0,1.0,0.0,0.0,0.0] > ACTION_RIGHT == -4.343414E-9
[0.0,0.0,0.0,0.0,1.0,0.0,1.0,0.0] > ACTION_LEFT == -4.8438125E-4
[0.0,1.0,0.0,1.0,1.0,0.0,1.0,1.0] > ACTION_RIGHT == -2.5512982E-6
[1.0,0.0,1.0,1.0,0.0,0.0,0.0,0.0] > ACTION_BACK == -6.430435E-5
[0.0,0.0,1.0,0.0,1.0,0.0,1.0,0.0] > ACTION_LEFT == -5.7873917E-6
[0.0,0.0,1.0,1.0,1.0,1.0,1.0,1.0] > ACTION_BACK == -0.06628136
[1.0,0.0,0.0,1.0,0.0,0.0,0.0,0.0] > ACTION_BACK == -6.2533954E-6
[0.0,1.0,0.0,1.0,1.0,0.0,0.0,0.0] > ACTION_RIGHT == -5.7873917E-6
[1.0,0.0,0.0,1.0,1.0,1.0,0.0,1.0] > ACTION_RIGHT == -5.3144102E-8
[0.0,1.0,0.0,1.0,1.0,1.0,1.0,0.0] > ACTION_LEFT == -4.8761012E-5
[0.0,1.0,1.0,1.0,1.0,0.0,1.0,0.0] > ACTION_LEFT == -4.3667103E-5
[1.0,1.0,1.0,1.0,1.0,1.0,0.0,1.0] > ACTION_BACK == -0.066314675
[0.0,0.0,1.0,0.0,0.0,1.0,1.0,0.0] > ACTION_RIGHT == -4.846352E-7
[0.0,0.0,0.0,0.0,1.0,0.0,1.0,1.0] > ACTION_RIGHT == -0.0031204894
[0.0,0.0,0.0,0.0,0.0,0.0,0.0,0.0] > ACTION_RIGHT == -0.005758202
[0.0,1.0,0.0,1.0,1.0,0.0,0.0,0.0] > ACTION_LEFT == -0.09000001
[1.0,0.0,1.0,1.0,1.0,1.0,1.0,0.0] > ACTION_RIGHT == -6.428842E-4
[0.0,0.0,0.0,0.0,0.0,0.0,1.0,0.0] > ACTION_LEFT == -4.7023536E-4
[1.0,0.0,0.0,1.0,1.0,0.0,0.0,0.0] > ACTION_RIGHT == -3.138733E-6
[1.0,0.0,1.0,1.0,1.0,0.0,0.0,0.0] > ACTION_BACK == -0.066314675
[0.0,1.0,0.0,0.0,1.0,0.0,0.0,0.0] > ACTION_LEFT == -4.197729E-6
[0.0,1.0,1.0,1.0,1.0,1.0,1.0,0.0] > ACTION_LEFT == -6.428842E-4
[1.0,0.0,1.0,1.0,0.0,0.0,0.0,1.0] > ACTION_BACK == -0.066314675
[0.0,0.0,0.0,1.0,1.0,0.0,1.0,0.0] > ACTION_LEFT == -4.7459685E-5
[1.0,0.0,1.0,1.0,1.0,0.0,1.0,0.0] > ACTION_RIGHT == -8.72735E-4
[0.0,0.0,1.0,1.0,0.0,0.0,0.0,0.0] > ACTION_RIGHT == -2.5046535E-4
[0.0,0.0,0.0,0.0,1.0,1.0,0.0,0.0] > ACTION_RIGHT == -2.8820032E-5
[0.0,1.0,1.0,1.0,0.0,0.0,1.0,0.0] > ACTION_LEFT == -1.2560012E-6
[0.0,1.0,1.0,1.0,1.0,1.0,1.0,0.0] > ACTION_BACK == -0.0090
[0.0,0.0,0.0,1.0,0.0,0.0,1.0,0.0] > ACTION_BACK == -4.8999494E-4
[0.0,1.0,0.0,0.0,1.0,0.0,0.0,0.0] > ACTION_BACK == -4.7172874E-5
[1.0,1.0,0.0,1.0,0.0,0.0,1.0,0.0] > ACTION_LEFT == -5.06525E-8
[0.0,0.0,0.0,1.0,1.0,1.0,1.0,0.0] > ACTION_LEFT == -2.9186687E-5
[0.0,1.0,1.0,1.0,1.0,0.0,0.0,0.0] > ACTION_LEFT == -1.8076336E-5
[0.0,0.0,0.0,0.0,0.0,0.0,1.0,0.0] > ACTION_BACK == -0.060201444
[0.0,1.0,1.0,1.0,1.0,1.0,1.0,1.0] > ACTION_LEFT == -8.467367E-4
[0.0,0.0,0.0,1.0,1.0,1.0,0.0,0.0] > ACTION_LEFT == -4.774013E-5
[0.0,1.0,1.0,1.0,1.0,0.0,1.0,0.0] > ACTION_RIGHT == -0.0811092
[0.0,0.0,0.0,0.0,1.0,1.0,1.0,0.0] > ACTION_LEFT == -8.484717E-5
[0.0,1.0,1.0,0.0,1.0,0.0,0.0,0.0] > ACTION_LEFT == -6.84438E-5
[0.0,1.0,0.0,1.0,1.0,1.0,1.0,0.0] > ACTION_BACK == -5.7611207E-4
[1.0,0.0,1.0,1.0,1.0,0.0,0.0,0.0] > ACTION_LEFT == -3.917819E-4
[0.0,0.0,1.0,1.0,1.0,0.0,1.0,0.0] > ACTION_RIGHT == -5.8394784E-5
[0.0,0.0,0.0,0.0,1.0,0.0,0.0,0.0] > ACTION_NONE == -4.12391E-5
[0.0,0.0,0.0,1.0,1.0,1.0,1.0,0.0] > ACTION_BACK == -5.182382E-4
[0.0,1.0,1.0,1.0,1.0,0.0,0.0,0.0] > ACTION_BACK == -0.0021805253
[0.0,0.0,0.0,1.0,1.0,0.0,0.0,0.0] > ACTION_LEFT == -0.003534635
[0.0,1.0,1.0,1.0,0.0,0.0,1.0,0.0] > ACTION_RIGHT == -1.0572945E-6
[0.0,1.0,1.0,1.0,1.0,1.0,0.0,0.0] > ACTION_LEFT == -5.373496E-4
[0.0,0.0,0.0,1.0,0.0,0.0,0.0,0.0] > ACTION_LEFT == -0.061686303
[0.0,0.0,0.0,0.0,1.0,1.0,1.0,0.0] > ACTION_BACK == -2.3305844E-4
[0.0,0.0,1.0,1.0,1.0,1.0,1.0,0.0] > ACTION_LEFT == -1.0900775E-4
[0.0,0.0,0.0,0.0,1.0,0.0,0.0,0.0] > ACTION_LEFT == -5.373496E-4
[0.0,1.0,1.0,1.0,1.0,1.0,1.0,0.0] > ACTION_RIGHT == -7.209947E-4
[0.0,0.0,0.0,0.0,0.0,0.0,0.0,0.0] > ACTION_LEFT == -0.010750868
[0.0,1.0,0.0,1.0,0.0,0.0,0.0,0.0] > ACTION_BACK == -9.892151E-4
[0.0,1.0,0.0,1.0,0.0,0.0,0.0,0.0] > ACTION_NONE == -4.624392E-8
[0.0,1.0,0.0,1.0,1.0,1.0,0.0,0.0] > ACTION_LEFT == -5.208653E-7
[0.0,0.0,0.0,0.0,1.0,0.0,1.0,0.0] > ACTION_RIGHT == -0.059383135
[0.0,1.0,1.0,0.0,0.0,0.0,0.0,0.0] > ACTION_NONE == -1.7841325E-4
[0.0,0.0,0.0,0.0,0.0,0.0,1.0,0.0] > ACTION_RIGHT == -4.6641435E-5
[0.0,0.0,0.0,0.0,1.0,0.0,1.0,1.0] > ACTION_LEFT == -3.9300394E-6
[0.0,1.0,0.0,0.0,0.0,0.0,0.0,0.0] > ACTION_BACK == -0.0058379034
[1.0,1.0,1.0,1.0,1.0,1.0,1.0,0.0] > ACTION_LEFT == -0.005436378
[0.0,0.0,1.0,1.0,1.0,0.0,0.0,0.0] > ACTION_LEFT == -1.0572981E-5
[0.0,1.0,1.0,1.0,0.0,0.0,0.0,0.0] > ACTION_LEFT == -2.0086151E-4
[0.0,0.0,0.0,0.0,1.0,1.0,0.0,1.0] > ACTION_RIGHT == -0.008018998
[0.0,0.0,0.0,0.0,1.0,0.0,1.0,0.0] > ACTION_NONE == -0.008185705
[0.0,0.0,0.0,0.0,0.0,0.0,1.0,1.0] > ACTION_LEFT == -1.0936752E-4
[0.0,0.0,1.0,1.0,0.0,0.0,0.0,0.0] > ACTION_LEFT == -0.0023938478
[0.0,0.0,0.0,0.0,1.0,1.0,0.0,0.0] > ACTION_LEFT == -0.0027994579
[0.0,0.0,0.0,1.0,1.0,1.0,1.0,0.0] > ACTION_RIGHT == -4.3529388E-5
[0.0,1.0,1.0,1.0,1.0,0.0,0.0,0.0] > ACTION_RIGHT == -1.3201767E-4
[0.0,1.0,1.0,0.0,1.0,0.0,1.0,0.0] > ACTION_RIGHT == -0.0010846623
[0.0,1.0,0.0,1.0,0.0,0.0,0.0,0.0] > ACTION_LEFT == -8.521888E-8
[0.0,0.0,1.0,0.0,0.0,0.0,0.0,0.0] > ACTION_LEFT == -5.177998E-5
[0.0,1.0,0.0,1.0,1.0,0.0,0.0,0.0] > ACTION_BACK == -5.7873917E-6
[1.0,1.0,1.0,1.0,1.0,0.0,0.0,0.0] > ACTION_LEFT == -4.782969E-9
[0.0,0.0,0.0,0.0,1.0,1.0,1.0,0.0] > ACTION_RIGHT == -7.994644E-5
[0.0,1.0,0.0,0.0,0.0,0.0,0.0,0.0] > ACTION_LEFT == -5.6280555E-7
[0.0,0.0,1.0,0.0,0.0,0.0,1.0,0.0] > ACTION_BACK == -0.066314675
[1.0,1.0,1.0,1.0,1.0,0.0,1.0,0.0] > ACTION_BACK == -5.2208523E-4
[1.0,1.0,1.0,1.0,1.0,0.0,0.0,0.0] > ACTION_BACK == -0.0027280143
[0.0,0.0,1.0,1.0,1.0,0.0,1.0,1.0] > ACTION_BACK == -5.0738445E-6
[0.0,0.0,0.0,0.0,1.0,1.0,0.0,1.0] > ACTION_LEFT == -4.8922136E-4
[0.0,0.0,1.0,0.0,0.0,0.0,0.0,0.0] > ACTION_BACK == -5.189016E-4
[0.0,1.0,1.0,1.0,0.0,0.0,0.0,0.0] > ACTION_RIGHT == -1.7512753E-5
[0.0,0.0,1.0,1.0,0.0,0.0,0.0,0.0] > ACTION_NONE == -7.3702587E-4
[0.0,0.0,0.0,1.0,0.0,0.0,0.0,0.0] > ACTION_BACK == -0.0014044255
[0.0,0.0,0.0,0.0,1.0,1.0,0.0,0.0] > ACTION_BACK == -9.6358155E-4
[0.0,0.0,0.0,0.0,0.0,0.0,1.0,1.0] > ACTION_BACK == -1.2043555E-4
[0.0,0.0,1.0,1.0,0.0,0.0,0.0,0.0] > ACTION_BACK == -8.9230365E-4
[0.0,1.0,1.0,0.0,1.0,1.0,1.0,1.0] > ACTION_BACK == -7.6048664E-4
[0.0,0.0,0.0,0.0,1.0,1.0,1.0,1.0] > ACTION_LEFT == -0.007282052
[1.0,1.0,1.0,1.0,0.0,0.0,0.0,0.0] > ACTION_LEFT == -5.304216E-4
[0.0,1.0,0.0,1.0,1.0,1.0,1.0,1.0] > ACTION_BACK == -7.2170986E-4
[0.0,0.0,1.0,1.0,1.0,1.0,0.0,0.0] > ACTION_LEFT == -5.690031E-7
[0.0,0.0,1.0,1.0,1.0,0.0,1.0,0.0] > ACTION_BACK == -5.9281266E-4
[0.0,0.0,0.0,0.0,0.0,0.0,0.0,1.0] > ACTION_LEFT == -0.0010976442
[1.0,0.0,0.0,0.0,0.0,0.0,0.0,0.0] > ACTION_LEFT == -9.846525E-4
[0.0,1.0,1.0,1.0,0.0,0.0,0.0,0.0] > ACTION_BACK == -0.031945534
[0.0,1.0,0.0,0.0,0.0,0.0,1.0,1.0] > ACTION_BACK == -4.4099546E-5
[1.0,1.0,1.0,1.0,1.0,0.0,1.0,0.0] > ACTION_LEFT == -4.2384057E-5
[0.0,0.0,0.0,0.0,0.0,0.0,0.0,0.0] > ACTION_NONE == -0.5372503
[1.0,1.0,1.0,1.0,0.0,0.0,0.0,0.0] > ACTION_BACK == -5.182382E-4
[0.0,0.0,0.0,0.0,1.0,1.0,1.0,1.0] > ACTION_BACK == -0.080911696
[0.0,1.0,1.0,1.0,1.0,1.0,0.0,1.0] > ACTION_LEFT == -5.7873917E-6
[0.0,0.0,1.0,1.0,1.0,1.0,0.0,0.0] > ACTION_BACK == -6.5609997E-6
[1.0,0.0,0.0,1.0,0.0,0.0,0.0,0.0] > ACTION_LEFT == -4.6641435E-5
[0.0,0.0,1.0,1.0,1.0,1.0,1.0,1.0] > ACTION_LEFT == -0.07693139
[1.0,1.0,1.0,0.0,1.0,0.0,1.0,0.0] > ACTION_LEFT == -6.6153985E-4
[0.0,0.0,0.0,1.0,0.0,0.0,0.0,0.0] > ACTION_NONE == -0.090004295
[0.0,0.0,0.0,0.0,0.0,1.0,0.0,0.0] > ACTION_BACK == -0.0017822211
[1.0,0.0,1.0,1.0,0.0,0.0,0.0,0.0] > ACTION_LEFT == -4.3120334E-8
[0.0,0.0,0.0,0.0,1.0,0.0,1.0,0.0] > ACTION_BACK == -5.406361E-4
[0.0,0.0,1.0,1.0,1.0,1.0,1.0,0.0] > ACTION_BACK == -0.0081505235
[0.0,0.0,0.0,0.0,1.0,0.0,0.0,0.0] > ACTION_BACK == -9.846525E-4
[0.0,0.0,0.0,1.0,1.0,1.0,0.0,0.0] > ACTION_RIGHT == -7.881286E-6
[0.0,0.0,0.0,0.0,0.0,1.0,1.0,0.0] > ACTION_BACK == -3.4281577E-6
[0.0,1.0,1.0,0.0,0.0,0.0,0.0,0.0] > ACTION_BACK == -6.849588E-4
[0.0,0.0,0.0,1.0,1.0,0.0,0.0,0.0] > ACTION_BACK == -6.5609997E-6
[0.0,1.0,1.0,1.0,1.0,1.0,1.0,1.0] > ACTION_BACK == -0.008464433
[0.0,0.0,0.0,1.0,1.0,1.0,0.0,0.0] > ACTION_BACK == -6.296124E-5
[1.0,0.0,1.0,1.0,1.0,1.0,0.0,0.0] > ACTION_LEFT == -0.0059683206
[0.0,0.0,0.0,1.0,1.0,1.0,1.0,1.0] > ACTION_RIGHT == -0.007282709
[0.0,1.0,1.0,0.0,1.0,0.0,1.0,0.0] > ACTION_BACK == -5.2208523E-4
[0.0,0.0,0.0,1.0,1.0,1.0,1.0,1.0] > ACTION_LEFT == -6.3942466E-4
[1.0,1.0,1.0,1.0,1.0,1.0,1.0,0.0] > ACTION_BACK == -4.8999494E-4
[0.0,0.0,0.0,0.0,1.0,0.0,1.0,1.0] > ACTION_BACK == -2.5275964E-5
[0.0,0.0,0.0,0.0,0.0,1.0,0.0,0.0] > ACTION_LEFT == -5.182382E-4
[1.0,0.0,1.0,1.0,1.0,0.0,1.0,0.0] > ACTION_LEFT == -0.090000086
[0.0,0.0,0.0,0.0,0.0,0.0,0.0,0.0] > ACTION_BACK == -0.17417492
