-----Simulation Parameters-----
Iteration Length: 200
Iteration Qty: 1000.0
Learning Rate: 0.1
Discount Factor: 0.9
Decay: 0.15
Max View Distance: 10.0

-----SIMULATION STEPS------
Steps | Exploration Rate | QMatrix Size | Crashes | Victories | Distance Moved | Speed
1 -0.15 114 0 0 1.066602 0.055556256
2 -0.3 114 0 0 2.1772258 0.05539613
3 -0.45000002 114 0 0 3.28778 0.055551544
4 -0.6 114 0 0 4.399168 0.05556287
5 -0.75 114 0 0 5.509246 0.055562973
6 -0.9 114 0 0 6.6190953 0.055564124
7 -1.05 114 0 0 7.7298126 0.0455533
8 -1.1999999 114 0 0 8.641624 0.055554684
9 -1.3499999 114 0 0 9.751602 0.045558285
10 -1.4999999 114 0 0 10.663315 0.045558285
11 -1.6499999 114 0 0 11.575127 0.05555809
12 -1.7999998 114 0 0 12.686042 0.05555124
13 -1.9499998 114 0 0 13.795887 0.045550615
14 -2.1 114 0 0 14.7077 0.055556897
15 -2.25 114 0 0 15.819584 0.04554851
16 -2.4 114 0 0 16.731396 0.054468147
17 -2.5500002 114 0 0 17.841373 0.055550337
18 -2.7000003 114 0 0 18.753185 0.053977374
19 -2.8500004 114 0 0 19.862251 0.055446085
20 -3.0000005 114 0 0 20.968513 0.055549707
21 -3.1500006 114 0 0 22.074678 0.045555938
22 -3.3000007 114 0 0 22.986486 0.055124793
23 -3.4500008 114 0 0 24.086311 0.04556384
24 -3.6000009 114 0 0 24.998117 0.05495164
25 -3.750001 114 0 0 26.096748 0.055570766
26 -3.900001 114 0 0 27.19063 0.054599624
27 -4.050001 114 0 0 28.280148 0.05442117
28 -4.2000012 114 0 0 29.367336 0.055556465
29 -4.3500013 114 0 0 30.45078 0.05403249
30 -4.5000014 114 0 0 31.534151 0.053803638
31 -4.6500015 114 0 0 32.60894 0.05360498
32 -4.8000016 114 0 0 33.6788 0.053408556
33 -4.9500017 114 0 0 34.745647 0.05317711
34 -5.100002 114 0 0 35.806133 0.05294785
35 -5.250002 114 0 0 36.866615 0.05272079
36 -5.400002 114 0 0 37.91947 0.052488573
37 -5.550002 114 0 0 38.965492 0.05225914
38 -5.700002 114 0 0 40.010487 0.052032527
39 -5.8500023 114 0 0 41.048084 0.051764656
40 -6.0000024 114 0 0 42.08568 0.051506393
41 -6.1500025 114 0 0 43.115646 0.051282715
42 -6.3000026 114 0 0 44.140373 0.05555851
43 -6.4500027 114 0 0 45.155933 0.050727516
44 -6.600003 114 0 0 46.17041 0.050434306
45 -6.750003 114 0 0 47.17749 0.0490713
46 -6.900003 114 0 0 48.17847 0.049856458
47 -7.050003 114 0 0 49.177917 0.049572706
48 -7.200003 114 0 0 50.16974 0.049256176
49 -7.3500032 114 1 0 51.16113 0.055552702
50 -7.5000033 114 1 0 52.27298 0.055562392
51 -7.6500034 114 1 0 53.38687 0.055556055
52 -7.8000035 114 1 0 54.496883 0.055550754
53 -7.9500036 114 1 0 55.605453 0.055551015
54 -8.100003 114 1 0 56.713272 0.055552326
55 -8.250003 114 1 0 57.826103 0.055554684
56 -8.4000025 114 1 0 58.939995 0.05555809
57 -8.550002 114 1 0 60.049942 0.055553433
58 -8.700002 114 1 0 61.156208 0.055547774
59 -8.850001 114 1 0 62.262936 0.05555447
60 -9.000001 114 1 0 63.373722 0.05556055
61 -9.150001 114 1 0 64.48329 0.055514555
62 -9.3 114 1 0 65.59718 0.055542517
63 -9.45 114 1 0 66.70409 0.055221036
64 -9.599999 114 1 0 67.80272 0.055556323
65 -9.749999 114 1 0 68.90135 0.054903157
66 -9.899999 114 1 0 69.999985 0.054741666
67 -10.049998 114 1 0 71.09862 0.054599624
68 -10.199998 114 1 0 72.19724 0.05443065
69 -10.3499975 114 1 0 73.28062 0.054244537
70 -10.499997 114 1 0 74.36399 0.05407827
71 -10.649997 114 1 0 75.447365 0.05391339
72 -10.799996 114 1 0 76.53073 0.053731333
73 -10.949996 114 1 0 77.59885 0.055536818
74 -11.099996 114 1 0 78.66696 0.05336298
75 -11.249995 114 1 0 79.73508 0.055531196
76 -11.399995 114 1 0 80.80319 0.052993063
77 -11.549994 114 1 0 81.86165 0.05277349
78 -11.699994 114 1 0 82.914505 0.055548333
79 -11.849994 114 1 0 83.96736 0.05236989
80 -11.999993 114 2 0 85.050545 0.05555572
81 -12.149993 114 2 0 86.16444 0.05554903
82 -12.299993 114 2 0 87.27833 0.055560056
83 -12.449992 114 2 0 88.39222 0.055559803
84 -12.599992 114 2 0 89.50611 0.055551544
85 -12.749991 114 2 0 90.62 0.055553373
86 -12.899991 114 2 0 91.733894 0.055556256
87 -13.049991 114 2 0 92.847786 0.0555542
88 -13.19999 114 2 0 93.96168 0.055553935
89 -13.34999 114 2 0 95.07557 0.05556012
90 -13.4999895 114 2 0 96.18946 0.055556465
91 -13.649989 114 2 0 97.30335 0.0555649
92 -13.799989 114 2 0 98.417145 0.045548268
93 -13.949988 114 2 0 99.33277 0.055435523
94 -14.099988 114 2 0 100.44662 0.05556401
95 -14.249988 114 2 0 101.54525 0.055124793
96 -14.399987 114 2 0 102.64388 0.05498011
97 -14.549987 114 2 0 103.742516 0.054808125
98 -14.699986 114 2 0 104.84115 0.0546472
99 -14.849986 114 2 0 105.93978 0.05449616
100 -14.999986 114 2 0 107.028885 0.054309554
101 -15.149985 114 2 0 108.11226 0.054142773
102 -15.299985 114 2 0 109.19563 0.055546563
103 -15.449985 114 2 0 110.279 0.05552711
104 -15.599984 114 2 0 111.347115 0.05360498
105 -15.749984 114 2 0 112.41523 0.054817334
106 -15.899983 114 2 0 113.483345 0.05323887
107 -16.049984 114 2 0 114.55146 0.05305421
108 -16.199984 114 2 0 115.613884 0.057346005
109 -16.349983 114 2 0 116.66674 0.05264549
110 -16.499983 114 2 0 117.7196 0.052421838
111 -16.649982 114 3 0 118.77675 0.055552702
112 -16.799982 114 3 0 119.89064 0.055557884
113 -16.949982 114 3 0 121.00443 0.04555731
114 -17.099981 114 3 0 121.92006 0.055551544
115 -17.24998 114 3 0 123.03385 0.055581916
116 -17.39998 114 3 0 123.94948 0.055550754
117 -17.54998 114 3 0 125.06327 0.045555267
118 -17.69998 114 3 0 125.9789 0.055551015
119 -17.84998 114 3 0 127.09279 0.05555095
120 -17.999979 114 3 0 128.20384 0.04561117
121 -18.149979 114 3 0 129.30238 0.04555865
122 -18.299978 114 3 0 130.218 0.055552326
123 -18.449978 114 3 0 131.31654 0.049208026
124 -18.599977 114 3 0 132.23216 0.055561237
125 -18.749977 114 3 0 133.3308 0.05555339
126 -18.899977 114 3 0 134.42943 0.055546932
127 -19.049976 114 3 0 135.52806 0.05556012
128 -19.199976 114 3 0 136.6266 0.04554806
129 -19.349976 114 3 0 137.54222 0.055556465
130 -19.499975 114 3 0 138.64085 0.0555542
131 -19.649975 114 3 0 139.73949 0.05539613
132 -19.799974 114 3 0 140.83812 0.0552601
133 -19.949974 114 3 0 141.93675 0.055047244
134 -20.099974 114 3 0 143.03539 0.054874763
135 -20.249973 114 3 0 144.13393 0.04555266
136 -20.399973 114 3 0 145.04955 0.054703612
137 -20.549973 114 3 0 146.14818 0.054960843
138 -20.699972 114 3 0 147.24681 0.050625876
139 -20.849972 114 3 0 148.34544 0.054124262
140 -20.999971 114 3 0 149.43692 0.053931307
141 -21.149971 114 3 0 150.50504 0.053731333
142 -21.29997 114 3 0 151.57315 0.053542096
143 -21.44997 114 3 0 152.64127 0.05330911
144 -21.59997 114 3 0 153.70938 0.04558938
145 -21.74997 114 3 0 154.7775 0.052886963
146 -21.89997 114 3 0 155.8456 0.05265302
147 -22.049969 114 3 0 156.8832 0.052421838
148 -22.199968 114 3 0 157.92079 0.052193448
149 -22.349968 114 3 0 158.95839 0.051930346
150 -22.499968 114 3 0 159.99599 0.05170761
151 -22.649967 114 3 0 161.03358 0.05144399
152 -22.799967 114 3 0 162.07118 0.051183812
153 -22.949966 114 3 0 163.09415 0.050921634
154 -23.099966 114 3 0 164.10123 0.050631035
155 -23.249966 114 3 0 165.1083 0.05556825
156 -23.399965 114 3 0 166.11539 0.055563696
157 -23.549965 114 3 0 167.12247 0.049764026
158 -23.699965 114 3 0 168.12819 0.049481742
159 -23.849964 114 3 0 169.10472 0.046336576
160 -23.999964 114 4 0 170.02441 0.055556256
161 -24.149963 114 4 0 171.12305 0.055553373
162 -24.299963 114 4 0 172.22168 0.055559296
163 -24.449963 114 4 0 173.32031 0.055553827
164 -24.599962 114 4 0 174.41895 0.055553917
165 -24.749962 114 4 0 175.51758 0.055555057
166 -24.899961 114 4 0 176.61621 0.055557247
167 -25.049961 114 4 0 177.71484 0.055560477
168 -25.19996 114 4 0 178.81348 0.055553433
169 -25.34996 114 4 0 179.91211 0.055558924
170 -25.49996 114 4 0 181.01074 0.055556323
171 -25.64996 114 4 0 182.10938 0.055553064
172 -25.79996 114 4 0 183.20801 0.055514555
173 -25.949959 114 4 0 184.30664 0.055367295
174 -26.099958 114 4 0 185.40527 0.052765813
175 -26.249958 114 4 0 186.5039 0.05507579
176 -26.399958 114 4 0 187.60254 0.05491316
177 -26.549957 114 4 0 188.70117 0.04872036
178 -26.699957 114 4 0 189.7998 0.054599624
179 -26.849957 114 4 0 190.89844 0.05443065
180 -26.999956 114 4 0 191.99707 0.05552214
181 -27.149956 114 4 0 193.09569 0.05558316
182 -27.299955 114 4 0 194.1638 0.053922333
183 -27.449955 114 4 0 195.23192 0.053731333
184 -27.599955 114 4 0 196.30003 0.053550646
185 -27.749954 114 4 0 197.36815 0.05336298
186 -27.899954 114 4 0 198.43626 0.05318525
187 -28.049953 114 4 0 199.50438 0.053000987
188 -28.199953 114 4 0 200.5725 0.05277349
189 -28.349953 114 4 0 201.62563 0.052593097
190 -28.499952 114 4 0 202.66322 0.052377123
191 -28.649952 114 5 0 203.73462 0.04503298
192 -28.799952 114 5 0 204.83325 0.055552326
193 -28.949951 114 5 0 205.93188 0.055551015
194 -29.09995 114 5 0 207.03052 0.044046078
195 -29.24995 114 5 0 208.12915 0.055563416
196 -29.39995 114 5 0 209.22778 0.05555602
197 -29.54995 114 5 0 210.32642 0.055553373
198 -29.69995 114 5 0 211.42505 0.04556384
199 -29.849949 114 5 0 212.52368 0.055556044
200 -29.999949 114 5 0 213.62231 0.055562057
201 -30.149948 114 5 0 214.72095 0.05554907
202 -30.299948 114 5 0 215.81958 0.055546593
203 -30.449947 114 5 0 216.91821 0.055446085
204 -30.599947 114 5 0 218.01685 0.055586252
205 -30.749947 114 5 0 219.11548 0.05443065
206 -30.899946 114 5 0 220.21411 0.054990206
207 -31.049946 114 5 0 221.31274 0.054836456
208 -31.199945 114 5 0 222.41138 0.054041553
209 -31.349945 114 5 0 223.51001 0.054505736
210 -31.499945 114 5 0 224.60864 0.054346845
211 -31.649944 114 5 0 225.70728 0.054179713
212 -31.799944 114 5 0 226.80582 0.045597684
213 -31.949944 114 5 0 227.72134 0.045597684
214 -32.099945 114 5 0 228.63695 0.05401396
215 -32.249947 114 5 0 229.70506 0.053849597
216 -32.39995 114 5 0 230.77318 0.053659394
217 -32.54995 114 5 0 231.8413 0.053479414
218 -32.69995 114 5 0 232.90941 0.053292565
219 -32.849953 114 5 0 233.97745 0.04566913
220 -32.999954 114 5 0 234.89305 0.05310752
221 -33.149956 114 5 0 235.96117 0.052886963
222 -33.299957 114 5 0 237.02927 0.052660577
223 -33.44996 114 5 0 238.06686 0.052473877
224 -33.59996 114 5 0 239.10446 0.052252054
225 -33.74996 114 5 0 240.14206 0.052025713
226 -33.899963 114 6 0 241.23515 0.055561293
227 -34.049965 114 6 0 242.33379 0.055554785
228 -34.199966 114 6 0 243.43242 0.055553827
229 -34.349968 114 6 0 244.53105 0.055553917
230 -34.49997 114 6 0 245.62968 0.05555782
231 -34.64997 114 6 0 246.72832 0.055556897
232 -34.799973 114 6 0 247.82695 0.055584945
233 -34.949974 114 6 0 248.92558 0.055555653
234 -35.099976 114 6 0 250.02422 0.055560973
235 -35.249977 114 6 0 251.12285 0.055556323
236 -35.39998 114 6 0 252.22148 0.05558997
237 -35.54998 114 6 0 253.32011 0.055543523
238 -35.69998 114 6 0 254.41875 0.05539613
239 -35.849983 114 6 0 255.51738 0.05559023
240 -35.999985 114 6 0 256.61603 0.055085976
241 -36.149986 114 6 0 257.71466 0.05494159
242 -36.299988 114 6 0 258.8133 0.054779813
243 -36.44999 114 6 0 259.91193 0.054627754
244 -36.59999 114 6 0 261.01056 0.054468147
245 -36.749992 114 6 0 262.1092 0.05430019
246 -36.899994 114 6 0 263.20782 0.05411508
247 -37.049995 114 6 0 264.30646 0.053949844
248 -37.199997 114 6 0 265.4051 0.05376744
249 -37.35 114 6 0 266.50372 0.053577803
250 -37.5 114 6 0 267.60233 0.053398326
251 -37.65 114 6 0 268.6597 0.053230677
252 -37.800003 114 6 0 269.6973 0.053008933
253 -37.950005 114 6 0 270.7349 0.05282628
254 -38.100006 114 6 0 271.7725 0.05264549
255 -38.250008 114 6 0 272.8101 0.052421838
256 -38.40001 114 7 0 273.87546 0.055550177
257 -38.55001 114 7 0 274.9741 0.055560168
258 -38.700012 114 7 0 276.07272 0.05555869
259 -38.850014 114 7 0 277.17136 0.05555374
260 -39.000015 114 7 0 278.27 0.055563893
261 -39.150017 114 7 0 279.36862 0.05555602
262 -39.30002 114 7 0 280.46725 0.0550086
263 -39.45002 114 7 0 281.5659 0.05555339
264 -39.60002 114 7 0 282.66452 0.053088874
265 -39.750023 114 7 0 283.76315 0.05555293
266 -39.900024 114 7 0 284.8618 0.05555998
267 -40.050026 114 7 0 285.96033 0.054402694
268 -40.200027 114 7 0 286.87595 0.05555732
269 -40.35003 114 7 0 287.97458 0.055464413
270 -40.50003 114 7 0 289.0732 0.05529925
271 -40.650032 114 7 0 290.17184 0.055553064
272 -40.800034 114 7 0 291.27048 0.0550086
273 -40.950035 114 7 0 292.3691 0.054836456
274 -41.100037 114 7 0 293.46774 0.055549078
275 -41.25004 114 7 0 294.56638 0.054505736
276 -41.40004 114 7 0 295.665 0.054337427
277 -41.55004 114 7 0 296.76364 0.055549707
278 -41.700043 114 7 0 297.86227 0.054004923
279 -41.850044 114 7 0 298.9609 0.053822193
280 -42.000046 114 7 0 300.05954 0.04555913
281 -42.150047 114 7 0 301.15814 0.053452365
282 -42.30005 114 7 0 302.2414 0.05324708
283 -42.45005 114 7 0 303.279 0.053062204
284 -42.60005 114 7 0 304.3166 0.052879162
285 -42.750053 114 7 0 305.3542 0.054402694
286 -42.900055 114 7 0 306.39178 0.052473877
287 -43.050056 114 7 0 307.42938 0.052252054
288 -43.200058 114 8 0 308.52264 0.055561293
289 -43.35006 114 8 0 309.62128 0.055554785
290 -43.50006 114 8 0 310.7199 0.045581274
291 -43.650063 114 8 0 311.81854 0.05171407
292 -43.800064 114 8 0 312.91718 0.055545993
293 -43.950066 114 8 0 314.0158 0.049481742
294 -44.100067 114 8 0 315.11444 0.055551387
295 -44.25007 114 8 0 316.21307 0.055584904
296 -44.40007 114 8 0 317.3117 0.056793556
297 -44.55007 114 8 0 318.41034 0.055556323
298 -44.700073 114 8 0 319.50897 0.05715659
299 -44.850075 114 8 0 320.6076 0.055543523
300 -45.000076 114 8 0 321.70624 0.05539613
301 -45.150078 114 8 0 322.80487 0.05524974
302 -45.30008 114 8 0 323.9035 0.055085976
303 -45.45008 114 8 0 325.00214 0.05494159
304 -45.600082 114 8 0 326.10077 0.054779813
305 -45.750084 114 8 0 327.1994 0.053329956
306 -45.900085 114 8 0 328.29803 0.054468147
307 -46.050087 114 8 0 329.39667 0.05430019
308 -46.20009 114 8 0 330.4953 0.05588154
309 -46.35009 114 8 0 331.59393 0.053949844
310 -46.50009 114 8 0 332.69257 0.05376744
311 -46.650093 114 8 0 333.7912 0.053577803
312 -46.800095 114 8 0 334.8898 0.053398326
313 -46.950096 114 8 0 335.94745 0.053230677
314 -47.100098 114 8 0 336.98505 0.053008933
315 -47.2501 114 8 0 338.02264 0.05282628
316 -47.4001 114 8 0 339.06024 0.05264549
317 -47.550102 114 8 0 340.09784 0.052421838
318 -47.700104 114 9 0 341.163 0.055554684
319 -47.850105 114 9 0 342.26163 0.055560168
320 -48.000107 114 9 0 343.36017 0.045554057
321 -48.15011 114 9 0 344.2758 0.055554174
322 -48.30011 114 9 0 345.37433 0.045551233
323 -48.45011 114 9 0 346.28995 0.05555374
324 -48.600113 114 9 0 347.3885 0.045553975
325 -48.750114 114 9 0 348.3041 0.05555436
326 -48.900116 114 9 0 349.40274 0.055551667
327 -49.050117 114 9 0 350.50137 0.05555436
328 -49.20012 114 9 0 351.5999 0.045556415
329 -49.35012 114 9 0 352.51553 0.045545395
330 -49.500122 114 9 0 353.61407 0.04556092
331 -49.650124 114 9 0 354.5297 0.055556256
332 -49.800125 114 9 0 355.62823 0.04555643
333 -49.950127 114 9 0 356.54385 0.055548806
334 -50.10013 114 9 0 357.6425 0.055560973
335 -50.25013 114 9 0 358.74112 0.055556323
336 -50.40013 114 9 0 359.83975 0.055553064
337 -50.550133 114 9 0 360.9384 0.055503927
338 -50.700134 114 9 0 362.03702 0.055328026
339 -50.850136 114 9 0 363.13565 0.055163693
340 -51.000137 114 9 0 364.23428 0.055556845
341 -51.15014 114 9 0 365.33292 0.054808125
342 -51.30014 114 9 0 366.43155 0.058278587
343 -51.45014 114 9 0 367.53018 0.054468147
344 -51.600143 114 9 0 368.6288 0.055545606
345 -51.750145 114 9 0 369.72745 0.055560343
346 -51.900146 114 9 0 370.82608 0.053867377
347 -52.050148 114 9 0 371.9247 0.053676747
348 -52.20015 114 9 0 373.02335 0.053479414
349 -52.35015 114 9 0 374.12195 0.05325532
350 -52.500153 114 9 0 375.15955 0.055540994
351 -52.650154 114 9 0 376.19714 0.05283404
352 -52.800156 114 9 0 377.23474 0.05260058
353 -52.950157 114 9 0 378.27234 0.052377123
354 -53.10016 114 9 0 379.30994 0.05214896
355 -53.25016 114 9 0 380.34753 0.051923636
356 -53.40016 114 9 0 381.38513 0.05165717
357 -53.550163 114 10 0 382.47815 0.055556785
358 -53.700165 114 10 0 383.5767 0.045554228
359 -53.850166 114 10 0 384.49222 0.045554228
360 -54.000168 114 10 0 385.40775 0.045554228
361 -54.15017 114 10 0 386.32336 0.055554785
362 -54.30017 114 10 0 387.4219 0.04555569
363 -54.450172 114 10 0 388.33752 0.055553827
364 -54.600174 114 10 0 389.43607 0.055711888
365 -54.750175 114 10 0 390.35168 0.052679274
366 -54.900177 114 10 0 391.45023 0.045559816
367 -55.05018 114 10 0 392.36584 0.055555057
368 -55.20018 114 10 0 393.4644 0.045562834
369 -55.35018 114 10 0 394.38 0.055538848
370 -55.500183 114 10 0 395.47855 0.04555747
371 -55.650185 114 10 0 396.39417 0.05554663
372 -55.800186 114 10 0 397.4928 0.055558182
373 -55.950188 114 10 0 398.59134 0.045550186
374 -56.10019 114 10 0 399.50696 0.05555782
375 -56.25019 114 10 0 400.6056 0.05554907
376 -56.400192 114 10 0 401.70422 0.0555542
377 -56.550194 114 10 0 402.80286 0.05557438
378 -56.700195 114 10 0 403.9015 0.055231377
379 -56.850197 114 10 0 405.00012 0.045561347
380 -57.0002 114 10 0 406.09875 0.054884747
381 -57.1502 114 10 0 407.1974 0.054703612
382 -57.3002 114 10 0 408.29602 0.054533795
383 -57.450203 114 10 0 409.39465 0.055526756
384 -57.600204 114 10 0 410.4933 0.054161288
385 -57.750206 114 10 0 411.59192 0.05396838
386 -57.900208 114 10 0 412.69055 0.053740095
387 -58.05021 114 10 0 413.78918 0.053550646
388 -58.20021 114 10 0 414.8878 0.053354647
389 -58.350212 114 10 0 415.92538 0.053123627
390 -58.500214 114 10 0 416.96298 0.05289479
391 -58.650215 114 10 0 418.00052 0.045566395
392 -58.800217 114 10 0 418.9161 0.052705545
393 -58.95022 114 10 0 419.9537 0.052481208
394 -59.10022 114 10 0 420.9913 0.052244987
395 -59.25022 114 10 0 422.0289 0.051981393
396 -59.400223 114 10 0 423.0665 0.05171407
397 -59.550224 114 10 0 424.1041 0.051487785
398 -59.700226 114 10 0 425.1417 0.05122735
399 -59.850227 114 10 0 426.1793 0.05093267
400 -60.00023 114 10 0 427.2169 0.050674014
401 -60.15023 114 10 0 428.2545 0.0503818
402 -60.300232 114 10 0 429.2438 0.04552499
403 -60.450233 114 10 0 430.22037 0.04980195
404 -60.600235 114 10 0 431.19693 0.049481742
405 -60.750237 114 10 0 432.17346 0.051189657
406 -60.900238 114 11 0 433.09372 0.055556256
407 -61.05024 114 11 0 434.19235 0.055548865
408 -61.20024 114 11 0 435.2909 0.052207503
409 -61.350243 114 11 0 436.2065 0.055554785
410 -61.500244 114 11 0 437.30505 0.045554172
411 -61.650246 114 11 0 438.22067 0.055553827
412 -61.800247 114 11 0 439.3192 0.055561457
413 -61.95025 114 11 0 440.23483 0.055553917
414 -62.10025 114 11 0 441.33347 0.04924938
415 -62.25025 114 11 0 442.432 0.055545777
416 -62.400253 114 11 0 443.34763 0.055553917
417 -62.550255 114 11 0 444.44626 0.055560187
418 -62.700256 114 11 0 445.5448 0.05556734
419 -62.850258 114 11 0 446.46042 0.05518206
420 -63.00026 114 11 0 447.55896 0.045570754
421 -63.15026 114 11 0 448.47458 0.045570754
422 -63.300262 114 11 0 449.57312 0.055554252
423 -63.450264 114 11 0 450.48874 0.055535562
424 -63.600266 114 11 0 451.58728 0.045556687
425 -63.750267 114 11 0 452.5029 0.05555339
426 -63.90027 114 11 0 453.60144 0.0455521
427 -64.05027 114 11 0 454.51706 0.055553935
428 -64.20027 114 11 0 455.6156 0.04554942
429 -64.35027 114 11 0 456.53122 0.055566207
430 -64.500275 114 11 0 457.62976 0.045547742
431 -64.650276 114 11 0 458.54538 0.05556055
432 -64.80028 114 11 0 459.644 0.055474997
433 -64.95028 114 11 0 460.74265 0.05527049
434 -65.10028 114 11 0 461.84128 0.055104353
435 -65.25028 114 11 0 462.9399 0.054903157
436 -65.40028 114 11 0 464.03854 0.054693833
437 -65.550285 114 11 0 465.13718 0.055547208
438 -65.70029 114 11 0 466.2358 0.05429085
439 -65.85029 114 11 0 467.33444 0.054050636
440 -66.00029 114 11 0 468.43307 0.053849597
441 -66.15029 114 11 0 469.5317 0.055538848
442 -66.30029 114 11 0 470.63034 0.05336298
443 -66.450294 114 11 0 471.68317 0.053123627
444 -66.600296 114 11 0 472.72076 0.052886963
445 -66.7503 114 11 0 473.75836 0.05553324
446 -66.9003 114 11 0 474.79596 0.05236989
447 -67.0503 114 11 0 475.83356 0.055578254
448 -67.2003 114 11 0 476.87115 0.055543523
449 -67.3503 114 11 0 477.90875 0.051550284
450 -67.500305 114 11 0 478.94635 0.051282715
451 -67.65031 114 11 0 479.98395 0.05097596
452 -67.80031 114 11 0 481.02155 0.050674014
453 -67.95031 114 11 0 482.05914 0.05037696
454 -68.10031 114 11 0 483.04333 0.05004256
455 -68.25031 114 12 0 484.089 0.055559188
456 -68.400314 114 12 0 485.18753 0.045555938
457 -68.550316 114 12 0 486.10315 0.055578254
458 -68.70032 114 12 0 487.2017 0.045557234
459 -68.85032 114 12 0 488.1173 0.0455521
460 -69.00032 114 12 0 489.21585 0.04555934
461 -69.15032 114 12 0 490.13147 0.055550754
462 -69.30032 114 12 0 491.23 0.045552716
463 -69.450325 114 12 0 492.14563 0.055551544
464 -69.60033 114 12 0 493.24426 0.055552065
465 -69.75033 114 12 0 494.3429 0.055551544
466 -69.90033 114 12 0 495.44153 0.055552065
467 -70.05033 114 12 0 496.54016 0.04555728
468 -70.20033 114 12 0 497.6387 0.055529322
469 -70.350334 114 12 0 498.55432 0.055578724
470 -70.500336 114 12 0 499.65295 0.05475088
471 -70.65034 114 12 0 500.7516 0.055555653
472 -70.80034 114 12 0 501.85022 0.055556897
473 -70.95034 114 12 0 502.94885 0.055552643
474 -71.10034 114 12 0 504.0475 0.05556807
475 -71.25034 114 12 0 505.14612 0.055446085
476 -71.400345 114 12 0 506.24475 0.05528884
477 -71.55035 114 12 0 507.34338 0.05511456
478 -71.70035 114 12 0 508.44202 0.05494159
479 -71.85035 114 12 0 509.54065 0.05555783
480 -72.00035 114 12 0 510.63928 0.04202578
481 -72.15035 114 12 0 511.7379 0.054374762
482 -72.300354 114 12 0 512.83655 0.054179713
483 -72.450356 114 12 0 513.9352 0.055587664
484 -72.60036 114 12 0 515.0338 0.056986418
485 -72.75036 114 12 0 516.13245 0.05359639
486 -72.90036 114 12 0 517.2311 0.055647455
487 -73.05036 114 12 0 518.3297 0.05317711
488 -73.20036 114 12 0 519.42834 0.05293997
489 -73.350365 114 12 0 520.527 0.052713156
490 -73.50037 114 12 0 521.6256 0.052481208
491 -73.65037 114 12 0 522.72424 0.052252054
492 -73.80037 114 12 0 523.8229 0.05198818
493 -73.95037 114 12 0 524.88885 0.051764656
494 -74.10037 114 12 0 525.8654 0.055578254
495 -74.250374 114 12 0 526.842 0.05123911
496 -74.400375 114 12 0 527.81854 0.050981544
497 -74.55038 114 12 0 528.7951 0.05555356
498 -74.70038 114 12 0 529.77167 0.05553929
499 -74.85038 114 12 0 530.7482 0.05014077
500 -75.00038 114 12 0 531.7248 0.04985227
501 -75.15038 114 12 0 532.70135 0.049568903
502 -75.300385 114 12 0 533.6779 0.049252767
503 -75.450386 114 13 0 534.6666 0.055540994
504 -75.60039 114 13 0 535.76526 0.055557884
505 -75.75039 114 13 0 536.8639 0.055551544
506 -75.90039 114 13 0 537.9625 0.055550754
507 -76.05039 114 13 0 539.06116 0.055562973
508 -76.20039 114 13 0 540.1598 0.055564124
509 -76.350395 114 13 0 541.2584 0.055557247
510 -76.5004 114 13 0 542.35706 0.055548996
511 -76.6504 114 13 0 543.4557 0.055553433
512 -76.8004 114 13 0 544.5543 0.055558924
513 -76.9504 114 13 0 545.65295 0.060637612
514 -77.1004 114 13 0 546.7516 0.055553064
515 -77.250404 114 13 0 547.8502 0.055514555
516 -77.400406 114 13 0 548.94885 0.055367295
517 -77.55041 114 13 0 550.0475 0.055221036
518 -77.70041 114 13 0 551.1461 0.0540599
519 -77.85041 114 13 0 552.24475 0.05491316
520 -78.00041 114 13 0 553.3434 0.05476994
521 -78.15041 114 13 0 554.442 0.054599624
522 -78.300415 114 13 0 555.54065 0.05443065
523 -78.45042 114 13 0 556.6393 0.054272354
524 -78.60042 114 13 0 557.7379 0.054087404
525 -78.75042 114 13 0 558.83655 0.053922333
526 -78.90042 114 13 0 559.9352 0.053731333
527 -79.05042 114 13 0 561.0338 0.053550646
528 -79.200424 114 13 0 562.13245 0.05336298
529 -79.350426 114 13 0 563.2311 0.05553324
530 -79.50043 114 13 0 564.3297 0.053000987
531 -79.65043 114 13 0 565.42834 0.05557489
532 -79.80043 114 13 0 566.527 0.052593097
533 -79.95043 114 13 0 567.6256 0.052377123
534 -80.10043 114 14 0 568.72516 0.055551212
535 -80.250435 114 14 0 569.8238 0.055556837
536 -80.40044 114 14 0 570.9224 0.055555537
537 -80.55044 114 14 0 572.02106 0.055550754
538 -80.70044 114 14 0 573.1197 0.055551544
539 -80.85044 114 14 0 574.2183 0.055553373
540 -81.00044 114 14 0 575.31696 0.055556256
541 -81.150444 114 14 0 576.4156 0.053329688
542 -81.300446 114 14 0 577.5142 0.055556044
543 -81.45045 114 14 0 578.61285 0.053813364
544 -81.60045 114 14 0 579.7115 0.055573475
545 -81.75045 114 14 0 580.8101 0.055546593
546 -81.90045 114 14 0 581.90875 0.055435523
547 -82.05045 114 14 0 583.0074 0.05528884
548 -82.200455 114 14 0 584.106 0.055143163
549 -82.35046 114 14 0 585.20465 0.055567607
550 -82.50046 114 14 0 586.3033 0.05556588
551 -82.65046 114 14 0 587.4019 0.05466564
552 -82.80046 114 14 0 588.50055 0.054505736
553 -82.95046 114 14 0 589.5992 0.054337427
554 -83.100464 114 14 0 590.6978 0.05417049
555 -83.250465 114 14 0 591.79645 0.05583216
556 -83.40047 114 14 0 592.8951 0.053822193
557 -83.55047 114 14 0 593.9937 0.053640816
558 -83.70047 114 14 0 595.09235 0.053452365
559 -83.85047 114 14 0 596.191 0.0555542
560 -84.00047 114 14 0 597.2896 0.05556516
561 -84.150475 114 14 0 598.38824 0.052886963
562 -84.300476 114 14 0 599.4869 0.052705545
563 -84.45048 114 14 0 600.5855 0.052481208
564 -84.60048 114 15 0 601.6849 0.045621496
565 -84.75048 114 15 0 602.7835 0.05554999
566 -84.90048 114 15 0 603.88214 0.05556057
567 -85.05048 114 15 0 604.9808 0.0555598
568 -85.200485 114 15 0 606.0794 0.055560075
569 -85.35049 114 15 0 607.17804 0.055552326
570 -85.50049 114 15 0 608.2767 0.055554684
571 -85.65049 114 15 0 609.3753 0.05555809
572 -85.80049 114 15 0 610.47394 0.05556254
573 -85.95049 114 15 0 611.5726 0.055556897
574 -86.100494 114 15 0 612.6712 0.055563603
575 -86.250496 114 15 0 613.76984 0.05556055
576 -86.4005 114 15 0 614.86847 0.055503927
577 -86.5505 114 15 0 615.9671 0.055356823
578 -86.7005 114 15 0 617.06573 0.055221036
579 -86.8505 114 15 0 618.16437 0.055560917
580 -87.0005 114 15 0 619.263 0.054903157
581 -87.150505 114 15 0 620.36163 0.054741666
582 -87.30051 114 15 0 621.46027 0.054571506
583 -87.45051 114 15 0 622.5589 0.054412175
584 -87.60051 114 15 0 623.65753 0.054244537
585 -87.75051 114 15 0 624.75616 0.05407827
586 -87.90051 114 15 0 625.8548 0.05391339
587 -88.050514 114 15 0 626.9534 0.054225992
588 -88.200516 114 15 0 628.05206 0.053542096
589 -88.35052 114 15 0 629.1507 0.055577036
590 -88.50052 114 15 0 630.2493 0.05317711
591 -88.65052 114 15 0 631.34796 0.052993063
592 -88.80052 114 15 0 632.4466 0.055559464
593 -88.95052 114 15 0 633.5452 0.05258564
594 -89.100525 114 15 0 634.64386 0.055563603
595 -89.25053 114 16 0 635.74255 0.04556092
596 -89.40053 114 16 0 636.8412 0.05555354
597 -89.55053 114 16 0 637.9398 0.055560056
598 -89.70053 114 16 0 639.03845 0.055559803
599 -89.85053 114 16 0 640.1371 0.055574328
600 -90.000534 114 16 0 641.2357 0.05556245
601 -90.150536 114 16 0 642.33435 0.055556256
602 -90.30054 114 16 0 643.433 0.055548806
603 -90.45054 114 16 0 644.5316 0.055553935
604 -90.60054 114 16 0 645.63025 0.05556012
605 -90.75054 114 16 0 646.7289 0.055556465
606 -90.90054 114 16 0 647.8275 0.0555542
607 -91.050545 114 16 0 648.92615 0.055546634
608 -91.20055 114 16 0 650.0248 0.05527049
609 -91.35055 114 16 0 651.1234 0.055124793
610 -91.50055 114 16 0 652.22205 0.05498011
611 -91.65055 114 16 0 653.3207 0.055563416
612 -91.80055 114 16 0 654.4193 0.05466564
613 -91.950554 114 16 0 655.51794 0.05449616
614 -92.100555 114 16 0 656.6166 0.05432804
615 -92.25056 114 16 0 657.7152 0.05494159
616 -92.40056 114 16 0 658.81384 0.05398639
617 -92.55056 114 16 0 659.9125 0.05379481
618 -92.70056 114 16 0 661.0111 0.05363218
619 -92.85056 114 16 0 662.10974 0.053452365
620 -93.000565 114 16 0 663.2084 0.05324708
621 -93.150566 114 16 0 664.307 0.055525433
622 -93.30057 114 16 0 665.40564 0.052879162
623 -93.45057 114 16 0 666.5043 0.052660577
624 -93.60057 114 16 0 667.6029 0.052473877
625 -93.75057 114 17 0 668.70215 0.055528678
626 -93.90057 114 17 0 669.8008 0.055559006
627 -94.050575 114 17 0 670.8994 0.05555284
628 -94.20058 114 17 0 671.99805 0.055558443
629 -94.35058 114 17 0 673.0967 0.055548143
630 -94.50058 114 17 0 674.1953 0.055549625
631 -94.65058 114 17 0 675.29395 0.05555215
632 -94.80058 114 17 0 676.3926 0.055555724
633 -94.950584 114 17 0 677.4912 0.05553324
634 -95.100586 114 17 0 678.58984 0.055556897
635 -95.25059 114 17 0 679.6885 0.055552643
636 -95.40059 114 17 0 680.7871 0.055567883
637 -95.55059 114 17 0 681.88574 0.05548561
638 -95.70059 114 17 0 682.9844 0.05533848
639 -95.85059 114 17 0 684.083 0.055192355
640 -96.000595 114 17 0 685.18164 0.05558107
641 -96.1506 114 17 0 686.2803 0.054884747
642 -96.3006 114 17 0 687.3788 0.0455784
643 -96.4506 114 17 0 688.2333 0.0455784
644 -96.6006 114 17 0 689.0879 0.05558997
645 -96.7506 114 17 0 690.1865 0.055066597
646 -96.900604 114 17 0 691.28516 0.054402694
647 -97.050606 114 17 0 692.3838 0.054216743
648 -97.20061 114 17 0 693.4824 0.054041553
649 -97.35061 114 17 0 694.58105 0.056072794
650 -97.50061 114 17 0 695.6797 0.053676747
651 -97.65061 114 17 0 696.7783 0.05348789
652 -97.80061 114 17 0 697.87695 0.05330082
653 -97.950615 114 17 0 698.9756 0.05558897
654 -98.10062 114 17 0 700.0742 0.055526324
655 -98.25062 114 17 0 701.17285 0.052705545
656 -98.40062 114 17 0 702.2715 0.052481208
657 -98.55062 114 17 0 703.3701 0.055577874
658 -98.70062 114 18 0 704.46936 0.055558182
659 -98.850624 114 18 0 705.5679 0.0550086
660 -99.000626 114 18 0 706.4225 0.055555653
661 -99.15063 114 18 0 707.5211 0.055554174
662 -99.30063 114 18 0 708.61975 0.05555374
663 -99.45063 114 18 0 709.7184 0.05555436
664 -99.60063 114 18 0 710.817 0.05555602
665 -99.75063 114 18 0 711.91565 0.055558734
666 -99.900635 114 18 0 713.0143 0.05555339
667 -100.05064 114 18 0 714.1129 0.055554803
668 -100.20064 114 18 0 715.21155 0.05555339
669 -100.35064 114 18 0 716.3102 0.055546932
670 -100.50064 114 18 0 717.4088 0.05555293
671 -100.65064 114 18 0 718.50745 0.055561166
672 -100.800644 114 18 0 719.6061 0.05555293
673 -100.950645 114 18 0 720.7046 0.045548268
674 -101.10065 114 18 0 721.5592 0.055567347
675 -101.25065 114 18 0 722.6577 0.045547485
676 -101.40065 114 18 0 723.5123 0.0555542
677 -101.55065 114 18 0 724.61096 0.05540665
678 -101.70065 114 18 0 725.7096 0.055553127
679 -101.850655 114 18 0 726.8082 0.05507579
680 -102.000656 114 18 0 727.90686 0.054903157
681 -102.15066 114 18 0 729.0055 0.054731842
682 -102.30066 114 18 0 730.1041 0.054533795
683 -102.45066 114 18 0 731.20276 0.054365326
684 -102.60066 114 18 0 732.3014 0.05417049
685 -102.75066 114 18 0 733.4 0.053977374
686 -102.900665 114 18 0 734.49866 0.055367295
687 -103.05067 114 18 0 735.5973 0.05359639
688 -103.20067 114 18 0 736.6959 0.05336298
689 -103.35067 114 18 0 737.79456 0.05407827
690 -103.50067 114 18 0 738.89307 0.045694742
691 -103.65067 114 18 0 739.7477 0.055574328
692 -103.800674 114 18 0 740.8463 0.05272079
693 -103.950676 114 18 0 741.94495 0.052488573
694 -104.10068 114 18 0 743.0436 0.05225914
695 -104.25068 114 18 0 744.1422 0.045564797
696 -104.40068 114 18 0 745.22 0.0563067
697 -104.55068 114 18 0 746.19653 0.05154403
698 -104.70068 114 18 0 747.1731 0.051282715
699 -104.850685 114 18 0 748.14966 0.05098715
700 -105.00069 114 18 0 749.1262 0.05563373
701 -105.15069 114 18 0 750.1028 0.050434306
702 -105.30069 114 18 0 751.07935 0.04554851
703 -105.45069 114 18 0 752.0559 0.049894374
704 -105.60069 114 18 0 753.0325 0.049572706
705 -105.750694 114 18 0 754.00903 0.05555525
706 -105.900696 114 19 0 754.9938 0.05559023
707 -106.0507 114 19 0 756.0924 0.055557884
708 -106.2007 114 19 0 757.19104 0.055551544
709 -106.3507 114 19 0 758.2897 0.055587243
710 -106.5007 114 19 0 759.3883 0.055562973
711 -106.6507 114 19 0 760.48694 0.055555057
712 -106.800705 114 19 0 761.5856 0.055563956
713 -106.95071 114 19 0 762.6841 0.045558285
714 -107.10071 114 19 0 763.5387 0.055548996
715 -107.25071 114 19 0 764.6373 0.05555218
716 -107.40071 114 19 0 765.73596 0.055560477
717 -107.55071 114 19 0 766.8346 0.05555218
718 -107.700714 114 19 0 767.9332 0.055551387
719 -107.850716 114 19 0 769.03186 0.055562228
720 -108.00072 114 19 0 770.1305 0.06111346
721 -108.15072 114 19 0 771.2291 0.055901695
722 -108.30072 114 19 0 772.32776 0.055551387
723 -108.45072 114 19 0 773.4263 0.045553874
724 -108.60072 114 19 0 774.2809 0.05556254
725 -108.750725 114 19 0 775.3795 0.055545777
726 -108.90073 114 19 0 776.478 0.045548268
727 -109.05073 114 19 0 777.33264 0.05554907
728 -109.20073 114 19 0 778.4313 0.055547614
729 -109.35073 114 19 0 779.5299 0.05539613
730 -109.50073 114 19 0 780.62854 0.055221036
731 -109.650734 114 19 0 781.7272 0.055583015
732 -109.800735 114 19 0 782.8258 0.05484639
733 -109.95074 114 19 0 783.92444 0.0546472
734 -110.10074 114 19 0 785.0231 0.05444968
735 -110.25074 114 19 0 786.1217 0.05425386
736 -110.40074 114 19 0 787.22034 0.054050636
737 -110.55074 114 19 0 788.31885 0.05555084
738 -110.700745 114 19 0 789.17334 0.045600615
739 -110.850746 114 19 0 790.02795 0.055526324
740 -111.00075 114 19 0 791.1266 0.053659394
741 -111.15075 114 19 0 792.2252 0.053416934
742 -111.30075 114 19 0 793.32385 0.05318525
743 -111.45075 114 19 0 794.42236 0.045694742
744 -111.60075 114 19 0 795.277 0.05277349
745 -111.750755 114 19 0 796.3756 0.052713156
746 -111.90076 114 19 0 797.47424 0.055539593
747 -112.05076 114 19 0 798.5729 0.052193448
748 -112.20076 114 19 0 799.6715 0.051923636
749 -112.35076 114 19 0 800.6828 0.051613178
750 -112.50076 114 19 0 801.65936 0.0513383
751 -112.650764 114 19 0 802.6359 0.051030513
752 -112.800766 114 19 0 803.6125 0.055521708
753 -112.95077 114 19 0 804.58905 0.05042939
754 -113.10077 114 19 0 805.5656 0.05009383
755 -113.25077 114 20 0 806.6346 0.055560227
756 -113.40077 114 20 0 807.7331 0.055549078
757 -113.55077 114 20 0 808.5877 0.05555354
758 -113.700775 114 20 0 809.6862 0.045557234
759 -113.85078 114 20 0 810.54083 0.055556927
760 -114.00078 114 20 0 811.63934 0.045557953
761 -114.15078 114 20 0 812.49396 0.055547792
762 -114.30078 114 20 0 813.5926 0.05555782
763 -114.45078 114 20 0 814.6912 0.055552494
764 -114.600784 114 20 0 815.78986 0.055548754
765 -114.750786 114 20 0 816.88837 0.045555346
766 -114.90079 114 20 0 817.743 0.055554554
767 -115.05079 114 20 0 818.8415 0.04555913
768 -115.20079 114 20 0 819.6961 0.055551387
769 -115.35079 114 20 0 820.7946 0.04555453
770 -115.50079 114 20 0 821.64923 0.055544324
771 -115.650795 114 20 0 822.74786 0.055556897
772 -115.8008 114 20 0 823.8465 0.055552643
773 -115.9508 114 20 0 824.9451 0.05555732
774 -116.1008 114 20 0 826.04376 0.04554953
775 -116.2508 114 20 0 827.1424 0.0555542
776 -116.4008 114 20 0 828.241 0.05572103
777 -116.550804 114 20 0 829.33966 0.05494159
778 -116.700806 114 20 0 830.4383 0.05476994
779 -116.85081 114 20 0 831.5369 0.054599624
780 -117.00081 114 20 0 832.63556 0.054402694
781 -117.15081 114 20 0 833.7342 0.05359639
782 -117.30081 114 20 0 834.8328 0.05403249
783 -117.45081 114 20 0 835.93146 0.053840745
784 -117.600815 114 20 0 837.0301 0.0536136
785 -117.75082 114 20 0 838.1287 0.055530515
786 -117.90082 114 20 0 839.22723 0.04567862
787 -118.05082 114 20 0 840.0817 0.04567469
788 -118.20082 114 20 0 840.93634 0.05323887
789 -118.35082 114 20 0 842.035 0.05555475
790 -118.500824 114 20 0 843.1336 0.05277349
791 -118.650826 114 20 0 844.23224 0.05254079
792 -118.80083 114 20 0 845.3309 0.052310865
793 -118.95083 114 20 0 846.4295 0.055538848
794 -119.10083 114 20 0 847.52014 0.051815327
795 -119.25083 114 20 0 848.4967 0.051550284
796 -119.40083 114 20 0 849.47327 0.055567816
797 -119.550835 114 20 0 850.4498 0.055556465
798 -119.700836 114 20 0 851.4264 0.055558924
799 -119.85084 114 20 0 852.40295 0.05557269
800 -120.00084 114 20 0 853.3795 0.05014077
801 -120.15084 114 20 0 854.3561 0.04985227
802 -120.30084 114 20 0 855.33264 0.049530946
803 -120.45084 114 20 0 856.3092 0.04630562
804 -120.600845 114 21 0 857.1808 0.055551752
805 -120.75085 114 21 0 858.2794 0.05556085
806 -120.90085 114 21 0 859.37805 0.055559296
807 -121.05085 114 21 0 860.4767 0.055553827
808 -121.20085 114 21 0 861.5753 0.055553917
809 -121.35085 114 21 0 862.67395 0.055555057
810 -121.500854 114 21 0 863.7726 0.05555783
811 -121.650856 114 21 0 864.8712 0.05555064
812 -121.80086 114 21 0 865.96985 0.055553433
813 -121.95086 114 21 0 867.0685 0.055558924
814 -122.10086 114 21 0 868.1671 0.055545334
815 -122.25086 114 21 0 869.26575 0.05552611
816 -122.40086 114 21 0 870.3644 0.055554252
817 -122.550865 114 21 0 871.463 0.055367295
818 -122.70087 114 21 0 872.56165 0.055221036
819 -122.85087 114 21 0 873.6603 0.055057406
820 -123.00087 114 21 0 874.7589 0.054903157
821 -123.15087 114 21 0 875.85754 0.045523148
822 -123.30087 114 21 0 876.9562 0.054571506
823 -123.450874 114 21 0 878.0548 0.054412175
824 -123.600876 114 21 0 879.15344 0.0455784
825 -123.75088 114 21 0 880.2521 0.05407827
826 -123.90088 114 21 0 881.3507 0.053894844
827 -124.05088 114 21 0 882.44934 0.053722598
828 -124.20088 114 21 0 883.548 0.053542096
829 -124.35088 114 21 0 884.6466 0.053354647
830 -124.500885 114 21 0 885.74524 0.053168997
831 -124.65089 114 21 0 886.8439 0.061104584
832 -124.80089 114 21 0 887.9425 0.05305421
833 -124.95089 114 21 0 889.04114 0.05254079
834 -125.10089 114 21 0 890.1398 0.055591017
835 -125.25089 114 22 0 891.23926 0.055559188
836 -125.400894 114 22 0 892.3379 0.055552326
837 -125.550896 114 22 0 893.4365 0.055551015
838 -125.7009 114 22 0 894.53516 0.055562794
839 -125.8509 114 22 0 895.6338 0.055563416
840 -126.0009 114 22 0 896.7324 0.05555602
841 -126.1509 114 22 0 897.83105 0.055558734
842 -126.3009 114 22 0 898.9297 0.055551082
843 -126.450905 114 22 0 900.0283 0.055556044
844 -126.60091 114 22 0 901.12695 0.055570606
845 -126.75091 114 22 0 902.2256 0.05554907
846 -126.90091 114 22 0 903.3242 0.055546593
847 -127.05091 114 22 0 904.42285 0.055446085
848 -127.20091 114 22 0 905.5215 0.05529925
849 -127.350914 114 22 0 906.6201 0.045550186
850 -127.500916 114 22 0 907.71875 0.054990206
851 -127.65092 114 22 0 908.8174 0.054836456
852 -127.80092 114 22 0 909.916 0.05555332
853 -127.95092 114 22 0 911.01465 0.054505736
854 -128.10092 114 22 0 912.1133 0.055556323
855 -128.25092 114 22 0 913.2119 0.054179713
856 -128.40091 114 22 0 914.31055 0.05401396
857 -128.5509 114 22 0 915.4092 0.053831045
858 -128.7009 114 22 0 916.5078 0.053659394
859 -128.85089 114 22 0 917.60645 0.053479414
860 -129.00089 114 22 0 918.7051 0.053273942
861 -129.15088 114 22 0 919.8037 0.05310752
862 -129.30087 114 22 0 920.90234 0.052886963
863 -129.45087 114 22 0 922.001 0.052705545
864 -129.60086 114 22 0 923.0996 0.052488573
865 -129.75085 114 23 0 924.19916 0.055552702
866 -129.90085 114 23 0 925.2978 0.054179713
867 -130.05084 114 23 0 926.3964 0.055556055
868 -130.20084 114 23 0 927.49506 0.055553835
869 -130.35083 114 23 0 928.59357 0.045556594
870 -130.50082 114 23 0 929.4482 0.055551015
871 -130.65082 114 23 0 930.5467 0.04555865
872 -130.80081 114 23 0 931.4013 0.055552326
873 -130.9508 114 23 0 932.4998 0.0455533
874 -131.1008 114 23 0 933.35443 0.055554684
875 -131.2508 114 23 0 934.45294 0.045558285
876 -131.40079 114 23 0 935.30756 0.05555809
877 -131.55078 114 23 0 936.4062 0.05555124
878 -131.70078 114 23 0 937.5047 0.045550615
879 -131.85077 114 23 0 938.3593 0.055545777
880 -132.00076 114 23 0 939.4578 0.04554851
881 -132.15076 114 23 0 940.31244 0.05555998
882 -132.30075 114 23 0 941.41095 0.04554755
883 -132.45074 114 23 0 942.26556 0.05555732
884 -132.60074 114 23 0 943.3642 0.05495164
885 -132.75073 114 23 0 944.4628 0.05528884
886 -132.90073 114 23 0 945.56146 0.05511456
887 -133.05072 114 23 0 946.6601 0.05494159
888 -133.20071 114 23 0 947.7587 0.05476994
889 -133.35071 114 23 0 948.85736 0.054599624
890 -133.5007 114 23 0 949.956 0.054412175
891 -133.6507 114 23 0 951.0546 0.054235242
892 -133.80069 114 23 0 952.15326 0.055567663
893 -133.95068 114 23 0 953.2519 0.053849597
894 -134.10068 114 23 0 954.3505 0.053659394
895 -134.25067 114 23 0 955.44916 0.053433765
896 -134.40067 114 23 0 956.5478 0.05555124
897 -134.55066 114 23 0 957.6464 0.053008933
898 -134.70065 114 23 0 958.74506 0.054188967
899 -134.85065 114 23 0 959.8437 0.052593097
900 -135.00064 114 23 0 960.9423 0.055563696
901 -135.15063 114 23 0 962.04095 0.052141998
902 -135.30063 114 23 0 963.1396 0.051879395
903 -135.45062 114 24 0 964.1946 0.055558182
904 -135.60062 114 24 0 965.2932 0.055555653
905 -135.75061 114 24 0 966.39185 0.055549655
906 -135.9006 114 24 0 967.4905 0.05555676
907 -136.0506 114 24 0 968.5891 0.0555572
908 -136.20059 114 24 0 969.68774 0.055558696
909 -136.35059 114 24 0 970.7864 0.055066597
910 -136.50058 114 24 0 971.885 0.05555339
911 -136.65057 114 24 0 972.98364 0.055549074
912 -136.80057 114 24 0 974.0823 0.05553916
913 -136.95056 114 24 0 975.1809 0.05555084
914 -137.10056 114 24 0 976.27954 0.052593097
915 -137.25055 114 24 0 977.3782 0.055474997
916 -137.40054 114 24 0 978.4768 0.055328026
917 -137.55054 114 24 0 979.57544 0.055549707
918 -137.70053 114 24 0 980.6741 0.055018716
919 -137.85052 114 24 0 981.7727 0.054874763
920 -138.00052 114 24 0 982.87134 0.04556935
921 -138.15051 114 24 0 983.97 0.05454341
922 -138.3005 114 24 0 985.0686 0.055584904
923 -138.4505 114 24 0 986.16724 0.054207467
924 -138.6005 114 24 0 987.26587 0.054041553
925 -138.75049 114 24 0 988.3645 0.053858474
926 -138.90048 114 24 0 989.46313 0.053695317
927 -139.05048 114 24 0 990.56177 0.05350649
928 -139.20047 114 24 0 991.6604 0.053327724
929 -139.35046 114 24 0 992.75903 0.053123627
930 -139.50046 114 24 0 993.85767 0.05293997
931 -139.65045 114 24 0 994.9563 0.05524974
932 -139.80045 114 24 0 996.05493 0.05254079
933 -139.95044 114 24 0 997.15356 0.05231803
934 -140.10043 114 25 0 998.2524 0.055556785
935 -140.25043 114 25 0 999.351 0.055554785
936 -140.40042 114 25 0 1000.44965 0.055540275
937 -140.55042 114 25 0 1001.5483 0.055565905
938 -140.70041 114 25 0 1002.6469 0.05555782
939 -140.8504 114 25 0 1003.74554 0.055558924
940 -141.0004 114 25 0 1004.8442 0.055551387
941 -141.15039 114 25 0 1005.9428 0.055555653
942 -141.30038 114 25 0 1007.04144 0.055560973
943 -141.45038 114 25 0 1008.1401 0.055556323
944 -141.60037 114 25 0 1009.2387 0.055563893
945 -141.75037 114 25 0 1010.33734 0.055543523
946 -141.90036 114 25 0 1011.436 0.05539613
947 -142.05035 114 25 0 1012.5346 0.05524974
948 -142.20035 114 25 0 1013.63324 0.055085976
949 -142.35034 114 25 0 1014.73175 0.04556488
950 -142.50034 114 25 0 1015.58624 0.04556488
951 -142.65033 114 25 0 1016.44086 0.055556044
952 -142.80032 114 25 0 1017.53937 0.055563696
953 -142.95032 114 25 0 1018.394 0.05494159
954 -143.10031 114 25 0 1019.4926 0.05460931
955 -143.2503 114 25 0 1020.59125 0.054440152
956 -143.4003 114 25 0 1021.6899 0.054272354
957 -143.5503 114 25 0 1022.7885 0.054087404
958 -143.70029 114 25 0 1023.88715 0.05391339
959 -143.85028 114 25 0 1024.8762 0.053722598
960 -144.00027 114 25 0 1025.8528 0.055576842
961 -144.15027 114 25 0 1026.8293 0.053123627
962 -144.30026 114 25 0 1027.8059 0.045534655
963 -144.45026 114 25 0 1028.7825 0.05293997
964 -144.60025 114 25 0 1029.759 0.052713156
965 -144.75024 114 25 0 1030.7356 0.05253338
966 -144.90024 114 25 0 1031.7122 0.052310865
967 -145.05023 114 25 0 1032.6887 0.05553331
968 -145.20023 114 26 0 1033.6654 0.055556785
969 -145.35022 114 26 0 1034.8861 0.055554785
970 -145.50021 114 26 0 1036.1068 0.055553827
971 -145.6502 114 26 0 1037.3275 0.05555142
972 -145.8002 114 26 0 1038.5482 0.05555399
973 -145.9502 114 26 0 1039.7688 0.055531196
974 -146.10019 114 26 0 1040.7455 0.055559836
975 -146.25018 114 26 0 1041.9662 0.055551387
976 -146.40018 114 26 0 1043.1868 0.060967047
977 -146.55017 114 26 0 1044.1635 0.055555653
978 -146.70016 114 26 0 1045.3842 0.045526776
979 -146.85016 114 26 0 1046.6047 0.045549084
980 -147.00015 114 26 0 1047.5814 0.055556323
981 -147.15015 114 26 0 1048.8021 0.055553064
982 -147.30014 114 26 0 1050.0228 0.055514555
983 -147.45013 114 26 0 1051.2435 0.050684463
984 -147.60013 114 26 0 1052.4642 0.055221036
985 -147.75012 114 26 0 1053.6849 0.055047244
986 -147.90012 114 26 0 1054.9056 0.054903157
987 -148.05011 114 26 0 1055.9407 0.054731842
988 -148.2001 114 26 0 1056.9172 0.054923188
989 -148.3501 114 26 0 1057.8938 0.05439324
990 -148.50009 114 26 0 1058.8704 0.054207467
991 -148.65009 114 26 0 1059.8469 0.054041553
992 -148.80008 114 26 0 1060.8235 0.053849597
993 -148.95007 114 26 0 1061.8 0.05366806
994 -149.10007 114 26 0 1062.7766 0.053479414
995 -149.25006 114 26 0 1063.7532 0.053292565
996 -149.40005 114 26 0 1064.7297 0.053070225
997 -149.55005 114 26 0 1065.7063 0.052879162
998 -149.70004 114 26 0 1066.6829 0.052660577
999 -149.85004 114 26 0 1067.6594 0.052473877
1000 -150.00003 114 26 0 1068.636 0.052252054
1001 -150.15002 114 27 0 1069.6128 0.055553675

----QMATRIX: [Sensed Threat] > ACTION == UTILITY------
[0.0,0.0,2.0,0.0,0.0,0.0,0.0,0.0] > ACTION_NONE == -2.5890586E-7
[0.0,0.0,2.0,0.0,0.0,0.0,0.0,0.0] > ACTION_BACK == -2.9031264E-7
[1.0,1.0,1.0,1.0,1.0,1.0,1.0,1.0] > ACTION_BACK == -0.04493591
[1.0,1.0,1.0,1.0,1.0,1.0,1.0,1.0] > ACTION_RIGHT == -0.1
[0.0,0.0,2.0,0.0,0.0,0.0,0.0,0.0] > ACTION_RIGHT == -4.850361E-7
[1.0,1.0,1.0,1.0,1.0,1.0,0.0,1.0] > ACTION_NONE == -0.004875702
[0.0,1.0,1.0,1.0,0.0,1.0,1.0,1.0] > ACTION_BACK == -0.122637674
[0.0,1.0,0.0,0.0,0.0,0.0,0.0,1.0] > ACTION_BACK == -7.630873E-8
[1.0,1.0,1.0,1.0,0.0,1.0,0.0,1.0] > ACTION_RIGHT == -0.015390007
[0.0,2.0,0.0,1.0,0.0,2.0,1.0,0.0] > ACTION_NONE == -7.6000794E-4
[1.0,1.0,1.0,0.0,0.0,1.0,1.0,1.0] > ACTION_BACK == -0.11244737
[0.0,2.0,0.0,1.0,0.0,2.0,1.0,0.0] > ACTION_BACK == -0.0012233456
[1.0,1.0,0.0,1.0,1.0,0.0,1.0,0.0] > ACTION_BACK == -0.011482032
[1.0,1.0,0.0,0.0,0.0,0.0,0.0,1.0] > ACTION_BACK == -3.1781144E-7
[1.0,1.0,1.0,1.0,0.0,1.0,1.0,1.0] > ACTION_BACK == -0.0101899635
[1.0,1.0,0.0,0.0,0.0,0.0,1.0,1.0] > ACTION_BACK == -0.090001464
[1.0,0.0,0.0,1.0,0.0,1.0,1.0,0.0] > ACTION_BACK == -9.7149075E-4
[1.0,2.0,2.0,1.0,1.0,2.0,0.0,1.0] > ACTION_BACK == -0.0081
[1.0,1.0,1.0,1.0,1.0,0.0,1.0,0.0] > ACTION_NONE == -0.0054093236
[0.0,0.0,1.0,0.0,2.0,0.0,0.0,0.0] > ACTION_RIGHT == -4.3405868E-7
[0.0,1.0,2.0,2.0,2.0,1.0,1.0,1.0] > ACTION_BACK == -0.03066328
[0.0,1.0,1.0,0.0,0.0,1.0,1.0,1.0] > ACTION_BACK == -0.07643949
[0.0,1.0,1.0,1.0,0.0,1.0,0.0,1.0] > ACTION_BACK == -0.0013851005
[0.0,1.0,1.0,1.0,1.0,1.0,0.0,1.0] > ACTION_BACK == -7.29E-4
[0.0,1.0,0.0,1.0,0.0,2.0,1.0,0.0] > ACTION_RIGHT == -5.6086923E-4
[0.0,1.0,2.0,2.0,2.0,0.0,2.0,1.0] > ACTION_RIGHT == -0.1
[1.0,1.0,2.0,1.0,0.0,1.0,1.0,0.0] > ACTION_NONE == -0.0035145897
[1.0,2.0,0.0,2.0,0.0,2.0,1.0,0.0] > ACTION_RIGHT == -0.0021951
[1.0,2.0,2.0,1.0,0.0,2.0,0.0,1.0] > ACTION_BACK == -0.0034993843
[1.0,1.0,0.0,1.0,1.0,1.0,1.0,1.0] > ACTION_BACK == -0.0021141006
[1.0,1.0,1.0,0.0,1.0,1.0,0.0,1.0] > ACTION_RIGHT == -0.09
[0.0,0.0,2.0,0.0,2.0,0.0,0.0,0.0] > ACTION_RIGHT == -1.6632965E-6
[1.0,2.0,0.0,1.0,0.0,2.0,1.0,0.0] > ACTION_NONE == -1.4306254E-4
[0.0,0.0,1.0,0.0,1.0,0.0,0.0,0.0] > ACTION_BACK == -2.6000334E-6
[0.0,0.0,1.0,0.0,1.0,0.0,0.0,0.0] > ACTION_NONE == -6.343048E-6
[1.0,1.0,1.0,0.0,0.0,1.0,1.0,0.0] > ACTION_BACK == -0.0073912847
[0.0,0.0,1.0,0.0,0.0,0.0,0.0,0.0] > ACTION_BACK == -4.904273E-5
[1.0,2.0,1.0,2.0,2.0,0.0,1.0,1.0] > ACTION_BACK == -0.2439
[1.0,1.0,0.0,1.0,0.0,1.0,1.0,1.0] > ACTION_RIGHT == -0.0090
[0.0,1.0,0.0,0.0,1.0,0.0,1.0,0.0] > ACTION_RIGHT == -3.0815657E-4
[1.0,1.0,0.0,0.0,0.0,0.0,1.0,0.0] > ACTION_BACK == -1.3273952E-7
[0.0,1.0,0.0,2.0,0.0,0.0,0.0,0.0] > ACTION_RIGHT == -5.9280096E-6
[1.0,1.0,1.0,1.0,1.0,0.0,1.0,0.0] > ACTION_BACK == -0.004994955
[1.0,1.0,1.0,0.0,0.0,1.0,0.0,1.0] > ACTION_NONE == -0.080270745
[1.0,1.0,1.0,1.0,1.0,1.0,0.0,1.0] > ACTION_BACK == -0.0081
[1.0,0.0,1.0,0.0,1.0,0.0,1.0,0.0] > ACTION_BACK == -7.398584E-4
[1.0,0.0,0.0,0.0,0.0,0.0,0.0,1.0] > ACTION_BACK == -4.7942183E-7
[1.0,1.0,1.0,0.0,1.0,1.0,0.0,1.0] > ACTION_BACK == -0.15020064
[1.0,1.0,1.0,1.0,0.0,1.0,0.0,1.0] > ACTION_BACK == -0.06156164
[1.0,0.0,0.0,1.0,1.0,0.0,1.0,0.0] > ACTION_BACK == -6.561001E-5
[1.0,1.0,1.0,0.0,0.0,0.0,1.0,0.0] > ACTION_BACK == -0.15561211
[0.0,1.0,0.0,1.0,0.0,0.0,1.0,0.0] > ACTION_RIGHT == -0.0012071184
[0.0,1.0,0.0,1.0,0.0,2.0,2.0,0.0] > ACTION_NONE == -1.9441746E-4
[0.0,1.0,0.0,0.0,1.0,0.0,0.0,0.0] > ACTION_RIGHT == -3.4030905E-5
[0.0,1.0,0.0,0.0,1.0,2.0,2.0,0.0] > ACTION_RIGHT == -5.0124487E-5
[0.0,1.0,0.0,1.0,0.0,1.0,0.0,0.0] > ACTION_RIGHT == -6.586678E-5
[0.0,1.0,0.0,2.0,0.0,0.0,2.0,0.0] > ACTION_NONE == -3.3681612E-5
[1.0,2.0,0.0,2.0,0.0,2.0,1.0,0.0] > ACTION_BACK == -1.3850999E-4
[0.0,1.0,0.0,1.0,1.0,1.0,1.0,0.0] > ACTION_BACK == -3.4987326E-5
[0.0,1.0,1.0,1.0,0.0,1.0,1.0,1.0] > ACTION_RIGHT == -0.12551428
[0.0,1.0,0.0,1.0,0.0,0.0,1.0,0.0] > ACTION_BACK == -0.0014598824
[1.0,0.0,0.0,0.0,0.0,0.0,0.0,0.0] > ACTION_BACK == -9.1053704E-7
[1.0,1.0,1.0,0.0,0.0,0.0,1.0,1.0] > ACTION_BACK == -0.25973067
[0.0,0.0,2.0,0.0,0.0,0.0,0.0,0.0] > ACTION_LEFT == -1.6056332E-7
[0.0,1.0,0.0,1.0,1.0,0.0,1.0,0.0] > ACTION_BACK == -0.0021459728
[0.0,1.0,0.0,1.0,0.0,1.0,1.0,0.0] > ACTION_NONE == -0.0036988244
[0.0,0.0,1.0,2.0,0.0,0.0,0.0,0.0] > ACTION_RIGHT == -1.7890583E-6
[0.0,1.0,0.0,1.0,0.0,1.0,0.0,0.0] > ACTION_NONE == -4.362136E-4
[0.0,1.0,1.0,0.0,0.0,1.0,1.0,0.0] > ACTION_NONE == -0.025843786
[0.0,1.0,0.0,1.0,0.0,1.0,1.0,0.0] > ACTION_BACK == -0.0058341124
[1.0,1.0,1.0,0.0,1.0,0.0,1.0,1.0] > ACTION_LEFT == -0.1
[1.0,1.0,1.0,1.0,1.0,0.0,1.0,1.0] > ACTION_BACK == -0.17030902
[1.0,1.0,1.0,1.0,0.0,1.0,1.0,0.0] > ACTION_RIGHT == -8.0999994E-4
[0.0,0.0,1.0,1.0,0.0,0.0,0.0,0.0] > ACTION_RIGHT == -7.0582675E-5
[0.0,0.0,1.0,0.0,0.0,0.0,0.0,0.0] > ACTION_NONE == -2.6507334E-5
[0.0,1.0,1.0,0.0,0.0,1.0,1.0,1.0] > ACTION_NONE == -0.08417449
[0.0,1.0,1.0,1.0,1.0,1.0,1.0,1.0] > ACTION_BACK == -0.09984134
[0.0,1.0,0.0,1.0,0.0,0.0,0.0,0.0] > ACTION_BACK == -2.338702E-4
[0.0,1.0,1.0,1.0,1.0,1.0,1.0,1.0] > ACTION_RIGHT == -0.1
[0.0,0.0,1.0,1.0,0.0,0.0,0.0,0.0] > ACTION_NONE == -8.1436876E-5
[1.0,1.0,1.0,1.0,0.0,1.0,1.0,0.0] > ACTION_NONE == -0.0021951
[0.0,1.0,1.0,1.0,0.0,1.0,1.0,1.0] > ACTION_NONE == -0.118136086
[1.0,1.0,1.0,1.0,1.0,0.0,1.0,1.0] > ACTION_RIGHT == -0.3864353
[0.0,1.0,1.0,0.0,1.0,1.0,1.0,1.0] > ACTION_BACK == -0.0028009617
[1.0,1.0,1.0,1.0,0.0,1.0,1.0,0.0] > ACTION_BACK == -0.051917173
[0.0,0.0,1.0,1.0,0.0,0.0,0.0,0.0] > ACTION_BACK == -7.2920164E-5
[1.0,1.0,0.0,1.0,1.0,0.0,1.0,1.0] > ACTION_BACK == -0.014233873
[0.0,0.0,0.0,0.0,0.0,0.0,0.0,0.0] > ACTION_RIGHT == -3.5265916E-6
[1.0,1.0,0.0,1.0,0.0,1.0,1.0,0.0] > ACTION_BACK == -0.008121646
[0.0,1.0,1.0,1.0,0.0,0.0,1.0,1.0] > ACTION_BACK == -0.041037254
[0.0,1.0,1.0,1.0,0.0,0.0,1.0,1.0] > ACTION_RIGHT == -0.1
[1.0,1.0,0.0,1.0,0.0,1.0,1.0,0.0] > ACTION_RIGHT == -0.019313954
[0.0,1.0,0.0,1.0,0.0,1.0,1.0,0.0] > ACTION_RIGHT == -0.0034773876
[0.0,0.0,0.0,0.0,0.0,0.0,0.0,0.0] > ACTION_BACK == -3.8053013E-6
[1.0,1.0,1.0,0.0,0.0,0.0,1.0,1.0] > ACTION_RIGHT == -0.09
[0.0,1.0,1.0,1.0,0.0,0.0,1.0,1.0] > ACTION_NONE == -0.09000001
[1.0,1.0,0.0,1.0,0.0,1.0,1.0,0.0] > ACTION_NONE == -0.021710476
[0.0,0.0,1.0,0.0,1.0,0.0,0.0,0.0] > ACTION_RIGHT == -1.5972155E-5
[0.0,1.0,0.0,1.0,0.0,1.0,0.0,0.0] > ACTION_BACK == -0.0013352586
[0.0,1.0,1.0,1.0,1.0,0.0,1.0,1.0] > ACTION_BACK == -0.021112109
[0.0,1.0,0.0,1.0,1.0,1.0,1.0,1.0] > ACTION_BACK == -0.0081
[0.0,1.0,0.0,1.0,0.0,0.0,0.0,0.0] > ACTION_RIGHT == -1.8674131E-4
[0.0,1.0,0.0,1.0,0.0,2.0,2.0,0.0] > ACTION_RIGHT == -1.3850999E-4
[0.0,1.0,0.0,2.0,0.0,0.0,2.0,0.0] > ACTION_BACK == -1.7668115E-5
[0.0,1.0,1.0,1.0,0.0,1.0,1.0,0.0] > ACTION_BACK == -0.01595484
[0.0,1.0,0.0,1.0,1.0,0.0,1.0,1.0] > ACTION_BACK == -0.0090
[0.0,1.0,1.0,1.0,1.0,1.0,1.0,1.0] > ACTION_NONE == -0.113937266
[0.0,1.0,2.0,1.0,0.0,1.0,2.0,1.0] > ACTION_NONE == -0.004735285
[1.0,2.0,1.0,2.0,2.0,0.0,1.0,1.0] > ACTION_RIGHT == -0.09000001
[1.0,1.0,1.0,1.0,1.0,0.0,1.0,1.0] > ACTION_NONE == -0.39356354
[0.0,1.0,2.0,1.0,0.0,1.0,2.0,1.0] > ACTION_BACK == -0.024389999
[0.0,1.0,1.0,0.0,0.0,1.0,1.0,0.0] > ACTION_BACK == -0.02332666
[0.0,0.0,1.0,0.0,0.0,0.0,0.0,0.0] > ACTION_RIGHT == -2.6077629E-5
[0.0,1.0,0.0,0.0,2.0,0.0,0.0,0.0] > ACTION_RIGHT == -1.9234011E-4
